#HEADER matrix_dim:2048 threads:4 block_size:16 block_offset:12 precision:Float
#BEGIN Y:2024 M:06 D:10 Time:02:06:23
#IT 0 KerTime:2.5884571 AccTime:2.5884571
#IT 1 KerTime:2.5611159 AccTime:5.1495730
#IT 2 KerTime:2.6043532 AccTime:7.7539261
#IT 3 KerTime:2.5563153 AccTime:10.3102414
#IT 4 KerTime:2.5326585 AccTime:12.8428999
#IT 5 KerTime:2.5346473 AccTime:15.3775473
#IT 6 KerTime:2.5821845 AccTime:17.9597317
#IT 7 KerTime:2.6283735 AccTime:20.5881052
#IT 8 KerTime:2.5971985 AccTime:23.1853037
#IT 9 KerTime:2.6047524 AccTime:25.7900561
#IT 10 KerTime:2.6469748 AccTime:28.4370309
#IT 11 KerTime:2.5857718 AccTime:31.0228027
#IT 12 KerTime:2.5598633 AccTime:33.5826660
#IT 13 KerTime:2.5594596 AccTime:36.1421256
#IT 14 KerTime:2.5362572 AccTime:38.6783827
#IT 15 KerTime:2.5317952 AccTime:41.2101779
#IT 16 KerTime:2.6208419 AccTime:43.8310199
#IT 17 KerTime:2.5963507 AccTime:46.4273706
#IT 18 KerTime:2.6280663 AccTime:49.0554369
#IT 19 KerTime:2.5780382 AccTime:51.6334750
#IT 20 KerTime:2.5999766 AccTime:54.2334517
#IT 21 KerTime:2.5619547 AccTime:56.7954063
#IT 22 KerTime:2.5752913 AccTime:59.3706977
#IT 23 KerTime:2.5574982 AccTime:61.9281958
#IT 24 KerTime:2.5528055 AccTime:64.4810013
#IT 25 KerTime:2.5340765 AccTime:67.0150778
#IT 26 KerTime:2.6378382 AccTime:69.6529160
#IT 27 KerTime:2.7238955 AccTime:72.3768115
#IT 28 KerTime:2.6286584 AccTime:75.0054699
#IT 29 KerTime:2.6225010 AccTime:77.6279709
#IT 30 KerTime:2.5757611 AccTime:80.2037320
#IT 31 KerTime:2.5771616 AccTime:82.7808936
#IT 32 KerTime:2.5880842 AccTime:85.3689778
#IT 33 KerTime:2.5894806 AccTime:87.9584584
#IT 34 KerTime:2.5684684 AccTime:90.5269268
#IT 35 KerTime:2.5570952 AccTime:93.0840220
#IT 36 KerTime:2.5348017 AccTime:95.6188237
#IT 37 KerTime:2.6397703 AccTime:98.2585940
#IT 38 KerTime:2.6345519 AccTime:100.8931459
#IT 39 KerTime:2.5908813 AccTime:103.4840272
#IT 40 KerTime:2.5851101 AccTime:106.0691373
#IT 41 KerTime:2.5642935 AccTime:108.6334308
#IT 42 KerTime:2.5769172 AccTime:111.2103480
#IT 43 KerTime:2.5782399 AccTime:113.7885879
#IT 44 KerTime:2.5673600 AccTime:116.3559479
#IT 45 KerTime:2.5589547 AccTime:118.9149026
#IT 46 KerTime:2.5424990 AccTime:121.4574016
#IT 47 KerTime:2.6408314 AccTime:124.0982329
#IT 48 KerTime:2.6510538 AccTime:126.7492868
#IT 49 KerTime:2.6279983 AccTime:129.3772850
#IT 50 KerTime:2.6550309 AccTime:132.0323159
#IT 51 KerTime:2.5666178 AccTime:134.5989337
#IT 52 KerTime:2.5935520 AccTime:137.1924857
#IT 53 KerTime:2.5885114 AccTime:139.7809971
#IT 54 KerTime:2.5901050 AccTime:142.3711021
#IT 55 KerTime:2.5650519 AccTime:144.9361540
#IT 56 KerTime:2.5550726 AccTime:147.4912266
#IT 57 KerTime:2.5312962 AccTime:150.0225228
#IT 58 KerTime:2.6405646 AccTime:152.6630874
#IT 59 KerTime:2.5692690 AccTime:155.2323564
#IT 60 KerTime:2.6043352 AccTime:157.8366916
#IT 61 KerTime:2.6119184 AccTime:160.4486100
#IT 62 KerTime:2.6023480 AccTime:163.0509581
#IT 63 KerTime:2.5860889 AccTime:165.6370470
#IT 64 KerTime:2.5850787 AccTime:168.2221257
#IT 65 KerTime:2.5690226 AccTime:170.7911483
#IT 66 KerTime:2.5584627 AccTime:173.3496109
#IT 67 KerTime:2.5339515 AccTime:175.8835625
#IT 68 KerTime:2.5316826 AccTime:178.4152450
#IT 69 KerTime:2.5957943 AccTime:181.0110393
#IT 70 KerTime:2.5868650 AccTime:183.5979043
#IT 71 KerTime:2.6120334 AccTime:186.2099377
#IT 72 KerTime:2.5813354 AccTime:188.7912731
#IT 73 KerTime:2.5928062 AccTime:191.3840793
#IT 74 KerTime:2.5846788 AccTime:193.9687581
#IT 75 KerTime:2.5712307 AccTime:196.5399888
#IT 76 KerTime:2.5740454 AccTime:199.1140342
#IT 77 KerTime:2.5315234 AccTime:201.6455576
#IT 78 KerTime:2.5346922 AccTime:204.1802498
#IT 79 KerTime:2.6379889 AccTime:206.8182387
#IT 80 KerTime:2.5822791 AccTime:209.4005178
#IT 81 KerTime:2.5654648 AccTime:211.9659826
#IT 82 KerTime:2.6074039 AccTime:214.5733865
#IT 83 KerTime:2.5802025 AccTime:217.1535890
#IT 84 KerTime:2.5856123 AccTime:219.7392013
#IT 85 KerTime:2.5840865 AccTime:222.3232878
#IT 86 KerTime:2.5627160 AccTime:224.8860037
#IT 87 KerTime:2.5504750 AccTime:227.4364787
#IT 88 KerTime:2.5330677 AccTime:229.9695465
#IT 89 KerTime:2.6298984 AccTime:232.5994448
#IT 90 KerTime:2.6451412 AccTime:235.2445861
#IT 91 KerTime:2.5737029 AccTime:237.8182889
#IT 92 KerTime:2.6014300 AccTime:240.4197189
#IT 93 KerTime:2.6005768 AccTime:243.0202958
#IT 94 KerTime:2.5940829 AccTime:245.6143787
#IT 95 KerTime:2.5795526 AccTime:248.1939313
#IT 96 KerTime:2.5683996 AccTime:250.7623309
#IT 97 KerTime:2.5545789 AccTime:253.3169098
#IT 98 KerTime:2.5502933 AccTime:255.8672031
#IT 99 KerTime:2.6103436 AccTime:258.4775467
#IT 100 KerTime:2.5745079 AccTime:261.0520547
#IT 101 KerTime:2.6338118 AccTime:263.6858664
#IT 102 KerTime:2.5685517 AccTime:266.2544181
#IT 103 KerTime:2.5832130 AccTime:268.8376311
#IT 104 KerTime:2.5932973 AccTime:271.4309283
#IT 105 KerTime:2.5841386 AccTime:274.0150669
#IT 106 KerTime:2.5806010 AccTime:276.5956679
#IT 107 KerTime:2.5605674 AccTime:279.1562353
#IT 108 KerTime:2.5301099 AccTime:281.6863452
#IT 109 KerTime:2.5333549 AccTime:284.2197002
#IT 110 KerTime:2.6225516 AccTime:286.8422518
#IT 111 KerTime:2.6136830 AccTime:289.4559348
#IT 112 KerTime:2.6125133 AccTime:292.0684480
#IT 113 KerTime:2.6075106 AccTime:294.6759586
#IT 114 KerTime:2.6079646 AccTime:297.2839232
#IT 115 KerTime:2.5837206 AccTime:299.8676438
#IT 116 KerTime:2.5742445 AccTime:302.4418883
#IT 117 KerTime:2.5617380 AccTime:305.0036263
#IT 118 KerTime:2.5330229 AccTime:307.5366492
#IT 119 KerTime:2.5306938 AccTime:310.0673430
#IT 120 KerTime:2.6439933 AccTime:312.7113363
#IT 121 KerTime:2.6289053 AccTime:315.3402416
#IT 122 KerTime:2.5700540 AccTime:317.9102956
#IT 123 KerTime:2.5932699 AccTime:320.5035654
#IT 124 KerTime:2.5878336 AccTime:323.0913990
#IT 125 KerTime:2.6026719 AccTime:325.6940709
#IT 126 KerTime:2.5756035 AccTime:328.2696744
#IT 127 KerTime:2.5667714 AccTime:330.8364459
#IT 128 KerTime:2.5514218 AccTime:333.3878676
#IT 129 KerTime:2.6549640 AccTime:336.0428316
#IT 130 KerTime:2.5316838 AccTime:338.5745154
#IT 131 KerTime:2.6134259 AccTime:341.1879413
#IT 132 KerTime:2.6450028 AccTime:343.8329441
#IT 133 KerTime:2.5732669 AccTime:346.4062110
#IT 134 KerTime:2.6339890 AccTime:349.0401999
#IT 135 KerTime:2.6075493 AccTime:351.6477492
#IT 136 KerTime:2.5769051 AccTime:354.2246543
#IT 137 KerTime:2.5738009 AccTime:356.7984553
#IT 138 KerTime:2.5712921 AccTime:359.3697474
#IT 139 KerTime:2.5336018 AccTime:361.9033491
#IT 140 KerTime:2.5346816 AccTime:364.4380307
#IT 141 KerTime:2.6044805 AccTime:367.0425113
#IT 142 KerTime:2.6339458 AccTime:369.6764570
#IT 143 KerTime:2.6960928 AccTime:372.3725498
#IT 144 KerTime:2.6143947 AccTime:374.9869445
#IT 145 KerTime:2.6192746 AccTime:377.6062191
#IT 146 KerTime:2.5989326 AccTime:380.2051517
#IT 147 KerTime:2.6160654 AccTime:382.8212171
#IT 148 KerTime:2.5722846 AccTime:385.3935017
#IT 149 KerTime:2.5629597 AccTime:387.9564613
#IT 150 KerTime:2.5315702 AccTime:390.4880315
#IT 151 KerTime:2.5346868 AccTime:393.0227184
#IT 152 KerTime:2.7105014 AccTime:395.7332197
#ERR  p: [1008, 1280], r: -2.7437799590044233e+34, e: -2.6124186752037416e+34
#ERR  p: [1009, 1280], r: -1.8399367868434325e+34, e: -1.8742663496608632e+34
#ERR  p: [1010, 1280], r: -4.9244542947249838e+32, e: -1.0572011030347246e+33
#ERR  p: [1011, 1280], r: 4.5924663822515209e+34, e: 4.6382251026876500e+34
#ERR  p: [1008, 1281], r: 1.8606305639221387e+34, e: 1.9526144606011996e+34
#ERR  p: [1009, 1281], r: -6.0199241476791472e+33, e: -6.2603098203876609e+33
#ERR  p: [1010, 1281], r: 9.5461270249413529e+31, e: -2.9999619942022263e+32
#ERR  p: [1011, 1281], r: 1.4092729214265398e+34, e: 1.4413147710513711e+34
#ERR  p: [1008, 1282], r: 3.1445078345973130e+34, e: 3.1050338881526279e+34
#ERR  p: [1009, 1282], r: -2.2245032314294477e+34, e: -2.2141872294940747e+34
#ERR  p: [1010, 1282], r: -3.5033824429900112e+34, e: -3.4864120181674636e+34
#ERR  p: [1011, 1282], r: 3.3556662381543146e+34, e: 3.3419156953739483e+34
#ERR  p: [1008, 1283], r: 3.1953175979817343e+34, e: 3.1334978434759167e+34
#ERR  p: [1009, 1283], r: -2.4164124101395852e+34, e: -2.4002563022748795e+34
#ERR  p: [1010, 1283], r: -4.1812925210191333e+34, e: -4.1547144435516919e+34
#ERR  p: [1011, 1283], r: -3.8201693802360791e+33, e: -4.0355161682249969e+33
#ERR  p: [1008, 1284], r: 2.1750821891810967e+34, e: 2.2758326820423610e+34
#ERR  p: [1009, 1284], r: 5.2241168693046190e+34, e: 5.1977863798450347e+34
#ERR  p: [1010, 1284], r: -9.8879457906487928e+33, e: -1.0321094820694551e+34
#ERR  p: [1011, 1284], r: 2.5454275499778132e+34, e: 2.5805233976795616e+34
#ERR  p: [1008, 1285], r: -2.1685849846789113e+34, e: -2.1161777834677962e+34
#ERR  p: [1009, 1285], r: -1.2577622446794276e+33, e: -1.3947229788658049e+33
#ERR  p: [1010, 1285], r: -4.0609403617818204e+33, e: -4.2862504006919167e+33
#ERR  p: [1011, 1285], r: 9.6446286759272513e+33, e: 9.8271852176405878e+33
#ERR  p: [1008, 1286], r: -1.1968982417809403e+34, e: -1.2559333739623893e+34
#ERR  p: [1009, 1286], r: 7.8635938189170408e+33, e: 8.0178758101330992e+33
#ERR  p: [1010, 1286], r: -2.2816893763682201e+34, e: -2.2563086345067755e+34
#ERR  p: [1011, 1286], r: 4.6042669218820049e+34, e: 4.5837022619493961e+34
#ERR  p: [1008, 1287], r: -1.6653103652277543e+34, e: -1.6731039405390793e+34
#ERR  p: [1009, 1287], r: 3.3091741620389129e+34, e: 3.3112108209915452e+34
#ERR  p: [1010, 1287], r: 2.1158551762935584e+34, e: 2.1192060323918961e+34
#ERR  p: [1011, 1287], r: -2.9491856551988657e+34, e: -2.9519007052930264e+34
#ERR  p: [1008, 1288], r: -2.1296762816561640e+34, e: -2.2534294335634056e+34
#ERR  p: [1009, 1288], r: 3.7445606449116754e+34, e: 3.7769015808499981e+34
#ERR  p: [1010, 1288], r: -1.8839526114982517e+34, e: -1.8307479293138289e+34
#ERR  p: [1011, 1288], r: 1.6671524200062109e+34, e: 1.6240433864301682e+34
#ERR  p: [1008, 1289], r: 3.0490955248764532e+33, e: 4.1224904310500797e+33
#ERR  p: [1009, 1289], r: 2.6580330518312900e+34, e: 2.6299813305410833e+34
#ERR  p: [1010, 1289], r: -5.0083191616563916e+33, e: -5.4697984495011956e+33
#ERR  p: [1011, 1289], r: -2.5613059878917071e+33, e: -2.1873934719232888e+33
#ERR  p: [1008, 1290], r: -1.4373080543202201e+34, e: -1.4799872751146228e+34
#ERR  p: [1009, 1290], r: 1.7789965887355271e+34, e: 1.7901501809014806e+34
#ERR  p: [1010, 1290], r: 2.5649515975133987e+34, e: 2.5833008399517023e+34
#ERR  p: [1011, 1290], r: -2.8085400686915515e+34, e: -2.8234072333873532e+34
#ERR  p: [1008, 1291], r: -1.2524700510114826e+33, e: -1.5436285964912469e+33
#ERR  p: [1009, 1291], r: -9.9406857501424679e+33, e: -9.8645970035678313e+33
#ERR  p: [1010, 1291], r: -1.2420133571906449e+34, e: -1.2294960502774147e+34
#ERR  p: [1011, 1291], r: -1.4573844707013346e+34, e: -1.4675266658551919e+34
#ERR  p: [1008, 1292], r: 5.6085343897039082e+34, e: 5.4843546436591288e+34
#ERR  p: [1009, 1292], r: -2.7898731708391673e+34, e: -2.7574208202973089e+34
#ERR  p: [1010, 1292], r: -3.5985976107596148e+33, e: -3.0647223514773624e+33
#ERR  p: [1011, 1292], r: 2.8043536030666962e+34, e: 2.7610960166859393e+34
#ERR  p: [1008, 1293], r: 2.6773233762874583e+34, e: 2.6068860735801673e+34
#ERR  p: [1009, 1293], r: -6.3516351329658220e+34, e: -6.3332274597576641e+34
#ERR  p: [1010, 1293], r: -1.2964558556203491e+34, e: -1.2661731187913423e+34
#ERR  p: [1011, 1293], r: 3.4607292189364334e+34, e: 3.4361927521817814e+34
#ERR  p: [1008, 1294], r: 3.2625776037841954e+34, e: 3.2162736945547651e+34
#ERR  p: [1009, 1294], r: 1.9287744589126496e+34, e: 1.9408753227966642e+34
#ERR  p: [1010, 1294], r: -8.4085919694522723e+33, e: -8.2095219265848885e+33
#ERR  p: [1011, 1294], r: 4.0770792622799800e+34, e: 4.0609493987441072e+34
#ERR  p: [1008, 1295], r: -2.3376717484127914e+34, e: -2.4554134634892632e+34
#ERR  p: [1009, 1295], r: -2.2563210139071684e+34, e: -2.2255507762906909e+34
#ERR  p: [1010, 1295], r: -2.5708357741081299e+34, e: -2.5202154155497193e+34
#ERR  p: [1011, 1295], r: 4.2312186428035127e+34, e: 4.1902042037739409e+34
#SDC Ite:153 KerTime:2.7105014 AccTime:395.7332197 KerErr:64 AccErr:64
#IT 153 KerTime:2.5813653 AccTime:398.3145850
#IT 154 KerTime:2.5310006 AccTime:400.8455856
