#HEADER matrix_dim:2048 threads:4 block_size:16 block_offset:12 precision:Float
#BEGIN Y:2024 M:06 D:12 Time:23:55:16
#IT 0 KerTime:2.5550074 AccTime:2.5550074
#IT 1 KerTime:2.6083245 AccTime:5.1633319
#IT 2 KerTime:2.6161774 AccTime:7.7795093
#ERR  p: [1342, 944], r: 1.8145229919829390e+34, e: 1.7915037445404352e+34
#ERR  p: [1343, 944], r: -3.6387445014096554e+34, e: -3.6795940468259943e+34
#ERR  p: [1342, 945], r: -2.0600627042510135e+34, e: -2.0341734166214304e+34
#ERR  p: [1343, 945], r: -2.8960567349448472e+34, e: -2.8501143042068881e+34
#ERR  p: [1342, 946], r: 6.4958378163820188e+33, e: 6.1353595804624303e+33
#ERR  p: [1343, 946], r: -4.5920043830288596e+34, e: -4.6559736966188923e+34
#ERR  p: [1342, 947], r: -2.0683347433875223e+32, e: -2.7656416087161913e+32
#ERR  p: [1343, 947], r: 2.3889467296639761e+34, e: 2.3765727762072952e+34
#ERR  p: [1342, 948], r: 5.5859723135179125e+32, e: 7.3142108847626605e+32
#ERR  p: [1343, 948], r: -5.5244297337868909e+34, e: -5.4937610072536349e+34
#ERR  p: [1342, 949], r: 2.9290310010072683e+34, e: 2.9036071788324566e+34
#ERR  p: [1343, 949], r: 3.3784782544342420e+33, e: 2.9273159588768423e+33
#ERR  p: [1342, 950], r: 2.6248077315289018e+34, e: 2.6610392654226906e+34
#ERR  p: [1343, 950], r: -1.1736400719108544e+34, e: -1.1093448087084778e+34
#ERR  p: [1342, 951], r: 2.3986155365468107e+34, e: 2.3793413053111530e+34
#ERR  p: [1343, 951], r: -3.7323389580798265e+34, e: -3.7665417558372345e+34
#ERR  p: [1342, 952], r: -3.5620204440068575e+34, e: -3.5994765481875074e+34
#ERR  p: [1343, 952], r: -1.9725470283497492e+34, e: -2.0390140097630441e+34
#ERR  p: [1342, 953], r: 1.7822397440504470e+34, e: 1.7451852276185413e+34
#ERR  p: [1343, 953], r: -2.0035183074286066e+34, e: -2.0692739684953281e+34
#ERR  p: [1342, 954], r: -1.0243295240985622e+34, e: -1.0630454798571928e+34
#ERR  p: [1343, 954], r: -1.4383195751263201e+34, e: -1.5070235141906037e+34
#ERR  p: [1342, 955], r: -6.3599011061961383e+34, e: -6.3560253635211436e+34
#ERR  p: [1343, 955], r: -2.2135798961108013e+34, e: -2.2067028916045632e+34
#ERR  p: [1342, 956], r: -6.8859337677415100e+33, e: -7.2376795746239793e+33
#ERR  p: [1343, 956], r: -4.2221935647411065e+34, e: -4.2846129774019540e+34
#ERR  p: [1342, 957], r: 1.5664525588925534e+34, e: 1.5392203539083536e+34
#ERR  p: [1343, 957], r: 3.4442306968568614e+34, e: 3.3959054791312859e+34
#ERR  p: [1342, 958], r: 3.3988782683416258e+34, e: 3.3997111544000570e+34
#ERR  p: [1343, 958], r: -1.6668311745660163e+34, e: -1.6653533217471175e+34
#ERR  p: [1342, 959], r: -4.2325051100923380e+34, e: -4.1947207042132696e+34
#ERR  p: [1343, 959], r: -1.2498492700513135e+34, e: -1.1827979809394759e+34
#SDC Ite:3 KerTime:2.6161774 AccTime:7.7795093 KerErr:32 AccErr:32
#IT 3 KerTime:2.6260349 AccTime:10.4055443
#IT 4 KerTime:2.5525093 AccTime:12.9580536
#IT 5 KerTime:2.6173330 AccTime:15.5753866
#IT 6 KerTime:2.5550206 AccTime:18.1304073
#IT 7 KerTime:2.5818234 AccTime:20.7122306
#IT 8 KerTime:2.5518832 AccTime:23.2641138
#IT 9 KerTime:2.5637153 AccTime:25.8278291
#IT 10 KerTime:2.5560672 AccTime:28.3838964
#IT 11 KerTime:2.5569186 AccTime:30.9408149
#IT 12 KerTime:2.6445950 AccTime:33.5854099
#IT 13 KerTime:2.5530505 AccTime:36.1384604
#IT 14 KerTime:2.6183790 AccTime:38.7568394
#IT 15 KerTime:2.6598012 AccTime:41.4166406
#IT 16 KerTime:2.6705979 AccTime:44.0872386
#IT 17 KerTime:2.5507870 AccTime:46.6380256
#IT 18 KerTime:2.6248744 AccTime:49.2628999
#IT 19 KerTime:2.5557578 AccTime:51.8186578
#IT 20 KerTime:2.5927700 AccTime:54.4114278
#IT 21 KerTime:2.5536514 AccTime:56.9650792
