#HEADER matrix_dim:2048 threads:4 block_size:16 block_offset:12 precision:Float
#BEGIN Y:2024 M:06 D:06 Time:22:17:51
#IT 0 KerTime:2.2497462 AccTime:2.2497462
#IT 1 KerTime:2.2717065 AccTime:4.5214527
#IT 2 KerTime:2.2494808 AccTime:6.7709335
#IT 3 KerTime:2.3731825 AccTime:9.1441161
#ERR  p: [0, 736], r: 3.7250222372716342e+34, e: 3.6875433549942615e+34
#ERR  p: [1, 736], r: -4.9279347631454347e+34, e: -4.9987786053616270e+34
#ERR  p: [2, 736], r: -2.2080220405104257e+34, e: -2.3498619915676424e+34
#ERR  p: [3, 736], r: -2.0902072869716360e+34, e: -2.3438186158838590e+34
#ERR  p: [4, 736], r: 4.4927577397273192e+34, e: 4.4197559204346446e+34
#ERR  p: [5, 736], r: -1.4635981869345237e+34, e: -1.6049095375949655e+34
#ERR  p: [6, 736], r: -9.8275999275537484e+33, e: -7.9652243633522330e+33
#ERR  p: [7, 736], r: 6.6672194733607261e+33, e: 8.0180757374494438e+33
#ERR  p: [8, 736], r: -1.8863951909897657e+34, e: -2.0150897043578188e+34
#ERR  p: [9, 736], r: -6.1701011297249352e+33, e: -6.7305363925500555e+33
#ERR  p: [10, 736], r: 4.7818550531446714e+33, e: 5.5447643844602004e+33
#ERR  p: [11, 736], r: 2.0768270120570200e+34, e: 2.0020034402025331e+34
#ERR  p: [12, 736], r: -1.9162739879839537e+34, e: -1.9024959629347153e+34
#ERR  p: [13, 736], r: -2.1188997660261769e+34, e: -2.1766818552998613e+34
#ERR  p: [14, 736], r: -1.4031155314651382e+34, e: -1.2231143455808946e+34
#ERR  p: [15, 736], r: 6.2179035653719206e+33, e: 5.4590438454099039e+33
#ERR  p: [16, 736], r: -1.0208296200194946e+34, e: -1.2864148001677015e+34
#ERR  p: [17, 736], r: 3.0014069178160802e+34, e: 2.9633036185828919e+34
#ERR  p: [18, 736], r: -1.5921582600143104e+34, e: -1.5752692916463478e+34
#ERR  p: [19, 736], r: 3.6350797037173549e+34, e: 3.7110837751933044e+34
#ERR  p: [20, 736], r: -6.5307953861813790e+33, e: -6.9993136010895597e+33
#ERR  p: [21, 736], r: -2.0635519620457432e+34, e: -2.1798376120480076e+34
#ERR  p: [22, 736], r: 2.0026996576806271e+34, e: 2.1654425976831893e+34
#ERR  p: [23, 736], r: -5.8308331394684428e+33, e: -8.4235945647883719e+33
#ERR  p: [24, 736], r: -7.9802554313092361e+33, e: -7.5543830128143975e+33
#ERR  p: [25, 736], r: 1.0007570412525018e+34, e: 9.2504041945367434e+33
#ERR  p: [26, 736], r: 2.1094926596676473e+34, e: 2.2569771221279896e+34
#ERR  p: [27, 736], r: -1.1621570639004472e+34, e: -1.2198463076711852e+34
#ERR  p: [28, 736], r: 1.7036846495355421e+34, e: 1.9540045434713131e+34
#ERR  p: [29, 736], r: -3.3238293913999889e+34, e: -3.2792680065698566e+34
#ERR  p: [30, 736], r: -2.7239578155073779e+34, e: -2.5338208717574813e+34
#ERR  p: [31, 736], r: -2.4824755755120652e+34, e: -2.5571357392813665e+34
#ERR  p: [32, 736], r: -2.9634259270587733e+34, e: -2.8177288024271512e+34
#ERR  p: [33, 736], r: 4.2630178561806441e+34, e: 4.4276500164771597e+34
#ERR  p: [34, 736], r: -1.1349759858398698e+34, e: -8.9194941564554863e+33
#ERR  p: [35, 736], r: 1.9843086966629996e+34, e: 2.0907831766779116e+34
#ERR  p: [36, 736], r: 6.2772156247401578e+34, e: 6.1287915657899978e+34
#ERR  p: [37, 736], r: 3.1290816161797700e+34, e: 3.1408905738025211e+34
#ERR  p: [38, 736], r: -5.3348159434975963e+33, e: -5.2449315931251634e+33
#ERR  p: [39, 736], r: -4.5668285821409187e+33, e: -7.3206927388083587e+33
#ERR  p: [40, 736], r: 1.2291746810432162e+34, e: 9.9013947712355892e+33
#ERR  p: [41, 736], r: -3.8126126847512713e+33, e: -5.3455915925695559e+33
#ERR  p: [42, 736], r: -9.6717841286290154e+33, e: -8.2131763255808590e+33
#ERR  p: [43, 736], r: -4.3666555346985316e+33, e: -3.6695368362558340e+33
#ERR  p: [44, 736], r: 1.5058802765643237e+34, e: 1.5031736444624301e+34
#ERR  p: [45, 736], r: 1.6538417173218027e+34, e: 1.5090874078241003e+34
#ERR  p: [46, 736], r: -1.7133698281753962e+33, e: -8.8387479699680482e+32
#ERR  p: [47, 736], r: 2.4309960865663905e+34, e: 2.5429791521681146e+34
#ERR  p: [48, 736], r: 7.1077082498994073e+33, e: 7.0234466231854086e+33
#ERR  p: [49, 736], r: -6.5491589887241383e+33, e: -5.8743492077294025e+33
#ERR  p: [50, 736], r: 1.5048735837243768e+34, e: 1.6983716584749371e+34
#ERR  p: [51, 736], r: 2.4101939897342468e+34, e: 2.5172173723625780e+34
#ERR  p: [52, 736], r: 1.2071725251369893e+34, e: 1.0475640493138977e+34
#ERR  p: [53, 736], r: 7.1723522408108505e+33, e: 7.7662700678785224e+33
#ERR  p: [54, 736], r: -2.1607748209710599e+34, e: -1.9656581396191339e+34
#ERR  p: [55, 736], r: -2.1127756766518321e+34, e: -2.2118192977869297e+34
#ERR  p: [56, 736], r: -3.0343884877247331e+33, e: -2.2303221376356076e+33
#ERR  p: [57, 736], r: 7.8695353121355910e+32, e: -5.6774173967948744e+32
#ERR  p: [58, 736], r: -2.5685651444880727e+34, e: -2.3843898723793667e+34
#ERR  p: [59, 736], r: 1.1540106756779258e+34, e: 1.1289547692827897e+34
#ERR  p: [60, 736], r: -9.7850358351829992e+33, e: -9.2998747543866658e+33
#ERR  p: [61, 736], r: -1.1409409999191664e+34, e: -1.4195454716665338e+34
#ERR  p: [62, 736], r: -2.3719535267447057e+34, e: -2.4374254519544231e+34
#ERR  p: [63, 736], r: 1.1105754449015314e+34, e: 1.1469347342073745e+34
#ERR  p: [64, 736], r: -8.2520674498550485e+33, e: -7.1521428696695167e+33
#ERR  p: [65, 736], r: 1.6592898914346977e+34, e: 1.8199922110765018e+34
#ERR  p: [66, 736], r: 5.6297120775439710e+34, e: 5.5837557818775720e+34
#ERR  p: [67, 736], r: -8.5297045952557182e+33, e: -8.2815879870018673e+33
#ERR  p: [68, 736], r: 4.2078488107418832e+34, e: 4.2706549558710034e+34
#ERR  p: [69, 736], r: 3.5855685394341440e+34, e: 3.5531374814609613e+34
#ERR  p: [70, 736], r: -4.6132408111237865e+33, e: -2.6936439444863830e+33
#ERR  p: [71, 736], r: 2.5788873361236420e+34, e: 2.4691392474688438e+34
#ERR  p: [72, 736], r: -5.3601361500911198e+33, e: -5.9607772295121506e+33
#ERR  p: [73, 736], r: 1.0889632401076794e+34, e: 1.2638464104875054e+34
#ERR  p: [74, 736], r: -3.5898072461286571e+34, e: -3.9007817454052704e+34
#ERR  p: [75, 736], r: 4.4450573722365730e+32, e: 2.6279099473703490e+32
#ERR  p: [76, 736], r: -4.1598910136199676e+34, e: -4.1798743369101279e+34
#ERR  p: [77, 736], r: 8.5880604697376114e+33, e: 7.2781267895275506e+33
#ERR  p: [78, 736], r: 1.0042016094118133e+34, e: 8.6455627845624173e+33
#ERR  p: [79, 736], r: 8.9189599853285346e+33, e: 7.3254241456385074e+33
#ERR  p: [80, 736], r: -3.3857677405615701e+34, e: -3.3765614280774125e+34
#ERR  p: [81, 736], r: -7.6326517717982156e+33, e: -8.1318015750384738e+33
#ERR  p: [82, 736], r: -1.7073303829512376e+33, e: -2.2541111671430400e+33
#ERR  p: [83, 736], r: 1.1115312584058637e+34, e: 1.1929693914782603e+34
#ERR  p: [84, 736], r: -3.0789480156448064e+34, e: -3.0198482629933066e+34
#ERR  p: [85, 736], r: -1.8060255239652763e+34, e: -1.8637264043723836e+34
#ERR  p: [86, 736], r: -1.7225540743783534e+34, e: -1.8050219259754276e+34
#ERR  p: [87, 736], r: 3.6007800990488749e+33, e: 2.3600175564739240e+33
#ERR  p: [88, 736], r: -2.4524461212150962e+34, e: -2.2176069150585967e+34
#ERR  p: [89, 736], r: -8.3875847459556191e+33, e: -5.3342613463599965e+33
#ERR  p: [90, 736], r: -2.3866350004346146e+34, e: -2.5097538318657264e+34
#ERR  p: [91, 736], r: -1.5486246130047929e+34, e: -1.5634660285477774e+34
#ERR  p: [92, 736], r: -6.1517949675999987e+34, e: -6.1614102954731362e+34
#ERR  p: [93, 736], r: 3.1928102742261657e+34, e: 3.2880046446031093e+34
#ERR  p: [94, 736], r: -5.7640399608547962e+34, e: -6.0045093183099656e+34
#ERR  p: [95, 736], r: -2.0624920377841071e+34, e: -2.2414060647258502e+34
#ERR  p: [96, 736], r: -1.5769115429024638e+33, e: -2.2050245234478010e+33
#ERR  p: [97, 736], r: -7.1384673460555311e+34, e: -7.4064803742087845e+34
#ERR  p: [98, 736], r: -8.0247203806103081e+33, e: -7.3265259122734714e+33
#ERR  p: [99, 736], r: 1.9888916744824380e+34, e: 2.2032824632760177e+34
#ERR  p: [100, 736], r: -2.6015332208502974e+34, e: -2.4153485244698233e+34
#ERR  p: [101, 736], r: -6.6705190787414374e+34, e: -6.6142918421570954e+34
#ERR  p: [102, 736], r: -1.7682809797554729e+34, e: -1.7790381835208471e+34
#ERR  p: [103, 736], r: -2.6042490137084816e+34, e: -2.6430638808762512e+34
#ERR  p: [104, 736], r: -1.2141052369449953e+34, e: -1.2311477098778293e+34
#ERR  p: [105, 736], r: 2.2279887754040596e+34, e: 2.0521845776350052e+34
#ERR  p: [106, 736], r: -1.6945111424624257e+34, e: -1.7883368463319353e+34
#ERR  p: [107, 736], r: -1.1021104109128980e+34, e: -1.0616214774300028e+34
#ERR  p: [108, 736], r: -8.8717109088791099e+33, e: -8.9989959037184327e+33
#ERR  p: [109, 736], r: -1.8841343410960188e+34, e: -1.8130837628932658e+34
#ERR  p: [110, 736], r: -2.5489304251129751e+34, e: -2.8011582322372928e+34
#ERR  p: [111, 736], r: 1.3741466203998250e+34, e: 1.5371908750079492e+34
#ERR  p: [112, 736], r: -4.3739150007799070e+34, e: -4.3868559307745807e+34
#ERR  p: [113, 736], r: 6.5042223842680987e+33, e: 8.6539820147695972e+33
#ERR  p: [114, 736], r: -2.3532249794783651e+34, e: -2.3210152651842066e+34
#ERR  p: [115, 736], r: 5.3471275047762973e+34, e: 5.5329244783364672e+34
#ERR  p: [116, 736], r: -3.0989221781786760e+34, e: -3.1603690651446609e+34
#ERR  p: [117, 736], r: -2.1062269738440124e+34, e: -2.1078677395720813e+34
#ERR  p: [118, 736], r: 1.3342771521125882e+34, e: 1.5084530873479705e+34
#ERR  p: [119, 736], r: -2.4046017194007791e+34, e: -2.5764753337510984e+34
#ERR  p: [120, 736], r: 9.1687521454255583e+33, e: 1.1429380447905416e+34
#ERR  p: [121, 736], r: 2.4475458593635889e+34, e: 2.4645185124782072e+34
#ERR  p: [122, 736], r: 3.3129392328743954e+33, e: 4.4047429264022151e+33
#ERR  p: [123, 736], r: 9.7259941419193419e+33, e: 1.0013941470937200e+34
#ERR  p: [124, 736], r: -2.1893440011976879e+34, e: -2.3199508843384290e+34
#ERR  p: [125, 736], r: -2.1114208750728382e+34, e: -2.2681661193790666e+34
#ERR  p: [126, 736], r: -2.4446017903621604e+34, e: -2.4526201755846197e+34
#ERR  p: [127, 736], r: -5.0616595220691200e+34, e: -5.1120308070916264e+34
#ERR  p: [128, 736], r: 7.4867079257167639e+33, e: 6.5000127691645087e+33
#ERR  p: [129, 736], r: 9.2228383647119562e+33, e: 6.3445132639198132e+33
#ERR  p: [130, 736], r: -5.6069087268443186e+34, e: -5.6604422059031756e+34
#ERR  p: [131, 736], r: 7.6216393047967407e+34, e: 7.4498221405122128e+34
#ERR  p: [132, 736], r: 2.7418925956205288e+34, e: 2.8818823214950296e+34
#ERR  p: [133, 736], r: -2.2877585012048206e+34, e: -2.1511904415989046e+34
#ERR  p: [134, 736], r: 2.1276022059658443e+33, e: 3.2259857055449707e+33
#ERR  p: [135, 736], r: 1.8961729365960573e+34, e: 2.0437196674403757e+34
#ERR  p: [136, 736], r: 8.0860497870665647e+33, e: 7.4937289026495710e+33
#ERR  p: [137, 736], r: -3.6599674978551561e+34, e: -3.5155835800172079e+34
#ERR  p: [138, 736], r: 4.6605279542294193e+33, e: 3.6428134246277805e+33
#ERR  p: [139, 736], r: -1.3690939062324797e+33, e: 9.4908839506882428e+31
#ERR  p: [140, 736], r: 5.4663946095691765e+34, e: 5.4156667978153559e+34
#ERR  p: [141, 736], r: 3.8298042056648352e+34, e: 3.8620941384735394e+34
#ERR  p: [142, 736], r: 7.7903424309124463e+33, e: 7.7498667433879715e+33
#ERR  p: [143, 736], r: 2.8987633670467407e+34, e: 2.8190585976173515e+34
#ERR  p: [144, 736], r: 3.0430009603720454e+34, e: 2.8657730077638089e+34
#ERR  p: [145, 736], r: -4.0216958056264149e+32, e: 1.1435830115510093e+33
#ERR  p: [146, 736], r: 2.7089841879681977e+34, e: 2.5631637645086627e+34
#ERR  p: [147, 736], r: 1.7025872156907156e+33, e: 1.4826993541526892e+33
#ERR  p: [148, 736], r: 1.7025891963947785e+34, e: 1.5118899802790385e+34
#ERR  p: [149, 736], r: 1.3479874927901787e+33, e: 1.1938169161776560e+33
#ERR  p: [150, 736], r: 5.2576650443692528e+34, e: 5.3369407437810257e+34
#ERR  p: [151, 736], r: 2.4849932979639638e+34, e: 2.4162799505553816e+34
#ERR  p: [152, 736], r: 1.1792060979154893e+34, e: 1.1521031338713909e+34
#ERR  p: [153, 736], r: -3.3023877747435504e+34, e: -3.2323961304504021e+34
#ERR  p: [154, 736], r: -6.2283977068789466e+34, e: -6.3033000117199322e+34
#ERR  p: [155, 736], r: -2.1067233877997659e+34, e: -1.8204725318117445e+34
#ERR  p: [156, 736], r: 2.5004373427180725e+34, e: 2.3827302899627007e+34
#ERR  p: [157, 736], r: 1.0779749129369706e+34, e: 8.9359983730592390e+33
#ERR  p: [158, 736], r: -3.8256385374326399e+34, e: -3.8489301316837865e+34
#ERR  p: [159, 736], r: -3.3113237211231280e+34, e: -3.2120424155004876e+34
#ERR  p: [160, 736], r: -1.2372429552492587e+34, e: -1.2213567183131172e+34
#ERR  p: [161, 736], r: 9.9784354937004363e+33, e: 8.9031558238169978e+33
#ERR  p: [162, 736], r: -5.9449483091998281e+33, e: -3.5788001641663531e+33
#ERR  p: [163, 736], r: -1.6585232351683682e+34, e: -1.7942878716887880e+34
#ERR  p: [164, 736], r: -1.4616313478001071e+34, e: -1.4765678371381087e+34
#ERR  p: [165, 736], r: -1.6787945033116663e+34, e: -1.7137403126806533e+34
#ERR  p: [166, 736], r: -4.4233830847497508e+34, e: -4.1186832083562594e+34
#ERR  p: [167, 736], r: -6.8634985804095410e+33, e: -6.0196877011316437e+33
#ERR  p: [168, 736], r: 3.0944247420159522e+34, e: 3.0664368984317726e+34
#ERR  p: [169, 736], r: 2.9498444868877734e+34, e: 3.0985668893874011e+34
#ERR  p: [170, 736], r: -2.6933143429509233e+33, e: -2.2232044466372314e+33
#ERR  p: [171, 736], r: -1.5127449016701690e+34, e: -1.4175119075639997e+34
#ERR  p: [172, 736], r: 1.7984003084992941e+34, e: 1.9044110561754897e+34
#ERR  p: [173, 736], r: 9.2274069824269389e+33, e: 7.3029103491140439e+33
#ERR  p: [174, 736], r: -1.4816240794345660e+34, e: -1.5110944800097937e+34
#ERR  p: [175, 736], r: 5.9001042407617250e+32, e: 2.6495287132464092e+33
#ERR  p: [176, 736], r: 4.1823637105351269e+33, e: 5.7892346403283362e+33
#ERR  p: [177, 736], r: 3.7678911104800555e+34, e: 3.9481255242677005e+34
#ERR  p: [178, 736], r: -4.3653776710929793e+34, e: -4.3964707634717024e+34
#ERR  p: [179, 736], r: -6.6472042112175522e+34, e: -6.8514910572044885e+34
#ERR  p: [180, 736], r: 2.7111948393933515e+33, e: 1.6440830978891180e+33
#ERR  p: [181, 736], r: -1.0526837979343703e+34, e: -1.0343746028563375e+34
#ERR  p: [182, 736], r: 1.3300322557178786e+34, e: 1.3108927123584952e+34
#ERR  p: [183, 736], r: -2.8189617907062794e+34, e: -2.9908799708980130e+34
#ERR  p: [184, 736], r: -1.8821197174760858e+34, e: -1.9488100232724678e+34
#ERR  p: [185, 736], r: 3.6189642002859378e+34, e: 3.7926996764553424e+34
#ERR  p: [186, 736], r: 2.2662383372528894e+33, e: 3.1465077886277805e+33
#ERR  p: [187, 736], r: 5.3753962369553907e+33, e: 4.4716480147954131e+33
#ERR  p: [188, 736], r: 9.8432697725710227e+33, e: 1.1641521280677595e+34
#ERR  p: [189, 736], r: 7.1966916275112482e+34, e: 7.1496964525638809e+34
#ERR  p: [190, 736], r: 1.5515511032576635e+34, e: 1.4993092908357969e+34
#ERR  p: [191, 736], r: -1.3512457200250768e+34, e: -1.2144741430767023e+34
#ERR  p: [192, 736], r: -8.9960335132044228e+33, e: -9.6597451617469651e+33
#ERR  p: [193, 736], r: 4.7013286010142065e+33, e: 3.2837609861484390e+33
#ERR  p: [194, 736], r: -1.7991703072037296e+34, e: -1.7614458176225626e+34
#ERR  p: [195, 736], r: -2.3012877003061627e+34, e: -2.4447803013158254e+34
#ERR  p: [196, 736], r: 1.2297786100913816e+33, e: -1.3854636515994650e+33
#ERR  p: [197, 736], r: 1.2737657764342913e+34, e: 1.4027675465200951e+34
#ERR  p: [198, 736], r: -4.0102067317098151e+34, e: -4.0327005973996462e+34
#ERR  p: [199, 736], r: -3.2122226595702076e+34, e: -3.2162623055064036e+34
#ERR  p: [200, 736], r: 2.4803990548901679e+34, e: 2.7380401262182727e+34
#ERR  p: [201, 736], r: 4.2028074237258975e+34, e: 4.0939447097871961e+34
#ERR  p: [202, 736], r: -1.4634899909750901e+34, e: -1.6723305993965377e+34
#ERR  p: [203, 736], r: 9.9533870149455359e+33, e: 1.2112926371757389e+34
#ERR  p: [204, 736], r: 4.4244358289591591e+34, e: 4.2661245905032347e+34
#ERR  p: [205, 736], r: 2.0779493594451371e+33, e: 3.2913483206492191e+33
#ERR  p: [206, 736], r: -1.3100958503552072e+34, e: -1.3059329055910984e+34
#ERR  p: [207, 736], r: 2.5271332720772539e+34, e: 2.7487775229430183e+34
#ERR  p: [208, 736], r: -5.6929631383232104e+33, e: -6.4168287692547079e+33
#ERR  p: [209, 736], r: 3.1316476182932008e+34, e: 3.2957281525082108e+34
#ERR  p: [210, 736], r: 2.0315856267633083e+34, e: 2.0891815298550842e+34
#ERR  p: [211, 736], r: 1.3455377022979359e+34, e: 1.2418883252466771e+34
#ERR  p: [212, 736], r: 1.0828255333929025e+34, e: 1.3019815247797034e+34
#ERR  p: [213, 736], r: 3.2420884581939831e+34, e: 3.0812493461778379e+34
#ERR  p: [214, 736], r: 6.0553119016421591e+33, e: 5.8796729688683493e+33
#ERR  p: [215, 736], r: 5.3568517713728918e+34, e: 5.1405786947495787e+34
#ERR  p: [216, 736], r: -1.3760004356086548e+34, e: -1.3711838585038033e+34
#ERR  p: [217, 736], r: 3.9673834146948396e+34, e: 3.9056250620149705e+34
#ERR  p: [218, 736], r: 1.0202070599737380e+34, e: 1.1433366614831915e+34
#ERR  p: [219, 736], r: -2.1097551029559758e+34, e: -2.0190428182852688e+34
#ERR  p: [220, 736], r: 1.7862769141065645e+33, e: 1.7802852843164232e+33
#ERR  p: [221, 736], r: -7.0150236791581108e+33, e: -6.2348404420194035e+33
#ERR  p: [222, 736], r: -4.2494842004951606e+34, e: -4.4268230725309170e+34
#ERR  p: [223, 736], r: -2.5386523041428043e+34, e: -2.5972964948598471e+34
#ERR  p: [224, 736], r: -2.7169963834904605e+34, e: -2.6611984645117427e+34
#ERR  p: [225, 736], r: -2.6628847864332572e+34, e: -2.6235212642400764e+34
#ERR  p: [226, 736], r: -1.7304465610988174e+34, e: -1.9281749245516237e+34
#ERR  p: [227, 736], r: 1.9796594890514594e+34, e: 1.8891254677464096e+34
#ERR  p: [228, 736], r: 1.0189126698686612e+34, e: 9.7997871286911238e+33
#ERR  p: [229, 736], r: 2.6585653660481827e+34, e: 2.5529042126390812e+34
#ERR  p: [230, 736], r: -3.0329289564184156e+33, e: -7.2041920586212705e+32
#ERR  p: [231, 736], r: 2.9780145552457358e+34, e: 2.8378416142454207e+34
#ERR  p: [232, 736], r: -4.0136910377443878e+34, e: -4.0132582539066536e+34
#ERR  p: [233, 736], r: 1.7822700735814095e+34, e: 1.8143126659702644e+34
#ERR  p: [234, 736], r: -1.1322624212737563e+34, e: -1.1799993698926634e+34
#ERR  p: [235, 736], r: 1.5350543142941465e+34, e: 1.6234358054588870e+34
#ERR  p: [236, 736], r: 1.5506604053993977e+34, e: 1.5617162003022476e+34
#ERR  p: [237, 736], r: -9.5325505365305101e+33, e: -9.9802688828986179e+33
#ERR  p: [238, 736], r: -2.7833816608611626e+34, e: -2.6410720353530410e+34
#ERR  p: [239, 736], r: -3.4947851970051821e+34, e: -3.5870444115489800e+34
#ERR  p: [240, 736], r: -3.3517711836147071e+34, e: -3.3497518558226248e+34
#ERR  p: [241, 736], r: 5.3265372194848753e+33, e: 5.2040362439273709e+33
#ERR  p: [242, 736], r: 1.4960752962771678e+34, e: 1.7026456464605699e+34
#ERR  p: [243, 736], r: -1.9315491777167038e+34, e: -1.7820790594333477e+34
#ERR  p: [244, 736], r: -1.6203642286334121e+34, e: -1.6507712546423632e+34
#ERR  p: [245, 736], r: 2.6416219283184915e+34, e: 2.7527607188134230e+34
#ERR  p: [246, 736], r: -2.6458366189762426e+34, e: -2.6002096153602934e+34
#ERR  p: [247, 736], r: 1.9662858990130555e+34, e: 2.0794443886820811e+34
#ERR  p: [248, 736], r: 2.6191840175184362e+34, e: 2.7119700993429540e+34
#ERR  p: [249, 736], r: 3.0215843501044005e+34, e: 2.8674546255131742e+34
#ERR  p: [250, 736], r: 5.0757220257393862e+34, e: 5.0199270778167627e+34
#ERR  p: [251, 736], r: -2.6479679803418802e+33, e: -2.6808377642649856e+33
#ERR  p: [252, 736], r: -5.5476116465505568e+33, e: -4.5410973794543524e+33
#ERR  p: [253, 736], r: 5.6794398813340569e+32, e: 1.6952319949473015e+33
#ERR  p: [254, 736], r: 6.4648527961687253e+33, e: 8.1876147206796748e+33
#ERR  p: [255, 736], r: -7.1831990714350690e+33, e: -6.0100231032449427e+33
#ERR  p: [256, 736], r: 8.0564388802968781e+33, e: 7.7321877216869370e+33
#ERR  p: [257, 736], r: -2.8372050654772202e+34, e: -2.8586177143367394e+34
#ERR  p: [258, 736], r: 7.5978737033045518e+33, e: 7.6207037935090528e+33
#ERR  p: [259, 736], r: 3.5274559201699704e+34, e: 3.5454857740781384e+34
#ERR  p: [260, 736], r: -1.1981996881442410e+34, e: -1.0263320778031122e+34
#ERR  p: [261, 736], r: 2.1762919041874864e+34, e: 2.3490122695246769e+34
#ERR  p: [262, 736], r: -1.2542600504112873e+34, e: -1.4778780728756884e+34
#ERR  p: [263, 736], r: -1.4654647529257582e+34, e: -1.5256623108040962e+34
#ERR  p: [264, 736], r: -2.6237089359500321e+34, e: -2.5163805248960211e+34
#ERR  p: [265, 736], r: -3.4008389177758460e+34, e: -3.4866222203861343e+34
#ERR  p: [266, 736], r: -3.2214430845708130e+33, e: -2.7846811265204004e+33
#ERR  p: [267, 736], r: -2.4618809574305058e+34, e: -2.4550866473188919e+34
#ERR  p: [268, 736], r: 1.6878712034737107e+34, e: 1.5507409952959552e+34
#ERR  p: [269, 736], r: 2.5740460002180048e+34, e: 2.3138317467242414e+34
#ERR  p: [270, 736], r: 1.4480468127790089e+34, e: 1.2642884788755342e+34
#ERR  p: [271, 736], r: 4.2768609968759489e+34, e: 4.4863026251864695e+34
#ERR  p: [272, 736], r: -2.3491422532288019e+34, e: -2.3869722153013160e+34
#ERR  p: [273, 736], r: -1.3653760628094959e+34, e: -1.4074140306635488e+34
#ERR  p: [274, 736], r: -7.1638673997815885e+33, e: -7.2405181711340607e+33
#ERR  p: [275, 736], r: 3.3288205180503797e+34, e: 3.2651502907738383e+34
#ERR  p: [276, 736], r: 1.3503359578902060e+34, e: 1.1317442195733114e+34
#ERR  p: [277, 736], r: -1.7223224557970032e+34, e: -1.9881284844482186e+34
#ERR  p: [278, 736], r: -5.5374450639779256e+33, e: -8.0631986518813959e+33
#ERR  p: [279, 736], r: -1.5531978729949229e+33, e: -4.0461045788660146e+33
#ERR  p: [280, 736], r: -2.7719406190180871e+34, e: -2.6647681884090260e+34
#ERR  p: [281, 736], r: 2.8335172421001891e+33, e: 1.8963830150207240e+33
#ERR  p: [282, 736], r: -2.9631771011108769e+34, e: -3.0635703244768034e+34
#ERR  p: [283, 736], r: 3.5620296047631482e+34, e: 3.5334539872483159e+34
#ERR  p: [284, 736], r: -5.3115129601980883e+33, e: -4.9854717402913406e+33
#ERR  p: [285, 736], r: 2.9470400575227763e+33, e: 4.1607882725604417e+33
#ERR  p: [286, 736], r: -1.6060793909320902e+34, e: -1.3902633617712813e+34
#ERR  p: [287, 736], r: -5.5285455130355030e+33, e: -5.9644043938272568e+33
#ERR  p: [288, 736], r: 6.0452598285231618e+34, e: 6.2403532366023491e+34
#ERR  p: [289, 736], r: -3.0931547393296494e+33, e: -1.6687499816269087e+33
#ERR  p: [290, 736], r: 1.8445160508427530e+34, e: 2.0586361021497410e+34
#ERR  p: [291, 736], r: -2.5713883905416669e+34, e: -2.5435089905049287e+34
#ERR  p: [292, 736], r: -1.6849247823862075e+34, e: -1.4971055099778611e+34
#ERR  p: [293, 736], r: 2.6923007176467564e+34, e: 2.5693703006896239e+34
#ERR  p: [294, 736], r: 2.8258504318488868e+34, e: 2.9094222783729957e+34
#ERR  p: [295, 736], r: -1.8348872294231874e+34, e: -1.7211387375314385e+34
#ERR  p: [296, 736], r: 2.1651060636835096e+32, e: -3.8140452908617343e+32
#ERR  p: [297, 736], r: -2.6718853532828855e+34, e: -2.6540436662606889e+34
#ERR  p: [298, 736], r: -2.3787171359433453e+34, e: -2.4456015507378873e+34
#ERR  p: [299, 736], r: 1.8926751370150565e+34, e: 1.8187196087161164e+34
#ERR  p: [300, 736], r: 1.6642633155425267e+34, e: 1.6884910400513809e+34
#ERR  p: [301, 736], r: -5.6825740979255196e+34, e: -5.5442560862800698e+34
#ERR  p: [302, 736], r: 2.5824001147791182e+34, e: 2.6368838366121307e+34
#ERR  p: [303, 736], r: 1.5849184152825577e+34, e: 1.6791969576184380e+34
#ERR  p: [304, 736], r: -5.9489812702598120e+34, e: -5.9398730026267659e+34
#ERR  p: [305, 736], r: 2.8683598072698997e+34, e: 2.9816132469399384e+34
#ERR  p: [306, 736], r: 1.4584486039591044e+34, e: 1.4501838686688273e+34
#ERR  p: [307, 736], r: -1.4906079340936639e+34, e: -1.2718525401035758e+34
#ERR  p: [308, 736], r: 2.0648442476527532e+34, e: 1.9680487256289979e+34
#ERR  p: [309, 736], r: 1.3533987453414020e+34, e: 1.4681968865924610e+34
#ERR  p: [310, 736], r: 7.0607542674068472e+32, e: 1.1796394852489927e+33
#ERR  p: [311, 736], r: -3.1315433837418929e+34, e: -2.9540212965803223e+34
#ERR  p: [312, 736], r: 3.7547064919886485e+33, e: 3.0030023749387112e+33
#ERR  p: [313, 736], r: 4.5199354753497905e+34, e: 4.3473166210958213e+34
#ERR  p: [314, 736], r: 8.2315207400530094e+33, e: 6.8403020599534115e+33
#ERR  p: [315, 736], r: -4.0683493091229395e+34, e: -4.2446829738467962e+34
#ERR  p: [316, 736], r: -1.6375543878129328e+34, e: -1.8367099723370312e+34
#ERR  p: [317, 736], r: 4.9112755564487635e+34, e: 5.0364253523083268e+34
#ERR  p: [318, 736], r: -1.9278226068164431e+34, e: -1.8711081170326384e+34
#ERR  p: [319, 736], r: -2.7757306962423632e+34, e: -2.6708249338452337e+34
#ERR  p: [320, 736], r: 9.9764498378774225e+33, e: 8.0628681218909067e+33
#ERR  p: [321, 736], r: 6.2586423151547435e+33, e: 5.9116279151024228e+33
#ERR  p: [322, 736], r: -6.7102227868574138e+34, e: -6.6746840042096091e+34
#ERR  p: [323, 736], r: -1.9064243180613796e+34, e: -1.9264923164502270e+34
#ERR  p: [324, 736], r: 1.8010819342123940e+34, e: 1.7572098343961359e+34
#ERR  p: [325, 736], r: 1.6055386587229304e+34, e: 1.5310589866113569e+34
#ERR  p: [326, 736], r: -2.1973641195362021e+34, e: -2.1978392409232799e+34
#ERR  p: [327, 736], r: -9.9262204207834182e+33, e: -1.0015718533863594e+34
#ERR  p: [328, 736], r: 1.6767848314518904e+33, e: 1.4233277498685624e+33
#ERR  p: [329, 736], r: 2.5549260163112421e+34, e: 2.6609778635967420e+34
#ERR  p: [330, 736], r: 2.9633900267976340e+34, e: 2.8589994950448550e+34
#ERR  p: [331, 736], r: 1.7802278438986004e+34, e: 1.5008668669932258e+34
#ERR  p: [332, 736], r: 2.7192808780389577e+34, e: 2.9347336955922403e+34
#ERR  p: [333, 736], r: 1.2813552154331382e+33, e: 3.2742214202057059e+33
#ERR  p: [334, 736], r: -5.3571538287424774e+34, e: -5.2919381571208922e+34
#ERR  p: [335, 736], r: 4.0040814043954311e+34, e: 4.0183196955512758e+34
#ERR  p: [336, 736], r: 2.8936689961970735e+34, e: 2.7685162292814159e+34
#ERR  p: [337, 736], r: -5.6469860452641514e+33, e: -5.6671050467826174e+33
#ERR  p: [338, 736], r: 1.2103820084828406e+34, e: 1.0502214114022277e+34
#ERR  p: [339, 736], r: -2.8072711801512840e+34, e: -2.6343903777850021e+34
#ERR  p: [340, 736], r: 1.6205308553626999e+34, e: 1.6931807283022057e+34
#ERR  p: [341, 736], r: 3.7163826537374616e+34, e: 3.8395869030312840e+34
#ERR  p: [342, 736], r: 2.4318609114778353e+34, e: 2.3095529307724554e+34
#ERR  p: [343, 736], r: -3.6756531885049333e+34, e: -3.6791238771990738e+34
#ERR  p: [344, 736], r: 6.0639037006908153e+34, e: 5.9965904634666649e+34
#ERR  p: [345, 736], r: 2.0769016598413889e+34, e: 2.0885323540984829e+34
#ERR  p: [346, 736], r: -5.5270061345966516e+33, e: -8.4415385056578134e+33
#ERR  p: [347, 736], r: -3.8573013917144441e+33, e: -2.1347734378709195e+33
#ERR  p: [348, 736], r: -2.2762439257234116e+34, e: -2.0506829563673521e+34
#ERR  p: [349, 736], r: 4.0991732114401199e+33, e: 6.0608498264079022e+33
#ERR  p: [350, 736], r: -7.7103616008542964e+33, e: -7.4280790854562083e+33
#ERR  p: [351, 736], r: 3.5090068997645004e+34, e: 3.3498910002830404e+34
#ERR  p: [352, 736], r: -4.2513624031227644e+34, e: -4.3851713419691211e+34
#ERR  p: [353, 736], r: 1.2190550163980739e+34, e: 1.3562673000004341e+34
#ERR  p: [354, 736], r: 3.6704767422306614e+33, e: 1.8384028553407540e+33
#ERR  p: [355, 736], r: -2.6363710818478587e+34, e: -2.4868695198875047e+34
#ERR  p: [356, 736], r: 2.4797919690949024e+34, e: 2.2407823905340583e+34
#ERR  p: [357, 736], r: -6.4031154884695241e+33, e: -6.7869437494101134e+33
#ERR  p: [358, 736], r: 1.5534080133165916e+34, e: 1.6166162413704717e+34
#ERR  p: [359, 736], r: -1.3768162380945439e+34, e: -1.5620348460683596e+34
#ERR  p: [360, 736], r: 1.7569812178193809e+33, e: 2.3642650834912170e+33
#ERR  p: [361, 736], r: -8.2397709914448268e+33, e: -6.7603682716167545e+33
#ERR  p: [362, 736], r: 2.0573448068947624e+34, e: 1.9397780127458416e+34
#ERR  p: [363, 736], r: -2.6606399059660171e+34, e: -2.6436117931376389e+34
#ERR  p: [364, 736], r: -4.2980629483407818e+34, e: -4.2538343217932094e+34
#ERR  p: [365, 736], r: -1.8020309390465102e+34, e: -1.7270112774898005e+34
#ERR  p: [366, 736], r: 1.3937185762149307e+34, e: 1.4935676011395874e+34
#ERR  p: [367, 736], r: -4.1017521500269612e+34, e: -4.1262217680194917e+34
#ERR  p: [368, 736], r: -8.7709630156919281e+33, e: -7.9856769897112864e+33
#ERR  p: [369, 736], r: 4.8638812696327305e+34, e: 4.8597029744121345e+34
#ERR  p: [370, 736], r: -2.9905387946231860e+34, e: -3.2152060950648854e+34
#ERR  p: [371, 736], r: -9.6989705298317617e+33, e: -8.6138071466746688e+33
#ERR  p: [372, 736], r: -2.5072895884235249e+34, e: -2.7367655431538244e+34
#ERR  p: [373, 736], r: 2.3698361231530110e+33, e: 5.9494052028262653e+32
#ERR  p: [374, 736], r: 1.6095261873834725e+34, e: 1.6378066799929392e+34
#ERR  p: [375, 736], r: 7.8405328528952131e+33, e: 9.3743250873193082e+33
#ERR  p: [376, 736], r: -1.6028533191897125e+34, e: -1.4916461944046125e+34
#ERR  p: [377, 736], r: -3.1434704408443919e+34, e: -3.2851858551336565e+34
#ERR  p: [378, 736], r: -2.9724874005583344e+34, e: -2.9984791896231703e+34
#ERR  p: [379, 736], r: -3.3551888884751662e+34, e: -3.2535545064258522e+34
#ERR  p: [380, 736], r: -4.1353946561225885e+34, e: -4.0468868950738410e+34
#ERR  p: [381, 736], r: 2.3338371053471010e+34, e: 2.4245305733292108e+34
#ERR  p: [382, 736], r: 8.9100189633947960e+33, e: 6.5980854739267948e+33
#ERR  p: [383, 736], r: 3.2954468925312851e+34, e: 3.4498447549350206e+34
#ERR  p: [384, 736], r: -2.6231958717007503e+33, e: -8.3352328806642600e+32
#ERR  p: [385, 736], r: -1.7526299514267957e+34, e: -1.6862211531953472e+34
#ERR  p: [386, 736], r: -2.5944474996534357e+34, e: -2.6226556965646081e+34
#ERR  p: [387, 736], r: 4.2599715333319706e+34, e: 4.3980993973873862e+34
#ERR  p: [388, 736], r: -2.8157654295248446e+34, e: -2.8944597922941690e+34
#ERR  p: [389, 736], r: -4.8168014814836780e+33, e: -5.8187811742159800e+33
#ERR  p: [390, 736], r: -3.3736427058982884e+32, e: -1.1205486612400262e+33
#ERR  p: [391, 736], r: -1.5406813707427182e+34, e: -1.5020863617259258e+34
#ERR  p: [392, 736], r: 1.5046123783760876e+34, e: 1.5353600854838500e+34
#ERR  p: [393, 736], r: -8.4447515790297786e+33, e: -8.1794622665509609e+33
#ERR  p: [394, 736], r: -3.9034830543649950e+33, e: -2.9440448615977253e+33
#ERR  p: [395, 736], r: -2.0730703592138046e+34, e: -2.0500773561001337e+34
#ERR  p: [396, 736], r: 4.3567809202841659e+34, e: 4.3378473701473196e+34
#ERR  p: [397, 736], r: -6.5132016585490512e+34, e: -6.4641450658482659e+34
#ERR  p: [398, 736], r: -2.7454854689965467e+33, e: -9.4637668741276966e+32
#ERR  p: [399, 736], r: 1.1642845876519630e+34, e: 1.0852453347876936e+34
#ERR  p: [400, 736], r: 2.0893630118648434e+34, e: 1.7955328679862973e+34
#ERR  p: [401, 736], r: -5.6325033847445517e+34, e: -5.6430773733841117e+34
#ERR  p: [402, 736], r: 3.9166338151963275e+34, e: 3.7551757331605397e+34
#ERR  p: [403, 736], r: -1.0629106681869146e+34, e: -9.9512911824590257e+33
#ERR  p: [404, 736], r: -1.1446853971559929e+34, e: -1.3802455795913722e+34
#ERR  p: [405, 736], r: 6.4091529220411189e+32, e: 9.7277978205565807e+32
#ERR  p: [406, 736], r: 7.4418688090388180e+32, e: 9.5183399133345434e+32
#ERR  p: [407, 736], r: -3.4979312978210219e+34, e: -3.4551683922799635e+34
#ERR  p: [408, 736], r: -5.7652278881164945e+33, e: -2.8410999343258218e+33
#ERR  p: [409, 736], r: 4.5733859505290134e+33, e: 5.1360742642256330e+33
#ERR  p: [410, 736], r: -3.7574216039798112e+34, e: -3.8837177323157528e+34
#ERR  p: [411, 736], r: 1.0530306687333780e+34, e: 9.7833485229094532e+33
#ERR  p: [412, 736], r: 4.0809334029012891e+33, e: 2.7729027460166197e+33
#ERR  p: [413, 736], r: -2.1048082945589914e+34, e: -1.8526603345672076e+34
#ERR  p: [414, 736], r: -9.4836611895290323e+33, e: -1.0943034658491487e+34
#ERR  p: [415, 736], r: -2.2196965578449104e+34, e: -2.1354626609877917e+34
#ERR  p: [416, 736], r: -9.1967221626731722e+33, e: -7.5919383997861980e+33
#ERR  p: [417, 736], r: -2.1649422223193102e+34, e: -2.2792444447906315e+34
#ERR  p: [418, 736], r: -1.0740331880578820e+34, e: -8.7281890924845200e+33
#ERR  p: [419, 736], r: 3.1182115741798149e+33, e: 3.9444096615487795e+33
#ERR  p: [420, 736], r: 3.2053171824430659e+34, e: 3.1263821641301043e+34
#ERR  p: [421, 736], r: -6.7937449919859473e+33, e: -7.0384634548319599e+33
#ERR  p: [422, 736], r: 5.0662330915442599e+33, e: 3.7045912748632683e+33
#ERR  p: [423, 736], r: -1.7980533139062824e+34, e: -1.8047125647596102e+34
#ERR  p: [424, 736], r: 4.9427269086748557e+33, e: 5.8185595829489479e+33
#ERR  p: [425, 736], r: -6.5189080669541411e+33, e: -4.3103694959623236e+33
#ERR  p: [426, 736], r: 9.0270723838094251e+33, e: 7.0782675598851223e+33
#ERR  p: [427, 736], r: 1.5771318962294566e+34, e: 1.3931888616721205e+34
#ERR  p: [428, 736], r: 1.1617439633093376e+34, e: 1.2822629968639462e+34
#ERR  p: [429, 736], r: 7.6247004829258856e+33, e: 8.0964571489768369e+33
#ERR  p: [430, 736], r: 2.2011335231618222e+33, e: 1.3767378764900571e+33
#ERR  p: [431, 736], r: 1.0712866942867235e+34, e: 9.2985315894440411e+33
#ERR  p: [432, 736], r: 3.1231407419312395e+34, e: 3.0044574496608872e+34
#ERR  p: [433, 736], r: 9.2266815495639177e+33, e: 6.7597431118969154e+33
#ERR  p: [434, 736], r: 2.3004117339343643e+34, e: 2.3219075723645235e+34
#ERR  p: [435, 736], r: -5.9343360682130542e+33, e: -8.6900048319727625e+33
#ERR  p: [436, 736], r: -7.0150218222480519e+33, e: -7.4976909297453038e+33
#ERR  p: [437, 736], r: -1.0365065212949928e+34, e: -8.2836671072978471e+33
#ERR  p: [438, 736], r: -2.2009066087526212e+34, e: -2.1589020652796289e+34
#ERR  p: [439, 736], r: -7.6857447917910949e+34, e: -7.7139262491974187e+34
#ERR  p: [440, 736], r: 1.0399618595326462e+34, e: 9.6729997857475937e+33
#ERR  p: [441, 736], r: -1.4988356549767663e+34, e: -1.4079610763669090e+34
#ERR  p: [442, 736], r: 2.3641935924539483e+33, e: 2.5149697374787504e+33
#ERR  p: [443, 736], r: -1.6672937927586973e+34, e: -1.6130155689722062e+34
#ERR  p: [444, 736], r: 1.7851969352162919e+34, e: 1.7603329095272450e+34
#ERR  p: [445, 736], r: 1.4484107671505588e+34, e: 1.5585881734109813e+34
#ERR  p: [446, 736], r: 8.0571636941898797e+32, e: -1.0317920742433823e+32
#ERR  p: [447, 736], r: -6.8448162083066657e+33, e: -7.1374751371140439e+33
#ERR  p: [448, 736], r: -4.7045125827952485e+32, e: -1.0284743949380975e+32
#ERR  p: [449, 736], r: -7.7517824555987656e+33, e: -5.7846827348038839e+33
#ERR  p: [450, 736], r: -4.9185722226283193e+33, e: -6.0813891085697056e+33
#ERR  p: [451, 736], r: -6.2645373856218205e+33, e: -6.2563768848828512e+33
#ERR  p: [452, 736], r: -4.0911598398748197e+34, e: -4.1463041265127948e+34
#ERR  p: [453, 736], r: 8.8965464619472532e+33, e: 8.6442697561913837e+33
#ERR  p: [454, 736], r: 1.7234237272559514e+34, e: 1.4863564766167461e+34
#ERR  p: [455, 736], r: -9.3407249187730244e+32, e: 2.3041066135696194e+32
#ERR  p: [456, 736], r: 6.1409575453200788e+33, e: 7.5335732407540102e+33
#ERR  p: [457, 736], r: -3.0037951517398695e+34, e: -2.9335618615510528e+34
#ERR  p: [458, 736], r: 7.1704953307519225e+32, e: -1.3779292390353644e+33
#ERR  p: [459, 736], r: 6.1563154294474532e+34, e: 6.1224988689823024e+34
#ERR  p: [460, 736], r: -2.3483455150195178e+34, e: -2.1223806058286395e+34
#ERR  p: [461, 736], r: 3.1182747091218185e+33, e: 2.9391398336770668e+33
#ERR  p: [462, 736], r: 1.0299729987269049e+33, e: 1.4810287540696736e+33
#ERR  p: [463, 736], r: 4.5299320887550278e+34, e: 4.4554348378948964e+34
#ERR  p: [464, 736], r: 2.7996677524299932e+34, e: 2.8002807803374473e+34
#ERR  p: [465, 736], r: -3.3678822304619827e+34, e: -3.5515113234253560e+34
#ERR  p: [466, 736], r: -5.6732296313329779e+34, e: -5.6298740001011096e+34
#ERR  p: [467, 736], r: 2.0661829560112364e+34, e: 2.1097167268147579e+34
#ERR  p: [468, 736], r: -3.5172280595653946e+34, e: -3.4910852418157659e+34
#ERR  p: [469, 736], r: 1.8903823482682960e+34, e: 1.8654549400492377e+34
#ERR  p: [470, 736], r: 3.0342596181666435e+34, e: 3.3229071260707213e+34
#ERR  p: [471, 736], r: -3.3489929985785428e+34, e: -3.2221432634570328e+34
#ERR  p: [472, 736], r: 9.6226131502686001e+33, e: 1.2611038781244726e+34
#ERR  p: [473, 736], r: 2.3083001354526986e+34, e: 2.5667966233479496e+34
#ERR  p: [474, 736], r: -2.2889959460680903e+34, e: -2.2911534279685568e+34
#ERR  p: [475, 736], r: 4.5972481732412685e+33, e: 6.3845983813618934e+33
#ERR  p: [476, 736], r: -7.2319800986831094e+33, e: -7.4590876265302482e+33
#ERR  p: [477, 736], r: -4.4333987624315931e+33, e: -4.0820918052930504e+33
#ERR  p: [478, 736], r: -1.3936741341675204e+34, e: -1.2800316099431343e+34
#ERR  p: [479, 736], r: -3.4760836368316978e+34, e: -3.3718223460190202e+34
#ERR  p: [480, 736], r: -2.6723062528962426e+34, e: -2.5894603344111706e+34
#ERR  p: [481, 736], r: -4.3258979063301096e+33, e: -4.3400351815787487e+33
#ERR  p: [482, 736], r: -2.8286640219701747e+34, e: -2.7670928458242455e+34
#ERR  p: [483, 736], r: 2.1416531039482422e+34, e: 2.2560664934350913e+34
#ERR  p: [484, 736], r: -1.6894865914309742e+34, e: -1.6290605098213840e+34
#ERR  p: [485, 736], r: -8.0248206537534902e+33, e: -6.0194147353529812e+33
#ERR  p: [486, 736], r: 4.6498572824727911e+34, e: 4.8308634280809266e+34
#ERR  p: [487, 736], r: 2.0929565042108810e+34, e: 2.2224351287998175e+34
#ERR  p: [488, 736], r: -3.0346794036339651e+33, e: -1.0274631526685063e+33
#ERR  p: [489, 736], r: 1.7739873881605628e+34, e: 2.0194296745475455e+34
#ERR  p: [490, 736], r: -2.2975723946602594e+34, e: -2.3324218922941900e+34
#ERR  p: [491, 736], r: -2.4023647617497904e+34, e: -2.3037450112841441e+34
#ERR  p: [492, 736], r: 2.1233209450824807e+34, e: 2.3845671453929923e+34
#ERR  p: [493, 736], r: -9.2235545130246828e+33, e: -9.5752037605840879e+33
#ERR  p: [494, 736], r: -7.1921190483881398e+33, e: -6.2482813759959445e+33
#ERR  p: [495, 736], r: 7.3540601746272569e+32, e: -8.4819040165187918e+32
#ERR  p: [496, 736], r: 2.4984348509105245e+34, e: 2.4881634148165658e+34
#ERR  p: [497, 736], r: 2.9446275599742169e+34, e: 2.9243070218173553e+34
#ERR  p: [498, 736], r: 2.8494718133264990e+32, e: 2.3459397023471706e+33
#ERR  p: [499, 736], r: 2.5945698081293171e+34, e: 2.4098305305387127e+34
#ERR  p: [500, 736], r: -4.9421085576252326e+33, e: -6.3438429193885401e+33
#SDC Ite:4 KerTime:2.3731825 AccTime:9.1441161 KerErr:16384 AccErr:16384
#ABORT too many errors per iteration
#END
