#HEADER matrix_dim:2048 threads:4 block_size:16 block_offset:12 precision:Float
#BEGIN Y:2024 M:06 D:06 Time:02:19:30
#IT 0 KerTime:2.2874800 AccTime:2.2874800
#IT 1 KerTime:2.3675613 AccTime:4.6550412
#IT 2 KerTime:2.3565220 AccTime:7.0115632
#IT 3 KerTime:2.3357076 AccTime:9.3472708
#IT 4 KerTime:2.2580839 AccTime:11.6053547
#IT 5 KerTime:2.2573855 AccTime:13.8627402
#ERR  p: [1776, 1624], r: 4.2371879896729468e+34, e: 4.1808438915488962e+34
#ERR  p: [1777, 1624], r: -1.4000037215883865e+34, e: -1.3309343426245059e+34
#ERR  p: [1778, 1624], r: -1.6469899667923660e+34, e: -1.5746115741034755e+34
#ERR  p: [1779, 1624], r: -3.2578518914782274e+34, e: -3.1066952036853489e+34
#ERR  p: [1780, 1624], r: 2.4486246003138222e+34, e: 2.5723611638245374e+34
#ERR  p: [1781, 1624], r: -9.2188565305755948e+33, e: -1.0533712260381854e+34
#ERR  p: [1782, 1624], r: -2.2172234012344261e+34, e: -2.0930758416306681e+34
#ERR  p: [1783, 1624], r: -5.3435130912435958e+33, e: -3.8305080364741709e+33
#ERR  p: [1784, 1624], r: -5.9363960004384251e+33, e: -4.5631181663581706e+33
#ERR  p: [1785, 1624], r: -3.4539490213412674e+34, e: -3.3265942066837289e+34
#ERR  p: [1786, 1624], r: -3.0642972428678718e+34, e: -3.1898818032692322e+34
#ERR  p: [1787, 1624], r: -1.4097441433024937e+33, e: -2.8928736816188346e+33
#ERR  p: [1788, 1624], r: -2.6833086925833992e+33, e: -2.3886025204360528e+33
#ERR  p: [1789, 1624], r: -2.1009228959516903e+34, e: -2.0855801146927951e+34
#ERR  p: [1790, 1624], r: -2.0409929807098457e+34, e: -1.9408574964600985e+34
#ERR  p: [1791, 1624], r: 9.2472845856377443e+33, e: 8.6041202658672606e+33
#ERR  p: [1792, 1624], r: 1.4758086704090170e+33, e: 2.6113791150557517e+33
#ERR  p: [1793, 1624], r: 3.2536631975613014e+34, e: 3.1258367277487952e+34
#ERR  p: [1794, 1624], r: -2.1495905278921322e+34, e: -2.2492580708070296e+34
#ERR  p: [1795, 1624], r: 7.8257269352828550e+32, e: 1.2171267855186325e+33
#ERR  p: [1796, 1624], r: 9.0603432603052590e+33, e: 9.3272852227365227e+33
#ERR  p: [1797, 1624], r: -6.4861558873347678e+33, e: -5.9387115672819084e+33
#ERR  p: [1798, 1624], r: 2.4343575889490660e+34, e: 2.5583553578080704e+34
#ERR  p: [1799, 1624], r: 3.7173009576586035e+34, e: 3.6077566339342716e+34
#ERR  p: [1800, 1624], r: -5.1408767907110386e+34, e: -5.2419996559361199e+34
#ERR  p: [1801, 1624], r: -3.0493607535298701e+33, e: -2.8719131903586644e+33
#ERR  p: [1802, 1624], r: 3.1322334115197906e+34, e: 2.9745354485593281e+34
#ERR  p: [1803, 1624], r: 2.0903333092676353e+34, e: 2.1875928112181148e+34
#ERR  p: [1804, 1624], r: 1.6614182817442410e+34, e: 1.5078924243041782e+34
#ERR  p: [1805, 1624], r: 1.0982973080038912e+33, e: 4.1135571462415865e+32
#ERR  p: [1806, 1624], r: 3.1807428347232118e+34, e: 3.1084610013573856e+34
#ERR  p: [1807, 1624], r: -2.6575428275757330e+34, e: -2.5145397080576037e+34
#ERR  p: [1808, 1624], r: -5.7990964420632953e+34, e: -5.7747521036027405e+34
#ERR  p: [1809, 1624], r: 1.5138410975749562e+34, e: 1.5717228410218031e+34
#ERR  p: [1810, 1624], r: -1.8981822370738214e+34, e: -2.0290040266053826e+34
#ERR  p: [1811, 1624], r: 9.2669591666821068e+32, e: 1.9401715848328314e+33
#ERR  p: [1812, 1624], r: -4.1129089608370167e+34, e: -4.2689302578082710e+34
#ERR  p: [1813, 1624], r: -4.9710537002417916e+34, e: -5.0936686900769142e+34
#ERR  p: [1814, 1624], r: 3.1659521128248360e+33, e: 1.8747311342486129e+33
#ERR  p: [1815, 1624], r: 1.8085129168862124e+34, e: 1.8684864076174398e+34
#ERR  p: [1816, 1624], r: 2.9730194671872193e+34, e: 2.9112725035557116e+34
#ERR  p: [1817, 1624], r: 1.9756827304692591e+34, e: 1.9932637073191822e+34
#ERR  p: [1818, 1624], r: -1.8563677173968595e+34, e: -1.7566157469712828e+34
#ERR  p: [1819, 1624], r: -3.2889707330097676e+34, e: -3.1621105991919275e+34
#ERR  p: [1820, 1624], r: -4.0588087528281749e+34, e: -4.0006948956239620e+34
#ERR  p: [1821, 1624], r: -3.0839163641984744e+34, e: -3.0384785178205280e+34
#ERR  p: [1822, 1624], r: 2.4075316758857597e+34, e: 2.4852886704573373e+34
#ERR  p: [1823, 1624], r: -3.9388996678051727e+32, e: -1.8161135901909158e+33
#ERR  p: [1824, 1624], r: 4.1882569240921450e+33, e: 4.5311477458736060e+33
#ERR  p: [1825, 1624], r: 1.0310831059828836e+34, e: 8.8853257734311705e+33
#ERR  p: [1826, 1624], r: -1.8047619585671777e+34, e: -1.9570934514573380e+34
#ERR  p: [1827, 1624], r: 1.3343978512664185e+34, e: 1.2863395334133129e+34
#ERR  p: [1828, 1624], r: 4.5550019219756058e+33, e: 4.0106054102994670e+33
#ERR  p: [1829, 1624], r: -1.0085149019936934e+34, e: -8.7435964942134659e+33
#ERR  p: [1830, 1624], r: -3.2253477950427269e+34, e: -3.1536477934953648e+34
#ERR  p: [1831, 1624], r: 1.6958208830239896e+34, e: 1.7565467937110946e+34
#ERR  p: [1832, 1624], r: -4.9752166450059005e+34, e: -4.8726983737685367e+34
#ERR  p: [1833, 1624], r: 2.5687292953372819e+33, e: 1.9998314744036069e+33
#ERR  p: [1834, 1624], r: 2.3035853170190763e+34, e: 2.3274035309629349e+34
#ERR  p: [1835, 1624], r: 4.7593981399650130e+34, e: 4.7385655898079029e+34
#ERR  p: [1836, 1624], r: -3.1916656748658424e+33, e: -3.6035939367581706e+33
#ERR  p: [1837, 1624], r: 1.2153465194223867e+34, e: 1.1137810906332609e+34
#ERR  p: [1838, 1624], r: -4.7030535466649468e+34, e: -4.6593354465895757e+34
#ERR  p: [1839, 1624], r: -1.1535722592130129e+33, e: -1.4602013413637266e+33
#ERR  p: [1840, 1624], r: 2.6585299609630591e+34, e: 2.8049337017691053e+34
#ERR  p: [1841, 1624], r: 3.4519527192339158e+34, e: 3.5860290531287582e+34
#ERR  p: [1842, 1624], r: -2.9392969901650541e+34, e: -3.0011117929107146e+34
#ERR  p: [1843, 1624], r: -1.3672797670019089e+34, e: -1.2070286765044243e+34
#ERR  p: [1844, 1624], r: 1.7225001001926406e+34, e: 1.7904467913348933e+34
#ERR  p: [1845, 1624], r: 5.1556668317423929e+33, e: 3.6835255586997588e+33
#ERR  p: [1846, 1624], r: -1.1807730514687158e+33, e: -1.2080163979132692e+33
#ERR  p: [1847, 1624], r: -6.9787637964374224e+33, e: -7.1760481107981370e+33
#ERR  p: [1848, 1624], r: -2.0642937357172830e+34, e: -1.9198734224421799e+34
#ERR  p: [1849, 1624], r: 3.3723795428307026e+33, e: 4.6997344437286168e+33
#ERR  p: [1850, 1624], r: -3.1532160000096621e+34, e: -3.0072621266138922e+34
#ERR  p: [1851, 1624], r: 1.5233063871153322e+34, e: 1.6041483282648090e+34
#ERR  p: [1852, 1624], r: -8.0777481611631170e+33, e: -8.4059464915883195e+33
#ERR  p: [1853, 1624], r: -3.3456404093641502e+34, e: -3.3736436034048169e+34
#ERR  p: [1854, 1624], r: 1.6521285321014357e+34, e: 1.5402190001380451e+34
#ERR  p: [1855, 1624], r: 7.9760198194648212e+32, e: -6.6299426228977647e+30
#ERR  p: [1856, 1624], r: -4.1024874864102967e+34, e: -4.1817654141141403e+34
#ERR  p: [1857, 1624], r: 5.9678031582051148e+33, e: 4.5601836294950446e+33
#ERR  p: [1858, 1624], r: 2.4959602087719930e+34, e: 2.4663026316628253e+34
#ERR  p: [1859, 1624], r: 1.3081800143504092e+34, e: 1.2034351841583867e+34
#ERR  p: [1860, 1624], r: -4.7505523156202954e+34, e: -4.6059856778325487e+34
#ERR  p: [1861, 1624], r: -4.9897530321232051e+34, e: -4.9811458826180617e+34
#ERR  p: [1862, 1624], r: 2.0192234337370005e+34, e: 2.1553088205215992e+34
#ERR  p: [1863, 1624], r: 3.5875229991681678e+34, e: 3.6598305816868111e+34
#ERR  p: [1864, 1624], r: -1.6430624782237292e+34, e: -1.5781997433073442e+34
#ERR  p: [1865, 1624], r: 2.4048359376562119e+34, e: 2.3623211152990262e+34
#ERR  p: [1866, 1624], r: 5.8024725521384344e+32, e: 2.0564214274194594e+33
#ERR  p: [1867, 1624], r: 1.9682661078998964e+34, e: 2.1145149824070281e+34
#ERR  p: [1868, 1624], r: -3.6230932254929703e+34, e: -3.7748183753518887e+34
#ERR  p: [1869, 1624], r: 2.6756585945226274e+34, e: 2.6320261598979748e+34
#ERR  p: [1870, 1624], r: -2.5607604277163941e+34, e: -2.6705095067232238e+34
#ERR  p: [1871, 1624], r: 2.3015008735809276e+34, e: 2.2249627547720304e+34
#ERR  p: [1872, 1624], r: -2.6801793039580897e+34, e: -2.5979800853495405e+34
#ERR  p: [1873, 1624], r: 3.3311240768754819e+34, e: 3.4755372100983573e+34
#ERR  p: [1874, 1624], r: -2.9752692994146165e+34, e: -3.0204783744733029e+34
#ERR  p: [1875, 1624], r: -1.4665077174088561e+34, e: -1.5450054952999421e+34
#ERR  p: [1876, 1624], r: 6.9659987777223312e+33, e: 6.3691136083804923e+33
#ERR  p: [1877, 1624], r: 2.2705246427419131e+34, e: 2.3423957276027044e+34
#ERR  p: [1878, 1624], r: -6.3464388796509216e+32, e: 8.1261014801275843e+31
#ERR  p: [1879, 1624], r: -2.0592872586104051e+34, e: -2.1936438621301417e+34
#ERR  p: [1880, 1624], r: -1.9840427871425611e+34, e: -2.1260805610180556e+34
#ERR  p: [1881, 1624], r: 1.6614862446523978e+34, e: 1.5174969820989738e+34
#ERR  p: [1882, 1624], r: 1.6522955302127353e+34, e: 1.6663530821228443e+34
#ERR  p: [1883, 1624], r: -2.3417944601256235e+33, e: -2.8313044242799664e+33
#ERR  p: [1884, 1624], r: 7.2398199729519038e+33, e: 6.7515844680680051e+33
#ERR  p: [1885, 1624], r: -4.3284187236321064e+34, e: -4.2551891233722033e+34
#ERR  p: [1886, 1624], r: -1.6820174802039458e+34, e: -1.7460550042901432e+34
#ERR  p: [1887, 1624], r: -1.5839130841766541e+34, e: -1.4569802832785080e+34
#ERR  p: [1888, 1624], r: 1.0967224006859123e+34, e: 1.0287169073917935e+34
#ERR  p: [1889, 1624], r: -2.7677729700818289e+34, e: -2.8663981674836480e+34
#ERR  p: [1890, 1624], r: 1.9781622005739438e+34, e: 2.1198480280962695e+34
#ERR  p: [1891, 1624], r: -8.0394735310284916e+32, e: 5.8349870472702649e+32
#ERR  p: [1892, 1624], r: -3.5551936998662143e+34, e: -3.6496051969623139e+34
#ERR  p: [1893, 1624], r: -3.4363673017273207e+34, e: -3.4473022736823363e+34
#ERR  p: [1894, 1624], r: 2.8647898357846085e+34, e: 2.7283247727899610e+34
#ERR  p: [1895, 1624], r: 2.3530992047703737e+34, e: 2.2974027968748773e+34
#ERR  p: [1896, 1624], r: 2.2076533819667265e+34, e: 2.3600230034100968e+34
#ERR  p: [1897, 1624], r: 1.6757211933701364e+34, e: 1.5554001064278096e+34
#ERR  p: [1898, 1624], r: 7.5610672700565189e+33, e: 7.1128252750517934e+33
#ERR  p: [1899, 1624], r: 1.0876183420489998e+34, e: 9.4704926023611340e+33
#ERR  p: [1900, 1624], r: -1.8321549719624807e+34, e: -1.9414086273655883e+34
#ERR  p: [1901, 1624], r: -1.8982597321202807e+34, e: -1.9978782526096224e+34
#ERR  p: [1902, 1624], r: 6.4744152640021853e+33, e: 7.2939730410004231e+33
#ERR  p: [1903, 1624], r: 1.2955584728858712e+34, e: 1.2930305993256504e+34
#ERR  p: [1904, 1624], r: -6.6345123547587828e+34, e: -6.5051807974465134e+34
#ERR  p: [1905, 1624], r: -4.2732165014002928e+34, e: -4.2198791120436586e+34
#ERR  p: [1906, 1624], r: 3.4069700634084147e+33, e: 2.1502294287464073e+33
#ERR  p: [1907, 1624], r: -3.1167603989687626e+34, e: -3.2550061149159182e+34
#ERR  p: [1908, 1624], r: -1.1650323034356914e+34, e: -1.2535937910821439e+34
#ERR  p: [1909, 1624], r: -1.9655771783405647e+34, e: -2.0558814379743232e+34
#ERR  p: [1910, 1624], r: -1.8881085000041366e+34, e: -2.0299784092103041e+34
#ERR  p: [1911, 1624], r: 2.2104840556605564e+34, e: 2.1814870433563514e+34
#ERR  p: [1912, 1624], r: -1.4727720653896519e+34, e: -1.3439260281607903e+34
#ERR  p: [1913, 1624], r: -4.0699811616827254e+34, e: -4.0623829333095996e+34
#ERR  p: [1914, 1624], r: -1.2897686273221334e+34, e: -1.1338268061014012e+34
#ERR  p: [1915, 1624], r: -2.8870610889068751e+32, e: 1.1410545963920214e+33
#ERR  p: [1916, 1624], r: 1.3550011968252549e+33, e: 8.7792634036553366e+32
#ERR  p: [1917, 1624], r: 1.1094145047326896e+34, e: 1.1354126072917258e+34
#ERR  p: [1918, 1624], r: -8.1305258778279902e+33, e: -9.1170960024362776e+33
#ERR  p: [1919, 1624], r: 5.3075470954882337e+34, e: 5.1864171385242378e+34
#ERR  p: [1920, 1624], r: -5.8910483998893427e+33, e: -5.1418582295741841e+33
#ERR  p: [1921, 1624], r: -8.2251174951998058e+33, e: -6.9014921981552486e+33
#ERR  p: [1922, 1624], r: -1.1248209161096040e+34, e: -1.1698602695889044e+34
#ERR  p: [1923, 1624], r: -1.1940158221934682e+34, e: -1.3122543226077052e+34
#ERR  p: [1924, 1624], r: -3.5499408726915186e+34, e: -3.5524018974896179e+34
#ERR  p: [1925, 1624], r: -2.8171558837769699e+34, e: -2.7012510241307897e+34
#ERR  p: [1926, 1624], r: 4.8202706227527694e+34, e: 4.9402596941765599e+34
#ERR  p: [1927, 1624], r: -3.3324397595492344e+34, e: -3.3136686271455424e+34
#ERR  p: [1928, 1624], r: 2.5311550916768842e+34, e: 2.6213464511790599e+34
#ERR  p: [1929, 1624], r: -2.5314068886808749e+34, e: -2.3678787233113940e+34
#ERR  p: [1930, 1624], r: 3.4721141820957293e+33, e: 3.9321159885036462e+33
#ERR  p: [1931, 1624], r: -4.3499593754916878e+34, e: -4.2264674289327354e+34
#ERR  p: [1932, 1624], r: 3.1750828490695951e+33, e: 1.7611102120779123e+33
#ERR  p: [1933, 1624], r: 3.1511810741730848e+34, e: 3.0143934040041995e+34
#ERR  p: [1934, 1624], r: 1.6592141295042934e+34, e: 1.6628457504035410e+34
#ERR  p: [1935, 1624], r: 5.1328529585524065e+34, e: 5.0760745910625747e+34
#ERR  p: [1936, 1624], r: -4.4646499397533329e+33, e: -2.9764330868455487e+33
#ERR  p: [1937, 1624], r: 2.0437183057063325e+34, e: 1.9021853637788586e+34
#ERR  p: [1938, 1624], r: 4.3556033917187977e+34, e: 4.2559759580611731e+34
#ERR  p: [1939, 1624], r: 2.2260526371826172e+33, e: 3.4538861339872717e+33
#ERR  p: [1940, 1624], r: -5.6219085987123317e+34, e: -5.6156906734830091e+34
#ERR  p: [1941, 1624], r: 2.3862158339373126e+34, e: 2.2923987956480779e+34
#ERR  p: [1942, 1624], r: -1.3071933451905978e+33, e: 2.5547848292497616e+32
#ERR  p: [1943, 1624], r: -2.0275093378019494e+34, e: -2.1437264059260373e+34
#ERR  p: [1944, 1624], r: 3.1970930515860774e+34, e: 3.3010181178840851e+34
#ERR  p: [1945, 1624], r: -2.5533327255836798e+33, e: -2.5400137287010084e+33
#ERR  p: [1946, 1624], r: 3.3531935767198460e+34, e: 3.2157500459181474e+34
#ERR  p: [1947, 1624], r: 2.3356727228373534e+34, e: 2.3145623789354276e+34
#ERR  p: [1948, 1624], r: -1.0381411592198672e+33, e: 1.1709674831600412e+31
#ERR  p: [1949, 1624], r: -4.9263021678216251e+34, e: -4.9706649870694560e+34
#ERR  p: [1950, 1624], r: 1.8934879684448513e+34, e: 1.9522044548601883e+34
#ERR  p: [1951, 1624], r: -7.0256773911362008e+33, e: -6.8472902314751775e+33
#ERR  p: [1952, 1624], r: -5.3711841459717222e+33, e: -4.1007308494945507e+33
#ERR  p: [1953, 1624], r: -1.3170588916941757e+34, e: -1.1750670453941387e+34
#ERR  p: [1954, 1624], r: -1.4581793520005598e+34, e: -1.3671127688906094e+34
#ERR  p: [1955, 1624], r: -1.2470034625405033e+33, e: -4.6768306960917783e+32
#ERR  p: [1956, 1624], r: 2.6965107041323582e+34, e: 2.7087148122156492e+34
#ERR  p: [1957, 1624], r: -1.6096951661988350e+34, e: -1.5555323184240053e+34
#ERR  p: [1958, 1624], r: 5.1910505005032751e+34, e: 5.2527212070283628e+34
#ERR  p: [1959, 1624], r: -2.5027894287927147e+34, e: -2.5791188309109884e+34
#ERR  p: [1960, 1624], r: -2.4188241649241209e+34, e: -2.2809654290332460e+34
#ERR  p: [1961, 1624], r: -1.5742165474369395e+34, e: -1.4280237516135876e+34
#ERR  p: [1962, 1624], r: -5.4594362724023573e+32, e: -1.7409655233036312e+33
#ERR  p: [1963, 1624], r: -5.4425755290672905e+33, e: -6.7008115952967545e+33
#ERR  p: [1964, 1624], r: 2.5263820900614155e+34, e: 2.6461676441427475e+34
#ERR  p: [1965, 1624], r: -5.2592632249599703e+33, e: -6.0115544350735387e+33
#ERR  p: [1966, 1624], r: 1.4696826622276113e+34, e: 1.3509572799959234e+34
#ERR  p: [1967, 1624], r: 8.3949659634398582e+33, e: 7.3427726373490528e+33
#ERR  p: [1968, 1624], r: -2.6793887554490021e+33, e: -2.9642195704179591e+33
#ERR  p: [1969, 1624], r: -3.3887261696674543e+34, e: -3.5223167358908811e+34
#ERR  p: [1970, 1624], r: -1.3117296217220541e+33, e: 1.0460902816971285e+31
#ERR  p: [1971, 1624], r: 8.3313197522000789e+33, e: 8.2367138985178116e+33
#ERR  p: [1972, 1624], r: -3.0757808698482987e+34, e: -2.9947225367799548e+34
#ERR  p: [1973, 1624], r: 2.2585703819070509e+33, e: 3.6942321926145283e+33
#ERR  p: [1974, 1624], r: -3.6307942028893568e+34, e: -3.4955440542492640e+34
#ERR  p: [1975, 1624], r: -1.4844677514988084e+33, e: -9.4498771868869146e+31
#ERR  p: [1976, 1624], r: 1.3726208593014057e+34, e: 1.5174620721898659e+34
#ERR  p: [1977, 1624], r: 4.2187986379773703e+34, e: 4.3229940703799579e+34
#ERR  p: [1978, 1624], r: -2.0290228432939797e+34, e: -2.1100103661920764e+34
#ERR  p: [1979, 1624], r: 1.3919713476434834e+33, e: 3.0262081799451353e+33
#ERR  p: [1980, 1624], r: -3.8244971567164188e+34, e: -3.8637096502248068e+34
#ERR  p: [1981, 1624], r: -5.7454035163273784e+33, e: -5.2656918475839793e+33
#ERR  p: [1982, 1624], r: -1.9524562518641789e+34, e: -2.0909807519081815e+34
#ERR  p: [1983, 1624], r: 1.2590814554822921e+34, e: 1.2620656337409934e+34
#ERR  p: [1984, 1624], r: -4.8497514220243272e+34, e: -4.7176250912793671e+34
#ERR  p: [1985, 1624], r: -2.0070806036856542e+34, e: -1.9589029484127615e+34
#ERR  p: [1986, 1624], r: -1.5937232638119750e+34, e: -1.6273863197122545e+34
#ERR  p: [1987, 1624], r: 1.4612415204817361e+33, e: 6.3633646148380509e+32
#ERR  p: [1988, 1624], r: 2.7190478977235642e+34, e: 2.6331390679932924e+34
#ERR  p: [1989, 1624], r: 3.5900127441751785e+34, e: 3.6108091464831415e+34
#ERR  p: [1990, 1624], r: -6.9783249466934957e+33, e: -7.3884848112397047e+33
#ERR  p: [1991, 1624], r: 1.8470795770761052e+34, e: 2.0002011232993375e+34
#ERR  p: [1992, 1624], r: 3.7248003365195923e+33, e: 3.2620360669140100e+33
#ERR  p: [1993, 1624], r: -2.7259594407568984e+33, e: -3.1276041347428829e+33
#ERR  p: [1994, 1624], r: 4.2948012239252726e+34, e: 4.3611617424951890e+34
#ERR  p: [1995, 1624], r: -1.5598020974135045e+34, e: -1.4956661570941840e+34
#ERR  p: [1996, 1624], r: -1.3234299501063579e+34, e: -1.2813048312735393e+34
#ERR  p: [1997, 1624], r: -2.1103555038750292e+34, e: -2.0885430003828208e+34
#ERR  p: [1998, 1624], r: -2.2684481221200158e+34, e: -2.3829184568486721e+34
#ERR  p: [1999, 1624], r: -1.7546250155941080e+34, e: -1.8654303050424560e+34
#ERR  p: [2000, 1624], r: 6.7066880966632422e+33, e: 7.1746083865324481e+33
#ERR  p: [2001, 1624], r: 3.6949786704582173e+34, e: 3.8076515162498312e+34
#ERR  p: [2002, 1624], r: -2.8213839441871452e+34, e: -2.6926924018751863e+34
#ERR  p: [2003, 1624], r: 3.6497824699759395e+34, e: 3.5409784343951003e+34
#ERR  p: [2004, 1624], r: 2.8703184760000570e+34, e: 2.7922480350105323e+34
#ERR  p: [2005, 1624], r: -2.1072792228774050e+34, e: -2.1844840961914613e+34
#ERR  p: [2006, 1624], r: 3.9508973958096644e+33, e: 2.9754616133997195e+33
#ERR  p: [2007, 1624], r: 1.7668289998833951e+34, e: 1.9041695340738252e+34
#ERR  p: [2008, 1624], r: -1.1923213298676944e+34, e: -1.3503463565865360e+34
#ERR  p: [2009, 1624], r: 8.6410195446182400e+33, e: 7.4561957985984775e+33
#ERR  p: [2010, 1624], r: -2.6696090291386476e+34, e: -2.6185024077328056e+34
#ERR  p: [2011, 1624], r: -2.1181874553275721e+34, e: -2.0301017080382169e+34
#ERR  p: [2012, 1624], r: -1.8817555155165280e+32, e: -1.3038584894672678e+33
#ERR  p: [2013, 1624], r: -2.7389507549111710e+34, e: -2.5895167844769620e+34
#ERR  p: [2014, 1624], r: -9.5230920556603502e+33, e: -9.8694280645711425e+33
#ERR  p: [2015, 1624], r: 6.9693969231301696e+33, e: 6.4115972346486879e+33
#ERR  p: [2016, 1624], r: -4.3915254406027651e+34, e: -4.2629222872096112e+34
#ERR  p: [2017, 1624], r: 4.9704740967153982e+33, e: 3.5300609173946386e+33
#ERR  p: [2018, 1624], r: -1.7631556604048236e+34, e: -1.8454091007870935e+34
#ERR  p: [2019, 1624], r: 2.1544870759235216e+34, e: 2.2852353318167491e+34
#ERR  p: [2020, 1624], r: -3.1458878901531083e+34, e: -3.0122091825988844e+34
#ERR  p: [2021, 1624], r: 1.2628867593690514e+34, e: 1.1360783714448535e+34
#ERR  p: [2022, 1624], r: -6.2211977238164589e+33, e: -6.6198812652284728e+33
#ERR  p: [2023, 1624], r: 3.0646932598864392e+33, e: 3.5138581391904519e+33
#ERR  p: [2024, 1624], r: -4.7879678153676567e+34, e: -4.8495880139391415e+34
#ERR  p: [2025, 1624], r: -1.0769584403707134e+34, e: -1.2139142227969335e+34
#ERR  p: [2026, 1624], r: -2.4233230866148919e+34, e: -2.3986336104713842e+34
#ERR  p: [2027, 1624], r: 1.2461791492168441e+34, e: 1.1595686550723053e+34
#ERR  p: [2028, 1624], r: 1.2616121763046032e+34, e: 1.1533124774957688e+34
#ERR  p: [2029, 1624], r: -2.4731672567686706e+34, e: -2.3115517087598856e+34
#ERR  p: [2030, 1624], r: -4.1305741176096112e+34, e: -4.1984503699636286e+34
#ERR  p: [2031, 1624], r: -4.2255300607349885e+34, e: -4.2037031971383244e+34
#ERR  p: [2032, 1624], r: -2.7426051539071414e+34, e: -2.7492056026086032e+34
#ERR  p: [2033, 1624], r: -1.9885043230441456e+34, e: -1.8398117548994647e+34
#ERR  p: [2034, 1624], r: 1.5868482400097997e+34, e: 1.6863204359864979e+34
#ERR  p: [2035, 1624], r: -4.4819039766388807e+34, e: -4.5784796405116590e+34
#ERR  p: [2036, 1624], r: 1.4212382308762526e+34, e: 1.5848941516577877e+34
#ERR  p: [2037, 1624], r: -5.3440559279508224e+34, e: -5.2440992022427479e+34
#ERR  p: [2038, 1624], r: 2.1420041837433835e+34, e: 2.0817541372073797e+34
#ERR  p: [2039, 1624], r: -2.9537791555086380e+34, e: -2.8752828631455992e+34
#ERR  p: [2040, 1624], r: -3.0781012646579352e+34, e: -3.1761228424965988e+34
#ERR  p: [2041, 1624], r: -2.9082093447225039e+34, e: -2.8879913080008951e+34
#ERR  p: [2042, 1624], r: 1.1419844595782801e+34, e: 1.1872570409609818e+34
#ERR  p: [2043, 1624], r: -3.9467907773173430e+34, e: -3.9543996519748066e+34
#ERR  p: [2044, 1624], r: -1.0437702582695037e+34, e: -8.9473725661401930e+33
#ERR  p: [2045, 1624], r: -2.6661858773420156e+34, e: -2.7195448068553334e+34
#ERR  p: [2046, 1624], r: -1.7040634591875634e+34, e: -1.6135502352751736e+34
#ERR  p: [2047, 1624], r: -1.7343876670078863e+34, e: -1.7618330452668511e+34
#ERR  p: [1776, 1625], r: 4.3894491675688757e+34, e: 4.3783552441128158e+34
#ERR  p: [1777, 1625], r: 1.5944553815512084e+34, e: 1.6080548956467818e+34
#ERR  p: [1778, 1625], r: -1.0314284912538442e+34, e: -1.0171773255215909e+34
#ERR  p: [1779, 1625], r: -1.0312670638727214e+34, e: -1.0015047570362301e+34
#ERR  p: [1780, 1625], r: 2.3785480333339790e+34, e: 2.4029114360711388e+34
#ERR  p: [1781, 1625], r: -5.8598070022939132e+34, e: -5.8856967850995120e+34
#ERR  p: [1782, 1625], r: -4.2830779317532401e+34, e: -4.2586335677375110e+34
#ERR  p: [1783, 1625], r: 1.9683853215256796e+34, e: 1.9981761009830744e+34
#ERR  p: [1784, 1625], r: -1.5675051793079578e+34, e: -1.5404657215878747e+34
#ERR  p: [1785, 1625], r: -1.0834067462413470e+34, e: -1.0583310328055823e+34
#ERR  p: [1786, 1625], r: -3.0718327695780078e+33, e: -3.3191051027250661e+33
#ERR  p: [1787, 1625], r: -5.7443822157949680e+33, e: -6.0364073193022320e+33
#ERR  p: [1788, 1625], r: 8.7221615624332395e+33, e: 8.7801887638347024e+33
#ERR  p: [1789, 1625], r: -2.4509080426132860e+33, e: -2.4206985918346049e+33
#ERR  p: [1790, 1625], r: -1.5305173878441695e+34, e: -1.5108009644264792e+34
#ERR  p: [1791, 1625], r: 2.6555131010873207e+34, e: 2.6428494696614469e+34
#ERR  p: [1792, 1625], r: -3.6857566361355609e+33, e: -3.4621660959400319e+33
#ERR  p: [1793, 1625], r: -2.0209819275628054e+34, e: -2.0461507340895244e+34
#ERR  p: [1794, 1625], r: 6.5361544286114454e+33, e: 6.3399118407937894e+33
#ERR  p: [1795, 1625], r: 4.6279145476884499e+34, e: 4.6364706940639747e+34
#ERR  p: [1796, 1625], r: -7.3391987044556359e+33, e: -7.2866388652376768e+33
#ERR  p: [1797, 1625], r: 7.4362532035356097e+33, e: 7.5440431186362663e+33
#ERR  p: [1798, 1625], r: -3.3871026732029334e+33, e: -3.1429542817450118e+33
#ERR  p: [1799, 1625], r: -3.8149912627427542e+34, e: -3.8365601396352313e+34
#ERR  p: [1800, 1625], r: -5.4428769674668564e+33, e: -5.6419847675054384e+33
#ERR  p: [1801, 1625], r: 5.6041669372453094e+34, e: 5.6076608992121884e+34
#ERR  p: [1802, 1625], r: 2.1259144294647835e+34, e: 2.0948641698114198e+34
#ERR  p: [1803, 1625], r: -6.2662880804253779e+34, e: -6.2471381383696644e+34
#ERR  p: [1804, 1625], r: 5.8187782031598857e+34, e: 5.7885491929285839e+34
#ERR  p: [1805, 1625], r: 5.9052052345906024e+34, e: 5.8916795017213704e+34
#ERR  p: [1806, 1625], r: 1.9844409086591953e+34, e: 1.9702088072035470e+34
#ERR  p: [1807, 1625], r: -4.8377718762641626e+33, e: -4.5562024143287028e+33
#ERR  p: [1808, 1625], r: 3.7475302154779132e+34, e: 3.7523235193100262e+34
#ERR  p: [1809, 1625], r: -2.6818739200778675e+33, e: -2.5679066841811768e+33
#ERR  p: [1810, 1625], r: -2.1549485799701671e+34, e: -2.1807071411316016e+34
#ERR  p: [1811, 1625], r: -3.5350957433284162e+34, e: -3.5151406450711516e+34
#ERR  p: [1812, 1625], r: -3.6771752357832346e+33, e: -3.9843774841721375e+33
#ERR  p: [1813, 1625], r: -2.8247429706897421e+34, e: -2.8488857725119013e+34
#ERR  p: [1814, 1625], r: 3.2859801174628620e+34, e: 3.2605562952880503e+34
#ERR  p: [1815, 1625], r: -1.8371437465267968e+34, e: -1.8253350364920536e+34
#ERR  p: [1816, 1625], r: -1.4084231993835743e+34, e: -1.4205807609213881e+34
#ERR  p: [1817, 1625], r: 3.1929608077349428e+34, e: 3.1964220880847847e+34
#ERR  p: [1818, 1625], r: 3.8744286016429671e+33, e: 4.0708364544558677e+33
#ERR  p: [1819, 1625], r: 2.0212189930803286e+34, e: 2.0461971568409976e+34
#ERR  p: [1820, 1625], r: 1.6877563226380650e+34, e: 1.6991987262151837e+34
#ERR  p: [1821, 1625], r: -3.1737081166559687e+34, e: -3.1647612764040454e+34
#ERR  p: [1822, 1625], r: -6.0332703792426829e+33, e: -5.8801687638540831e+33
#ERR  p: [1823, 1625], r: -1.0669279074083996e+34, e: -1.0949311014490664e+34
#ERR  p: [1824, 1625], r: 2.6675270615805774e+34, e: 2.6742782913788242e+34
#ERR  p: [1825, 1625], r: 9.0936351817817607e+33, e: 8.8129570366745864e+33
#ERR  p: [1826, 1625], r: 7.9321775540035098e+33, e: 7.6322395377651336e+33
#ERR  p: [1827, 1625], r: -3.2943224715936022e+33, e: -3.3889481323164981e+33
#ERR  p: [1828, 1625], r: 2.9108347679578203e+34, e: 2.9001156927456561e+34
#ERR  p: [1829, 1625], r: 1.3251139199417978e+34, e: 1.3515285893240536e+34
#ERR  p: [1830, 1625], r: -1.0609417245544312e+34, e: -1.0468242563464208e+34
#ERR  p: [1831, 1625], r: 1.1402388403288838e+34, e: 1.1521956079923256e+34
#ERR  p: [1832, 1625], r: -3.1874638587845000e+34, e: -3.1672782560919204e+34
#ERR  p: [1833, 1625], r: 1.6861602465454143e+34, e: 1.6749587460999406e+34
#ERR  p: [1834, 1625], r: -5.1718330907154206e+33, e: -5.1249355892371529e+33
#ERR  p: [1835, 1625], r: 8.4834074946965039e+33, e: 8.4423895894348221e+33
#ERR  p: [1836, 1625], r: 3.8712838625611705e+34, e: 3.8631731270117805e+34
#ERR  p: [1837, 1625], r: -2.5881538124937088e+34, e: -2.6081519910643406e+34
#ERR  p: [1838, 1625], r: -1.4598047672721415e+34, e: -1.4511967512089706e+34
#ERR  p: [1839, 1625], r: 4.0070034380641603e+34, e: 4.0009657569045576e+34
#ERR  p: [1840, 1625], r: -1.8792926338083697e+34, e: -1.8504662096415782e+34
#ERR  p: [1841, 1625], r: -3.1680844026455031e+34, e: -3.1416853313077423e+34
#ERR  p: [1842, 1625], r: -4.1227899506425848e+34, e: -4.1349613771088386e+34
#ERR  p: [1843, 1625], r: 4.9263323735585837e+34, e: 4.9578854844559052e+34
#ERR  p: [1844, 1625], r: 2.6634225475863228e+34, e: 2.6768007180028721e+34
#ERR  p: [1845, 1625], r: -1.2050909289609309e+34, e: -1.2340770473927902e+34
#ERR  p: [1846, 1625], r: -4.0818640243258219e+33, e: -4.0872280185160454e+33
#ERR  p: [1847, 1625], r: -2.6342398442762250e+34, e: -2.6381242525314946e+34
#ERR  p: [1848, 1625], r: -2.2217765446989177e+34, e: -2.1933405668205168e+34
#ERR  p: [1849, 1625], r: -3.7868415584984381e+33, e: -3.5254888953445479e+33
#ERR  p: [1850, 1625], r: 1.8094702159185918e+34, e: 1.8382082511665783e+34
#ERR  p: [1851, 1625], r: -2.1829755424595882e+34, e: -2.1670578618464489e+34
#ERR  p: [1852, 1625], r: 1.5910198503541836e+34, e: 1.5845578033491139e+34
#ERR  p: [1853, 1625], r: 2.9865085570312885e+34, e: 2.9809947720963114e+34
#ERR  p: [1854, 1625], r: 2.0600166528815520e+34, e: 2.0379820629462958e+34
#ERR  p: [1855, 1625], r: 3.0134753476710655e+34, e: 2.9976401138645426e+34
#ERR  p: [1856, 1625], r: -8.1446804842371793e+33, e: -8.3007772955508300e+33
#ERR  p: [1857, 1625], r: 2.6219805240671818e+34, e: 2.5942650272916450e+34
#ERR  p: [1858, 1625], r: -2.6420911075933807e+34, e: -2.6479304707586898e+34
#ERR  p: [1859, 1625], r: -8.2045045556056649e+33, e: -8.4107441282105700e+33
#ERR  p: [1860, 1625], r: 2.7096719874540246e+34, e: 2.7381366855413369e+34
#ERR  p: [1861, 1625], r: -1.3188394208526799e+33, e: -1.3018895458347844e+33
#ERR  p: [1862, 1625], r: -2.7904911505067785e+34, e: -2.7636966811204700e+34
#ERR  p: [1863, 1625], r: -2.1455667275884390e+34, e: -2.1313296743726335e+34
#ERR  p: [1864, 1625], r: -3.2268541204825294e+33, e: -3.0991414173596335e+33
#ERR  p: [1865, 1625], r: -3.6119832088163997e+34, e: -3.6203541593620475e+34
#ERR  p: [1866, 1625], r: 2.9750449846794980e+34, e: 3.0041103312738716e+34
#ERR  p: [1867, 1625], r: -2.2027533677032271e+34, e: -2.1739571492733942e+34
#ERR  p: [1868, 1625], r: -1.4134471314450061e+34, e: -1.4433213480610488e+34
#ERR  p: [1869, 1625], r: -1.1325975316423908e+34, e: -1.1411888355150314e+34
#ERR  p: [1870, 1625], r: 6.5007122052867050e+33, e: 6.2846186299690883e+33
#ERR  p: [1871, 1625], r: -1.0734131038922040e+34, e: -1.0884832907544485e+34
#ERR  p: [1872, 1625], r: -3.8131851082254369e+34, e: -3.7970002801518198e+34
#ERR  p: [1873, 1625], r: -2.1327686558742988e+34, e: -2.1043341635239451e+34
#ERR  p: [1874, 1625], r: -2.8050164580607316e+33, e: -2.8940317745255861e+33
#ERR  p: [1875, 1625], r: 1.7800790435058783e+34, e: 1.7646229907333885e+34
#ERR  p: [1876, 1625], r: 5.1669853175215791e+33, e: 5.0494602419519822e+33
#ERR  p: [1877, 1625], r: -1.7359958749129220e+34, e: -1.7218447347358429e+34
#ERR  p: [1878, 1625], r: 1.5161267062694888e+34, e: 1.5302226343208157e+34
#ERR  p: [1879, 1625], r: -2.6725067991826068e+34, e: -2.6989613302341275e+34
#ERR  p: [1880, 1625], r: 5.5543160822153185e+34, e: 5.5263490360237989e+34
#ERR  p: [1881, 1625], r: -3.0170784959494095e+34, e: -3.0454297987291233e+34
#ERR  p: [1882, 1625], r: -7.9311376843705101e+33, e: -7.9034585830321283e+33
#ERR  p: [1883, 1625], r: 4.7250071753216337e+34, e: 4.7153690693517735e+34
#ERR  p: [1884, 1625], r: 7.6756652364032254e+33, e: 7.5795342405925585e+33
#ERR  p: [1885, 1625], r: 4.2009841856360380e+33, e: 4.3451732517118026e+33
#ERR  p: [1886, 1625], r: 3.1031395923045135e+34, e: 3.0905309254163840e+34
#ERR  p: [1887, 1625], r: 1.0724395878453099e+34, e: 1.0974323592984425e+34
#ERR  p: [1888, 1625], r: 1.5452497408696931e+34, e: 1.5318596862287667e+34
#ERR  p: [1889, 1625], r: -4.1759914141829054e+33, e: -4.3701814974154262e+33
#ERR  p: [1890, 1625], r: -3.4404225457080117e+34, e: -3.4125250717467000e+34
#ERR  p: [1891, 1625], r: 5.8720961568579031e+33, e: 6.1452798129672437e+33
#ERR  p: [1892, 1625], r: -3.5052148418361614e+33, e: -3.6911082509253916e+33
#ERR  p: [1893, 1625], r: 7.3227557658838278e+33, e: 7.3012255127205765e+33
#ERR  p: [1894, 1625], r: 3.4850047279308040e+34, e: 3.4581349917901070e+34
#ERR  p: [1895, 1625], r: -2.7105026452203851e+34, e: -2.7214690608523986e+34
#ERR  p: [1896, 1625], r: 2.1332024300640644e+34, e: 2.1632036593281378e+34
#ERR  p: [1897, 1625], r: -3.0432869245211203e+34, e: -3.0669778782289404e+34
#ERR  p: [1898, 1625], r: 1.4505691156090529e+34, e: 1.4417433458929717e+34
#ERR  p: [1899, 1625], r: 2.1221814212763185e+33, e: 1.8454055726579816e+33
#ERR  p: [1900, 1625], r: 4.1966929902838591e+34, e: 4.1751810586331892e+34
#ERR  p: [1901, 1625], r: 7.1994146004216604e+34, e: 7.1797996880871914e+34
#ERR  p: [1902, 1625], r: 2.4964016581900022e+34, e: 2.5125384541900949e+34
#ERR  p: [1903, 1625], r: 1.1435896964272214e+34, e: 1.1430920445314287e+34
#ERR  p: [1904, 1625], r: -3.0595856430783516e+34, e: -3.0341204737062278e+34
#ERR  p: [1905, 1625], r: 1.6658144544117513e+34, e: 1.6763163949410249e+34
#ERR  p: [1906, 1625], r: -1.3295310137959720e+34, e: -1.3542759496532396e+34
#ERR  p: [1907, 1625], r: 3.2789756051325774e+34, e: 3.2517552843727548e+34
#ERR  p: [1908, 1625], r: 2.5953432730658626e+34, e: 2.5779056496724887e+34
#ERR  p: [1909, 1625], r: 5.1436354162945822e+34, e: 5.1258546359223184e+34
#ERR  p: [1910, 1625], r: 1.2149922674058947e+33, e: 9.3565481136126652e+32
#ERR  p: [1911, 1625], r: -5.6790360652932420e+34, e: -5.6847454447544262e+34
#ERR  p: [1912, 1625], r: -5.1864605902196167e+33, e: -4.9327658241487459e+33
#ERR  p: [1913, 1625], r: -1.2752277217236854e+33, e: -1.2602665973789019e+33
#ERR  p: [1914, 1625], r: -2.8913414213352092e+33, e: -2.5842965460738005e+33
#ERR  p: [1915, 1625], r: -2.7663493390366507e+34, e: -2.7381980873672855e+34
#ERR  p: [1916, 1625], r: 9.0931437195861644e+33, e: 8.9992088294051898e+33
#ERR  p: [1917, 1625], r: 4.7548851057577942e+34, e: 4.7600042354082471e+34
#ERR  p: [1918, 1625], r: 2.5083524837412554e+33, e: 2.3140992655667310e+33
#ERR  p: [1919, 1625], r: -2.4543646806879806e+33, e: -2.6928668276267216e+33
#ERR  p: [1920, 1625], r: 1.6821885635173751e+34, e: 1.6969399808195036e+34
#ERR  p: [1921, 1625], r: -8.3153039029418243e+33, e: -8.0546853382312303e+33
#ERR  p: [1922, 1625], r: 7.3515316820970165e+33, e: 7.2628506094427690e+33
#ERR  p: [1923, 1625], r: -3.8170041532466323e+34, e: -3.8402848536254331e+34
#ERR  p: [1924, 1625], r: 4.3614979670098589e+33, e: 4.3566514317560567e+33
#ERR  p: [1925, 1625], r: 1.2917820130020272e+34, e: 1.3146034376262532e+34
#ERR  p: [1926, 1625], r: 1.5340961487037397e+34, e: 1.5577217391774854e+34
#ERR  p: [1927, 1625], r: -1.5879501304387676e+34, e: -1.5842542604514811e+34
#ERR  p: [1928, 1625], r: 5.1989277605612558e+34, e: 5.2166862580128125e+34
#ERR  p: [1929, 1625], r: -1.8320740106839114e+34, e: -1.7998756854381144e+34
#ERR  p: [1930, 1625], r: -1.8751986423044490e+34, e: -1.8661413778010215e+34
#ERR  p: [1931, 1625], r: -1.7780708571741495e+34, e: -1.7537557340985218e+34
#ERR  p: [1932, 1625], r: 3.1204353477693852e+34, e: 3.0925950666378884e+34
#ERR  p: [1933, 1625], r: -2.6008530965927140e+34, e: -2.6277862152634224e+34
#ERR  p: [1934, 1625], r: -2.4874043099844760e+34, e: -2.4866892758177848e+34
#ERR  p: [1935, 1625], r: -3.3464450703896857e+34, e: -3.3576244117084562e+34
#ERR  p: [1936, 1625], r: 1.8794034294418858e+34, e: 1.9087059653477864e+34
#ERR  p: [1937, 1625], r: -3.6141003338715856e+34, e: -3.6419678496839466e+34
#ERR  p: [1938, 1625], r: 2.1936673829908881e+34, e: 2.1740512327163798e+34
#ERR  p: [1939, 1625], r: 2.5692207575328782e+34, e: 2.5933967361480903e+34
#ERR  p: [1940, 1625], r: -2.0222587389193244e+34, e: -2.0210344162204711e+34
#ERR  p: [1941, 1625], r: 1.8947189760199166e+34, e: 1.8762466823417081e+34
#ERR  p: [1942, 1625], r: 1.6983949317476757e+34, e: 1.7291634362480981e+34
#ERR  p: [1943, 1625], r: -1.8867976452965373e+34, e: -1.9096804717467119e+34
#ERR  p: [1944, 1625], r: 3.5445649942769179e+34, e: 3.5650276479502895e+34
#ERR  p: [1945, 1625], r: -2.5427464194407289e+34, e: -2.5424842237404083e+34
#ERR  p: [1946, 1625], r: -2.4453091493006081e+34, e: -2.4723710137354022e+34
#ERR  p: [1947, 1625], r: -1.1567382289664833e+34, e: -1.1608947364423878e+34
#ERR  p: [1948, 1625], r: -1.0817870254939460e+34, e: -1.0611157789239548e+34
#ERR  p: [1949, 1625], r: -1.3624300131040045e+34, e: -1.3711649180212022e+34
#ERR  p: [1950, 1625], r: -4.7712947437425455e+34, e: -4.7597343644796829e+34
#ERR  p: [1951, 1625], r: 9.4221386644266471e+33, e: 9.4572614992212519e+33
#ERR  p: [1952, 1625], r: 2.2616726286969991e+34, e: 2.2866874354828309e+34
#ERR  p: [1953, 1625], r: -1.8453395285568857e+34, e: -1.8173816431216568e+34
#ERR  p: [1954, 1625], r: -3.2737049516213160e+34, e: -3.2557741329162908e+34
#ERR  p: [1955, 1625], r: 5.7569652573242842e+33, e: 5.9104104010737857e+33
#ERR  p: [1956, 1625], r: 3.6982765427228736e+34, e: 3.7006796319271344e+34
#ERR  p: [1957, 1625], r: -6.7838798478128821e+33, e: -6.6772337893085252e+33
#ERR  p: [1958, 1625], r: -3.8128296337431561e+33, e: -3.6914013332296924e+33
#ERR  p: [1959, 1625], r: 3.0368167071117913e+34, e: 3.0217876198588511e+34
#ERR  p: [1960, 1625], r: 8.2546968344984906e+33, e: 8.5261374710325174e+33
#ERR  p: [1961, 1625], r: 1.5030181591934959e+34, e: 1.5318031123689713e+34
#ERR  p: [1962, 1625], r: -3.1110799873044977e+34, e: -3.1346097612192028e+34
#ERR  p: [1963, 1625], r: 6.7928641976479958e+33, e: 6.5451214472860090e+33
#ERR  p: [1964, 1625], r: 2.4011015677337036e+34, e: 2.4246868013621686e+34
#ERR  p: [1965, 1625], r: -3.7410134515231071e+34, e: -3.7558258992691723e+34
#ERR  p: [1966, 1625], r: 4.1353232269823217e+33, e: 3.9015562006938473e+33
#ERR  p: [1967, 1625], r: 2.5081776247107063e+33, e: 2.3010040263461604e+33
#ERR  p: [1968, 1625], r: -1.4287020189611120e+34, e: -1.4343101349270826e+34
#ERR  p: [1969, 1625], r: 1.6320257475974843e+34, e: 1.6057222452307564e+34
#ERR  p: [1970, 1625], r: 2.9300877066248023e+34, e: 2.9561213380629660e+34
#ERR  p: [1971, 1625], r: 7.4433162704297524e+33, e: 7.4246877487185860e+33
#ERR  p: [1972, 1625], r: 6.6092722428858010e+34, e: 6.6252327562242996e+34
#ERR  p: [1973, 1625], r: 1.1076282810500047e+34, e: 1.1358961466710707e+34
#ERR  p: [1974, 1625], r: 2.2778551665815434e+33, e: 2.5441589709225555e+33
#ERR  p: [1975, 1625], r: -3.6273911057213613e+34, e: -3.6000232225088558e+34
#ERR  p: [1976, 1625], r: 1.3823015504086174e+34, e: 1.4108203464756465e+34
#ERR  p: [1977, 1625], r: -1.9092247860182509e+34, e: -1.8887089009231900e+34
#ERR  p: [1978, 1625], r: -2.6386709268528431e+34, e: -2.6546170800868859e+34
#ERR  p: [1979, 1625], r: -4.7602102905277862e+33, e: -4.4384325361163373e+33
#ERR  p: [1980, 1625], r: -3.0498920773947314e+34, e: -3.0576128618317464e+34
#ERR  p: [1981, 1625], r: 9.8181030705423706e+33, e: 9.9125578955398451e+33
#ERR  p: [1982, 1625], r: -3.2849192028491944e+34, e: -3.3121942405587535e+34
#ERR  p: [1983, 1625], r: -5.7598260129610688e+34, e: -5.7592387342064318e+34
#ERR  p: [1984, 1625], r: 9.4110083455334322e+33, e: 9.6711614447892549e+33
#ERR  p: [1985, 1625], r: -1.7451162743583531e+34, e: -1.7356303112193210e+34
#ERR  p: [1986, 1625], r: -1.8956512377150015e+33, e: -1.9619330232984193e+33
#ERR  p: [1987, 1625], r: -1.4406663380587934e+34, e: -1.4569083589622255e+34
#ERR  p: [1988, 1625], r: -6.4229410981986795e+33, e: -6.5920932251666339e+33
#ERR  p: [1989, 1625], r: -4.5624389086586147e+34, e: -4.5583447933606901e+34
#ERR  p: [1990, 1625], r: -6.2446511168307401e+33, e: -6.3254106111736005e+33
#ERR  p: [1991, 1625], r: -3.5756481831353267e+34, e: -3.5454993914185705e+34
#ERR  p: [1992, 1625], r: -5.7711687623650250e+33, e: -5.8622861010165861e+33
#ERR  p: [1993, 1625], r: 1.3378276879392626e+34, e: 1.3299192317922919e+34
#ERR  p: [1994, 1625], r: 3.9495496504888944e+34, e: 3.9626161076035516e+34
#ERR  p: [1995, 1625], r: -3.6807104211534219e+34, e: -3.6680821948126717e+34
#ERR  p: [1996, 1625], r: -6.5159974223337733e+34, e: -6.5077032240705613e+34
#ERR  p: [1997, 1625], r: 4.9868621945434659e+34, e: 4.9911568561277548e+34
#ERR  p: [1998, 1625], r: -2.0684217086752821e+33, e: -2.2938097378078534e+33
#ERR  p: [1999, 1625], r: -3.9032478457575308e+33, e: -4.1214199224011076e+33
#ERR  p: [2000, 1625], r: 1.6198972776505936e+34, e: 1.6291105225989712e+34
#ERR  p: [2001, 1625], r: 1.4253748075175247e+34, e: 1.4475596833735501e+34
#ERR  p: [2002, 1625], r: -1.7428962764859026e+34, e: -1.7175571294097780e+34
#ERR  p: [2003, 1625], r: 9.3746970883011135e+32, e: 7.2323675739154058e+32
#ERR  p: [2004, 1625], r: -6.3984917824227933e+33, e: -6.5522117488610161e+33
#SDC Ite:6 KerTime:2.2573855 AccTime:13.8627402 KerErr:2272 AccErr:2272
#ABORT too many errors per iteration
#END
