#HEADER matrix_dim:1024 threads:4 block_size:4 block_offset:12 precision:Float
#BEGIN Y:2023 M:08 D:02 Time:03:56:30
#IT Ite:0 KerTime:1.449949 AccTime:1.449949
#IT Ite:1 KerTime:1.431135 AccTime:2.881084
#ERR  p: [488, 968], r: -1.4064260307181952e+34, e: -1.5514519442605168e+34
#ERR  p: [489, 968], r: 1.7020316282010843e+34, e: 1.5976873954057746e+34
#ERR  p: [490, 968], r: 4.1320618739488244e+34, e: 4.0946953966270188e+34
#ERR  p: [491, 968], r: 1.5509760801094155e+34, e: 1.6881390936982120e+34
#ERR  p: [488, 969], r: 2.4400268591529774e+34, e: 2.2876847199784792e+34
#ERR  p: [489, 969], r: -2.7819166826186723e+34, e: -2.9649587444154164e+34
#ERR  p: [490, 969], r: -3.5801436385939876e+33, e: -1.4491196116170537e+33
#ERR  p: [491, 969], r: 2.5833689266538630e+34, e: 2.6693478237903583e+34
#ERR  p: [488, 970], r: 5.5130684152823454e+34, e: 5.5557164399877581e+34
#ERR  p: [489, 970], r: -1.5324229489466415e+34, e: -1.5624610688238856e+34
#ERR  p: [490, 970], r: -1.2824405174655797e+34, e: -1.1844813318048961e+34
#ERR  p: [491, 970], r: -1.0175918497437456e+34, e: -1.1373452792810581e+34
#ERR  p: [488, 971], r: 6.0794492565281454e+33, e: 5.7554605412065328e+33
#ERR  p: [489, 971], r: 5.6687465552747098e+33, e: 6.0149129664001200e+33
#ERR  p: [490, 971], r: 2.4329517842404536e+34, e: 2.1652707716057365e+34
#ERR  p: [491, 971], r: 6.8033346945002715e+33, e: 7.0246957046850475e+33
#SDC Ite:1 KerTime:1.431135 AccTime:2.881084 KerErr:16 AccErr:16
#IT Ite:2 KerTime:1.449725 AccTime:4.330809
#IT Ite:3 KerTime:1.439061 AccTime:5.769870
#IT Ite:4 KerTime:1.430114 AccTime:7.199984
#IT Ite:5 KerTime:1.442347 AccTime:8.642331
#IT Ite:6 KerTime:1.450159 AccTime:10.092490
#IT Ite:7 KerTime:1.457211 AccTime:11.549701
#IT Ite:8 KerTime:1.430178 AccTime:12.979879
#IT Ite:9 KerTime:1255.581500 AccTime:1268.561379
#IT Ite:10 KerTime:1.448307 AccTime:1270.009686
