#HEADER matrix_dim:1024 threads:4 block_size:4 block_offset:12 precision:Float
#BEGIN Y:2023 M:08 D:02 Time:06:08:14
#IT Ite:0 KerTime:1.426382 AccTime:1.426382
#ERR  p: [0, 228], r: -1.0770967182731015e+34, e: -7.2215764505929551e+33
#ERR  p: [1, 228], r: 5.2801386078424396e+33, e: -1.6023410596014562e+34
#ERR  p: [2, 228], r: 1.3163311067450798e+34, e: -1.1445476144296205e+34
#ERR  p: [3, 228], r: 4.4118722230884596e+33, e: -1.1882105023792394e+34
#ERR  p: [4, 228], r: 7.4162555201409936e+33, e: 3.1615493171781155e+34
#ERR  p: [5, 228], r: 1.5952607853407674e+34, e: 6.6308908849678573e+33
#ERR  p: [6, 228], r: -2.1155677266164363e+33, e: -2.3706048839174073e+33
#ERR  p: [7, 228], r: -4.3362836042896943e+33, e: -2.7265909139709379e+34
#ERR  p: [8, 228], r: -4.2783343931107064e+33, e: -1.4398055055039754e+32
#ERR  p: [9, 228], r: 3.2733889055292864e+33, e: 5.2732686595944254e+33
#ERR  p: [10, 228], r: 1.5574524872189409e+34, e: 3.3096661194105249e+33
#ERR  p: [11, 228], r: 3.4740589858974466e+33, e: 2.4779749207052393e+34
#ERR  p: [12, 228], r: 1.3340583462106445e+33, e: 2.7730230737884382e+34
#ERR  p: [13, 228], r: -7.3256729715864038e+33, e: -1.2253302273027145e+33
#ERR  p: [14, 228], r: -1.0349934490819763e+34, e: -2.8685837506230064e+33
#ERR  p: [15, 228], r: 6.9768592256869818e+33, e: -6.6397873410601817e+33
#ERR  p: [16, 228], r: -7.4909992448629467e+33, e: -2.1530005575243477e+34
#ERR  p: [17, 228], r: -6.5788819290673803e+33, e: -4.4299059146107494e+33
#ERR  p: [18, 228], r: 1.3830938320337600e+34, e: 1.0051751254587074e+34
#ERR  p: [19, 228], r: -1.0883377090058285e+34, e: -4.6689572117509174e+34
#ERR  p: [20, 228], r: 2.9915229569544179e+33, e: -6.2664252441817307e+33
#ERR  p: [21, 228], r: 2.1978364246096905e+33, e: 1.3321302545994575e+32
#ERR  p: [22, 228], r: -6.7591241418772727e+33, e: 1.3461175534123372e+34
#ERR  p: [23, 228], r: -5.7516223081147285e+33, e: -1.6484601443830213e+34
#ERR  p: [24, 228], r: -1.0419300604011060e+34, e: -1.4374616826790954e+34
#ERR  p: [25, 228], r: -9.9026364250949924e+33, e: -6.9191755526464206e+33
#ERR  p: [26, 228], r: -9.9751933287375479e+33, e: -2.0407021885946176e+34
#ERR  p: [27, 228], r: 9.8903152078839850e+33, e: 1.6610429383243297e+34
#ERR  p: [28, 228], r: 6.2972524270400152e+33, e: -1.1086760734992559e+34
#ERR  p: [29, 228], r: 6.8016257182760381e+33, e: 9.6830066740551571e+33
#ERR  p: [30, 228], r: 2.6180955587388945e+33, e: 8.7854326778411153e+33
#ERR  p: [31, 228], r: -3.1575226696123320e+33, e: -1.3966799763769092e+34
#ERR  p: [32, 228], r: 1.5785001294578768e+33, e: -1.5272108499992383e+34
#ERR  p: [33, 228], r: -1.4073827107805549e+34, e: -3.3943815749429256e+34
#ERR  p: [34, 228], r: -5.0498331713888170e+33, e: -9.8578650856341974e+33
#ERR  p: [35, 228], r: -1.5089535865058536e+33, e: -5.4697599186174729e+32
#ERR  p: [36, 228], r: 6.4518921829274271e+33, e: 1.2611959808633954e+34
#ERR  p: [37, 228], r: -2.0113963102506109e+33, e: 9.9206725924973608e+33
#ERR  p: [38, 228], r: 7.9261240272114043e+33, e: 3.0316349376953506e+34
#ERR  p: [39, 228], r: -5.3541086200398393e+33, e: -8.8758493424304409e+33
#ERR  p: [40, 228], r: 3.9792310579438183e+33, e: -9.7214738038658913e+33
#ERR  p: [41, 228], r: 1.3041870387536942e+34, e: 4.2276276263375536e+34
#ERR  p: [42, 228], r: -8.0385159844081043e+33, e: 9.1913074129413379e+33
#ERR  p: [43, 228], r: 9.9693802717980735e+32, e: 7.7389140688903941e+33
#ERR  p: [44, 228], r: 2.7133401894814331e+33, e: -3.0854788921160604e+34
#ERR  p: [45, 228], r: -2.5484481236736695e+33, e: 1.3797749147884359e+34
#ERR  p: [46, 228], r: 2.6597934025671538e+33, e: 7.8572165708046622e+33
#ERR  p: [47, 228], r: -4.4113956161733348e+33, e: 7.2491707530386459e+33
#ERR  p: [48, 228], r: -2.2837614404059760e+34, e: -2.6615802452198583e+34
#ERR  p: [49, 228], r: -2.9863746738160398e+33, e: -3.0727148018559986e+33
#ERR  p: [50, 228], r: 3.0092013596854327e+33, e: -1.2627341213622075e+34
#ERR  p: [51, 228], r: -7.7861117708281885e+33, e: -3.3086844329593716e+34
#ERR  p: [52, 228], r: -7.3997890607084392e+33, e: -7.8030034626642375e+33
#ERR  p: [53, 228], r: 1.5570858093793045e+34, e: 2.9797528706489003e+34
#ERR  p: [54, 228], r: 1.9830400557107400e+33, e: 1.8557649643917314e+33
#ERR  p: [55, 228], r: -1.3323006570458652e+34, e: -6.6002481551754263e+33
#ERR  p: [56, 228], r: 7.3661164726698572e+33, e: 3.8196199205496423e+34
#ERR  p: [57, 228], r: -6.6375336712186627e+33, e: 1.2080321507002691e+34
#ERR  p: [58, 228], r: 2.2994214747484390e+33, e: -8.6230545587681305e+33
#ERR  p: [59, 228], r: 1.2119418129323401e+34, e: -3.8896586684612853e+32
#ERR  p: [60, 228], r: -1.0557418812134169e+34, e: -2.5067830233594494e+34
#ERR  p: [61, 228], r: -3.1080261130215846e+33, e: 1.3410937141964082e+33
#ERR  p: [62, 228], r: -3.5381084561050231e+33, e: 8.9574512549700350e+33
#ERR  p: [63, 228], r: -1.0473621412934903e+34, e: -1.2978302166519638e+34
#ERR  p: [64, 228], r: -3.4455647010431953e+33, e: -1.1793511844880936e+34
#ERR  p: [65, 228], r: 5.2686895193891088e+33, e: -6.8664343552127063e+33
#ERR  p: [66, 228], r: 6.1000844790429934e+33, e: 8.5015594094925455e+33
#ERR  p: [67, 228], r: 3.5434507863445591e+33, e: 1.2101169655204296e+34
#ERR  p: [68, 228], r: 7.3198948864530393e+33, e: 1.3618780156404872e+34
#ERR  p: [69, 228], r: 1.1392583918177698e+34, e: -1.0244286521472080e+32
#ERR  p: [70, 228], r: -5.3887300891185336e+33, e: -1.1271211324966002e+34
#ERR  p: [71, 228], r: 1.7268968918301705e+34, e: 3.3518594487395081e+33
#ERR  p: [72, 228], r: -2.0915284784785634e+33, e: -2.0410740657824189e+34
#ERR  p: [73, 228], r: 1.2775839548974592e+34, e: 1.2347678179347115e+34
#ERR  p: [74, 228], r: -3.7976020428049164e+33, e: 1.7220752391711579e+34
#ERR  p: [75, 228], r: 4.6661735797785803e+33, e: 3.1802394883032384e+34
#ERR  p: [76, 228], r: 2.1463538098654166e+34, e: 1.2064763076588952e+34
#ERR  p: [77, 228], r: 4.3587113639814275e+33, e: 1.3967103059078717e+34
#ERR  p: [78, 228], r: 1.9340255220227893e+33, e: 2.7478837302346543e+34
#ERR  p: [79, 228], r: -2.9362377927399721e+33, e: -1.6847731347313951e+34
#ERR  p: [80, 228], r: -4.5853070036223218e+33, e: -2.1898193701727734e+34
#ERR  p: [81, 228], r: 1.8901196573919597e+33, e: 4.9440775012577160e+34
#ERR  p: [82, 228], r: -1.4958795779569568e+34, e: -4.9687649966971608e+34
#ERR  p: [83, 228], r: 1.6030785004828585e+33, e: -1.1881113433820926e+34
#ERR  p: [84, 228], r: 6.8863670467552598e+33, e: 2.3854808998844899e+33
#ERR  p: [85, 228], r: -2.1757741976630572e+34, e: -2.1623217508441509e+34
#ERR  p: [86, 228], r: 7.2658252246146668e+32, e: 4.7138395325362344e+33
#ERR  p: [87, 228], r: 9.3803167171094494e+33, e: 2.7739572233420830e+34
#ERR  p: [88, 228], r: 1.5535558233572823e+34, e: 2.8222688237272264e+34
#ERR  p: [89, 228], r: 7.0411838280682895e+33, e: 8.6006175145261027e+33
#ERR  p: [90, 228], r: -1.4740535809183201e+34, e: -1.1564074513879862e+34
#ERR  p: [91, 228], r: 7.1364525986415941e+33, e: 3.0993865294874120e+33
#ERR  p: [92, 228], r: 1.1163106973095367e+34, e: 1.9660230843427153e+34
#ERR  p: [93, 228], r: 3.5486857252856872e+33, e: -2.9127879897518048e+34
#ERR  p: [94, 228], r: 3.7631167471305436e+33, e: 3.1360962796183767e+34
#ERR  p: [95, 228], r: 4.7157010848703098e+33, e: -2.5466590527288943e+34
#ERR  p: [96, 228], r: 5.0445598563064711e+33, e: 1.3008509141418240e+34
#ERR  p: [97, 228], r: -9.3482714012525081e+33, e: -1.3067945118584410e+34
#ERR  p: [98, 228], r: 9.7079344536562271e+33, e: 3.0686005081354337e+33
#ERR  p: [99, 228], r: 1.5492599238329541e+34, e: -7.9439163204260334e+33
#ERR  p: [100, 228], r: 4.7623262395399347e+33, e: 2.3274121965432099e+34
#ERR  p: [101, 228], r: 1.0503374063839087e+34, e: 3.3741959103533441e+33
#ERR  p: [102, 228], r: 1.4095044162138861e+34, e: 1.2698660177225345e+34
#ERR  p: [103, 228], r: 1.2158444189061873e+34, e: 2.8888444962759706e+34
#ERR  p: [104, 228], r: -1.1640516073365695e+34, e: 4.7193452708609561e+33
#ERR  p: [105, 228], r: 4.2263696935666338e+33, e: -1.0751652378010570e+33
#ERR  p: [106, 228], r: 5.8286952170205970e+33, e: 1.2977142216702827e+34
#ERR  p: [107, 228], r: 9.3598436647397478e+33, e: -6.0105096136803819e+33
#ERR  p: [108, 228], r: 7.4656487087384607e+33, e: -4.4723100032314210e+33
#ERR  p: [109, 228], r: -2.8022431628877225e+33, e: 2.6942982576941473e+34
#ERR  p: [110, 228], r: -9.9013706314048231e+33, e: -8.3604311501639139e+33
#ERR  p: [111, 228], r: -2.5558633845089890e+33, e: -1.5006647113848105e+34
#ERR  p: [112, 228], r: 1.4150869068210436e+34, e: 6.2088238941537819e+33
#ERR  p: [113, 228], r: -6.5328918376379088e+33, e: -1.2650249294049051e+34
#ERR  p: [114, 228], r: 1.8516304922485261e+34, e: 3.0682336446047914e+34
#ERR  p: [115, 228], r: -9.3647879972566536e+33, e: 5.3091453998729550e+33
#ERR  p: [116, 228], r: -5.0712235373276290e+33, e: -1.9832129959342281e+34
#ERR  p: [117, 228], r: -3.7914791913706109e+32, e: 2.8823839347989480e+34
#ERR  p: [118, 228], r: 1.5169868889057862e+33, e: 2.0795040573919746e+34
#ERR  p: [119, 228], r: -4.7446676438495484e+33, e: -1.3057045675508522e+33
#ERR  p: [120, 228], r: 8.2018046083799835e+33, e: 2.0900488306466075e+34
#ERR  p: [121, 228], r: -5.9300917907883643e+33, e: -1.9740121303862435e+34
#ERR  p: [122, 228], r: -3.0232358859108111e+33, e: -3.3861014891961614e+33
#ERR  p: [123, 228], r: -7.5972850628158716e+33, e: -2.8886583100940620e+34
#ERR  p: [124, 228], r: 2.5278017596984680e+34, e: 5.3053084047211900e+34
#ERR  p: [125, 228], r: -1.5661575577811917e+33, e: -2.9632870301863655e+34
#ERR  p: [126, 228], r: -1.8415213810422188e+33, e: 1.1370027412721879e+34
#ERR  p: [127, 228], r: 1.1100221476009728e+32, e: 2.8764412655373605e+33
#ERR  p: [128, 228], r: -4.6219689073707681e+33, e: -5.6195458663533516e+33
#ERR  p: [129, 228], r: 1.0203064665588926e+34, e: 2.3229068375642347e+34
#ERR  p: [130, 228], r: 2.6713288373382248e+33, e: -1.7082330888278845e+34
#ERR  p: [131, 228], r: 1.7255748956622176e+34, e: 3.6966716772559440e+34
#ERR  p: [132, 228], r: 3.6530391188372876e+33, e: 1.2327814193476742e+34
#ERR  p: [133, 228], r: -2.3670450325919372e+33, e: 1.9012937993625652e+34
#ERR  p: [134, 228], r: 4.9114744934130766e+33, e: -1.1763153067585016e+33
#ERR  p: [135, 228], r: -4.2758176610108392e+33, e: 3.6536980124231972e+33
#ERR  p: [136, 228], r: -9.4573896260153179e+33, e: -4.1087034309355564e+34
#ERR  p: [137, 228], r: -9.2659177496240580e+32, e: 2.5820839448930848e+34
#ERR  p: [138, 228], r: 6.5942243389442637e+33, e: 5.0918383338318288e+33
#ERR  p: [139, 228], r: 9.4848675620973159e+33, e: 5.2216564634765393e+33
#ERR  p: [140, 228], r: 7.2261097870168182e+32, e: -2.0367448656710340e+34
#ERR  p: [141, 228], r: 6.6421202390642150e+33, e: 2.1251035787390516e+34
#ERR  p: [142, 228], r: 4.2619524230858331e+33, e: 1.1631606618902958e+34
#ERR  p: [143, 228], r: 1.5852602105274044e+34, e: 2.1271449418638332e+34
#ERR  p: [144, 228], r: -1.5534966498234044e+34, e: -1.6573481824830785e+34
#ERR  p: [145, 228], r: -2.5348137615659902e+32, e: -3.3566919952708665e+34
#ERR  p: [146, 228], r: -7.6627194784423986e+33, e: -2.0704038363691839e+34
#ERR  p: [147, 228], r: -4.5790012465472119e+33, e: -6.7559859638776843e+33
#ERR  p: [148, 228], r: 1.1914659133005482e+34, e: 2.5234724357930791e+34
#ERR  p: [149, 228], r: 5.9727994842036706e+33, e: 3.1490847465105589e+34
#ERR  p: [150, 228], r: -3.2446646733127379e+33, e: -1.2709468631708346e+34
#ERR  p: [151, 228], r: 9.0602378806594148e+32, e: -2.4570406118768999e+34
#ERR  p: [152, 228], r: 1.0845265868008845e+34, e: 9.9945497591918141e+33
#ERR  p: [153, 228], r: 1.3884630255721486e+33, e: 7.5602211380396673e+33
#ERR  p: [154, 228], r: 1.9444076609047611e+33, e: 2.6759368834434587e+34
#ERR  p: [155, 228], r: 4.3434231139812629e+33, e: 5.1008410206537744e+31
#ERR  p: [156, 228], r: 2.5075032568743056e+33, e: 4.4624594048538174e+33
#ERR  p: [157, 228], r: 2.4387822651859808e+33, e: 8.2538550352717766e+33
#ERR  p: [158, 228], r: -2.7849188110079432e+33, e: -7.1696405331547959e+33
#ERR  p: [159, 228], r: -8.0435816350488601e+33, e: -2.2480555358528677e+34
#ERR  p: [160, 228], r: -1.0008393023681123e+34, e: -2.0355274754364008e+34
#ERR  p: [161, 228], r: -2.8799616575240783e+33, e: -8.8394223378044489e+33
#ERR  p: [162, 228], r: -9.0569735875183242e+33, e: -1.6286914798956731e+34
#ERR  p: [163, 228], r: -8.9630547905578602e+33, e: -3.0837299304285580e+34
#ERR  p: [164, 228], r: -3.3308138491016370e+33, e: -2.1656416584415064e+34
#ERR  p: [165, 228], r: 2.7282892825964597e+32, e: 1.6321548647435818e+34
#ERR  p: [166, 228], r: -2.6656011982614611e+33, e: 2.6210042845522014e+34
#ERR  p: [167, 228], r: 7.2949497756914192e+33, e: 8.5943547758673579e+33
#ERR  p: [168, 228], r: -3.5870203955122179e+33, e: -1.1126843995524580e+34
#ERR  p: [169, 228], r: 2.1741321939949491e+33, e: 8.5812753203822882e+33
#ERR  p: [170, 228], r: -7.2098543963609618e+33, e: -3.4105334738114977e+33
#ERR  p: [171, 228], r: -3.9544286197717259e+33, e: 1.9250646002029192e+34
#ERR  p: [172, 228], r: 1.1331125146987336e+34, e: 9.1162127322182475e+33
#ERR  p: [173, 228], r: 1.6844094279478530e+34, e: 3.9638971279562041e+34
#ERR  p: [174, 228], r: 1.0967026091195342e+33, e: -8.4389561627358641e+33
#ERR  p: [175, 228], r: 6.2441119939436313e+33, e: -5.2588868911880275e+33
#ERR  p: [176, 228], r: -4.5270204537826286e+33, e: 1.7105880221646170e+34
#ERR  p: [177, 228], r: 7.1805634970914305e+33, e: 6.7682808748628569e+32
#ERR  p: [178, 228], r: -5.1930637623891649e+33, e: -2.5921910444468283e+33
#ERR  p: [179, 228], r: 1.5724863714895333e+33, e: -1.7581469550058749e+34
#ERR  p: [180, 228], r: 1.4268639255907811e+34, e: -1.7265887066573904e+33
#ERR  p: [181, 228], r: 1.4525363261254813e+34, e: 1.9320886719858244e+34
#ERR  p: [182, 228], r: 6.9133132875903847e+33, e: -2.7270865851626678e+33
#ERR  p: [183, 228], r: 4.8102667055013003e+33, e: 3.5706820628737294e+33
#ERR  p: [184, 228], r: -9.9138323548102894e+33, e: 1.9635962266897002e+34
#ERR  p: [185, 228], r: 1.0206178703757748e+34, e: 1.1166716806249923e+34
#ERR  p: [186, 228], r: -2.0560503548926836e+33, e: -2.6731349299585402e+34
#ERR  p: [187, 228], r: -2.1801384314775539e+34, e: -8.7159731001768519e+33
#ERR  p: [188, 228], r: -4.5893194767746555e+33, e: -1.9712214421556824e+34
#ERR  p: [189, 228], r: 1.0431561162160143e+34, e: 2.9154733292850227e+34
#ERR  p: [190, 228], r: 1.5594279919336325e+34, e: 4.5675476396127376e+34
#ERR  p: [191, 228], r: -5.0108269186909739e+33, e: -1.5285483204176822e+34
#ERR  p: [192, 228], r: 8.5982022935094569e+33, e: 1.7526699368900646e+33
#ERR  p: [193, 228], r: -7.7993998192098778e+33, e: -1.8413653696487678e+34
#ERR  p: [194, 228], r: 3.6847610228589656e+33, e: 2.5720427656464332e+34
#ERR  p: [195, 228], r: -1.0250828106124673e+34, e: -1.7063490678820960e+34
#ERR  p: [196, 228], r: 1.7339423799757554e+33, e: -8.9556847145339747e+33
#ERR  p: [197, 228], r: 8.8247335602683083e+33, e: 2.9010644499917644e+34
#ERR  p: [198, 228], r: 7.5206411001336155e+33, e: 6.0085784272190967e+33
#ERR  p: [199, 228], r: -2.0332230500532711e+33, e: 4.2111987383851914e+33
#ERR  p: [200, 228], r: -7.3173187332312864e+33, e: -2.3045907719189839e+34
#ERR  p: [201, 228], r: -1.3889359186671556e+34, e: -5.2614231208435134e+32
#ERR  p: [202, 228], r: 3.3722353228161258e+33, e: -2.1180361790547714e+34
#ERR  p: [203, 228], r: 4.6665288685698552e+33, e: 2.1719982329552290e+34
#ERR  p: [204, 228], r: 5.2707359116453000e+32, e: 7.5195479990789265e+33
#ERR  p: [205, 228], r: -2.6030665333829562e+34, e: -1.4891763802322343e+34
#ERR  p: [206, 228], r: -7.9921966009281829e+33, e: -1.5755119278940478e+34
#ERR  p: [207, 228], r: 5.9554020938615735e+33, e: 1.5193968486772650e+34
#ERR  p: [208, 228], r: 3.3053008333469948e+33, e: -1.3520436961744002e+34
#ERR  p: [209, 228], r: -1.2867001453467568e+34, e: -4.5038992000808877e+34
#ERR  p: [210, 228], r: 1.8340188144856287e+34, e: -3.4006352147423816e+33
#ERR  p: [211, 228], r: 8.9633741790879959e+33, e: 1.7554185351592899e+34
#ERR  p: [212, 228], r: 7.2328355152502556e+33, e: -2.8923513328192582e+34
#ERR  p: [213, 228], r: 6.9268229272391061e+33, e: -1.7006733603899804e+34
#ERR  p: [214, 228], r: -3.9478848687240634e+33, e: 3.3076380641411656e+33
#ERR  p: [215, 228], r: -8.3628624644010704e+33, e: -1.7106767824654338e+34
#ERR  p: [216, 228], r: -2.9123734036326481e+33, e: -2.3501927691461395e+34
#ERR  p: [217, 228], r: 2.1359989985098121e+33, e: 7.6014257401335238e+31
#ERR  p: [218, 228], r: -1.2585283438727394e+34, e: 5.4732213537098197e+33
#ERR  p: [219, 228], r: -7.7984144189386066e+33, e: -2.2048328593812187e+34
#ERR  p: [220, 228], r: -6.3875719133362569e+33, e: -8.5263522536293334e+33
#ERR  p: [221, 228], r: -5.6551502598232385e+33, e: -2.6126353147106165e+34
#ERR  p: [222, 228], r: 1.0421317208335056e+34, e: 1.0878442661061693e+34
#ERR  p: [223, 228], r: 5.7537410424919654e+33, e: -2.1633506647078029e+33
#ERR  p: [224, 228], r: -9.5491203639563450e+33, e: -7.1021833235040766e+33
#ERR  p: [225, 228], r: -2.6460107971397700e+33, e: -8.8023014677864375e+33
#ERR  p: [226, 228], r: 4.4435941271101377e+33, e: -1.8133620518140972e+34
#ERR  p: [227, 228], r: 6.6411323629128653e+33, e: -5.3607173629395643e+33
#ERR  p: [228, 228], r: -1.3137733988299123e+34, e: -3.2587654912272200e+34
#ERR  p: [229, 228], r: 9.2424176243732938e+33, e: 3.5188051951754442e+34
#ERR  p: [230, 228], r: 3.5467811545352466e+33, e: 1.7526445591192593e+34
#ERR  p: [231, 228], r: 7.5158180857405596e+33, e: 1.8386350928921239e+34
#ERR  p: [232, 228], r: 7.7228866139442712e+32, e: -2.6981692342999908e+33
#ERR  p: [233, 228], r: 1.6530858311338150e+34, e: 3.3980882150085539e+34
#ERR  p: [234, 228], r: 1.1679079143529474e+34, e: 7.5622742615948221e+33
#ERR  p: [235, 228], r: 1.0537896497714639e+34, e: -3.5555340095830139e+32
#ERR  p: [236, 228], r: -1.2036174089321695e+34, e: -2.6416402498310730e+34
#ERR  p: [237, 228], r: -6.9492271660700929e+33, e: -1.4752906543995780e+34
#ERR  p: [238, 228], r: 1.0324531342243607e+34, e: 1.8002915094973103e+34
#ERR  p: [239, 228], r: 5.0866399141218597e+32, e: -1.4238011381395851e+34
#ERR  p: [240, 228], r: 4.5220098914736210e+33, e: -5.3417545974177909e+33
#ERR  p: [241, 228], r: 6.0298802804450999e+33, e: 7.8966313437154694e+33
#ERR  p: [242, 228], r: 8.5509754999807393e+33, e: -4.8139997136897654e+33
#ERR  p: [243, 228], r: 1.9373117885995773e+34, e: 3.9298064875663554e+34
#ERR  p: [244, 228], r: -1.1474586304320000e+34, e: -4.4931578419480163e+33
#ERR  p: [245, 228], r: 9.7062069083314044e+33, e: 2.0681551182878220e+34
#ERR  p: [246, 228], r: 3.2562421980451446e+33, e: 1.2418895631867164e+34
#ERR  p: [247, 228], r: -2.0144527842076065e+33, e: 2.8485337023647286e+34
#ERR  p: [248, 228], r: 9.2324107360657304e+33, e: 5.8466286353997047e+33
#ERR  p: [249, 228], r: 2.6263814009068414e+33, e: 3.1717529141579214e+34
#ERR  p: [250, 228], r: -1.1196578086392555e+33, e: -1.0552091956145124e+34
#ERR  p: [251, 228], r: -6.9631409931416409e+33, e: -1.2457291580125639e+33
#ERR  p: [252, 228], r: 1.0660966306720195e+34, e: 1.8077264535792544e+34
#ERR  p: [253, 228], r: 6.4851717250035359e+32, e: 1.5653457167034284e+34
#ERR  p: [254, 228], r: -1.1589001674510912e+34, e: -5.4737212338976831e+34
#ERR  p: [255, 228], r: 4.2807199035664093e+33, e: 2.7201600011578562e+33
#ERR  p: [256, 228], r: -1.1389248907711863e+34, e: 6.6728774783102799e+33
#ERR  p: [257, 228], r: -4.1610971386002434e+33, e: -2.4003290931491895e+34
#ERR  p: [258, 228], r: 1.1394495297598354e+34, e: -1.0348477744878534e+33
#ERR  p: [259, 228], r: 9.3614641282511724e+33, e: -5.1013376667232852e+33
#ERR  p: [260, 228], r: 7.7532766492261831e+33, e: 1.5165680318934940e+34
#ERR  p: [261, 228], r: 2.4957938915277150e+33, e: -5.0560980764426304e+33
#ERR  p: [262, 228], r: 9.6161919552848269e+33, e: 2.2192615457151055e+34
#ERR  p: [263, 228], r: 1.2065565261734409e+34, e: 6.7284479877037810e+33
#ERR  p: [264, 228], r: -6.0605663381389059e+33, e: -2.0581645707887772e+34
#ERR  p: [265, 228], r: -2.3322037672592679e+34, e: -5.0445917951594846e+34
#ERR  p: [266, 228], r: -7.1236787596037230e+32, e: -5.0293350507333198e+33
#ERR  p: [267, 228], r: -1.8016737933451764e+33, e: -4.3938905250478198e+33
#ERR  p: [268, 228], r: 2.1870695958605108e+33, e: 1.0311646862314725e+34
#ERR  p: [269, 228], r: 2.4362500588356226e+33, e: 8.9221185893387713e+32
#ERR  p: [270, 228], r: 7.2930755344719412e+33, e: -1.3477201905871960e+34
#ERR  p: [271, 228], r: 9.2957660313962776e+33, e: 1.3889054653421892e+34
#ERR  p: [272, 228], r: -2.0238509155008513e+33, e: 3.2660411124261081e+33
#ERR  p: [273, 228], r: 1.5559127373980777e+34, e: 4.2454876348723317e+34
#ERR  p: [274, 228], r: 1.7175949175294772e+33, e: -1.1211583467093743e+34
#ERR  p: [275, 228], r: -1.3004274148543845e+34, e: 1.1867161849578180e+34
#ERR  p: [276, 228], r: -1.4525429800531925e+33, e: -3.1572477231296067e+34
#ERR  p: [277, 228], r: 1.7201486330880180e+33, e: 1.4196515631279005e+34
#ERR  p: [278, 228], r: 1.0758252300587515e+34, e: 2.3019254870144025e+34
#ERR  p: [279, 228], r: 1.0235418228515649e+33, e: 3.5514088838871052e+33
#ERR  p: [280, 228], r: 1.0090994572802440e+34, e: 3.6360272230234240e+34
#ERR  p: [281, 228], r: -3.7916976877875448e+33, e: -3.5141713380203911e+34
#ERR  p: [282, 228], r: 1.0267644902588346e+34, e: 2.4084319058823280e+34
#ERR  p: [283, 228], r: -9.3702949735214146e+33, e: -1.8365962056474209e+34
#ERR  p: [284, 228], r: -9.4771254850916251e+33, e: -3.1075097682311987e+34
#ERR  p: [285, 228], r: -1.3179719962671526e+34, e: -4.6865419024209584e+34
#ERR  p: [286, 228], r: 5.7149006737593866e+33, e: 1.3808062426351646e+34
#ERR  p: [287, 228], r: -1.2057765001546872e+34, e: -2.5541305160419973e+34
#ERR  p: [288, 228], r: 2.4324806861585035e+33, e: -1.1560735789593909e+34
#ERR  p: [289, 228], r: 1.2268464872113322e+34, e: 2.7548808149247031e+34
#ERR  p: [290, 228], r: -2.3225760599857376e+33, e: -9.2299757080084561e+33
#ERR  p: [291, 228], r: 3.2422491428110823e+33, e: 9.2362260672668080e+33
#ERR  p: [292, 228], r: 7.2207804551476946e+31, e: -6.8991636329413528e+33
#ERR  p: [293, 228], r: -3.1044363963926669e+33, e: -1.0382386469979609e+33
#ERR  p: [294, 228], r: 6.9886914565824715e+33, e: 1.7828235565729740e+34
#ERR  p: [295, 228], r: -4.8276071506015903e+33, e: -9.3170350792112397e+33
#ERR  p: [296, 228], r: 3.0642525532324536e+33, e: 1.7518077116527023e+34
#ERR  p: [297, 228], r: -4.6494700548285027e+33, e: -1.5608164654816949e+32
#ERR  p: [298, 228], r: 3.2005850328488936e+33, e: 1.2899426816916570e+34
#ERR  p: [299, 228], r: -7.9899732606176264e+33, e: 4.3061038640719560e+33
#ERR  p: [300, 228], r: 1.2730054336621622e+34, e: 1.6011641500061076e+34
#ERR  p: [301, 228], r: -1.6356996132005725e+33, e: 1.2918850096132957e+34
#ERR  p: [302, 228], r: -6.3571247780700330e+33, e: 1.6954426923419879e+34
#ERR  p: [303, 228], r: 9.3903130829266789e+33, e: -1.2424827840535419e+34
#ERR  p: [304, 228], r: -3.6580137808851559e+32, e: -9.4118928536915016e+33
#ERR  p: [305, 228], r: 6.2386353472098328e+33, e: 9.1044009273334060e+33
#ERR  p: [306, 228], r: 4.7464360411956676e+33, e: 2.0188852285182678e+34
#ERR  p: [307, 228], r: -1.0548175113860825e+34, e: -5.5092460278230439e+33
#ERR  p: [308, 228], r: -5.8929901088409618e+33, e: 1.9587074157835563e+33
#ERR  p: [309, 228], r: 1.1134154031456560e+34, e: 4.6472488809130149e+33
#ERR  p: [310, 228], r: -9.9393320627095093e+33, e: 2.7761328410641251e+33
#ERR  p: [311, 228], r: 2.3604675089925780e+32, e: -1.4980386691794744e+34
#ERR  p: [312, 228], r: -1.1820373905793389e+34, e: -1.4621192199695894e+33
#ERR  p: [313, 228], r: 1.0878198786873954e+34, e: 3.7781622989860063e+34
#ERR  p: [314, 228], r: 7.1907876438758884e+33, e: 1.2773912076333425e+34
#ERR  p: [315, 228], r: 8.5363077674252664e+33, e: 2.3979292225890309e+34
#ERR  p: [316, 228], r: -9.8808397053382849e+32, e: -4.4154493746259787e+34
#ERR  p: [317, 228], r: -1.4162442569637715e+33, e: -2.4986938279667430e+34
#ERR  p: [318, 228], r: -6.4707311544452720e+33, e: 1.2172052863913737e+34
#ERR  p: [319, 228], r: -4.6321156829027707e+33, e: -4.2267075893003567e+34
#ERR  p: [320, 228], r: -1.0985517046819643e+34, e: -2.0399455286941054e+33
#ERR  p: [321, 228], r: 9.7330807296742310e+32, e: 2.2282267074796102e+34
#ERR  p: [322, 228], r: 1.9557755404915148e+34, e: 1.1122531012427710e+34
#ERR  p: [323, 228], r: 5.2350169313505268e+33, e: 1.1468276523939763e+34
#ERR  p: [324, 228], r: -1.8299478486664388e+34, e: -1.4432028771992892e+34
#ERR  p: [325, 228], r: -1.0756276548284816e+34, e: -2.6669147764371469e+34
#ERR  p: [326, 228], r: -6.4174372167840167e+33, e: -1.5447088848665293e+34
#ERR  p: [327, 228], r: 1.0812590440671908e+34, e: 1.1301294505860676e+34
#ERR  p: [328, 228], r: -5.6134669617904408e+33, e: -2.1650239263619030e+34
#ERR  p: [329, 228], r: -5.9157527313133217e+33, e: 2.2351341653108148e+34
#ERR  p: [330, 228], r: 3.3373551242692210e+33, e: -1.3684650945895247e+34
#ERR  p: [331, 228], r: 3.5662644738435396e+33, e: 2.9581081699290170e+33
#ERR  p: [332, 228], r: -5.7990286029491425e+33, e: 3.2315667106240809e+34
#ERR  p: [333, 228], r: -1.3455581283085841e+34, e: -4.5514895765991434e+33
#ERR  p: [334, 228], r: -1.8161357183691180e+33, e: -1.4095445254711590e+34
#ERR  p: [335, 228], r: -4.5708096425647556e+32, e: -1.8216256729583389e+34
#ERR  p: [336, 228], r: 7.5351460435739223e+33, e: 2.3076588825123488e+34
#ERR  p: [337, 228], r: 6.8345803010918345e+33, e: 4.1995481751904669e+34
#ERR  p: [338, 228], r: 9.4550307312704596e+33, e: -1.7053647817568602e+34
#ERR  p: [339, 228], r: 3.7589127027571304e+33, e: 1.8698873843598991e+34
#ERR  p: [340, 228], r: -3.8610932020547752e+32, e: 1.3475138259826471e+34
#ERR  p: [341, 228], r: 3.2205554815626453e+33, e: -3.1403921791427048e+34
#ERR  p: [342, 228], r: -6.5838293564343843e+33, e: -1.1532524374038635e+34
#ERR  p: [343, 228], r: -9.8342841847958698e+33, e: 5.4242145571471146e+32
#ERR  p: [344, 228], r: 5.8276652509079116e+33, e: -2.8729979353180882e+33
#ERR  p: [345, 228], r: 2.3017618003927080e+33, e: 1.8615367360308956e+34
#ERR  p: [346, 228], r: 1.6620572135470172e+33, e: 2.4712125494466390e+34
#ERR  p: [347, 228], r: 6.2633576287643815e+30, e: 1.9680812834520311e+34
#ERR  p: [348, 228], r: 6.5389459834000339e+33, e: -2.1333935680061301e+34
#ERR  p: [349, 228], r: 2.5794750791057938e+33, e: -4.6966682519423128e+34
#ERR  p: [350, 228], r: 3.7688242696816688e+33, e: -9.3625801311965882e+33
#ERR  p: [351, 228], r: -2.0727036813741683e+34, e: -4.0886129020379940e+34
#ERR  p: [352, 228], r: 2.4320116616261193e+33, e: 3.1424892495692543e+34
#ERR  p: [353, 228], r: 1.6116119925556645e+34, e: 2.7406917937824220e+34
#ERR  p: [354, 228], r: -2.0135905589702442e+34, e: -2.0833780669509143e+34
#ERR  p: [355, 228], r: 3.5401847910359145e+33, e: 2.0927475399322496e+34
#ERR  p: [356, 228], r: -5.5898483037809150e+33, e: -1.9937177837255921e+34
#ERR  p: [357, 228], r: -1.5234401155880760e+33, e: 1.2247691000314074e+34
#ERR  p: [358, 228], r: -3.4265462282196540e+33, e: -4.1616548305879414e+34
#ERR  p: [359, 228], r: -1.1311305726958377e+34, e: -1.5664970009399638e+34
#ERR  p: [360, 228], r: 1.6761672231662910e+34, e: 2.8780479260173470e+34
#ERR  p: [361, 228], r: 2.3233810304962829e+33, e: -6.9157712175383858e+33
#ERR  p: [362, 228], r: -9.6347016347522219e+33, e: -1.9200852339829016e+34
#ERR  p: [363, 228], r: 1.3793064473290694e+33, e: -2.0355433210689036e+34
#ERR  p: [364, 228], r: -3.6029124507665440e+33, e: -1.6813279476020639e+34
#ERR  p: [365, 228], r: -4.8232944769897299e+33, e: -5.5374840590891631e+33
#ERR  p: [366, 228], r: 1.2768444095179901e+34, e: -3.0776767750184642e+33
#ERR  p: [367, 228], r: -3.6974672394221908e+33, e: 4.6643340008802022e+33
#ERR  p: [368, 228], r: -4.8944478661127455e+33, e: -6.4584804998165039e+33
#ERR  p: [369, 228], r: 1.0293766056387287e+34, e: 2.1572042924127510e+33
#ERR  p: [370, 228], r: 9.6879683377326129e+33, e: 3.6255762856237689e+34
#ERR  p: [371, 228], r: -1.0443663263984196e+34, e: -4.5653727646547191e+32
#ERR  p: [372, 228], r: -7.5776432871825501e+33, e: -9.4965376228476592e+33
#ERR  p: [373, 228], r: 1.7958254551145824e+33, e: 2.4477860197312103e+34
#ERR  p: [374, 228], r: -6.5133045313663158e+33, e: -2.6012462663491910e+33
#ERR  p: [375, 228], r: 2.2505306731674149e+34, e: 3.4310624810709750e+34
#ERR  p: [376, 228], r: 1.7356626214543463e+34, e: 1.9809408807861237e+34
#ERR  p: [377, 228], r: -3.0737187712278591e+33, e: -1.3260424987652658e+34
#ERR  p: [378, 228], r: 1.1704116480824021e+34, e: 1.7711336887820021e+34
#ERR  p: [379, 228], r: -7.4267390153636819e+33, e: -2.7617273661059749e+34
#ERR  p: [380, 228], r: 9.7573356888639495e+33, e: 2.0971095454546756e+34
#ERR  p: [381, 228], r: 1.5606379545280300e+34, e: -7.8557533256782269e+33
#ERR  p: [382, 228], r: 1.0017498691640086e+34, e: 1.7398759503780541e+34
#ERR  p: [383, 228], r: -8.9625441402916550e+33, e: -5.0774284022895372e+33
#ERR  p: [384, 228], r: 1.6619657607266150e+33, e: 8.7308327134384140e+33
#ERR  p: [385, 228], r: 2.8106537275146274e+33, e: -3.8141087352887477e+33
#ERR  p: [386, 228], r: 1.0347431376060328e+34, e: 3.1142850140662076e+34
#ERR  p: [387, 228], r: 2.1588891288062184e+33, e: -1.1443916339846705e+34
#ERR  p: [388, 228], r: -1.3909158490174877e+33, e: 8.9227214661379033e+33
#ERR  p: [389, 228], r: -1.3091259243344271e+33, e: 1.3628271442686073e+34
#ERR  p: [390, 228], r: -5.2858609856740363e+33, e: 4.5019633094474532e+33
#ERR  p: [391, 228], r: 1.1053592917004995e+33, e: -4.5583168159158023e+33
#ERR  p: [392, 228], r: -1.5149553674043170e+34, e: -1.3305250796475182e+34
#ERR  p: [393, 228], r: 7.5136294077511031e+33, e: 1.7504642991220698e+34
#ERR  p: [394, 228], r: 4.0679576248945096e+33, e: -8.1054854456833452e+33
#ERR  p: [395, 228], r: -8.9073072557387413e+33, e: 1.6114421781307755e+33
#ERR  p: [396, 228], r: -1.2913739879650787e+34, e: 1.4610523632437333e+34
#ERR  p: [397, 228], r: 2.4388135231719728e+33, e: -1.7687539966444838e+34
#ERR  p: [398, 228], r: 1.2574463842784039e+34, e: 1.7883092402690593e+34
#ERR  p: [399, 228], r: -1.3487671164784197e+34, e: -3.4615494780064639e+34
#ERR  p: [400, 228], r: 6.5932469852832478e+33, e: 2.0435246918841883e+34
#ERR  p: [401, 228], r: 1.6633295064223927e+33, e: 1.9220318946946778e+34
#ERR  p: [402, 228], r: 5.3312760539552598e+33, e: 5.7654141980924069e+33
#ERR  p: [403, 228], r: -3.1396223661292752e+33, e: -3.4183937740909402e+33
#ERR  p: [404, 228], r: -7.1243337846270099e+33, e: -7.3882656958527512e+33
#ERR  p: [405, 228], r: -1.1539559587281894e+34, e: -6.3734067844367340e+33
#ERR  p: [406, 228], r: -1.8451452957647218e+34, e: 9.9354591672966050e+33
#ERR  p: [407, 228], r: -2.4350419840997850e+32, e: 1.3494042842166398e+34
#ERR  p: [408, 228], r: -6.1543186321640859e+33, e: -1.0318471625751305e+34
#ERR  p: [409, 228], r: -1.2092150024078062e+34, e: -3.4160990046401169e+34
#ERR  p: [410, 228], r: 1.1593738033101218e+34, e: -9.5910450602968033e+33
#ERR  p: [411, 228], r: 1.8742644308538023e+33, e: -6.4832950079039793e+33
#ERR  p: [412, 228], r: -1.1095792745519185e+34, e: 1.3809567761439417e+33
#ERR  p: [413, 228], r: 1.9448485223012516e+33, e: -5.0847990972834423e+33
#ERR  p: [414, 228], r: 3.2414741923464897e+33, e: 7.6148947598747061e+33
#ERR  p: [415, 228], r: 1.1382956458492175e+34, e: 1.2664615588204958e+34
#ERR  p: [416, 228], r: 8.7697325032928785e+33, e: 4.7025962516144348e+33
#ERR  p: [417, 228], r: 1.5053443723213171e+34, e: 4.3366574621815585e+34
#ERR  p: [418, 228], r: 2.2509412669299449e+33, e: -2.7988484837119941e+34
#ERR  p: [419, 228], r: -6.5203706931105568e+33, e: -2.3583235593241658e+34
#ERR  p: [420, 228], r: 7.2713441160523060e+33, e: 1.7961733781626236e+34
#ERR  p: [421, 228], r: 3.8365436131357068e+33, e: 2.6633210365031014e+34
#ERR  p: [422, 228], r: 1.7808131419491745e+34, e: 1.2049941220498588e+34
#ERR  p: [423, 228], r: 1.9425878890470116e+34, e: 2.5881340054530803e+34
#ERR  p: [424, 228], r: -5.0755294022692734e+32, e: -7.4601404945336604e+33
#ERR  p: [425, 228], r: -1.4237511253619980e+34, e: -3.9882989068345818e+34
#ERR  p: [426, 228], r: -8.0582128483731740e+33, e: -1.3959726174384616e+34
#ERR  p: [427, 228], r: -1.7968854412732205e+33, e: 7.4643952944486842e+33
#ERR  p: [428, 228], r: -7.3145506993034443e+33, e: 2.0366284993073412e+34
#ERR  p: [429, 228], r: -1.7652820700103041e+33, e: -1.1894598314668862e+34
#ERR  p: [430, 228], r: 1.4744177828778779e+34, e: 1.3392702594670419e+34
#ERR  p: [431, 228], r: -3.7532543883225668e+33, e: -2.3855458607880514e+34
#ERR  p: [432, 228], r: -2.4195664956686784e+33, e: 1.4432363015803499e+33
#ERR  p: [433, 228], r: -8.9627217846872925e+33, e: -3.3532782518185331e+34
#ERR  p: [434, 228], r: 2.8498797145694436e+33, e: 3.6361507694393446e+34
#ERR  p: [435, 228], r: -4.4844551234718400e+33, e: -3.5104379584499143e+34
#ERR  p: [436, 228], r: -1.7221412523237528e+33, e: -3.5109321441135970e+34
#ERR  p: [437, 228], r: -7.7097995760764609e+33, e: -1.0835048529894603e+33
#ERR  p: [438, 228], r: 2.6402268317912189e+33, e: -2.6017999350317614e+33
#ERR  p: [439, 228], r: 1.1240293772484849e+34, e: 1.6230272852459228e+34
#ERR  p: [440, 228], r: -6.8485386940047968e+33, e: -3.0495409975995901e+34
#ERR  p: [441, 228], r: 1.1102667026557337e+34, e: -9.1348332073191585e+33
#ERR  p: [442, 228], r: 1.1053525758757864e+34, e: -1.1130010646145072e+34
#ERR  p: [443, 228], r: -7.2961685276600957e+33, e: 2.7267671966325321e+33
#ERR  p: [444, 228], r: -2.9440179364018708e+33, e: 1.1999735324265330e+34
#ERR  p: [445, 228], r: 1.4238863084142880e+34, e: 3.8733180456337242e+34
#ERR  p: [446, 228], r: 3.8361601612085382e+33, e: -2.1936091998090417e+34
#ERR  p: [447, 228], r: 7.4693996670574954e+33, e: -1.3214192878945506e+33
#ERR  p: [448, 228], r: -9.7101045625450944e+32, e: -6.5494300975927418e+32
#ERR  p: [449, 228], r: -5.7900708688248735e+33, e: -1.6989330642827530e+34
#ERR  p: [450, 228], r: 3.7957921744674812e+33, e: 8.4641073905140252e+33
#ERR  p: [451, 228], r: 5.1929931998069257e+33, e: -1.1362756990871156e+34
#ERR  p: [452, 228], r: -2.9040779674293968e+33, e: 3.4587190519006418e+33
#ERR  p: [453, 228], r: 7.9068449680095934e+33, e: -5.7333948789762906e+33
#ERR  p: [454, 228], r: 5.5519035846667592e+33, e: -4.6897164139606998e+33
#ERR  p: [455, 228], r: -3.6648923947134451e+33, e: 3.1107628270664328e+34
#ERR  p: [456, 228], r: -1.1194327820886144e+34, e: -3.1257683934586266e+34
#ERR  p: [457, 228], r: 5.3808877389696607e+33, e: -2.8324894423825724e+33
#ERR  p: [458, 228], r: -3.2166092382024134e+33, e: 1.0604271128801003e+34
#ERR  p: [459, 228], r: 1.3265021459018525e+34, e: 3.4554531184889991e+34
#ERR  p: [460, 228], r: 2.8956754494127473e+33, e: 2.3330708204627834e+34
#ERR  p: [461, 228], r: 5.0746495363863513e+33, e: 1.3085282468834602e+34
#ERR  p: [462, 228], r: 2.3427588154162268e+33, e: -2.2592116038988997e+34
#ERR  p: [463, 228], r: 3.0501121831337163e+34, e: 2.6406206824147175e+34
#ERR  p: [464, 228], r: -7.2089681860353384e+32, e: -1.0060102398092093e+34
#ERR  p: [465, 228], r: 1.8087777122606155e+33, e: -3.1291083556846186e+34
#ERR  p: [466, 228], r: 3.5818541622432702e+33, e: 2.1087521239361467e+34
#ERR  p: [467, 228], r: -5.1411055620302986e+33, e: -1.5921070092966840e+34
#ERR  p: [468, 228], r: -1.0367737925494746e+34, e: -5.3567386236533011e+33
#ERR  p: [469, 228], r: 3.7528495819297205e+33, e: 2.8788202768078572e+33
#ERR  p: [470, 228], r: -1.0095417732562806e+34, e: -1.4450158403868226e+34
#ERR  p: [471, 228], r: -1.1131117364540193e+34, e: -2.9579767625938469e+34
#ERR  p: [472, 228], r: 4.5157672693405146e+33, e: 2.1032123422603447e+34
#ERR  p: [473, 228], r: -4.5783454478114004e+33, e: 1.7770381675933777e+34
#ERR  p: [474, 228], r: -4.1929610962414294e+33, e: 9.0148972435230534e+33
#ERR  p: [475, 228], r: -3.5022623548424658e+32, e: 4.9629294711459734e+33
#ERR  p: [476, 228], r: -8.8989152602124258e+33, e: 2.2628563469625637e+34
#ERR  p: [477, 228], r: 3.0667767129725565e+33, e: -6.3409882296579481e+33
#ERR  p: [478, 228], r: 3.1669839358475803e+33, e: 1.4654880261984967e+34
#ERR  p: [479, 228], r: 9.2218226349097226e+33, e: -1.6646561139169919e+33
#ERR  p: [480, 228], r: 1.0125542539191301e+33, e: -1.5328029965387021e+34
#ERR  p: [481, 228], r: -6.3704295386422526e+33, e: 1.7699523226025121e+34
#ERR  p: [482, 228], r: -9.2246234742486057e+33, e: -9.9845051137130525e+33
#ERR  p: [483, 228], r: 1.0808991748977705e+34, e: 2.7870511627256123e+34
#ERR  p: [484, 228], r: 3.0514442066159874e+33, e: 1.3468484332115312e+34
#ERR  p: [485, 228], r: 3.8616874132736322e+33, e: -9.4378382200048643e+33
#ERR  p: [486, 228], r: 6.5169626441824041e+33, e: 3.0700291528377710e+34
#ERR  p: [487, 228], r: 3.9328107823506951e+33, e: -8.8195846581599106e+32
#ERR  p: [488, 228], r: -1.0162337057266456e+34, e: -8.1324434469488433e+33
#ERR  p: [489, 228], r: -8.5140718884396224e+33, e: 3.1306222325586607e+33
#ERR  p: [490, 228], r: -3.2338689077151400e+33, e: -1.8091109657191912e+34
#ERR  p: [491, 228], r: 6.4000014503007018e+32, e: -5.7850658772460427e+33
#ERR  p: [492, 228], r: 1.8913178286074830e+33, e: -1.4713615565088902e+34
#ERR  p: [493, 228], r: -1.3515412163124543e+34, e: 3.1691527448994064e+34
#ERR  p: [494, 228], r: -5.9136754679274008e+33, e: -1.2292552709397737e+34
#ERR  p: [495, 228], r: 7.3075724313019926e+33, e: 1.8813674213142120e+34
#ERR  p: [496, 228], r: -1.9361733789394505e+34, e: -9.3342288284168744e+33
#ERR  p: [497, 228], r: 1.6894173905827781e+33, e: -1.4776811166154381e+34
#ERR  p: [498, 228], r: -3.0553882835811506e+33, e: -6.3172463966145134e+33
#ERR  p: [499, 228], r: -2.5071824756616258e+33, e: 2.0234295826084805e+34
