#HEADER matrix_dim:2048 threads:4 block_size:16 block_offset:12 precision:Float
#BEGIN Y:2023 M:11 D:09 Time:22:59:37
#IT 0 KerTime:2.6707699 AccTime:2.6707699
#IT 1 KerTime:2.6725849 AccTime:5.3433548
#IT 2 KerTime:2.6810422 AccTime:8.0243970
#ERR  p: [1328, 32], r: -1.6842966516102741e+34, e: -1.3667124190819045e+34
#ERR  p: [1329, 32], r: 5.8206888398165188e+33, e: 5.8101985359236145e+33
#ERR  p: [1330, 32], r: -3.4023152850666977e+34, e: -3.3029067192080188e+34
#ERR  p: [1331, 32], r: -3.2294889520621444e+34, e: -3.4087565346791074e+34
#ERR  p: [1332, 32], r: 1.0546411049304844e+34, e: 1.0238691341979520e+34
#ERR  p: [1333, 32], r: -3.6663810176106858e+34, e: -3.9450720213667991e+34
#ERR  p: [1334, 32], r: -2.1244808948992911e+34, e: -2.0813659192110599e+34
#ERR  p: [1335, 32], r: 9.7458847435005597e+33, e: 1.1090170021860751e+34
#ERR  p: [1336, 32], r: 8.2267800486725660e+33, e: 8.3079542529285870e+33
#ERR  p: [1337, 32], r: -8.2848141825382489e+34, e: -8.0608629066152722e+34
#ERR  p: [1338, 32], r: 9.8887956364857622e+33, e: 8.5257345215497300e+33
#ERR  p: [1339, 32], r: 4.6877615209476623e+34, e: 4.6460369995115564e+34
#ERR  p: [1340, 32], r: -3.3356529567152036e+34, e: -3.1354178884768483e+34
#ERR  p: [1341, 32], r: -1.6137210710005950e+34, e: -1.9275523645058671e+34
#ERR  p: [1342, 32], r: 2.0383367327675511e+34, e: 1.6091842683446219e+34
#ERR  p: [1343, 32], r: -2.0461702935421451e+34, e: -2.1132819941278998e+34
#ERR  p: [1328, 33], r: 1.0201184544154261e+33, e: 2.4918273768993397e+33
#ERR  p: [1329, 33], r: 2.1086369955124932e+34, e: 1.6765725247351530e+34
#ERR  p: [1330, 33], r: 6.7182894517414052e+33, e: 4.5357281240189619e+33
#ERR  p: [1331, 33], r: -2.0445109587134869e+34, e: -2.0454537738474067e+34
#ERR  p: [1332, 33], r: -1.6460724056352477e+34, e: -1.5735202061648415e+34
#ERR  p: [1333, 33], r: -9.3123327639720142e+33, e: -9.5914808151906317e+33
#ERR  p: [1334, 33], r: -3.6066810497311385e+33, e: -3.9641362360747920e+33
#ERR  p: [1335, 33], r: -1.6580902037426262e+34, e: -2.2368071174799051e+34
#ERR  p: [1336, 33], r: -4.5538333065785204e+33, e: -5.1550648833982904e+33
#ERR  p: [1337, 33], r: -3.9858896279301246e+34, e: -4.1336199452822690e+34
#ERR  p: [1338, 33], r: 1.2416578827083641e+33, e: 3.8028580267267123e+33
#ERR  p: [1339, 33], r: 5.8609731418109201e+34, e: 5.8001189805357451e+34
#ERR  p: [1340, 33], r: 1.9970203601623976e+34, e: 2.3890432889870404e+34
#ERR  p: [1341, 33], r: 3.5286918795051929e+34, e: 3.2259194757528689e+34
#ERR  p: [1342, 33], r: 1.9200648079722534e+34, e: 1.9277615763725063e+34
#ERR  p: [1343, 33], r: 1.6659254976332752e+34, e: 1.9170780300394695e+34
#ERR  p: [1328, 34], r: 9.8675606320218805e+34, e: 9.7059926209106041e+34
#ERR  p: [1329, 34], r: -1.2911527680800584e+34, e: -1.3853335131528351e+34
#ERR  p: [1330, 34], r: -4.5561115495298193e+34, e: -4.6349059378543180e+34
#ERR  p: [1331, 34], r: -2.5276881786998635e+33, e: -6.0766580885958192e+32
#ERR  p: [1332, 34], r: -3.8415758393954019e+33, e: -1.8121934983140137e+33
#ERR  p: [1333, 34], r: -3.2576550590119810e+34, e: -3.0417211779594322e+34
#ERR  p: [1334, 34], r: 2.9473431052443933e+34, e: 3.3172683091917764e+34
#ERR  p: [1335, 34], r: -6.7562682142066414e+33, e: -4.1878270494135031e+33
#ERR  p: [1336, 34], r: 2.2797631416670920e+34, e: 2.2321772217329777e+34
#ERR  p: [1337, 34], r: 1.4649860415125665e+34, e: 1.3067505649870464e+34
#ERR  p: [1338, 34], r: 7.9356413102334303e+33, e: 4.3548817964698982e+33
#ERR  p: [1339, 34], r: 2.0580220838902554e+34, e: 2.1731232728629315e+34
#ERR  p: [1340, 34], r: -3.2456566965632193e+34, e: -3.2595409368678284e+34
#ERR  p: [1341, 34], r: 1.4268551362165022e+34, e: 1.7093307702607188e+34
#ERR  p: [1342, 34], r: -2.2270539759318942e+33, e: -2.4607522965481883e+33
#ERR  p: [1343, 34], r: -2.5379521252565845e+34, e: -2.3075749501776852e+34
#ERR  p: [1328, 35], r: -2.6667758795647390e+34, e: -2.5917260122710707e+34
#ERR  p: [1329, 35], r: -3.3733153017063984e+34, e: -3.3786443859875141e+34
#ERR  p: [1330, 35], r: -9.0086388376544461e+33, e: -1.0091561549340433e+34
#ERR  p: [1331, 35], r: 1.4301095567857795e+34, e: 1.3213235951295138e+34
#ERR  p: [1332, 35], r: 4.1963681548175506e+34, e: 4.1405719689548878e+34
#ERR  p: [1333, 35], r: 2.8230625908804162e+34, e: 2.9989515875421616e+34
#ERR  p: [1334, 35], r: 2.8210435106763417e+34, e: 2.7199082660508676e+34
#ERR  p: [1335, 35], r: 3.8967871604865043e+34, e: 3.8103497303594576e+34
#ERR  p: [1336, 35], r: -1.8903336972247521e+34, e: -1.8234958289756873e+34
#ERR  p: [1337, 35], r: 4.6981173845523002e+33, e: 5.6874314032576637e+33
#ERR  p: [1338, 35], r: 4.6520567305405895e+33, e: 5.6523376600539821e+33
#ERR  p: [1339, 35], r: -4.4549392286001685e+33, e: -4.9145442752254945e+33
#ERR  p: [1340, 35], r: 1.6672374664869098e+34, e: 1.6181212050762309e+34
#ERR  p: [1341, 35], r: -3.9260273042144250e+34, e: -3.9991598499752481e+34
#ERR  p: [1342, 35], r: -2.8798516046545858e+34, e: -2.8447050014112268e+34
#ERR  p: [1343, 35], r: -1.0209966800277961e+34, e: -9.7654225321705812e+33
#ERR  p: [1328, 36], r: 1.2408508076997520e+34, e: 1.0489868138010484e+34
#ERR  p: [1329, 36], r: -1.6656515415025813e+34, e: -1.5881815014321101e+34
#ERR  p: [1330, 36], r: -3.5343472847806642e+34, e: -3.3264783354960518e+34
#ERR  p: [1331, 36], r: -1.5715552239404838e+34, e: -1.4943723859591268e+34
#ERR  p: [1332, 36], r: -2.4309054693555148e+34, e: -2.4834995995125621e+34
#ERR  p: [1333, 36], r: -3.8501847839136022e+33, e: -2.5311788601256385e+33
#ERR  p: [1334, 36], r: 8.3267888916562944e+33, e: 1.1890501971078867e+34
#ERR  p: [1335, 36], r: -1.5905748109100605e+34, e: -1.2740303242206866e+34
#ERR  p: [1336, 36], r: -2.1643811878935060e+34, e: -1.9368860610200670e+34
#ERR  p: [1337, 36], r: 2.7706964892786053e+34, e: 2.9925209842140897e+34
#ERR  p: [1338, 36], r: 1.8862043006357079e+34, e: 1.7712085841543789e+34
#ERR  p: [1339, 36], r: 4.0107940104644521e+34, e: 4.3220586828862739e+34
#ERR  p: [1340, 36], r: 6.0832477517446887e+34, e: 5.9420720793125525e+34
#ERR  p: [1341, 36], r: -4.8017190390150446e+33, e: -4.5692648481382323e+33
#ERR  p: [1342, 36], r: -6.6242542884172484e+33, e: -6.2715534107944704e+33
#ERR  p: [1343, 36], r: -5.6481280449503921e+33, e: -6.4340949379526408e+33
#ERR  p: [1328, 37], r: -2.3183113565503995e+34, e: -1.8476609137185536e+34
#ERR  p: [1329, 37], r: -3.1918347774752088e+34, e: -3.2722107579938985e+34
#ERR  p: [1330, 37], r: -1.2397402516905091e+34, e: -1.1723874003851015e+34
#ERR  p: [1331, 37], r: -1.1043192673249949e+34, e: -1.1661860635523053e+34
#ERR  p: [1332, 37], r: -1.8245494397431231e+34, e: -1.8543533413649343e+34
#ERR  p: [1333, 37], r: 3.5884294188649325e+34, e: 3.5445008689828829e+34
#ERR  p: [1334, 37], r: -1.1749807609734005e+34, e: -1.1747742725748477e+34
#ERR  p: [1335, 37], r: 7.7581167471917811e+34, e: 7.6612405114774643e+34
#ERR  p: [1336, 37], r: -1.0234631517620683e+34, e: -9.4745561405400883e+33
#ERR  p: [1337, 37], r: -4.7875939574757925e+34, e: -4.7050803020972648e+34
#ERR  p: [1338, 37], r: 1.7472381035856882e+34, e: 1.7019098149012187e+34
#ERR  p: [1339, 37], r: 4.0044314938385410e+33, e: 4.5569244428566160e+33
#ERR  p: [1340, 37], r: 3.8003848082192260e+34, e: 3.9785669650097437e+34
#ERR  p: [1341, 37], r: 1.7483718090736658e+34, e: 1.4395590006936527e+34
#ERR  p: [1342, 37], r: 4.6294882170663895e+34, e: 4.3683170359222585e+34
#ERR  p: [1343, 37], r: 3.7543672964178843e+33, e: 4.0566620410060501e+33
#ERR  p: [1328, 38], r: 2.5649243628325344e+34, e: 2.5829289627639010e+34
#ERR  p: [1329, 38], r: -1.5905505472852905e+34, e: -1.4640148775517471e+34
#ERR  p: [1330, 38], r: 2.4331919446080749e+34, e: 2.5190084240114161e+34
#ERR  p: [1331, 38], r: -5.8809282400681847e+34, e: -5.9245245268436901e+34
#ERR  p: [1332, 38], r: 1.3289670083140736e+34, e: 1.2335262878693122e+34
#ERR  p: [1333, 38], r: 3.5459251189980808e+33, e: 1.5835226069397625e+33
#ERR  p: [1334, 38], r: -2.3276174470017234e+34, e: -2.1192872412584732e+34
#ERR  p: [1335, 38], r: 1.7287141878078414e+34, e: 1.5566147731943564e+34
#ERR  p: [1336, 38], r: -1.1818312735627979e+34, e: -1.3461871256425450e+34
#ERR  p: [1337, 38], r: -1.9100211528455232e+34, e: -1.7652726616660055e+34
#ERR  p: [1338, 38], r: -1.8160759877622225e+33, e: -1.6786559778212703e+33
#ERR  p: [1339, 38], r: -2.5109702317483282e+34, e: -2.4264733964268653e+34
#ERR  p: [1340, 38], r: -5.8801646786519535e+34, e: -5.6255783481647893e+34
#ERR  p: [1341, 38], r: -1.9825428989909629e+34, e: -2.0792760288367383e+34
#ERR  p: [1342, 38], r: -3.2696192543156585e+34, e: -3.3953632613940789e+34
#ERR  p: [1343, 38], r: -1.5431984742245972e+34, e: -1.4121498940778390e+34
#ERR  p: [1328, 39], r: 1.5877917979077430e+33, e: 4.6026576617279358e+33
#ERR  p: [1329, 39], r: -1.2177364864622311e+34, e: -1.2324409858368707e+34
#ERR  p: [1330, 39], r: -1.6964815716229562e+34, e: -1.3319700032613720e+34
#ERR  p: [1331, 39], r: -3.4481901242785118e+34, e: -3.5419274392292165e+34
#ERR  p: [1332, 39], r: -7.9641410110753534e+32, e: -1.0636494553281097e+33
#ERR  p: [1333, 39], r: -3.6167210529347527e+34, e: -3.9088179569642954e+34
#ERR  p: [1334, 39], r: -1.3877674270640741e+34, e: -1.1663019347399825e+34
#ERR  p: [1335, 39], r: 1.7242188561431844e+34, e: 2.0480889768090335e+34
#ERR  p: [1336, 39], r: -2.2752147023747497e+34, e: -1.9614756354024043e+34
#ERR  p: [1337, 39], r: 2.8506203740949480e+34, e: 2.6642584047008483e+34
#ERR  p: [1338, 39], r: -4.1781199282864527e+34, e: -4.4133790437042778e+34
#ERR  p: [1339, 39], r: -1.9211192852977167e+34, e: -1.3713872520522578e+34
#ERR  p: [1340, 39], r: -2.2766569025205172e+34, e: -2.0630794403327480e+34
#ERR  p: [1341, 39], r: -4.2042226367788085e+34, e: -4.3449254161159377e+34
#ERR  p: [1342, 39], r: 7.5723529504246640e+33, e: 7.8791045886392670e+33
#ERR  p: [1343, 39], r: -3.2607674878587523e+33, e: -6.1329530250260595e+33
#ERR  p: [1328, 40], r: 1.3777737847149311e+34, e: 1.5613605401289609e+34
#ERR  p: [1329, 40], r: 1.8108066959850043e+34, e: 2.1300511299000596e+34
#ERR  p: [1330, 40], r: 4.0119465326410268e+34, e: 4.0775380428585391e+34
#ERR  p: [1331, 40], r: -6.7750539543027970e+33, e: -4.9232630869221815e+33
#ERR  p: [1332, 40], r: 5.7693195275343405e+34, e: 5.5753204584498814e+34
#ERR  p: [1333, 40], r: -1.1279699570330372e+33, e: -3.1069803631733983e+32
#ERR  p: [1334, 40], r: -2.6177705375815801e+34, e: -2.3925211577334088e+34
#ERR  p: [1335, 40], r: 2.3161979453153315e+34, e: 2.9576808949244577e+34
#ERR  p: [1336, 40], r: 1.0476214897317206e+34, e: 1.2390836482936721e+34
#ERR  p: [1337, 40], r: 1.5729595431210492e+34, e: 1.4577351791144642e+34
#ERR  p: [1338, 40], r: -3.4319182690201330e+33, e: -5.4808866784330748e+33
#ERR  p: [1339, 40], r: 9.7614691706551234e+33, e: 1.3237760781413421e+34
#ERR  p: [1340, 40], r: -1.7543531639614809e+34, e: -1.6503191589400162e+34
#ERR  p: [1341, 40], r: 2.9077391750955833e+34, e: 3.0541478676617867e+34
#ERR  p: [1342, 40], r: -2.0642950974513262e+34, e: -2.0541311145527776e+34
#ERR  p: [1343, 40], r: -2.8896642601699853e+34, e: -3.0320031010630341e+34
#ERR  p: [1328, 41], r: 5.2348458480370976e+34, e: 5.5392701589778440e+34
#ERR  p: [1329, 41], r: -4.8727511100142103e+33, e: -2.1851411947643140e+33
#ERR  p: [1330, 41], r: -1.9419357422343160e+34, e: -1.8784274375149132e+34
#ERR  p: [1331, 41], r: -2.5217318302008419e+32, e: -2.4061269543746816e+33
#ERR  p: [1332, 41], r: 4.7476441468800062e+34, e: 4.7931458709639796e+34
#ERR  p: [1333, 41], r: -2.7334154298195103e+34, e: -3.3258979892056348e+34
#ERR  p: [1334, 41], r: 1.4592416283482706e+34, e: 1.2492415652860283e+34
#ERR  p: [1335, 41], r: -2.2594824651794954e+34, e: -1.9370701427039088e+34
#ERR  p: [1336, 41], r: 4.5405754020367878e+34, e: 4.5945921728869818e+34
#ERR  p: [1337, 41], r: 7.1972014112194260e+33, e: 9.4443361672710732e+33
#ERR  p: [1338, 41], r: 1.7945792827740358e+34, e: 1.4899954013622255e+34
#ERR  p: [1339, 41], r: 4.9958258707799235e+34, e: 5.2169204762682453e+34
#ERR  p: [1340, 41], r: -3.3728206208667000e+34, e: -3.1333433485590139e+34
#ERR  p: [1341, 41], r: -1.5153304632362204e+34, e: -1.7626779393436633e+34
#ERR  p: [1342, 41], r: -2.1494308336270643e+34, e: -2.5352571297910602e+34
#ERR  p: [1343, 41], r: -1.2603373456521471e+34, e: -1.7944740578706965e+34
#ERR  p: [1328, 42], r: -4.8568293441989414e+33, e: -4.4793331465592968e+33
#ERR  p: [1329, 42], r: -3.4807221981589001e+34, e: -3.4078137195451877e+34
#ERR  p: [1330, 42], r: -1.5896313768061211e+34, e: -1.5783000164505263e+34
#ERR  p: [1331, 42], r: 3.1801533276765041e+34, e: 2.9541683638569894e+34
#ERR  p: [1332, 42], r: -1.1478006732648546e+34, e: -1.1310251002044906e+34
#ERR  p: [1333, 42], r: -1.0889827995603001e+34, e: -1.0549250883754964e+34
#ERR  p: [1334, 42], r: 6.9581923278345976e+33, e: 5.9593337914263439e+33
#ERR  p: [1335, 42], r: -2.5363310118266393e+32, e: 7.3597988004218692e+32
#ERR  p: [1336, 42], r: -2.2671871563959997e+34, e: -2.3265216224789480e+34
#ERR  p: [1337, 42], r: -1.4140342864056392e+34, e: -1.3758641384103295e+34
#ERR  p: [1338, 42], r: -1.1440398114255056e+34, e: -1.1229074321908806e+34
#ERR  p: [1339, 42], r: -2.9820681899043758e+33, e: -4.0440437181856142e+33
#ERR  p: [1340, 42], r: -1.5898190485160768e+34, e: -1.5908292075881336e+34
#ERR  p: [1341, 42], r: -5.4783719270372704e+34, e: -5.4828532699794835e+34
#ERR  p: [1342, 42], r: 1.0103891432131715e+34, e: 1.1018211043257170e+34
#ERR  p: [1343, 42], r: 3.3266412484052217e+34, e: 3.2749691359894342e+34
#ERR  p: [1328, 43], r: -2.3165344174180093e+34, e: -2.2545329333144246e+34
#ERR  p: [1329, 43], r: 6.3675711350915427e+33, e: 3.0675894206083473e+33
#ERR  p: [1330, 43], r: -4.8667786682946780e+32, e: 3.8215995104664635e+33
#ERR  p: [1331, 43], r: 9.1672430965176694e+32, e: -2.1215002447697017e+33
#ERR  p: [1332, 43], r: -4.0279506214689082e+34, e: -3.9836323680624916e+34
#ERR  p: [1333, 43], r: -1.8412327862705604e+34, e: -2.2192962080362055e+34
#ERR  p: [1334, 43], r: -5.2611176591388198e+33, e: -6.0404758092413434e+33
#ERR  p: [1335, 43], r: 1.3448711953807846e+34, e: 9.6620105920188574e+33
#ERR  p: [1336, 43], r: -1.5946502333133919e+34, e: -1.5415223034114048e+34
#ERR  p: [1337, 43], r: -3.7110332672397016e+34, e: -3.8519623420160121e+34
#ERR  p: [1338, 43], r: -4.4672570414760679e+33, e: -3.0950326943692453e+33
#ERR  p: [1339, 43], r: 2.6790715952109372e+34, e: 2.6071299477679066e+34
#ERR  p: [1340, 43], r: -4.3993888357323059e+34, e: -4.4764600115221193e+34
#ERR  p: [1341, 43], r: 1.2321879508928408e+34, e: 1.0153860881817469e+34
#ERR  p: [1342, 43], r: 3.2795628219902125e+33, e: 3.8914679178287009e+33
#ERR  p: [1343, 43], r: 2.1899037976834527e+34, e: 2.1363411032396686e+34
#ERR  p: [1328, 44], r: 1.7006814070002358e+34, e: 1.7983429918754751e+34
#ERR  p: [1329, 44], r: -1.9936237002826064e+34, e: -2.1595901123534637e+34
#ERR  p: [1330, 44], r: 3.7689777742465402e+34, e: 3.8357453275013736e+34
#ERR  p: [1331, 44], r: -6.4455440264059716e+33, e: -1.0335391790208258e+34
#ERR  p: [1332, 44], r: -3.2360554812065297e+34, e: -3.0649464186244730e+34
#ERR  p: [1333, 44], r: 6.0050391566467798e+33, e: 4.6274718603304015e+33
#ERR  p: [1334, 44], r: -1.3058693992670830e+34, e: -1.2110097678767622e+34
#ERR  p: [1335, 44], r: 3.2780647288516713e+34, e: 3.6782843062644304e+34
#ERR  p: [1336, 44], r: -3.7005622752114101e+34, e: -3.5353675949610433e+34
#ERR  p: [1337, 44], r: -2.3613201169832600e+34, e: -2.3198352607387598e+34
#ERR  p: [1338, 44], r: 2.1788507262486893e+34, e: 2.0020147054568905e+34
#ERR  p: [1339, 44], r: -1.8786997843235560e+34, e: -1.6876668195732246e+34
#ERR  p: [1340, 44], r: 2.1127306156344021e+34, e: 2.3740218769623437e+34
#ERR  p: [1341, 44], r: -6.8888689235746556e+33, e: -9.2012759251076835e+33
#ERR  p: [1342, 44], r: 3.6413477036212666e+33, e: 3.9699885976105137e+33
#ERR  p: [1343, 44], r: -2.6759019735343509e+34, e: -2.9216598108373474e+34
#ERR  p: [1328, 45], r: 6.1501938159531870e+33, e: 7.1538574166239269e+33
#ERR  p: [1329, 45], r: 2.0915175227092157e+34, e: 1.9660414058552967e+34
#ERR  p: [1330, 45], r: -8.2352104203400995e+33, e: -8.9045218906503492e+33
#ERR  p: [1331, 45], r: 3.6777732846162134e+34, e: 3.6618707068715534e+34
#ERR  p: [1332, 45], r: -4.3217645483329397e+34, e: -4.2064489481454593e+34
#ERR  p: [1333, 45], r: -2.4587645671756087e+34, e: -2.5258515089605778e+34
#ERR  p: [1334, 45], r: 3.0322870845080461e+34, e: 3.1706511475229574e+34
#ERR  p: [1335, 45], r: -8.5202479712956172e+33, e: -6.4787771457306073e+33
#ERR  p: [1336, 45], r: -3.6200981533619233e+34, e: -3.7320188267856673e+34
#ERR  p: [1337, 45], r: 6.3046169323337239e+33, e: 3.4886224220046096e+33
#ERR  p: [1338, 45], r: -3.1953589451790464e+34, e: -3.3626447537437741e+34
#ERR  p: [1339, 45], r: -7.2889822857320441e+33, e: -7.5723145742834462e+33
#ERR  p: [1340, 45], r: 4.5278901066602265e+33, e: 7.3111606005058613e+33
#ERR  p: [1341, 45], r: -2.1551493738445392e+34, e: -2.0972469567990363e+34
#ERR  p: [1342, 45], r: -1.4946733291826771e+34, e: -1.5248731240290518e+34
#ERR  p: [1343, 45], r: -3.8718812924241296e+34, e: -3.7583448596611102e+34
#ERR  p: [1328, 46], r: 1.5165817730279301e+34, e: 1.5431974838725658e+34
#ERR  p: [1329, 46], r: -4.7040365948501433e+33, e: -6.0937425122217344e+33
#ERR  p: [1330, 46], r: -8.7031536121000321e+33, e: -1.1741305437544193e+34
#ERR  p: [1331, 46], r: -4.5519599938140718e+34, e: -4.4978659755054264e+34
#ERR  p: [1332, 46], r: -6.7988142326528170e+34, e: -6.6191534802793769e+34
#ERR  p: [1333, 46], r: -1.1304589902245253e+34, e: -1.2178810778588196e+34
#ERR  p: [1334, 46], r: 2.0434094396665308e+33, e: 8.9346032146349643e+32
#ERR  p: [1335, 46], r: 4.4789462902970201e+34, e: 4.3743205499367769e+34
#ERR  p: [1336, 46], r: 5.5286971606903154e+33, e: 5.0166003615491911e+33
#ERR  p: [1337, 46], r: -3.8334435017923264e+34, e: -3.7711359989110304e+34
#ERR  p: [1338, 46], r: -9.3026068880533686e+33, e: -9.8787639893774132e+33
#ERR  p: [1339, 46], r: 4.0512540999444319e+33, e: 4.0401411122117671e+33
#ERR  p: [1340, 46], r: -1.7989982335382689e+34, e: -1.5650587622023220e+34
#ERR  p: [1341, 46], r: -2.6436525213649314e+33, e: -4.1054966091607896e+33
#ERR  p: [1342, 46], r: 9.2565827532728168e+33, e: 7.6300570494758735e+33
#ERR  p: [1343, 46], r: 6.5197696732214837e+33, e: 5.9297996369390929e+33
#ERR  p: [1328, 47], r: 1.2492238627434665e+34, e: 9.5782175256097282e+33
#ERR  p: [1329, 47], r: 2.8246085304014757e+34, e: 2.5242144570526268e+34
#ERR  p: [1330, 47], r: -1.8861910546772875e+34, e: -2.1652328906405344e+34
#ERR  p: [1331, 47], r: 1.4909685460271077e+34, e: 1.5237395423350782e+34
#ERR  p: [1332, 47], r: -2.5289869634920798e+34, e: -2.6799183461978084e+34
#ERR  p: [1333, 47], r: 1.4481501807722893e+34, e: 1.3056154977650256e+34
#ERR  p: [1334, 47], r: -2.7607132456257923e+34, e: -2.6856366388272754e+34
#ERR  p: [1335, 47], r: -1.1096333725316353e+34, e: -1.1394300941012186e+34
#ERR  p: [1336, 47], r: 3.1352896378887783e+34, e: 3.0904628387142233e+34
#ERR  p: [1337, 47], r: -2.2326875006171712e+34, e: -2.2844685517564158e+34
#ERR  p: [1338, 47], r: -2.1048084802499973e+33, e: 9.2000933828851561e+32
#ERR  p: [1339, 47], r: -4.5953280044463330e+34, e: -4.9329271277358648e+34
#ERR  p: [1340, 47], r: -5.1752761114496831e+33, e: -2.7597397295788982e+33
#ERR  p: [1341, 47], r: 1.7155423819958411e+34, e: 1.5901910494978820e+34
#ERR  p: [1342, 47], r: -4.0792951749503008e+34, e: -4.2136186016769845e+34
#ERR  p: [1343, 47], r: -1.5986671011528651e+34, e: -1.3790731265801651e+34
#ERR  p: [928, 112], r: -2.7043419128208775e+34, e: -2.7189181616074471e+34
#ERR  p: [929, 112], r: -1.2822368763291173e+34, e: -1.1410503100246353e+34
#ERR  p: [930, 112], r: 2.5830346828432559e+34, e: 2.4076874087427018e+34
#ERR  p: [931, 112], r: 1.8821979552865686e+34, e: 2.0983472379059531e+34
#ERR  p: [932, 112], r: 5.0860887213193679e+33, e: 5.6052439450794876e+33
#ERR  p: [933, 112], r: -1.6733151331097814e+34, e: -1.4337217420264103e+34
#ERR  p: [934, 112], r: 1.4736259964287510e+34, e: 1.5365554403857840e+34
#ERR  p: [935, 112], r: -5.2680310590822129e+34, e: -5.1297061149725431e+34
#ERR  p: [936, 112], r: -2.1214954787005505e+34, e: -2.1150903769372879e+34
#ERR  p: [937, 112], r: -4.7859108541983801e+34, e: -4.8558242606810456e+34
#ERR  p: [938, 112], r: 2.2062597090704990e+34, e: 2.1690610964180205e+34
#ERR  p: [939, 112], r: -2.5899928962160712e+34, e: -2.5191968384853953e+34
#ERR  p: [940, 112], r: -1.3986481772453691e+34, e: -1.3597451687468024e+34
#ERR  p: [941, 112], r: 3.3518127784000271e+34, e: 3.3385281962504478e+34
#ERR  p: [942, 112], r: 2.9964440161985851e+34, e: 2.9004774188251353e+34
#ERR  p: [943, 112], r: 2.1441058035995773e+33, e: 4.5083176556691050e+33
#ERR  p: [1120, 112], r: 7.0278072669737913e+32, e: 3.7823063651645161e+33
#ERR  p: [1121, 112], r: -9.5224798943109236e+33, e: -8.6582999496266246e+33
#ERR  p: [1122, 112], r: -2.0508565155608599e+34, e: -1.9656534354469846e+34
#ERR  p: [1123, 112], r: -2.2237547728816957e+34, e: -2.2063082363200390e+34
#ERR  p: [1124, 112], r: -3.3852733073098795e+34, e: -3.3605353039168319e+34
#ERR  p: [1125, 112], r: 4.9417668861743899e+32, e: 1.3320293624862558e+33
#ERR  p: [1126, 112], r: -1.3763423546475054e+33, e: -2.6963039681457975e+33
#ERR  p: [1127, 112], r: 2.0835021085428507e+34, e: 2.3336224465442889e+34
#ERR  p: [1128, 112], r: 1.4737427341744556e+34, e: 1.4709687581344249e+34
#ERR  p: [1129, 112], r: 6.0153180203809741e+34, e: 6.1260572038312243e+34
#ERR  p: [1130, 112], r: 2.2949405341367387e+34, e: 2.3725467476115313e+34
#ERR  p: [1131, 112], r: -1.6180817147889777e+34, e: -1.6604294152408599e+34
#ERR  p: [1132, 112], r: 4.4548876683975323e+34, e: 4.5197983115934376e+34
#ERR  p: [1133, 112], r: -1.9518464426008269e+33, e: -6.5338606804611545e+32
#ERR  p: [1134, 112], r: -1.3636805801316906e+34, e: -1.2525284198843349e+34
#ERR  p: [1135, 112], r: -3.0597049804981387e+34, e: -2.9988661696794509e+34
#ERR  p: [928, 113], r: -1.0357622717433745e+34, e: -1.0721002684805418e+34
#ERR  p: [929, 113], r: 2.9241493082563503e+34, e: 2.8689139092314838e+34
#ERR  p: [930, 113], r: 3.9002538877725191e+34, e: 3.9118781447414088e+34
#ERR  p: [931, 113], r: 1.1052199924975789e+34, e: 9.9178092371864937e+33
#ERR  p: [932, 113], r: -2.7711912939123077e+33, e: -4.1428907544424733e+33
#ERR  p: [933, 113], r: 1.6319571657193079e+33, e: 9.7551957547635398e+32
#ERR  p: [934, 113], r: -1.8294466067445321e+34, e: -1.8665105315207364e+34
#ERR  p: [935, 113], r: 1.0747529263967225e+34, e: 1.1690979461127124e+34
#ERR  p: [936, 113], r: 2.1418085892171764e+34, e: 2.3386271905351119e+34
#ERR  p: [937, 113], r: -2.9109263755207275e+34, e: -2.5698377468484581e+34
#ERR  p: [938, 113], r: 1.3184862365594718e+34, e: 1.2757654209797490e+34
#ERR  p: [939, 113], r: -5.0468646530716126e+34, e: -5.0349279400368072e+34
#ERR  p: [940, 113], r: 1.4223267515527962e+34, e: 1.1543516043647450e+34
#ERR  p: [941, 113], r: -4.9464276066282954e+34, e: -4.8091984870414010e+34
#ERR  p: [942, 113], r: 4.8554726857098885e+34, e: 5.0692981072875265e+34
#ERR  p: [943, 113], r: -6.1665247209514398e+33, e: -4.0483458693071407e+33
#ERR  p: [1120, 113], r: -1.6096606276717389e+34, e: -1.6057361101591964e+34
#ERR  p: [1121, 113], r: -2.7760443902483181e+34, e: -3.1072522767030273e+34
#ERR  p: [1122, 113], r: 3.0118600835078059e+34, e: 3.2151615292234711e+34
#ERR  p: [1123, 113], r: 2.0215063189634467e+34, e: 2.0761527061176213e+34
#ERR  p: [1124, 113], r: -4.1834592874698945e+33, e: -5.0560386553207447e+33
#ERR  p: [1125, 113], r: 1.5921577648382947e+34, e: 1.0698347144146456e+34
#ERR  p: [1126, 113], r: -9.1519570129125736e+33, e: -1.1171313277615789e+34
#ERR  p: [1127, 113], r: -4.2847724240790139e+34, e: -4.7063776632584359e+34
#ERR  p: [1128, 113], r: -1.1494752347559959e+34, e: -1.2891534949166125e+34
#ERR  p: [1129, 113], r: -1.7218508006420354e+32, e: -1.1412290685663082e+33
#ERR  p: [1130, 113], r: -2.4347183246765138e+34, e: -2.2922215226344522e+34
#ERR  p: [1131, 113], r: 1.6429974863716667e+34, e: 2.1115877493901338e+34
#ERR  p: [1132, 113], r: -1.4151894082562964e+34, e: -1.3647398854233071e+34
#ERR  p: [1133, 113], r: -7.4649752693570894e+33, e: -8.0214218893756322e+33
#ERR  p: [1134, 113], r: -1.3853064022659748e+34, e: -1.6309107350041000e+34
#ERR  p: [1135, 113], r: 2.7352691212343363e+34, e: 2.5949778331662656e+34
#ERR  p: [928, 114], r: 2.1426855459410062e+34, e: 2.0822614450354789e+34
#ERR  p: [929, 114], r: -2.5858547102527480e+34, e: -3.1922165581833244e+34
#ERR  p: [930, 114], r: -1.5429236515358758e+34, e: -1.5504003141971438e+34
#ERR  p: [931, 114], r: 1.9905325640045108e+34, e: 1.7598831659109727e+34
#ERR  p: [932, 114], r: -4.8545873109937916e+34, e: -4.7243134337236182e+34
#ERR  p: [933, 114], r: 5.4243406722886168e+33, e: 4.9955826155622039e+33
#ERR  p: [934, 114], r: -1.9130490303876113e+34, e: -2.0687827538877397e+34
#ERR  p: [935, 114], r: 9.4862924310825333e+33, e: 8.8292730863923678e+33
#ERR  p: [936, 114], r: -4.6905681786047301e+34, e: -4.7483383836540374e+34
#ERR  p: [937, 114], r: -1.4478743677315365e+34, e: -1.4245541770654824e+34
#ERR  p: [938, 114], r: -1.5565581993345611e+34, e: -1.6483415497272578e+34
#ERR  p: [939, 114], r: 2.2909323318775405e+34, e: 2.3317940091062644e+34
#ERR  p: [940, 114], r: 9.3895684619930487e+33, e: 9.4778979596761392e+33
#ERR  p: [941, 114], r: 2.3472972273942510e+34, e: 2.3862710460630647e+34
#ERR  p: [942, 114], r: -3.9345918685822170e+33, e: -2.7996855787665589e+33
#ERR  p: [943, 114], r: -3.8564691865230345e+34, e: -3.8470162763830513e+34
#ERR  p: [1120, 114], r: 2.0859708085691936e+34, e: 1.8428164829628181e+34
#ERR  p: [1121, 114], r: -1.9593755939197606e+34, e: -2.0324180176457238e+34
#ERR  p: [1122, 114], r: -2.6224432660538667e+34, e: -3.0232308103566500e+34
#ERR  p: [1123, 114], r: -8.4918230110835659e+33, e: -8.3430102389610704e+33
#ERR  p: [1124, 114], r: 4.2780982560482127e+33, e: 6.1039654210661531e+33
#ERR  p: [1125, 114], r: -1.6381087373625248e+34, e: -1.6958658202474156e+34
#ERR  p: [1126, 114], r: 6.7380098365672213e+33, e: 7.9888306419613659e+33
#ERR  p: [1127, 114], r: 1.5801485085171872e+34, e: 1.3168172457985072e+34
#ERR  p: [1128, 114], r: 1.5390408526026572e+34, e: 1.4016376786462393e+34
#ERR  p: [1129, 114], r: -1.0021548612478609e+34, e: -9.4214398472744705e+33
#ERR  p: [1130, 114], r: -5.7718248705858463e+33, e: -9.0633755944314885e+33
#ERR  p: [1131, 114], r: 3.4060929828905810e+32, e: 9.8871795057644752e+31
#ERR  p: [1132, 114], r: -5.0880321014900400e+34, e: -4.9617770727634027e+34
#ERR  p: [1133, 114], r: 3.5571033461708160e+34, e: 3.8580802416901605e+34
#ERR  p: [1134, 114], r: -1.1634518253875357e+34, e: -9.4187479466590444e+33
#ERR  p: [1135, 114], r: -3.2697950418012371e+34, e: -3.3995029328854492e+34
#ERR  p: [928, 115], r: -2.7159931568826236e+34, e: -3.0051576285471070e+34
#ERR  p: [929, 115], r: -5.1147215935610171e+34, e: -4.9783213986244282e+34
#ERR  p: [930, 115], r: 1.4604461440064952e+33, e: 1.6805036033299037e+32
#ERR  p: [931, 115], r: 2.5524328050721213e+34, e: 2.4931349820143359e+34
#ERR  p: [932, 115], r: -2.6320343303022341e+34, e: -2.5158313746945941e+34
#ERR  p: [933, 115], r: -3.6797809757719264e+34, e: -3.8344935225336483e+34
#ERR  p: [934, 115], r: -1.0622086478648864e+32, e: 1.0585940950639305e+33
#ERR  p: [935, 115], r: -2.8629440671860340e+34, e: -2.8528756532585181e+34
#ERR  p: [936, 115], r: -3.8403984965210395e+34, e: -3.8339082244830741e+34
#ERR  p: [937, 115], r: 1.5805681701905050e+34, e: 1.7167915872894839e+34
#ERR  p: [938, 115], r: -2.2646080321181526e+34, e: -2.4595402604042250e+34
#ERR  p: [939, 115], r: -3.3660298388841981e+33, e: -5.3933117052039287e+33
#ERR  p: [940, 115], r: -3.3556496497577882e+34, e: -3.3745133800764188e+34
#ERR  p: [941, 115], r: -4.2836330240668557e+34, e: -4.0879099996836877e+34
#ERR  p: [942, 115], r: -9.1607234853007730e+33, e: -7.1840470603619795e+33
#ERR  p: [943, 115], r: -1.5717390580363177e+34, e: -1.6757809858740339e+34
#ERR  p: [1120, 115], r: -8.0698649589929477e+33, e: -5.8424654430475879e+33
#ERR  p: [1121, 115], r: -1.2410565533342812e+34, e: -1.1739733253694300e+34
#ERR  p: [1122, 115], r: 4.9803429547085812e+33, e: 5.5312844553724219e+33
#ERR  p: [1123, 115], r: -4.0316148001911890e+33, e: -3.0416787166160847e+33
#ERR  p: [1124, 115], r: 2.1381824152541017e+34, e: 1.9474148648481931e+34
#ERR  p: [1125, 115], r: -3.8457758604636874e+34, e: -3.5999972257680308e+34
#ERR  p: [1126, 115], r: 2.4120781344740392e+34, e: 2.4150888046495812e+34
#ERR  p: [1127, 115], r: 1.5490942874556978e+34, e: 1.7600840835793487e+34
#ERR  p: [1128, 115], r: 2.6335480833822723e+34, e: 2.6846675793645228e+34
#ERR  p: [1129, 115], r: -1.0939357976574809e+34, e: -1.3924115591214532e+34
#ERR  p: [1130, 115], r: 4.1810107658661919e+34, e: 4.3387060053585679e+34
#ERR  p: [1131, 115], r: -2.8408517892449471e+34, e: -2.5537413076936460e+34
#ERR  p: [1132, 115], r: -1.5952313223678324e+34, e: -1.5236199573272832e+34
#ERR  p: [1133, 115], r: -4.9177489925021946e+33, e: -4.9787831502590817e+33
#ERR  p: [1134, 115], r: -1.6823217658656022e+34, e: -1.7007046802729743e+34
#ERR  p: [1135, 115], r: 1.7525731299789925e+34, e: 1.9649934896120416e+34
#ERR  p: [928, 116], r: 1.4650349401441183e+34, e: 1.4109716227484472e+34
#ERR  p: [929, 116], r: -2.0655014700196098e+34, e: -2.1588773064788432e+34
#ERR  p: [930, 116], r: 5.3838987805272145e+34, e: 5.4058311166152257e+34
#ERR  p: [931, 116], r: -1.5751355941221050e+34, e: -1.5689139550726645e+34
#ERR  p: [932, 116], r: 2.7468240535610260e+34, e: 2.4752571471429921e+34
#ERR  p: [933, 116], r: 1.6299187736506206e+34, e: 1.8001285965881404e+34
#ERR  p: [934, 116], r: 2.6637817977857234e+34, e: 2.3979465537495809e+34
#ERR  p: [935, 116], r: -1.2850681689929668e+34, e: -1.1290910664811150e+34
#ERR  p: [936, 116], r: 2.0658353424482051e+34, e: 1.9470699747532482e+34
#ERR  p: [937, 116], r: -1.8678051692138210e+34, e: -1.8094400101816332e+34
#ERR  p: [938, 116], r: 7.7930473298982848e+33, e: 8.7450931637209619e+33
#ERR  p: [939, 116], r: -1.3988780627106644e+34, e: -1.1306899898358560e+34
#ERR  p: [940, 116], r: -2.4739429499972868e+34, e: -2.3330314539695341e+34
#ERR  p: [941, 116], r: -3.7563049820643758e+34, e: -3.4773299948632503e+34
#ERR  p: [942, 116], r: 8.4441412745904110e+33, e: 1.0594545871852377e+34
#ERR  p: [943, 116], r: 4.0463065487834240e+34, e: 4.2662186739462204e+34
#ERR  p: [1120, 116], r: -2.9105874275379711e+34, e: -2.8907006635708751e+34
#ERR  p: [1121, 116], r: -1.7459057087214054e+34, e: -2.0077929143842590e+34
#ERR  p: [1122, 116], r: 2.2314691200305065e+34, e: 2.2203997077872245e+34
#ERR  p: [1123, 116], r: -2.5860980892644715e+34, e: -2.8108431323406380e+34
#ERR  p: [1124, 116], r: 5.5498188936406026e+33, e: 4.6704416875490265e+33
#ERR  p: [1125, 116], r: 3.2657031547953832e+34, e: 3.0005118871676769e+34
#ERR  p: [1126, 116], r: -1.3739023748300739e+34, e: -1.3976464361655793e+34
#ERR  p: [1127, 116], r: -2.9372937555934825e+34, e: -3.2251470011683548e+34
#ERR  p: [1128, 116], r: 9.9784141392347586e+32, e: 1.9674170976724535e+33
#ERR  p: [1129, 116], r: 4.0362829482853302e+34, e: 3.7755485123870592e+34
#ERR  p: [1130, 116], r: 1.2229661641581922e+34, e: 1.3430418913847326e+34
#ERR  p: [1131, 116], r: -5.1416284679028927e+34, e: -4.7898068990900191e+34
#ERR  p: [1132, 116], r: -2.3408948490990748e+34, e: -2.2175462559966717e+34
#ERR  p: [1133, 116], r: -2.1684837211836978e+34, e: -2.1969169755940122e+34
#ERR  p: [1134, 116], r: -4.2563617001774144e+34, e: -4.4009431932456326e+34
#ERR  p: [1135, 116], r: -8.4780670213670268e+33, e: -1.0893231092770997e+34
#ERR  p: [928, 117], r: 1.3505362565885624e+34, e: 1.4282298686301286e+34
#ERR  p: [929, 117], r: 2.8281433443896512e+34, e: 2.7953235732441329e+34
#ERR  p: [930, 117], r: 2.8808332911057391e+34, e: 2.7765838845174387e+34
#ERR  p: [931, 117], r: -3.3520252089107684e+34, e: -2.9791497462617605e+34
#ERR  p: [932, 117], r: -2.2837260353208524e+34, e: -2.5235256672147684e+34
#ERR  p: [933, 117], r: -9.7634362573775479e+33, e: -8.1149395937633676e+33
#ERR  p: [934, 117], r: 1.0713003116271556e+34, e: 9.0410357284825446e+33
#ERR  p: [935, 117], r: -1.2251080480141637e+34, e: -1.3047907821108537e+34
#ERR  p: [936, 117], r: 2.8938601341391392e+34, e: 3.0258577191200136e+34
#ERR  p: [937, 117], r: 5.4669202389098571e+33, e: 6.8438431874357874e+33
#ERR  p: [938, 117], r: 3.0257281686949024e+33, e: 2.0616066940165112e+33
#ERR  p: [939, 117], r: 3.8375888678078774e+34, e: 3.8916378250990928e+34
#ERR  p: [940, 117], r: -1.7481296680019815e+34, e: -1.8906338976842788e+34
#ERR  p: [941, 117], r: 5.2008094294209696e+34, e: 5.0348125640251458e+34
#ERR  p: [942, 117], r: -7.5558561614611471e+34, e: -7.6550211007200946e+34
#ERR  p: [943, 117], r: -3.3622971401807428e+34, e: -3.1350673038577227e+34
#ERR  p: [1120, 117], r: -4.6037591188778900e+33, e: -3.4881362210541803e+33
#ERR  p: [1121, 117], r: 2.2238206312917857e+34, e: 2.3368807047276881e+34
#ERR  p: [1122, 117], r: 2.6834291441492217e+34, e: 2.3943981224209732e+34
#ERR  p: [1123, 117], r: -2.0829254760725516e+34, e: -1.8069916123719346e+34
#ERR  p: [1124, 117], r: -2.0858361206929194e+31, e: 1.4279573361304799e+33
#ERR  p: [1125, 117], r: -7.6731051764019833e+33, e: -4.3987308706014257e+33
#ERR  p: [1126, 117], r: -1.1850658870914467e+34, e: -1.0884637313018277e+34
#ERR  p: [1127, 117], r: 5.5346452149910738e+34, e: 5.8661180206141901e+34
#ERR  p: [1128, 117], r: -3.2349111294342143e+34, e: -3.2961485569455521e+34
#ERR  p: [1129, 117], r: -3.3610384027487974e+34, e: -3.0269869680238497e+34
#ERR  p: [1130, 117], r: -5.7070352979257830e+34, e: -5.7633031389434136e+34
#ERR  p: [1131, 117], r: 1.4466567299088954e+33, e: -2.7306388541053972e+33
#ERR  p: [1132, 117], r: 1.5856277239765673e+33, e: -1.4304684975001703e+33
#ERR  p: [1133, 117], r: -2.6287480946739472e+34, e: -2.7281819145094275e+34
#ERR  p: [1134, 117], r: 3.9906445556210197e+34, e: 4.0766526681424422e+34
#ERR  p: [1135, 117], r: -2.4508583393207087e+34, e: -2.3883208271801135e+34
#ERR  p: [928, 118], r: -8.2813100694630477e+33, e: -8.4149506484640617e+33
#ERR  p: [929, 118], r: -3.8953216870679983e+34, e: -3.7457879386666229e+34
#ERR  p: [930, 118], r: 1.3276195105813114e+34, e: 1.4389895482755814e+34
#ERR  p: [931, 118], r: -3.0285480104133886e+34, e: -3.0326505437035803e+34
#ERR  p: [932, 118], r: -2.7768879225910872e+34, e: -2.6217995372334383e+34
#ERR  p: [933, 118], r: -3.3171895762052778e+34, e: -3.3596875625779292e+34
#ERR  p: [934, 118], r: -2.6352500033482818e+34, e: -2.6264853878701413e+34
#ERR  p: [935, 118], r: -5.6845971395377198e+33, e: -6.8213646722024434e+33
#ERR  p: [936, 118], r: -1.0719291851671126e+34, e: -8.9349448860858071e+33
#ERR  p: [937, 118], r: -3.7163238515855955e+33, e: -6.1179529055700386e+33
#ERR  p: [938, 118], r: -1.8799216620908316e+33, e: -2.6899490029541260e+33
#ERR  p: [939, 118], r: 6.2683236252319748e+33, e: 4.9675537961627240e+33
#ERR  p: [940, 118], r: 4.4144921993876032e+34, e: 4.6245656722941751e+34
#ERR  p: [941, 118], r: -2.4255370185811498e+34, e: -2.6086949515655711e+34
#ERR  p: [942, 118], r: -5.5860546365305250e+33, e: -7.1748912558314248e+33
#ERR  p: [943, 118], r: 4.0346527050475953e+33, e: 4.4407137501237304e+32
#ERR  p: [1120, 118], r: 1.6212338815110101e+34, e: 1.6337955066776467e+34
#ERR  p: [1121, 118], r: -5.3286522400419944e+33, e: -4.2004085435177703e+33
#ERR  p: [1122, 118], r: 7.8768849621488283e+33, e: 5.3417892597388909e+33
#ERR  p: [1123, 118], r: 1.6542861377959062e+34, e: 1.8054002404514332e+34
#ERR  p: [1124, 118], r: -1.4418847186454581e+34, e: -1.4617259264191085e+34
#ERR  p: [1125, 118], r: 3.5292420200586513e+34, e: 4.0266025047661264e+34
#ERR  p: [1126, 118], r: 7.7511492492686711e+33, e: 8.2170931678651579e+33
#ERR  p: [1127, 118], r: -3.5412856292158490e+33, e: -3.0828142261814986e+32
#ERR  p: [1128, 118], r: -2.5277992838183894e+34, e: -2.4344972285854974e+34
#ERR  p: [1129, 118], r: -3.4786417161288771e+34, e: -3.3737728443449183e+34
#ERR  p: [1130, 118], r: -3.2908137781402557e+34, e: -3.4334908242520372e+34
#ERR  p: [1131, 118], r: -4.2414380854158213e+34, e: -4.5728975212865133e+34
#ERR  p: [1132, 118], r: 6.3153738885110903e+34, e: 6.2172329732526397e+34
#ERR  p: [1133, 118], r: -5.4184765503225220e+33, e: -5.3273616875510394e+33
#ERR  p: [1134, 118], r: -1.2755747782136990e+34, e: -1.0436108115924438e+34
#ERR  p: [1135, 118], r: -1.2780812354112402e+34, e: -1.0487836678406017e+34
#ERR  p: [928, 119], r: 4.8152413675491686e+33, e: 6.3089249636704371e+33
#ERR  p: [929, 119], r: 2.8153712694163361e+34, e: 3.0849683656438591e+34
#ERR  p: [930, 119], r: -4.4085926723363848e+34, e: -4.3357948655621844e+34
#ERR  p: [931, 119], r: 4.8996131709266637e+34, e: 4.9058662536531021e+34
#ERR  p: [932, 119], r: 6.4608567257219121e+33, e: 6.9953447653236108e+33
#ERR  p: [933, 119], r: 1.9635301206916024e+34, e: 1.8541492050524562e+34
#ERR  p: [934, 119], r: -4.6300814379332150e+34, e: -4.4682797037425215e+34
#ERR  p: [935, 119], r: 4.9254409329362943e+33, e: 4.0069568915186832e+33
#ERR  p: [936, 119], r: -2.8229303788842205e+34, e: -2.9835375009370036e+34
#ERR  p: [937, 119], r: -6.7954094023687665e+33, e: -7.2160985659191173e+33
#ERR  p: [938, 119], r: -8.0449495587922704e+33, e: -7.7755837097640860e+33
#ERR  p: [939, 119], r: -1.1918696055473591e+34, e: -1.0278332038947496e+34
#ERR  p: [940, 119], r: 1.7183885918371640e+33, e: 3.7369141987740194e+33
#ERR  p: [941, 119], r: -3.4445848715021010e+33, e: -4.5825340179343225e+33
#ERR  p: [942, 119], r: -1.2047810725690978e+34, e: -1.3878763657875312e+34
#ERR  p: [943, 119], r: -2.0662457195712282e+34, e: -2.3618791707050013e+34
#ERR  p: [1120, 119], r: -4.0437630771787082e+34, e: -4.0269667067256842e+34
#ERR  p: [1121, 119], r: -4.4040122941910289e+34, e: -4.2546266034183521e+34
#ERR  p: [1122, 119], r: 2.7285643760845647e+33, e: 3.3281061647507101e+33
#ERR  p: [1123, 119], r: 1.2575490095076607e+34, e: 1.2542392530186273e+34
#ERR  p: [1124, 119], r: 4.7598794510522872e+34, e: 4.6506629338503581e+34
#SDC Ite:3 KerTime:2.6810422 AccTime:8.0243970 KerErr:1024 AccErr:1024
#ABORT too many errors per iteration
#END
