#HEADER matrix_dim:2048 threads:4 block_size:16 block_offset:12 precision:Float
#BEGIN Y:2023 M:11 D:06 Time:00:24:59
#IT 0 KerTime:2.6542346 AccTime:2.6542346
#IT 1 KerTime:2.7654456 AccTime:5.4196802
#IT 2 KerTime:2.7303559 AccTime:8.1500361
#IT 3 KerTime:2.7083222 AccTime:10.8583583
#IT 4 KerTime:2.6570313 AccTime:13.5153895
#IT 5 KerTime:2.6983097 AccTime:16.2136992
#IT 6 KerTime:2.6755684 AccTime:18.8892675
#IT 7 KerTime:2.6888525 AccTime:21.5781200
#IT 8 KerTime:2.6599806 AccTime:24.2381006
#IT 9 KerTime:2.6573366 AccTime:26.8954373
#IT 10 KerTime:2.6628802 AccTime:29.5583175
#IT 11 KerTime:2.6622858 AccTime:32.2206033
#IT 12 KerTime:2.7044090 AccTime:34.9250123
#IT 13 KerTime:2.6587985 AccTime:37.5838108
#IT 14 KerTime:2.7088641 AccTime:40.2926749
#IT 15 KerTime:2.6620405 AccTime:42.9547153
#IT 16 KerTime:2.6932011 AccTime:45.6479165
#IT 17 KerTime:2.6599830 AccTime:48.3078995
#IT 18 KerTime:2.7928768 AccTime:51.1007763
#IT 19 KerTime:2.6643712 AccTime:53.7651475
#IT 20 KerTime:2.6970546 AccTime:56.4622021
#IT 21 KerTime:2.6575560 AccTime:59.1197581
#IT 22 KerTime:2.7123144 AccTime:61.8320725
#IT 23 KerTime:2.6629094 AccTime:64.4949818
#IT 24 KerTime:2.7858830 AccTime:67.2808648
#IT 25 KerTime:2.6626565 AccTime:69.9435213
#IT 26 KerTime:2.7111863 AccTime:72.6547076
#IT 27 KerTime:2.6623552 AccTime:75.3170627
#IT 28 KerTime:2.6907277 AccTime:78.0077905
#IT 29 KerTime:2.6582811 AccTime:80.6660716
#IT 30 KerTime:2.6851910 AccTime:83.3512626
#IT 31 KerTime:2.6619908 AccTime:86.0132534
#IT 32 KerTime:2.6632540 AccTime:88.6765074
#IT 33 KerTime:2.6575862 AccTime:91.3340935
#IT 34 KerTime:2.6590897 AccTime:93.9931833
#IT 35 KerTime:2.7123111 AccTime:96.7054944
#IT 36 KerTime:2.6618810 AccTime:99.3673754
#IT 37 KerTime:2.7152756 AccTime:102.0826511
#IT 38 KerTime:2.6593616 AccTime:104.7420127
#IT 39 KerTime:2.6975442 AccTime:107.4395568
#IT 40 KerTime:2.6644913 AccTime:110.1040482
#IT 41 KerTime:2.6922643 AccTime:112.7963125
#IT 42 KerTime:2.6589502 AccTime:115.4552627
#IT 43 KerTime:2.6999634 AccTime:118.1552261
#IT 44 KerTime:2.6623563 AccTime:120.8175824
#IT 45 KerTime:2.6964474 AccTime:123.5140297
#ERR  p: [1572, 305], r: 4.9792145723627726e+33, e: -2.4579602775320850e+33
#SDC Ite:46 KerTime:2.6964474 AccTime:123.5140297 KerErr:1 AccErr:1
#IT 46 KerTime:2.6576820 AccTime:126.1717117
#IT 47 KerTime:2.7533301 AccTime:128.9250418
#IT 48 KerTime:2.6642449 AccTime:131.5892868
#IT 49 KerTime:2.7454015 AccTime:134.3346882
#ERR  p: [1452, 502], r: -4.6412942036330463e+34, e: -2.4322488818861473e+34
#SDC Ite:50 KerTime:2.7454015 AccTime:134.3346882 KerErr:1 AccErr:2
#IT 50 KerTime:2.6577875 AccTime:136.9924757
#IT 51 KerTime:2.7490242 AccTime:139.7414999
#IT 52 KerTime:2.6624385 AccTime:142.4039385
#IT 53 KerTime:2.7605388 AccTime:145.1644772
#IT 54 KerTime:2.6586207 AccTime:147.8230979
#IT 55 KerTime:2.7229593 AccTime:150.5460572
#IT 56 KerTime:2.6630979 AccTime:153.2091551
#IT 57 KerTime:2.7346691 AccTime:155.9438242
#IT 58 KerTime:2.6571970 AccTime:158.6010212
#IT 59 KerTime:2.7088293 AccTime:161.3098505
#IT 60 KerTime:2.6630273 AccTime:163.9728779
#IT 61 KerTime:2.7202812 AccTime:166.6931591
#IT 62 KerTime:2.6586324 AccTime:169.3517915
#IT 63 KerTime:2.7072053 AccTime:172.0589968
#IT 64 KerTime:2.6631824 AccTime:174.7221792
#IT 65 KerTime:2.6969542 AccTime:177.4191334
#IT 66 KerTime:2.6590125 AccTime:180.0781459
#IT 67 KerTime:2.6789185 AccTime:182.7570644
#IT 68 KerTime:2.6622942 AccTime:185.4193586
#IT 69 KerTime:2.6622183 AccTime:188.0815768
#IT 70 KerTime:2.6589510 AccTime:190.7405278
#IT 71 KerTime:2.6586655 AccTime:193.3991933
#IT 72 KerTime:2.7054128 AccTime:196.1046062
#IT 73 KerTime:2.6633833 AccTime:198.7679895
#IT 74 KerTime:2.7107094 AccTime:201.4786989
#IT 75 KerTime:2.6701133 AccTime:204.1488122
#IT 76 KerTime:2.6982748 AccTime:206.8470870
#IT 77 KerTime:2.6618188 AccTime:209.5089058
#IT 78 KerTime:2.6940438 AccTime:212.2029496
#IT 79 KerTime:2.6577843 AccTime:214.8607339
#IT 80 KerTime:2.7782251 AccTime:217.6389589
#IT 81 KerTime:2.6577888 AccTime:220.2967478
#IT 82 KerTime:2.6920886 AccTime:222.9888364
#IT 83 KerTime:2.6586078 AccTime:225.6474442
#IT 84 KerTime:2.7081745 AccTime:228.3556187
#IT 85 KerTime:2.6618099 AccTime:231.0174286
#IT 86 KerTime:2.6850143 AccTime:233.7024429
#IT 87 KerTime:2.6576992 AccTime:236.3601421
#IT 88 KerTime:2.6901344 AccTime:239.0502765
#IT 89 KerTime:2.6625383 AccTime:241.7128148
#IT 90 KerTime:2.6741819 AccTime:244.3869967
#IT 91 KerTime:2.6590483 AccTime:247.0460449
#IT 92 KerTime:2.6741400 AccTime:249.7201850
#IT 93 KerTime:2.7234422 AccTime:252.4436272
#IT 94 KerTime:2.6614990 AccTime:255.1051261
#IT 95 KerTime:2.7856993 AccTime:257.8908255
#IT 96 KerTime:2.6573897 AccTime:260.5482151
#IT 97 KerTime:2.7425782 AccTime:263.2907934
#IT 98 KerTime:2.6617285 AccTime:265.9525218
#IT 99 KerTime:2.7503601 AccTime:268.7028819
#IT 100 KerTime:2.6571331 AccTime:271.3600150
#IT 101 KerTime:2.7528674 AccTime:274.1128823
#IT 102 KerTime:2.6613319 AccTime:276.7742142
#IT 103 KerTime:2.7305274 AccTime:279.5047417
#IT 104 KerTime:2.6572309 AccTime:282.1619726
#IT 105 KerTime:2.7139054 AccTime:284.8758780
#IT 106 KerTime:2.6615050 AccTime:287.5373830
#IT 107 KerTime:2.7125579 AccTime:290.2499409
#IT 108 KerTime:2.6577044 AccTime:292.9076454
#IT 109 KerTime:2.6910085 AccTime:295.5986539
#IT 110 KerTime:2.6615764 AccTime:298.2602303
#IT 111 KerTime:2.6889812 AccTime:300.9492116
#IT 112 KerTime:2.6569321 AccTime:303.6061436
#IT 113 KerTime:2.6573881 AccTime:306.2635318
#IT 114 KerTime:2.6612235 AccTime:308.9247553
#IT 115 KerTime:2.6629002 AccTime:311.5876555
#IT 116 KerTime:2.7045546 AccTime:314.2922101
#IT 117 KerTime:2.6637464 AccTime:316.9559565
#IT 118 KerTime:2.7609362 AccTime:319.7168927
#IT 119 KerTime:2.6699294 AccTime:322.3868221
#IT 120 KerTime:2.7485360 AccTime:325.1353581
#IT 121 KerTime:2.6696402 AccTime:327.8049983
#IT 122 KerTime:2.7040029 AccTime:330.5090011
#IT 123 KerTime:2.6620605 AccTime:333.1710616
#IT 124 KerTime:2.6962313 AccTime:335.8672929
#IT 125 KerTime:2.6639108 AccTime:338.5312037
#IT 126 KerTime:2.6989681 AccTime:341.2301718
#IT 127 KerTime:2.6633225 AccTime:343.8934943
#IT 128 KerTime:2.7172009 AccTime:346.6106952
#IT 129 KerTime:2.6733260 AccTime:349.2840212
#IT 130 KerTime:2.7052886 AccTime:351.9893098
#ERR  p: [1640, 56], r: 1.0367299694720838e+34, e: 5.1461697426172577e+32
#ERR  p: [1644, 56], r: 2.9792126336157562e+34, e: -1.4193918742561594e+33
#SDC Ite:131 KerTime:2.7052886 AccTime:351.9893098 KerErr:2 AccErr:4
#IT 131 KerTime:2.6956861 AccTime:354.6849959
#ERR  p: [1961, 469], r: -6.5077200600550956e+34, e: -1.6683945690416298e+34
#SDC Ite:132 KerTime:2.6956861 AccTime:354.6849959 KerErr:1 AccErr:5
#IT 132 KerTime:2.6965087 AccTime:357.3815046
#IT 133 KerTime:2.6565387 AccTime:360.0380433
