#HEADER matrix_dim:2048 threads:4 block_size:16 block_offset:12 precision:Float
#BEGIN Y:2023 M:11 D:11 Time:03:59:08
#IT 0 KerTime:2.6415018 AccTime:2.6415018
#IT 1 KerTime:2.7099462 AccTime:5.3514480
#IT 2 KerTime:2.7475488 AccTime:8.0989968
#IT 3 KerTime:2.6694709 AccTime:10.7684677
#IT 4 KerTime:2.6445947 AccTime:13.4130625
#IT 5 KerTime:2.6909324 AccTime:16.1039948
#IT 6 KerTime:2.6450576 AccTime:18.7490524
#IT 7 KerTime:2.6701267 AccTime:21.4191791
#IT 8 KerTime:2.6411669 AccTime:24.0603460
#IT 9 KerTime:2.6492490 AccTime:26.7095950
#IT 10 KerTime:2.6807573 AccTime:29.3903523
#IT 11 KerTime:2.6715768 AccTime:32.0619291
#IT 12 KerTime:2.6789560 AccTime:34.7408851
#IT 13 KerTime:2.6607706 AccTime:37.4016557
#IT 14 KerTime:2.7031289 AccTime:40.1047846
#IT 15 KerTime:2.6436095 AccTime:42.7483941
#IT 16 KerTime:2.6781646 AccTime:45.4265587
#ERR  p: [1689, 226], r: 2.8104801683211196e+34, e: 3.6740196028290923e+34
#SDC Ite:17 KerTime:2.6781646 AccTime:45.4265587 KerErr:1 AccErr:1
#IT 17 KerTime:2.6407896 AccTime:48.0673483
#IT 18 KerTime:2.7439025 AccTime:50.8112508
#IT 19 KerTime:2.6442147 AccTime:53.4554655
#IT 20 KerTime:2.6848261 AccTime:56.1402916
#IT 21 KerTime:2.6410309 AccTime:58.7813224
#IT 22 KerTime:2.6788396 AccTime:61.4601620
#IT 23 KerTime:2.6439059 AccTime:64.1040680
#IT 24 KerTime:2.6882432 AccTime:66.7923112
#IT 25 KerTime:2.6406500 AccTime:69.4329612
#IT 26 KerTime:2.6839769 AccTime:72.1169381
#IT 27 KerTime:2.6442471 AccTime:74.7611852
#IT 28 KerTime:2.6887367 AccTime:77.4499219
#IT 29 KerTime:2.6404606 AccTime:80.0903825
#IT 30 KerTime:2.6998790 AccTime:82.7902615
#IT 31 KerTime:2.6443519 AccTime:85.4346133
#IT 32 KerTime:2.6677101 AccTime:88.1023234
#IT 33 KerTime:2.6403711 AccTime:90.7426944
#IT 34 KerTime:2.6688463 AccTime:93.4115408
#IT 35 KerTime:2.7450700 AccTime:96.1566108
#IT 36 KerTime:2.6442001 AccTime:98.8008109
#IT 37 KerTime:2.6406314 AccTime:101.4414423
#IT 38 KerTime:2.6409768 AccTime:104.0824192
#IT 39 KerTime:2.6822160 AccTime:106.7646351
#IT 40 KerTime:2.6452483 AccTime:109.4098834
#IT 41 KerTime:2.6838432 AccTime:112.0937267
#IT 42 KerTime:2.6420438 AccTime:114.7357704
#ERR  p: [1096, 36], r: -2.9560676114652610e+34, e: -1.6753930154657219e+34
#SDC Ite:43 KerTime:2.6420438 AccTime:114.7357704 KerErr:1 AccErr:2
#IT 43 KerTime:2.6440692 AccTime:117.3798397
#IT 44 KerTime:2.6439780 AccTime:120.0238177
#IT 45 KerTime:2.7342060 AccTime:122.7580237
#IT 46 KerTime:2.6611696 AccTime:125.4191934
#IT 47 KerTime:2.6818352 AccTime:128.1010286
#IT 48 KerTime:2.6452392 AccTime:130.7462678
#IT 49 KerTime:2.7265027 AccTime:133.4727705
#ERR  p: [1224, 164], r: -2.0732169313144560e+34, e: -2.1668689521964539e+34
#SDC Ite:50 KerTime:2.7265027 AccTime:133.4727705 KerErr:1 AccErr:3
#IT 50 KerTime:2.6412634 AccTime:136.1140339
#IT 51 KerTime:2.7506491 AccTime:138.8646830
#IT 52 KerTime:2.6436939 AccTime:141.5083769
#ERR  p: [1943, 229], r: -1.3130170174659089e+34, e: 2.6462958328338155e+33
#SDC Ite:53 KerTime:2.6436939 AccTime:141.5083769 KerErr:1 AccErr:4
#IT 53 KerTime:2.6413140 AccTime:144.1496909
#IT 54 KerTime:2.6411007 AccTime:146.7907917
#IT 55 KerTime:2.6443735 AccTime:149.4351652
#IT 56 KerTime:2.6441515 AccTime:152.0793167
#IT 57 KerTime:2.6980157 AccTime:154.7773323
#IT 58 KerTime:2.6704469 AccTime:157.4477793
#IT 59 KerTime:2.7231910 AccTime:160.1709703
#IT 60 KerTime:2.6441026 AccTime:162.8150729
#IT 61 KerTime:2.7209644 AccTime:165.5360373
