#HEADER matrix_dim:2048 threads:4 block_size:16 block_offset:12 precision:Float
#BEGIN Y:2023 M:11 D:09 Time:17:36:51
#IT 0 KerTime:2.6443248 AccTime:2.6443248
#IT 1 KerTime:2.6746067 AccTime:5.3189315
#ERR  p: [2028, 94], r: 4.3599475709046579e+34, e: -2.7631254955863438e+32
#SDC Ite:2 KerTime:2.6746067 AccTime:5.3189315 KerErr:1 AccErr:1
#IT 2 KerTime:2.7437640 AccTime:8.0626955
#IT 3 KerTime:2.7132605 AccTime:10.7759560
#ERR  p: [1311, 208], r: -1.3119109180408075e+34, e: 1.2037444215802002e+34
#ERR  p: [1126, 210], r: 5.0339113436765461e+34, e: -2.0020863821851652e+34
#ERR  p: [1127, 210], r: -2.0062462320991758e+34, e: 1.5594499344208288e+33
#ERR  p: [1145, 210], r: 4.0959627996392391e+34, e: 1.9255502440803308e+34
#ERR  p: [1086, 211], r: 2.2077123079125965e+34, e: -4.0865254875437510e+33
#ERR  p: [1087, 211], r: -3.7403015122065140e+33, e: 9.4617645061141525e+33
#ERR  p: [1478, 214], r: -7.7145283832325271e+34, e: -4.3540227898766381e+34
#ERR  p: [1496, 218], r: -3.7860942759937235e+34, e: 7.0552282578139821e+33
#ERR  p: [1529, 222], r: 1.8533876243402878e+34, e: 2.9701031899396727e+33
#ERR  p: [1530, 222], r: -2.5493109678810515e+34, e: -3.7459335204152429e+34
#ERR  p: [1912, 222], r: 6.7122752914425489e+34, e: 1.5973558750632540e+34
#SDC Ite:4 KerTime:2.7132605 AccTime:10.7759560 KerErr:11 AccErr:12
#IT 4 KerTime:2.6462717 AccTime:13.4222276
#IT 5 KerTime:2.7423313 AccTime:16.1645589
#IT 6 KerTime:2.6479317 AccTime:18.8124906
#IT 7 KerTime:2.6846519 AccTime:21.4971426
#ERR  p: [1352, 286], r: 3.9458447435393211e+34, e: -1.2029203248960479e+34
#ERR  p: [1353, 286], r: 1.8876227323327211e+33, e: -1.0819158950520356e+34
#SDC Ite:8 KerTime:2.6846519 AccTime:21.4971426 KerErr:2 AccErr:14
#IT 8 KerTime:2.6448478 AccTime:24.1419903
#IT 9 KerTime:2.7835139 AccTime:26.9255042
