#HEADER matrix_dim:2048 threads:4 block_size:16 block_offset:12 precision:Float
#BEGIN Y:2023 M:11 D:04 Time:12:47:19
#IT 0 KerTime:2.6616017 AccTime:2.6616017
#IT 1 KerTime:2.7028098 AccTime:5.3644115
#IT 2 KerTime:2.7781897 AccTime:8.1426013
#IT 3 KerTime:2.7173685 AccTime:10.8599698
#ERR  p: [712, 1657], r: -1.5198384218892781e+34, e: -1.3781893611861192e+34
#SDC Ite:4 KerTime:2.7173685 AccTime:10.8599698 KerErr:1 AccErr:1
#IT 4 KerTime:2.6794641 AccTime:13.5394339
#IT 5 KerTime:2.7047769 AccTime:16.2442108
#IT 6 KerTime:2.6661361 AccTime:18.9103469
#IT 7 KerTime:2.7362071 AccTime:21.6465540
#IT 8 KerTime:2.6624973 AccTime:24.3090513
#IT 9 KerTime:2.7322627 AccTime:27.0413139
#IT 10 KerTime:2.7379007 AccTime:29.7792146
#ERR  p: [710, 1649], r: -3.2689818389894305e+32, e: 1.8790660907811805e+32
#ERR  p: [200, 1681], r: 2.8091320516183378e+34, e: 2.6653715603841737e+34
#ERR  p: [823, 1713], r: -6.9094350690353115e+34, e: -7.1726369670198862e+34
#ERR  p: [982, 1841], r: -9.5821776957954021e+33, e: -8.3873699633588031e+33
#ERR  p: [166, 1873], r: -4.5679289251448375e+34, e: -4.2273097233354651e+34
#ERR  p: [294, 1873], r: -3.7505723293304531e+34, e: -3.4901964008675590e+34
#ERR  p: [342, 1873], r: 2.4551240331080783e+34, e: 2.6412770382235466e+34
#ERR  p: [358, 1873], r: 1.2394474788712181e+34, e: 1.6077195376901394e+34
#ERR  p: [423, 1873], r: -3.2351129136606178e+34, e: -3.1276374353299397e+34
#ERR  p: [710, 1969], r: 4.0589290805999934e+34, e: 4.6067764739296442e+34
#ERR  p: [711, 1969], r: 1.8781512530921486e+34, e: 2.1313445296531049e+34
#ERR  p: [712, 1969], r: -4.0372948404734421e+34, e: -4.1777396331063842e+34
#ERR  p: [359, 2001], r: -1.3718905984722313e+34, e: -1.5032066974614791e+34
#SDC Ite:11 KerTime:2.7379007 AccTime:29.7792146 KerErr:13 AccErr:14
#IT 11 KerTime:2.7134323 AccTime:32.4926469
#IT 12 KerTime:2.6616549 AccTime:35.1543018
#IT 13 KerTime:2.7450960 AccTime:37.8993977
#IT 14 KerTime:2.6660482 AccTime:40.5654459
#IT 15 KerTime:2.7030565 AccTime:43.2685023
#IT 16 KerTime:2.6620187 AccTime:45.9305210
#IT 17 KerTime:2.7163062 AccTime:48.6468272
#IT 18 KerTime:2.6675561 AccTime:51.3143833
#IT 19 KerTime:2.7194568 AccTime:54.0338401
#IT 20 KerTime:2.6630160 AccTime:56.6968561
#IT 21 KerTime:2.6967766 AccTime:59.3936327
#IT 22 KerTime:2.6654634 AccTime:62.0590961
#IT 23 KerTime:2.6931916 AccTime:64.7522877
#IT 24 KerTime:2.6619390 AccTime:67.4142267
#IT 25 KerTime:2.6744660 AccTime:70.0886927
#IT 26 KerTime:2.6660259 AccTime:72.7547185
#IT 27 KerTime:2.6823721 AccTime:75.4370906
#IT 28 KerTime:2.7618041 AccTime:78.1988947
#IT 29 KerTime:2.6627236 AccTime:80.8616183
#IT 30 KerTime:2.7308721 AccTime:83.5924904
#IT 31 KerTime:2.6786771 AccTime:86.2711675
#ERR  p: [790, 1969], r: -7.0259653359893386e+34, e: -7.2083035050797451e+34
#ERR  p: [791, 1969], r: -1.7328590586473767e+34, e: -1.9635172461151938e+34
#ERR  p: [374, 2001], r: -1.6582766375125426e+34, e: -1.4982770964310407e+34
#ERR  p: [806, 2001], r: 1.3843573974318586e+34, e: 2.0594863193687222e+34
#SDC Ite:32 KerTime:2.6786771 AccTime:86.2711675 KerErr:4 AccErr:18
#IT 32 KerTime:2.6625774 AccTime:88.9337449
#IT 33 KerTime:2.6623064 AccTime:91.5960513
#IT 34 KerTime:2.6658381 AccTime:94.2618894
#IT 35 KerTime:2.6660083 AccTime:96.9278977
#IT 36 KerTime:2.7168147 AccTime:99.6447125
#IT 37 KerTime:2.6620266 AccTime:102.3067390
#IT 38 KerTime:2.7097304 AccTime:105.0164694
#IT 39 KerTime:2.6662883 AccTime:107.6827577
#IT 40 KerTime:2.7380469 AccTime:110.4208047
#IT 41 KerTime:2.6618025 AccTime:113.0826072
#IT 42 KerTime:2.7554833 AccTime:115.8380905
#ERR  p: [86, 1841], r: -1.1362178872872809e+34, e: -1.2372526111815651e+34
#SDC Ite:43 KerTime:2.7554833 AccTime:115.8380905 KerErr:1 AccErr:19
#IT 43 KerTime:2.6653103 AccTime:118.5034007
#IT 44 KerTime:2.7061058 AccTime:121.2095065
#IT 45 KerTime:2.6613330 AccTime:123.8708395
#IT 46 KerTime:2.7172947 AccTime:126.5881342
#IT 47 KerTime:2.6656355 AccTime:129.2537698
#IT 48 KerTime:2.8503179 AccTime:132.1040876
#ERR  p: [584, 1585], r: 3.2112641225977889e+33, e: 2.6887160146749978e+33
#ERR  p: [585, 1585], r: -7.4771405061231469e+34, e: -7.4566015953433553e+34
#ERR  p: [679, 1585], r: -2.5334593932660100e+34, e: -2.7780179142589469e+34
#ERR  p: [710, 1585], r: 5.1710302865999441e+32, e: -6.2886796922679640e+32
#ERR  p: [726, 1585], r: 2.5855751833918774e+34, e: 2.4237321020038718e+34
#ERR  p: [727, 1585], r: -3.9933549015430311e+34, e: -3.7366148029755182e+34
#ERR  p: [774, 1585], r: -1.1016341753797849e+34, e: -1.5925553911789132e+34
#ERR  p: [775, 1585], r: -2.3759939154449254e+34, e: -2.2217943710354834e+34
#ERR  p: [582, 1617], r: -2.3613074899948593e+34, e: -2.2583138497824100e+34
#ERR  p: [550, 1873], r: -5.9111841135983390e+33, e: -8.7053757144705494e+33
#ERR  p: [625, 1909], r: -2.5379132539393510e+34, e: -2.4678225744430599e+34
#SDC Ite:49 KerTime:2.8503179 AccTime:132.1040876 KerErr:11 AccErr:30
#IT 49 KerTime:2.6974308 AccTime:134.8015184
#IT 50 KerTime:2.6660830 AccTime:137.4676014
#IT 51 KerTime:2.6656586 AccTime:140.1332600
#IT 52 KerTime:2.7311180 AccTime:142.8643780
#IT 53 KerTime:2.6613888 AccTime:145.5257667
#IT 54 KerTime:2.7698054 AccTime:148.2955721
#IT 55 KerTime:2.6663438 AccTime:150.9619159
#IT 56 KerTime:2.7278424 AccTime:153.6897582
#IT 57 KerTime:2.6614998 AccTime:156.3512580
#IT 58 KerTime:2.7748222 AccTime:159.1260803
#ERR  p: [120, 1841], r: -3.5012611089386917e+34, e: -3.2458493200333321e+34
#SDC Ite:59 KerTime:2.7748222 AccTime:159.1260803 KerErr:1 AccErr:31
#IT 59 KerTime:2.6656810 AccTime:161.7917613
#IT 60 KerTime:2.7177018 AccTime:164.5094631
#IT 61 KerTime:2.6617268 AccTime:167.1711899
#IT 62 KerTime:2.7278093 AccTime:169.8989993
#ERR  p: [744, 1713], r: 4.2042320451231071e+34, e: 4.2483185561541695e+34
#SDC Ite:63 KerTime:2.7278093 AccTime:169.8989993 KerErr:1 AccErr:32
#IT 63 KerTime:2.6853146 AccTime:172.5843139
#IT 64 KerTime:2.6616791 AccTime:175.2459929
#IT 65 KerTime:2.6615419 AccTime:177.9075349
#IT 66 KerTime:2.7291685 AccTime:180.6367034
#IT 67 KerTime:2.6661168 AccTime:183.3028202
#IT 68 KerTime:2.7074675 AccTime:186.0102878
#IT 69 KerTime:2.6614353 AccTime:188.6717231
#IT 70 KerTime:2.7282605 AccTime:191.3999836
#IT 71 KerTime:2.6658876 AccTime:194.0658712
#IT 72 KerTime:2.7105031 AccTime:196.7763742
#IT 73 KerTime:2.6616651 AccTime:199.4380393
#IT 74 KerTime:2.7464390 AccTime:202.1844783
#ERR  p: [743, 1841], r: -5.1940807301314379e+32, e: 6.3389029196617718e+31
#SDC Ite:75 KerTime:2.7464390 AccTime:202.1844783 KerErr:1 AccErr:33
#IT 75 KerTime:2.6657679 AccTime:204.8502462
#IT 76 KerTime:2.7301458 AccTime:207.5803921
#IT 77 KerTime:2.6620528 AccTime:210.2424449
#IT 78 KerTime:2.8122126 AccTime:213.0546574
#ERR  p: [214, 1681], r: 4.0708440058901074e+34, e: 4.3123789821310936e+34
#ERR  p: [215, 1681], r: 2.8408044999354464e+34, e: 2.8604248592060882e+34
#SDC Ite:79 KerTime:2.8122126 AccTime:213.0546574 KerErr:2 AccErr:35
#IT 79 KerTime:2.6659638 AccTime:215.7206212
#IT 80 KerTime:2.6622913 AccTime:218.3829125
#IT 81 KerTime:2.6615806 AccTime:221.0444932
#IT 82 KerTime:2.7793193 AccTime:223.8238124
#IT 83 KerTime:2.6656368 AccTime:226.4894493
