#HEADER matrix_dim:2048 threads:4 block_size:16 block_offset:12 precision:Float
#BEGIN Y:2023 M:11 D:01 Time:21:49:16
#IT 0 KerTime:2.6488411 AccTime:2.6488411
#IT 1 KerTime:2.6845238 AccTime:5.3333649
#IT 2 KerTime:2.7280860 AccTime:8.0614509
#IT 3 KerTime:2.7086795 AccTime:10.7701305
#IT 4 KerTime:2.6489428 AccTime:13.4190733
#IT 5 KerTime:2.6999828 AccTime:16.1190561
#IT 6 KerTime:2.6525470 AccTime:18.7716030
#IT 7 KerTime:2.6849610 AccTime:21.4565641
#IT 8 KerTime:2.6795582 AccTime:24.1361223
#IT 9 KerTime:2.6497261 AccTime:26.7858484
#IT 10 KerTime:2.6535213 AccTime:29.4393697
#IT 11 KerTime:2.6681373 AccTime:32.1075071
#IT 12 KerTime:2.8266167 AccTime:34.9341238
#IT 13 KerTime:2.6501346 AccTime:37.5842584
#IT 14 KerTime:2.7756553 AccTime:40.3599137
#IT 15 KerTime:2.6528078 AccTime:43.0127215
#IT 16 KerTime:2.6934238 AccTime:45.7061453
#IT 17 KerTime:2.6500017 AccTime:48.3561470
#IT 18 KerTime:2.7442403 AccTime:51.1003874
#IT 19 KerTime:2.6525688 AccTime:53.7529562
#IT 20 KerTime:2.7060071 AccTime:56.4589633
#ERR  p: [5, 410], r: 2.4895929879739326e+34, e: 3.0486714685159960e+34
#ERR  p: [6, 410], r: 6.0241331438127175e+33, e: -2.9785711330873985e+34
#ERR  p: [7, 410], r: 3.3046467677272384e+34, e: 5.7479467403440863e+34
#ERR  p: [8, 410], r: 1.5509088599652823e+34, e: 9.3039302459553647e+33
#ERR  p: [9, 410], r: 4.5403444024254571e+33, e: -5.9182973170640728e+33
#ERR  p: [10, 410], r: 3.8784446029244128e+34, e: -1.2623774398883884e+33
#ERR  p: [11, 410], r: 1.6087283350281531e+34, e: 3.0455662197214526e+34
#ERR  p: [12, 410], r: -5.0937370243670828e+34, e: -7.3372879440049989e+34
#ERR  p: [21, 410], r: -2.9848492222026304e+33, e: 5.1717563384329850e+33
#ERR  p: [22, 410], r: 3.7779941867286714e+34, e: -1.2474149847580627e+34
#ERR  p: [23, 410], r: -2.2491600259559182e+34, e: -1.4628670595473217e+34
#ERR  p: [24, 410], r: -4.2306115570082471e+34, e: -1.9327056613014042e+34
#ERR  p: [25, 410], r: -5.5475825549596336e+33, e: -1.7979571259652299e+34
#ERR  p: [26, 410], r: -3.7673006130813164e+34, e: -6.9261398319254284e+34
#ERR  p: [27, 410], r: 1.9445000421801928e+33, e: 1.6507067579663164e+34
#ERR  p: [28, 410], r: -1.7284694470620747e+34, e: -2.2661918526044143e+34
#ERR  p: [37, 410], r: -2.9299906521257223e+34, e: -3.6813647962581882e+34
#ERR  p: [38, 410], r: 3.1072780258558445e+34, e: -1.3493766162567618e+33
#ERR  p: [39, 410], r: -3.1559587799607028e+34, e: -5.4291851030443523e+34
#ERR  p: [40, 410], r: 1.2355676509940938e+34, e: -9.5445721722520105e+33
#ERR  p: [41, 410], r: -1.5369067677689332e+34, e: -1.2521931857216964e+34
#ERR  p: [42, 410], r: -1.1767593094278418e+34, e: -4.1330212774792706e+33
#ERR  p: [43, 410], r: 1.8307465675797857e+34, e: -1.0219255683362739e+34
#ERR  p: [44, 410], r: -1.3563268449163237e+34, e: -3.3906261600397495e+34
#ERR  p: [53, 410], r: -2.5228764914581672e+34, e: -3.9371605941637341e+34
#ERR  p: [54, 410], r: 1.6197753405567240e+34, e: 2.3568028737799077e+34
#ERR  p: [55, 410], r: -7.3424371555984064e+33, e: 2.5474022190829783e+33
#ERR  p: [56, 410], r: -1.4535990976492078e+34, e: -1.0425053311373619e+34
#ERR  p: [57, 410], r: -3.1355867434982068e+34, e: -1.2794818407716876e+34
#ERR  p: [58, 410], r: -1.6606959437313180e+34, e: -7.6606713066474009e+33
#ERR  p: [59, 410], r: -2.7344872383055236e+34, e: -2.5914705014469622e+34
#ERR  p: [60, 410], r: 1.9526369911099146e+34, e: 1.0080455989248003e+34
#ERR  p: [69, 410], r: 3.1577518123136037e+34, e: 3.8224176650384272e+34
#ERR  p: [70, 410], r: -4.0612819094386592e+34, e: -5.0591994876230521e+34
#ERR  p: [71, 410], r: -1.7330848589105424e+34, e: -2.0657416303872312e+34
#ERR  p: [72, 410], r: 1.7354474674755185e+34, e: -1.3504456393776867e+34
#ERR  p: [73, 410], r: -3.1482518604521277e+34, e: 2.3162722217176886e+34
#ERR  p: [74, 410], r: 4.6407710501724443e+33, e: 4.6914535533208270e+33
#ERR  p: [75, 410], r: -1.4272179764420167e+33, e: 7.8781012382374262e+33
#ERR  p: [76, 410], r: 1.3123610330390916e+34, e: -5.9274376473441364e+33
#ERR  p: [85, 410], r: -2.0945346301729620e+34, e: -1.3298394465567599e+33
#ERR  p: [86, 410], r: -1.7556273756439174e+33, e: 9.6604439788991417e+33
#ERR  p: [87, 410], r: -1.0220249130244266e+34, e: 5.4675862506509926e+33
#ERR  p: [88, 410], r: 1.8012699773043615e+34, e: -2.2587751062410477e+34
#ERR  p: [89, 410], r: -1.9253540305841041e+34, e: -9.1101895349571045e+32
#ERR  p: [90, 410], r: -1.6136557077665207e+34, e: 1.5723544380298465e+34
#ERR  p: [91, 410], r: 1.6145228847640401e+34, e: 1.4279853754723697e+34
#ERR  p: [92, 410], r: -2.4953152420115253e+34, e: -4.6118177990486280e+33
#ERR  p: [101, 410], r: 1.2178855653914620e+33, e: -2.0418522348911137e+34
#ERR  p: [102, 410], r: 6.3680508368567658e+33, e: -1.3000794299093414e+34
#ERR  p: [103, 410], r: 1.5107598648171749e+34, e: 2.4016868657842777e+34
#ERR  p: [104, 410], r: -6.8426634305783484e+33, e: -1.2619409731790374e+34
#ERR  p: [105, 410], r: -4.2371884848489625e+34, e: -1.6165621433907549e+34
#ERR  p: [106, 410], r: 1.4792874366619138e+33, e: -1.3115186148423579e+34
#ERR  p: [107, 410], r: -1.4394780394150834e+34, e: 1.7668316614544795e+33
#ERR  p: [108, 410], r: 5.8568936342054590e+33, e: -7.2326318741137932e+33
#ERR  p: [117, 410], r: -1.6220358190684591e+34, e: -5.7690481710777292e+33
#ERR  p: [118, 410], r: -2.5258762677613635e+34, e: -3.6857419046490934e+34
#ERR  p: [119, 410], r: 1.7771430830117071e+33, e: 3.2541984828342884e+34
#ERR  p: [120, 410], r: -2.1282172455258622e+34, e: -5.6736703379869635e+34
#ERR  p: [121, 410], r: 2.4206872646832454e+34, e: 2.5401016843407997e+34
#ERR  p: [122, 410], r: 6.7155622698348595e+33, e: -1.5013322086539931e+34
#ERR  p: [123, 410], r: -2.6197227690235332e+34, e: -1.6075791552896845e+34
#ERR  p: [124, 410], r: -1.2615001427310478e+34, e: 2.4920963503213755e+34
#ERR  p: [133, 410], r: 2.0108227726304100e+34, e: 3.8611087382022682e+34
#ERR  p: [134, 410], r: -4.4392483386022263e+33, e: -2.5632840922804813e+34
#ERR  p: [135, 410], r: 9.2591459081241571e+33, e: -1.2149610867911552e+33
#ERR  p: [136, 410], r: 2.5785020891834164e+34, e: 1.8000782124285415e+34
#ERR  p: [137, 410], r: 1.5193611960041336e+34, e: 7.4697735249493596e+33
#ERR  p: [138, 410], r: 2.6767455058771199e+34, e: 4.6460132310628022e+34
#ERR  p: [139, 410], r: -5.9964664218747285e+33, e: -7.4483460208093689e+33
#ERR  p: [140, 410], r: 2.1430737639373261e+34, e: 7.0986093906106597e+33
#ERR  p: [149, 410], r: -1.8405686314394838e+34, e: -5.6569898387216165e+33
#ERR  p: [150, 410], r: -1.3228782002308484e+34, e: 9.7332775621404774e+33
#ERR  p: [151, 410], r: 1.9633370020454738e+34, e: -6.2134896901618485e+33
#ERR  p: [152, 410], r: -5.3621484216249782e+33, e: -7.5574679593922966e+33
#ERR  p: [153, 410], r: 1.7719217614110112e+34, e: -8.3861196439191248e+33
#ERR  p: [154, 410], r: -2.7984189185183621e+34, e: -1.8800786019393120e+34
#ERR  p: [155, 410], r: -3.0813441723848472e+33, e: -7.4348394760107458e+33
#ERR  p: [156, 410], r: 2.5382732469027751e+34, e: 1.4945871685559428e+34
#ERR  p: [165, 410], r: 2.4423519581347632e+34, e: 1.4001429898428062e+33
#ERR  p: [166, 410], r: -1.6058249942540171e+34, e: -3.6639138031123900e+34
#ERR  p: [167, 410], r: -1.4494675965620968e+34, e: -7.8856830020080295e+33
#ERR  p: [168, 410], r: -2.5289503204669169e+34, e: 9.4938542330700032e+32
#ERR  p: [169, 410], r: -4.5034315063340456e+33, e: -2.0879059564386045e+34
#ERR  p: [170, 410], r: -1.4585992612618854e+34, e: -1.1069987885400281e+33
#ERR  p: [171, 410], r: 2.4252233245751949e+34, e: 2.7599326006370189e+34
#ERR  p: [172, 410], r: -1.8722253579180934e+34, e: -2.0306861395307635e+34
#ERR  p: [181, 410], r: -3.4445416673947299e+34, e: -3.1656325386036944e+34
#ERR  p: [182, 410], r: -2.8539071048992507e+34, e: -5.1946058642961027e+34
#ERR  p: [183, 410], r: 8.1034044684773065e+33, e: 1.7959439878733440e+34
#ERR  p: [184, 410], r: -1.2859371410035432e+33, e: -4.0160634260356743e+34
#ERR  p: [185, 410], r: 1.0492230127605441e+34, e: 3.2006008784813964e+34
#ERR  p: [186, 410], r: -9.3336370930780960e+33, e: -3.3933147182170694e+34
#ERR  p: [187, 410], r: -3.6242447573175136e+34, e: -1.4641665252065596e+34
#ERR  p: [188, 410], r: -1.3512890788749528e+33, e: -1.5587708933607798e+34
#ERR  p: [197, 410], r: 1.3420027645157565e+34, e: 4.9791935273821048e+33
#ERR  p: [198, 410], r: -1.0340439490718444e+34, e: -1.4235794230785491e+34
#ERR  p: [199, 410], r: 1.4203379699311833e+33, e: -2.4900591342957255e+32
#ERR  p: [200, 410], r: 8.1585181779963112e+33, e: -4.8542540575352160e+34
#ERR  p: [201, 410], r: -2.0744085723962721e+34, e: -2.3657554085560117e+34
#ERR  p: [202, 410], r: -2.8197892298285378e+34, e: -3.5161990838047406e+34
#ERR  p: [203, 410], r: 1.6032612513811580e+33, e: 2.1075800423069514e+34
#ERR  p: [204, 410], r: -5.6359077198525865e+32, e: -1.9589978674652737e+33
#ERR  p: [213, 410], r: 1.6277885264310183e+34, e: -1.6132209432247237e+33
#ERR  p: [214, 410], r: 1.2689999548710505e+34, e: 1.5887911869014581e+34
#ERR  p: [215, 410], r: 3.4674607654880555e+33, e: -6.4175306812569828e+33
#ERR  p: [216, 410], r: 4.2972384802746177e+34, e: 2.5631966937137077e+34
#ERR  p: [217, 410], r: 1.9100471495863482e+34, e: 1.6389397665108971e+34
#ERR  p: [218, 410], r: -1.0534217339917883e+34, e: 4.7297535612262578e+33
#ERR  p: [219, 410], r: 1.7552212075170278e+34, e: 2.3549791405140325e+33
#ERR  p: [220, 410], r: 7.1387367527565806e+32, e: 9.0080873353669445e+33
#ERR  p: [229, 410], r: 3.0215296950516660e+33, e: 4.5397164573405296e+33
#ERR  p: [230, 410], r: 9.2979695646662056e+33, e: 3.5784526125003238e+34
#ERR  p: [231, 410], r: 2.6735456784635751e+34, e: 2.1924876261334492e+34
#ERR  p: [232, 410], r: -4.0337363199335143e+33, e: -8.9891524234960550e+33
#ERR  p: [233, 410], r: -3.8718659419676425e+34, e: -1.0504343370889848e+34
#ERR  p: [234, 410], r: 2.4461039068058293e+34, e: 3.4050692064780920e+34
#ERR  p: [235, 410], r: 5.9692769258218841e+33, e: -6.5535741018742496e+33
#ERR  p: [236, 410], r: -5.6704353530763029e+34, e: -8.3758736784414745e+32
#ERR  p: [245, 410], r: 2.7739592040461458e+34, e: -1.0828075832623328e+34
#ERR  p: [246, 410], r: 1.3255564835058423e+34, e: 2.9351602897297781e+34
#ERR  p: [247, 410], r: -1.2156092102987231e+34, e: -4.9022970249318344e+34
#ERR  p: [248, 410], r: -8.7229309421676554e+32, e: 4.1454597895090003e+33
#ERR  p: [249, 410], r: -9.3524550196152730e+33, e: -2.7039135855672847e+33
#ERR  p: [250, 410], r: 1.7723434037883918e+34, e: 4.5530152139035587e+34
#ERR  p: [251, 410], r: -5.8253069751330729e+33, e: -2.9477441978171218e+34
#ERR  p: [252, 410], r: 2.4659857190127682e+34, e: 2.9424953320505518e+34
#ERR  p: [261, 410], r: 1.5897900807191575e+34, e: 1.3406208520499022e+34
#ERR  p: [262, 410], r: 2.1795921285382173e+33, e: -1.0592599830110621e+34
#ERR  p: [263, 410], r: -1.3408232552463254e+34, e: -3.4525942197622734e+34
#ERR  p: [264, 410], r: -1.2890283391786408e+34, e: 1.8468649492217941e+33
#ERR  p: [265, 410], r: -1.4801928969551481e+34, e: 7.5419150997087347e+33
#ERR  p: [266, 410], r: -9.8071999136463646e+33, e: -2.0061053545227052e+34
#ERR  p: [267, 410], r: 1.7385957965834291e+33, e: -1.0995455229455026e+34
#ERR  p: [268, 410], r: 4.4081083901930164e+34, e: 5.9376981895657494e+34
#ERR  p: [277, 410], r: -3.3323055668489759e+34, e: -2.2328380341259483e+34
#ERR  p: [278, 410], r: -1.1350864100913741e+34, e: -1.8285125809848913e+34
#ERR  p: [279, 410], r: -3.9992118434568981e+34, e: -1.0089911375268065e+34
#ERR  p: [280, 410], r: -5.0026537290666020e+33, e: 2.9364259596259434e+34
#ERR  p: [281, 410], r: -4.7885807813781089e+33, e: 1.3720808698562694e+34
#ERR  p: [282, 410], r: -1.1068103121690469e+33, e: 2.0200060594298368e+34
#ERR  p: [283, 410], r: 5.6113118319760489e+34, e: 7.1173059990239868e+34
#ERR  p: [284, 410], r: 8.5006674736942403e+33, e: 2.4805451318148036e+34
#ERR  p: [293, 410], r: 2.2468341842101088e+34, e: 2.0897180530681105e+34
#ERR  p: [294, 410], r: -2.2249157130505375e+34, e: -4.0309006325825253e+34
#ERR  p: [295, 410], r: 1.1182663949835997e+34, e: 1.4455059408483757e+34
#ERR  p: [296, 410], r: 3.2784130851787262e+34, e: 3.1737256954045265e+34
#ERR  p: [297, 410], r: -1.1234758942569204e+34, e: 1.7982917411578487e+34
#ERR  p: [298, 410], r: -2.5658179079528906e+34, e: -2.6409328908926253e+34
#ERR  p: [299, 410], r: -1.6222403267629491e+34, e: -1.1335102029363540e+33
#ERR  p: [300, 410], r: 3.0597625447099655e+33, e: 2.1819435956428399e+34
#ERR  p: [309, 410], r: 9.0700072392219403e+33, e: 3.1563764609299577e+34
#ERR  p: [310, 410], r: 4.6144827744681996e+33, e: -2.2348496866897870e+34
#ERR  p: [311, 410], r: -1.3712960158713625e+34, e: -1.3721246929336601e+34
#ERR  p: [312, 410], r: -2.0815429446366777e+34, e: 3.1740606819791572e+34
#ERR  p: [313, 410], r: -4.3347658898015304e+34, e: -2.8959099152561879e+34
#ERR  p: [314, 410], r: 1.0285279358447966e+34, e: -1.0564605054062221e+34
#ERR  p: [315, 410], r: 1.1731683858073857e+33, e: 3.0833976673220138e+34
#ERR  p: [316, 410], r: 1.7403191329121183e+34, e: 1.4599903344840304e+34
#ERR  p: [325, 410], r: -6.9112917315062317e+33, e: 8.1594472519957949e+33
#ERR  p: [326, 410], r: 2.6836331566676959e+34, e: 1.7618319311208157e+34
#ERR  p: [327, 410], r: 7.0067171014945059e+33, e: 2.0456364937972052e+33
#ERR  p: [328, 410], r: -1.2702439608165283e+34, e: -6.4309282873321488e+33
#ERR  p: [329, 410], r: -3.0254358291546251e+34, e: -3.9859775216729138e+34
#ERR  p: [330, 410], r: 4.8535885409700962e+34, e: 1.1087368563551848e+34
#ERR  p: [331, 410], r: 1.2439216417612033e+34, e: -5.1843282385019476e+33
#ERR  p: [332, 410], r: -1.4534313567738846e+34, e: 5.2231240413931122e+33
#ERR  p: [341, 410], r: 4.2626514259290156e+34, e: 3.2272742773318628e+34
#ERR  p: [342, 410], r: 2.2502150603543991e+33, e: -7.0803931029325753e+33
#ERR  p: [343, 410], r: 9.6541626711398077e+33, e: 1.6455274644299542e+34
#ERR  p: [344, 410], r: -2.0572746156945349e+34, e: -1.0213187301290162e+34
#ERR  p: [345, 410], r: -1.8353928041352316e+34, e: -4.9873843576520365e+33
#ERR  p: [346, 410], r: 5.1139748681293202e+33, e: 1.7289231520864728e+34
#ERR  p: [347, 410], r: 2.1640558572511818e+34, e: -1.4000137489027048e+34
#ERR  p: [348, 410], r: 8.9309314844784439e+33, e: 3.8896801467209669e+34
#ERR  p: [357, 410], r: -7.9093394171887535e+33, e: -3.1393547853897837e+34
#ERR  p: [358, 410], r: -2.3398908178302124e+33, e: -8.4056042011674571e+33
#ERR  p: [359, 410], r: -3.1262118235806987e+34, e: -2.5330342846565194e+34
#ERR  p: [360, 410], r: 6.6157576869576132e+33, e: -2.5160282071608404e+34
#ERR  p: [361, 410], r: -2.2763907454120708e+34, e: -7.7766959988893839e+33
#ERR  p: [362, 410], r: -3.7762137813641711e+34, e: -5.1242012432058489e+34
#ERR  p: [363, 410], r: -1.8226787885497589e+34, e: -2.9876722206682167e+34
#ERR  p: [364, 410], r: -1.9115242596412235e+34, e: -2.6863217148450159e+34
#ERR  p: [373, 410], r: 1.8202851076897967e+34, e: 2.9821200595920218e+34
#ERR  p: [374, 410], r: -2.2553747325411386e+34, e: -1.6455114950034475e+34
#ERR  p: [375, 410], r: 1.7146009285959645e+34, e: -1.5768661105030220e+34
#ERR  p: [376, 410], r: -2.0871958740320704e+34, e: -2.5813741100745585e+34
#ERR  p: [377, 410], r: 6.2864699692978396e+33, e: -1.7043786387215655e+34
#ERR  p: [378, 410], r: -2.0459495688331405e+34, e: -9.1973609397334434e+33
#ERR  p: [379, 410], r: -1.1713482735161254e+34, e: -6.2578029918081080e+33
#ERR  p: [380, 410], r: -1.9089534295616396e+34, e: -3.1477596554925078e+34
#ERR  p: [389, 410], r: -1.9623989529807053e+33, e: -2.1533375248030411e+34
#ERR  p: [390, 410], r: -1.9843620209301918e+33, e: -3.3083351791257882e+32
#ERR  p: [391, 410], r: -1.2630698507008617e+34, e: 1.4123105786949382e+34
#ERR  p: [392, 410], r: -3.5438729857949574e+34, e: -1.6380104449234055e+34
#ERR  p: [393, 410], r: -1.5967570834662517e+34, e: -3.6260145163976759e+34
#ERR  p: [394, 410], r: -4.5463857974051776e+34, e: -3.1128584119649351e+34
#ERR  p: [395, 410], r: 4.8040635117584452e+34, e: 3.2779003304144542e+34
#ERR  p: [396, 410], r: 2.2762944336770144e+34, e: 3.0902662538359848e+34
#ERR  p: [405, 410], r: -1.0728533074064391e+34, e: -7.3021180674889012e+33
#ERR  p: [406, 410], r: 3.8575059613059360e+33, e: -3.6815995096896367e+34
#ERR  p: [407, 410], r: -2.6849842444265720e+33, e: -2.4120764013579842e+34
#ERR  p: [408, 410], r: 6.7425456488711629e+32, e: 2.6665545358857148e+34
#ERR  p: [409, 410], r: -1.1279046247474639e+34, e: -1.0174549954724026e+34
#ERR  p: [410, 410], r: 8.6301714760539822e+33, e: -3.1588872509176363e+34
#ERR  p: [411, 410], r: 3.9018666760557001e+34, e: 2.6003088981514441e+34
#ERR  p: [412, 410], r: 7.5972126433235734e+33, e: 6.0127174797404473e+33
#ERR  p: [421, 410], r: 1.5052380332719424e+34, e: 6.5980947584770894e+33
#ERR  p: [422, 410], r: -1.8595035433103733e+34, e: 1.0822779925135266e+34
#ERR  p: [423, 410], r: -4.0724404533647698e+34, e: -4.1777938548801049e+33
#ERR  p: [424, 410], r: 1.7762208795794415e+34, e: 2.5034920835590131e+34
#ERR  p: [425, 410], r: -3.9538569390615839e+34, e: -3.5044819813329044e+34
#ERR  p: [426, 410], r: -1.8444102069693941e+34, e: -1.8983314088485553e+34
#ERR  p: [427, 410], r: -2.5434017848975266e+34, e: -1.8540342004228065e+34
#ERR  p: [428, 410], r: 1.6636155015199686e+34, e: 5.1545966325784307e+31
#ERR  p: [437, 410], r: -1.0211560648078541e+34, e: -2.8133744102359668e+33
#ERR  p: [438, 410], r: -2.9892686681428792e+34, e: -4.3892570392747786e+34
#ERR  p: [439, 410], r: 6.1333689728792594e+33, e: 2.7087841368578491e+34
#ERR  p: [440, 410], r: -1.0584475229632791e+34, e: -1.6673653456929680e+34
#ERR  p: [441, 410], r: -1.8332762361530634e+33, e: -4.5000581197269930e+33
#ERR  p: [442, 410], r: 7.4210927708445013e+33, e: -1.3865487988894016e+34
#ERR  p: [443, 410], r: 2.8937321311390771e+34, e: 3.2640977941524379e+34
#ERR  p: [444, 410], r: -1.0958602992425540e+34, e: -3.3367138713288711e+33
#ERR  p: [453, 410], r: -1.8015710443219157e+34, e: -2.7128369049584616e+34
#ERR  p: [454, 410], r: 2.5070061001545286e+34, e: 4.9922958847579012e+33
#ERR  p: [455, 410], r: 2.1695104686522811e+34, e: 2.9236982029060347e+34
#ERR  p: [456, 410], r: 3.9220634202086332e+34, e: 8.7723767432167920e+33
#ERR  p: [457, 410], r: -1.5587342503356169e+34, e: -3.5547710671368023e+34
#ERR  p: [458, 410], r: -1.3790093726681419e+34, e: -4.8690057224253524e+33
#ERR  p: [459, 410], r: 2.9710219271398284e+34, e: 1.3057862096964430e+34
#ERR  p: [460, 410], r: 2.0051345000468956e+33, e: 7.3273646166500873e+33
#ERR  p: [469, 410], r: 2.0314009261094469e+34, e: 3.2358918255333362e+34
#ERR  p: [470, 410], r: -3.0103983239094178e+34, e: 1.4961390501891910e+33
#ERR  p: [471, 410], r: 2.5033309347143991e+33, e: -3.8552579859885977e+34
#ERR  p: [472, 410], r: 1.2174008809175808e+34, e: 8.1115643502462560e+33
#ERR  p: [473, 410], r: 3.2774564051163664e+34, e: 1.6834802301543654e+33
#ERR  p: [474, 410], r: -9.0528939561188592e+33, e: -1.2566680913757052e+34
#ERR  p: [475, 410], r: -1.6745178537549491e+33, e: 1.0171674838982786e+34
#ERR  p: [476, 410], r: -1.1529924699956136e+34, e: 2.9117877342000622e+34
#ERR  p: [485, 410], r: -2.4250376335693021e+34, e: -4.5325000715725214e+34
#ERR  p: [486, 410], r: -3.4817252390757311e+33, e: -1.6953601217413676e+34
#ERR  p: [487, 410], r: 3.2035692111075949e+34, e: 1.3614167591818495e+34
#ERR  p: [488, 410], r: 4.5377271495944000e+34, e: 1.9165433637365022e+34
#ERR  p: [489, 410], r: -1.3555547417138214e+34, e: 4.9697842546285064e+33
#ERR  p: [490, 410], r: -3.7424202465837510e+34, e: -6.6244335421349369e+34
#ERR  p: [491, 410], r: 2.9253946759358714e+34, e: 1.8348950284454349e+34
#ERR  p: [492, 410], r: 2.2125355698936602e+34, e: 6.6894404970658987e+33
#ERR  p: [501, 410], r: 1.8117118777417298e+34, e: 3.0208576793013399e+34
#ERR  p: [502, 410], r: -2.1834623004830352e+34, e: -2.3021968434710138e+34
#ERR  p: [503, 410], r: 7.5426838604731310e+33, e: -1.1051247949085579e+34
#ERR  p: [504, 410], r: 3.8045267080026671e+34, e: -1.9534509366857447e+34
#ERR  p: [505, 410], r: 1.0093473547731109e+34, e: 2.1617431376697889e+34
#ERR  p: [506, 410], r: 1.2558459753956158e+34, e: 8.2445469641163898e+33
#ERR  p: [507, 410], r: 1.2683542453465592e+34, e: 1.4095920623686675e+34
#ERR  p: [508, 410], r: -1.0008968046829371e+34, e: -1.7166689074315908e+34
#ERR  p: [517, 410], r: -1.1741009569874804e+34, e: 2.0724174696370855e+34
#ERR  p: [518, 410], r: -2.7089156060900212e+34, e: -4.9936015401173355e+34
#ERR  p: [519, 410], r: 6.7244092083256125e+33, e: -1.6229677403300332e+34
#ERR  p: [520, 410], r: 2.7657325973090788e+34, e: 2.5191824783809396e+34
#ERR  p: [521, 410], r: -1.5777498758970679e+34, e: -2.3363476477467718e+34
#ERR  p: [522, 410], r: -1.1498984864554276e+34, e: -2.2889256310738588e+34
#ERR  p: [523, 410], r: -1.6777847775186232e+33, e: 3.2745519501961951e+33
#ERR  p: [524, 410], r: -1.1921444282360805e+34, e: -3.4235925032859191e+34
#ERR  p: [533, 410], r: -1.9514900706120177e+33, e: 5.8595063066583708e+33
#ERR  p: [534, 410], r: -3.7795329461975031e+34, e: -1.7601337249749240e+34
#ERR  p: [535, 410], r: -3.1694155595697466e+33, e: -9.6308695913606140e+33
#ERR  p: [536, 410], r: 3.0828247486718325e+33, e: 2.7212251866646594e+34
#ERR  p: [537, 410], r: -2.8158842717686160e+34, e: -1.2915142465715297e+34
#ERR  p: [538, 410], r: 6.2361291376002996e+32, e: 2.9663590402908541e+33
#ERR  p: [539, 410], r: -5.3072179272317877e+33, e: -2.2003421080947070e+34
#ERR  p: [540, 410], r: -9.5182492342266658e+33, e: -1.6015880206755589e+34
#ERR  p: [549, 410], r: 4.3769677609167848e+34, e: 2.8795678687975816e+34
#ERR  p: [550, 410], r: -1.0402792673587190e+34, e: 1.2395244787416616e+34
#ERR  p: [551, 410], r: -5.3471941059504108e+33, e: -7.1847712552849615e+33
#ERR  p: [552, 410], r: -1.0228570563188342e+34, e: 1.1803909303270894e+34
#ERR  p: [553, 410], r: -7.6690360674928522e+33, e: -3.3640485777483238e+34
#ERR  p: [554, 410], r: -2.5424096997500433e+34, e: -3.4871780554637734e+34
#ERR  p: [555, 410], r: -2.1520451154020272e+34, e: 9.1494279014123135e+33
#ERR  p: [556, 410], r: 3.9601394847609572e+34, e: 5.2248026880863831e+34
#ERR  p: [565, 410], r: -3.3769825752787774e+34, e: -2.7019321387404046e+34
#ERR  p: [566, 410], r: -1.8886555457074968e+34, e: -3.9788596140350307e+34
#ERR  p: [567, 410], r: -2.6738341184927286e+33, e: -2.8867328181569576e+34
#ERR  p: [568, 410], r: 2.1393600057164719e+33, e: -8.2243289273947810e+33
#ERR  p: [569, 410], r: 1.5859217656843985e+34, e: 8.6323644868335762e+33
#ERR  p: [570, 410], r: -1.4457895529113760e+34, e: -1.8976873086461151e+34
#ERR  p: [571, 410], r: -1.3400684832043731e+34, e: 1.4146440956689912e+34
#ERR  p: [572, 410], r: 1.0432131852518253e+34, e: -2.8205522960687533e+34
#ERR  p: [581, 410], r: 1.6022440051023763e+34, e: -2.9772228925906128e+33
#ERR  p: [582, 410], r: -1.6107750212951036e+34, e: -3.0249894279764588e+34
#ERR  p: [583, 410], r: -3.4648416557469394e+34, e: -2.9187127707798246e+34
#ERR  p: [584, 410], r: -3.7061523172528072e+34, e: -1.1185615198889653e+34
#ERR  p: [585, 410], r: -4.6042431534332506e+33, e: 1.6043009662716529e+34
#ERR  p: [586, 410], r: 4.5780037763605577e+34, e: 2.7832036450835133e+34
#ERR  p: [587, 410], r: -1.0068558147530432e+34, e: 2.0518411730681075e+34
#ERR  p: [588, 410], r: 4.1300955299904235e+34, e: -1.6829044642420938e+34
#ERR  p: [597, 410], r: -1.8364979132083016e+34, e: 7.7926437614454778e+33
#ERR  p: [598, 410], r: -5.3045928753784830e+33, e: -8.8009781098844415e+33
#ERR  p: [599, 410], r: -2.1409861018550752e+34, e: -3.7637110821434045e+34
#ERR  p: [600, 410], r: 5.0783741884795512e+34, e: 1.2116694661236974e+34
#ERR  p: [601, 410], r: -2.3009274597547306e+34, e: -9.2978767191632592e+33
#ERR  p: [602, 410], r: 1.5945762044990426e+34, e: 1.9151420156120311e+34
#ERR  p: [603, 410], r: 3.7559340642801049e+32, e: 8.8620673559730768e+33
#ERR  p: [604, 410], r: -7.2771079648752187e+33, e: -3.3301608357309140e+33
#ERR  p: [613, 410], r: -5.9456743610328690e+33, e: -6.3638857875945901e+34
#ERR  p: [614, 410], r: -2.6896361755061986e+34, e: -3.2473623303493467e+34
#ERR  p: [615, 410], r: -2.2282408199960581e+34, e: -3.8937088987848173e+34
#ERR  p: [616, 410], r: -7.7702760418456499e+33, e: 2.7536369327732292e+34
#ERR  p: [617, 410], r: 1.8491905124310946e+34, e: 7.1756686821760961e+33
#ERR  p: [618, 410], r: -7.7942623680468434e+33, e: -1.1963963808890140e+34
#ERR  p: [619, 410], r: 2.3926268778127637e+34, e: 7.9025815025142946e+33
#ERR  p: [620, 410], r: 8.3360245433193830e+33, e: -2.1244747051990946e+34
#ERR  p: [629, 410], r: -1.3884495320257204e+34, e: -9.3255149684803446e+33
#ERR  p: [630, 410], r: -5.4392163787706896e+33, e: -4.8646936677835116e+33
#ERR  p: [631, 410], r: -5.7910519363060071e+33, e: 2.6999390552771551e+34
#ERR  p: [632, 410], r: -1.6331585865274344e+34, e: -2.4132353608227632e+34
#ERR  p: [633, 410], r: -4.0529609716705986e+34, e: -2.0410546301238022e+34
#ERR  p: [634, 410], r: 3.6872130725917801e+34, e: 4.6568932384800735e+34
#ERR  p: [635, 410], r: 4.7734002321613621e+34, e: 4.6072221323437869e+34
#ERR  p: [636, 410], r: -1.8688166900199211e+34, e: 2.1852078887839305e+33
#ERR  p: [645, 410], r: -1.1060003898983444e+34, e: 1.2027129699394676e+34
#ERR  p: [646, 410], r: -4.2047964219870173e+33, e: -3.2701008129909405e+34
#ERR  p: [647, 410], r: -4.6053015921668396e+33, e: -7.0938618905600003e+33
#ERR  p: [648, 410], r: 1.5198902915769242e+34, e: 1.3694030817572912e+32
#ERR  p: [649, 410], r: -3.0583781563640327e+34, e: -6.7612100708434686e+34
#ERR  p: [650, 410], r: -2.0171032138317165e+33, e: 2.1232721702449328e+34
#ERR  p: [651, 410], r: -1.5239335275392342e+34, e: -5.3851382060945470e+33
#ERR  p: [652, 410], r: 1.2493969267609586e+34, e: 2.7655862727964352e+34
#ERR  p: [661, 410], r: 2.0755956330999428e+34, e: 2.9108174367972703e+34
#ERR  p: [662, 410], r: 2.9798714653046639e+33, e: 2.8631706102132232e+34
#ERR  p: [663, 410], r: 2.7756289994681359e+33, e: 5.7303285014989807e+32
#ERR  p: [664, 410], r: 1.4096439320563136e+34, e: 1.9471667816643203e+34
#ERR  p: [665, 410], r: 2.4120164850600828e+34, e: 1.5840717880896905e+34
#ERR  p: [666, 410], r: -9.8562613343133032e+33, e: -8.2199218608549250e+33
#ERR  p: [667, 410], r: -1.0500960080762481e+34, e: -3.5345644194635549e+34
#ERR  p: [668, 410], r: -1.7866074440970537e+34, e: -2.4716522038515912e+33
#ERR  p: [677, 410], r: 4.2641079861792388e+33, e: 1.3963742051872057e+34
#ERR  p: [678, 410], r: -1.8733731759225188e+34, e: 9.3435814654136754e+32
#ERR  p: [679, 410], r: 2.9726852233766122e+34, e: 4.1726310259462652e+33
#ERR  p: [680, 410], r: 3.1162818113495749e+34, e: 1.5758394868284427e+34
#ERR  p: [681, 410], r: 7.3411664101480800e+33, e: -1.6864449727544500e+34
#ERR  p: [682, 410], r: -1.5026048110143785e+33, e: 1.3250664139927902e+33
#ERR  p: [683, 410], r: -3.1975941697139801e+33, e: 1.2708047476543246e+34
#ERR  p: [684, 410], r: 3.5608094910604285e+34, e: -6.8673386704114043e+33
#ERR  p: [693, 410], r: -9.0053143496789453e+32, e: -4.4956134198099427e+34
#ERR  p: [694, 410], r: -3.7495203278850683e+34, e: -2.1132948687043084e+34
#ERR  p: [695, 410], r: -2.2980009695018600e+34, e: -1.6331693566057761e+34
#ERR  p: [696, 410], r: 3.0107486609405355e+34, e: 2.5304979931040315e+34
#ERR  p: [697, 410], r: 2.7427929494111010e+33, e: 5.7882913300184008e+33
#ERR  p: [698, 410], r: 8.0038128112868173e+33, e: 2.4979755751559496e+34
#ERR  p: [699, 410], r: -9.9798498401953198e+33, e: 1.7480573723036873e+34
#ERR  p: [700, 410], r: -1.8663431620274250e+34, e: -3.6577340064362774e+34
#ERR  p: [709, 410], r: 8.9538667995862841e+33, e: 5.7027657665242917e+33
#ERR  p: [710, 410], r: -8.4849160793768781e+32, e: -8.3016500432785262e+33
#ERR  p: [711, 410], r: -2.8675903037414799e+34, e: -6.4497839710405241e+33
#ERR  p: [712, 410], r: 1.4257558454616167e+34, e: 3.6095895279564375e+34
#ERR  p: [713, 410], r: 1.6621229172146023e+34, e: 1.5535251224443080e+34
#ERR  p: [714, 410], r: -1.9848002826525998e+34, e: -1.7228240691009216e+34
#ERR  p: [715, 410], r: -2.4543963719529863e+34, e: -5.2057101864484926e+34
#ERR  p: [716, 410], r: -1.7892762880792480e+33, e: -1.3875615576355410e+34
#ERR  p: [725, 410], r: 1.7912462530122638e+34, e: -5.8635599413170108e+33
#ERR  p: [726, 410], r: -4.9337273940742608e+33, e: 2.8957463214799964e+33
#ERR  p: [727, 410], r: -3.4062757028403795e+34, e: -3.4611704207664347e+34
#ERR  p: [728, 410], r: -3.8140948084633057e+33, e: -1.0790254288543082e+34
#ERR  p: [729, 410], r: -1.9473960481595960e+34, e: -1.7991271030963585e+34
#ERR  p: [730, 410], r: -1.1318571197048943e+34, e: -7.5892248352200845e+33
#ERR  p: [731, 410], r: -3.2636053416048102e+34, e: -4.0294802201814492e+34
#ERR  p: [732, 410], r: -2.4915075860386913e+34, e: -3.8864602646787857e+34
#ERR  p: [741, 410], r: 1.1307918723010892e+34, e: -8.6813559638882952e+33
#ERR  p: [742, 410], r: 4.0428455160215899e+34, e: -1.7946337521357644e+34
#ERR  p: [743, 410], r: 2.3780766257670191e+33, e: 1.1364664656471694e+34
#ERR  p: [744, 410], r: -3.5766580946193757e+34, e: -4.5919672448276810e+34
#ERR  p: [745, 410], r: 6.3431349414800728e+34, e: 3.9836905512443380e+34
#ERR  p: [746, 410], r: -2.7431837670815034e+34, e: -7.0213819867878884e+34
#ERR  p: [747, 410], r: -2.4853753262600873e+34, e: -9.0443620733681044e+32
#ERR  p: [748, 410], r: -1.2147851136145708e+34, e: 2.3184760025756244e+34
#ERR  p: [757, 410], r: 8.7177130249020675e+33, e: 1.5847435253035077e+33
#ERR  p: [758, 410], r: -1.7426689287976878e+33, e: 1.5849825405765927e+34
#ERR  p: [759, 410], r: -2.3210732007780452e+34, e: 8.2430849569299938e+33
#ERR  p: [760, 410], r: 1.6601526118480756e+34, e: 1.1875125517850903e+34
#ERR  p: [761, 410], r: 2.6256255147188537e+34, e: -2.4403511994432701e+34
#ERR  p: [762, 410], r: 1.4303235966185719e+34, e: 8.5670662446113706e+33
#ERR  p: [763, 410], r: 9.8580582042803259e+33, e: 1.6002703572977436e+34
#ERR  p: [764, 410], r: -1.4307336023595833e+34, e: -1.9764297034889639e+34
#ERR  p: [773, 410], r: -4.0244172930087799e+34, e: -2.2607939388571143e+34
#ERR  p: [774, 410], r: 1.0326652552500923e+34, e: 1.4640041074734054e+34
#ERR  p: [775, 410], r: -4.7120083097331215e+33, e: -1.7039090880646646e+34
#ERR  p: [776, 410], r: -2.3552626287830288e+34, e: -5.2018696012706136e+34
#ERR  p: [777, 410], r: 2.5609230001920532e+33, e: 6.9062786933171455e+33
#ERR  p: [778, 410], r: -2.4714723930608850e+33, e: 3.0628573948081790e+33
#ERR  p: [779, 410], r: 2.9234949331515841e+34, e: 3.0589421618459311e+34
#ERR  p: [780, 410], r: 2.7677348415286189e+34, e: -2.3705115741869461e+33
#ERR  p: [789, 410], r: -1.3862119554047121e+34, e: 7.2422989478805727e+33
#ERR  p: [790, 410], r: -8.4703701291727700e+33, e: 4.8132999680825594e+33
#ERR  p: [791, 410], r: 2.8911003325125583e+33, e: 4.8120115819866731e+34
#ERR  p: [792, 410], r: -1.6872612704163548e+34, e: -6.8521776187502762e+33
#ERR  p: [793, 410], r: -2.4628121359280562e+34, e: -1.4525448679117524e+34
#ERR  p: [794, 410], r: 2.3191791525179385e+33, e: 1.7491817932413702e+34
#ERR  p: [795, 410], r: -2.0352494341035773e+34, e: -3.8744609118779925e+34
#ERR  p: [796, 410], r: 1.6095349767577514e+34, e: 3.7156366710697882e+34
#ERR  p: [805, 410], r: -1.4300092836425974e+34, e: -3.5144065466278553e+34
#ERR  p: [806, 410], r: 1.8797888001761153e+34, e: -2.7209654668444173e+34
#ERR  p: [807, 410], r: 1.8672474772261230e+34, e: 5.3022581204643908e+32
#ERR  p: [808, 410], r: -1.3773412484652048e+34, e: -1.9487357468701106e+34
#ERR  p: [809, 410], r: 3.2419003532050137e+33, e: -8.5981657742782980e+33
#ERR  p: [810, 410], r: 5.4654594696635004e+33, e: 9.8569049083912267e+32
#ERR  p: [811, 410], r: -3.2648908340158546e+32, e: -2.6632554256810193e+34
#ERR  p: [812, 410], r: -3.4840552279206721e+34, e: -1.8286683138418334e+34
#ERR  p: [821, 410], r: -2.7305510841566118e+34, e: -2.2112196396318998e+33
#ERR  p: [822, 410], r: -2.7336620274753360e+34, e: -8.3271881273189639e+33
#ERR  p: [823, 410], r: -1.0156457461049870e+34, e: -5.5460388437306447e+33
#ERR  p: [824, 410], r: 1.5687094473781746e+34, e: 1.4676661198006174e+32
#ERR  p: [825, 410], r: 1.6281149712193779e+34, e: 7.2289904734882352e+33
#ERR  p: [826, 410], r: -1.9860509734742899e+34, e: -1.8867129701978502e+34
#ERR  p: [827, 410], r: 1.2816032986170110e+34, e: 2.2676830751757374e+34
#ERR  p: [828, 410], r: -2.1524897834641385e+34, e: -2.8915204274648898e+34
#ERR  p: [837, 410], r: -9.2598298699958623e+33, e: 1.4793894738696519e+34
#ERR  p: [838, 410], r: -7.1478076036519393e+33, e: 2.2842177451044565e+34
#ERR  p: [839, 410], r: -2.5240111872981761e+34, e: 9.5098943769015288e+33
#ERR  p: [840, 410], r: -2.0737408275390816e+34, e: -2.2169849739828597e+34
#ERR  p: [841, 410], r: 2.2121114516362010e+34, e: -1.8071482117869042e+34
#ERR  p: [842, 410], r: -3.5841072750117715e+34, e: -2.9166498674983595e+34
#ERR  p: [843, 410], r: -1.4232501310280992e+34, e: -3.1611457487253085e+34
#ERR  p: [844, 410], r: -2.9459061044467909e+34, e: -2.8073496655497747e+34
#ERR  p: [853, 410], r: 5.7145441470280724e+33, e: 1.5533597336550595e+34
#ERR  p: [854, 410], r: 2.3570200084627983e+34, e: 1.4422431641838332e+33
#ERR  p: [855, 410], r: -6.6441294157479752e+33, e: -3.9813934297074401e+33
#ERR  p: [856, 410], r: -1.7680645878366058e+34, e: -6.3203825939100390e+34
#ERR  p: [857, 410], r: 7.1780579064519168e+33, e: -1.3077722369014686e+34
#ERR  p: [858, 410], r: 4.4228419192615772e+33, e: 1.3954223530909992e+34
#ERR  p: [859, 410], r: -1.7029380478978491e+34, e: -7.6274824436791697e+32
#ERR  p: [860, 410], r: 2.0939763192152443e+34, e: 4.6116920862376386e+34
#ERR  p: [869, 410], r: -1.3927269862434632e+34, e: -3.5519859496364181e+34
#ERR  p: [870, 410], r: -2.0110756837804360e+34, e: -4.5038273995586091e+34
#ERR  p: [871, 410], r: 7.9061356283670829e+33, e: 1.0229227909349203e+34
#ERR  p: [872, 410], r: 1.3653137944255198e+34, e: 2.5297403737999889e+34
#ERR  p: [873, 410], r: 7.3390687207515109e+33, e: 8.4914968138832143e+33
#ERR  p: [874, 410], r: -3.0926778229295147e+33, e: -2.9564261189006380e+34
#ERR  p: [875, 410], r: -3.5847599170004828e+34, e: -5.4581845912286359e+34
#ERR  p: [876, 410], r: 4.7944192160883886e+33, e: -3.4448157473194277e+33
#ERR  p: [885, 410], r: -1.8470310498265652e+34, e: 3.0383916144297702e+34
#ERR  p: [886, 410], r: 3.0857908530059603e+33, e: 5.1137870107283586e+33
#ERR  p: [887, 410], r: -3.1105776312365557e+34, e: -3.3493562101860692e+34
#ERR  p: [888, 410], r: -1.7899694416557449e+34, e: -1.1831397761843226e+34
#ERR  p: [889, 410], r: -2.5337535278193442e+34, e: -1.8445647018862970e+34
#ERR  p: [890, 410], r: -3.3053314723629671e+33, e: -4.6834762677076721e+34
#ERR  p: [891, 410], r: -9.6173785208124819e+33, e: -1.8605379660072001e+34
#ERR  p: [892, 410], r: -1.1996906631275563e+34, e: 2.8765834429508724e+34
#ERR  p: [901, 410], r: 4.9963433297163448e+33, e: 4.1874479302764720e+33
#ERR  p: [902, 410], r: 2.0379735211600248e+34, e: 1.7153795928806750e+34
#ERR  p: [903, 410], r: 2.9173361814561393e+34, e: 1.8103017402429798e+34
#ERR  p: [904, 410], r: 1.9070210051603151e+34, e: 1.0155486297089051e+34
#ERR  p: [905, 410], r: 1.3115227000444876e+34, e: 1.0954859461746741e+34
#ERR  p: [906, 410], r: -1.9159381348512956e+34, e: -2.5000199093368255e+34
#ERR  p: [907, 410], r: 1.3209061617482668e+33, e: 8.0313254096899152e+33
#ERR  p: [908, 410], r: -4.0370658215661743e+34, e: -2.8753217344628328e+34
#ERR  p: [917, 410], r: -2.5838705399577814e+33, e: -3.4631025975797513e+34
#ERR  p: [918, 410], r: -9.8030633370050925e+33, e: 1.6337664150867235e+34
#ERR  p: [919, 410], r: -2.2803831020387662e+34, e: -4.3711667738926935e+34
#ERR  p: [920, 410], r: -2.1897463317104556e+34, e: -4.3422361151745941e+34
#ERR  p: [921, 410], r: 6.2253584402884971e+33, e: -1.0331098614152016e+34
#ERR  p: [922, 410], r: -7.3566400416691276e+33, e: -1.6875277989068129e+34
#ERR  p: [923, 410], r: 4.8517014870712115e+33, e: 2.3745623615834957e+34
#ERR  p: [924, 410], r: 4.0762295402370145e+33, e: -3.6728121161147733e+33
#ERR  p: [933, 410], r: -1.5234180493068757e+34, e: 1.5328717022108825e+34
#ERR  p: [934, 410], r: 2.5566878525751530e+34, e: 4.0474553571398808e+34
#ERR  p: [935, 410], r: 3.4513292926301316e+34, e: 2.9577205090057148e+34
#ERR  p: [936, 410], r: -5.3510713341534526e+33, e: 1.4061411807151556e+34
#ERR  p: [937, 410], r: 5.0650133492235520e+34, e: 7.8350190679602360e+34
#ERR  p: [938, 410], r: 7.2281796227625033e+33, e: 6.1898976478631674e+33
#ERR  p: [939, 410], r: -3.2537245993872500e+34, e: -3.0167232071581346e+34
#ERR  p: [940, 410], r: -9.6498862072740963e+33, e: 5.1931553699520720e+33
#ERR  p: [949, 410], r: 3.8001939178651682e+34, e: -6.8930024053658295e+33
#ERR  p: [950, 410], r: -1.9275251298250028e+34, e: -9.2071406660437979e+33
#ERR  p: [951, 410], r: 6.9780327928442244e+33, e: -1.6706426681529721e+34
#ERR  p: [952, 410], r: 1.9281333297663037e+34, e: 3.2710404094807581e+34
#ERR  p: [953, 410], r: -4.1502527838561034e+33, e: 3.3864065176218413e+34
#ERR  p: [954, 410], r: 3.2241792415426435e+33, e: -4.2861534699868407e+34
#ERR  p: [955, 410], r: -2.1117516526513352e+34, e: -3.9484451603858439e+34
#ERR  p: [956, 410], r: 7.5501721597707682e+33, e: 4.0649116734278479e+33
#ERR  p: [965, 410], r: -2.2310123201560102e+34, e: -2.1268824985755047e+34
#ERR  p: [966, 410], r: -5.7563060542533647e+33, e: 7.3362839746331384e+33
#ERR  p: [967, 410], r: -1.1589252666853878e+33, e: -2.0385801117792746e+34
#ERR  p: [968, 410], r: -2.5667688934910696e+34, e: -5.1903116978878296e+34
#ERR  p: [969, 410], r: 1.1567308013262475e+34, e: 3.3099887265847626e+34
#ERR  p: [970, 410], r: -1.7770115518825330e+34, e: -7.3548673115328709e+33
#ERR  p: [971, 410], r: -2.3607934972905480e+34, e: 1.3080100761315163e+33
#ERR  p: [972, 410], r: 3.6701502974423019e+34, e: 3.8666901146633903e+34
#ERR  p: [981, 410], r: -9.5394402918191529e+33, e: -2.0676908907730900e+34
#ERR  p: [982, 410], r: 9.5139709134508955e+33, e: -1.9622852481880970e+34
#ERR  p: [983, 410], r: -8.3824163462916026e+33, e: 1.4247524950597759e+34
#ERR  p: [984, 410], r: 2.1326161416614589e+34, e: -6.3399526928150858e+33
#ERR  p: [985, 410], r: 3.7706017039900748e+34, e: 3.5920630204682430e+34
#ERR  p: [986, 410], r: 1.8783617028988271e+33, e: 4.1867181646233132e+34
#ERR  p: [987, 410], r: 3.7743145337558995e+34, e: 5.1411867708968757e+34
#ERR  p: [988, 410], r: 2.2195247317674576e+34, e: 1.1176276179233285e+34
#ERR  p: [997, 410], r: -5.1478480024542664e+33, e: -3.1954416395736707e+34
#ERR  p: [998, 410], r: -1.0667819542777679e+34, e: 9.7489882591790482e+32
#ERR  p: [999, 410], r: -1.9806020565973713e+34, e: -4.7031758551408282e+34
#ERR  p: [1000, 410], r: -6.4472090557588105e+33, e: -2.2725692245107968e+34
#ERR  p: [1001, 410], r: -3.0622360727024616e+34, e: -4.1432080384745421e+34
#SDC Ite:21 KerTime:2.7060071 AccTime:56.4589633 KerErr:43008 AccErr:43008
#ABORT too many errors per iteration
#END
