#HEADER matrix_dim:2048 threads:4 block_size:16 block_offset:12 precision:Float
#BEGIN Y:2023 M:11 D:09 Time:00:06:27
#IT 0 KerTime:2.6373231 AccTime:2.6373231
#IT 1 KerTime:2.7103453 AccTime:5.3476684
#IT 2 KerTime:2.6892745 AccTime:8.0369429
#IT 3 KerTime:2.7078101 AccTime:10.7447530
#IT 4 KerTime:2.6366190 AccTime:13.3813720
#IT 5 KerTime:2.6657403 AccTime:16.0471123
#IT 6 KerTime:2.6388495 AccTime:18.6859618
#IT 7 KerTime:2.6590210 AccTime:21.3449828
#IT 8 KerTime:2.6384202 AccTime:23.9834029
#IT 9 KerTime:2.6358240 AccTime:26.6192270
#IT 10 KerTime:2.7117385 AccTime:29.3309655
#ERR  p: [616, 575], r: 2.5124313414281958e+33, e: 3.1027388711137968e+32
#ERR  p: [296, 755], r: 8.2913889130353946e+32, e: 1.6793758399541147e+33
#ERR  p: [552, 951], r: -1.1655202993991777e+34, e: -1.4435524714663834e+34
#SDC Ite:11 KerTime:2.7117385 AccTime:29.3309655 KerErr:3 AccErr:3
#IT 11 KerTime:2.6701783 AccTime:32.0011437
#IT 12 KerTime:2.6379917 AccTime:34.6391355
#IT 13 KerTime:2.6531399 AccTime:37.2922754
