#HEADER matrix_dim:2048 threads:4 block_size:16 block_offset:12 precision:Float
#BEGIN Y:2023 M:11 D:09 Time:01:06:05
#IT 0 KerTime:2.6555209 AccTime:2.6555209
#IT 1 KerTime:2.7315378 AccTime:5.3870587
#IT 2 KerTime:2.7029191 AccTime:8.0899778
#ERR  p: [1773, 336], r: -1.2562522673165093e+34, e: 2.4828672597404951e+34
#SDC Ite:3 KerTime:2.7029191 AccTime:8.0899778 KerErr:1 AccErr:1
#IT 3 KerTime:2.6966013 AccTime:10.7865791
#IT 4 KerTime:2.6548691 AccTime:13.4414481
#IT 5 KerTime:2.7560001 AccTime:16.1974482
#IT 6 KerTime:2.6732955 AccTime:18.8707437
#IT 7 KerTime:2.6913849 AccTime:21.5621287
#IT 8 KerTime:2.6547784 AccTime:24.2169071
#IT 9 KerTime:2.7298706 AccTime:26.9467776
#IT 10 KerTime:2.6586109 AccTime:29.6053886
#IT 11 KerTime:2.6865275 AccTime:32.2919160
#IT 12 KerTime:2.6550203 AccTime:34.9469363
#IT 13 KerTime:2.6978477 AccTime:37.6447841
#IT 14 KerTime:2.6571719 AccTime:40.3019560
#IT 15 KerTime:2.6796698 AccTime:42.9816258
#IT 16 KerTime:2.6544049 AccTime:45.6360307
#IT 17 KerTime:2.6538234 AccTime:48.2898541
#IT 18 KerTime:2.6580809 AccTime:50.9479350
#IT 19 KerTime:2.6844640 AccTime:53.6323990
#IT 20 KerTime:2.7789908 AccTime:56.4113898
#IT 21 KerTime:2.6541948 AccTime:59.0655846
#IT 22 KerTime:2.7963427 AccTime:61.8619273
#IT 23 KerTime:2.6581251 AccTime:64.5200523
#IT 24 KerTime:2.7188886 AccTime:67.2389410
#IT 25 KerTime:2.6535767 AccTime:69.8925177
#IT 26 KerTime:2.7756706 AccTime:72.6681883
#IT 27 KerTime:2.6573758 AccTime:75.3255640
#IT 28 KerTime:2.7679007 AccTime:78.0934647
#IT 29 KerTime:2.6546217 AccTime:80.7480864
#IT 30 KerTime:2.7506108 AccTime:83.4986972
#IT 31 KerTime:2.6660618 AccTime:86.1647590
