#HEADER matrix_dim:2048 threads:4 block_size:16 block_offset:12 precision:Float
#BEGIN Y:2023 M:11 D:06 Time:12:57:39
#IT 0 KerTime:2.6530698 AccTime:2.6530698
#IT 1 KerTime:2.7113975 AccTime:5.3644672
#IT 2 KerTime:2.7358322 AccTime:8.1002994
#IT 3 KerTime:2.7334613 AccTime:10.8337607
#ERR  p: [1085, 144], r: -2.5786196934871485e+34, e: 1.2451939965335808e+34
#ERR  p: [1086, 144], r: -2.7575901704946831e+34, e: -1.2218401338984582e+34
#ERR  p: [1110, 147], r: 3.8454616712817167e+34, e: 3.2510224238694978e+34
#ERR  p: [1142, 147], r: 5.4902164135391490e+33, e: 5.3924661921570968e+33
#ERR  p: [1031, 183], r: 2.3125338903870546e+34, e: 1.8358777052486197e+34
#ERR  p: [1896, 192], r: 5.8821463730668415e+34, e: 6.1062645233071139e+34
#ERR  p: [1897, 192], r: -6.9348113543126146e+33, e: -6.5055915459515483e+33
#ERR  p: [1898, 192], r: -1.3941045659191799e+34, e: -1.3722392023872940e+34
#ERR  p: [1899, 192], r: -6.0538456854596295e+34, e: -5.9217911552369479e+34
#ERR  p: [1896, 193], r: 1.8338424080300306e+34, e: 2.0140384456764577e+34
#ERR  p: [1897, 193], r: -1.5421214663904189e+34, e: -1.5076116595032682e+34
#ERR  p: [1898, 193], r: -1.0709039232265764e+34, e: -1.0533239367286847e+34
#ERR  p: [1899, 193], r: 3.8319032567954475e+34, e: 3.9380779077328446e+34
#ERR  p: [1896, 194], r: -1.1604652950427597e+34, e: -1.1785624928890649e+34
#ERR  p: [1897, 194], r: -7.1164260712440628e+34, e: -7.1198923033540618e+34
#ERR  p: [1898, 194], r: -1.0589618870496021e+34, e: -1.0607271895456231e+34
#ERR  p: [1899, 194], r: -1.3323885507886544e+34, e: -1.3430516711110430e+34
#ERR  p: [1896, 195], r: 5.2580933716228456e+34, e: 5.0640180454319665e+34
#ERR  p: [1897, 195], r: 8.0918538689407542e+33, e: 7.7201747515457116e+33
#ERR  p: [1898, 195], r: 3.2236243349200338e+33, e: 3.0342838817914135e+33
#ERR  p: [1899, 195], r: 2.1960011475529489e+34, e: 2.0816491598920483e+34
#ERR  p: [1896, 196], r: 1.0009948495340485e+34, e: 7.7533546394486581e+33
#ERR  p: [1897, 196], r: -3.8668103186412049e+33, e: -4.2989764242957704e+33
#ERR  p: [1898, 196], r: -3.0084728319723133e+34, e: -3.0304881100429566e+34
#ERR  p: [1899, 196], r: 6.5633513523045256e+33, e: 5.2337307116497093e+33
#ERR  p: [1896, 197], r: -1.1833049173855632e+34, e: -1.0274147801614712e+34
#ERR  p: [1897, 197], r: -1.7058868210714269e+34, e: -1.6760321639080049e+34
#ERR  p: [1898, 197], r: -7.0306625756744030e+33, e: -6.8785742142079584e+33
#ERR  p: [1899, 197], r: 1.4664244659412142e+33, e: 2.3849540016552690e+33
#ERR  p: [1896, 198], r: -1.8955409682060021e+34, e: -1.7797477707513655e+34
#ERR  p: [1897, 198], r: -3.3745458141054481e+34, e: -3.3523698514177055e+34
#ERR  p: [1898, 198], r: -1.9541604001222592e+34, e: -1.9428634544997565e+34
#ERR  p: [1899, 198], r: -2.6273979972671025e+34, e: -2.5591709127059516e+34
#ERR  p: [1896, 199], r: 2.4411048573391871e+34, e: 2.2255245319618581e+34
#ERR  p: [1897, 199], r: -3.6031222816032028e+34, e: -3.6444085722654017e+34
#ERR  p: [1898, 199], r: -4.7292899526815454e+34, e: -4.7503220587729883e+34
#ERR  p: [1899, 199], r: -1.7562701141123144e+34, e: -1.8832935322213362e+34
#ERR  p: [1896, 200], r: 8.6553406539627129e+33, e: 9.9538407199699340e+33
#ERR  p: [1897, 200], r: -1.2531034430325830e+34, e: -1.2282354559354104e+34
#ERR  p: [1898, 200], r: -2.1600209154871351e+34, e: -2.1473525798891120e+34
#ERR  p: [1899, 200], r: 3.5442792777158509e+34, e: 3.6207891714918524e+34
#ERR  p: [1896, 201], r: 4.8065666265178803e+34, e: 4.9570436852291911e+34
#ERR  p: [1897, 201], r: -7.9798345316958791e+33, e: -7.6916519940705568e+33
#ERR  p: [1898, 201], r: -4.2852091693248738e+34, e: -4.2705286859869963e+34
#ERR  p: [1899, 201], r: 3.1976627515921565e+34, e: 3.2863264930858540e+34
#ERR  p: [1896, 202], r: 2.3076049083266360e+34, e: 2.2412669202654346e+34
#ERR  p: [1897, 202], r: 2.8367534649508889e+34, e: 2.8240487339157109e+34
#ERR  p: [1898, 202], r: -1.4746757695820650e+34, e: -1.4811477201074489e+34
#ERR  p: [1899, 202], r: -1.1607854263369189e+34, e: -1.1998728879013391e+34
#ERR  p: [1896, 203], r: 3.7542457926030285e+34, e: 3.9913944996968188e+34
#ERR  p: [1897, 203], r: -1.9373494219767716e+34, e: -1.8919323729914852e+34
#ERR  p: [1898, 203], r: -3.2935778506599721e+33, e: -3.0622155228978095e+33
#ERR  p: [1899, 203], r: 7.5010271781511779e+33, e: 8.8983420939742366e+33
#ERR  p: [1896, 204], r: -1.4062882479918227e+34, e: -1.4472249443869274e+34
#ERR  p: [1897, 204], r: -3.3162378479030752e+34, e: -3.3240779697598774e+34
#ERR  p: [1898, 204], r: -9.0607870618093428e+33, e: -9.1007254833567677e+33
#ERR  p: [1899, 204], r: -8.5949025643347417e+33, e: -8.8361077533492623e+33
#ERR  p: [1896, 205], r: -1.8183124502371955e+34, e: -1.8710608277231377e+34
#ERR  p: [1897, 205], r: 1.0750996734017264e+34, e: 1.0649977112991459e+34
#ERR  p: [1898, 205], r: 3.2282391277984818e+34, e: 3.2230932586431804e+34
#ERR  p: [1899, 205], r: 4.8923385400798071e+34, e: 4.8612583222774927e+34
#ERR  p: [1896, 206], r: -4.7540987662448401e+34, e: -4.9123055225614489e+34
#ERR  p: [1897, 206], r: 2.5144161616416830e+34, e: 2.4841173315921655e+34
#ERR  p: [1898, 206], r: -1.4578017802885777e+34, e: -1.4732366642863957e+34
#ERR  p: [1899, 206], r: 2.6823154932898806e+34, e: 2.5890976179796600e+34
#ERR  p: [1896, 207], r: 6.5030859553120347e+33, e: 7.2579397013069239e+33
#ERR  p: [1897, 207], r: -4.1359777258810919e+34, e: -4.1215215572783330e+34
#ERR  p: [1898, 207], r: 1.4724617138218031e+34, e: 1.4798259715275039e+34
#ERR  p: [1899, 207], r: 1.8834876412194961e+34, e: 1.9279648461269570e+34
#ERR  p: [1894, 211], r: 1.2856674557659849e+34, e: 1.0052622145404711e+34
#ERR  p: [1895, 211], r: -4.1628625648902682e+34, e: 5.3663766058291574e+33
#ERR  p: [1974, 219], r: 6.6404356502587555e+34, e: 2.2703931735097410e+34
#SDC Ite:4 KerTime:2.7334613 AccTime:10.8337607 KerErr:72 AccErr:72
