#HEADER matrix_dim:2048 threads:4 block_size:16 block_offset:12 precision:Float
#BEGIN Y:2023 M:11 D:07 Time:16:12:16
#IT 0 KerTime:2.6327067 AccTime:2.6327067
#IT 1 KerTime:2.6894656 AccTime:5.3221723
#IT 2 KerTime:2.6958696 AccTime:8.0180419
#IT 3 KerTime:2.7092352 AccTime:10.7272771
#IT 4 KerTime:2.6370563 AccTime:13.3643334
#IT 5 KerTime:2.7152343 AccTime:16.0795676
#ERR  p: [448, 2032], r: 8.8055711769152000e+32, e: 8.4473608471475824e+32
#ERR  p: [449, 2032], r: -1.4701248544096441e+34, e: -1.3563517275111133e+34
#ERR  p: [450, 2032], r: 3.9346448524158984e+34, e: 3.8638455760411203e+34
#ERR  p: [451, 2032], r: 9.9842117219237419e+33, e: 9.3353219294715634e+33
#ERR  p: [448, 2033], r: 7.1768521528536529e+33, e: 7.2166395457162850e+33
#ERR  p: [449, 2033], r: -1.2921023918841942e+34, e: -1.4184723014464773e+34
#ERR  p: [450, 2033], r: -2.5632627997118055e+34, e: -2.4846246394202646e+34
#ERR  p: [451, 2033], r: 1.0240545776158369e+34, e: 1.0961280656730514e+34
#ERR  p: [448, 2034], r: 5.0278503892442049e+34, e: 5.0329081170687092e+34
#ERR  p: [449, 2034], r: 1.3340518470254383e+33, e: -2.7241551431496400e+32
#ERR  p: [450, 2034], r: -6.2107111337436725e+33, e: -5.2110299861793136e+33
#ERR  p: [451, 2034], r: -1.1389133779288209e+34, e: -1.0472909597412314e+34
#ERR  p: [448, 2035], r: -3.6539877522893920e+34, e: -3.6499347366007716e+34
#ERR  p: [449, 2035], r: -3.0028350054453998e+34, e: -3.1315683901306865e+34
#ERR  p: [450, 2035], r: 1.5674134479510467e+34, e: 1.6475220334212508e+34
#ERR  p: [451, 2035], r: 2.8005229214091315e+34, e: 2.8739441547871160e+34
#ERR  p: [448, 2036], r: -1.5763018574331158e+34, e: -1.5771025570505256e+34
#ERR  p: [449, 2036], r: -2.8272985741068429e+34, e: -2.8018653435877326e+34
#ERR  p: [450, 2036], r: -5.0078665707780288e+34, e: -5.0236933865922845e+34
#ERR  p: [451, 2036], r: 3.1166601258255805e+34, e: 3.1021554299732816e+34
#ERR  p: [448, 2037], r: -3.6142352693358677e+34, e: -3.6128913616292195e+34
#ERR  p: [449, 2037], r: -3.2931864140195500e+34, e: -3.3358616734058271e+34
#ERR  p: [450, 2037], r: 3.0002535290814780e+33, e: 3.2658182832190367e+33
#ERR  p: [451, 2037], r: 4.4981853640355621e+34, e: 4.5225242555599441e+34
#ERR  p: [448, 2038], r: -1.1012637991942812e+33, e: -1.1207477374725938e+33
#ERR  p: [449, 2038], r: -2.0486857877019730e+34, e: -1.9868036410181754e+34
#ERR  p: [450, 2038], r: 1.7638411078045759e+34, e: 1.7253327545905334e+34
#ERR  p: [451, 2038], r: 2.4617398322660272e+34, e: 2.4264461617460010e+34
#ERR  p: [448, 2039], r: -2.4296063750782887e+34, e: -2.4249898490837857e+34
#ERR  p: [449, 2039], r: 1.8893278709428327e+34, e: 1.7427110806560255e+34
#ERR  p: [450, 2039], r: -1.0549338158527734e+33, e: -1.4256086543909457e+32
#ERR  p: [451, 2039], r: -9.8300442401613174e+33, e: -8.9938355506646716e+33
#ERR  p: [448, 2040], r: 4.9754397836979817e+33, e: 4.9958212285047762e+33
#ERR  p: [449, 2040], r: 9.0141705727199929e+33, e: 8.3668244914968032e+33
#ERR  p: [450, 2040], r: -3.6488015262888098e+34, e: -3.6085184622344478e+34
#ERR  p: [451, 2040], r: -8.9136207499390968e+33, e: -8.5444168936526053e+33
#ERR  p: [448, 2041], r: 2.7129500526780523e+34, e: 2.7166703100841127e+34
#ERR  p: [449, 2041], r: -1.7999727399371943e+34, e: -1.9181353546270232e+34
#ERR  p: [450, 2041], r: 3.3212798538890807e+33, e: 4.0565890025437323e+33
#ERR  p: [451, 2041], r: 1.2603599071093631e+33, e: 1.9342839420059902e+33
#ERR  p: [448, 2042], r: 2.7824398360792743e+33, e: 2.7909618153097148e+33
#ERR  p: [449, 2042], r: -7.4687868867380491e+33, e: -7.7394723798481118e+33
#ERR  p: [450, 2042], r: -2.6752889456268967e+34, e: -2.6584445431003484e+34
#ERR  p: [451, 2042], r: -1.1670435846175183e+34, e: -1.1516054819755982e+34
#ERR  p: [448, 2043], r: 1.0965599829527581e+34, e: 1.0980653180405291e+34
#ERR  p: [449, 2043], r: -2.4944272057243439e+33, e: -2.9726019719089703e+33
#ERR  p: [450, 2043], r: -2.3797562628123215e+34, e: -2.3500001456760267e+34
#ERR  p: [451, 2043], r: 6.9265270595697169e+33, e: 7.1992464881643254e+33
#ERR  p: [448, 2044], r: -1.2333673363682679e+34, e: -1.2293881019059890e+34
#ERR  p: [449, 2044], r: 6.9358747448063608e+32, e: -5.7021406068044526e+32
#ERR  p: [450, 2044], r: 3.4975826320089572e+33, e: 4.2840261319263307e+33
#ERR  p: [451, 2044], r: 2.0994066669915736e+34, e: 2.1714854781909570e+34
#ERR  p: [448, 2045], r: -1.6049883943754680e+34, e: -1.5992895374046178e+34
#ERR  p: [449, 2045], r: -1.1087278193928980e+34, e: -1.2897349553530649e+34
#ERR  p: [450, 2045], r: 4.9587359492628942e+33, e: 6.0851165460279939e+33
#ERR  p: [451, 2045], r: 2.8704425175919934e+33, e: 3.9027922838230738e+33
#ERR  p: [448, 2046], r: -3.4447357763928899e+34, e: -3.4485218922090403e+34
#ERR  p: [449, 2046], r: -1.9155620486673607e+34, e: -1.7953074391051435e+34
#ERR  p: [450, 2046], r: -1.4481276502635743e+34, e: -1.5229598876983362e+34
#ERR  p: [451, 2046], r: -6.8472301913832722e+33, e: -7.5330873492885907e+33
#ERR  p: [448, 2047], r: 1.7352152299241486e+34, e: 1.7309676100613526e+34
#ERR  p: [449, 2047], r: -2.0566435138625072e+34, e: -1.9217266186809901e+34
#ERR  p: [450, 2047], r: 3.0722619014926261e+34, e: 2.9883057983803230e+34
#ERR  p: [451, 2047], r: 1.3327975661776343e+34, e: 1.2558496892157337e+34
#SDC Ite:6 KerTime:2.7152343 AccTime:16.0795676 KerErr:64 AccErr:64
#IT 6 KerTime:2.6568520 AccTime:18.7364196
#IT 7 KerTime:2.6804956 AccTime:21.4169152
#IT 8 KerTime:2.6777744 AccTime:24.0946897
#IT 9 KerTime:2.6799721 AccTime:26.7746618
#IT 10 KerTime:2.6391715 AccTime:29.4138333
#IT 11 KerTime:2.6693974 AccTime:32.0832307
#IT 12 KerTime:2.6356056 AccTime:34.7188363
#IT 13 KerTime:2.6589602 AccTime:37.3777965
