#HEADER matrix_dim:2048 threads:4 block_size:16 block_offset:12 precision:Float
#BEGIN Y:2023 M:11 D:10 Time:12:43:38
#IT 0 KerTime:2.6638940 AccTime:2.6638940
#IT 1 KerTime:2.7680551 AccTime:5.4319491
#IT 2 KerTime:2.7352321 AccTime:8.1671812
#IT 3 KerTime:2.7249249 AccTime:10.8921061
#ERR  p: [125, 592], r: -1.7702542561780938e+29, e: 5.3738655240968144e+34
#ERR  p: [126, 592], r: 5.9642057044509515e+33, e: 7.5725553536210872e+33
#SDC Ite:4 KerTime:2.7249249 AccTime:10.8921061 KerErr:2 AccErr:2
#IT 4 KerTime:2.6649650 AccTime:13.5570711
#IT 5 KerTime:2.7364478 AccTime:16.2935189
#IT 6 KerTime:2.6688673 AccTime:18.9623862
#IT 7 KerTime:2.7900534 AccTime:21.7524396
#IT 8 KerTime:2.7533183 AccTime:24.5057579
#IT 9 KerTime:2.7585298 AccTime:27.2642877
#IT 10 KerTime:2.6688500 AccTime:29.9331376
#IT 11 KerTime:2.7658640 AccTime:32.6990016
#IT 12 KerTime:2.6663760 AccTime:35.3653776
#ERR  p: [1840, 784], r: -5.3809856600267681e+34, e: -5.3734253126188445e+34
#ERR  p: [1841, 784], r: -1.8244790009548877e+34, e: -1.8361285119005789e+34
#ERR  p: [1842, 784], r: -5.2281604766489408e+34, e: -5.2277960271013752e+34
#ERR  p: [1843, 784], r: 4.5066052751097635e+33, e: 4.5006569732209973e+33
#ERR  p: [1840, 785], r: -8.6053903923475674e+33, e: -8.5401880904784065e+33
#ERR  p: [1841, 785], r: 3.7986202484872287e+33, e: 3.6981490348988272e+33
#ERR  p: [1842, 785], r: 8.4262010475410872e+33, e: 8.4293454152408721e+33
#ERR  p: [1843, 785], r: 1.7581602009642953e+34, e: 1.7576471986120154e+34
#ERR  p: [1840, 786], r: -1.7046919613455086e+34, e: -1.7060111102513711e+34
#ERR  p: [1841, 786], r: -5.4738440375495802e+34, e: -5.4718118351810894e+34
#ERR  p: [1842, 786], r: 1.1495228954475084e+34, e: 1.1494595129174970e+34
#ERR  p: [1843, 786], r: 1.0576266449232289e+34, e: 1.0577303842985210e+34
#ERR  p: [1840, 787], r: 2.5153324848587620e+34, e: 2.5363588964260242e+34
#ERR  p: [1841, 787], r: 1.8683387213707530e+34, e: 1.8359398498385918e+34
#ERR  p: [1842, 787], r: 1.5021227571630808e+34, e: 1.5031368776432634e+34
#ERR  p: [1843, 787], r: -1.5929553696056063e+34, e: -1.5946097526741073e+34
#ERR  p: [1840, 788], r: 2.3851425399232522e+34, e: 2.4032303294252587e+34
#ERR  p: [1841, 788], r: -3.9505813497176348e+34, e: -3.9784528269381216e+34
#ERR  p: [1842, 788], r: -1.2173998905655494e+34, e: -1.2165276380138689e+34
#ERR  p: [1843, 788], r: -7.5164376747302220e+33, e: -7.5306715093019253e+33
#ERR  p: [1840, 789], r: 3.2707824227765711e+33, e: 3.6620497748982360e+33
#ERR  p: [1841, 789], r: -5.0202756817318255e+34, e: -5.0805653423490863e+34
#ERR  p: [1842, 789], r: -1.1949060248757183e+34, e: -1.1930189090798317e+34
#ERR  p: [1843, 789], r: 7.3199159314337071e+33, e: 7.2891283626566797e+33
#ERR  p: [1840, 790], r: -3.4149365789432279e+34, e: -3.4718085347000297e+34
#ERR  p: [1841, 790], r: 3.7538117708252550e+34, e: 3.8414430703261885e+34
#ERR  p: [1842, 790], r: 1.4159341529839305e+34, e: 1.4131916206208976e+34
#ERR  p: [1843, 790], r: -1.4485631575693949e+34, e: -1.4440882519153861e+34
#ERR  p: [1840, 791], r: 1.2409836696144683e+33, e: 7.1748126466389302e+32
#ERR  p: [1841, 791], r: 1.1441561777891984e+34, e: 1.2248203507490338e+34
#ERR  p: [1842, 791], r: 8.8350567422559091e+33, e: 8.8098101930947230e+33
#ERR  p: [1843, 791], r: -1.3545629041543460e+34, e: -1.3504437824676278e+34
#ERR  p: [1840, 792], r: 1.5927460339449631e+34, e: 1.6230245617778364e+34
#ERR  p: [1841, 792], r: -1.4479623852683297e+34, e: -1.4946171267048935e+34
#ERR  p: [1842, 792], r: 4.8507333560634884e+34, e: 4.8521936301338294e+34
#ERR  p: [1843, 792], r: 8.6560506125752431e+33, e: 8.6322227426990781e+33
#ERR  p: [1840, 793], r: -2.8017638325045112e+34, e: -2.8467758275089433e+34
#ERR  p: [1841, 793], r: 9.9916040808683345e+33, e: 1.0685180413888617e+34
#ERR  p: [1842, 793], r: -2.6162738680740841e+34, e: -2.6184444721389671e+34
#ERR  p: [1843, 793], r: -1.1604360796578326e+34, e: -1.1568940856174293e+34
#ERR  p: [1840, 794], r: -3.3043859956579629e+33, e: -3.6073173509113312e+33
#ERR  p: [1841, 794], r: 1.1635695534852718e+34, e: 1.2102468254305506e+34
#ERR  p: [1842, 794], r: 2.3018019405984818e+34, e: 2.3003411713521251e+34
#ERR  p: [1843, 794], r: 5.3066936596251503e+33, e: 5.3305289571415510e+33
#ERR  p: [1840, 795], r: 2.2258597661244966e+34, e: 2.2207131542051715e+34
#ERR  p: [1841, 795], r: -3.2236240254350240e+33, e: -3.1443215865184025e+33
#ERR  p: [1842, 795], r: 1.6277980585693208e+34, e: 1.6275497277974402e+34
#ERR  p: [1843, 795], r: -1.3071642845481755e+34, e: -1.3067592305673213e+34
#ERR  p: [1840, 796], r: -2.2496606489078052e+34, e: -2.2862878284381496e+34
#ERR  p: [1841, 796], r: -8.9276676555648680e+33, e: -8.3632969813548596e+33
#ERR  p: [1842, 796], r: -4.2369706074020482e+34, e: -4.2387369002501006e+34
#ERR  p: [1843, 796], r: -5.2684014507419671e+34, e: -5.2655195263305107e+34
#ERR  p: [1840, 797], r: 4.3837204762430786e+34, e: 4.3900111923467112e+34
#ERR  p: [1841, 797], r: -3.0715322596334713e+34, e: -3.0812248349650601e+34
#ERR  p: [1842, 797], r: -9.3905674796047520e+33, e: -9.3875320506284243e+33
#ERR  p: [1843, 797], r: -1.5325276786739651e+34, e: -1.5330226071016714e+34
#ERR  p: [1840, 798], r: 1.4392008646402874e+34, e: 1.4514435964528041e+34
#ERR  p: [1841, 798], r: -5.1498587265630757e+33, e: -5.3385006720245293e+33
#ERR  p: [1842, 798], r: -2.6229136832687952e+34, e: -2.6223234334580639e+34
#ERR  p: [1843, 798], r: -7.5811190514308517e+34, e: -7.5820816736054000e+34
#ERR  p: [1840, 799], r: -4.2335736999342492e+34, e: -4.2664717088902503e+34
#ERR  p: [1841, 799], r: 1.0380829760380208e+34, e: 1.0887739590756727e+34
#ERR  p: [1842, 799], r: 3.5075231048334129e+34, e: 3.5059365608790648e+34
#ERR  p: [1843, 799], r: 5.0412384631810684e+34, e: 5.0438262530391905e+34
#SDC Ite:13 KerTime:2.6663760 AccTime:35.3653776 KerErr:64 AccErr:66
