#HEADER matrix_dim:2048 threads:4 block_size:16 block_offset:12 precision:Float
#BEGIN Y:2023 M:11 D:01 Time:01:24:13
#IT 0 KerTime:2.6515690 AccTime:2.6515690
#IT 1 KerTime:2.7042478 AccTime:5.3558168
#IT 2 KerTime:2.7301313 AccTime:8.0859482
#IT 3 KerTime:2.6826374 AccTime:10.7685856
#ERR  p: [321, 798], r: 8.1558850795327512e+33, e: 4.8384493389506615e+33
#SDC Ite:4 KerTime:2.6826374 AccTime:10.7685856 KerErr:1 AccErr:1
#IT 4 KerTime:2.6502017 AccTime:13.4187873
#IT 5 KerTime:2.7854393 AccTime:16.2042266
#ERR  p: [263, 593], r: -3.1350274421884577e+34, e: -3.5104892091675407e+34
#ERR  p: [646, 593], r: -3.8754118355191695e+33, e: -5.1948080199045180e+33
#ERR  p: [647, 593], r: -2.7619801534619969e+34, e: -2.4942652212702034e+34
#ERR  p: [552, 597], r: 3.0711895978305971e+34, e: 3.0408350604793117e+34
#ERR  p: [118, 785], r: -1.0944501617438040e+34, e: -9.1039156548380062e+33
#ERR  p: [119, 785], r: -3.0148247023138866e+34, e: -2.7304936437387890e+34
#ERR  p: [120, 785], r: 4.3040595298910801e+34, e: 4.3834407017942002e+34
#ERR  p: [201, 785], r: -2.9612352683652539e+34, e: -3.1582940300508107e+34
#SDC Ite:6 KerTime:2.7854393 AccTime:16.2042266 KerErr:8 AccErr:9
#IT 6 KerTime:2.6690297 AccTime:18.8732563
#IT 7 KerTime:2.6862729 AccTime:21.5595292
#IT 8 KerTime:2.6496326 AccTime:24.2091618
#ERR  p: [140, 796], r: -8.0514283179878705e+34, e: -3.6373825197784336e+34
#SDC Ite:9 KerTime:2.6496326 AccTime:24.2091618 KerErr:1 AccErr:10
#IT 9 KerTime:2.6621653 AccTime:26.8713271
#IT 10 KerTime:2.6540979 AccTime:29.5254249
#IT 11 KerTime:2.6943120 AccTime:32.2197369
#ERR  p: [472, 657], r: 2.9489446282732168e+33, e: 1.5809814255241194e+33
#ERR  p: [473, 657], r: -3.0277671178366074e+34, e: -3.2924332512996488e+34
#SDC Ite:12 KerTime:2.6943120 AccTime:32.2197369 KerErr:2 AccErr:12
