#HEADER matrix_dim:2048 threads:4 block_size:16 block_offset:12 precision:Float
#BEGIN Y:2023 M:11 D:08 Time:22:37:05
#IT 0 KerTime:2.6472010 AccTime:2.6472010
#IT 1 KerTime:2.6811238 AccTime:5.3283247
#IT 2 KerTime:2.7626109 AccTime:8.0909356
#IT 3 KerTime:2.6779494 AccTime:10.7688850
#IT 4 KerTime:2.6468459 AccTime:13.4157309
#IT 5 KerTime:2.6957585 AccTime:16.1114895
#IT 6 KerTime:2.6516340 AccTime:18.7631234
#IT 7 KerTime:2.6732421 AccTime:21.4363655
#IT 8 KerTime:2.6484807 AccTime:24.0848462
#IT 9 KerTime:2.6476105 AccTime:26.7324567
#IT 10 KerTime:2.6522263 AccTime:29.3846829
#IT 11 KerTime:2.6508207 AccTime:32.0355037
#IT 12 KerTime:2.6867651 AccTime:34.7222688
#IT 13 KerTime:2.6473628 AccTime:37.3696316
#IT 14 KerTime:2.6989826 AccTime:40.0686142
#IT 15 KerTime:2.6745683 AccTime:42.7431825
#IT 16 KerTime:2.6899057 AccTime:45.4330882
#IT 17 KerTime:2.6468705 AccTime:48.0799587
#IT 18 KerTime:2.6922819 AccTime:50.7722406
#IT 19 KerTime:2.6508494 AccTime:53.4230899
#IT 20 KerTime:2.6932843 AccTime:56.1163742
#ERR  p: [957, 208], r: -1.3673039068326750e+34, e: 2.3967353532151440e+34
#ERR  p: [958, 208], r: -2.9476424391458925e+34, e: -1.4689512872524015e+34
#SDC Ite:21 KerTime:2.6932843 AccTime:56.1163742 KerErr:2 AccErr:2
#IT 21 KerTime:2.6473619 AccTime:58.7637361
#IT 22 KerTime:2.6948504 AccTime:61.4585865
#IT 23 KerTime:2.6503609 AccTime:64.1089474
#IT 24 KerTime:2.6919535 AccTime:66.8009009
#IT 25 KerTime:2.6475827 AccTime:69.4484835
#IT 26 KerTime:2.6924651 AccTime:72.1409486
#IT 27 KerTime:2.6757592 AccTime:74.8167078
#IT 28 KerTime:2.6867758 AccTime:77.5034836
#IT 29 KerTime:2.6467747 AccTime:80.1502583
#IT 30 KerTime:2.6881210 AccTime:82.8383793
#IT 31 KerTime:2.6502671 AccTime:85.4886464
