#HEADER matrix_dim:2048 threads:4 block_size:16 block_offset:12 precision:Float
#BEGIN Y:2023 M:11 D:07 Time:11:23:02
#IT 0 KerTime:2.6369674 AccTime:2.6369674
#IT 1 KerTime:2.7139359 AccTime:5.3509033
#IT 2 KerTime:2.7188640 AccTime:8.0697673
#IT 3 KerTime:2.6721919 AccTime:10.7419591
#IT 4 KerTime:2.6365770 AccTime:13.3785362
#IT 5 KerTime:2.6626756 AccTime:16.0412118
#IT 6 KerTime:2.6407432 AccTime:18.6819550
#IT 7 KerTime:2.6598831 AccTime:21.3418381
#IT 8 KerTime:2.6398625 AccTime:23.9817006
#IT 9 KerTime:2.6363419 AccTime:26.6180425
#IT 10 KerTime:2.7581799 AccTime:29.3762224
#IT 11 KerTime:2.6400275 AccTime:32.0162499
#IT 12 KerTime:2.7038375 AccTime:34.7200875
#IT 13 KerTime:2.6374110 AccTime:37.3574984
#IT 14 KerTime:2.7302079 AccTime:40.0877063
#IT 15 KerTime:2.6391876 AccTime:42.7268939
#IT 16 KerTime:2.6792312 AccTime:45.4061251
#IT 17 KerTime:2.6705038 AccTime:48.0766289
#ERR  p: [219, 1776], r: 3.9315124927344946e+33, e: 6.2021520163120534e+33
#ERR  p: [220, 1776], r: 5.9456888449313286e+34, e: -1.0706526213986015e+34
#ERR  p: [221, 1776], r: 3.8233084866906970e+33, e: 4.8879233031356919e+33
#ERR  p: [219, 1872], r: 6.1618236436522535e+33, e: 1.0849378304819351e+34
#ERR  p: [300, 1872], r: 4.3669810510318617e+34, e: -2.6218757943398583e+34
#ERR  p: [301, 1872], r: -1.3320148166907942e+34, e: -1.0580935959060474e+34
#SDC Ite:18 KerTime:2.6705038 AccTime:48.0766289 KerErr:6 AccErr:6
#IT 18 KerTime:2.7449235 AccTime:50.8215524
#IT 19 KerTime:2.6388140 AccTime:53.4603664
#IT 20 KerTime:2.7393479 AccTime:56.1997142
#IT 21 KerTime:2.6351102 AccTime:58.8348244
#IT 22 KerTime:2.6811500 AccTime:61.5159744
#ERR  p: [365, 1872], r: -2.3188506032315122e+34, e: -2.3729381842519533e+34
#SDC Ite:23 KerTime:2.6811500 AccTime:61.5159744 KerErr:1 AccErr:7
#IT 23 KerTime:2.6749269 AccTime:64.1909013
#IT 24 KerTime:2.7818050 AccTime:66.9727063
#IT 25 KerTime:2.6365447 AccTime:69.6092510
#IT 26 KerTime:2.7164259 AccTime:72.3256769
#IT 27 KerTime:2.6385847 AccTime:74.9642616
#IT 28 KerTime:2.7363064 AccTime:77.7005680
#IT 29 KerTime:2.6349756 AccTime:80.3355436
#IT 30 KerTime:2.7210288 AccTime:83.0565724
#IT 31 KerTime:2.6380454 AccTime:85.6946178
#IT 32 KerTime:2.7118520 AccTime:88.4064698
#IT 33 KerTime:2.6357243 AccTime:91.0421940
#IT 34 KerTime:2.6814621 AccTime:93.7236562
#IT 35 KerTime:2.6387847 AccTime:96.3624409
#IT 36 KerTime:2.6711444 AccTime:99.0335853
#IT 37 KerTime:2.6349657 AccTime:101.6685510
#IT 38 KerTime:2.6690275 AccTime:104.3375785
#IT 39 KerTime:2.6389599 AccTime:106.9765385
#IT 40 KerTime:2.6636264 AccTime:109.6401649
#IT 41 KerTime:2.6369192 AccTime:112.2770840
