#HEADER matrix_dim:2048 threads:4 block_size:16 block_offset:12 precision:Float
#BEGIN Y:2023 M:11 D:08 Time:18:13:17
#IT 0 KerTime:2.6576340 AccTime:2.6576340
#IT 1 KerTime:2.7324649 AccTime:5.3900989
#IT 2 KerTime:2.7692175 AccTime:8.1593164
#IT 3 KerTime:2.6883961 AccTime:10.8477124
#ERR  p: [504, 1938], r: -3.4017455850606186e+34, e: -3.0059976946577661e+34
#SDC Ite:4 KerTime:2.6883961 AccTime:10.8477124 KerErr:1 AccErr:1
#IT 4 KerTime:2.6519696 AccTime:13.4996820
#IT 5 KerTime:2.7018708 AccTime:16.2015528
#IT 6 KerTime:2.6555580 AccTime:18.8571109
#IT 7 KerTime:2.7413475 AccTime:21.5984584
#IT 8 KerTime:2.6513987 AccTime:24.2498571
#IT 9 KerTime:2.7142111 AccTime:26.9640682
#IT 10 KerTime:2.6582487 AccTime:29.6223170
#IT 11 KerTime:2.7122185 AccTime:32.3345355
#IT 12 KerTime:2.6540431 AccTime:34.9885786
#IT 13 KerTime:2.6810648 AccTime:37.6696434
#IT 14 KerTime:2.6652741 AccTime:40.3349176
#IT 15 KerTime:2.6849552 AccTime:43.0198727
#IT 16 KerTime:2.6519247 AccTime:45.6717974
#IT 17 KerTime:2.6534506 AccTime:48.3252480
