#HEADER matrix_dim:2048 threads:4 block_size:16 block_offset:12 precision:Float
#BEGIN Y:2024 M:06 D:10 Time:00:07:15
#IT 0 KerTime:2.6015745 AccTime:2.6015745
#IT 1 KerTime:2.5942224 AccTime:5.1957969
#IT 2 KerTime:2.6030011 AccTime:7.7987980
#IT 3 KerTime:2.5650539 AccTime:10.3638519
#IT 4 KerTime:2.5368156 AccTime:12.9006675
#IT 5 KerTime:2.5426196 AccTime:15.4432871
#IT 6 KerTime:2.5848831 AccTime:18.0281702
#IT 7 KerTime:2.6139761 AccTime:20.6421463
#IT 8 KerTime:2.6217093 AccTime:23.2638556
#IT 9 KerTime:2.6178928 AccTime:25.8817484
#IT 10 KerTime:2.5784887 AccTime:28.4602371
#IT 11 KerTime:2.6023940 AccTime:31.0626311
#IT 12 KerTime:2.5776353 AccTime:33.6402663
#IT 13 KerTime:2.5733141 AccTime:36.2135804
#IT 14 KerTime:2.5406057 AccTime:38.7541861
#IT 15 KerTime:2.5369446 AccTime:41.2911307
#IT 16 KerTime:2.5931658 AccTime:43.8842966
#IT 17 KerTime:2.6416111 AccTime:46.5259077
#IT 18 KerTime:2.5905197 AccTime:49.1164274
#IT 19 KerTime:2.5792698 AccTime:51.6956972
#IT 20 KerTime:2.5820367 AccTime:54.2777340
#IT 21 KerTime:2.6099543 AccTime:56.8876883
#IT 22 KerTime:2.5712449 AccTime:59.4589331
#IT 23 KerTime:2.5778746 AccTime:62.0368077
#IT 24 KerTime:2.5799119 AccTime:64.6167196
#IT 25 KerTime:2.5406332 AccTime:67.1573528
#IT 26 KerTime:2.5373646 AccTime:69.6947175
#IT 27 KerTime:2.5907520 AccTime:72.2854695
#IT 28 KerTime:2.6035327 AccTime:74.8890022
#IT 29 KerTime:2.5831938 AccTime:77.4721960
#IT 30 KerTime:2.5798349 AccTime:80.0520308
#IT 31 KerTime:2.5789506 AccTime:82.6309815
#IT 32 KerTime:2.5744642 AccTime:85.2054456
#IT 33 KerTime:2.5758206 AccTime:87.7812662
#IT 34 KerTime:2.5706345 AccTime:90.3519007
#IT 35 KerTime:2.5382687 AccTime:92.8901694
#IT 36 KerTime:2.5407691 AccTime:95.4309385
#IT 37 KerTime:2.5909521 AccTime:98.0218906
#IT 38 KerTime:2.5855551 AccTime:100.6074457
#IT 39 KerTime:2.6034505 AccTime:103.2108962
#IT 40 KerTime:2.6290213 AccTime:105.8399175
#IT 41 KerTime:2.6177118 AccTime:108.4576293
#IT 42 KerTime:2.5813504 AccTime:111.0389797
#IT 43 KerTime:2.5796078 AccTime:113.6185875
#IT 44 KerTime:2.5773629 AccTime:116.1959504
#IT 45 KerTime:2.5631106 AccTime:118.7590611
#IT 46 KerTime:2.5381860 AccTime:121.2972470
#IT 47 KerTime:2.6485666 AccTime:123.9458137
#IT 48 KerTime:2.5789947 AccTime:126.5248084
#IT 49 KerTime:2.6334634 AccTime:129.1582718
#IT 50 KerTime:2.6234101 AccTime:131.7816818
#IT 51 KerTime:2.6216396 AccTime:134.4033214
#IT 52 KerTime:2.5771968 AccTime:136.9805182
#IT 53 KerTime:2.5959780 AccTime:139.5764962
#IT 54 KerTime:2.5904866 AccTime:142.1669828
#IT 55 KerTime:2.5690189 AccTime:144.7360017
#IT 56 KerTime:2.5403347 AccTime:147.2763364
#IT 57 KerTime:2.5377273 AccTime:149.8140637
#IT 58 KerTime:2.6567564 AccTime:152.4708201
#IT 59 KerTime:2.5790971 AccTime:155.0499171
#IT 60 KerTime:2.6401735 AccTime:157.6900907
#IT 61 KerTime:2.6407570 AccTime:160.3308477
#IT 62 KerTime:2.6061953 AccTime:162.9370430
#IT 63 KerTime:2.5747694 AccTime:165.5118124
#IT 64 KerTime:2.6050705 AccTime:168.1168829
#IT 65 KerTime:2.6015554 AccTime:170.7184384
#IT 66 KerTime:2.5684137 AccTime:173.2868521
#IT 67 KerTime:2.5403693 AccTime:175.8272214
#IT 68 KerTime:2.5368808 AccTime:178.3641022
#IT 69 KerTime:2.5865781 AccTime:180.9506803
#IT 70 KerTime:2.6135323 AccTime:183.5642126
#IT 71 KerTime:2.5824792 AccTime:186.1466918
#IT 72 KerTime:2.5901959 AccTime:188.7368877
#IT 73 KerTime:2.5979311 AccTime:191.3348188
#IT 74 KerTime:2.5952324 AccTime:193.9300512
#IT 75 KerTime:2.5784114 AccTime:196.5084626
#IT 76 KerTime:2.5863470 AccTime:199.0948096
#IT 77 KerTime:2.5381194 AccTime:201.6329290
#IT 78 KerTime:2.5412316 AccTime:204.1741606
#IT 79 KerTime:2.6432186 AccTime:206.8173792
#IT 80 KerTime:2.6193386 AccTime:209.4367178
#IT 81 KerTime:2.5861569 AccTime:212.0228747
#IT 82 KerTime:2.6573574 AccTime:214.6802322
#IT 83 KerTime:2.6144252 AccTime:217.2946574
#IT 84 KerTime:2.5906783 AccTime:219.8853357
#IT 85 KerTime:2.5968954 AccTime:222.4822312
#IT 86 KerTime:2.5765396 AccTime:225.0587708
#IT 87 KerTime:2.5881829 AccTime:227.6469537
#IT 88 KerTime:2.5381279 AccTime:230.1850816
#IT 89 KerTime:2.5423480 AccTime:232.7274295
#IT 90 KerTime:2.6334501 AccTime:235.3608796
#IT 91 KerTime:2.5844437 AccTime:237.9453233
#IT 92 KerTime:2.6250503 AccTime:240.5703735
#IT 93 KerTime:2.6186383 AccTime:243.1890118
#IT 94 KerTime:2.5873759 AccTime:245.7763877
#IT 95 KerTime:2.6204065 AccTime:248.3967942
#IT 96 KerTime:2.5686779 AccTime:250.9654721
#IT 97 KerTime:2.5666406 AccTime:253.5321127
#IT 98 KerTime:2.5807136 AccTime:256.1128262
#IT 99 KerTime:2.5367232 AccTime:258.6495494
#IT 100 KerTime:2.5973230 AccTime:261.2468725
#IT 101 KerTime:2.5951820 AccTime:263.8420545
#IT 102 KerTime:2.5902696 AccTime:266.4323241
#IT 103 KerTime:2.5792475 AccTime:269.0115716
#IT 104 KerTime:2.5737125 AccTime:271.5852841
#IT 105 KerTime:2.6022224 AccTime:274.1875065
#IT 106 KerTime:2.5944065 AccTime:276.7819130
#IT 107 KerTime:2.5762862 AccTime:279.3581992
#IT 108 KerTime:2.5624558 AccTime:281.9206549
#IT 109 KerTime:2.5395082 AccTime:284.4601631
#IT 110 KerTime:2.5362933 AccTime:286.9964564
#IT 111 KerTime:2.7086709 AccTime:289.7051273
#IT 112 KerTime:2.6089919 AccTime:292.3141192
#IT 113 KerTime:2.6119726 AccTime:294.9260918
#IT 114 KerTime:2.6111016 AccTime:297.5371934
#IT 115 KerTime:2.5995773 AccTime:300.1367707
#IT 116 KerTime:2.5961340 AccTime:302.7329046
#IT 117 KerTime:2.5734519 AccTime:305.3063565
#IT 118 KerTime:2.6141905 AccTime:307.9205470
#IT 119 KerTime:2.5630467 AccTime:310.4835937
#IT 120 KerTime:2.5395085 AccTime:313.0231022
#IT 121 KerTime:2.5367545 AccTime:315.5598567
#IT 122 KerTime:2.5896382 AccTime:318.1494949
#IT 123 KerTime:2.6373921 AccTime:320.7868870
#IT 124 KerTime:2.6435264 AccTime:323.4304134
#IT 125 KerTime:2.6226378 AccTime:326.0530512
#IT 126 KerTime:2.5760912 AccTime:328.6291423
#IT 127 KerTime:2.5721075 AccTime:331.2012498
#IT 128 KerTime:2.5853544 AccTime:333.7866042
#IT 129 KerTime:2.5711576 AccTime:336.3577618
#IT 130 KerTime:2.5363300 AccTime:338.8940918
#IT 131 KerTime:2.5410583 AccTime:341.4351501
#IT 132 KerTime:2.6145552 AccTime:344.0497053
#IT 133 KerTime:2.5874180 AccTime:346.6371234
#IT 134 KerTime:2.6101084 AccTime:349.2472318
#IT 135 KerTime:2.6231963 AccTime:351.8704281
#IT 136 KerTime:2.5756061 AccTime:354.4460342
#IT 137 KerTime:2.5963546 AccTime:357.0423888
#IT 138 KerTime:2.5720407 AccTime:359.6144295
#IT 139 KerTime:2.5776874 AccTime:362.1921169
#IT 140 KerTime:2.5640098 AccTime:364.7561267
#IT 141 KerTime:2.5383714 AccTime:367.2944981
#IT 142 KerTime:2.6136999 AccTime:369.9081979
#IT 143 KerTime:2.5830749 AccTime:372.4912728
#IT 144 KerTime:2.6245674 AccTime:375.1158403
#IT 145 KerTime:2.6271398 AccTime:377.7429801
#IT 146 KerTime:2.6537371 AccTime:380.3967173
#IT 147 KerTime:2.5744442 AccTime:382.9711614
#IT 148 KerTime:2.5881409 AccTime:385.5593024
#IT 149 KerTime:2.5826181 AccTime:388.1419205
#IT 150 KerTime:2.5701521 AccTime:390.7120725
#IT 151 KerTime:2.5399142 AccTime:393.2519868
#IT 152 KerTime:2.5360102 AccTime:395.7879970
#IT 153 KerTime:2.6559285 AccTime:398.4439255
#IT 154 KerTime:2.5960137 AccTime:401.0399392
#IT 155 KerTime:2.6226388 AccTime:403.6625780
#IT 156 KerTime:2.6136727 AccTime:406.2762507
#IT 157 KerTime:2.6054654 AccTime:408.8817161
#IT 158 KerTime:2.6949374 AccTime:411.5766535
#IT 159 KerTime:2.5890708 AccTime:414.1657243
#IT 160 KerTime:2.5735117 AccTime:416.7392360
#IT 161 KerTime:2.5649841 AccTime:419.3042201
#IT 162 KerTime:2.5398932 AccTime:421.8441133
#IT 163 KerTime:2.5356075 AccTime:424.3797208
#IT 164 KerTime:2.6614636 AccTime:427.0411844
#IT 165 KerTime:2.6510833 AccTime:429.6922677
#IT 166 KerTime:2.5814193 AccTime:432.2736871
#IT 167 KerTime:2.5840163 AccTime:434.8577034
#IT 168 KerTime:2.7031088 AccTime:437.5608122
#IT 169 KerTime:2.5797801 AccTime:440.1405923
#IT 170 KerTime:2.5729430 AccTime:442.7135353
#IT 171 KerTime:2.5820527 AccTime:445.2955880
#IT 172 KerTime:2.5638974 AccTime:447.8594854
#IT 173 KerTime:2.5402176 AccTime:450.3997029
#IT 174 KerTime:2.5363249 AccTime:452.9360278
#IT 175 KerTime:2.6613052 AccTime:455.5973330
#IT 176 KerTime:2.6031502 AccTime:458.2004832
#IT 177 KerTime:2.6251760 AccTime:460.8256592
#IT 178 KerTime:2.6169207 AccTime:463.4425798
#ERR  p: [158, 384], r: 2.3338856325966410e+34, e: 2.3365382905128217e+34
#ERR  p: [159, 384], r: -1.4450663483404255e+34, e: -1.4045581029929175e+34
#ERR  p: [158, 385], r: -3.3757646898681285e+34, e: -3.3786783055445905e+34
#ERR  p: [159, 385], r: -6.2064123869572540e+33, e: -6.6513410354468322e+33
#ERR  p: [158, 386], r: -7.7420274880891968e+33, e: -7.7151518098363112e+33
#ERR  p: [159, 386], r: -3.7768981146178881e+34, e: -3.7358564409074520e+34
#ERR  p: [158, 387], r: -2.3888541317490376e+33, e: -2.3037284228876177e+33
#ERR  p: [159, 387], r: 7.8449034002039101e+30, e: 1.3077830688768123e+33
#ERR  p: [158, 388], r: 4.4306270146836331e+34, e: 4.4273073546742855e+34
#ERR  p: [159, 388], r: -1.9901080743650398e+34, e: -2.0407994906817054e+34
#ERR  p: [158, 389], r: -2.4710714242821604e+34, e: -2.4667940938584216e+34
#ERR  p: [159, 389], r: 3.1440488064307460e+34, e: 3.2093659891355526e+34
#ERR  p: [158, 390], r: 3.4423497707611712e+33, e: 3.4759022786159425e+33
#ERR  p: [159, 390], r: -3.1490008141758954e+34, e: -3.0977629711258892e+34
#ERR  p: [158, 391], r: -1.1933132912211737e+34, e: -1.1967415185719667e+34
#ERR  p: [159, 391], r: 3.0557316881480484e+34, e: 3.0033792038866697e+34
#ERR  p: [158, 392], r: -4.8619248291946439e+34, e: -4.8652028944186716e+34
#ERR  p: [159, 392], r: 3.9269253059189226e+34, e: 3.8768689528424104e+34
#ERR  p: [158, 393], r: 3.8899328721799871e+33, e: 3.8135395923556862e+33
#ERR  p: [159, 393], r: -2.7005320285559728e+34, e: -2.8171912888620935e+34
#ERR  p: [158, 394], r: -1.1497996988402926e+34, e: -1.1484921865707994e+34
#ERR  p: [159, 394], r: 1.5359037887491042e+34, e: 1.5558729995228166e+34
#ERR  p: [158, 395], r: -3.0004522184577833e+34, e: -3.0013541815704066e+34
#ERR  p: [159, 395], r: 4.1338822647765936e+33, e: 3.9961106798644843e+33
#ERR  p: [158, 396], r: 1.3497185971926144e+34, e: 1.3559392458900234e+34
#ERR  p: [159, 396], r: -1.9551174515666307e+34, e: -1.8601233798880435e+34
#ERR  p: [158, 397], r: -1.5436990971764842e+34, e: -1.5387819993404427e+34
#ERR  p: [159, 397], r: -3.3982085427803724e+34, e: -3.3231235179895884e+34
#ERR  p: [158, 398], r: -6.3333526154956358e+33, e: -6.3517242646486505e+33
#ERR  p: [159, 398], r: -2.9330510874908436e+34, e: -2.9611060274251525e+34
#ERR  p: [158, 399], r: -2.4486132112654608e+34, e: -2.4416856988056198e+34
#ERR  p: [159, 399], r: 2.2318870485877692e+34, e: 2.3376779381129878e+34
#SDC Ite:179 KerTime:2.6169207 AccTime:463.4425798 KerErr:32 AccErr:32
#IT 179 KerTime:2.5842389 AccTime:466.0268188
#IT 180 KerTime:2.5899797 AccTime:468.6167985
#IT 181 KerTime:2.6139884 AccTime:471.2307869
#IT 182 KerTime:2.5731772 AccTime:473.8039641
#IT 183 KerTime:2.5950508 AccTime:476.3990149
#IT 184 KerTime:2.5748119 AccTime:478.9738268
#IT 185 KerTime:2.5699408 AccTime:481.5437675
#IT 186 KerTime:2.5563865 AccTime:484.1001541
#IT 187 KerTime:2.5374218 AccTime:486.6375759
#IT 188 KerTime:2.6441476 AccTime:489.2817235
#IT 189 KerTime:2.5932016 AccTime:491.8749251
#IT 190 KerTime:2.6477458 AccTime:494.5226709
#IT 191 KerTime:2.6120900 AccTime:497.1347610
#IT 192 KerTime:2.5780454 AccTime:499.7128064
#IT 193 KerTime:2.6256426 AccTime:502.3384490
#IT 194 KerTime:2.5867049 AccTime:504.9251539
#IT 195 KerTime:2.5944297 AccTime:507.5195836
#IT 196 KerTime:2.5626139 AccTime:510.0821975
#IT 197 KerTime:2.5397782 AccTime:512.6219757
#IT 198 KerTime:2.5349974 AccTime:515.1569731
#IT 199 KerTime:2.5856911 AccTime:517.7426642
#IT 200 KerTime:2.6132684 AccTime:520.3559326
#IT 201 KerTime:2.6325318 AccTime:522.9884644
#IT 202 KerTime:2.5907394 AccTime:525.5792038
#IT 203 KerTime:2.6018538 AccTime:528.1810576
#IT 204 KerTime:2.6110641 AccTime:530.7921217
#IT 205 KerTime:2.5724715 AccTime:533.3645931
#IT 206 KerTime:2.5946042 AccTime:535.9591974
#IT 207 KerTime:2.5576786 AccTime:538.5168760
#IT 208 KerTime:2.5644808 AccTime:541.0813568
#IT 209 KerTime:2.6507653 AccTime:543.7321221
#IT 210 KerTime:2.5872065 AccTime:546.3193286
#IT 211 KerTime:2.6085813 AccTime:548.9279099
#IT 212 KerTime:2.6136743 AccTime:551.5415842
#IT 213 KerTime:2.5864301 AccTime:554.1280143
#IT 214 KerTime:2.5793137 AccTime:556.7073280
#IT 215 KerTime:2.5733982 AccTime:559.2807262
#IT 216 KerTime:2.5673969 AccTime:561.8481230
#IT 217 KerTime:2.5970803 AccTime:564.4452034
#IT 218 KerTime:2.5576138 AccTime:567.0028172
#IT 219 KerTime:2.5538263 AccTime:569.5566435
#IT 220 KerTime:2.5937041 AccTime:572.1503475
#IT 221 KerTime:2.5840767 AccTime:574.7344242
#IT 222 KerTime:2.5833607 AccTime:577.3177849
#IT 223 KerTime:2.5813899 AccTime:579.8991749
#IT 224 KerTime:2.6186469 AccTime:582.5178217
#IT 225 KerTime:2.5727165 AccTime:585.0905382
#IT 226 KerTime:2.5956839 AccTime:587.6862221
#IT 227 KerTime:2.5749359 AccTime:590.2611580
#IT 228 KerTime:2.5770537 AccTime:592.8382117
#IT 229 KerTime:2.5359666 AccTime:595.3741783
#IT 230 KerTime:2.6093157 AccTime:597.9834940
#IT 231 KerTime:2.6077331 AccTime:600.5912272
#IT 232 KerTime:2.5935890 AccTime:603.1848162
#IT 233 KerTime:2.5818805 AccTime:605.7666967
#IT 234 KerTime:2.5898665 AccTime:608.3565632
#IT 235 KerTime:2.5847976 AccTime:610.9413608
#IT 236 KerTime:2.5701579 AccTime:613.5115187
#IT 237 KerTime:2.5787336 AccTime:616.0902523
#IT 238 KerTime:2.5587994 AccTime:618.6490516
#IT 239 KerTime:2.5401918 AccTime:621.1892434
#IT 240 KerTime:2.6206424 AccTime:623.8098858
#IT 241 KerTime:2.6015556 AccTime:626.4114414
#IT 242 KerTime:2.6614304 AccTime:629.0728718
#IT 243 KerTime:2.6009872 AccTime:631.6738589
#IT 244 KerTime:2.6186790 AccTime:634.2925380
#IT 245 KerTime:2.5720793 AccTime:636.8646172
#IT 246 KerTime:2.5858213 AccTime:639.4504386
#IT 247 KerTime:2.5690234 AccTime:642.0194619
#IT 248 KerTime:2.5732742 AccTime:644.5927362
#IT 249 KerTime:2.5363570 AccTime:647.1290932
#IT 250 KerTime:2.5581289 AccTime:649.6872220
#IT 251 KerTime:2.5851089 AccTime:652.2723310
#IT 252 KerTime:2.5974070 AccTime:654.8697379
#IT 253 KerTime:2.6108796 AccTime:657.4806175
#IT 254 KerTime:2.5971834 AccTime:660.0778009
#IT 255 KerTime:2.5768166 AccTime:662.6546176
#IT 256 KerTime:2.5901753 AccTime:665.2447929
#IT 257 KerTime:2.5674210 AccTime:667.8122139
#IT 258 KerTime:2.5653894 AccTime:670.3776033
#IT 259 KerTime:2.5575583 AccTime:672.9351616
#IT 260 KerTime:2.5581691 AccTime:675.4933307
#IT 261 KerTime:2.5928967 AccTime:678.0862274
#IT 262 KerTime:2.5899121 AccTime:680.6761396
#IT 263 KerTime:2.5818009 AccTime:683.2579404
#IT 264 KerTime:2.5892566 AccTime:685.8471971
#IT 265 KerTime:2.6128514 AccTime:688.4600485
#IT 266 KerTime:2.6237773 AccTime:691.0838258
#IT 267 KerTime:2.5726324 AccTime:693.6564581
#IT 268 KerTime:2.5806226 AccTime:696.2370808
#IT 269 KerTime:2.5611254 AccTime:698.7982062
#IT 270 KerTime:2.5537341 AccTime:701.3519403
#IT 271 KerTime:2.5955071 AccTime:703.9474474
#IT 272 KerTime:2.5968721 AccTime:706.5443195
#IT 273 KerTime:2.6225951 AccTime:709.1669145
#IT 274 KerTime:2.5788754 AccTime:711.7457899
#IT 275 KerTime:2.6261003 AccTime:714.3718902
#IT 276 KerTime:2.6057369 AccTime:716.9776271
#IT 277 KerTime:2.5724834 AccTime:719.5501105
#IT 278 KerTime:2.5653656 AccTime:722.1154761
#IT 279 KerTime:2.5706038 AccTime:724.6860798
#IT 280 KerTime:2.5374463 AccTime:727.2235262
#IT 281 KerTime:2.5407373 AccTime:729.7642635
#IT 282 KerTime:2.6031870 AccTime:732.3674505
#IT 283 KerTime:2.5901231 AccTime:734.9575736
#IT 284 KerTime:2.6207691 AccTime:737.5783428
#IT 285 KerTime:2.6215084 AccTime:740.1998511
#IT 286 KerTime:2.6240514 AccTime:742.8239025
#IT 287 KerTime:2.6003147 AccTime:745.4242172
#IT 288 KerTime:2.5795090 AccTime:748.0037263
#IT 289 KerTime:2.5663839 AccTime:750.5701102
#IT 290 KerTime:2.5613629 AccTime:753.1314731
#IT 291 KerTime:2.5382534 AccTime:755.6697265
#IT 292 KerTime:2.6569490 AccTime:758.3266754
#IT 293 KerTime:2.6232176 AccTime:760.9498930
#IT 294 KerTime:2.6148247 AccTime:763.5647177
#IT 295 KerTime:2.5998411 AccTime:766.1645588
#IT 296 KerTime:2.6071402 AccTime:768.7716991
#IT 297 KerTime:2.6795852 AccTime:771.4512843
#IT 298 KerTime:2.5886024 AccTime:774.0398867
#IT 299 KerTime:2.5804196 AccTime:776.6203063
#IT 300 KerTime:2.5885379 AccTime:779.2088441
#IT 301 KerTime:2.5604459 AccTime:781.7692900
#IT 302 KerTime:2.5581307 AccTime:784.3274207
#IT 303 KerTime:2.5909526 AccTime:786.9183733
#IT 304 KerTime:2.5946198 AccTime:789.5129931
#IT 305 KerTime:2.5844231 AccTime:792.0974163
#IT 306 KerTime:2.5996812 AccTime:794.6970974
#IT 307 KerTime:2.6015328 AccTime:797.2986302
#IT 308 KerTime:2.5771252 AccTime:799.8757555
#IT 309 KerTime:2.6509457 AccTime:802.5267011
#IT 310 KerTime:2.5883168 AccTime:805.1150179
#IT 311 KerTime:2.6092789 AccTime:807.7242968
#IT 312 KerTime:2.5399048 AccTime:810.2642016
#IT 313 KerTime:2.5391929 AccTime:812.8033944
#IT 314 KerTime:2.5834497 AccTime:815.3868441
#IT 315 KerTime:2.5838394 AccTime:817.9706836
#IT 316 KerTime:2.6163479 AccTime:820.5870314
#IT 317 KerTime:2.5774722 AccTime:823.1645036
#IT 318 KerTime:2.5850440 AccTime:825.7495476
#IT 319 KerTime:2.5725084 AccTime:828.3220561
#IT 320 KerTime:2.5693176 AccTime:830.8913736
#IT 321 KerTime:2.5728870 AccTime:833.4642606
#IT 322 KerTime:2.5365256 AccTime:836.0007862
#IT 323 KerTime:2.5400335 AccTime:838.5408198
#IT 324 KerTime:2.5835281 AccTime:841.1243479
#IT 325 KerTime:2.6601090 AccTime:843.7844568
#IT 326 KerTime:2.5974169 AccTime:846.3818737
#IT 327 KerTime:2.5946657 AccTime:848.9765394
#IT 328 KerTime:2.5739658 AccTime:851.5505052
#IT 329 KerTime:2.5771649 AccTime:854.1276701
#IT 330 KerTime:2.5887328 AccTime:856.7164029
#IT 331 KerTime:2.5725390 AccTime:859.2889418
#IT 332 KerTime:2.5597804 AccTime:861.8487222
#IT 333 KerTime:2.5356140 AccTime:864.3843362
#IT 334 KerTime:2.5945078 AccTime:866.9788440
#IT 335 KerTime:2.5979923 AccTime:869.5768364
#IT 336 KerTime:2.6616793 AccTime:872.2385156
#IT 337 KerTime:2.5775034 AccTime:874.8160191
#IT 338 KerTime:2.5755996 AccTime:877.3916186
#IT 339 KerTime:2.5720636 AccTime:879.9636822
#IT 340 KerTime:2.5692831 AccTime:882.5329653
#IT 341 KerTime:2.5699506 AccTime:885.1029159
#IT 342 KerTime:2.5594908 AccTime:887.6624067
#IT 343 KerTime:2.5401212 AccTime:890.2025280
#IT 344 KerTime:2.6476811 AccTime:892.8502090
#IT 345 KerTime:2.5977553 AccTime:895.4479643
#ERR  p: [1640, 1181], r: 4.4719435110827906e+34, e: 4.2173759972842235e+34
#ERR  p: [1641, 1181], r: 4.1325876889805109e+33, e: 5.3332576864731458e+32
#SDC Ite:346 KerTime:2.5977553 AccTime:895.4479643 KerErr:2 AccErr:34
#IT 346 KerTime:2.5562996 AccTime:898.0042639
#IT 347 KerTime:2.5398179 AccTime:900.5440818
#IT 348 KerTime:2.5958674 AccTime:903.1399491
#IT 349 KerTime:2.6107797 AccTime:905.7507289
#IT 350 KerTime:2.6788168 AccTime:908.4295457
#IT 351 KerTime:2.5845170 AccTime:911.0140626
#IT 352 KerTime:2.6136612 AccTime:913.6277238
#IT 353 KerTime:2.5823858 AccTime:916.2101096
#IT 354 KerTime:2.5896313 AccTime:918.7997409
#IT 355 KerTime:2.5795820 AccTime:921.3793229
#IT 356 KerTime:2.5677796 AccTime:923.9471025
#IT 357 KerTime:2.5551295 AccTime:926.5022321
#IT 358 KerTime:2.5404034 AccTime:929.0426355
#IT 359 KerTime:2.7055318 AccTime:931.7481673
#IT 360 KerTime:2.6372723 AccTime:934.3854396
#IT 361 KerTime:2.6285670 AccTime:937.0140066
#IT 362 KerTime:2.5791420 AccTime:939.5931486
#IT 363 KerTime:2.5760658 AccTime:942.1692144
#IT 364 KerTime:2.5746206 AccTime:944.7438350
#IT 365 KerTime:2.5892174 AccTime:947.3330524
#IT 366 KerTime:2.5629429 AccTime:949.8959953
#IT 367 KerTime:2.5520171 AccTime:952.4480124
#IT 368 KerTime:2.5538838 AccTime:955.0018962
#IT 369 KerTime:2.6000377 AccTime:957.6019340
#IT 370 KerTime:2.7046131 AccTime:960.3065471
#IT 371 KerTime:2.6409259 AccTime:962.9474729
#IT 372 KerTime:2.5975984 AccTime:965.5450713
#IT 373 KerTime:2.5822398 AccTime:968.1273111
#IT 374 KerTime:2.5734086 AccTime:970.7007197
#IT 375 KerTime:2.5772567 AccTime:973.2779764
#IT 376 KerTime:2.5844227 AccTime:975.8623991
#IT 377 KerTime:2.5660369 AccTime:978.4284360
#IT 378 KerTime:2.5396939 AccTime:980.9681298
#IT 379 KerTime:2.5369237 AccTime:983.5050535
#IT 380 KerTime:2.5947048 AccTime:986.0997583
#IT 381 KerTime:2.6479266 AccTime:988.7476850
#IT 382 KerTime:2.5991457 AccTime:991.3468306
#IT 383 KerTime:2.5835446 AccTime:993.9303752
#IT 384 KerTime:2.5801790 AccTime:996.5105542
#IT 385 KerTime:2.5881229 AccTime:999.0986771
#IT 386 KerTime:2.5697056 AccTime:1001.6683827
#IT 387 KerTime:2.5762219 AccTime:1004.2446046
#IT 388 KerTime:2.5429428 AccTime:1006.7875474
#IT 389 KerTime:2.6514784 AccTime:1009.4390258
#IT 390 KerTime:2.5367173 AccTime:1011.9757430
