#HEADER matrix_dim:2048 threads:4 block_size:16 block_offset:12 precision:Float
#BEGIN Y:2023 M:10 D:23 Time:20:31:26
#IT 0 KerTime:2.6384090 AccTime:2.6384090
#IT 1 KerTime:2.6864579 AccTime:5.3248669
#IT 2 KerTime:2.6891841 AccTime:8.0140510
#IT 3 KerTime:2.6352834 AccTime:10.6493344
#IT 4 KerTime:2.6521672 AccTime:13.3015016
#IT 5 KerTime:2.6315380 AccTime:15.9330396
#IT 6 KerTime:2.6237469 AccTime:18.5567865
#IT 7 KerTime:2.6169653 AccTime:21.1737518
#IT 8 KerTime:2.5992835 AccTime:23.7730354
#IT 9 KerTime:2.6423955 AccTime:26.4154308
#IT 10 KerTime:2.6920172 AccTime:29.1074480
#IT 11 KerTime:2.6954788 AccTime:31.8029268
#IT 12 KerTime:2.6932117 AccTime:34.4961385
#IT 13 KerTime:2.6413892 AccTime:37.1375277
#IT 14 KerTime:2.7019037 AccTime:39.8394314
#IT 15 KerTime:2.6470105 AccTime:42.4864418
#IT 16 KerTime:2.6497962 AccTime:45.1362381
#IT 17 KerTime:2.6645813 AccTime:47.8008194
#IT 18 KerTime:2.6529112 AccTime:50.4537306
#IT 19 KerTime:2.6464254 AccTime:53.1001561
#IT 20 KerTime:2.6301868 AccTime:55.7303428
#IT 21 KerTime:2.6186842 AccTime:58.3490271
#IT 22 KerTime:2.6397634 AccTime:60.9887905
#IT 23 KerTime:2.6016321 AccTime:63.5904226
#IT 24 KerTime:2.6960005 AccTime:66.2864231
#IT 25 KerTime:2.6910421 AccTime:68.9774652
#IT 26 KerTime:2.6880700 AccTime:71.6655352
#IT 27 KerTime:2.6816560 AccTime:74.3471912
#ERR  p: [1465, 1401], r: -3.7802157939231729e+34, e: -3.5064510487593918e+34
#SDC Ite:28 KerTime:2.6816560 AccTime:74.3471912 KerErr:1 AccErr:1
#IT 28 KerTime:2.6672385 AccTime:77.0144298
#IT 29 KerTime:2.6849779 AccTime:79.6994077
#IT 30 KerTime:2.6425095 AccTime:82.3419171
#IT 31 KerTime:2.7097207 AccTime:85.0516378
#ERR  p: [1789, 1264], r: -2.6707543712629944e+34, e: -2.2449658851028193e+34
#ERR  p: [1660, 1328], r: 2.4681238890486219e+34, e: 2.2181525990279137e+34
#SDC Ite:32 KerTime:2.7097207 AccTime:85.0516378 KerErr:2 AccErr:3
#IT 32 KerTime:2.5939204 AccTime:87.6455583
#IT 33 KerTime:2.6930508 AccTime:90.3386091
#IT 34 KerTime:2.6804550 AccTime:93.0190641
#ERR  p: [1549, 1456], r: 6.5159142327631334e+34, e: 6.4260477087272662e+34
#SDC Ite:35 KerTime:2.6804550 AccTime:93.0190641 KerErr:1 AccErr:4
#IT 35 KerTime:2.5972799 AccTime:95.6163440
#IT 36 KerTime:2.5968225 AccTime:98.2131665
#IT 37 KerTime:2.6441075 AccTime:100.8572740
#ERR  p: [1628, 1136], r: 2.2694535770199234e+34, e: 1.9255395977959930e+34
#ERR  p: [1629, 1136], r: -2.3474472657270123e+34, e: -2.3452511600973201e+34
#SDC Ite:38 KerTime:2.6441075 AccTime:100.8572740 KerErr:2 AccErr:6
#IT 38 KerTime:2.6200272 AccTime:103.4773012
#IT 39 KerTime:2.5971645 AccTime:106.0744657
