#HEADER matrix_dim:2048 threads:4 block_size:16 block_offset:12 precision:Float
#BEGIN Y:2023 M:10 D:26 Time:13:04:53
#IT 0 KerTime:2.6369350 AccTime:2.6369350
#IT 1 KerTime:2.6864678 AccTime:5.3234028
#IT 2 KerTime:2.6363064 AccTime:7.9597092
#IT 3 KerTime:2.6677101 AccTime:10.6274193
#IT 4 KerTime:2.6232675 AccTime:13.2506868
#IT 5 KerTime:2.6327265 AccTime:15.8834133
#IT 6 KerTime:2.6206779 AccTime:18.5040912
#IT 7 KerTime:2.5915561 AccTime:21.0956473
#IT 8 KerTime:2.5956504 AccTime:23.6912977
#IT 9 KerTime:2.7407396 AccTime:26.4320372
#ERR  p: [1526, 412], r: -1.8363227446927428e+34, e: 1.6892009986639110e+34
#ERR  p: [1527, 412], r: -4.1373761029494687e+34, e: -4.9637774600728839e+33
#ERR  p: [1622, 508], r: -7.7840689221753598e+34, e: -4.2739275741588583e+34
#ERR  p: [1734, 508], r: -1.2078546300986355e+34, e: 2.3030128935449108e+34
#ERR  p: [1735, 508], r: -8.3749620903450457e+33, e: 2.4709114824290847e+34
#SDC Ite:10 KerTime:2.7407396 AccTime:26.4320372 KerErr:5 AccErr:5
#IT 10 KerTime:2.6194910 AccTime:29.0515283
#IT 11 KerTime:2.6033004 AccTime:31.6548287
#IT 12 KerTime:2.5952769 AccTime:34.2501056
#IT 13 KerTime:2.6572966 AccTime:36.9074023
#IT 14 KerTime:2.6652132 AccTime:39.5726154
#ERR  p: [1371, 123], r: 5.6702357971419701e+34, e: 4.3277225061540123e+34
#ERR  p: [1372, 123], r: -2.9794609643876368e+34, e: -2.2708167965911844e+34
#ERR  p: [1373, 123], r: 2.3130924489327802e+34, e: 2.8210034014190689e+34
#ERR  p: [1464, 124], r: -4.5650459484843478e+33, e: -7.6063291432578808e+32
#ERR  p: [1465, 124], r: -1.1892915954155473e+34, e: 5.6344203348953851e+33
#ERR  p: [1480, 126], r: -1.4019566957943632e+34, e: -1.5978069804135696e+34
#ERR  p: [1481, 126], r: -1.7391522506310879e+34, e: -5.8452928980973157e+32
#SDC Ite:15 KerTime:2.6652132 AccTime:39.5726154 KerErr:7 AccErr:12
#IT 15 KerTime:2.6098088 AccTime:42.1824243
#IT 16 KerTime:2.5948129 AccTime:44.7772372
#IT 17 KerTime:2.6439238 AccTime:47.4211609
#IT 18 KerTime:2.6464284 AccTime:50.0675893
