#HEADER matrix_dim:2048 threads:4 block_size:16 block_offset:12 precision:Float
#BEGIN Y:2023 M:10 D:20 Time:14:56:24
#IT 0 KerTime:2.7454089 AccTime:2.7454089
#ERR  p: [1928, 926], r: 1.1246778102410626e+32, e: -2.4553739113050080e+33
#ERR  p: [1769, 990], r: -1.3485884817307508e+34, e: -1.3188591040993045e+34
#ERR  p: [1770, 990], r: 2.3225941339103112e+34, e: 2.3804163324412684e+34
#SDC Ite:1 KerTime:2.7454089 AccTime:2.7454089 KerErr:3 AccErr:3
#IT 1 KerTime:2.7240034 AccTime:5.4694124
#IT 2 KerTime:2.5943397 AccTime:8.0637520
#IT 3 KerTime:2.7012075 AccTime:10.7649595
#IT 4 KerTime:2.7255792 AccTime:13.4905387
#IT 5 KerTime:2.7551511 AccTime:16.2456898
#IT 6 KerTime:2.7281115 AccTime:18.9738013
#IT 7 KerTime:2.7128737 AccTime:21.6866750
#IT 8 KerTime:2.6987450 AccTime:24.3854199
#IT 9 KerTime:2.6939340 AccTime:27.0793540
#IT 10 KerTime:2.6714037 AccTime:29.7507577
#IT 11 KerTime:2.6566220 AccTime:32.4073797
#IT 12 KerTime:2.6316976 AccTime:35.0390773
#IT 13 KerTime:2.6547292 AccTime:37.6938066
#IT 14 KerTime:2.6364454 AccTime:40.3302519
#IT 15 KerTime:2.6942424 AccTime:43.0244943
#IT 16 KerTime:2.6620383 AccTime:45.6865326
#IT 17 KerTime:2.6336026 AccTime:48.3201352
#IT 18 KerTime:2.5968163 AccTime:50.9169515
#IT 19 KerTime:2.6829645 AccTime:53.5999160
