#HEADER matrix_dim:2048 threads:4 block_size:16 block_offset:12 precision:Float
#BEGIN Y:2023 M:10 D:19 Time:16:40:17
#IT 0 KerTime:2.6911351 AccTime:2.6911351
#IT 1 KerTime:2.7116899 AccTime:5.4028250
#IT 2 KerTime:2.6834923 AccTime:8.0863174
#IT 3 KerTime:2.6753164 AccTime:10.7616337
#IT 4 KerTime:2.6333117 AccTime:13.3949454
#IT 5 KerTime:2.6567003 AccTime:16.0516458
#IT 6 KerTime:2.6483222 AccTime:18.6999680
#IT 7 KerTime:2.6389513 AccTime:21.3389193
#IT 8 KerTime:2.6544237 AccTime:23.9933431
#IT 9 KerTime:2.6218305 AccTime:26.6151736
#IT 10 KerTime:2.5962434 AccTime:29.2114170
#IT 11 KerTime:2.5925014 AccTime:31.8039184
#IT 12 KerTime:2.7072818 AccTime:34.5112001
#IT 13 KerTime:2.7391415 AccTime:37.2503416
#IT 14 KerTime:2.6551355 AccTime:39.9054771
#IT 15 KerTime:2.7376618 AccTime:42.6431389
#IT 16 KerTime:2.7170489 AccTime:45.3601878
#IT 17 KerTime:2.6724340 AccTime:48.0326218
#IT 18 KerTime:2.6669482 AccTime:50.6995700
#IT 19 KerTime:2.6672052 AccTime:53.3667753
#IT 20 KerTime:2.6511213 AccTime:56.0178966
#IT 21 KerTime:2.6536001 AccTime:58.6714967
#IT 22 KerTime:2.6250320 AccTime:61.2965287
#IT 23 KerTime:2.6293179 AccTime:63.9258466
#IT 24 KerTime:2.6128295 AccTime:66.5386760
#IT 25 KerTime:2.6439517 AccTime:69.1826277
#IT 26 KerTime:2.5924240 AccTime:71.7750518
#IT 27 KerTime:2.6860346 AccTime:74.4610863
#IT 28 KerTime:2.6812552 AccTime:77.1423415
#IT 29 KerTime:2.6942628 AccTime:79.8366043
#IT 30 KerTime:2.6345895 AccTime:82.4711938
#IT 31 KerTime:2.7126751 AccTime:85.1838688
#ERR  p: [25, 1790], r: -6.5655666460048267e+33, e: -4.3886969952010059e+34
#SDC Ite:32 KerTime:2.7126751 AccTime:85.1838688 KerErr:1 AccErr:1
#IT 32 KerTime:2.6363151 AccTime:87.8201839
#IT 33 KerTime:2.6449949 AccTime:90.4651789
