#HEADER matrix_dim:2048 threads:4 block_size:16 block_offset:12 precision:Float
#BEGIN Y:2023 M:10 D:18 Time:23:08:13
#IT 0 KerTime:2.6920386 AccTime:2.6920386
#IT 1 KerTime:2.6952637 AccTime:5.3873023
#IT 2 KerTime:2.6380479 AccTime:8.0253502
#IT 3 KerTime:2.6839823 AccTime:10.7093325
#IT 4 KerTime:2.6618600 AccTime:13.3711925
#IT 5 KerTime:2.7073534 AccTime:16.0785459
#ERR  p: [1627, 447], r: -1.9445333118187486e+34, e: -3.8574078545578226e+33
#ERR  p: [1628, 447], r: 2.7719257637376157e+34, e: 5.7609062394393492e+33
#ERR  p: [1629, 447], r: 1.6337308862075960e+34, e: 1.0486772049972231e+34
#ERR  p: [1630, 447], r: -1.1663341211810039e+34, e: -2.4215842760357116e+34
#SDC Ite:6 KerTime:2.7073534 AccTime:16.0785459 KerErr:4 AccErr:4
#IT 6 KerTime:2.6383413 AccTime:18.7168872
#IT 7 KerTime:2.7353087 AccTime:21.4521958
#IT 8 KerTime:2.6374649 AccTime:24.0896608
#IT 9 KerTime:2.6577398 AccTime:26.7474005
#ERR  p: [1608, 404], r: 2.9474691275403926e+34, e: 2.5752596766325202e+34
#SDC Ite:10 KerTime:2.6577398 AccTime:26.7474005 KerErr:1 AccErr:5
#IT 10 KerTime:2.7056194 AccTime:29.4530200
