#HEADER matrix_dim:2048 threads:4 block_size:16 block_offset:12 precision:Float
#BEGIN Y:2023 M:10 D:21 Time:07:58:08
#IT 0 KerTime:2.6522529 AccTime:2.6522529
#IT 1 KerTime:2.6900402 AccTime:5.3422932
#IT 2 KerTime:2.6371454 AccTime:7.9794385
#IT 3 KerTime:2.6379214 AccTime:10.6173600
#IT 4 KerTime:2.6322313 AccTime:13.2495913
#IT 5 KerTime:2.6619264 AccTime:15.9115177
#IT 6 KerTime:2.6256773 AccTime:18.5371950
#IT 7 KerTime:2.6347926 AccTime:21.1719875
#IT 8 KerTime:2.6227670 AccTime:23.7947545
#ERR  p: [1080, 434], r: -1.9083574852267276e+34, e: -2.0185111230383957e+34
#SDC Ite:9 KerTime:2.6227670 AccTime:23.7947545 KerErr:1 AccErr:1
#IT 9 KerTime:2.6439328 AccTime:26.4386873
#IT 10 KerTime:2.6522807 AccTime:29.0909680
#IT 11 KerTime:2.6260046 AccTime:31.7169726
#IT 12 KerTime:2.6151076 AccTime:34.3320801
#IT 13 KerTime:2.5937472 AccTime:36.9258273
#IT 14 KerTime:2.6937093 AccTime:39.6195367
#ERR  p: [1001, 756], r: -1.1079487837261757e+34, e: -1.1040222855095703e+34
#SDC Ite:15 KerTime:2.6937093 AccTime:39.6195367 KerErr:1 AccErr:2
#IT 15 KerTime:2.6185475 AccTime:42.2380841
#IT 16 KerTime:2.5973514 AccTime:44.8354355
#IT 17 KerTime:2.5910178 AccTime:47.4264534
