#HEADER matrix_dim:2048 threads:4 block_size:16 block_offset:12 precision:Float
#BEGIN Y:2023 M:10 D:20 Time:18:44:12
#IT 0 KerTime:2.7130430 AccTime:2.7130430
#IT 1 KerTime:2.7068801 AccTime:5.4199231
#IT 2 KerTime:2.7286226 AccTime:8.1485457
#IT 3 KerTime:2.7104085 AccTime:10.8589542
#ERR  p: [472, 1873], r: 1.8720235736916899e+34, e: 1.9672664713181735e+34
#ERR  p: [278, 1874], r: 1.3161268466385978e+34, e: 1.1503421641655075e+34
#ERR  p: [279, 1874], r: -2.2990327615761034e+33, e: -3.3680151852222020e+33
#ERR  p: [359, 1874], r: -4.7693551392889932e+34, e: -4.5677724495238718e+34
#SDC Ite:4 KerTime:2.7104085 AccTime:10.8589542 KerErr:4 AccErr:4
#IT 4 KerTime:2.6619710 AccTime:13.5209252
#ERR  p: [380, 1653], r: 1.4251589726716753e+33, e: 9.1262827554678144e+32
#ERR  p: [790, 1653], r: -5.0069493810029223e+33, e: -2.1288070311090787e+33
#ERR  p: [668, 1680], r: -9.2323896910850626e+32, e: -3.2814194225641307e+33
#ERR  p: [438, 1749], r: 1.8102508609073651e+34, e: 2.1067097704593337e+34
#ERR  p: [316, 1936], r: -2.7504571599883208e+34, e: -2.7285456212929695e+34
#ERR  p: [317, 1936], r: -9.2573481097021049e+32, e: 1.7916772727854420e+33
#ERR  p: [742, 2001], r: -7.9609231406857360e+33, e: -9.5691892289032199e+33
#ERR  p: [870, 2001], r: -5.4833687482118420e+33, e: -5.5431662038694830e+33
#ERR  p: [504, 2005], r: 2.2989519550400390e+34, e: 2.3327818852576142e+34
#ERR  p: [505, 2005], r: -6.2758717170335096e+34, e: -6.1764195756854478e+34
#ERR  p: [550, 2005], r: 2.4072880492860283e+34, e: 2.5411826535831036e+34
#ERR  p: [551, 2005], r: 2.6190317508936041e+34, e: 2.6866866595685972e+34
#ERR  p: [552, 2005], r: -1.4078086859480730e+34, e: -1.7778661018916517e+34
#SDC Ite:5 KerTime:2.6619710 AccTime:13.5209252 KerErr:13 AccErr:17
#IT 5 KerTime:2.6219398 AccTime:16.1428650
#ERR  p: [102, 2037], r: 4.9894475085215095e+34, e: 4.7803832043349631e+34
#SDC Ite:6 KerTime:2.6219398 AccTime:16.1428650 KerErr:1 AccErr:18
#IT 6 KerTime:2.6505647 AccTime:18.7934297
#IT 7 KerTime:2.6280716 AccTime:21.4215013
