#HEADER matrix_dim:2048 threads:4 block_size:16 block_offset:12 precision:Float
#BEGIN Y:2023 M:10 D:18 Time:16:53:04
#IT 0 KerTime:2.6531671 AccTime:2.6531671
#IT 1 KerTime:2.6747243 AccTime:5.3278914
#ERR  p: [1548, 1168], r: -1.3221220664548529e+34, e: -1.0795696272955780e+34
#SDC Ite:2 KerTime:2.6747243 AccTime:5.3278914 KerErr:1 AccErr:1
#IT 2 KerTime:2.5907839 AccTime:7.9186753
#IT 3 KerTime:2.6133313 AccTime:10.5320065
#IT 4 KerTime:2.7193735 AccTime:13.2513800
#IT 5 KerTime:2.7072937 AccTime:15.9586737
#IT 6 KerTime:2.6900291 AccTime:18.6487028
#IT 7 KerTime:2.6472516 AccTime:21.2959544
#IT 8 KerTime:2.6657777 AccTime:23.9617321
#IT 9 KerTime:2.6416703 AccTime:26.6034025
#IT 10 KerTime:2.6354894 AccTime:29.2388919
#IT 11 KerTime:2.6437740 AccTime:31.8826659
#IT 12 KerTime:2.6547201 AccTime:34.5373860
#IT 13 KerTime:2.6350124 AccTime:37.1723984
#IT 14 KerTime:2.6213540 AccTime:39.7937524
#IT 15 KerTime:2.5915015 AccTime:42.3852539
#IT 16 KerTime:2.5943228 AccTime:44.9795768
