#HEADER matrix_dim:2048 threads:4 block_size:16 block_offset:12 precision:Float
#BEGIN Y:2023 M:10 D:21 Time:11:08:42
#IT 0 KerTime:2.7199896 AccTime:2.7199896
#ERR  p: [942, 2044], r: -6.0311856882165263e+33, e: 4.5648271425824041e+33
#SDC Ite:1 KerTime:2.7199896 AccTime:2.7199896 KerErr:1 AccErr:1
#IT 1 KerTime:2.7212451 AccTime:5.4412347
#IT 2 KerTime:2.5881656 AccTime:8.0294004
#IT 3 KerTime:2.7275976 AccTime:10.7569980
#IT 4 KerTime:2.7308766 AccTime:13.4878747
#IT 5 KerTime:2.7312405 AccTime:16.2191152
#IT 6 KerTime:2.7148760 AccTime:18.9339912
#IT 7 KerTime:2.6595419 AccTime:21.5935331
#IT 8 KerTime:2.7128418 AccTime:24.3063749
#IT 9 KerTime:2.6591087 AccTime:26.9654836
#IT 10 KerTime:2.6866303 AccTime:29.6521138
#IT 11 KerTime:2.6484111 AccTime:32.3005249
#IT 12 KerTime:2.7079689 AccTime:35.0084938
#ERR  p: [896, 1749], r: 1.9832251277466131e+34, e: 1.9688085732251113e+34
#ERR  p: [681, 1813], r: -2.4882463567991979e+34, e: -2.3807577563041034e+34
#SDC Ite:13 KerTime:2.7079689 AccTime:35.0084938 KerErr:2 AccErr:3
#IT 13 KerTime:2.6464784 AccTime:37.6549721
