#HEADER matrix_dim:2048 threads:4 block_size:16 block_offset:12 precision:Float
#BEGIN Y:2023 M:10 D:22 Time:17:41:55
#IT 0 KerTime:2.6469476 AccTime:2.6469476
#IT 1 KerTime:2.6941900 AccTime:5.3411377
#IT 2 KerTime:2.7011185 AccTime:8.0422561
#ERR  p: [1464, 882], r: -1.8202235820698442e+34, e: 1.6553083048863441e+34
#ERR  p: [1465, 882], r: 5.4216019775397058e+34, e: 9.0024045716166050e+33
#SDC Ite:3 KerTime:2.7011185 AccTime:8.0422561 KerErr:2 AccErr:2
#IT 3 KerTime:2.7029977 AccTime:10.7452539
#ERR  p: [1097, 946], r: -3.1902049056194857e+34, e: -2.8041072529988784e+34
#ERR  p: [1798, 946], r: -1.4405874812782910e+34, e: -3.2324166802550543e+34
#ERR  p: [1799, 946], r: 2.5039127355843623e+34, e: -7.4656245689076946e+33
#SDC Ite:4 KerTime:2.7029977 AccTime:10.7452539 KerErr:3 AccErr:5
#IT 4 KerTime:2.5955244 AccTime:13.3407783
#IT 5 KerTime:2.5989178 AccTime:15.9396961
#IT 6 KerTime:2.6662929 AccTime:18.6059890
#IT 7 KerTime:2.6487228 AccTime:21.2547117
#ERR  p: [1570, 692], r: 3.5298463823858305e+34, e: 4.6912990584039242e+34
#SDC Ite:8 KerTime:2.6487228 AccTime:21.2547117 KerErr:1 AccErr:6
#IT 8 KerTime:2.5948582 AccTime:23.8495699
#IT 9 KerTime:2.5983250 AccTime:26.4478950
