#HEADER matrix_dim:2048 threads:4 block_size:16 block_offset:12 precision:Float
#BEGIN Y:2023 M:10 D:24 Time:17:10:35
#IT 0 KerTime:2.6873933 AccTime:2.6873933
#IT 1 KerTime:2.7214209 AccTime:5.4088142
#IT 2 KerTime:2.6792686 AccTime:8.0880828
#IT 3 KerTime:2.6795699 AccTime:10.7676527
#IT 4 KerTime:2.6517784 AccTime:13.4194311
#IT 5 KerTime:2.6978501 AccTime:16.1172812
#IT 6 KerTime:2.6549318 AccTime:18.7722130
#IT 7 KerTime:2.6508432 AccTime:21.4230562
#IT 8 KerTime:2.6453188 AccTime:24.0683751
#IT 9 KerTime:2.6251111 AccTime:26.6934861
#IT 10 KerTime:2.6001058 AccTime:29.2935919
#IT 11 KerTime:2.5971440 AccTime:31.8907359
#IT 12 KerTime:2.6517479 AccTime:34.5424838
#IT 13 KerTime:2.6616320 AccTime:37.2041158
#IT 14 KerTime:2.6555336 AccTime:39.8596495
#IT 15 KerTime:2.6386775 AccTime:42.4983270
#IT 16 KerTime:2.6751055 AccTime:45.1734325
#IT 17 KerTime:2.6334991 AccTime:47.8069315
#IT 18 KerTime:2.6678384 AccTime:50.4747699
#IT 19 KerTime:2.6918885 AccTime:53.1666584
#IT 20 KerTime:2.6467096 AccTime:55.8133680
#IT 21 KerTime:2.6363339 AccTime:58.4497019
#IT 22 KerTime:2.6288411 AccTime:61.0785430
#IT 23 KerTime:2.6006618 AccTime:63.6792048
#IT 24 KerTime:2.5967057 AccTime:66.2759105
#IT 25 KerTime:2.7205414 AccTime:68.9964519
#IT 26 KerTime:2.6452839 AccTime:71.6417358
#IT 27 KerTime:2.6716591 AccTime:74.3133949
#IT 28 KerTime:2.6390044 AccTime:76.9523993
#IT 29 KerTime:2.6631735 AccTime:79.6155728
#IT 30 KerTime:2.6923631 AccTime:82.3079360
#IT 31 KerTime:2.6654078 AccTime:84.9733437
#IT 32 KerTime:2.7009612 AccTime:87.6743050
#IT 33 KerTime:2.6522885 AccTime:90.3265935
#IT 34 KerTime:2.6581873 AccTime:92.9847808
#IT 35 KerTime:2.6342456 AccTime:95.6190264
#IT 36 KerTime:2.6263308 AccTime:98.2453573
#IT 37 KerTime:2.5964930 AccTime:100.8418503
#IT 38 KerTime:2.6002622 AccTime:103.4421125
#IT 39 KerTime:2.6482908 AccTime:106.0904032
#IT 40 KerTime:2.6806105 AccTime:108.7710137
#IT 41 KerTime:2.7021572 AccTime:111.4731709
#IT 42 KerTime:2.7091008 AccTime:114.1822718
#IT 43 KerTime:2.6767792 AccTime:116.8590510
#IT 44 KerTime:2.6386110 AccTime:119.4976620
#IT 45 KerTime:2.6843202 AccTime:122.1819822
#ERR  p: [1064, 789], r: -6.4976788808084440e+34, e: -6.4383092572283800e+34
#SDC Ite:46 KerTime:2.6843202 AccTime:122.1819822 KerErr:1 AccErr:1
#IT 46 KerTime:2.7139603 AccTime:124.8959424
#IT 47 KerTime:2.6818246 AccTime:127.5777670
#IT 48 KerTime:2.6868180 AccTime:130.2645850
#IT 49 KerTime:2.6519624 AccTime:132.9165474
#IT 50 KerTime:2.6736860 AccTime:135.5902334
#IT 51 KerTime:2.6749509 AccTime:138.2651843
#IT 52 KerTime:2.6469385 AccTime:140.9121228
#IT 53 KerTime:2.6357094 AccTime:143.5478322
#IT 54 KerTime:2.6263469 AccTime:146.1741791
#IT 55 KerTime:2.5988152 AccTime:148.7729943
#IT 56 KerTime:2.5947349 AccTime:151.3677292
#IT 57 KerTime:2.7347774 AccTime:154.1025066
#IT 58 KerTime:2.7251609 AccTime:156.8276675
#IT 59 KerTime:2.7223945 AccTime:159.5500619
#IT 60 KerTime:2.6461610 AccTime:162.1962230
#IT 61 KerTime:2.6847155 AccTime:164.8809385
#IT 62 KerTime:2.6942449 AccTime:167.5751834
#IT 63 KerTime:2.6870321 AccTime:170.2622155
#IT 64 KerTime:2.6399254 AccTime:172.9021410
#IT 65 KerTime:2.6603686 AccTime:175.5625096
#IT 66 KerTime:2.6383447 AccTime:178.2008543
