#HEADER matrix_dim:2048 threads:4 block_size:16 block_offset:12 precision:Float
#BEGIN Y:2023 M:10 D:23 Time:17:10:10
#IT 0 KerTime:2.6283373 AccTime:2.6283373
#IT 1 KerTime:2.6514293 AccTime:5.2797666
#IT 2 KerTime:2.6439274 AccTime:7.9236939
#IT 3 KerTime:2.6318335 AccTime:10.5555275
#IT 4 KerTime:2.6387369 AccTime:13.1942644
#IT 5 KerTime:2.6224045 AccTime:15.8166689
#IT 6 KerTime:2.6288176 AccTime:18.4454864
#IT 7 KerTime:2.6234271 AccTime:21.0689135
#IT 8 KerTime:2.5952970 AccTime:23.6642105
#IT 9 KerTime:2.7131937 AccTime:26.3774042
#ERR  p: [1207, 665], r: 3.2558310781580980e+34, e: 1.6968534488107575e+34
#SDC Ite:10 KerTime:2.7131937 AccTime:26.3774042 KerErr:1 AccErr:1
#IT 10 KerTime:2.6311683 AccTime:29.0085725
#IT 11 KerTime:2.6367447 AccTime:31.6453173
#IT 12 KerTime:2.5944030 AccTime:34.2397202
#ERR  p: [1896, 922], r: -6.2120474900160811e+33, e: -5.1107110392157443e+33
#SDC Ite:13 KerTime:2.5944030 AccTime:34.2397202 KerErr:1 AccErr:2
#IT 13 KerTime:2.6630575 AccTime:36.9027777
#IT 14 KerTime:2.6234880 AccTime:39.5262657
#IT 15 KerTime:2.6253477 AccTime:42.1516134
