#HEADER matrix_dim:2048 threads:4 block_size:16 block_offset:12 precision:Float
#BEGIN Y:2023 M:10 D:26 Time:15:23:54
#IT 0 KerTime:2.6395219 AccTime:2.6395219
#IT 1 KerTime:2.7095697 AccTime:5.3490916
#IT 2 KerTime:2.6370151 AccTime:7.9861068
#IT 3 KerTime:2.6617172 AccTime:10.6478240
#IT 4 KerTime:2.6445232 AccTime:13.2923471
#IT 5 KerTime:2.6517053 AccTime:15.9440525
#IT 6 KerTime:2.6303466 AccTime:18.5743990
#IT 7 KerTime:2.6125604 AccTime:21.1869594
#IT 8 KerTime:2.5908519 AccTime:23.7778113
#IT 9 KerTime:2.5865497 AccTime:26.3643610
#IT 10 KerTime:2.6916237 AccTime:29.0559847
#IT 11 KerTime:2.6518509 AccTime:31.7078356
#IT 12 KerTime:2.6767591 AccTime:34.3845948
#ERR  p: [0, 1808], r: -1.8536259277978502e+34, e: -1.3964411777433311e+34
#ERR  p: [1, 1808], r: -1.7523547573560626e+34, e: -1.5316847653012157e+34
#ERR  p: [2, 1808], r: 5.7596898395567474e+34, e: 6.2659686918952422e+34
#ERR  p: [3, 1808], r: 1.4252144942824372e+34, e: 1.5077139133505132e+34
#ERR  p: [4, 1808], r: 1.7241724333917112e+34, e: 1.6846102218222251e+34
#ERR  p: [5, 1808], r: 3.5881892584973111e+34, e: 3.4107924508677162e+34
#ERR  p: [6, 1808], r: 6.7413366766287968e+34, e: 6.7154459034711667e+34
#ERR  p: [7, 1808], r: 4.9197739529214556e+33, e: 7.8931669685155293e+33
#ERR  p: [8, 1808], r: 5.3602952253861680e+33, e: 8.8012287927423968e+33
#ERR  p: [9, 1808], r: 4.6845755584625575e+34, e: 4.8544536134695488e+34
#ERR  p: [10, 1808], r: 1.2171431418014016e+34, e: 1.1432860297355847e+34
#ERR  p: [11, 1808], r: -1.9146649135208905e+34, e: -2.0069313081169164e+34
#ERR  p: [12, 1808], r: 1.4562548504154867e+34, e: 1.0594241338602713e+34
#ERR  p: [13, 1808], r: -2.0802262716108937e+34, e: -1.9487584011728296e+34
#ERR  p: [14, 1808], r: -8.6054071045380978e+33, e: -7.0543233236452645e+33
#ERR  p: [15, 1808], r: -2.0899272030377477e+33, e: -6.5942057698436744e+33
#ERR  p: [16, 1808], r: 4.5821743963529101e+33, e: 7.2214836050900087e+33
#ERR  p: [17, 1808], r: 1.9687955748546988e+34, e: 3.0919944181308272e+34
#ERR  p: [18, 1808], r: -1.1535353067028402e+34, e: -1.6700982221236944e+34
#ERR  p: [19, 1808], r: 2.9170049087016265e+34, e: 3.1434372640513390e+34
#ERR  p: [20, 1808], r: -1.0022655949843749e+34, e: -1.2106170932963009e+34
#ERR  p: [21, 1808], r: -1.4195647835311466e+34, e: -8.1211651942209338e+33
#ERR  p: [22, 1808], r: 3.9937158848584867e+34, e: 4.3222711133970152e+34
#ERR  p: [23, 1808], r: -3.1597580798382716e+33, e: -5.3496582255986084e+33
#ERR  p: [24, 1808], r: -1.4104078648545566e+34, e: -1.5451620947149117e+34
#ERR  p: [25, 1808], r: -2.4733231134196166e+33, e: -5.2857105759592631e+33
#ERR  p: [26, 1808], r: -4.1748506524367039e+33, e: -2.7354049232566459e+33
#ERR  p: [27, 1808], r: 9.1567631603725941e+32, e: -5.8954090436777254e+33
#ERR  p: [28, 1808], r: -6.3299939603750507e+34, e: -6.4108061909635846e+34
#ERR  p: [29, 1808], r: -4.0507569432246549e+34, e: -3.5110118674521270e+34
#ERR  p: [30, 1808], r: -4.1932926165839500e+34, e: -4.1016437064795198e+34
#ERR  p: [31, 1808], r: 1.2622966333523241e+34, e: 4.6885159216076028e+33
#ERR  p: [32, 1808], r: 1.0368459025567629e+34, e: 1.5824786830531341e+34
#ERR  p: [33, 1808], r: -1.2223288726259681e+34, e: -1.2757907987505543e+34
#ERR  p: [34, 1808], r: -1.6747536194354310e+34, e: -1.8948830030751220e+34
#ERR  p: [35, 1808], r: 7.5436964954252664e+33, e: 7.4746720536848118e+33
#ERR  p: [36, 1808], r: -4.9051680554709451e+34, e: -5.5444605939745598e+34
#ERR  p: [37, 1808], r: -3.9181297419398000e+34, e: -3.3623402204941099e+34
#ERR  p: [38, 1808], r: 8.6168673344517822e+33, e: 1.1899118033752293e+34
#ERR  p: [39, 1808], r: -4.6278972165278999e+34, e: -4.4331058658182982e+34
#ERR  p: [40, 1808], r: 4.5482838070734100e+34, e: 4.5852571146387386e+34
#ERR  p: [41, 1808], r: -1.2284726452469375e+34, e: -1.4938816665275541e+34
#ERR  p: [42, 1808], r: 2.3161939839072058e+34, e: 2.3031099480439907e+34
#ERR  p: [43, 1808], r: -6.5597545175203819e+33, e: -4.5462843482189582e+33
#ERR  p: [44, 1808], r: -2.4999617261549791e+33, e: 2.4211391437460856e+32
#ERR  p: [45, 1808], r: -6.1363345820373715e+34, e: -6.0988680791603916e+34
#ERR  p: [46, 1808], r: -3.3573299057731102e+33, e: -4.1589158882510225e+33
#ERR  p: [47, 1808], r: -4.0349949954684577e+34, e: -3.6556654086306315e+34
#ERR  p: [48, 1808], r: 3.8501660910190090e+34, e: 3.7132140224129067e+34
#ERR  p: [49, 1808], r: -5.2340708975725049e+34, e: -4.4215375637391842e+34
#ERR  p: [50, 1808], r: 3.0986713715267168e+34, e: 3.3380033096737908e+34
#ERR  p: [51, 1808], r: -1.4512843973637520e+34, e: -1.4730971484439683e+34
#ERR  p: [52, 1808], r: -4.6902002628250545e+34, e: -4.8846732153565521e+34
#ERR  p: [53, 1808], r: -1.6558832042405882e+34, e: -9.9360967064168370e+33
#ERR  p: [54, 1808], r: 1.2884233578814420e+34, e: 1.7602545479227583e+34
#ERR  p: [55, 1808], r: 4.7959396540446389e+34, e: 4.9093621963240440e+34
#ERR  p: [56, 1808], r: -1.6475332986756083e+34, e: -1.6748387897101338e+34
#ERR  p: [57, 1808], r: 4.1345982583468152e+32, e: -1.3509104239654364e+33
#ERR  p: [58, 1808], r: 4.0470822420120402e+34, e: 3.7307712308140755e+34
#ERR  p: [59, 1808], r: 6.8880091742173719e+33, e: 1.1623867017777346e+34
#ERR  p: [60, 1808], r: -1.4272411259207513e+34, e: -1.1759880727833670e+34
#ERR  p: [61, 1808], r: -2.3147354120044188e+33, e: -1.9709747826028548e+33
#ERR  p: [62, 1808], r: -1.3937028543764318e+34, e: -1.0911050001696470e+34
#ERR  p: [63, 1808], r: -5.1605480293172951e+33, e: -1.4563027586950071e+34
#ERR  p: [64, 1808], r: -2.2781333936053728e+33, e: -4.5353728352276870e+33
#ERR  p: [65, 1808], r: -4.8368075209735593e+34, e: -4.4240634565953420e+34
#ERR  p: [66, 1808], r: 9.4626341589917504e+32, e: 1.3990037755216538e+33
#ERR  p: [67, 1808], r: 2.9496023458160892e+34, e: 3.5845266890970814e+34
#ERR  p: [68, 1808], r: -3.9771485333127305e+33, e: -2.3282838920218727e+33
#ERR  p: [69, 1808], r: 2.9510462790779116e+34, e: 2.2016300609115795e+34
#ERR  p: [70, 1808], r: -4.2432687511459165e+34, e: -4.5462624985772648e+34
#ERR  p: [71, 1808], r: -2.1877227949222397e+34, e: -1.6778130644485209e+34
#ERR  p: [72, 1808], r: 4.4945969472436855e+33, e: 1.4763434605059883e+33
#ERR  p: [73, 1808], r: 3.3380827854243129e+34, e: 3.3869393270147497e+34
#ERR  p: [74, 1808], r: -1.9410621279485923e+34, e: -2.1950229273339056e+34
#ERR  p: [75, 1808], r: 6.9478901908276647e+33, e: 4.6455922076554412e+33
#ERR  p: [76, 1808], r: -3.9814104513829802e+33, e: -9.6570371679110283e+33
#ERR  p: [77, 1808], r: -1.3025705366503953e+34, e: -1.5737644517345925e+34
#ERR  p: [78, 1808], r: -3.4908235412914610e+34, e: -3.2531375682206208e+34
#ERR  p: [79, 1808], r: -5.7438897632473402e+34, e: -5.0812531418349133e+34
#ERR  p: [80, 1808], r: -1.4090957722069180e+34, e: -1.6356743282752701e+34
#ERR  p: [81, 1808], r: -1.0056269116760446e+34, e: -1.2389056325160229e+34
#ERR  p: [82, 1808], r: 4.3895576111163171e+34, e: 4.2349512796099659e+34
#ERR  p: [83, 1808], r: 1.5547911637224851e+34, e: 1.7365196473435436e+34
#ERR  p: [84, 1808], r: 2.2782823177920989e+34, e: 2.1424416717532669e+34
#ERR  p: [85, 1808], r: -1.3459259202942558e+34, e: -1.4127368014504642e+34
#ERR  p: [86, 1808], r: -6.2037341036822601e+33, e: -8.9788967092405952e+33
#ERR  p: [87, 1808], r: -1.8947800064638534e+34, e: -1.8704208127228271e+34
#ERR  p: [88, 1808], r: -3.3952993836880518e+34, e: -2.4931354771903516e+34
#ERR  p: [89, 1808], r: 1.2164375159790089e+34, e: 1.4204843253923278e+34
#ERR  p: [90, 1808], r: 2.9204963947884270e+34, e: 3.7351416543287686e+34
#ERR  p: [91, 1808], r: 4.7561245313251267e+34, e: 5.3796823567534085e+34
#ERR  p: [92, 1808], r: 1.5220413980861884e+33, e: 5.1492474936686785e+33
#ERR  p: [93, 1808], r: 3.3367797916359631e+33, e: 5.5077425496453318e+33
#ERR  p: [94, 1808], r: 4.9073571048424134e+33, e: 3.0426641168873558e+33
#ERR  p: [95, 1808], r: -2.7005352472000749e+34, e: -3.2043379718719911e+34
#ERR  p: [96, 1808], r: 1.7691907109418427e+33, e: 3.5456583429196148e+33
#ERR  p: [97, 1808], r: 8.2137866300202267e+33, e: 6.6166199121949755e+33
#ERR  p: [98, 1808], r: 2.1592936257140549e+33, e: 2.2957582554296886e+32
#ERR  p: [99, 1808], r: -5.0627127614545440e+34, e: -4.8551310142590457e+34
#ERR  p: [100, 1808], r: 9.4124926356405354e+33, e: 1.0523474496256964e+34
#ERR  p: [101, 1808], r: -2.5071089729717932e+33, e: -9.5758754977979052e+32
#ERR  p: [102, 1808], r: 3.6591967563866970e+34, e: 3.5953579216768049e+34
#ERR  p: [103, 1808], r: -1.3278356858606716e+33, e: 4.3406789103991770e+33
#ERR  p: [104, 1808], r: 5.8355633083585523e+33, e: 9.2260031584223893e+33
#ERR  p: [105, 1808], r: 5.7962364291905343e+33, e: 1.0674042048385147e+33
#ERR  p: [106, 1808], r: -1.9686740091428410e+34, e: -1.6803101133017634e+34
#ERR  p: [107, 1808], r: 2.3616355441052699e+34, e: 2.0149967350608685e+34
#ERR  p: [108, 1808], r: 1.9467270653623662e+34, e: 1.9153041857571775e+34
#ERR  p: [109, 1808], r: -3.1700344057953854e+34, e: -3.4667295143068496e+34
#ERR  p: [110, 1808], r: 2.9527801378969347e+34, e: 2.8122927601266412e+34
#ERR  p: [111, 1808], r: 3.9945150989478494e+34, e: 4.1566550383572756e+34
#ERR  p: [112, 1808], r: -3.8122474924396821e+34, e: -3.8223627005006830e+34
#ERR  p: [113, 1808], r: 2.5317171164547198e+34, e: 2.9967116588350786e+34
#ERR  p: [114, 1808], r: -2.6880206637549312e+34, e: -2.1700712554900773e+34
#ERR  p: [115, 1808], r: -4.4678647462413531e+34, e: -4.1440213650803526e+34
#ERR  p: [116, 1808], r: -4.1457589377194936e+34, e: -3.9829500155128375e+34
#ERR  p: [117, 1808], r: -5.6667215329584468e+34, e: -5.5320683190052974e+34
#ERR  p: [118, 1808], r: -6.3628701815863604e+34, e: -6.2376060000671670e+34
#ERR  p: [119, 1808], r: -4.7401273749614653e+34, e: -4.9588634570869406e+34
#ERR  p: [120, 1808], r: 4.6956388738511460e+32, e: -1.3411935231120756e+33
#ERR  p: [121, 1808], r: -9.6312632562931067e+33, e: 2.0818610952267740e+33
#ERR  p: [122, 1808], r: 7.7891614361149680e+33, e: 3.2750267002012610e+33
#ERR  p: [123, 1808], r: 2.9450031509821361e+34, e: 2.9904808590293474e+34
#ERR  p: [124, 1808], r: -1.0391859187160221e+34, e: -1.0021949086081317e+34
#ERR  p: [125, 1808], r: -3.4512864599047724e+34, e: -3.9094688658369516e+34
#ERR  p: [126, 1808], r: 4.6241556665531638e+34, e: 4.3462009895324173e+34
#ERR  p: [127, 1808], r: -1.9797822927033565e+34, e: -2.0835427129761393e+34
#ERR  p: [128, 1808], r: -1.2816254577437142e+34, e: -1.4272933669904092e+34
#ERR  p: [129, 1808], r: -4.3640426765546140e+34, e: -4.6962404198647358e+34
#ERR  p: [130, 1808], r: -2.5109199713827332e+34, e: -2.8438939030974870e+34
#ERR  p: [131, 1808], r: -1.7227656383310673e+33, e: 2.4933650531706371e+33
#ERR  p: [132, 1808], r: 4.0835061517879339e+34, e: 4.6095925399310106e+34
#ERR  p: [133, 1808], r: -3.4086587374160039e+34, e: -3.8994923070603507e+34
#ERR  p: [134, 1808], r: -3.0453696348432140e+33, e: -8.4561876691126970e+33
#ERR  p: [135, 1808], r: -4.7382115389566673e+34, e: -4.5939127913934219e+34
#ERR  p: [136, 1808], r: -4.4804625192571368e+34, e: -4.3358676564364944e+34
#ERR  p: [137, 1808], r: 9.5504746703593232e+33, e: 1.7616612501378992e+33
#ERR  p: [138, 1808], r: 1.5644069867716383e+34, e: 1.8502286489480394e+34
#ERR  p: [139, 1808], r: 1.6487098987859471e+33, e: 1.8160557164940792e+32
#ERR  p: [140, 1808], r: 1.1595649412521875e+34, e: 1.0206106903235469e+34
#ERR  p: [141, 1808], r: 7.8541136740961934e+33, e: 8.5043255865103286e+33
#ERR  p: [142, 1808], r: 1.8769384432356607e+34, e: 1.4544630560026251e+34
#ERR  p: [143, 1808], r: 1.5713708946686342e+34, e: 1.4829846993317445e+34
#ERR  p: [144, 1808], r: -2.1435476473843645e+34, e: -2.5177945000088928e+34
#ERR  p: [145, 1808], r: 1.3922471606842361e+34, e: 2.0417107383446234e+34
#ERR  p: [146, 1808], r: 3.9115042868495446e+33, e: 1.8509236903830961e+33
#ERR  p: [147, 1808], r: -1.3950843954602743e+34, e: -2.9968919029047985e+33
#ERR  p: [148, 1808], r: -9.5407760291215419e+33, e: -5.3734774298944984e+33
#ERR  p: [149, 1808], r: -6.9671345877083755e+33, e: 7.6332373174367976e+32
#ERR  p: [150, 1808], r: -3.4946066860515171e+34, e: -3.4447860367584848e+34
#ERR  p: [151, 1808], r: -7.9546795900976002e+33, e: -7.6906870198099339e+33
#ERR  p: [152, 1808], r: 1.0340099057207640e+34, e: 1.2625646473708293e+34
#ERR  p: [153, 1808], r: -2.2729247608900796e+34, e: -2.4848922820567581e+34
#ERR  p: [154, 1808], r: -3.5628595197654851e+34, e: -4.0074830160353794e+34
#ERR  p: [155, 1808], r: -1.7534576381370619e+34, e: -1.6714885525818158e+34
#ERR  p: [156, 1808], r: -6.8439609155335234e+34, e: -7.3333998219296114e+34
#ERR  p: [157, 1808], r: 7.6613917877502650e+33, e: 1.1345810829673378e+34
#ERR  p: [158, 1808], r: -3.3126406417369198e+34, e: -3.7281183253098870e+34
#ERR  p: [159, 1808], r: -1.6483400641992106e+34, e: -2.2908493898949083e+34
#ERR  p: [160, 1808], r: -1.9822217773447723e+34, e: -2.3150736481716525e+34
#ERR  p: [161, 1808], r: -2.4484443562441022e+34, e: -2.3122102928607854e+34
#ERR  p: [162, 1808], r: 4.3946386122135600e+34, e: 4.5358241881660105e+34
#ERR  p: [163, 1808], r: 6.2192518058687063e+34, e: 6.5269809215383289e+34
#ERR  p: [164, 1808], r: -5.1100892219340112e+34, e: -4.8519019714605738e+34
#ERR  p: [165, 1808], r: 2.4879811900427830e+34, e: 2.0294693682661499e+34
#ERR  p: [166, 1808], r: -1.3152326825482219e+34, e: -1.1721598670058809e+34
#ERR  p: [167, 1808], r: 4.2915013709565535e+34, e: 4.8098026017805723e+34
#ERR  p: [168, 1808], r: 2.8038542180548485e+34, e: 1.9412303639999312e+34
#ERR  p: [169, 1808], r: -1.9962613791243117e+34, e: -2.3594290397792477e+34
#ERR  p: [170, 1808], r: 1.7823952293193812e+34, e: 2.0137880104065102e+34
#ERR  p: [171, 1808], r: 2.0449522843374922e+34, e: 2.0548177998925692e+34
#ERR  p: [172, 1808], r: -3.8077562459771548e+34, e: -3.7742244117210395e+34
#ERR  p: [173, 1808], r: -3.3250967325152073e+33, e: -4.8398506870751325e+33
#ERR  p: [174, 1808], r: 2.3856575229795949e+34, e: 2.4441147847507055e+34
#ERR  p: [175, 1808], r: -2.5702319069569665e+34, e: -2.5602808497451749e+34
#ERR  p: [176, 1808], r: 1.7448977779414192e+34, e: 1.9171213579408445e+34
#ERR  p: [177, 1808], r: 8.7976437183886263e+32, e: 1.0357090712701862e+33
#ERR  p: [178, 1808], r: 1.9565866388052546e+34, e: 1.4853323288222453e+34
#ERR  p: [179, 1808], r: 1.4568605744767091e+34, e: 1.2331328705248273e+34
#ERR  p: [180, 1808], r: -2.3852277101979550e+34, e: -1.6726362467922373e+34
#ERR  p: [181, 1808], r: -1.7297185285617137e+33, e: 4.5007851000150633e+33
#ERR  p: [182, 1808], r: 3.2912041006346424e+33, e: 5.7214122383660277e+33
#ERR  p: [183, 1808], r: 1.8469377091476031e+34, e: 1.9068833462279466e+34
#ERR  p: [184, 1808], r: 2.4709364888178783e+34, e: 2.5048761005229342e+34
#ERR  p: [185, 1808], r: -7.8166319445567303e+33, e: -4.9660586740802771e+33
#ERR  p: [186, 1808], r: 2.2795264475315807e+34, e: 2.1269468714575476e+34
#ERR  p: [187, 1808], r: -2.0864030972309121e+34, e: -2.8345494365049452e+34
#ERR  p: [188, 1808], r: -2.7552474927643395e+34, e: -2.9587527034104710e+34
#ERR  p: [189, 1808], r: -1.5583117414002088e+34, e: -1.8671000385674441e+34
#ERR  p: [190, 1808], r: -2.6048293599988986e+34, e: -1.9191687869718186e+34
#ERR  p: [191, 1808], r: -2.3204349188937896e+34, e: -2.0283032287491431e+34
#ERR  p: [192, 1808], r: -1.4786883046314007e+34, e: -1.3372331053383938e+34
#ERR  p: [193, 1808], r: 5.5367022999543543e+33, e: 7.5584255060126839e+33
#ERR  p: [194, 1808], r: 2.9590228219270430e+34, e: 3.1235896189894844e+34
#ERR  p: [195, 1808], r: 2.3478099821585230e+34, e: 1.9380201378900564e+34
#ERR  p: [196, 1808], r: -2.7093209076588833e+34, e: -3.3643518730579487e+34
#ERR  p: [197, 1808], r: -1.7739428223191485e+34, e: -1.9786488348033869e+34
#ERR  p: [198, 1808], r: -4.1104492977729606e+33, e: -1.8512337943629371e+33
#ERR  p: [199, 1808], r: -4.3014609699546162e+33, e: -9.0470836845444733e+33
#ERR  p: [200, 1808], r: 2.0743413522521389e+34, e: 2.3215463414610600e+34
#ERR  p: [201, 1808], r: -8.0681213204476142e+33, e: -1.3672925177843136e+34
#ERR  p: [202, 1808], r: 4.4581696950296857e+34, e: 4.5588543294808600e+34
#ERR  p: [203, 1808], r: -1.7889514835614405e+33, e: -4.8489693534045087e+33
#ERR  p: [204, 1808], r: -1.4578613252044674e+34, e: -1.3479188799635013e+34
#ERR  p: [205, 1808], r: -2.6689180110087185e+34, e: -2.7546943811547868e+34
#ERR  p: [206, 1808], r: -8.9664535549357182e+33, e: -8.7618536339128467e+33
#ERR  p: [207, 1808], r: -1.6811975925159271e+34, e: -1.3607517377927454e+34
#ERR  p: [208, 1808], r: 3.7271368864467415e+34, e: 4.1664818063891230e+34
#ERR  p: [209, 1808], r: 7.5432836424221647e+33, e: 7.7140098101500705e+33
#ERR  p: [210, 1808], r: -9.2118262690924931e+33, e: -1.2358500251170548e+34
#ERR  p: [211, 1808], r: 2.1684765411314699e+34, e: 2.1195957359162631e+34
#ERR  p: [212, 1808], r: -2.3500651375280891e+33, e: 1.8998117994445347e+33
#ERR  p: [213, 1808], r: -2.0263635005015868e+34, e: -2.2415234214415745e+34
#ERR  p: [214, 1808], r: 1.3116445133443532e+34, e: 1.4857730354762309e+34
#ERR  p: [215, 1808], r: 2.1403797588238332e+34, e: 2.7184791880695165e+34
#ERR  p: [216, 1808], r: -2.6225328929127110e+34, e: -2.9964190098097915e+34
#ERR  p: [217, 1808], r: 8.9505918292123547e+33, e: 7.8607849329679023e+33
#ERR  p: [218, 1808], r: 2.1431403651114396e+34, e: 1.7828536385159286e+34
#ERR  p: [219, 1808], r: 1.4607775405550119e+34, e: 1.9127959954435814e+34
#ERR  p: [220, 1808], r: -6.1006205070800040e+33, e: -9.2120992348711555e+33
#ERR  p: [221, 1808], r: -2.9467064326821889e+33, e: -6.4607372645081211e+33
#ERR  p: [222, 1808], r: -1.7570532349811663e+34, e: -1.6603784121112413e+34
#ERR  p: [223, 1808], r: 7.6659461691547959e+33, e: 1.3195497508472218e+34
#ERR  p: [224, 1808], r: -2.5840589544317606e+34, e: -2.5802248065420860e+34
#ERR  p: [225, 1808], r: 1.6506937595959039e+34, e: 2.0488525382252647e+34
#ERR  p: [226, 1808], r: 5.5860837281214482e+33, e: 8.2140218386276909e+33
#ERR  p: [227, 1808], r: 5.0126118425366175e+34, e: 5.5595500927014171e+34
#ERR  p: [228, 1808], r: -1.5356334226445242e+34, e: -1.8908596979474445e+34
#ERR  p: [229, 1808], r: 5.2315525561505867e+33, e: 7.7809384194040149e+33
#ERR  p: [230, 1808], r: -2.7183056288760087e+34, e: -1.7536755155839761e+34
#ERR  p: [231, 1808], r: -2.0084305772984949e+34, e: -1.5338713387926054e+34
#ERR  p: [232, 1808], r: -3.0439071324808023e+34, e: -2.6289345284438635e+34
#ERR  p: [233, 1808], r: -1.5665566696498573e+34, e: -2.0171316864526200e+34
#ERR  p: [234, 1808], r: 2.0551173813820762e+34, e: 1.7073062431204715e+34
#ERR  p: [235, 1808], r: -2.9500744961470726e+34, e: -3.2451181926461301e+34
#ERR  p: [236, 1808], r: 1.0131033267493047e+34, e: 9.4336007512503904e+33
#ERR  p: [237, 1808], r: -4.2539828745979237e+34, e: -4.0810280434172925e+34
#ERR  p: [238, 1808], r: 2.3613017954706786e+34, e: 2.5840740573002399e+34
#ERR  p: [239, 1808], r: -1.0946785616810521e+34, e: -2.0088215187629012e+34
#ERR  p: [240, 1808], r: -3.8518575503916866e+33, e: 9.9196816214959128e+32
#ERR  p: [241, 1808], r: -2.4232701027812105e+34, e: -3.6239597835204701e+34
#ERR  p: [242, 1808], r: -7.3082953882849353e+33, e: -1.0674709917036341e+34
#ERR  p: [243, 1808], r: 7.3301276988177722e+34, e: 6.7176756810699275e+34
#ERR  p: [244, 1808], r: -1.1987349734172280e+34, e: -1.2681731347188118e+34
#ERR  p: [245, 1808], r: 3.0896501310784324e+33, e: -4.2486538522138099e+33
#ERR  p: [246, 1808], r: 1.1474346143952379e+34, e: 9.8996690828208254e+33
#ERR  p: [247, 1808], r: 4.2916395250649378e+34, e: 5.1422286212339383e+34
#ERR  p: [248, 1808], r: 2.4574383310630213e+33, e: -9.8049864768561224e+32
#ERR  p: [249, 1808], r: 1.4969579475251782e+34, e: 1.3056343144536227e+34
#ERR  p: [250, 1808], r: 3.1699045458852644e+33, e: 1.6595681803555290e+33
#ERR  p: [251, 1808], r: 2.1784516143800237e+34, e: 1.8779872260369433e+34
#ERR  p: [252, 1808], r: -4.3602704256669035e+34, e: -4.7069842538776857e+34
#ERR  p: [253, 1808], r: -1.4127272693121617e+33, e: -1.9734426160711702e+33
#ERR  p: [254, 1808], r: -1.8087549341638927e+34, e: -1.9718789121105469e+34
#ERR  p: [255, 1808], r: -3.3204483295646927e+34, e: -3.5110569284695570e+34
#ERR  p: [256, 1808], r: -9.1050280987058090e+32, e: -7.5737957695404511e+33
#ERR  p: [257, 1808], r: 3.2438780243147740e+34, e: 3.2943478493644076e+34
#ERR  p: [258, 1808], r: -3.1919551052470273e+34, e: -3.5044812385688809e+34
#ERR  p: [259, 1808], r: -1.9316825038589349e+34, e: -1.7251500346407349e+34
#ERR  p: [260, 1808], r: -1.2129723980150452e+34, e: -1.0227215637815344e+34
#ERR  p: [261, 1808], r: 5.1515621939541343e+34, e: 6.0836810307584386e+34
#ERR  p: [262, 1808], r: -6.0654268621151520e+34, e: -5.8897443538519594e+34
#ERR  p: [263, 1808], r: 3.6601281824722553e+33, e: -8.0204966839387712e+32
#ERR  p: [264, 1808], r: -2.2150884498426745e+34, e: -2.6181560321098136e+34
#ERR  p: [265, 1808], r: 3.9765187313177441e+33, e: -1.5799349019634085e+33
#ERR  p: [266, 1808], r: -1.6796495484968007e+34, e: -2.2206507620271916e+34
#ERR  p: [267, 1808], r: -2.3912445939648977e+34, e: -2.4602850051318590e+34
#ERR  p: [268, 1808], r: -6.0918230861908224e+33, e: -1.4782773085383579e+34
#ERR  p: [269, 1808], r: 2.5406094873449145e+34, e: 2.2377878135790269e+34
#ERR  p: [270, 1808], r: 6.6540694552934172e+33, e: 1.4093890092537237e+33
#ERR  p: [271, 1808], r: -1.1245345805785173e+34, e: -7.9892094516133873e+33
#ERR  p: [272, 1808], r: 1.2585841749685111e+34, e: 1.7816233737048868e+34
#ERR  p: [273, 1808], r: -2.5602823352732221e+34, e: -2.4764183348998418e+34
#ERR  p: [274, 1808], r: 2.8020908962628904e+34, e: 2.7137844242645306e+34
#ERR  p: [275, 1808], r: 5.0628389694415492e+33, e: 4.7724271339192313e+32
#ERR  p: [276, 1808], r: 4.2621641108325509e+33, e: 6.5518657446200358e+33
#ERR  p: [277, 1808], r: 2.8238939914108002e+34, e: 2.7081560060819157e+34
#ERR  p: [278, 1808], r: 5.4365900889773456e+33, e: 8.7721365828491707e+33
#ERR  p: [279, 1808], r: 2.6295468135872941e+34, e: 2.4021290579663104e+34
#ERR  p: [280, 1808], r: 3.4649931796077480e+34, e: 3.4631169576842070e+34
#ERR  p: [281, 1808], r: 4.0552930031166044e+34, e: 4.3464678894048873e+34
#ERR  p: [282, 1808], r: 1.5139509028564408e+34, e: 2.0746523227900074e+34
#ERR  p: [283, 1808], r: -4.0555183082037543e+34, e: -4.9341799230556216e+34
#ERR  p: [284, 1808], r: 2.5327089540141952e+34, e: 2.4614219292639387e+34
#ERR  p: [285, 1808], r: 8.1039813485356135e+33, e: 5.2095704548729962e+33
#ERR  p: [286, 1808], r: -1.9752826282485620e+34, e: -1.7694124569513797e+34
#ERR  p: [287, 1808], r: 2.3457270242484214e+34, e: 2.0720448496852606e+34
#ERR  p: [288, 1808], r: -1.4731456756935082e+34, e: -1.9356569103550606e+34
#ERR  p: [289, 1808], r: 1.3078709007225996e+34, e: 1.7438254742793902e+34
#ERR  p: [290, 1808], r: -2.0062087225159855e+34, e: -2.3473900728971974e+34
#ERR  p: [291, 1808], r: 3.6784328590691447e+34, e: 3.2957707376455622e+34
#ERR  p: [292, 1808], r: -1.2427992015275832e+34, e: -6.8080766238207542e+33
#ERR  p: [293, 1808], r: 1.6738270832130278e+33, e: -8.1880424289632479e+33
#ERR  p: [294, 1808], r: -3.8237430036444862e+34, e: -4.2215929162340453e+34
#ERR  p: [295, 1808], r: 5.9770474754484784e+33, e: 1.2588999734725328e+34
#ERR  p: [296, 1808], r: 1.0480738330220754e+34, e: 9.7346194891430628e+33
#ERR  p: [297, 1808], r: -3.0569867117598759e+34, e: -2.7829511053154991e+34
#ERR  p: [298, 1808], r: -1.7560025952698248e+34, e: -1.3389008581593191e+34
#ERR  p: [299, 1808], r: 5.6544780583819065e+33, e: 5.9033027683382286e+33
#ERR  p: [300, 1808], r: 1.3123480346686791e+34, e: 1.1827464826338416e+34
#ERR  p: [301, 1808], r: -3.3693826137895966e+34, e: -3.5701287036761689e+34
#ERR  p: [302, 1808], r: 6.4931347743062391e+33, e: 4.3741350136733890e+32
#ERR  p: [303, 1808], r: -6.2804223846179226e+34, e: -6.1459528809666032e+34
#ERR  p: [304, 1808], r: -2.3384654846174802e+33, e: -3.0825134067519522e+33
#ERR  p: [305, 1808], r: 4.3414329396771058e+34, e: 4.3630245946663057e+34
#ERR  p: [306, 1808], r: 4.1177547533267954e+34, e: 4.3179611013562392e+34
#ERR  p: [307, 1808], r: 2.2709767384442601e+34, e: 2.3864475763126668e+34
#ERR  p: [308, 1808], r: -3.9424002991740134e+34, e: -3.7694835965465922e+34
#ERR  p: [309, 1808], r: -2.6875128607508163e+34, e: -2.8621810009458185e+34
#ERR  p: [310, 1808], r: 2.1714782981387291e+34, e: 2.7081047553642893e+34
#ERR  p: [311, 1808], r: 1.6414175034995268e+34, e: 1.3618223083387194e+34
#ERR  p: [312, 1808], r: 5.7306883706684009e+34, e: 5.8289258452499159e+34
#ERR  p: [313, 1808], r: -1.1282313171238313e+34, e: -1.2260809450910381e+34
#ERR  p: [314, 1808], r: 4.1685917513920810e+34, e: 4.2292022860675246e+34
#ERR  p: [315, 1808], r: 9.8353896652509517e+33, e: 4.0187003002163541e+33
#ERR  p: [316, 1808], r: 2.7820214123459958e+34, e: 2.5933239452737803e+34
#ERR  p: [317, 1808], r: -2.3197810389650391e+34, e: -2.1726959359613702e+34
#ERR  p: [318, 1808], r: -2.9015576453034157e+34, e: -3.6397955125030087e+34
#ERR  p: [319, 1808], r: 4.9092267037867442e+33, e: 2.3095978060988795e+33
#ERR  p: [320, 1808], r: 1.2872825497124891e+33, e: -3.2091642668061511e+33
#ERR  p: [321, 1808], r: -2.3370369327606459e+34, e: -1.7831808260683117e+34
#ERR  p: [322, 1808], r: -4.9535091188290235e+34, e: -5.7195741449956968e+34
#ERR  p: [323, 1808], r: -4.1633626926661395e+34, e: -4.2209937532550311e+34
#ERR  p: [324, 1808], r: -4.3902023302887769e+34, e: -4.4345720820008278e+34
#ERR  p: [325, 1808], r: -3.9450598895544141e+33, e: -8.1061923094457771e+33
#ERR  p: [326, 1808], r: -1.0030009932647124e+34, e: -4.2682795346266207e+33
#ERR  p: [327, 1808], r: -2.3645234106289149e+34, e: -1.5811835501840337e+34
#ERR  p: [328, 1808], r: -4.2140751539634730e+34, e: -3.3663145031962317e+34
#ERR  p: [329, 1808], r: -3.1124709367326388e+34, e: -3.8834179032382379e+34
#ERR  p: [330, 1808], r: -3.1016347523927581e+34, e: -3.0741522359326148e+34
#ERR  p: [331, 1808], r: -1.6573327082325875e+34, e: -2.2940014328229368e+34
#ERR  p: [332, 1808], r: 1.5754949681155096e+34, e: 2.3480189464371543e+34
#ERR  p: [333, 1808], r: 1.2601436080359989e+34, e: 1.7091745422277610e+34
#ERR  p: [334, 1808], r: -1.9651053993915930e+34, e: -1.9518736772816912e+34
#ERR  p: [335, 1808], r: 4.1941081714818312e+34, e: 4.3344336266949862e+34
#ERR  p: [336, 1808], r: -4.3565625476612360e+34, e: -4.6124269274449584e+34
#ERR  p: [337, 1808], r: 1.5088815383955672e+34, e: 1.5188788945648280e+34
#ERR  p: [338, 1808], r: -1.4373214240726443e+34, e: -1.6910439200003952e+34
#ERR  p: [339, 1808], r: 3.0918834987033072e+34, e: 2.6469019901740515e+34
#ERR  p: [340, 1808], r: -3.8317076622692404e+34, e: -3.6457467854478692e+34
#ERR  p: [341, 1808], r: -2.3788731628110468e+32, e: -3.6132962918160697e+33
#ERR  p: [342, 1808], r: -5.9101256748647500e+33, e: -6.6574911215620019e+33
#ERR  p: [343, 1808], r: -1.2695878525957071e+34, e: -9.4901770869258109e+33
#ERR  p: [344, 1808], r: -2.2674837668294125e+34, e: -2.1828940860050032e+34
#ERR  p: [345, 1808], r: -5.8256398572096367e+34, e: -6.2097256096783974e+34
#ERR  p: [346, 1808], r: 5.9769100641041177e+33, e: 1.0700275854727663e+34
#ERR  p: [347, 1808], r: -3.1213935133597921e+34, e: -2.8873616916969145e+34
#ERR  p: [348, 1808], r: -3.8587989896769696e+34, e: -4.4965438555434696e+34
#ERR  p: [349, 1808], r: 3.3432239504074651e+34, e: 3.6197500446228762e+34
#ERR  p: [350, 1808], r: 2.3459221235986128e+34, e: 1.8341995537313644e+34
#ERR  p: [351, 1808], r: -1.2773801899669928e+34, e: -1.5906159105193648e+34
#ERR  p: [352, 1808], r: -1.2866946984105839e+34, e: -1.2879967637439043e+34
#ERR  p: [353, 1808], r: -3.9662613458432313e+34, e: -4.5325065088607256e+34
#ERR  p: [354, 1808], r: 4.6036802002003856e+33, e: 3.1543247610058480e+33
#ERR  p: [355, 1808], r: 3.1795994733029278e+34, e: 3.0068008701552544e+34
#ERR  p: [356, 1808], r: 1.2069890624231672e+34, e: 2.1613353602208483e+34
#ERR  p: [357, 1808], r: -1.9502315498195792e+34, e: -2.1143877221709895e+34
#ERR  p: [358, 1808], r: -1.3517732062758163e+34, e: -1.8282006200949914e+34
#ERR  p: [359, 1808], r: -8.6291885516627896e+33, e: -6.5145139987846977e+33
#ERR  p: [360, 1808], r: -3.7120907156212591e+34, e: -3.6437306762998890e+34
#ERR  p: [361, 1808], r: 5.2800798056905736e+33, e: 9.7964719252659175e+33
#ERR  p: [362, 1808], r: 5.1727279975698201e+34, e: 5.9060722877941179e+34
#ERR  p: [363, 1808], r: -3.3603498604989469e+33, e: -4.1547734313945638e+33
#ERR  p: [364, 1808], r: 3.1133790895454585e+34, e: 2.9803247989470502e+34
#ERR  p: [365, 1808], r: -1.4328535746768595e+34, e: -1.2948051863719660e+34
#ERR  p: [366, 1808], r: 4.1970965587366661e+34, e: 4.1850920065877080e+34
#ERR  p: [367, 1808], r: 5.5278962134848978e+33, e: -2.3032912753112451e+33
#ERR  p: [368, 1808], r: -1.7277833187953008e+33, e: -1.0168189418802178e+34
#ERR  p: [369, 1808], r: -1.3295952628840109e+34, e: -1.3307476612665817e+34
#ERR  p: [370, 1808], r: -1.0732775494579022e+34, e: -1.3028706133159181e+34
#ERR  p: [371, 1808], r: -2.3901873931713480e+34, e: -2.3331109297200562e+34
#ERR  p: [372, 1808], r: -1.6085579325817455e+33, e: -7.3613015048870567e+33
#ERR  p: [373, 1808], r: 3.7695852933208195e+33, e: -3.7195527086930616e+33
#ERR  p: [374, 1808], r: 1.2552606773450417e+34, e: 1.3911263297726672e+34
#ERR  p: [375, 1808], r: 2.7793556322653987e+34, e: 3.0209005120266992e+34
#ERR  p: [376, 1808], r: -4.9427829254616333e+33, e: -2.5752396220038837e+33
#ERR  p: [377, 1808], r: 1.7597129491555709e+34, e: 1.8423965737014925e+34
#ERR  p: [378, 1808], r: -4.9686243667086980e+34, e: -3.7510489362455779e+34
#ERR  p: [379, 1808], r: -9.8591308793243667e+33, e: -1.0571310975255030e+34
#ERR  p: [380, 1808], r: 3.0550820172154314e+34, e: 3.3449793493831718e+34
#ERR  p: [381, 1808], r: 2.2130842249190715e+34, e: 2.6185378128179292e+34
#ERR  p: [382, 1808], r: 1.1003782852099299e+34, e: 7.2693194651180547e+33
#ERR  p: [383, 1808], r: 1.5459500435499168e+33, e: 3.6533000147005670e+33
#ERR  p: [384, 1808], r: -4.3899230510159141e+34, e: -3.7513925884004835e+34
#ERR  p: [385, 1808], r: -1.3140399273203705e+34, e: -1.4188206577735322e+34
#ERR  p: [386, 1808], r: 2.3059641425985671e+34, e: 1.7958377726179733e+34
#ERR  p: [387, 1808], r: 3.2454744717894365e+34, e: 3.2177376824452240e+34
#ERR  p: [388, 1808], r: -1.2862126445592862e+34, e: -1.1075989418710737e+34
#ERR  p: [389, 1808], r: 1.5851309695873030e+34, e: 1.8394163568509169e+34
#ERR  p: [390, 1808], r: -1.6746809523551249e+34, e: -1.6089599536095034e+34
#ERR  p: [391, 1808], r: 2.7526512849139502e+34, e: 3.3770464529848045e+34
#ERR  p: [392, 1808], r: -1.1204421983966477e+34, e: -1.8304471098842826e+34
#ERR  p: [393, 1808], r: -1.6354276068254405e+34, e: -1.7746402777372819e+34
#ERR  p: [394, 1808], r: 3.2837916870614133e+34, e: 3.1743538261804600e+34
#ERR  p: [395, 1808], r: 3.4137583076138361e+33, e: 5.6385327717058912e+33
#ERR  p: [396, 1808], r: 2.7989118662420055e+34, e: 3.5670930271118333e+34
#ERR  p: [397, 1808], r: -1.6048031985455909e+34, e: -2.1533031100699490e+34
#ERR  p: [398, 1808], r: 4.2219087766350689e+33, e: 4.1965808329162999e+33
#ERR  p: [399, 1808], r: 2.7083790828769950e+34, e: 2.8138008186824987e+34
#ERR  p: [400, 1808], r: -3.6469884393072724e+34, e: -3.9223850370308396e+34
#ERR  p: [401, 1808], r: 8.2890645258691314e+33, e: 1.1991964774638736e+34
#ERR  p: [402, 1808], r: -1.0698597208034392e+34, e: -5.4576344506751775e+33
#ERR  p: [403, 1808], r: -8.8913854899234724e+33, e: -1.4619738858089773e+34
#ERR  p: [404, 1808], r: -2.0905630709389267e+34, e: -2.3294694053004943e+34
#ERR  p: [405, 1808], r: 4.7086945918359624e+34, e: 4.0811248503283646e+34
#ERR  p: [406, 1808], r: -4.5826807138289778e+33, e: -1.0875843296464204e+33
#ERR  p: [407, 1808], r: 4.8059436950901119e+34, e: 4.3575425009963343e+34
#ERR  p: [408, 1808], r: 5.4957877626859529e+33, e: 9.1623668507029243e+33
#ERR  p: [409, 1808], r: 1.8185849208398422e+34, e: 1.7090242563069917e+34
#ERR  p: [410, 1808], r: 6.0713125242379305e+34, e: 6.2917366614009753e+34
#ERR  p: [411, 1808], r: 4.2445943373399833e+34, e: 3.9352620893194861e+34
#ERR  p: [412, 1808], r: -1.5782061805955485e+34, e: -1.4457777924810028e+34
#ERR  p: [413, 1808], r: -1.2030198552752065e+34, e: -7.5004688671934602e+33
#ERR  p: [414, 1808], r: 1.2341922996104477e+34, e: 1.2438562785271290e+34
#ERR  p: [415, 1808], r: -2.8585746340233723e+34, e: -2.2268884942971427e+34
#ERR  p: [416, 1808], r: -4.0238310046061743e+34, e: -3.5822667057613620e+34
#ERR  p: [417, 1808], r: -1.9436335769981959e+34, e: -2.0840678471408041e+34
#ERR  p: [418, 1808], r: 2.9159303767475268e+34, e: 3.2790077915735989e+34
#ERR  p: [419, 1808], r: -9.8437479269111967e+32, e: 1.9988216248165598e+33
#ERR  p: [420, 1808], r: 5.0765866030628231e+34, e: 5.0038209827296442e+34
#ERR  p: [421, 1808], r: -2.1935279909424646e+34, e: -1.7685203973590707e+34
#ERR  p: [422, 1808], r: 3.2417963043447118e+34, e: 2.9311515922945641e+34
#ERR  p: [423, 1808], r: -5.4667238706711255e+32, e: 7.3326759983886412e+33
#ERR  p: [424, 1808], r: -3.8866961232047705e+32, e: -3.5978922944222319e+33
#ERR  p: [425, 1808], r: 2.6278093647421571e+32, e: 4.3128515657410908e+33
#ERR  p: [426, 1808], r: 3.0951566121671777e+34, e: 3.7759694120004162e+34
#ERR  p: [427, 1808], r: 1.9058318399585776e+34, e: 2.1063307132193045e+34
#ERR  p: [428, 1808], r: -1.6241999239481359e+33, e: -2.2019983790217679e+33
#ERR  p: [429, 1808], r: 2.1989444737903538e+34, e: 3.0287138943786528e+34
#ERR  p: [430, 1808], r: -5.2945686559103697e+33, e: -3.7455033362515912e+33
#ERR  p: [431, 1808], r: -4.4720598774464834e+34, e: -4.6113078296494444e+34
#ERR  p: [432, 1808], r: -2.0355072970137604e+34, e: -1.8506441016252235e+34
#ERR  p: [433, 1808], r: -3.9455275833012562e+34, e: -4.0781198746770032e+34
#ERR  p: [434, 1808], r: 1.1315799449300983e+34, e: 8.1128976116685664e+33
#ERR  p: [435, 1808], r: -1.1924724823464911e+34, e: -1.1014564071901435e+34
#ERR  p: [436, 1808], r: -3.5621734533957132e+34, e: -3.1473271192427815e+34
#ERR  p: [437, 1808], r: -2.9255147561196821e+34, e: -3.0112079366951104e+34
#ERR  p: [438, 1808], r: -2.1912843484152638e+34, e: -2.9347998015903382e+34
#ERR  p: [439, 1808], r: 1.6880649410898588e+34, e: 1.4030720797697593e+34
#ERR  p: [440, 1808], r: -1.2432192345829128e+34, e: -1.3460846242072922e+34
#ERR  p: [441, 1808], r: -4.3334976202312826e+33, e: -7.2308449076670847e+33
#ERR  p: [442, 1808], r: -3.7596731693232635e+34, e: -4.0691722916610564e+34
#ERR  p: [443, 1808], r: 8.4882286521795008e+33, e: 8.3094484465560044e+33
#ERR  p: [444, 1808], r: -5.4458554512013771e+33, e: 1.1262910782260088e+33
#ERR  p: [445, 1808], r: -7.6255107146815979e+33, e: -1.2920203164595896e+34
#ERR  p: [446, 1808], r: 5.4131082233421609e+33, e: -9.1682705867502763e+32
#ERR  p: [447, 1808], r: 4.3616173044296460e+34, e: 4.5946407001365217e+34
#ERR  p: [448, 1808], r: 3.2236849939819588e+34, e: 3.8474805038977833e+34
#ERR  p: [449, 1808], r: 2.7609375603609108e+34, e: 2.2769171175167749e+34
#ERR  p: [450, 1808], r: 4.1052703756186102e+34, e: 3.3961307842184358e+34
#ERR  p: [451, 1808], r: -7.9878118173090341e+33, e: -5.5488656798103529e+33
#ERR  p: [452, 1808], r: -1.9812594027582319e+34, e: -2.6273700198222147e+34
#ERR  p: [453, 1808], r: 2.4156270609786625e+33, e: -1.4009016923443832e+33
#ERR  p: [454, 1808], r: -7.0296172591052305e+34, e: -7.6758046284516490e+34
#ERR  p: [455, 1808], r: -3.6624785354308425e+34, e: -3.3510573873880551e+34
#ERR  p: [456, 1808], r: 2.8657436066878759e+33, e: -1.9173209138751773e+33
#ERR  p: [457, 1808], r: 1.6997586464949525e+34, e: 1.5421464727792125e+34
#ERR  p: [458, 1808], r: -2.0216488058619685e+34, e: -1.8328843662336276e+34
#ERR  p: [459, 1808], r: -1.8057947719419535e+34, e: -1.1808588716619392e+34
#ERR  p: [460, 1808], r: 7.3528646959313190e+34, e: 7.2945631670171504e+34
#ERR  p: [461, 1808], r: -3.0277715434722478e+32, e: 4.8139508150582136e+33
#ERR  p: [462, 1808], r: 2.9069100028572700e+34, e: 2.3594339915394048e+34
#ERR  p: [463, 1808], r: 1.6515233032162290e+34, e: 2.0460489754182951e+34
#ERR  p: [464, 1808], r: 2.4437463737950142e+34, e: 2.7381119267405512e+34
#ERR  p: [465, 1808], r: 5.6652533360718543e+34, e: 5.6692023647971747e+34
#ERR  p: [466, 1808], r: -4.5904579483317843e+34, e: -4.8981717135449198e+34
#ERR  p: [467, 1808], r: 1.8201878056027089e+34, e: 2.3405878399693321e+34
#ERR  p: [468, 1808], r: 3.8074110928199515e+32, e: 2.2555301559130709e+33
#ERR  p: [469, 1808], r: -4.1790949298613939e+34, e: -4.6011468178069900e+34
#ERR  p: [470, 1808], r: 4.2077042193452947e+34, e: 4.4274138175176640e+34
#ERR  p: [471, 1808], r: -2.0337067132266199e+34, e: -2.6197814473813953e+34
#ERR  p: [472, 1808], r: -4.2455534932824216e+34, e: -4.3400712056338919e+34
#ERR  p: [473, 1808], r: -5.7889369157488881e+33, e: -1.4160313312770144e+34
#ERR  p: [474, 1808], r: 1.8068431214642223e+33, e: -4.6217887870950521e+33
#ERR  p: [475, 1808], r: 4.0856158492028841e+34, e: 3.7219999304597229e+34
#ERR  p: [476, 1808], r: -1.8944201372944331e+34, e: -2.4720672232497616e+34
#ERR  p: [477, 1808], r: -3.5957397023849205e+34, e: -3.5762570020466472e+34
#ERR  p: [478, 1808], r: 3.7176007867361184e+33, e: 4.4232318703739521e+33
#ERR  p: [479, 1808], r: 6.1287158038595935e+34, e: 5.8970610746601518e+34
#ERR  p: [480, 1808], r: -1.8699861719750340e+34, e: -1.4862922275287072e+34
#ERR  p: [481, 1808], r: -1.7513716472738641e+33, e: -1.9307137229326911e+33
#ERR  p: [482, 1808], r: 1.0481724968432065e+34, e: 1.2506734905294697e+34
#ERR  p: [483, 1808], r: 2.8078782659465495e+33, e: 5.9428339076127287e+33
#ERR  p: [484, 1808], r: 2.8439104914940134e+34, e: 2.5529297142038905e+34
#ERR  p: [485, 1808], r: 3.3280490338178971e+34, e: 3.0776632814720360e+34
#ERR  p: [486, 1808], r: 3.9632459714955400e+34, e: 3.5674532676632653e+34
#ERR  p: [487, 1808], r: -4.2474411042543240e+34, e: -4.6697128503508972e+34
#ERR  p: [488, 1808], r: 8.9723294373321863e+33, e: 1.1294120643333017e+34
#ERR  p: [489, 1808], r: -1.7777908351372632e+34, e: -2.2741126881517778e+34
#ERR  p: [490, 1808], r: 3.0744790521029862e+34, e: 2.9115322233759537e+34
#ERR  p: [491, 1808], r: -4.7862228150882800e+34, e: -5.1224983328878079e+34
#ERR  p: [492, 1808], r: 4.5983579864864879e+34, e: 4.7194394162009438e+34
#ERR  p: [493, 1808], r: -3.2178991717233487e+33, e: -8.5967990884749269e+33
#ERR  p: [494, 1808], r: -3.4673581402587988e+34, e: -3.1894980418570537e+34
#ERR  p: [495, 1808], r: -5.7620285558789653e+34, e: -5.7005752316247762e+34
#ERR  p: [496, 1808], r: 2.9752910871593079e+34, e: 3.5843102971782143e+34
#ERR  p: [497, 1808], r: 1.5811903588542498e+34, e: 2.2564252484584762e+34
#ERR  p: [498, 1808], r: 1.8158413981247779e+34, e: 1.7512526193390868e+34
#ERR  p: [499, 1808], r: 2.3893119219755653e+34, e: 2.6301729636591646e+34
#ERR  p: [500, 1808], r: 9.2468401651636408e+33, e: 1.8219878942138338e+34
#SDC Ite:13 KerTime:2.6767591 AccTime:34.3845948 KerErr:491520 AccErr:491520
#ABORT too many errors per iteration
#END
