#HEADER matrix_dim:2048 threads:4 block_size:16 block_offset:12 precision:Float
#BEGIN Y:2023 M:10 D:24 Time:01:16:15
#IT 0 KerTime:2.6697773 AccTime:2.6697773
#IT 1 KerTime:2.6894586 AccTime:5.3592358
#ERR  p: [600, 832], r: 6.9875191273652683e+33, e: 5.0162447632729064e+33
#ERR  p: [601, 832], r: 5.2449414966454777e+32, e: 1.2842897522962642e+33
#ERR  p: [602, 832], r: 6.1135416300340491e+34, e: 6.1175307680166423e+34
#ERR  p: [603, 832], r: 1.5730091845166245e+34, e: 1.7019899096217604e+34
#ERR  p: [600, 833], r: -1.6293271621058461e+34, e: -1.7580927332321542e+34
#ERR  p: [601, 833], r: -4.6523009761103405e+34, e: -4.6026699792313267e+34
#ERR  p: [602, 833], r: -4.5992928788041562e+34, e: -4.5966872626094683e+34
#ERR  p: [603, 833], r: 1.5924960938510314e+34, e: 1.6767478170447158e+34
#ERR  p: [600, 834], r: -3.3398369464599803e+34, e: -3.6088804359019349e+34
#ERR  p: [601, 834], r: 5.5889755560532188e+33, e: 6.6259607887614033e+33
#ERR  p: [602, 834], r: 3.0440975276588444e+34, e: 3.0495419879516215e+34
#ERR  p: [603, 834], r: 4.8484758486078475e+34, e: 5.0245119125462600e+34
#ERR  p: [600, 835], r: -6.3646174101578078e+33, e: -4.5066807894521599e+33
#ERR  p: [601, 835], r: 9.2451265466642600e+32, e: 2.0840024220097279e+32
#ERR  p: [602, 835], r: 3.1673998218037783e+34, e: 3.1636399503164607e+34
#ERR  p: [603, 835], r: 2.8796277850954830e+34, e: 2.7580625684136744e+34
#ERR  p: [600, 836], r: 1.2651800432918276e+34, e: 1.2256293445647068e+34
#ERR  p: [601, 836], r: -6.5196632103781052e+33, e: -6.3672207980604249e+33
#ERR  p: [602, 836], r: 1.4445695630026602e+34, e: 1.4453698912380582e+34
#ERR  p: [603, 836], r: -3.7824983077676073e+34, e: -3.7566204091863857e+34
#ERR  p: [600, 837], r: 1.3687268570108316e+33, e: 2.4467207104304032e+33
#ERR  p: [601, 837], r: -1.6743250445938304e+34, e: -1.7158745213083813e+34
#ERR  p: [602, 837], r: 1.5829224845572179e+34, e: 1.5807412342079971e+34
#ERR  p: [603, 837], r: -2.4888465101302435e+34, e: -2.5593793818085673e+34
#ERR  p: [600, 838], r: -2.0970402208124756e+34, e: -2.3856607416236970e+34
#ERR  p: [601, 838], r: -4.0016842573033589e+34, e: -3.8904399943170803e+34
#ERR  p: [602, 838], r: -1.5974226000313715e+34, e: -1.5915821227200270e+34
#ERR  p: [603, 838], r: 2.4221918570069929e+34, e: 2.6110366389438834e+34
#ERR  p: [600, 839], r: -1.9996279570611483e+34, e: -1.9413244474429169e+34
#ERR  p: [601, 839], r: -5.1135143544347060e+33, e: -5.3382351338861025e+33
#ERR  p: [602, 839], r: -1.0737881997241074e+34, e: -1.0749677089935385e+34
#ERR  p: [603, 839], r: 1.8417929541383370e+34, e: 1.8036448414757266e+34
#ERR  p: [600, 840], r: 8.2917613782447146e+33, e: 9.3139179461923191e+33
#ERR  p: [601, 840], r: 1.9281026288533294e+34, e: 1.8887049395150643e+34
#ERR  p: [602, 840], r: 6.9905991221830103e+33, e: 6.9699156200066301e+33
#ERR  p: [603, 840], r: -5.2239782200202191e+34, e: -5.2908586734066353e+34
#ERR  p: [600, 841], r: -8.3783503322325698e+33, e: -1.0717822416844494e+34
#ERR  p: [601, 841], r: -6.5835947667969397e+33, e: -5.6818798611514884e+33
#ERR  p: [602, 841], r: -9.0109698787484205e+33, e: -8.9636285757660690e+33
#ERR  p: [603, 841], r: -1.7424044429082945e+34, e: -1.5893320429046219e+34
#ERR  p: [600, 842], r: -3.6138750287844356e+33, e: -3.6433800916807634e+33
#ERR  p: [601, 842], r: 1.2392168506418992e+34, e: 1.2403540223619868e+34
#ERR  p: [602, 842], r: -1.4062543284347463e+34, e: -1.4061946597248527e+34
#ERR  p: [603, 842], r: -1.3779725978852403e+34, e: -1.3760421541879787e+34
#ERR  p: [600, 843], r: -1.8638924121316517e+34, e: -1.8339142085523091e+34
#ERR  p: [601, 843], r: 1.8060195818530877e+34, e: 1.7944648971144058e+34
#ERR  p: [602, 843], r: -1.0482862635328168e+34, e: -1.0488928541520666e+34
#ERR  p: [603, 843], r: -4.0295639049281049e+34, e: -4.0491788172625739e+34
#ERR  p: [600, 844], r: -2.3619276979545413e+33, e: -3.8919473101089142e+33
#ERR  p: [601, 844], r: -2.8544446184643084e+33, e: -2.2647220154472698e+33
#ERR  p: [602, 844], r: -1.6623609730841568e+34, e: -1.6592646374578962e+34
#ERR  p: [603, 844], r: -2.6227969455230906e+33, e: -1.6217029988888973e+33
#ERR  p: [600, 845], r: -6.1870243890319860e+33, e: -9.0086276961940926e+33
#ERR  p: [601, 845], r: -3.4894506657878935e+34, e: -3.3806961478086257e+34
#ERR  p: [602, 845], r: 2.8574612307520390e+34, e: 2.8631706102132232e+34
#ERR  p: [603, 845], r: -1.3772086650869973e+34, e: -1.1925900866502232e+34
#ERR  p: [600, 846], r: -2.8320738040143823e+34, e: -2.7618746809706498e+34
#ERR  p: [601, 846], r: -3.0782423898224137e+34, e: -3.1052993024970507e+34
#ERR  p: [602, 846], r: -2.6059313742218705e+34, e: -2.6073517866229465e+34
#ERR  p: [603, 846], r: -4.1999680844517925e+34, e: -4.2458991261413901e+34
#ERR  p: [600, 847], r: 2.2092966235748739e+34, e: 2.3630601655024796e+34
#ERR  p: [601, 847], r: 1.3883876350237561e+34, e: 1.3291222459950000e+34
#ERR  p: [602, 847], r: -1.2331801598343280e+33, e: -1.2642957827217660e+33
#ERR  p: [603, 847], r: 3.3740501429137182e+33, e: 2.3679748803039455e+33
#SDC Ite:2 KerTime:2.6894586 AccTime:5.3592358 KerErr:64 AccErr:64
#IT 2 KerTime:2.6423454 AccTime:8.0015813
