#HEADER matrix_dim:2048 threads:4 block_size:16 block_offset:12 precision:Float
#BEGIN Y:2023 M:10 D:20 Time:11:51:44
#IT 0 KerTime:2.6717201 AccTime:2.6717201
#ERR  p: [1075, 1233], r: 3.5640368007428455e+34, e: 3.4711774328680020e+34
#ERR  p: [1181, 1246], r: 3.4615039218130182e+34, e: 2.5039313046849516e+34
#ERR  p: [1182, 1246], r: 1.3235473068220822e+34, e: 1.0321737930544960e+34
#ERR  p: [1183, 1246], r: 6.4218055358006430e+34, e: 3.6373151758402965e+34
#ERR  p: [1294, 1360], r: 5.1233995532364076e+34, e: 4.4019427060333516e+33
#SDC Ite:1 KerTime:2.6717201 AccTime:2.6717201 KerErr:5 AccErr:5
#IT 1 KerTime:2.7009813 AccTime:5.3727014
#IT 2 KerTime:2.6749233 AccTime:8.0476247
#IT 3 KerTime:2.7277472 AccTime:10.7753719
#IT 4 KerTime:2.6790916 AccTime:13.4544635
#IT 5 KerTime:2.6638609 AccTime:16.1183243
#ERR  p: [1606, 1137], r: -7.4226325206653644e+34, e: -7.0879489937563576e+34
#ERR  p: [1734, 1137], r: 8.0651279814326221e+33, e: 1.1285396879876173e+34
#ERR  p: [1748, 1489], r: -2.2268887418851506e+34, e: -2.3289051522305881e+34
#ERR  p: [1749, 1489], r: -8.4334338360146160e+34, e: -6.2406354869313062e+34
#SDC Ite:6 KerTime:2.6638609 AccTime:16.1183243 KerErr:4 AccErr:9
#IT 6 KerTime:2.5917215 AccTime:18.7100458
#IT 7 KerTime:2.6733842 AccTime:21.3834301
#ERR  p: [1576, 1340], r: -2.7090381621539105e+34, e: -3.2523126049784411e+34
#ERR  p: [1433, 1458], r: 6.6360855289607066e+34, e: 5.6336336240004193e+33
#SDC Ite:8 KerTime:2.6733842 AccTime:21.3834301 KerErr:2 AccErr:11
#IT 8 KerTime:2.6696061 AccTime:24.0530362
#IT 9 KerTime:2.5919846 AccTime:26.6450208
#IT 10 KerTime:2.5887273 AccTime:29.2337481
#IT 11 KerTime:2.7413578 AccTime:31.9751058
#IT 12 KerTime:2.7121284 AccTime:34.6872343
#ERR  p: [1773, 1104], r: -1.3158812393348035e+34, e: -1.6864870627157857e+34
#SDC Ite:13 KerTime:2.7121284 AccTime:34.6872343 KerErr:1 AccErr:12
#IT 13 KerTime:2.5923307 AccTime:37.2795649
#IT 14 KerTime:2.6240230 AccTime:39.9035880
#IT 15 KerTime:2.6785456 AccTime:42.5821336
