#HEADER matrix_dim:2048 threads:4 block_size:16 block_offset:12 precision:Float
#BEGIN Y:2023 M:10 D:18 Time:05:55:38
#IT 0 KerTime:2.6556428 AccTime:2.6556428
#IT 1 KerTime:2.7556711 AccTime:5.4113139
#ERR  p: [1561, 1393], r: -3.6117878618782005e+34, e: -3.9809356394809123e+34
#SDC Ite:2 KerTime:2.7556711 AccTime:5.4113139 KerErr:1 AccErr:1
#IT 2 KerTime:2.5956781 AccTime:8.0069920
#IT 3 KerTime:2.6512650 AccTime:10.6582570
#IT 4 KerTime:2.7064958 AccTime:13.3647528
#IT 5 KerTime:2.6537246 AccTime:16.0184774
#IT 6 KerTime:2.6424141 AccTime:18.6608915
#IT 7 KerTime:2.6833362 AccTime:21.3442277
#IT 8 KerTime:2.6466699 AccTime:23.9908976
#IT 9 KerTime:2.6352075 AccTime:26.6261051
#IT 10 KerTime:2.6486717 AccTime:29.2747768
#ERR  p: [1385, 1173], r: 9.0784926992212219e+33, e: 7.8208075163092399e+33
#ERR  p: [1895, 1236], r: 7.7699318945147286e+33, e: 5.8303918138444376e+33
#SDC Ite:11 KerTime:2.6486717 AccTime:29.2747768 KerErr:2 AccErr:3
#IT 11 KerTime:2.6905522 AccTime:31.9653290
#IT 12 KerTime:2.7274421 AccTime:34.6927711
#IT 13 KerTime:2.6402548 AccTime:37.3330259
