#HEADER matrix_dim:2048 threads:4 block_size:16 block_offset:12 precision:Float
#BEGIN Y:2023 M:10 D:19 Time:10:01:08
#IT 0 KerTime:2.7547638 AccTime:2.7547638
#IT 1 KerTime:2.6967318 AccTime:5.4514955
#IT 2 KerTime:2.6794760 AccTime:8.1309715
#IT 3 KerTime:2.6775571 AccTime:10.8085286
#IT 4 KerTime:2.6792344 AccTime:13.4877630
#IT 5 KerTime:2.6605562 AccTime:16.1483192
#IT 6 KerTime:2.6258061 AccTime:18.7741252
#IT 7 KerTime:2.6388351 AccTime:21.4129603
#IT 8 KerTime:2.6308345 AccTime:24.0437948
#IT 9 KerTime:2.6230482 AccTime:26.6668430
#IT 10 KerTime:2.6113170 AccTime:29.2781600
#IT 11 KerTime:2.5885996 AccTime:31.8667596
#IT 12 KerTime:2.6967874 AccTime:34.5635470
#IT 13 KerTime:2.6621135 AccTime:37.2256605
#IT 14 KerTime:2.7034932 AccTime:39.9291536
#IT 15 KerTime:2.6394445 AccTime:42.5685981
#ERR  p: [470, 1650], r: -7.0090339062780285e+33, e: -2.6525549195694443e+34
#SDC Ite:16 KerTime:2.6394445 AccTime:42.5685981 KerErr:1 AccErr:1
#IT 16 KerTime:2.5898180 AccTime:45.1584161
#IT 17 KerTime:2.6882480 AccTime:47.8466641
#ERR  p: [535, 1681], r: -9.9171747929163599e+33, e: 1.8313256759301634e+34
#ERR  p: [650, 1681], r: -1.1861132338822837e+35, e: -3.0312667743276671e+34
#ERR  p: [774, 1683], r: 1.0380759816767988e+34, e: -1.1808119537344503e+34
#SDC Ite:18 KerTime:2.6882480 AccTime:47.8466641 KerErr:3 AccErr:4
#IT 18 KerTime:2.6146448 AccTime:50.4613089
#IT 19 KerTime:2.5898983 AccTime:53.0512072
#IT 20 KerTime:2.5905734 AccTime:55.6417806
