#HEADER matrix_dim:2048 threads:4 block_size:16 block_offset:12 precision:Float
#BEGIN Y:2023 M:10 D:22 Time:01:41:01
#IT 0 KerTime:2.6415023 AccTime:2.6415023
#IT 1 KerTime:2.7188581 AccTime:5.3603604
#IT 2 KerTime:2.6764217 AccTime:8.0367821
#IT 3 KerTime:2.6906015 AccTime:10.7273835
#IT 4 KerTime:2.6545847 AccTime:13.3819683
#ERR  p: [594, 80], r: inf, e: -2.7702825221294683e+34
#ERR  p: [595, 80], r: inf, e: -4.6135577237738436e+33
#ERR  p: [594, 81], r: -inf, e: 2.6380957799105911e+34
#ERR  p: [595, 81], r: -inf, e: 5.7054106254182249e+34
#ERR  p: [594, 82], r: -inf, e: 3.0137415047795119e+34
#ERR  p: [595, 82], r: -inf, e: 2.3809970036909457e+32
#ERR  p: [594, 83], r: -inf, e: 4.8565957449135282e+34
#ERR  p: [595, 83], r: -inf, e: 3.4590629516435553e+34
#ERR  p: [594, 84], r: -inf, e: -1.5737509581881643e+34
#ERR  p: [595, 84], r: -inf, e: 4.9399610411420823e+33
#ERR  p: [594, 85], r: inf, e: 8.5526671450444227e+33
#ERR  p: [595, 85], r: inf, e: 7.8070620490830346e+33
#ERR  p: [594, 86], r: inf, e: 1.9283357329627269e+34
#ERR  p: [595, 86], r: inf, e: 1.0991108821977095e+34
#ERR  p: [594, 87], r: -inf, e: -3.2452053436248958e+34
#ERR  p: [595, 87], r: -inf, e: -2.9587883560836024e+34
#ERR  p: [594, 88], r: inf, e: -2.1992207820071223e+34
#ERR  p: [595, 88], r: inf, e: -4.1756717780647619e+34
#ERR  p: [594, 89], r: inf, e: 5.8211436589869522e+34
#ERR  p: [595, 89], r: inf, e: -5.3786216897277488e+33
#ERR  p: [594, 90], r: -inf, e: 1.5842624308557404e+34
#ERR  p: [595, 90], r: -inf, e: -7.6710019162752374e+33
#ERR  p: [594, 91], r: inf, e: 1.8693695540414660e+34
#ERR  p: [595, 91], r: inf, e: -1.3534831728520812e+34
#ERR  p: [594, 92], r: inf, e: 5.3070623181688495e+34
#ERR  p: [595, 92], r: inf, e: 6.3905473022206793e+33
#ERR  p: [594, 93], r: -inf, e: 1.8949029339097544e+34
#ERR  p: [595, 93], r: -inf, e: -1.1872390908304122e+34
#ERR  p: [594, 94], r: -inf, e: -3.2203858837772632e+33
#ERR  p: [595, 94], r: -inf, e: 7.5097639399784345e+33
#ERR  p: [594, 95], r: -inf, e: -2.9883148353426098e+33
#ERR  p: [595, 95], r: -inf, e: -1.5501630629886148e+33
#SDC Ite:5 KerTime:2.6545847 AccTime:13.3819683 KerErr:32 AccErr:32
#IT 5 KerTime:2.7330775 AccTime:16.1150458
#IT 6 KerTime:2.7282434 AccTime:18.8432892
#IT 7 KerTime:2.7097660 AccTime:21.5530552
#IT 8 KerTime:2.6906351 AccTime:24.2436903
#IT 9 KerTime:2.6635644 AccTime:26.9072547
#IT 10 KerTime:2.6298957 AccTime:29.5371504
#IT 11 KerTime:2.6543686 AccTime:32.1915190
#IT 12 KerTime:2.6429911 AccTime:34.8345101
#IT 13 KerTime:2.6292478 AccTime:37.4637579
#IT 14 KerTime:2.6009272 AccTime:40.0646852
#IT 15 KerTime:2.5972902 AccTime:42.6619754
#IT 16 KerTime:2.7026291 AccTime:45.3646046
#IT 17 KerTime:2.7200814 AccTime:48.0846860
#IT 18 KerTime:2.6994643 AccTime:50.7841503
#IT 19 KerTime:2.6950737 AccTime:53.4792240
