#HEADER matrix_dim:2048 threads:4 block_size:16 block_offset:12 precision:Float
#BEGIN Y:2023 M:10 D:17 Time:19:04:58
#IT 0 KerTime:2.6512526 AccTime:2.6512526
#IT 1 KerTime:2.6915890 AccTime:5.3428416
#IT 2 KerTime:2.6233073 AccTime:7.9661489
#IT 3 KerTime:2.6540017 AccTime:10.6201506
#IT 4 KerTime:2.6186517 AccTime:13.2388024
#IT 5 KerTime:2.6596641 AccTime:15.8984665
#IT 6 KerTime:2.6579008 AccTime:18.5563673
#IT 7 KerTime:2.6449401 AccTime:21.2013074
#IT 8 KerTime:2.6369773 AccTime:23.8382847
#IT 9 KerTime:2.6184786 AccTime:26.4567633
#ERR  p: [919, 460], r: -1.1947577196590119e+34, e: 7.2484595564860764e+33
#SDC Ite:10 KerTime:2.6184786 AccTime:26.4567633 KerErr:1 AccErr:1
#IT 10 KerTime:2.6555943 AccTime:29.1123576
#IT 11 KerTime:2.6284644 AccTime:31.7408220
#IT 12 KerTime:2.6293647 AccTime:34.3701868
#IT 13 KerTime:2.6146529 AccTime:36.9848397
#IT 14 KerTime:2.5972877 AccTime:39.5821273
#IT 15 KerTime:2.6988163 AccTime:42.2809436
#IT 16 KerTime:2.6371848 AccTime:44.9181285
