#HEADER matrix_dim:2048 threads:4 block_size:16 block_offset:12 precision:Float
#BEGIN Y:2023 M:10 D:19 Time:06:28:35
#IT 0 KerTime:2.6397685 AccTime:2.6397685
#IT 1 KerTime:2.7074029 AccTime:5.3471714
#ERR  p: [1398, 657], r: -1.0943804657195922e+34, e: -9.7629862661732676e+33
#ERR  p: [1361, 658], r: -4.3914813699373666e+34, e: -4.6610834179250467e+34
#ERR  p: [1362, 658], r: -5.0777200609627928e+34, e: -5.0818072437964974e+34
#ERR  p: [1363, 658], r: 1.3255436089294338e+34, e: 1.3197340801190714e+34
#SDC Ite:2 KerTime:2.7074029 AccTime:5.3471714 KerErr:4 AccErr:4
#IT 2 KerTime:2.5864958 AccTime:7.9336671
#IT 3 KerTime:2.6377562 AccTime:10.5714234
#IT 4 KerTime:2.7363984 AccTime:13.3078218
#IT 5 KerTime:2.6492823 AccTime:15.9571041
#ERR  p: [1725, 664], r: -3.8452710285156668e+34, e: -3.4582756217785698e+34
#ERR  p: [1726, 664], r: -3.4967654058920230e+34, e: -3.7267598099107752e+34
#SDC Ite:6 KerTime:2.6492823 AccTime:15.9571041 KerErr:2 AccErr:6
#IT 6 KerTime:2.6148108 AccTime:18.5719149
#IT 7 KerTime:2.6566860 AccTime:21.2286009
#ERR  p: [1038, 729], r: -2.4398953899208053e+34, e: -2.1006701085956682e+34
#ERR  p: [1960, 729], r: -1.2223093131733473e+34, e: -1.3598102843928688e+34
#ERR  p: [1110, 735], r: -2.8526349977148810e+34, e: -2.7824601382959185e+34
#ERR  p: [1111, 735], r: 2.5012239298190344e+34, e: 2.3199922315357412e+34
#ERR  p: [1126, 735], r: 2.1594705273456688e+34, e: 2.3088817196831549e+34
#ERR  p: [1138, 735], r: 2.6627106082697298e+33, e: 3.3693537078896793e+33
#ERR  p: [1144, 735], r: 4.3959805392161453e+34, e: 4.7419862657244563e+34
#ERR  p: [1146, 735], r: -2.2217923903314205e+34, e: -2.2802045910851012e+34
#ERR  p: [1159, 735], r: -1.5517225579531045e+33, e: -5.7183211020879321e+33
#ERR  p: [1726, 735], r: -2.8009532293667871e+33, e: -3.8515675629374840e+33
#ERR  p: [1727, 735], r: 1.4500736920053309e+34, e: 1.5566395319951421e+34
#ERR  p: [1754, 735], r: -2.2914985656515096e+34, e: -1.9059513011723686e+34
#ERR  p: [1911, 735], r: -2.9124006383135124e+33, e: -2.9561197287409149e+33
#ERR  p: [1068, 793], r: -2.7513955185380991e+34, e: -2.5852510906895925e+34
#ERR  p: [1142, 799], r: -3.1178178473503202e+34, e: -2.6007535662135554e+34
#ERR  p: [1143, 799], r: 5.4737554010427674e+34, e: 5.3038327801943618e+34
#ERR  p: [1158, 799], r: -2.4283553128745869e+34, e: -2.6765915061362328e+34
#ERR  p: [1160, 799], r: 6.9976056152173577e+34, e: 7.1317359232979129e+34
#ERR  p: [1174, 799], r: -6.3324990558385486e+33, e: -9.8087287695948821e+33
#ERR  p: [1256, 799], r: 5.3113608483157611e+32, e: 2.5940219577649314e+33
#ERR  p: [1702, 799], r: -2.1703388981265708e+34, e: -2.1585185514554583e+34
#ERR  p: [1783, 799], r: -1.0190874051052063e+34, e: -8.7989503641000920e+33
#ERR  p: [1833, 799], r: -1.6632593461706662e+34, e: -2.0091100825860586e+34
#ERR  p: [1862, 799], r: 5.2865511372459379e+33, e: 6.4963187560872811e+33
#ERR  p: [1863, 799], r: 6.8801792034688919e+33, e: 3.6044128340941578e+33
#SDC Ite:8 KerTime:2.6566860 AccTime:21.2286009 KerErr:25 AccErr:31
#IT 8 KerTime:2.6133868 AccTime:23.8419877
#IT 9 KerTime:2.5915501 AccTime:26.4335378
#IT 10 KerTime:2.5866280 AccTime:29.0201658
#IT 11 KerTime:2.6631480 AccTime:31.6833138
#IT 12 KerTime:2.6877860 AccTime:34.3710998
#ERR  p: [2009, 605], r: 6.9671574895991023e+33, e: 7.8483405407229860e+33
#SDC Ite:13 KerTime:2.6877860 AccTime:34.3710998 KerErr:1 AccErr:32
