#HEADER matrix_dim:2048 threads:4 block_size:16 block_offset:12 precision:Float
#BEGIN Y:2023 M:10 D:19 Time:19:33:58
#IT 0 KerTime:2.7150335 AccTime:2.7150335
#IT 1 KerTime:2.7621868 AccTime:5.4772203
#IT 2 KerTime:2.6636772 AccTime:8.1408975
#IT 3 KerTime:2.6917818 AccTime:10.8326793
#IT 4 KerTime:2.6797815 AccTime:13.5124608
#IT 5 KerTime:2.7059401 AccTime:16.2184010
#IT 6 KerTime:2.6464126 AccTime:18.8648136
#IT 7 KerTime:2.6660208 AccTime:21.5308344
#IT 8 KerTime:2.6821448 AccTime:24.2129792
#IT 9 KerTime:2.6337121 AccTime:26.8466913
#IT 10 KerTime:2.6035311 AccTime:29.4502225
#IT 11 KerTime:2.6004224 AccTime:32.0506449
#IT 12 KerTime:2.6992849 AccTime:34.7499298
#IT 13 KerTime:2.7017819 AccTime:37.4517117
#IT 14 KerTime:2.6987182 AccTime:40.1504299
#IT 15 KerTime:2.6668943 AccTime:42.8173242
#ERR  p: [1318, 1716], r: 2.3863024897400626e+34, e: 2.6557000300332527e+34
#ERR  p: [1319, 1716], r: 2.8184096694487581e+34, e: 2.3285015837777810e+34
#ERR  p: [1361, 1716], r: -3.5369370553428493e+34, e: -2.0715876784287525e+34
#ERR  p: [1430, 1716], r: 2.9269220463563417e+34, e: 3.1680638528408509e+34
#SDC Ite:16 KerTime:2.6668943 AccTime:42.8173242 KerErr:4 AccErr:4
#IT 16 KerTime:2.6021399 AccTime:45.4194641
#IT 17 KerTime:2.7114293 AccTime:48.1308934
#IT 18 KerTime:2.7078128 AccTime:50.8387062
#IT 19 KerTime:2.6650115 AccTime:53.5037177
#IT 20 KerTime:2.6936062 AccTime:56.1973239
#IT 21 KerTime:2.6694128 AccTime:58.8667367
#IT 22 KerTime:2.6909021 AccTime:61.5576387
#IT 23 KerTime:2.6489946 AccTime:64.2066333
#IT 24 KerTime:2.6575544 AccTime:66.8641877
#IT 25 KerTime:2.6630153 AccTime:69.5272030
#IT 26 KerTime:2.6498985 AccTime:72.1771015
#IT 27 KerTime:2.6415908 AccTime:74.8186923
#IT 28 KerTime:2.6651758 AccTime:77.4838681
#IT 29 KerTime:2.6018507 AccTime:80.0857188
#IT 30 KerTime:2.5994428 AccTime:82.6851616
#IT 31 KerTime:2.6755386 AccTime:85.3607002
#IT 32 KerTime:2.7006424 AccTime:88.0613426
#IT 33 KerTime:2.6683083 AccTime:90.7296509
#IT 34 KerTime:2.7087320 AccTime:93.4383828
#IT 35 KerTime:2.6640066 AccTime:96.1023895
#IT 36 KerTime:2.7096033 AccTime:98.8119928
#ERR  p: [1598, 1843], r: -1.9333018532243241e+34, e: -7.0829630664541318e+33
#SDC Ite:37 KerTime:2.7096033 AccTime:98.8119928 KerErr:1 AccErr:5
#IT 37 KerTime:2.6709412 AccTime:101.4829341
#ERR  p: [1926, 1842], r: 2.4937700452544893e+34, e: 1.3234944467824047e+34
#SDC Ite:38 KerTime:2.6709412 AccTime:101.4829341 KerErr:1 AccErr:6
#ABORT amount of errors equals of the last iteration
#END
