#HEADER matrix_dim:2048 threads:4 block_size:16 block_offset:12 precision:Float
#BEGIN Y:2023 M:10 D:21 Time:11:20:24
#IT 0 KerTime:2.7199137 AccTime:2.7199137
#IT 1 KerTime:2.7103046 AccTime:5.4302183
#IT 2 KerTime:2.6257172 AccTime:8.0559356
#IT 3 KerTime:2.6253645 AccTime:10.6813000
#IT 4 KerTime:2.6654593 AccTime:13.3467594
#IT 5 KerTime:2.6382615 AccTime:15.9850209
#IT 6 KerTime:2.6301851 AccTime:18.6152060
#IT 7 KerTime:2.6224230 AccTime:21.2376290
#IT 8 KerTime:2.6137283 AccTime:23.8513573
#IT 9 KerTime:2.5909261 AccTime:26.4422834
#IT 10 KerTime:2.6635066 AccTime:29.1057900
#IT 11 KerTime:2.6301472 AccTime:31.7359372
#IT 12 KerTime:2.6433630 AccTime:34.3793003
#IT 13 KerTime:2.6289737 AccTime:37.0082740
#ERR  p: [2024, 30], r: -1.2200001836180683e+34, e: -6.5774564411121432e+33
#SDC Ite:14 KerTime:2.6289737 AccTime:37.0082740 KerErr:1 AccErr:1
#IT 14 KerTime:2.6921383 AccTime:39.7004124
#IT 15 KerTime:2.6728870 AccTime:42.3732994
#ERR  p: [1982, 241], r: 2.5439957485283757e+34, e: 2.7578474144348466e+34
#ERR  p: [1983, 241], r: -3.7707056909533748e+34, e: -1.7589194295903890e+34
#SDC Ite:16 KerTime:2.6728870 AccTime:42.3732994 KerErr:2 AccErr:3
#IT 16 KerTime:2.5941238 AccTime:44.9674231
#IT 17 KerTime:2.6299447 AccTime:47.5973678
#IT 18 KerTime:2.6908491 AccTime:50.2882169
#IT 19 KerTime:2.6737378 AccTime:52.9619547
#IT 20 KerTime:2.6306822 AccTime:55.5926368
#IT 21 KerTime:2.6828068 AccTime:58.2754436
#IT 22 KerTime:2.6507498 AccTime:60.9261934
