#HEADER matrix_dim:2048 threads:4 block_size:16 block_offset:12 precision:Float
#BEGIN Y:2023 M:10 D:28 Time:23:38:23
#IT 0 KerTime:2.6934412 AccTime:2.6934412
#IT 1 KerTime:2.7983924 AccTime:5.4918337
#IT 2 KerTime:2.6476142 AccTime:8.1394479
#IT 3 KerTime:2.6869998 AccTime:10.8264477
#IT 4 KerTime:2.6840927 AccTime:13.5105404
#IT 5 KerTime:2.6601617 AccTime:16.1707021
#ERR  p: [760, 822], r: 1.0401491598605901e+34, e: -2.6572041271809845e+34
#SDC Ite:6 KerTime:2.6601617 AccTime:16.1707021 KerErr:1 AccErr:1
#IT 6 KerTime:2.6570791 AccTime:18.8277812
#IT 7 KerTime:2.6462166 AccTime:21.4739978
#IT 8 KerTime:2.6770574 AccTime:24.1510552
#IT 9 KerTime:2.6791773 AccTime:26.8302325
#IT 10 KerTime:2.6368422 AccTime:29.4670748
#IT 11 KerTime:2.6436123 AccTime:32.1106870
#IT 12 KerTime:2.6298781 AccTime:34.7405651
#IT 13 KerTime:2.6049432 AccTime:37.3455084
#IT 14 KerTime:2.6077546 AccTime:39.9532630
#IT 15 KerTime:2.6549194 AccTime:42.6081824
#IT 16 KerTime:2.6579600 AccTime:45.2661424
#IT 17 KerTime:2.7709733 AccTime:48.0371157
#IT 18 KerTime:2.7001414 AccTime:50.7372571
#IT 19 KerTime:2.6552053 AccTime:53.3924624
#IT 20 KerTime:2.6842549 AccTime:56.0767173
#IT 21 KerTime:2.6696754 AccTime:58.7463927
#IT 22 KerTime:2.6945192 AccTime:61.4409118
#IT 23 KerTime:2.6554384 AccTime:64.0963502
#IT 24 KerTime:2.6665661 AccTime:66.7629163
#IT 25 KerTime:2.6363669 AccTime:69.3992833
#IT 26 KerTime:2.6283323 AccTime:72.0276156
#IT 27 KerTime:2.6213421 AccTime:74.6489577
#IT 28 KerTime:2.6307221 AccTime:77.2796798
#IT 29 KerTime:2.6072976 AccTime:79.8869774
#IT 30 KerTime:2.7427779 AccTime:82.6297553
#IT 31 KerTime:2.7492424 AccTime:85.3789978
#IT 32 KerTime:2.7034156 AccTime:88.0824134
#IT 33 KerTime:2.6518171 AccTime:90.7342305
#IT 34 KerTime:2.6832755 AccTime:93.4175060
#IT 35 KerTime:2.6522743 AccTime:96.0697804
#IT 36 KerTime:2.6797687 AccTime:98.7495491
#IT 37 KerTime:2.6631108 AccTime:101.4126599
#IT 38 KerTime:2.6739910 AccTime:104.0866508
#IT 39 KerTime:2.6382255 AccTime:106.7248763
#IT 40 KerTime:2.6578025 AccTime:109.3826788
#IT 41 KerTime:2.6286679 AccTime:112.0113467
