#HEADER matrix_dim:2048 threads:4 block_size:16 block_offset:12 precision:Float
#BEGIN Y:2023 M:10 D:28 Time:17:16:42
#IT 0 KerTime:2.7318889 AccTime:2.7318889
#IT 1 KerTime:2.6734610 AccTime:5.4053499
#IT 2 KerTime:2.6317574 AccTime:8.0371073
#IT 3 KerTime:2.6402765 AccTime:10.6773839
#IT 4 KerTime:2.6278665 AccTime:13.3052504
#IT 5 KerTime:2.6606796 AccTime:15.9659300
#IT 6 KerTime:2.6560360 AccTime:18.6219660
#IT 7 KerTime:2.6208626 AccTime:21.2428286
#IT 8 KerTime:2.6083547 AccTime:23.8511833
#IT 9 KerTime:2.6323378 AccTime:26.4835212
#IT 10 KerTime:2.5948475 AccTime:29.0783687
#IT 11 KerTime:2.6564848 AccTime:31.7348535
#IT 12 KerTime:2.6825007 AccTime:34.4173542
#IT 13 KerTime:2.6520071 AccTime:37.0693614
#ERR  p: [1592, 1726], r: -3.2696529262847271e+34, e: -1.7057906331303744e+34
#SDC Ite:14 KerTime:2.6520071 AccTime:37.0693614 KerErr:1 AccErr:1
#IT 14 KerTime:2.5926317 AccTime:39.6619931
#IT 15 KerTime:2.6497159 AccTime:42.3117089
#IT 16 KerTime:2.6581356 AccTime:44.9698445
#IT 17 KerTime:2.7027749 AccTime:47.6726194
#IT 18 KerTime:2.6474472 AccTime:50.3200666
#IT 19 KerTime:2.6493451 AccTime:52.9694117
