#HEADER matrix_dim:2048 threads:4 block_size:16 block_offset:12 precision:Float
#BEGIN Y:2023 M:10 D:19 Time:12:30:33
#IT 0 KerTime:2.6951163 AccTime:2.6951163
#IT 1 KerTime:2.6881518 AccTime:5.3832681
#IT 2 KerTime:2.6347061 AccTime:8.0179742
#IT 3 KerTime:2.6356870 AccTime:10.6536612
#ERR  p: [0, 528], r: -2.9285231980031534e+34, e: -3.0522359930651143e+34
#ERR  p: [1, 528], r: 3.8365216397000095e+33, e: 2.6580172680957891e+33
#ERR  p: [2, 528], r: 7.9713496906666171e+33, e: 8.1582439742776095e+33
#ERR  p: [3, 528], r: 1.6267775008009339e+34, e: 1.5433868886985764e+34
#ERR  p: [0, 529], r: 3.0215526588393947e+34, e: 3.0036233256624167e+34
#ERR  p: [1, 529], r: -1.4115036893773320e+34, e: -1.4285833005113446e+34
#ERR  p: [2, 529], r: -2.3380738313375513e+33, e: -2.3109877032779872e+33
#ERR  p: [3, 529], r: -1.6113402647170413e+34, e: -1.6234259019385727e+34
#ERR  p: [0, 530], r: 2.4284184478165905e+34, e: 2.4342496405776404e+34
#ERR  p: [1, 530], r: -4.2536907207486523e+33, e: -4.1981443511859173e+33
#ERR  p: [2, 530], r: 1.6392049332673120e+34, e: 1.6383240151353565e+34
#ERR  p: [3, 530], r: -3.7843653689348575e+34, e: -3.7804351568981343e+34
#ERR  p: [0, 531], r: 1.8511551232734405e+34, e: 1.7695085210984283e+34
#ERR  p: [1, 531], r: 9.0357862437459549e+33, e: 8.2580083241035790e+33
#ERR  p: [2, 531], r: -9.2737139865064675e+33, e: -9.1503681168721508e+33
#ERR  p: [3, 531], r: -3.3581445941129639e+34, e: -3.4131799420274819e+34
#ERR  p: [0, 532], r: -1.3632220471411393e+33, e: -1.9496292919904668e+33
#ERR  p: [1, 532], r: -4.6427624005196388e+34, e: -4.6986241972043837e+34
#ERR  p: [2, 532], r: 3.0205524032876522e+34, e: 3.0294111022087783e+34
#ERR  p: [3, 532], r: 3.5773434182251241e+34, e: 3.5378159927707419e+34
#ERR  p: [0, 533], r: -6.9619278119031412e+33, e: -7.7314604319138568e+33
#ERR  p: [1, 533], r: 3.4501521973437771e+33, e: 2.7170843391302517e+33
#ERR  p: [2, 533], r: 1.0065655178138307e+34, e: 1.0181907651347519e+34
#ERR  p: [3, 533], r: -4.6964959306888443e+34, e: -4.7483666086869331e+34
#ERR  p: [0, 534], r: 1.4724303939388091e+34, e: 1.5245635152252265e+34
#ERR  p: [1, 534], r: 1.9362609322487289e+33, e: 2.4328881231739333e+33
#ERR  p: [2, 534], r: 3.1460701149268912e+34, e: 3.1381943403969576e+34
#ERR  p: [3, 534], r: -2.6278902022267224e+34, e: -2.5927490459195362e+34
#ERR  p: [0, 535], r: 1.6531256928030800e+34, e: 1.5719965495644891e+34
#ERR  p: [1, 535], r: 1.4773172860378921e+34, e: 1.4000324417972980e+34
#ERR  p: [2, 535], r: -6.6719560795390398e+34, e: -6.6596999779740988e+34
#ERR  p: [3, 535], r: 1.5149489301161127e+34, e: 1.4602621861166574e+34
#ERR  p: [0, 536], r: 1.4571735257186404e+34, e: 1.4357432981105633e+34
#ERR  p: [1, 536], r: -2.9615442581990595e+34, e: -2.9819593749749226e+34
#ERR  p: [2, 536], r: 2.9467996495671471e+34, e: 2.9500371103578862e+34
#ERR  p: [3, 536], r: -6.0686301557608069e+34, e: -6.0830754304912201e+34
#ERR  p: [0, 537], r: -1.7729502419956495e+34, e: -1.7251164864656703e+34
#ERR  p: [1, 537], r: -8.0100774068556209e+33, e: -7.5544090095552224e+33
#ERR  p: [2, 537], r: -1.1207680242149876e+34, e: -1.1279941278123042e+34
#ERR  p: [3, 537], r: -5.9437076456924563e+34, e: -5.9114647546052450e+34
#ERR  p: [0, 538], r: -1.0371714188900930e+34, e: -9.0896923427566368e+33
#ERR  p: [1, 538], r: 2.9625947741163971e+33, e: 4.1838647128327604e+33
#ERR  p: [2, 538], r: -1.6581762715238575e+33, e: -1.8518518359275503e+33
#ERR  p: [3, 538], r: 4.3567611132435374e+34, e: 4.4431772508019083e+34
#ERR  p: [0, 539], r: -4.9640172490584935e+34, e: -4.8444045114066458e+34
#ERR  p: [1, 539], r: -3.5888810193912638e+34, e: -3.4749350760632489e+34
#ERR  p: [2, 539], r: -9.7859568625722275e+33, e: -9.9666564942266359e+33
#ERR  p: [3, 539], r: -1.7473865325963985e+34, e: -1.6667588788677221e+34
#ERR  p: [0, 540], r: -4.1734613123306140e+34, e: -4.2599408324189963e+34
#ERR  p: [1, 540], r: -3.3692726847141081e+34, e: -3.4516546232724558e+34
#ERR  p: [2, 540], r: 7.2779237673611078e+33, e: 7.4085685314670511e+33
#ERR  p: [3, 540], r: 1.5438991482868327e+34, e: 1.4856062849529392e+34
#ERR  p: [0, 541], r: -2.5004009472809175e+34, e: -2.3733823571380489e+34
#ERR  p: [1, 541], r: 6.6155051471895990e+32, e: 1.8715527231977477e+33
#ERR  p: [2, 541], r: 1.6550766863049938e+34, e: 1.6358881205200547e+34
#ERR  p: [3, 541], r: 2.4161608607236024e+34, e: 2.5017802600726893e+34
#ERR  p: [0, 542], r: 1.2398071004526305e+34, e: 1.2289384820837206e+34
#ERR  p: [1, 542], r: -3.7638140168576711e+33, e: -3.8673503699833432e+33
#ERR  p: [2, 542], r: 3.8833517972401401e+34, e: 3.8849938009082482e+34
#ERR  p: [3, 542], r: 3.6332480166867273e+32, e: 2.9006351014376392e+32
#ERR  p: [0, 543], r: 7.2047571782492043e+33, e: 8.5788136766141693e+33
#ERR  p: [1, 543], r: 1.0021767108895542e+34, e: 1.1330711675014214e+34
#ERR  p: [2, 543], r: -3.4623038786664044e+34, e: -3.4830616572451417e+34
#ERR  p: [3, 543], r: -3.3537689712501058e+34, e: -3.2611487733908522e+34
#SDC Ite:4 KerTime:2.6356870 AccTime:10.6536612 KerErr:64 AccErr:64
#IT 4 KerTime:2.6939584 AccTime:13.3476195
#IT 5 KerTime:2.6430098 AccTime:15.9906294
#IT 6 KerTime:2.6779624 AccTime:18.6685918
#IT 7 KerTime:2.6675185 AccTime:21.3361103
#IT 8 KerTime:2.6883156 AccTime:24.0244259
#IT 9 KerTime:2.6535461 AccTime:26.6779720
#IT 10 KerTime:2.6325128 AccTime:29.3104848
#IT 11 KerTime:2.6325844 AccTime:31.9430693
#IT 12 KerTime:2.6340435 AccTime:34.5771127
#IT 13 KerTime:2.6134363 AccTime:37.1905491
#IT 14 KerTime:2.5943854 AccTime:39.7849345
#IT 15 KerTime:2.5912409 AccTime:42.3761754
#IT 16 KerTime:2.6457007 AccTime:45.0218760
#IT 17 KerTime:2.6385202 AccTime:47.6603962
#IT 18 KerTime:2.6394403 AccTime:50.2998366
