#HEADER matrix_dim:2048 threads:4 block_size:16 block_offset:12 precision:Float
#BEGIN Y:2023 M:10 D:21 Time:05:06:46
#IT 0 KerTime:2.7588855 AccTime:2.7588855
#IT 1 KerTime:2.7017676 AccTime:5.4606532
#IT 2 KerTime:2.6813989 AccTime:8.1420521
#IT 3 KerTime:2.6371118 AccTime:10.7791639
#IT 4 KerTime:2.6629020 AccTime:13.4420659
#ERR  p: [1945, 1436], r: -3.1274581816122512e+34, e: -3.1374646985378028e+34
#SDC Ite:5 KerTime:2.6629020 AccTime:13.4420659 KerErr:1 AccErr:1
#IT 5 KerTime:2.6597409 AccTime:16.1018068
#IT 6 KerTime:2.6822892 AccTime:18.7840960
#IT 7 KerTime:2.6831465 AccTime:21.4672425
#ERR  p: [1355, 1375], r: -1.8144238020372913e+33, e: -7.8057055762849877e+32
#ERR  p: [1558, 1425], r: -4.9079655523717222e+33, e: -7.1301545786917298e+33
#ERR  p: [1622, 1425], r: 8.5345064099256013e+32, e: 2.9046226610466824e+33
#ERR  p: [1623, 1425], r: -2.0132285853027572e+34, e: -1.8271501041776538e+34
#ERR  p: [1708, 1426], r: 4.0911083415691855e+33, e: 3.3598921321694211e+33
#ERR  p: [1709, 1426], r: 1.1078583831548069e+33, e: -5.6903658627495372e+32
#SDC Ite:8 KerTime:2.6831465 AccTime:21.4672425 KerErr:6 AccErr:7
#IT 8 KerTime:2.7276314 AccTime:24.1948739
#ERR  p: [1574, 1170], r: -4.3529376116382005e+31, e: -2.4650802896680349e+33
#ERR  p: [1575, 1170], r: 1.4455180726607607e+34, e: 1.2957897200852097e+34
#ERR  p: [1576, 1170], r: -2.0600558955807974e+34, e: -2.1941529030742958e+34
#SDC Ite:9 KerTime:2.7276314 AccTime:24.1948739 KerErr:3 AccErr:10
#IT 9 KerTime:2.5863387 AccTime:26.7812126
#IT 10 KerTime:2.5842087 AccTime:29.3654213
#IT 11 KerTime:2.7342029 AccTime:32.0996242
#IT 12 KerTime:2.7078849 AccTime:34.8075091
#IT 13 KerTime:2.6557847 AccTime:37.4632938
#IT 14 KerTime:2.6941450 AccTime:40.1574388
#ERR  p: [1358, 1328], r: 9.2433949780343096e+33, e: 9.8408743585950055e+33
#SDC Ite:15 KerTime:2.6941450 AccTime:40.1574388 KerErr:1 AccErr:11
#IT 15 KerTime:2.7518900 AccTime:42.9093288
#IT 16 KerTime:2.6592018 AccTime:45.5685306
#IT 17 KerTime:2.7063461 AccTime:48.2748767
#ERR  p: [1881, 1362], r: -7.9426010091342927e+33, e: -8.7206710826259399e+33
#ERR  p: [1719, 1394], r: -4.7371384925306147e+33, e: -3.0137427427195511e+33
#SDC Ite:18 KerTime:2.7063461 AccTime:48.2748767 KerErr:2 AccErr:13
#IT 18 KerTime:2.6197703 AccTime:50.8946470
#IT 19 KerTime:2.5864378 AccTime:53.4810847
#IT 20 KerTime:2.6622016 AccTime:56.1432863
#ERR  p: [1565, 1040], r: 5.2177198141516118e+33, e: 1.8063870953022506e+33
#SDC Ite:21 KerTime:2.6622016 AccTime:56.1432863 KerErr:1 AccErr:14
#IT 21 KerTime:2.6398180 AccTime:58.7831043
#IT 22 KerTime:2.5843163 AccTime:61.3674206
#IT 23 KerTime:2.5865946 AccTime:63.9540152
#IT 24 KerTime:2.7184135 AccTime:66.6724287
