#HEADER matrix_dim:2048 threads:4 block_size:16 block_offset:12 precision:Float
#BEGIN Y:2023 M:10 D:22 Time:06:45:53
#IT 0 KerTime:2.6621533 AccTime:2.6621533
#IT 1 KerTime:2.6606586 AccTime:5.3228119
#IT 2 KerTime:2.6300064 AccTime:7.9528183
#IT 3 KerTime:2.6257281 AccTime:10.5785464
#IT 4 KerTime:2.6277180 AccTime:13.2062644
#IT 5 KerTime:2.6417227 AccTime:15.8479870
#IT 6 KerTime:2.6264337 AccTime:18.4744207
#IT 7 KerTime:2.6142173 AccTime:21.0886380
#IT 8 KerTime:2.5936412 AccTime:23.6822792
#IT 9 KerTime:2.5905892 AccTime:26.2728684
#IT 10 KerTime:2.6806177 AccTime:28.9534861
#IT 11 KerTime:2.6504823 AccTime:31.6039683
#IT 12 KerTime:2.6422767 AccTime:34.2462451
#IT 13 KerTime:2.6533101 AccTime:36.8995552
#IT 14 KerTime:2.6305836 AccTime:39.5301388
#IT 15 KerTime:2.6326580 AccTime:42.1627967
#IT 16 KerTime:2.6804722 AccTime:44.8432689
#IT 17 KerTime:2.6479815 AccTime:47.4912504
#IT 18 KerTime:2.6249720 AccTime:50.1162223
#IT 19 KerTime:2.6166563 AccTime:52.7328786
#ERR  p: [0, 864], r: 2.6122475918903123e+34, e: 2.6566118966661904e+34
#ERR  p: [1, 864], r: 3.9488675455272481e+34, e: 3.9603546387397850e+34
#ERR  p: [2, 864], r: -1.0157968985837838e+34, e: -9.6549902340560700e+33
#ERR  p: [3, 864], r: 4.0770038717315875e+33, e: 4.7067501594162568e+33
#ERR  p: [0, 865], r: 5.0313736284930130e+33, e: 6.2826045015251710e+33
#ERR  p: [1, 865], r: -7.2091487705385692e+33, e: -6.8851835760777030e+33
#ERR  p: [2, 865], r: 3.1207012572898237e+34, e: 3.2625602726236454e+34
#ERR  p: [3, 865], r: -3.4853047426993248e+33, e: -1.7091860550701263e+33
#ERR  p: [0, 866], r: 1.5529952841074938e+34, e: 1.4494029760920461e+34
#ERR  p: [1, 866], r: -1.9180059589444169e+33, e: -2.1862260944662427e+33
#ERR  p: [2, 866], r: -1.3261589889229625e+34, e: -1.4436075597981316e+34
#ERR  p: [3, 866], r: -2.1739296670045220e+34, e: -2.3209788697470516e+34
#ERR  p: [0, 867], r: -4.2783321648186357e+34, e: -4.1388168175671890e+34
#ERR  p: [1, 867], r: -3.5274237337289490e+34, e: -3.4913006433826016e+34
#ERR  p: [2, 867], r: 2.1781096953411730e+34, e: 2.3362867410968389e+34
#ERR  p: [3, 867], r: -1.0296246888226015e+34, e: -8.3158201239382063e+33
#ERR  p: [0, 868], r: 3.6680868989848210e+33, e: 5.3565306497267012e+33
#ERR  p: [1, 868], r: 3.0308651865789230e+34, e: 3.0745818011262469e+34
#ERR  p: [2, 868], r: 1.2019620974086391e+33, e: 3.1162417020923021e+33
#ERR  p: [3, 868], r: 1.8609963752037475e+34, e: 2.1006703561836761e+34
#ERR  p: [0, 869], r: -2.3932240600877150e+34, e: -2.4525825422074254e+34
#ERR  p: [1, 869], r: 2.3306033583764797e+34, e: 2.3152343327887518e+34
#ERR  p: [2, 869], r: -2.3041852227621140e+34, e: -2.3714831095297773e+34
#ERR  p: [3, 869], r: 7.2063448363495878e+33, e: 6.3637533280103866e+33
#ERR  p: [0, 870], r: -4.4711121105524065e+34, e: -4.6034894955373336e+34
#ERR  p: [1, 870], r: -1.4184781197646619e+34, e: -1.4527524704563405e+34
#ERR  p: [2, 870], r: 3.0199089220552316e+33, e: 1.5190842688173455e+33
#ERR  p: [3, 870], r: -2.0856449827508537e+34, e: -2.2735526440780051e+34
#ERR  p: [0, 871], r: -1.3109973801888168e+33, e: -4.8761808228930504e+32
#ERR  p: [1, 871], r: -2.9636381099815068e+34, e: -2.9423197921529811e+34
#ERR  p: [2, 871], r: -1.4289466049643738e+33, e: -4.9543954220001499e+32
#ERR  p: [3, 871], r: 5.4678629302497729e+33, e: 6.6366442113004361e+33
#ERR  p: [0, 872], r: -5.0244266184775533e+33, e: -3.3857350589445329e+33
#ERR  p: [1, 872], r: 5.0115653499244076e+33, e: 5.4358504198038726e+33
#ERR  p: [2, 872], r: 3.3578034178381369e+34, e: 3.5435904878779925e+34
#ERR  p: [3, 872], r: -1.7714961576255049e+34, e: -1.5388845007756955e+34
#ERR  p: [0, 873], r: -2.0797107933785353e+34, e: -2.2622708013239818e+34
#ERR  p: [1, 873], r: -2.4696495263530372e+34, e: -2.5169172956970552e+34
#ERR  p: [2, 873], r: -4.0819197316275897e+33, e: -6.1516948182508206e+33
#ERR  p: [3, 873], r: 4.7601805799668433e+33, e: 2.1687586057694211e+33
#ERR  p: [0, 874], r: -1.0793845552597048e+34, e: -1.1643790424769605e+34
#ERR  p: [1, 874], r: 4.1881368439083343e+34, e: 4.1661297362419502e+34
#ERR  p: [2, 874], r: -6.5171016648488159e+34, e: -6.6134648982108528e+34
#ERR  p: [3, 874], r: -1.3623299875488303e+34, e: -1.4829791286015677e+34
#ERR  p: [0, 875], r: 5.5970685890600470e+33, e: 6.0665629196892042e+33
#ERR  p: [1, 875], r: 7.1060942236761870e+34, e: 7.1182498045099380e+34
#ERR  p: [2, 875], r: 1.9472914422262764e+34, e: 2.0005202642414652e+34
#ERR  p: [3, 875], r: -6.8918022224977423e+33, e: -6.2253565833784382e+33
#ERR  p: [0, 876], r: -1.9004518763418472e+34, e: -1.9730467847436087e+34
#ERR  p: [1, 876], r: 7.9689248756146669e+32, e: 6.0893357551668883e+32
#ERR  p: [2, 876], r: -1.3040413951080723e+33, e: -2.1270907819871145e+33
#ERR  p: [3, 876], r: -3.5061187856528476e+34, e: -3.6091668952270255e+34
#ERR  p: [0, 877], r: -3.4118503325282875e+33, e: -2.3400065652238856e+33
#ERR  p: [1, 877], r: -4.4897980726813957e+32, e: -1.7146088514122159e+32
#ERR  p: [2, 877], r: 1.3790415591091633e+34, e: 1.5005628289195773e+34
#ERR  p: [3, 877], r: -6.2783406646478603e+34, e: -6.1261928820595299e+34
#ERR  p: [0, 878], r: -5.8097739224901396e+33, e: -6.0917525236085832e+33
#ERR  p: [1, 878], r: -1.1307417357294981e+34, e: -1.1380426109051876e+34
#ERR  p: [2, 878], r: 2.2195304262916383e+34, e: 2.1875608723651012e+34
#ERR  p: [3, 878], r: -1.0754882627800580e+34, e: -1.1155150732462879e+34
#ERR  p: [0, 879], r: -1.3068576468004445e+34, e: -1.2861946944287165e+34
#ERR  p: [1, 879], r: -3.4284727105087900e+34, e: -3.4231228288350143e+34
#ERR  p: [2, 879], r: 1.0267781075992667e+34, e: 1.0502049467997052e+34
#ERR  p: [3, 879], r: 6.3063755499535328e+34, e: 6.3357068060683448e+34
#SDC Ite:20 KerTime:2.6166563 AccTime:52.7328786 KerErr:64 AccErr:64
#IT 20 KerTime:2.6222221 AccTime:55.3551007
#IT 21 KerTime:2.6200012 AccTime:57.9751019
#IT 22 KerTime:2.6189942 AccTime:60.5940961
#IT 23 KerTime:2.6444984 AccTime:63.2385945
#IT 24 KerTime:2.5906171 AccTime:65.8292117
#IT 25 KerTime:2.5920493 AccTime:68.4212610
#IT 26 KerTime:2.6376153 AccTime:71.0588763
#IT 27 KerTime:2.6592321 AccTime:73.7181084
#IT 28 KerTime:2.6859456 AccTime:76.4040540
#ERR  p: [1831, 977], r: 1.8618361937263987e+34, e: 4.3901247114483137e+33
#SDC Ite:29 KerTime:2.6859456 AccTime:76.4040540 KerErr:1 AccErr:65
#IT 29 KerTime:2.5921820 AccTime:78.9962361
#IT 30 KerTime:2.6487591 AccTime:81.6449952
#IT 31 KerTime:2.6401260 AccTime:84.2851212
#IT 32 KerTime:2.6285743 AccTime:86.9136955
#IT 33 KerTime:2.6307150 AccTime:89.5444105
#IT 34 KerTime:2.6451697 AccTime:92.1895802
#IT 35 KerTime:2.7311529 AccTime:94.9207331
#IT 36 KerTime:2.6308587 AccTime:97.5515918
#IT 37 KerTime:2.6234583 AccTime:100.1750501
#IT 38 KerTime:2.6378602 AccTime:102.8129103
#IT 39 KerTime:2.6128489 AccTime:105.4257593
#IT 40 KerTime:2.6333035 AccTime:108.0590628
#IT 41 KerTime:2.5887901 AccTime:110.6478528
#IT 42 KerTime:2.6273693 AccTime:113.2752221
#IT 43 KerTime:2.6894677 AccTime:115.9646898
