#HEADER matrix_dim:2048 threads:4 block_size:16 block_offset:12 precision:Float
#BEGIN Y:2023 M:10 D:26 Time:22:58:05
#IT 0 KerTime:2.6892274 AccTime:2.6892274
#IT 1 KerTime:2.6763354 AccTime:5.3655628
#IT 2 KerTime:2.7413971 AccTime:8.1069599
#ERR  p: [1710, 880], r: -4.4019696931262080e+34, e: -4.3657802491937549e+34
#ERR  p: [1711, 880], r: 1.9326818928526500e+34, e: 1.9841482596339082e+34
#ERR  p: [1710, 881], r: -4.9620197090111026e+34, e: -4.9285606656292974e+34
#ERR  p: [1711, 881], r: 9.3881856829691670e+33, e: 9.8640151717493671e+33
#ERR  p: [1710, 882], r: -1.0735117677133350e+34, e: -1.0194434985575067e+34
#ERR  p: [1711, 882], r: 3.3695730089676387e+34, e: 3.4464654262157794e+34
#ERR  p: [1710, 883], r: 2.3149491114037004e+34, e: 2.3523636207990303e+34
#ERR  p: [1711, 883], r: 1.2487112317731984e+34, e: 1.3019201229537548e+34
#ERR  p: [1710, 884], r: -2.3239083310560166e+34, e: -2.2798973343673506e+34
#ERR  p: [1711, 884], r: -2.2497458191825080e+34, e: -2.1871565611482706e+34
#ERR  p: [1710, 885], r: -2.9902785796269282e+34, e: -3.0677934331268216e+34
#ERR  p: [1711, 885], r: -3.8769419913047282e+34, e: -3.9871788186870364e+34
#ERR  p: [1710, 886], r: 4.5463307709704314e+33, e: 4.9648479687218560e+33
#ERR  p: [1711, 886], r: -1.0979591027851584e+34, e: -1.0384403693273625e+34
#ERR  p: [1710, 887], r: 1.9658047117197853e+34, e: 2.0553892330147033e+34
#ERR  p: [1711, 887], r: 2.0383531973700736e+34, e: 2.1657545585730892e+34
#ERR  p: [1710, 888], r: -1.4480338144085964e+34, e: -1.3880957287624926e+34
#ERR  p: [1711, 888], r: -4.1794648263451323e+34, e: -4.0942239890600589e+34
#ERR  p: [1710, 889], r: 1.9470619281429929e+34, e: 1.9624730436920566e+34
#ERR  p: [1711, 889], r: 1.7386477900650791e+34, e: 1.7605642805205875e+34
#ERR  p: [1710, 890], r: 4.1378858866576464e+34, e: 4.2168535865876451e+34
#ERR  p: [1711, 890], r: -5.2977544946014706e+33, e: -4.1747237635826772e+33
#ERR  p: [1710, 891], r: -6.2856393115314791e+33, e: -7.0091731745324481e+33
#ERR  p: [1711, 891], r: 5.9659846242874046e+33, e: 4.9370218620038090e+33
#ERR  p: [1710, 892], r: -3.0294541825221455e+34, e: -2.9640587620068560e+34
#ERR  p: [1711, 892], r: 8.4813345641007206e+33, e: 9.4113444462540982e+33
#ERR  p: [1710, 893], r: 1.8599076069391960e+34, e: 1.7817175809418764e+34
#ERR  p: [1711, 893], r: -4.5969016738242726e+34, e: -4.7080983999130426e+34
#ERR  p: [1710, 894], r: 8.9201143644151682e+33, e: 8.2647934734589022e+33
#ERR  p: [1711, 894], r: 1.0186887884125564e+34, e: 9.2549331981704690e+33
#ERR  p: [1710, 895], r: 1.9702883448510711e+33, e: 1.4446850009113236e+33
#ERR  p: [1711, 895], r: -1.7704747332990905e+34, e: -1.8452225432231732e+34
#SDC Ite:3 KerTime:2.7413971 AccTime:8.1069599 KerErr:32 AccErr:32
#IT 3 KerTime:2.7130467 AccTime:10.8200066
#IT 4 KerTime:2.7352325 AccTime:13.5552391
#IT 5 KerTime:2.6516729 AccTime:16.2069120
#IT 6 KerTime:2.6339382 AccTime:18.8408503
#IT 7 KerTime:2.6612059 AccTime:21.5020562
#IT 8 KerTime:2.6403878 AccTime:24.1424440
#IT 9 KerTime:2.6244689 AccTime:26.7669128
#IT 10 KerTime:2.6394548 AccTime:29.4063677
#IT 11 KerTime:2.6265375 AccTime:32.0329052
#IT 12 KerTime:2.6412625 AccTime:34.6741677
#IT 13 KerTime:2.5925494 AccTime:37.2667171
#IT 14 KerTime:2.5945524 AccTime:39.8612695
