#HEADER matrix_dim:2048 threads:4 block_size:16 block_offset:12 precision:Float
#BEGIN Y:2023 M:10 D:18 Time:13:31:57
#IT 0 KerTime:2.6411414 AccTime:2.6411414
#IT 1 KerTime:2.7186080 AccTime:5.3597494
#IT 2 KerTime:2.6908349 AccTime:8.0505843
#IT 3 KerTime:2.6804866 AccTime:10.7310709
#IT 4 KerTime:2.6453918 AccTime:13.3764627
#IT 5 KerTime:2.7033661 AccTime:16.0798287
#IT 6 KerTime:2.6648036 AccTime:18.7446323
#IT 7 KerTime:2.6599763 AccTime:21.4046086
#IT 8 KerTime:2.6724937 AccTime:24.0771023
#IT 9 KerTime:2.6478501 AccTime:26.7249523
#IT 10 KerTime:2.6622973 AccTime:29.3872496
#IT 11 KerTime:2.5968871 AccTime:31.9841368
#IT 12 KerTime:2.5996287 AccTime:34.5837655
#IT 13 KerTime:2.6661358 AccTime:37.2499012
#IT 14 KerTime:2.7099169 AccTime:39.9598181
#IT 15 KerTime:2.6556322 AccTime:42.6154503
#IT 16 KerTime:2.6555311 AccTime:45.2709814
#IT 17 KerTime:2.6825270 AccTime:47.9535084
#IT 18 KerTime:2.7190996 AccTime:50.6726080
#ERR  p: [937, 1009], r: 3.7174364501959032e+33, e: -7.5481648399970670e+33
#SDC Ite:19 KerTime:2.7190996 AccTime:50.6726080 KerErr:1 AccErr:1
#IT 19 KerTime:2.7084086 AccTime:53.3810166
#IT 20 KerTime:2.6760443 AccTime:56.0570609
#IT 21 KerTime:2.6850830 AccTime:58.7421439
#IT 22 KerTime:2.7023191 AccTime:61.4444630
#IT 23 KerTime:2.6823285 AccTime:64.1267915
#IT 24 KerTime:2.7026188 AccTime:66.8294103
#IT 25 KerTime:2.6663581 AccTime:69.4957684
#IT 26 KerTime:2.6800510 AccTime:72.1758195
#IT 27 KerTime:2.6486633 AccTime:74.8244828
#IT 28 KerTime:2.6480730 AccTime:77.4725557
#IT 29 KerTime:2.6265252 AccTime:80.0990810
#ERR  p: [983, 844], r: 3.0506556388109626e+33, e: -1.3154104507378633e+34
#SDC Ite:30 KerTime:2.6265252 AccTime:80.0990810 KerErr:1 AccErr:2
#IT 30 KerTime:2.6657332 AccTime:82.7648142
#IT 31 KerTime:2.6489820 AccTime:85.4137962
#IT 32 KerTime:2.6591034 AccTime:88.0728996
