#HEADER matrix_dim:2048 threads:4 block_size:16 block_offset:12 precision:Float
#BEGIN Y:2023 M:10 D:26 Time:07:17:47
#IT 0 KerTime:2.6910339 AccTime:2.6910339
#IT 1 KerTime:2.7070620 AccTime:5.3980959
#ERR  p: [1828, 848], r: 2.4938029744595343e+33, e: 3.0733235588703172e+33
#ERR  p: [1829, 848], r: 3.8938560589069873e+32, e: 7.5397751656083251e+32
#ERR  p: [1830, 848], r: -1.6129809066511062e+34, e: -1.6619146956999945e+34
#ERR  p: [1831, 848], r: 3.1424357705595571e+34, e: 3.1496861377816437e+34
#ERR  p: [1828, 849], r: 1.1008573680051333e+34, e: 9.8839781928228832e+33
#ERR  p: [1829, 849], r: 5.5407621243131908e+33, e: 4.8332475149055843e+33
#ERR  p: [1830, 849], r: 1.8300600060339980e+34, e: 1.9250191678034774e+34
#ERR  p: [1831, 849], r: -8.1890606346455601e+33, e: -8.3297574718705007e+33
#ERR  p: [1828, 850], r: -3.0139960252515889e+34, e: -2.9370318074811697e+34
#ERR  p: [1829, 850], r: 2.1062235076119024e+34, e: 2.1546437991324951e+34
#ERR  p: [1830, 850], r: 1.4360697428989229e+34, e: 1.3710823474205819e+34
#ERR  p: [1831, 850], r: 4.5271774245796099e+34, e: 4.5368066173811873e+34
#ERR  p: [1828, 851], r: -2.3076890882493074e+34, e: -2.2688930377701350e+34
#ERR  p: [1829, 851], r: 2.6047946976777986e+34, e: 2.6292024186683649e+34
#ERR  p: [1830, 851], r: -5.7596274473787674e+33, e: -6.0872154733646022e+33
#ERR  p: [1831, 851], r: 1.4132653090017361e+33, e: 1.4618030810320569e+33
#ERR  p: [1828, 852], r: -1.4263005390789023e+34, e: -1.3892400805348080e+34
#ERR  p: [1829, 852], r: -9.5584965218138924e+33, e: -9.3253391809947661e+33
#ERR  p: [1830, 852], r: -2.0396813832382229e+34, e: -2.0709745267272944e+34
#ERR  p: [1831, 852], r: 1.1079241487193939e+34, e: 1.1125607293425334e+34
#ERR  p: [1828, 853], r: 2.4573827785037584e+34, e: 2.3168040407585656e+34
#ERR  p: [1829, 853], r: -2.4920188552749162e+34, e: -2.5804612530895895e+34
#ERR  p: [1830, 853], r: -6.1728190270811863e+33, e: -4.9857867960313387e+33
#ERR  p: [1831, 853], r: -9.9084832159005373e+33, e: -1.0084362309041968e+34
#ERR  p: [1828, 854], r: -2.9689419402858211e+34, e: -2.9196164670085030e+34
#ERR  p: [1829, 854], r: -3.9766205518859753e+33, e: -3.6663011704781519e+33
#ERR  p: [1830, 854], r: 2.0540404973419019e+34, e: 2.0123907474841688e+34
#ERR  p: [1831, 854], r: -5.4504940125285794e+34, e: -5.4443231290207496e+34
#ERR  p: [1828, 855], r: -5.8819275052678958e+34, e: -5.7814166775982372e+34
#ERR  p: [1829, 855], r: 1.8247966563689684e+33, e: 2.4571339525558620e+33
#ERR  p: [1830, 855], r: -4.0368907768446194e+34, e: -4.1217599845298993e+34
#ERR  p: [1831, 855], r: -8.3955341779178901e+33, e: -8.2697867046073598e+33
#ERR  p: [1828, 856], r: -2.1756479277790501e+34, e: -2.0976629046522362e+34
#ERR  p: [1829, 856], r: -6.2098399953380274e+34, e: -6.1607779557010692e+34
#ERR  p: [1830, 856], r: -2.6149438252958759e+34, e: -2.6807933222175753e+34
#ERR  p: [1831, 856], r: 1.1356636615316929e+34, e: 1.1454202383633127e+34
#ERR  p: [1828, 857], r: 1.5917238668545252e+34, e: 1.5010526817931225e+34
#ERR  p: [1829, 857], r: 4.0751508302352822e+32, e: -1.6292147803616547e+32
#ERR  p: [1830, 857], r: -4.8628646732724694e+34, e: -4.7863035287788415e+34
#ERR  p: [1831, 857], r: -9.7497217386523248e+31, e: -2.1093461494639978e+32
#ERR  p: [1828, 858], r: 2.5075792663927177e+34, e: 2.4219910631326208e+34
#ERR  p: [1829, 858], r: -9.9082740040338981e+33, e: -1.0446733355281624e+34
#ERR  p: [1830, 858], r: 1.1989909794173522e+34, e: 1.2712604333827856e+34
#ERR  p: [1831, 858], r: -1.3273557055589397e+34, e: -1.3380636393107504e+34
#ERR  p: [1828, 859], r: -1.5008501548026954e+34, e: -1.3897373610485890e+34
#ERR  p: [1829, 859], r: -1.1612106587404135e+33, e: -4.6217067735674494e+32
#ERR  p: [1830, 859], r: -3.2442125157133890e+33, e: -4.1824299403272287e+33
#ERR  p: [1831, 859], r: -6.1293274081360025e+32, e: -4.7392073998212704e+32
#ERR  p: [1828, 860], r: 1.3892006830930578e+33, e: 4.6426202231061268e+32
#ERR  p: [1829, 860], r: 6.0452766645076961e+34, e: 5.9870860550210475e+34
#ERR  p: [1830, 860], r: -2.4619005168831265e+34, e: -2.3838003653326590e+34
#ERR  p: [1831, 860], r: 1.9102068438514160e+34, e: 1.8986350755401920e+34
#ERR  p: [1828, 861], r: 3.7245800450896015e+34, e: 3.8608554556702304e+34
#ERR  p: [1829, 861], r: 1.4217206561095621e+34, e: 1.5074549362942947e+34
#ERR  p: [1830, 861], r: 1.9924835575064245e+34, e: 1.8774150501507856e+34
#ERR  p: [1831, 861], r: -2.7389594204914460e+34, e: -2.7219105102704077e+34
#ERR  p: [1828, 862], r: -2.8862445746054634e+34, e: -2.7569813515833626e+34
#ERR  p: [1829, 862], r: -1.7965726138252931e+34, e: -1.7152493615885422e+34
#ERR  p: [1830, 862], r: 2.8803093948811136e+34, e: 2.7711609643813452e+34
#ERR  p: [1831, 862], r: -5.0290596090745788e+33, e: -4.8673400741024939e+33
#ERR  p: [1828, 863], r: 7.9934413496376843e+33, e: 7.9741294850248324e+33
#ERR  p: [1829, 863], r: -1.4007545322222131e+34, e: -1.4019696941647757e+34
#ERR  p: [1830, 863], r: 3.5621984597845067e+33, e: 3.5785070818620523e+33
#ERR  p: [1831, 863], r: -8.6801112151787937e+33, e: -8.6825276741354788e+33
#SDC Ite:2 KerTime:2.7070620 AccTime:5.3980959 KerErr:64 AccErr:64
#IT 2 KerTime:2.6818613 AccTime:8.0799572
#IT 3 KerTime:2.6753349 AccTime:10.7552921
#IT 4 KerTime:2.7150813 AccTime:13.4703734
#IT 5 KerTime:2.7215393 AccTime:16.1919127
#IT 6 KerTime:2.6738722 AccTime:18.8657849
#IT 7 KerTime:2.6533817 AccTime:21.5191666
#IT 8 KerTime:2.6566486 AccTime:24.1758152
#IT 9 KerTime:2.6424987 AccTime:26.8183139
