#HEADER matrix_dim:2048 threads:4 block_size:16 block_offset:12 precision:Float
#BEGIN Y:2023 M:10 D:28 Time:15:31:55
#IT 0 KerTime:2.6938631 AccTime:2.6938631
#IT 1 KerTime:2.7102160 AccTime:5.4040791
#IT 2 KerTime:2.6779822 AccTime:8.0820612
#IT 3 KerTime:2.6700378 AccTime:10.7520990
#IT 4 KerTime:2.6627968 AccTime:13.4148958
#ERR  p: [1832, 955], r: 2.6701854140209388e+34, e: 2.5431692997581488e+34
#SDC Ite:5 KerTime:2.6627968 AccTime:13.4148958 KerErr:1 AccErr:1
#IT 5 KerTime:2.6842874 AccTime:16.0991832
#IT 6 KerTime:2.6408899 AccTime:18.7400731
#IT 7 KerTime:2.6424554 AccTime:21.3825284
#IT 8 KerTime:2.6322411 AccTime:24.0147695
#IT 9 KerTime:2.6511588 AccTime:26.6659284
#IT 10 KerTime:2.6442244 AccTime:29.3101527
#IT 11 KerTime:2.6330309 AccTime:31.9431837
#IT 12 KerTime:2.6315051 AccTime:34.5746887
#IT 13 KerTime:2.5940870 AccTime:37.1687757
#IT 14 KerTime:2.6107220 AccTime:39.7794977
#IT 15 KerTime:2.6536520 AccTime:42.4331497
#IT 16 KerTime:2.7172810 AccTime:45.1504307
#IT 17 KerTime:2.7062736 AccTime:47.8567042
#IT 18 KerTime:2.6899239 AccTime:50.5466281
#IT 19 KerTime:2.6455970 AccTime:53.1922252
#IT 20 KerTime:2.6525279 AccTime:55.8447530
#IT 21 KerTime:2.6388776 AccTime:58.4836306
#IT 22 KerTime:2.6397378 AccTime:61.1233684
#ERR  p: [1784, 950], r: -4.3729003851237087e+34, e: -4.8926054399522771e+34
#SDC Ite:23 KerTime:2.6397378 AccTime:61.1233684 KerErr:1 AccErr:2
#IT 23 KerTime:2.6818712 AccTime:63.8052396
#ERR  p: [1740, 944], r: 3.7073051489143917e+33, e: 6.7072612629014314e+32
#ERR  p: [1788, 944], r: 3.7007963696728390e+33, e: 1.4312388056896156e+33
#ERR  p: [1789, 944], r: -4.1060180914023386e+33, e: -4.8552862519399721e+33
#SDC Ite:24 KerTime:2.6818712 AccTime:63.8052396 KerErr:3 AccErr:5
#IT 24 KerTime:2.7150052 AccTime:66.5202448
#IT 25 KerTime:2.7099297 AccTime:69.2301745
#IT 26 KerTime:2.7028657 AccTime:71.9330402
#IT 27 KerTime:2.6962350 AccTime:74.6292752
#ERR  p: [1542, 882], r: 6.4919803952196055e+33, e: 5.0020282598617531e+33
#SDC Ite:28 KerTime:2.6962350 AccTime:74.6292752 KerErr:1 AccErr:6
#IT 28 KerTime:2.5955215 AccTime:77.2247967
#IT 29 KerTime:2.7132833 AccTime:79.9380800
#IT 30 KerTime:2.7096446 AccTime:82.6477246
#IT 31 KerTime:2.6500875 AccTime:85.2978121
#IT 32 KerTime:2.7284843 AccTime:88.0262963
#IT 33 KerTime:2.6874871 AccTime:90.7137835
#IT 34 KerTime:2.6720265 AccTime:93.3858099
#ERR  p: [1718, 881], r: 3.7815916404828347e+34, e: 4.1263252598067760e+34
#ERR  p: [1510, 883], r: -6.8348848343414987e+33, e: -7.7690108671255003e+33
#SDC Ite:35 KerTime:2.6720265 AccTime:93.3858099 KerErr:2 AccErr:8
#IT 35 KerTime:2.7044488 AccTime:96.0902587
#ERR  p: [1992, 635], r: -1.9226716621069805e+34, e: -2.0613907663251588e+34
#SDC Ite:36 KerTime:2.7044488 AccTime:96.0902587 KerErr:1 AccErr:9
#IT 36 KerTime:2.5955081 AccTime:98.6857668
#IT 37 KerTime:2.5930869 AccTime:101.2788537
#IT 38 KerTime:2.6877646 AccTime:103.9666183
#IT 39 KerTime:2.6513039 AccTime:106.6179222
#IT 40 KerTime:2.6524613 AccTime:109.2703836
#IT 41 KerTime:2.6469727 AccTime:111.9173562
#IT 42 KerTime:2.6746163 AccTime:114.5919726
#IT 43 KerTime:2.6729789 AccTime:117.2649515
#IT 44 KerTime:2.6780512 AccTime:119.9430026
