#HEADER matrix_dim:2048 threads:4 block_size:16 block_offset:12 precision:Float
#BEGIN Y:2023 M:10 D:22 Time:14:39:23
#IT 0 KerTime:2.6810266 AccTime:2.6810266
#IT 1 KerTime:2.7082241 AccTime:5.3892507
#IT 2 KerTime:2.6976553 AccTime:8.0869060
#IT 3 KerTime:2.6310916 AccTime:10.7179976
#IT 4 KerTime:2.6224498 AccTime:13.3404474
#IT 5 KerTime:2.6351864 AccTime:15.9756337
#IT 6 KerTime:2.6356848 AccTime:18.6113186
#IT 7 KerTime:2.6375227 AccTime:21.2488413
#IT 8 KerTime:2.5927024 AccTime:23.8415437
#IT 9 KerTime:2.6349202 AccTime:26.4764639
#IT 10 KerTime:2.6504710 AccTime:29.1269349
#IT 11 KerTime:2.6979510 AccTime:31.8248860
#IT 12 KerTime:2.6411004 AccTime:34.4659864
#IT 13 KerTime:2.6819775 AccTime:37.1479638
#IT 14 KerTime:2.6670487 AccTime:39.8150125
#IT 15 KerTime:2.6301220 AccTime:42.4451346
#IT 16 KerTime:2.6308971 AccTime:45.0760316
#IT 17 KerTime:2.6680593 AccTime:47.7440909
#IT 18 KerTime:2.6458450 AccTime:50.3899359
#IT 19 KerTime:2.6229545 AccTime:53.0128904
#IT 20 KerTime:2.6416427 AccTime:55.6545331
#IT 21 KerTime:2.5925261 AccTime:58.2470592
#IT 22 KerTime:2.5894088 AccTime:60.8364679
#IT 23 KerTime:2.6504658 AccTime:63.4869337
#IT 24 KerTime:2.7085858 AccTime:66.1955195
#IT 25 KerTime:2.6940973 AccTime:68.8896168
#ERR  p: [1000, 1938], r: -1.1374753867791870e+34, e: 1.3567258329909854e+34
#SDC Ite:26 KerTime:2.6940973 AccTime:68.8896168 KerErr:1 AccErr:1
#IT 26 KerTime:2.6327247 AccTime:71.5223416
#IT 27 KerTime:2.6116057 AccTime:74.1339472
#IT 28 KerTime:2.6362348 AccTime:76.7701820
#IT 29 KerTime:2.6370688 AccTime:79.4072508
#IT 30 KerTime:2.6307689 AccTime:82.0380197
#IT 31 KerTime:2.6704220 AccTime:84.7084417
#IT 32 KerTime:2.6372365 AccTime:87.3456782
#IT 33 KerTime:2.6626367 AccTime:90.0083149
