#HEADER matrix_dim:2048 threads:4 block_size:16 block_offset:12 precision:Float
#BEGIN Y:2023 M:10 D:21 Time:17:59:01
#IT 0 KerTime:2.7136476 AccTime:2.7136476
#IT 1 KerTime:2.6592527 AccTime:5.3729003
#IT 2 KerTime:2.6749108 AccTime:8.0478112
#IT 3 KerTime:2.6523913 AccTime:10.7002024
#IT 4 KerTime:2.6213373 AccTime:13.3215397
#IT 5 KerTime:2.6415810 AccTime:15.9631207
#IT 6 KerTime:2.6169842 AccTime:18.5801048
#IT 7 KerTime:2.6266402 AccTime:21.2067451
#IT 8 KerTime:2.6152528 AccTime:23.8219979
#IT 9 KerTime:2.5885706 AccTime:26.4105685
#IT 10 KerTime:2.6040394 AccTime:29.0146079
#IT 11 KerTime:2.6413116 AccTime:31.6559194
#ERR  p: [880, 1042], r: 5.0163326570156956e+33, e: 3.9697447234227745e+33
#ERR  p: [881, 1042], r: 1.9623442979279709e+34, e: 1.8711286668372905e+34
#ERR  p: [882, 1042], r: 2.4802524827895165e+34, e: 2.5356448526113644e+34
#ERR  p: [883, 1042], r: -9.9663600075872270e+33, e: -1.0425373937843794e+34
#ERR  p: [884, 1042], r: 2.0012976905861365e+34, e: 2.3825500458929807e+34
#ERR  p: [885, 1042], r: 2.6774055755060669e+33, e: 3.3084999798935180e+33
#ERR  p: [886, 1042], r: -3.5399514393385092e+34, e: -3.6341151008387438e+34
#ERR  p: [887, 1042], r: 5.6882880577648492e+33, e: 7.1014764597416447e+33
#SDC Ite:12 KerTime:2.6413116 AccTime:31.6559194 KerErr:8 AccErr:8
#IT 12 KerTime:2.6143618 AccTime:34.2702813
#IT 13 KerTime:2.5896463 AccTime:36.8599276
#IT 14 KerTime:2.6276892 AccTime:39.4876168
#IT 15 KerTime:2.7034705 AccTime:42.1910873
#IT 16 KerTime:2.6857539 AccTime:44.8768413
#IT 17 KerTime:2.6697966 AccTime:47.5466378
#IT 18 KerTime:2.6359111 AccTime:50.1825489
#IT 19 KerTime:2.6753406 AccTime:52.8578896
#IT 20 KerTime:2.6173035 AccTime:55.4751930
