#HEADER matrix_dim:2048 threads:4 block_size:16 block_offset:12 precision:Float
#BEGIN Y:2023 M:10 D:19 Time:22:06:34
#IT 0 KerTime:2.6334122 AccTime:2.6334122
#IT 1 KerTime:2.6956203 AccTime:5.3290325
#IT 2 KerTime:2.6337402 AccTime:7.9627726
#ERR  p: [0, 589], r: -2.3393708830137126e+33, e: -2.1701760471144029e+33
#ERR  p: [1, 589], r: 4.2114710232968323e+34, e: 4.2360758243416528e+34
#ERR  p: [2, 589], r: -6.3021384216325697e+32, e: -4.0703491703079040e+32
#ERR  p: [3, 589], r: -2.8123764448732969e+34, e: -2.7945015810580474e+34
#ERR  p: [4, 589], r: 2.5463728409918115e+34, e: 2.5000657131182790e+34
#ERR  p: [5, 589], r: 1.8115705049892434e+33, e: 1.9038428416974577e+33
#ERR  p: [6, 589], r: -3.3245369979264444e+34, e: -3.3124517320869248e+34
#ERR  p: [7, 589], r: -7.5304573456751289e+33, e: -7.8069134962783204e+33
#ERR  p: [8, 589], r: -2.1752181149974102e+34, e: -2.1637629606378869e+34
#ERR  p: [9, 589], r: -5.8916098056971586e+33, e: -6.2165987765705138e+33
#ERR  p: [10, 589], r: -8.2027095425487011e+33, e: -8.5070354372563243e+33
#ERR  p: [11, 589], r: -1.9590632616478489e+34, e: -1.9849713659660291e+34
#ERR  p: [12, 589], r: -2.8309893685399683e+32, e: -2.5022420117073427e+32
#ERR  p: [13, 589], r: 4.0299723632440671e+33, e: 4.1877007795294960e+33
#ERR  p: [14, 589], r: -1.4018997505525560e+34, e: -1.4124041669619082e+34
#ERR  p: [15, 589], r: -3.3498558427859247e+33, e: -3.1128200358237173e+33
#ERR  p: [16, 589], r: -1.9101751525864103e+34, e: -1.8916303156218996e+34
#ERR  p: [17, 589], r: -3.1638999177247106e+34, e: -3.1861090572055061e+34
#ERR  p: [18, 589], r: 3.3604367638897047e+34, e: 3.3715222693534975e+34
#ERR  p: [19, 589], r: -3.2863406056023019e+34, e: -3.2584621959175951e+34
#ERR  p: [20, 589], r: -2.1000612896843477e+33, e: -1.8072228595712731e+33
#ERR  p: [21, 589], r: 3.5393290030867565e+34, e: 3.5453166714687720e+34
#ERR  p: [22, 589], r: -3.5361868636790423e+33, e: -3.7194737900155572e+33
#ERR  p: [23, 589], r: -1.2801207416259628e+34, e: -1.2937994838840506e+34
#ERR  p: [24, 589], r: 1.2125251302788514e+33, e: 1.4796187403649276e+33
#ERR  p: [25, 589], r: 2.0948005396934005e+34, e: 2.1195261636860553e+34
#ERR  p: [26, 589], r: -1.1842185171345558e+34, e: -1.2149001182442204e+34
#ERR  p: [27, 589], r: -1.3960907169182094e+34, e: -1.4066894643585551e+34
#ERR  p: [28, 589], r: -3.6528822718343101e+34, e: -3.6986662462472406e+34
#ERR  p: [29, 589], r: 1.6834245228525976e+33, e: 1.6491632943253354e+33
#ERR  p: [30, 589], r: -7.2040390492324148e+34, e: -7.2135672261267866e+34
#ERR  p: [31, 589], r: -2.3419698762291903e+34, e: -2.3439795480889661e+34
#ERR  p: [32, 589], r: -3.9146216674564731e+34, e: -3.8991454362613430e+34
#ERR  p: [33, 589], r: -1.3669185360984455e+34, e: -1.3701485692489489e+34
#ERR  p: [34, 589], r: -3.7191410317329972e+34, e: -3.6998306526481925e+34
#ERR  p: [35, 589], r: -8.6907011732448605e+33, e: -8.2986628939637306e+33
#ERR  p: [36, 589], r: 3.7895170564083436e+32, e: 4.6538963094389675e+32
#ERR  p: [37, 589], r: -1.3903366478216070e+34, e: -1.3534824300880577e+34
#ERR  p: [38, 589], r: -2.0663201197675893e+34, e: -2.0958956214521524e+34
#ERR  p: [39, 589], r: -1.6332877036735318e+34, e: -1.6019829235480910e+34
#ERR  p: [40, 589], r: -8.0961711848277620e+33, e: -7.8475507349779219e+33
#ERR  p: [41, 589], r: -4.5515619960914416e+33, e: -4.1388154558331458e+33
#ERR  p: [42, 589], r: -7.8527401796226062e+33, e: -7.8353644532311966e+33
#ERR  p: [43, 589], r: -2.3493403236350875e+33, e: -2.2028449752661342e+33
#ERR  p: [44, 589], r: -4.1017459603267647e+33, e: -4.2743377036938735e+33
#ERR  p: [45, 589], r: -6.2866482326634966e+33, e: -5.8016282770316418e+33
#ERR  p: [46, 589], r: 9.8766830121713744e+33, e: 9.6605956265539542e+33
#ERR  p: [47, 589], r: 3.7451350490899038e+34, e: 3.7752288762689157e+34
#ERR  p: [48, 589], r: 1.2107245464917108e+34, e: 1.1798879552891277e+34
#ERR  p: [49, 589], r: 2.4374861110163481e+34, e: 2.4048059795072612e+34
#ERR  p: [50, 589], r: -1.9081293328774873e+34, e: -1.9097277610562126e+34
#ERR  p: [51, 589], r: 2.1344331900511220e+34, e: 2.1183922106100699e+34
#ERR  p: [52, 589], r: -8.5044091474629804e+33, e: -8.5183557799455695e+33
#ERR  p: [53, 589], r: -1.2913179092812991e+34, e: -1.2460943503241531e+34
#ERR  p: [54, 589], r: -1.0747337383261136e+34, e: -1.0838553757115840e+34
#ERR  p: [55, 589], r: 1.8651627861999664e+33, e: 2.0054387238115500e+33
#ERR  p: [56, 589], r: 1.3293990493877842e+32, e: -8.2308157332006364e+31
#ERR  p: [57, 589], r: 1.2719321396481018e+34, e: 1.2287436303215370e+34
#ERR  p: [58, 589], r: -2.0931555649691981e+34, e: -2.0602871427801359e+34
#ERR  p: [59, 589], r: -1.3192986966072548e+34, e: -1.3352686182900519e+34
#ERR  p: [60, 589], r: 3.4469757050999728e+34, e: 3.4775233610973867e+34
#ERR  p: [61, 589], r: 1.4671312678066442e+34, e: 1.5038168781068428e+34
#ERR  p: [62, 589], r: 1.9831239880454035e+34, e: 2.0090385296517879e+34
#ERR  p: [63, 589], r: 3.0486870665604910e+34, e: 3.0993574378964888e+34
#ERR  p: [64, 589], r: -1.2830934070422988e+34, e: -1.2425605266880090e+34
#ERR  p: [65, 589], r: -7.9036385795138404e+34, e: -7.8722226323728717e+34
#ERR  p: [66, 589], r: -8.8196344852464918e+33, e: -9.1055961584413361e+33
#ERR  p: [67, 589], r: 1.2807348836794523e+34, e: 1.2736043490531685e+34
#ERR  p: [68, 589], r: -1.8081968707941828e+34, e: -1.8251192635432061e+34
#ERR  p: [69, 589], r: 3.1822718763627351e+33, e: 3.0512978202063419e+33
#ERR  p: [70, 589], r: 1.0090839985040034e+33, e: 6.1447080394115988e+32
#ERR  p: [71, 589], r: -5.0525334280995082e+34, e: -5.0149733369555583e+34
#ERR  p: [72, 589], r: -7.5027058248444489e+33, e: -7.4714800252935145e+33
#ERR  p: [73, 589], r: 2.2454085724608677e+34, e: 2.2124986792804895e+34
#ERR  p: [74, 589], r: 6.4606922034906911e+34, e: 6.4743887720853446e+34
#ERR  p: [75, 589], r: -6.1678598392838091e+33, e: -6.1829602318830121e+33
#ERR  p: [76, 589], r: 2.5423029893186569e+34, e: 2.5738184668387841e+34
#ERR  p: [77, 589], r: 2.6359412690662188e+34, e: 2.6360150502925602e+34
#ERR  p: [78, 589], r: -3.3997606101046265e+33, e: -2.9113115605639511e+33
#ERR  p: [925, 1886], r: 3.9519730419097994e+34, e: 3.7850026604670816e+34
#ERR  p: [79, 589], r: -3.7003599958089909e+33, e: -3.7063800982200357e+33
#ERR  p: [80, 589], r: -3.3838007776331495e+31, e: 1.2240194035436162e+32
#ERR  p: [926, 1886], r: -1.3281234759713045e+34, e: -1.2644428499984331e+34
#ERR  p: [81, 589], r: -4.1762729217478389e+34, e: -4.2020448526616977e+34
#ERR  p: [82, 589], r: 1.1261894588230340e+34, e: 1.1192678884753816e+34
#ERR  p: [83, 589], r: 9.2517034126079734e+33, e: 9.3007060311230459e+33
#ERR  p: [84, 589], r: -2.9068993565729321e+34, e: -2.9548180347896063e+34
#ERR  p: [85, 589], r: -3.5136981973373762e+34, e: -3.5157224768896157e+34
#ERR  p: [86, 589], r: 7.7012732640558828e+33, e: 8.1072408446590519e+33
#ERR  p: [87, 589], r: -2.4931750293746068e+33, e: -2.4884683813452438e+33
#ERR  p: [88, 589], r: 5.9881474648107308e+33, e: 5.7561327426478648e+33
#ERR  p: [89, 589], r: -2.4109072907848831e+34, e: -2.3843074255727503e+34
#ERR  p: [90, 589], r: -5.1274377136445566e+34, e: -5.1608947763222990e+34
#ERR  p: [91, 589], r: 1.8276686772601104e+34, e: 1.8092983898411390e+34
#ERR  p: [92, 589], r: -1.7470441183815322e+34, e: -1.7398888249544627e+34
#ERR  p: [93, 589], r: 4.1478438763336580e+34, e: 4.1502227019131488e+34
#ERR  p: [94, 589], r: 3.2929489771200151e+34, e: 3.2722857771602792e+34
#ERR  p: [95, 589], r: 9.2915285626418038e+33, e: 9.2044716673190987e+33
#ERR  p: [96, 589], r: 9.5829272684891894e+33, e: 9.3777337552174805e+33
#ERR  p: [97, 589], r: -2.5326856807414567e+34, e: -2.5028332518701054e+34
#ERR  p: [98, 589], r: 3.2537496057760435e+34, e: 3.2342337286447174e+34
#ERR  p: [99, 589], r: -2.5930099417828156e+33, e: -2.6272228906485456e+33
#ERR  p: [100, 589], r: 3.6575953571518774e+33, e: 3.3920535049050455e+33
#ERR  p: [101, 589], r: 3.9880223510298054e+34, e: 3.9820445861681042e+34
#ERR  p: [102, 589], r: 2.2421314975888715e+34, e: 2.2191127453223834e+34
#ERR  p: [103, 589], r: -9.7438829944570353e+33, e: -9.6973636836607693e+33
#ERR  p: [104, 589], r: 7.0288705336735335e+34, e: 7.0387874237402409e+34
#ERR  p: [105, 589], r: 1.6595470115808572e+34, e: 1.6516855971553794e+34
#ERR  p: [106, 589], r: -2.8900547064583759e+34, e: -2.8868226926038097e+34
#ERR  p: [107, 589], r: -2.7748371511220070e+34, e: -2.7524542048596959e+34
#ERR  p: [108, 589], r: -1.7587836275680794e+34, e: -1.7554486171022446e+34
#ERR  p: [109, 589], r: -5.8313072705034891e+33, e: -5.6985282977698178e+33
#ERR  p: [110, 589], r: 4.5124999122978268e+34, e: 4.4859277769425739e+34
#ERR  p: [111, 589], r: 8.5650224056065105e+33, e: 8.8199848222776095e+33
#ERR  p: [112, 589], r: 1.5543160423354074e+34, e: 1.5722745908973126e+34
#ERR  p: [113, 589], r: -2.2982497954497563e+34, e: -2.3249179949520577e+34
#ERR  p: [114, 589], r: 2.9553612428788448e+34, e: 2.9923528719567548e+34
#ERR  p: [115, 589], r: -2.1864855976469779e+34, e: -2.2076137678854694e+34
#ERR  p: [116, 589], r: -1.2504491138973492e+33, e: -1.1271601895048396e+33
#ERR  p: [117, 589], r: 5.7725503034488675e+33, e: 5.4862519105633376e+33
#ERR  p: [118, 589], r: -3.1344938900315257e+34, e: -3.1192429639235455e+34
#ERR  p: [119, 589], r: -1.0317856369551780e+34, e: -1.0408325027622756e+34
#ERR  p: [120, 589], r: -1.2393265321293799e+34, e: -1.2851622524359525e+34
#ERR  p: [121, 589], r: -3.3354516676648158e+34, e: -3.2859598152462177e+34
#ERR  p: [122, 589], r: 4.1136400882242187e+33, e: 4.1608749283631916e+33
#ERR  p: [123, 589], r: 4.6965370302981485e+34, e: 4.7121840972187000e+34
#ERR  p: [124, 589], r: -2.2072344630574323e+34, e: -2.1637072533361191e+34
#ERR  p: [125, 589], r: -1.7174803771273423e+34, e: -1.6788866060505892e+34
#ERR  p: [126, 589], r: -3.8816679511987041e+34, e: -3.9012803876530945e+34
#ERR  p: [127, 589], r: -1.5202210691554213e+34, e: -1.5024917870887918e+34
#ERR  p: [128, 589], r: -2.7982852209941193e+34, e: -2.8329292205815285e+34
#ERR  p: [129, 589], r: -6.2549229243067106e+33, e: -5.8084022849266114e+33
#ERR  p: [130, 589], r: 3.3182036966854604e+34, e: 3.3270396175098638e+34
#ERR  p: [131, 589], r: 3.5833910029050410e+34, e: 3.5430658488893433e+34
#ERR  p: [132, 589], r: -1.1736658210636715e+34, e: -1.1293843344764217e+34
#ERR  p: [133, 589], r: -1.1950668332868215e+34, e: -1.2377021072098296e+34
#ERR  p: [134, 589], r: -4.5495034256001139e+34, e: -4.5945723658463532e+34
#ERR  p: [135, 589], r: 5.9169201087703678e+33, e: 6.2328250756354469e+33
#ERR  p: [136, 589], r: -2.7429365504556581e+33, e: -2.9502036132931701e+33
#ERR  p: [137, 589], r: -7.6973966548228607e+33, e: -7.5441260606188984e+33
#ERR  p: [138, 589], r: 4.5224811752465769e+34, e: 4.5213561353388744e+34
#ERR  p: [139, 589], r: -6.3316034062201256e+33, e: -5.9324172611521619e+33
#ERR  p: [140, 589], r: -1.3500520982391979e+34, e: -1.3432627398877411e+34
#ERR  p: [141, 589], r: 2.3870893244290324e+34, e: 2.3933379505713292e+34
#ERR  p: [142, 589], r: -2.3795864174389315e+34, e: -2.3910665781872484e+34
#ERR  p: [143, 589], r: 3.3415663486948620e+34, e: 3.3749521060263415e+34
#ERR  p: [144, 589], r: -1.5420455806660107e+34, e: -1.5801159506941540e+34
#ERR  p: [145, 589], r: -2.6881541136911661e+34, e: -2.6840674260334772e+34
#ERR  p: [146, 589], r: -5.2717206155752991e+34, e: -5.2232691279657164e+34
#ERR  p: [147, 589], r: -1.7707798855187744e+34, e: -1.7309865505439537e+34
#ERR  p: [148, 589], r: -2.6471136779207693e+34, e: -2.6034698542477554e+34
#ERR  p: [149, 589], r: -1.3963462277423179e+34, e: -1.3981637713079967e+34
#ERR  p: [150, 589], r: 1.3436895816132867e+34, e: 1.3370289690259157e+34
#ERR  p: [151, 589], r: 2.1138794239908589e+34, e: 2.0694111322516809e+34
#ERR  p: [152, 589], r: 1.5387313675928359e+34, e: 1.4955037393610297e+34
#ERR  p: [153, 589], r: -1.1373586490334824e+34, e: -1.1328857240835365e+34
#ERR  p: [154, 589], r: 2.9282300538018506e+34, e: 2.9779264139149387e+34
#ERR  p: [155, 589], r: 5.0436948457040204e+33, e: 5.5028217379891724e+33
#ERR  p: [156, 589], r: -3.0145610210855188e+34, e: -3.0457402740909761e+34
#ERR  p: [157, 589], r: -7.3510105093404773e+33, e: -7.4454925690188161e+33
#ERR  p: [158, 589], r: 3.9763383015570182e+33, e: 4.2066322870652775e+33
#ERR  p: [159, 589], r: 1.5428745053163162e+34, e: 1.5019536545537144e+34
#ERR  p: [160, 589], r: -7.7117098413510821e+34, e: -7.6628438914163468e+34
#ERR  p: [161, 589], r: 1.1108151100931371e+34, e: 1.1144029079149940e+34
#ERR  p: [162, 589], r: -1.3892175500260930e+34, e: -1.4144274561621162e+34
#ERR  p: [163, 589], r: 3.6213511962696879e+34, e: 3.6573183061710854e+34
#ERR  p: [164, 589], r: -1.1718362694796117e+34, e: -1.1844070554025390e+34
#ERR  p: [165, 589], r: -4.1599553865020105e+34, e: -4.1960571842796821e+34
#ERR  p: [166, 589], r: 3.2908385369410414e+34, e: 3.3016514480081835e+34
#ERR  p: [167, 589], r: 3.0587809820528161e+34, e: 3.0600258545563215e+34
#ERR  p: [168, 589], r: -3.2423809834252662e+33, e: -2.8511275581290432e+33
#ERR  p: [169, 589], r: -5.2046802203358071e+34, e: -5.2335846347250736e+34
#ERR  p: [170, 589], r: 1.8084069492188496e+34, e: 1.8054064301516297e+34
#ERR  p: [171, 589], r: -6.9944169292641664e+33, e: -7.0821769745291856e+33
#ERR  p: [172, 589], r: -1.3301898454848797e+34, e: -1.3141296779732186e+34
#ERR  p: [173, 589], r: 3.9739477155471542e+34, e: 3.9449710054595935e+34
#ERR  p: [174, 589], r: 1.4614884895195735e+34, e: 1.4140922219994777e+34
#ERR  p: [175, 589], r: -6.8028289959942234e+33, e: -7.0934422288866825e+33
#ERR  p: [176, 589], r: 1.5747285594371880e+34, e: 1.6168333760533623e+34
#ERR  p: [177, 589], r: 1.7998818751383108e+34, e: 1.8455583963558313e+34
#ERR  p: [178, 589], r: -1.2522288383948278e+34, e: -1.2874313965279626e+34
#ERR  p: [179, 589], r: 4.5497515087839867e+33, e: 4.3719437050613490e+33
#ERR  p: [180, 589], r: -2.3921250169208374e+34, e: -2.4304149975119500e+34
#ERR  p: [181, 589], r: 5.0984723926053572e+34, e: 5.0793308685419110e+34
#ERR  p: [182, 589], r: -1.5655502243979183e+34, e: -1.5511661039054458e+34
#ERR  p: [183, 589], r: 3.5460690914246497e+34, e: 3.5340402756509215e+34
#ERR  p: [184, 589], r: -2.7543980183093818e+34, e: -2.7187131587369415e+34
#ERR  p: [185, 589], r: -6.7792963748174280e+33, e: -6.8968152606868284e+33
#ERR  p: [186, 589], r: 2.4288626207026861e+34, e: 2.4528016575943789e+34
#ERR  p: [187, 589], r: 1.8447690857867830e+34, e: 1.8911366251342326e+34
#ERR  p: [188, 589], r: 2.7010881112216198e+34, e: 2.7102003402627916e+34
#ERR  p: [189, 589], r: 1.2078692377910991e+33, e: 1.4676509550351362e+33
#ERR  p: [190, 589], r: 7.2300062032904689e+33, e: 7.1835785000571100e+33
#ERR  p: [191, 589], r: 3.6561568708262278e+32, e: 4.7610183558884297e+32
#ERR  p: [192, 589], r: -2.9621973953637865e+33, e: -2.7691307427169171e+33
#ERR  p: [193, 589], r: 3.4186704536897205e+34, e: 3.4199182972493201e+34
#ERR  p: [194, 589], r: -7.3856957323311948e+33, e: -7.5428447926782381e+33
#ERR  p: [195, 589], r: -8.1819552302020738e+34, e: -8.1977607534476539e+34
#ERR  p: [196, 589], r: 2.4983836001928980e+34, e: 2.4758313037332127e+34
#ERR  p: [197, 589], r: -8.6302253264456911e+33, e: -8.9664127029144218e+33
#ERR  p: [198, 589], r: -4.2286159357679171e+33, e: -4.2784157876682894e+33
#ERR  p: [199, 589], r: 2.5293459661034726e+34, e: 2.5215773971809411e+34
#ERR  p: [200, 589], r: 1.1104554885117247e+34, e: 1.0717380472250469e+34
#ERR  p: [201, 589], r: -4.1624922970245180e+33, e: -4.0597011838024957e+33
#ERR  p: [202, 589], r: -1.2479945882844561e+34, e: -1.2401794728164475e+34
#ERR  p: [203, 589], r: -3.1678068564886953e+33, e: -3.4467036058793379e+33
#ERR  p: [204, 589], r: 8.4708312618374038e+33, e: 8.6801087392987151e+33
#ERR  p: [205, 589], r: -5.6232349276704221e+33, e: -5.3581721582187936e+33
#ERR  p: [206, 589], r: -2.0252597531625600e+34, e: -1.9823908799541387e+34
#ERR  p: [207, 589], r: -2.2388507088967574e+34, e: -2.2382134173645332e+34
#ERR  p: [208, 589], r: -3.7847563103992638e+34, e: -3.7435858909247421e+34
#ERR  p: [209, 589], r: 1.6589281653552185e+33, e: 1.5906211098675298e+33
#ERR  p: [210, 589], r: -1.5686869168694596e+34, e: -1.5354715000873857e+34
#ERR  p: [211, 589], r: -1.4771077027892411e+34, e: -1.4577938574723263e+34
#ERR  p: [212, 589], r: 5.4695075335919635e+33, e: 5.3723094334674326e+33
#ERR  p: [213, 589], r: 8.3509683365036165e+33, e: 8.8545530599346145e+33
#ERR  p: [214, 589], r: -2.1930518792033554e+34, e: -2.2051406112749850e+34
#ERR  p: [215, 589], r: -2.2491756240004131e+34, e: -2.2862806483859217e+34
#ERR  p: [216, 589], r: 1.2794047171072402e+34, e: 1.2493643689379254e+34
#ERR  p: [217, 589], r: 2.5311781173616149e+34, e: 2.5134567581112368e+34
#ERR  p: [218, 589], r: -2.9426493317914389e+34, e: -2.9659384501625069e+34
#ERR  p: [219, 589], r: -1.1940256638167805e+33, e: -7.6836740894873822e+32
#ERR  p: [220, 589], r: 1.8707121619110729e+33, e: 1.8741239246593434e+33
#ERR  p: [221, 589], r: 3.4534203590474905e+33, e: 3.0615553913718606e+33
#ERR  p: [222, 589], r: -2.4531957558058854e+33, e: -2.9277600698659359e+33
#ERR  p: [223, 589], r: 2.5080444687852307e+32, e: -2.3617485835051072e+32
#ERR  p: [224, 589], r: -5.4056459207853486e+34, e: -5.3944470200139574e+34
#ERR  p: [225, 589], r: -2.8100322816149061e+34, e: -2.8439726360839855e+34
#ERR  p: [226, 589], r: -9.1398931324872326e+32, e: -1.2170048484247629e+33
#ERR  p: [227, 589], r: 2.0057780431763181e+34, e: 2.0077463678387819e+34
#ERR  p: [228, 589], r: 7.3686523928403333e+34, e: 7.3875849526251482e+34
#ERR  p: [229, 589], r: -1.3379642327255958e+34, e: -1.3448219253672211e+34
#ERR  p: [230, 589], r: -2.3467780353417747e+34, e: -2.3049708195110445e+34
#ERR  p: [231, 589], r: 1.0510336238620028e+34, e: 1.0549343729257911e+34
#ERR  p: [232, 589], r: 2.9819573942708597e+34, e: 2.9590317350953259e+34
#ERR  p: [233, 589], r: -1.4378935999588020e+34, e: -1.4004880037317550e+34
#ERR  p: [234, 589], r: -4.7481720045127575e+34, e: -4.7597398114158558e+34
#ERR  p: [235, 589], r: -1.1252488719811850e+34, e: -1.1259616778558055e+34
#ERR  p: [236, 589], r: 1.3235023695986561e+34, e: 1.3184620967287057e+34
#ERR  p: [237, 589], r: 4.3018163825398950e+34, e: 4.2806901930054664e+34
#ERR  p: [238, 589], r: -5.4723362265817306e+33, e: -5.7781829306276160e+33
#ERR  p: [239, 589], r: -7.9054405250350242e+33, e: -8.0146367400203090e+33
#ERR  p: [240, 589], r: 8.9448533581602473e+32, e: 1.1293225612684614e+33
#ERR  p: [241, 589], r: -3.3029067192080188e+34, e: -3.3309871607071370e+34
#ERR  p: [242, 589], r: 8.1609575388437231e+33, e: 8.0447248726751402e+33
#ERR  p: [243, 589], r: 1.5036868944027179e+34, e: 1.5047111659912226e+34
#ERR  p: [244, 589], r: 1.5086346931517337e+34, e: 1.4817401982102509e+34
#ERR  p: [245, 589], r: 1.8796501508917153e+34, e: 1.8406925492374162e+34
#ERR  p: [246, 589], r: 2.5086126987375131e+34, e: 2.5066795315721651e+34
#ERR  p: [247, 589], r: 8.5787078327408104e+33, e: 8.3144125861135388e+33
#ERR  p: [248, 589], r: 3.5020761686605572e+34, e: 3.5010625433563904e+34
#ERR  p: [249, 589], r: 8.0073118488078574e+33, e: 7.7752129467223200e+33
#ERR  p: [250, 589], r: 1.2240639693850304e+34, e: 1.2619012353037763e+34
#ERR  p: [251, 589], r: -4.1476859151846452e+34, e: -4.1236302643412517e+34
#ERR  p: [252, 589], r: -1.5459578425721643e+34, e: -1.5619163752066000e+34
#ERR  p: [253, 589], r: -1.6220796421458498e+34, e: -1.5939161348700957e+34
#ERR  p: [254, 589], r: 2.1083327098508369e+34, e: 2.0893006196868634e+34
#ERR  p: [255, 589], r: 1.0493250190197812e+34, e: 1.0312605027905132e+34
#ERR  p: [256, 589], r: -2.4761244479345155e+34, e: -2.4558769482399717e+34
#ERR  p: [257, 589], r: -4.4795145047750521e+33, e: -4.0245396633816632e+33
#ERR  p: [258, 589], r: 8.1224247982109067e+33, e: 7.8784986169900368e+33
#ERR  p: [259, 589], r: 1.7151882073506015e+34, e: 1.6780108872667987e+34
#ERR  p: [260, 589], r: 1.4466572250849111e+34, e: 1.4342352395547059e+34
#ERR  p: [261, 589], r: -1.5139044801049676e+34, e: -1.5024145396303403e+34
#ERR  p: [262, 589], r: 1.1110185036415917e+34, e: 1.1486640126482522e+34
#ERR  p: [263, 589], r: -1.1930986324183617e+34, e: -1.1844486501878590e+34
#ERR  p: [264, 589], r: 2.1106352783239077e+34, e: 2.1545351079970458e+34
#ERR  p: [265, 589], r: 9.5580737652904765e+33, e: 9.2674747687084692e+33
#ERR  p: [266, 589], r: 4.5422619715463102e+34, e: 4.5516425859879991e+34
#ERR  p: [267, 589], r: -2.0377525488630123e+34, e: -2.0773017620620859e+34
#ERR  p: [268, 589], r: 2.9352405082443238e+34, e: 2.9810284440653800e+34
#ERR  p: [269, 589], r: 3.3806106061519111e+33, e: 3.3280427203236967e+33
#ERR  p: [270, 589], r: -4.6585580202449045e+34, e: -4.7058092011923960e+34
#ERR  p: [271, 589], r: 3.0043683179780587e+34, e: 2.9824661876270060e+34
#ERR  p: [272, 589], r: 3.0112848127715500e+33, e: 2.7952593241560940e+33
#ERR  p: [273, 589], r: -4.1855965909477207e+34, e: -4.1561128206200686e+34
#ERR  p: [274, 589], r: -3.5590072979512369e+34, e: -3.5419999825155186e+34
#ERR  p: [275, 589], r: -2.8384875713579199e+34, e: -2.8879061377261922e+34
#ERR  p: [276, 589], r: 5.2018750482067865e+34, e: 5.1659099190094519e+34
#ERR  p: [277, 589], r: -2.4209999683371689e+34, e: -2.3829060774482792e+34
#ERR  p: [278, 589], r: 6.2470979053183877e+33, e: 6.1970455136500012e+33
#ERR  p: [279, 589], r: -7.4208717985474888e+33, e: -7.5688526749635846e+33
#ERR  p: [280, 589], r: -2.0665183758648808e+33, e: -2.2757803790757011e+33
#ERR  p: [281, 589], r: -1.9595610373376456e+34, e: -1.9930133958432387e+34
#ERR  p: [282, 589], r: 7.5098895908924220e+33, e: 7.4998994147753889e+33
#ERR  p: [283, 589], r: -3.2048707812648996e+34, e: -3.1751300145850919e+34
#ERR  p: [284, 589], r: -2.6650893100552166e+34, e: -2.7016125026222611e+34
#ERR  p: [285, 589], r: -2.8523928566431968e+34, e: -2.8339579487541747e+34
#ERR  p: [286, 589], r: 3.3758372331544306e+34, e: 3.4248631249422416e+34
#ERR  p: [287, 589], r: 4.9026456597953982e+32, e: 8.7084555545457865e+32
#ERR  p: [288, 589], r: 1.5703401857919252e+34, e: 1.5373589872652841e+34
#ERR  p: [289, 589], r: 3.7621470686977714e+34, e: 3.7914392059073420e+34
#ERR  p: [290, 589], r: -1.5468287333898016e+34, e: -1.5400908733439791e+34
#ERR  p: [291, 589], r: 3.3808434626733007e+34, e: 3.4173186231668208e+34
#ERR  p: [292, 589], r: 1.8338321331277045e+34, e: 1.8236404203722758e+34
#ERR  p: [293, 589], r: -7.1419156280349605e+33, e: -6.9387498605476011e+33
#ERR  p: [294, 589], r: 1.2775371607639742e+34, e: 1.2447671548080352e+34
#ERR  p: [295, 589], r: -1.6890957737605718e+34, e: -1.7185079911539531e+34
#ERR  p: [296, 589], r: 5.1315684719676440e+34, e: 5.1410926874538900e+34
#ERR  p: [297, 589], r: 1.2428346066127068e+34, e: 1.2254566519292265e+34
#ERR  p: [298, 589], r: -1.2457279200725246e+33, e: -1.1160116109960453e+33
#ERR  p: [299, 589], r: -6.5544090924307476e+33, e: -6.5523689672460053e+33
#ERR  p: [300, 589], r: -1.3869392451777922e+34, e: -1.4032023110618921e+34
#ERR  p: [301, 589], r: 4.7278004013292753e+33, e: 5.1429039794223704e+33
#ERR  p: [302, 589], r: -1.2572000651590871e+33, e: -1.6365766937184062e+33
#ERR  p: [303, 589], r: 3.8665039284814818e+34, e: 3.8735802413340449e+34
#ERR  p: [304, 589], r: 2.1208245151992578e+34, e: 2.1138511989579632e+34
#ERR  p: [305, 589], r: -2.8514371669328685e+34, e: -2.8904664453154423e+34
#ERR  p: [306, 589], r: 5.6021775676021778e+33, e: 5.2334942651022058e+33
#ERR  p: [307, 589], r: -3.3400983993962774e+34, e: -3.3216976586523395e+34
#ERR  p: [308, 589], r: -4.0569196563282254e+34, e: -4.0380148264002905e+34
#ERR  p: [309, 589], r: -1.8557868759304268e+34, e: -1.8701806523552058e+34
#ERR  p: [310, 589], r: -2.2900962271750071e+34, e: -2.2989705241406283e+34
#ERR  p: [311, 589], r: 2.6624022374059438e+34, e: 2.6427051258528663e+34
#ERR  p: [312, 589], r: 3.4464953843647301e+34, e: 3.4886620979828687e+34
#ERR  p: [313, 589], r: 1.4212065396112469e+34, e: 1.3772708096769695e+34
#ERR  p: [314, 589], r: 3.3589082793231991e+33, e: 3.5904228737101938e+33
#ERR  p: [315, 589], r: -1.8118657536886129e+34, e: -1.8333898171516678e+34
#ERR  p: [316, 589], r: 3.6295553962920439e+33, e: 3.8572620871181968e+33
#ERR  p: [317, 589], r: -2.1290990302158452e+32, e: -3.4750121997276963e+32
#ERR  p: [318, 589], r: 1.7421111749129878e+34, e: 1.7885562093068967e+34
#ERR  p: [319, 589], r: -2.0484242109716720e+34, e: -2.0866462286546277e+34
#ERR  p: [320, 589], r: -2.0678358535516903e+34, e: -2.0909604496915373e+34
#ERR  p: [321, 589], r: -9.1855367554482091e+32, e: -1.0572945675076906e+33
#ERR  p: [322, 589], r: 3.7269515668228605e+32, e: 5.3271809483053037e+31
#ERR  p: [323, 589], r: -2.2133573144917378e+34, e: -2.1715736195217541e+34
#ERR  p: [324, 589], r: -3.4497477004359406e+34, e: -3.4596140825490451e+34
#ERR  p: [325, 589], r: -2.3023072677225181e+34, e: -2.2813449814492909e+34
#ERR  p: [326, 589], r: 1.6047862387670527e+34, e: 1.6362333819970114e+34
#ERR  p: [327, 589], r: 1.7410645585067740e+33, e: 2.0387891379549079e+33
#ERR  p: [328, 589], r: 1.9234191303027010e+34, e: 1.9354732000532306e+34
#ERR  p: [329, 589], r: -3.1591751957707740e+34, e: -3.1845069152066629e+34
#ERR  p: [330, 589], r: -2.6953774938203963e+34, e: -2.7054082743707179e+34
#ERR  p: [331, 589], r: 2.1582915132522534e+34, e: 2.1472758276066764e+34
#ERR  p: [332, 589], r: -4.9545034322685775e+33, e: -4.7445537533659341e+33
#ERR  p: [333, 589], r: -4.4112953430301526e+34, e: -4.3658584870042378e+34
#ERR  p: [334, 589], r: -3.0863149968185937e+34, e: -3.0693091669109226e+34
#ERR  p: [335, 589], r: -2.9928856194526612e+32, e: -7.7100499494494063e+32
#ERR  p: [336, 589], r: 5.0064470868319822e+33, e: 4.7847122187553421e+33
#ERR  p: [337, 589], r: 2.4285098077914898e+34, e: 2.4102610860843761e+34
#ERR  p: [338, 589], r: -2.2216027379174020e+34, e: -2.2302584146720854e+34
#ERR  p: [339, 589], r: -1.7771757027317423e+34, e: -1.7964642940718556e+34
#ERR  p: [340, 589], r: 1.9526943077337335e+34, e: 1.9505093435643948e+34
#ERR  p: [341, 589], r: 2.5718456855921789e+34, e: 2.5824464137365875e+34
#ERR  p: [342, 589], r: -3.9424057461101863e+33, e: -3.4343823886683305e+33
#ERR  p: [343, 589], r: -9.6154300031906467e+33, e: -9.1177682038776096e+33
#ERR  p: [344, 589], r: 1.8369423336824051e+34, e: 1.8100428869807652e+34
#ERR  p: [345, 589], r: -4.6343533214207810e+34, e: -4.5894012427142503e+34
#ERR  p: [346, 589], r: 5.0305867319070413e+34, e: 5.0560303611224815e+34
#ERR  p: [347, 589], r: -1.9006325536905809e+33, e: -1.6639037558581162e+33
#ERR  p: [348, 589], r: -2.2052733184471964e+34, e: -2.2489220938803675e+34
#ERR  p: [349, 589], r: -2.4505768317557752e+34, e: -2.4907816579996544e+34
#ERR  p: [350, 589], r: -4.3934784148087417e+34, e: -4.3702640680160466e+34
#ERR  p: [351, 589], r: -1.1006820756955705e+34, e: -1.0855806927443360e+34
#ERR  p: [352, 589], r: 1.2126504098108271e+34, e: 1.2130648721359798e+34
#ERR  p: [353, 589], r: 2.3216453766642029e+34, e: 2.3164338966868193e+34
#ERR  p: [354, 589], r: -1.8103839394615883e+34, e: -1.8431059133440031e+34
#ERR  p: [355, 589], r: 1.7115614144175071e+34, e: 1.7326613596231029e+34
#ERR  p: [356, 589], r: 9.4074505058605260e+33, e: 9.6578220218959353e+33
#ERR  p: [357, 589], r: -1.7449679691416467e+34, e: -1.7027490144538502e+34
#ERR  p: [358, 589], r: -2.3797466068800151e+34, e: -2.3607821082421866e+34
#ERR  p: [359, 589], r: -4.1133157479339259e+34, e: -4.1287033426222432e+34
#ERR  p: [360, 589], r: 1.2503575682314441e+34, e: 1.2126943566822217e+34
#ERR  p: [361, 589], r: -4.6609477396967410e+34, e: -4.6579494489215918e+34
#ERR  p: [362, 589], r: -8.9826495244696889e+33, e: -8.8787442652123098e+33
#ERR  p: [363, 589], r: -2.4619963334421672e+34, e: -2.4808872984416621e+34
#ERR  p: [364, 589], r: 1.9330954886197752e+34, e: 1.9757662914219108e+34
#ERR  p: [365, 589], r: 3.0622276547101945e+34, e: 3.0501896781801756e+34
#ERR  p: [366, 589], r: 1.0893328890034100e+34, e: 1.0916968593024294e+34
#ERR  p: [367, 589], r: 5.1305224126344479e+33, e: 5.2686765210186963e+33
#ERR  p: [368, 589], r: -5.4894802105977860e+34, e: -5.4417006768415275e+34
#ERR  p: [369, 589], r: -2.2747762240128348e+34, e: -2.2323757873152791e+34
#ERR  p: [370, 589], r: 2.2006149500793655e+34, e: 2.2325820281258241e+34
#ERR  p: [371, 589], r: -3.5307983582760409e+34, e: -3.5027840227750206e+34
#ERR  p: [372, 589], r: -1.0545034459981158e+34, e: -1.0124115039583501e+34
#ERR  p: [373, 589], r: -2.0305573937666778e+34, e: -2.0517972261967128e+34
#ERR  p: [374, 589], r: 1.1957053627590849e+34, e: 1.2038408571092605e+34
#ERR  p: [375, 589], r: 4.2545394524395864e+34, e: 4.2545508414879478e+34
#ERR  p: [376, 589], r: -2.4598039416325927e+34, e: -2.4190029234657938e+34
#ERR  p: [377, 589], r: 1.2505061210361583e+34, e: 1.2566222875942517e+34
#ERR  p: [378, 589], r: 1.2728796589541708e+34, e: 1.2494506533586636e+34
#ERR  p: [379, 589], r: 7.0306235805631656e+32, e: 3.5129395876813022e+32
#ERR  p: [380, 589], r: -1.5935164040314104e+34, e: -1.6175245179772954e+34
#ERR  p: [381, 589], r: -1.8795205385696022e+34, e: -1.8475044380975880e+34
#ERR  p: [382, 589], r: -4.1737633697001996e+34, e: -4.1700510351103906e+34
#ERR  p: [383, 589], r: -1.3146253491649485e+34, e: -1.2856273465087121e+34
#ERR  p: [384, 589], r: 1.8989204207192473e+34, e: 1.9002460069133141e+34
#ERR  p: [385, 589], r: -4.0359501900027703e+34, e: -4.0225101225842568e+34
#ERR  p: [386, 589], r: 1.7715981638847420e+34, e: 1.7524140546839443e+34
#ERR  p: [387, 589], r: 1.3072995913944694e+34, e: 1.3444873101746022e+34
#ERR  p: [388, 589], r: -5.7795671951795449e+34, e: -5.8219621849409277e+34
#ERR  p: [389, 589], r: -1.7108578930931812e+34, e: -1.6800034755540324e+34
#ERR  p: [390, 589], r: -3.6582130892314808e+34, e: -3.6310279259687739e+34
#ERR  p: [391, 589], r: 7.3535359070206195e+33, e: 7.1942972038872625e+33
#ERR  p: [392, 589], r: 6.7099011700352074e+33, e: 6.5175562364312415e+33
#ERR  p: [393, 589], r: 1.6688245056172737e+34, e: 1.6339180627415359e+34
#ERR  p: [394, 589], r: -2.1759088855393315e+34, e: -2.1506286644090769e+34
#ERR  p: [395, 589], r: 3.2466341740182390e+34, e: 3.2710750718018581e+34
#ERR  p: [396, 589], r: 3.4757818270501201e+34, e: 3.5073210730190015e+34
#ERR  p: [397, 589], r: -1.1877472652165388e+34, e: -1.1602550928240891e+34
#ERR  p: [398, 589], r: 6.5450168413526894e+33, e: 7.0368058531193567e+33
#ERR  p: [399, 589], r: 4.2170838434349522e+34, e: 4.2507171887742888e+34
#ERR  p: [400, 589], r: -3.0366384437461343e+34, e: -3.0628330073894050e+34
#ERR  p: [401, 589], r: 7.0132453782916774e+33, e: 7.3201257622703660e+33
#ERR  p: [402, 589], r: -5.3493710235094942e+33, e: -4.9951963782699469e+33
#ERR  p: [403, 589], r: 2.1890875000215479e+34, e: 2.2144803736953775e+34
#ERR  p: [404, 589], r: -2.3689970783428844e+34, e: -2.3382837859682141e+34
#ERR  p: [405, 589], r: 2.9438102719602807e+34, e: 2.9504362222265518e+34
#ERR  p: [406, 589], r: -4.6464118477554521e+34, e: -4.6124091011083927e+34
#ERR  p: [407, 589], r: -2.3545136750592612e+34, e: -2.3827134539781664e+34
#ERR  p: [408, 589], r: 3.0122824686492101e+34, e: 3.0410398157618095e+34
#ERR  p: [409, 589], r: 4.5260573364320645e+34, e: 4.5460258044417534e+34
#ERR  p: [410, 589], r: -6.1599515069308423e+34, e: -6.1443039448342751e+34
#ERR  p: [411, 589], r: -2.4234626024573193e+33, e: -2.4014569803189824e+33
#ERR  p: [412, 589], r: -2.1209616789556106e+34, e: -2.0732051708840828e+34
#ERR  p: [413, 589], r: 1.8200024859788279e+34, e: 1.8493302758615300e+34
#ERR  p: [414, 589], r: 4.1199591531547509e+33, e: 4.4506859761101938e+33
#ERR  p: [415, 589], r: 2.0155221168135412e+34, e: 2.0088788353867201e+34
#ERR  p: [416, 589], r: -2.1305146146507680e+33, e: -2.5710074144945768e+33
#ERR  p: [417, 589], r: 5.7003907785589227e+33, e: 5.7940211354902331e+33
#ERR  p: [418, 589], r: 1.0255873330754781e+34, e: 1.0643979293501121e+34
#ERR  p: [419, 589], r: -1.9387631495016355e+34, e: -1.9065088693660627e+34
#ERR  p: [420, 589], r: 3.7332317604361592e+34, e: 3.7711253526266925e+34
#ERR  p: [421, 589], r: -5.5899919048254721e+33, e: -5.8565996234461287e+33
#ERR  p: [422, 589], r: -2.1781913993837659e+34, e: -2.2017191925944081e+34
#ERR  p: [423, 589], r: 2.3947838645372146e+34, e: 2.4283397148300919e+34
#ERR  p: [424, 589], r: 5.1955179785170482e+33, e: 5.5042168964134470e+33
#ERR  p: [425, 589], r: 5.8721512451896513e+33, e: 5.9337270017137258e+33
#ERR  p: [426, 589], r: -7.6696203751913949e+34, e: -7.6247960518969185e+34
#ERR  p: [427, 589], r: 2.3878340691566664e+33, e: 2.7937744150789712e+33
#ERR  p: [428, 589], r: 1.1139962446120887e+33, e: 9.6340331471310078e+32
#ERR  p: [429, 589], r: -4.8047562630044293e+34, e: -4.7693234480239875e+34
#ERR  p: [430, 589], r: 5.8291050989676044e+34, e: 5.8079046330308187e+34
#ERR  p: [431, 589], r: 4.9001699344593323e+33, e: 4.6179864542643870e+33
#ERR  p: [432, 589], r: 4.3585179977472912e+34, e: 4.3582421847065384e+34
#ERR  p: [433, 589], r: 1.3629597276468148e+34, e: 1.3369419418411539e+34
#ERR  p: [434, 589], r: 9.6490468839274609e+33, e: 9.2769542945592970e+33
#ERR  p: [435, 589], r: -1.2011639355683098e+32, e: -5.8035526548227109e+32
#ERR  p: [436, 589], r: -4.6877773665801652e+34, e: -4.6957704978258230e+34
#ERR  p: [437, 589], r: -4.5017001233951011e+34, e: -4.4822293072812049e+34
#ERR  p: [438, 589], r: 2.1490946091123944e+34, e: 2.1703859398480637e+34
#ERR  p: [439, 589], r: -3.7613050218830494e+34, e: -3.7397331739344781e+34
#ERR  p: [440, 589], r: 3.1551402540067273e+33, e: 2.6798183206426341e+33
#ERR  p: [441, 589], r: -8.8577062479571793e+32, e: -4.3008249782594333e+32
#ERR  p: [442, 589], r: -1.9184327078244595e+34, e: -1.9354548785406492e+34
#ERR  p: [443, 589], r: 3.9654712925101594e+34, e: 4.0022346454448251e+34
#ERR  p: [444, 589], r: 2.5574296262466928e+34, e: 2.5594308801142016e+34
#ERR  p: [445, 589], r: 8.8862022349789845e+33, e: 9.2241611036439326e+33
#ERR  p: [446, 589], r: -2.5657654192952249e+34, e: -2.5178893262159021e+34
#ERR  p: [447, 589], r: -3.8609864297263868e+32, e: -7.5195449042288283e+32
#ERR  p: [448, 589], r: 5.5896753016604249e+32, e: 9.0482817010174917e+32
#ERR  p: [449, 589], r: 6.7436833157672662e+33, e: 7.0739409594478199e+33
#ERR  p: [450, 589], r: -8.3975687323724557e+33, e: -8.4826053095510470e+33
#ERR  p: [451, 589], r: -3.2489894787369834e+34, e: -3.2030653695116058e+34
#ERR  p: [452, 589], r: -2.1000731739087248e+34, e: -2.1378927372849089e+34
#ERR  p: [453, 589], r: -1.5383759550075571e+34, e: -1.5385306975124677e+34
#ERR  p: [454, 589], r: -3.9679169668517716e+34, e: -4.0035783055634655e+34
#ERR  p: [455, 589], r: -6.5022354905050456e+33, e: -6.6770029134911985e+33
#ERR  p: [456, 589], r: -2.5485902391901795e+34, e: -2.5525531328439399e+34
#ERR  p: [457, 589], r: -4.8035242650773325e+34, e: -4.8415622010764465e+34
#ERR  p: [458, 589], r: 2.1319979144058398e+34, e: 2.0921694219339034e+34
#ERR  p: [459, 589], r: -3.4640444223616396e+34, e: -3.4692472367587482e+34
#ERR  p: [460, 589], r: -4.1293179798517484e+33, e: -3.9512013100893089e+33
#ERR  p: [461, 589], r: 1.2485186083030856e+34, e: 1.2393551285442874e+34
#ERR  p: [462, 589], r: 1.2922312150195324e+33, e: 1.1028412442893406e+33
#ERR  p: [463, 589], r: 1.6768711777696306e+33, e: 1.2689179413434478e+33
#ERR  p: [464, 589], r: -5.1043937074012671e+34, e: -5.0639100970605408e+34
#ERR  p: [465, 589], r: -1.5912267101347482e+34, e: -1.6313119513708324e+34
#ERR  p: [466, 589], r: -5.6036748560796934e+32, e: -2.8941212156934245e+32
#ERR  p: [467, 589], r: -1.4955813582014929e+33, e: -1.8718458055020485e+33
#ERR  p: [468, 589], r: 1.8420904311297773e+34, e: 1.8602148636569467e+34
#ERR  p: [469, 589], r: 2.0697216076135337e+34, e: 2.0903328140916196e+34
#ERR  p: [470, 589], r: 1.1224170841413197e+34, e: 1.1539167160289440e+34
#ERR  p: [471, 589], r: -4.5481218845162714e+34, e: -4.5000145442376101e+34
#ERR  p: [472, 589], r: -3.7773895768134844e+34, e: -3.7992728904759399e+34
#ERR  p: [473, 589], r: -1.7907395641541843e+34, e: -1.8372974986796761e+34
#ERR  p: [474, 589], r: -9.3057605403034481e+33, e: -9.7489084120465143e+33
#ERR  p: [475, 589], r: 9.5497838998174019e+33, e: 1.0042761334021783e+34
#ERR  p: [476, 589], r: 1.7098972516226958e+34, e: 1.7345936602304234e+34
#ERR  p: [477, 589], r: 2.0880059819937788e+34, e: 2.0740803944918575e+34
#ERR  p: [478, 589], r: -1.1524377490640098e+34, e: -1.1101890838152705e+34
#ERR  p: [479, 589], r: -3.1344995845557064e+34, e: -3.1662047144898521e+34
#ERR  p: [480, 589], r: -9.3990783173748390e+33, e: -9.5453483606566424e+33
#ERR  p: [481, 589], r: 2.8472200003950389e+33, e: 2.4535204055811880e+33
#ERR  p: [482, 589], r: -3.9579889353247107e+34, e: -3.9760767248267172e+34
#ERR  p: [483, 589], r: -1.1286978967246380e+34, e: -1.0790898017363510e+34
#ERR  p: [484, 589], r: -2.5620753676261230e+34, e: -2.5280156757372565e+34
#ERR  p: [485, 589], r: -7.8741843959531272e+33, e: -7.5705486528174056e+33
#ERR  p: [486, 589], r: -1.5974758933500627e+33, e: -1.3950330828456459e+33
#ERR  p: [487, 589], r: -6.4282060571857602e+33, e: -6.0283464727364253e+33
#ERR  p: [488, 589], r: 1.8657210971576841e+32, e: 5.4087550071940139e+32
#ERR  p: [489, 589], r: 2.7074459236753816e+34, e: 2.6919590461959137e+34
#ERR  p: [490, 589], r: 1.7126715990447383e+34, e: 1.7022020925444939e+34
#ERR  p: [491, 589], r: -1.4898074820642620e+34, e: -1.4773315223483439e+34
#ERR  p: [492, 589], r: 2.4127708857200233e+34, e: 2.4336064069332277e+34
#ERR  p: [493, 589], r: -6.4914995793083471e+34, e: -6.5246258644075924e+34
#ERR  p: [494, 589], r: -1.3319586142130106e+34, e: -1.3402656870526312e+34
#ERR  p: [495, 589], r: -2.4277722431160835e+34, e: -2.4360387115224156e+34
#ERR  p: [496, 589], r: 5.1063835103234124e+32, e: 6.3278837058870828e+32
#ERR  p: [497, 589], r: -2.2511380065506883e+34, e: -2.2137398379638770e+34
#ERR  p: [498, 589], r: -6.1269360174651130e+33, e: -5.8848915051039568e+33
#SDC Ite:3 KerTime:2.6337402 AccTime:7.9627726 KerErr:2050 AccErr:2050
#ABORT too many errors per iteration
#END
