#HEADER matrix_dim:2048 threads:4 block_size:16 block_offset:12 precision:Float
#BEGIN Y:2023 M:10 D:21 Time:06:36:11
#IT 0 KerTime:2.6947163 AccTime:2.6947163
#IT 1 KerTime:2.6999582 AccTime:5.3946745
#IT 2 KerTime:2.6314364 AccTime:8.0261109
#IT 3 KerTime:2.6356421 AccTime:10.6617530
#IT 4 KerTime:2.6271482 AccTime:13.2889012
#IT 5 KerTime:2.6426750 AccTime:15.9315762
#IT 6 KerTime:2.6219603 AccTime:18.5535365
#IT 7 KerTime:2.6456684 AccTime:21.1992049
#IT 8 KerTime:2.6736017 AccTime:23.8728066
#IT 9 KerTime:2.6011408 AccTime:26.4739474
#IT 10 KerTime:2.5923376 AccTime:29.0662850
#IT 11 KerTime:2.6892890 AccTime:31.7555740
#IT 12 KerTime:2.6495348 AccTime:34.4051088
#IT 13 KerTime:2.6410978 AccTime:37.0462065
#IT 14 KerTime:2.7377142 AccTime:39.7839208
#IT 15 KerTime:2.6311650 AccTime:42.4150858
#IT 16 KerTime:2.6371270 AccTime:45.0522128
#IT 17 KerTime:2.6570813 AccTime:47.7092941
#IT 18 KerTime:2.6554261 AccTime:50.3647202
#IT 19 KerTime:2.6452558 AccTime:53.0099760
#ERR  p: [825, 78], r: -2.3156146279688202e+34, e: 5.0111413554609524e+33
#ERR  p: [744, 101], r: 2.8569606078001520e+34, e: -9.6272387132253900e+33
#SDC Ite:20 KerTime:2.6452558 AccTime:53.0099760 KerErr:2 AccErr:2
#IT 20 KerTime:2.6436637 AccTime:55.6536397
