#HEADER matrix_dim:2048 threads:4 block_size:16 block_offset:12 precision:Float
#BEGIN Y:2023 M:10 D:18 Time:18:32:55
#IT 0 KerTime:2.7027004 AccTime:2.7027004
#IT 1 KerTime:2.6785721 AccTime:5.3812725
#IT 2 KerTime:2.6839264 AccTime:8.0651989
#ERR  p: [1325, 1296], r: -2.4112794155606923e+34, e: -3.4967428753833080e+34
#ERR  p: [1326, 1296], r: -3.5963502544122961e+34, e: -9.4194931865626942e+33
#SDC Ite:3 KerTime:2.6839264 AccTime:8.0651989 KerErr:2 AccErr:2
#IT 3 KerTime:2.5968069 AccTime:10.6620058
#IT 4 KerTime:2.6201298 AccTime:13.2821356
#IT 5 KerTime:2.6850777 AccTime:15.9672133
#ERR  p: [1854, 1245], r: -6.4157099190472018e+34, e: -2.8040968543025484e+34
#SDC Ite:6 KerTime:2.6850777 AccTime:15.9672133 KerErr:1 AccErr:3
#IT 6 KerTime:2.5917233 AccTime:18.5589365
#IT 7 KerTime:2.6099121 AccTime:21.1688487
#IT 8 KerTime:2.7493904 AccTime:23.9182390
#ERR  p: [1533, 1488], r: 3.8977589434173433e+34, e: 1.5466149411450170e+34
#ERR  p: [1534, 1488], r: 5.2934519102009303e+34, e: 2.3260576425522238e+34
#SDC Ite:9 KerTime:2.7493904 AccTime:23.9182390 KerErr:2 AccErr:5
#IT 9 KerTime:2.6235075 AccTime:26.5417465
#IT 10 KerTime:2.5927969 AccTime:29.1345434
#IT 11 KerTime:2.5970583 AccTime:31.7316018
