#HEADER matrix_dim:2048 threads:4 block_size:16 block_offset:12 precision:Float
#BEGIN Y:2023 M:10 D:27 Time:16:02:25
#IT 0 KerTime:2.6558542 AccTime:2.6558542
#IT 1 KerTime:2.7043848 AccTime:5.3602390
#ERR  p: [1964, 1084], r: 3.7867400474152167e+33, e: 5.4396226552173325e+32
#SDC Ite:2 KerTime:2.7043848 AccTime:5.3602390 KerErr:1 AccErr:1
#IT 2 KerTime:2.6572750 AccTime:8.0175140
#IT 3 KerTime:2.6582349 AccTime:10.6757489
#IT 4 KerTime:2.6857346 AccTime:13.3614835
#IT 5 KerTime:2.6691230 AccTime:16.0306065
#IT 6 KerTime:2.6441385 AccTime:18.6747449
#IT 7 KerTime:2.6341703 AccTime:21.3089152
#IT 8 KerTime:2.6741210 AccTime:23.9830362
#ERR  p: [1782, 1267], r: 4.5760462836734377e+33, e: -1.1148187319741899e+34
#SDC Ite:9 KerTime:2.6741210 AccTime:23.9830362 KerErr:1 AccErr:2
#IT 9 KerTime:2.6358977 AccTime:26.6189340
#IT 10 KerTime:2.6763206 AccTime:29.2952546
#IT 11 KerTime:2.6693117 AccTime:31.9645663
#IT 12 KerTime:2.6567719 AccTime:34.6213382
#IT 13 KerTime:2.6437769 AccTime:37.2651150
