#HEADER matrix_dim:2048 threads:4 block_size:16 block_offset:12 precision:Float
#BEGIN Y:2023 M:10 D:29 Time:02:05:07
#IT 0 KerTime:2.6814214 AccTime:2.6814214
#IT 1 KerTime:2.7064933 AccTime:5.3879147
#IT 2 KerTime:2.6333097 AccTime:8.0212244
#IT 3 KerTime:2.6536045 AccTime:10.6748289
#IT 4 KerTime:2.6610302 AccTime:13.3358591
#ERR  p: [637, 2011], r: -2.4498229262718504e+34, e: -1.9943258598728891e+34
#SDC Ite:5 KerTime:2.6610302 AccTime:13.3358591 KerErr:1 AccErr:1
#IT 5 KerTime:2.6679621 AccTime:16.0038212
#ERR  p: [1990, 799], r: 5.4104788386987188e+34, e: 9.1887194992892118e+33
#ERR  p: [1991, 799], r: 5.4038870555775320e+34, e: 5.0577402039047425e+34
#ERR  p: [1992, 799], r: -1.4795517678088022e+34, e: -1.3771137150859842e+34
#ERR  p: [2006, 799], r: 2.0760801628313191e+34, e: -2.0553658359479608e+34
#ERR  p: [2007, 799], r: 9.2484538200048493e+33, e: 6.9621085511488769e+33
#ERR  p: [1230, 978], r: 7.1040817045543207e+33, e: -7.9827238837475712e+33
#ERR  p: [1288, 978], r: -8.1480848193452141e+33, e: 3.4516947325297287e+34
#SDC Ite:6 KerTime:2.6679621 AccTime:16.0038212 KerErr:7 AccErr:8
#IT 6 KerTime:2.7084863 AccTime:18.7123076
#IT 7 KerTime:2.7423477 AccTime:21.4546552
