#HEADER matrix_dim:2048 threads:4 block_size:16 block_offset:12 precision:Float
#BEGIN Y:2023 M:10 D:23 Time:03:55:24
#IT 0 KerTime:2.6844323 AccTime:2.6844323
#IT 1 KerTime:2.6798954 AccTime:5.3643277
#IT 2 KerTime:2.6386209 AccTime:8.0029486
#IT 3 KerTime:2.6465644 AccTime:10.6495130
#IT 4 KerTime:2.6512168 AccTime:13.3007299
#IT 5 KerTime:2.6438314 AccTime:15.9445613
#IT 6 KerTime:2.6220978 AccTime:18.5666591
#IT 7 KerTime:2.6117159 AccTime:21.1783750
#IT 8 KerTime:2.5975774 AccTime:23.7759523
#ERR  p: [679, 1755], r: -6.1410974325445181e+33, e: 1.5772373687208037e+34
#SDC Ite:9 KerTime:2.5975774 AccTime:23.7759523 KerErr:1 AccErr:1
#IT 9 KerTime:2.6374186 AccTime:26.4133709
#IT 10 KerTime:2.6212382 AccTime:29.0346092
#IT 11 KerTime:2.5914357 AccTime:31.6260449
#IT 12 KerTime:2.6219685 AccTime:34.2480134
#IT 13 KerTime:2.7224943 AccTime:36.9705077
#IT 14 KerTime:2.7202519 AccTime:39.6907596
#IT 15 KerTime:2.7096499 AccTime:42.4004095
#ERR  p: [1015, 1766], r: -8.7178832416574692e+30, e: 1.8193279324514213e+34
#SDC Ite:16 KerTime:2.7096499 AccTime:42.4004095 KerErr:1 AccErr:2
#IT 16 KerTime:2.5935396 AccTime:44.9939491
#IT 17 KerTime:2.5894216 AccTime:47.5833707
#IT 18 KerTime:2.7202511 AccTime:50.3036218
#IT 19 KerTime:2.7416413 AccTime:53.0452631
#IT 20 KerTime:2.7210061 AccTime:55.7662692
#IT 21 KerTime:2.6494468 AccTime:58.4157160
#IT 22 KerTime:2.7016619 AccTime:61.1173779
#IT 23 KerTime:2.6567519 AccTime:63.7741298
#IT 24 KerTime:2.6799936 AccTime:66.4541234
#IT 25 KerTime:2.6667811 AccTime:69.1209046
#IT 26 KerTime:2.6739651 AccTime:71.7948696
#IT 27 KerTime:2.6527083 AccTime:74.4475779
#IT 28 KerTime:2.6470245 AccTime:77.0946024
#IT 29 KerTime:2.6240503 AccTime:79.7186527
#IT 30 KerTime:2.6065095 AccTime:82.3251621
#IT 31 KerTime:2.5935854 AccTime:84.9187476
#IT 32 KerTime:2.6508854 AccTime:87.5696330
#IT 33 KerTime:2.6659679 AccTime:90.2356008
