#HEADER matrix_dim:2048 threads:4 block_size:16 block_offset:12 precision:Float
#BEGIN Y:2023 M:10 D:18 Time:07:48:36
#IT 0 KerTime:2.8001010 AccTime:2.8001010
#ERR  p: [942, 1246], r: 3.1402354559337313e+34, e: 3.3159026137404368e+34
#SDC Ite:1 KerTime:2.8001010 AccTime:2.8001010 KerErr:1 AccErr:1
#IT 1 KerTime:2.7223965 AccTime:5.5224975
#IT 2 KerTime:2.5859465 AccTime:8.1084441
#IT 3 KerTime:2.5905354 AccTime:10.6989795
#IT 4 KerTime:2.6449621 AccTime:13.3439416
#IT 5 KerTime:2.6478716 AccTime:15.9918132
#IT 6 KerTime:2.6421861 AccTime:18.6339993
#IT 7 KerTime:2.6594021 AccTime:21.2934014
#IT 8 KerTime:2.7108068 AccTime:24.0042082
#IT 9 KerTime:2.6756483 AccTime:26.6798565
#IT 10 KerTime:2.6876170 AccTime:29.3674735
#ERR  p: [1318, 725], r: -2.2736256825403230e+34, e: -3.4070439684287600e+34
#SDC Ite:11 KerTime:2.6876170 AccTime:29.3674735 KerErr:1 AccErr:2
#IT 11 KerTime:2.6983801 AccTime:32.0658536
#IT 12 KerTime:2.6740814 AccTime:34.7399350
#IT 13 KerTime:2.6912799 AccTime:37.4312149
#IT 14 KerTime:2.6311123 AccTime:40.0623271
