#HEADER matrix_dim:2048 threads:4 block_size:16 block_offset:12 precision:Float
#BEGIN Y:2023 M:10 D:23 Time:12:25:40
#IT 0 KerTime:2.7322967 AccTime:2.7322967
#ERR  p: [194, 384], r: 3.0130247374967656e+34, e: 3.0252268648759938e+34
#ERR  p: [194, 385], r: -5.3509277331088955e+32, e: -7.1685703339908337e+32
#ERR  p: [194, 386], r: -1.7253643220615352e+34, e: -1.6849772710438732e+34
#ERR  p: [194, 387], r: 1.0888843833271769e+34, e: 1.0984254347979572e+34
#ERR  p: [194, 388], r: 2.5664601512452718e+34, e: 2.5685483085035384e+34
#ERR  p: [194, 389], r: 1.7796237291594291e+34, e: 1.7632616280721864e+34
#ERR  p: [194, 390], r: 9.3343495275707047e+32, e: 1.4456298586463082e+33
#ERR  p: [194, 391], r: -2.7260766736786188e+34, e: -2.6896366706822143e+34
#ERR  p: [194, 392], r: -3.6502808646357558e+34, e: -3.6071381590906446e+34
#ERR  p: [194, 393], r: 2.3618813989970720e+34, e: 2.3030668677306236e+34
#ERR  p: [194, 394], r: 3.2602247749455296e+34, e: 3.2374506396308044e+34
#ERR  p: [194, 395], r: -5.7234063121813086e+34, e: -5.7887200286540053e+34
#ERR  p: [194, 396], r: 3.4117035747366302e+34, e: 3.4291981433718112e+34
#ERR  p: [194, 397], r: -5.7114047310884447e+33, e: -6.0159305531124125e+33
#ERR  p: [194, 398], r: -1.7992203199813167e+34, e: -1.8476245182813986e+34
#ERR  p: [194, 399], r: 9.5573357982845575e+32, e: 1.5458550316519017e+33
#SDC Ite:1 KerTime:2.7322967 AccTime:2.7322967 KerErr:16 AccErr:16
#IT 1 KerTime:2.7596374 AccTime:5.4919341
#ERR  p: [1459, 1724], r: 2.8246535914189057e+33, e: -2.1894222390081707e+34
#ERR  p: [1943, 1725], r: 1.0005020256044090e+34, e: 6.0648595141951476e+33
#SDC Ite:2 KerTime:2.7596374 AccTime:5.4919341 KerErr:2 AccErr:18
#IT 2 KerTime:2.6248948 AccTime:8.1168289
#IT 3 KerTime:2.6121294 AccTime:10.7289583
#IT 4 KerTime:2.5930045 AccTime:13.3219628
#IT 5 KerTime:2.7028408 AccTime:16.0248036
#IT 6 KerTime:2.6905633 AccTime:18.7153669
#ERR  p: [1672, 1649], r: -2.3612700423086709e+33, e: 1.0820154254311941e+34
#SDC Ite:7 KerTime:2.6905633 AccTime:18.7153669 KerErr:1 AccErr:19
#IT 7 KerTime:2.6192836 AccTime:21.3346505
#IT 8 KerTime:2.5909708 AccTime:23.9256213
#IT 9 KerTime:2.5946262 AccTime:26.5202475
#IT 10 KerTime:2.7038875 AccTime:29.2241349
#IT 11 KerTime:2.6889707 AccTime:31.9131057
#IT 12 KerTime:2.6388993 AccTime:34.5520049
#ERR  p: [30, 1781], r: 3.9487754427883253e+34, e: 3.8975782041716077e+34
#SDC Ite:13 KerTime:2.6388993 AccTime:34.5520049 KerErr:1 AccErr:20
#IT 13 KerTime:2.6355499 AccTime:37.1875548
#IT 14 KerTime:2.6449164 AccTime:39.8324712
#IT 15 KerTime:2.6939717 AccTime:42.5264430
