#HEADER matrix_dim:2048 threads:4 block_size:16 block_offset:12 precision:Float
#BEGIN Y:2023 M:10 D:24 Time:19:59:39
#IT 0 KerTime:2.7034678 AccTime:2.7034678
#IT 1 KerTime:2.6811925 AccTime:5.3846603
#IT 2 KerTime:2.6647296 AccTime:8.0493899
#IT 3 KerTime:2.6564882 AccTime:10.7058781
#IT 4 KerTime:2.6303954 AccTime:13.3362735
#IT 5 KerTime:2.6374070 AccTime:15.9736805
#IT 6 KerTime:2.6249860 AccTime:18.5986665
#IT 7 KerTime:2.6188349 AccTime:21.2175015
#IT 8 KerTime:2.6075439 AccTime:23.8250453
#IT 9 KerTime:2.6351137 AccTime:26.4601590
#ERR  p: [1895, 1375], r: -2.4382169908155421e+34, e: -2.7753828350913240e+34
#ERR  p: [1526, 1503], r: 2.1931129096472922e+33, e: 9.7506532885318870e+32
#SDC Ite:10 KerTime:2.6351137 AccTime:26.4601590 KerErr:2 AccErr:2
#IT 10 KerTime:2.6275827 AccTime:29.0877417
#IT 11 KerTime:2.6164413 AccTime:31.7041830
#IT 12 KerTime:2.5960023 AccTime:34.3001853
#IT 13 KerTime:2.5939704 AccTime:36.8941557
#IT 14 KerTime:2.6691957 AccTime:39.5633514
#IT 15 KerTime:2.6979527 AccTime:42.2613041
#IT 16 KerTime:2.6875797 AccTime:44.9488838
#IT 17 KerTime:2.6819609 AccTime:47.6308447
#IT 18 KerTime:2.6775423 AccTime:50.3083870
#IT 19 KerTime:2.6685333 AccTime:52.9769203
#IT 20 KerTime:2.6658683 AccTime:55.6427886
