#HEADER matrix_dim:2048 threads:4 block_size:16 block_offset:12 precision:Float
#BEGIN Y:2023 M:10 D:22 Time:01:04:16
#IT 0 KerTime:2.6766936 AccTime:2.6766936
#IT 1 KerTime:2.6460853 AccTime:5.3227789
#IT 2 KerTime:2.6188789 AccTime:7.9416577
#IT 3 KerTime:2.6862039 AccTime:10.6278616
#ERR  p: [1238, 913], r: -1.1085946170446709e+34, e: -8.8382747673880314e+33
#SDC Ite:4 KerTime:2.6862039 AccTime:10.6278616 KerErr:1 AccErr:1
#IT 4 KerTime:2.6658780 AccTime:13.2937396
#IT 5 KerTime:2.6297136 AccTime:15.9234532
#IT 6 KerTime:2.6233667 AccTime:18.5468199
#ERR  p: [1596, 617], r: -3.0457977145087989e+34, e: -3.0677458962293130e+34
#ERR  p: [1597, 617], r: -2.1401886208817676e+34, e: -2.1322922965471818e+34
#ERR  p: [1598, 617], r: -3.9974891260982286e+33, e: -4.1225804911879377e+33
#ERR  p: [1599, 617], r: -1.3505446745808295e+34, e: -1.3272993792871522e+34
#SDC Ite:7 KerTime:2.6233667 AccTime:18.5468199 KerErr:4 AccErr:5
#IT 7 KerTime:2.6912868 AccTime:21.2381067
#ERR  p: [1629, 912], r: 6.2849875361007953e+33, e: 5.2872914253894306e+33
#ERR  p: [1710, 912], r: 1.2310635299551578e+34, e: 1.1836350759940406e+34
#SDC Ite:8 KerTime:2.6912868 AccTime:21.2381067 KerErr:2 AccErr:7
#IT 8 KerTime:2.6172160 AccTime:23.8553227
#ERR  p: [1070, 976], r: 3.3328419043709963e+33, e: 4.0799535733601947e+33
#ERR  p: [1469, 976], r: -4.3635252176181927e+34, e: -4.2006435045372266e+34
#ERR  p: [1485, 976], r: -1.4820124212248898e+34, e: -1.4006788940858128e+34
#ERR  p: [1486, 976], r: -1.1167485567014319e+34, e: -1.3042421270854424e+34
#ERR  p: [1518, 976], r: -2.9143267492206365e+34, e: -2.3897692170260774e+34
#ERR  p: [1772, 976], r: 2.2257424094087723e+34, e: 2.4826085302722844e+34
#SDC Ite:9 KerTime:2.6172160 AccTime:23.8553227 KerErr:6 AccErr:13
#IT 9 KerTime:2.6704201 AccTime:26.5257427
#IT 10 KerTime:2.6434390 AccTime:29.1691817
#ERR  p: [1405, 784], r: -1.2634401185666120e+34, e: -1.0772692871145779e+34
#ERR  p: [1406, 784], r: -2.9904927432537246e+34, e: -2.9952167224436376e+34
#SDC Ite:11 KerTime:2.6434390 AccTime:29.1691817 KerErr:2 AccErr:15
