#HEADER matrix_dim:2048 threads:4 block_size:16 block_offset:12 precision:Float
#BEGIN Y:2023 M:10 D:18 Time:07:03:02
#IT 0 KerTime:2.6685144 AccTime:2.6685144
#IT 1 KerTime:2.7020579 AccTime:5.3705723
#ERR  p: [1835, 112], r: -4.4033190477690291e+34, e: -3.4331647508456894e+34
#ERR  p: [1836, 112], r: -1.3760069966908630e+34, e: 5.4434835580861063e+33
#ERR  p: [1798, 113], r: 4.5480099747367200e+34, e: 1.7595840795974813e+34
#ERR  p: [1175, 370], r: -6.0310017303266885e+34, e: -3.4027755511733040e+34
#ERR  p: [1862, 370], r: -7.5920318642591641e+33, e: -2.8562180913645886e+34
#SDC Ite:2 KerTime:2.7020579 AccTime:5.3705723 KerErr:5 AccErr:5
#IT 2 KerTime:2.5911975 AccTime:7.9617698
#IT 3 KerTime:2.7370760 AccTime:10.6988458
#IT 4 KerTime:2.6605346 AccTime:13.3593805
#IT 5 KerTime:2.6900085 AccTime:16.0493890
#IT 6 KerTime:2.6447719 AccTime:18.6941608
#IT 7 KerTime:2.6942739 AccTime:21.3884347
#IT 8 KerTime:2.6832315 AccTime:24.0716662
#IT 9 KerTime:2.6912171 AccTime:26.7628833
#ERR  p: [1974, 274], r: 3.5424392036414571e+34, e: 9.1943354142774300e+33
#ERR  p: [1975, 274], r: -2.9756119612174907e+34, e: -4.8517760729585784e+33
#ERR  p: [1976, 274], r: 4.8938354571753110e+34, e: 1.9259630970834325e+34
#SDC Ite:10 KerTime:2.6912171 AccTime:26.7628833 KerErr:3 AccErr:8
#IT 10 KerTime:2.6995836 AccTime:29.4624669
#IT 11 KerTime:2.7260068 AccTime:32.1884737
#IT 12 KerTime:2.7231767 AccTime:34.9116505
#IT 13 KerTime:2.6484277 AccTime:37.5600782
