#HEADER matrix_dim:2048 threads:4 block_size:16 block_offset:12 precision:Float
#BEGIN Y:2023 M:10 D:17 Time:02:13:35
#IT 0 KerTime:2.6688089 AccTime:2.6688089
#IT 1 KerTime:2.7448561 AccTime:5.4136650
#IT 2 KerTime:2.6441936 AccTime:8.0578585
#IT 3 KerTime:2.6882664 AccTime:10.7461249
#IT 4 KerTime:2.6383678 AccTime:13.3844926
#ERR  p: [1644, 2032], r: -3.1760805049472552e+34, e: -3.1728623560211289e+34
#ERR  p: [1645, 2032], r: -2.8088701035060250e+34, e: -2.8937388160152892e+34
#ERR  p: [1646, 2032], r: 2.7500025574573942e+32, e: -2.1560280946329250e+32
#ERR  p: [1647, 2032], r: 1.1302900114091629e+34, e: 1.0070346970887199e+34
#ERR  p: [1644, 2033], r: 1.9757515599354433e+34, e: 1.9790816186411210e+34
#ERR  p: [1645, 2033], r: -9.9291920958477228e+33, e: -1.0807414613367655e+34
#ERR  p: [1646, 2033], r: 1.0653424776000868e+34, e: 1.0145755469410248e+34
#ERR  p: [1647, 2033], r: 2.9036626385462166e+34, e: 2.7761186666506753e+34
#ERR  p: [1644, 2034], r: -4.5553776367775289e+33, e: -4.5579117000379461e+33
#ERR  p: [1645, 2034], r: 2.9786605123582349e+34, e: 2.9853419223382659e+34
#ERR  p: [1646, 2034], r: -6.0654846739149867e+33, e: -6.0268634205693614e+33
#ERR  p: [1647, 2034], r: 3.8786751073597278e+34, e: 3.8883785765636623e+34
#ERR  p: [1644, 2035], r: 1.7322019600745241e+34, e: 1.7278107391671710e+34
#ERR  p: [1645, 2035], r: -3.7275870014450257e+34, e: -3.6117841480580826e+34
#ERR  p: [1646, 2035], r: 2.6203489190954037e+34, e: 2.6872907743077685e+34
#ERR  p: [1647, 2035], r: 1.5241349403836259e+34, e: 1.6923150368327334e+34
#ERR  p: [1644, 2036], r: 4.0562345803104849e+34, e: 4.0601147795696210e+34
#ERR  p: [1645, 2036], r: 2.0223505940702393e+34, e: 1.9200214800708784e+34
#ERR  p: [1646, 2036], r: -6.1195931761220917e+34, e: -6.1787459126072729e+34
#ERR  p: [1647, 2036], r: -7.6704807435186983e+33, e: -9.1566048587900705e+33
#ERR  p: [1644, 2037], r: 3.1223343477896490e+34, e: 3.1248696489901054e+34
#ERR  p: [1645, 2037], r: -2.2339801576061930e+34, e: -2.3008422894800278e+34
#ERR  p: [1646, 2037], r: 1.4008999901768292e+34, e: 1.3622489024762571e+34
#ERR  p: [1647, 2037], r: 1.9034589564912754e+34, e: 1.8063555587797498e+34
#ERR  p: [1644, 2038], r: -3.4713549534696355e+34, e: -3.4693485002539618e+34
#ERR  p: [1645, 2038], r: -5.5525750433440676e+34, e: -5.6054999510796119e+34
#ERR  p: [1646, 2038], r: -9.4471908570016653e+33, e: -9.7531279306704185e+33
#ERR  p: [1647, 2038], r: 7.3836829656213207e+34, e: 7.3068207541101385e+34
#ERR  p: [1644, 2039], r: 1.9915554738589723e+34, e: 1.9873558860697006e+34
#ERR  p: [1645, 2039], r: -1.4570957830841733e+34, e: -1.3463416205594478e+34
#ERR  p: [1646, 2039], r: -2.7349985075417485e+34, e: -2.6709749721779951e+34
#ERR  p: [1647, 2039], r: -5.1366025551373980e+33, e: -3.5281297309333534e+33
#ERR  p: [1644, 2040], r: -5.4510322688576607e+34, e: -5.4542598261280855e+34
#ERR  p: [1645, 2040], r: 8.0468108016413360e+33, e: 8.8980220864740814e+33
#ERR  p: [1646, 2040], r: 7.1818131975610890e+33, e: 7.6738702233462616e+33
#ERR  p: [1647, 2040], r: 4.6397710422087096e+34, e: 4.7633917345317476e+34
#ERR  p: [1644, 2041], r: 3.0920833022256479e+32, e: 2.8327596227961464e+32
#ERR  p: [1645, 2041], r: -6.3657612667541074e+33, e: -5.6818959543719991e+33
#ERR  p: [1646, 2041], r: -5.3606393727170894e+34, e: -5.3211069955025500e+34
#ERR  p: [1647, 2041], r: -2.6129093946353143e+34, e: -2.5135919411635268e+34
#ERR  p: [1644, 2042], r: 2.1587530172988990e+34, e: 2.1588000590203918e+34
#ERR  p: [1645, 2042], r: -4.3800385949782361e+33, e: -4.3924749406128970e+33
#ERR  p: [1646, 2042], r: -1.1557886051623474e+34, e: -1.1565073531491565e+34
#ERR  p: [1647, 2042], r: -4.9579770920188123e+33, e: -4.9760361613119074e+33
#ERR  p: [1644, 2043], r: 5.5108739189747042e+33, e: 5.5385975861545003e+33
#ERR  p: [1645, 2043], r: 2.2445625642380201e+34, e: 2.1714498255178255e+34
#ERR  p: [1646, 2043], r: 1.2324752767759589e+34, e: 1.1902110134827246e+34
#ERR  p: [1647, 2043], r: -3.6423176915390487e+34, e: -3.7484997701166815e+34
#ERR  p: [1644, 2044], r: -1.0477908399290948e+34, e: -1.0473662264956199e+34
#ERR  p: [1645, 2044], r: -1.1506060001363802e+33, e: -1.2625950078502928e+33
#ERR  p: [1646, 2044], r: -2.2877204654971135e+33, e: -2.3524573019115032e+33
#ERR  p: [1647, 2044], r: 9.1650655599885664e+33, e: 9.0024249976272532e+33
#ERR  p: [1644, 2045], r: -5.9572076294088712e+33, e: -5.9612755003779630e+33
#ERR  p: [1645, 2045], r: -5.7043885821217909e+34, e: -5.6936650503254852e+34
#ERR  p: [1646, 2045], r: -6.5844532782141842e+33, e: -6.5224646686870080e+33
#ERR  p: [1647, 2045], r: -2.9156124737454383e+34, e: -2.9000391880512282e+34
#ERR  p: [1644, 2046], r: -9.4765690310439663e+33, e: -9.5018502425262524e+33
#ERR  p: [1645, 2046], r: -5.8615990442947828e+34, e: -5.7949315165951236e+34
#ERR  p: [1646, 2046], r: -7.7999154212362401e+33, e: -7.4145323076063084e+33
#ERR  p: [1647, 2046], r: -3.3502368807300168e+34, e: -3.2534146192014129e+34
#ERR  p: [1644, 2047], r: 2.1743666598383898e+34, e: 2.1781463383663359e+34
#ERR  p: [1645, 2047], r: -3.9645616541692925e+34, e: -4.0642405861325513e+34
#ERR  p: [1646, 2047], r: 8.9744754063902875e+33, e: 8.3982687874646715e+33
#ERR  p: [1647, 2047], r: 1.8927349295189540e+34, e: 1.7479722020289844e+34
#SDC Ite:5 KerTime:2.6383678 AccTime:13.3844926 KerErr:64 AccErr:64
#IT 5 KerTime:2.6771869 AccTime:16.0616795
#IT 6 KerTime:2.6553574 AccTime:18.7170369
#ERR  p: [8, 1618], r: 1.8494450329031717e+34, e: 3.1422904363989450e+34
#SDC Ite:7 KerTime:2.6553574 AccTime:18.7170369 KerErr:1 AccErr:65
#IT 7 KerTime:2.6012602 AccTime:21.3182971
#IT 8 KerTime:2.6538435 AccTime:23.9721406
#IT 9 KerTime:2.7034038 AccTime:26.6755444
#IT 10 KerTime:2.6817467 AccTime:29.3572911
#IT 11 KerTime:2.7210428 AccTime:32.0783339
#IT 12 KerTime:2.6780304 AccTime:34.7563644
#IT 13 KerTime:2.6496144 AccTime:37.4059787
#IT 14 KerTime:2.6713620 AccTime:40.0773407
#IT 15 KerTime:2.6477756 AccTime:42.7251163
#IT 16 KerTime:2.6293709 AccTime:45.3544872
#IT 17 KerTime:2.6279188 AccTime:47.9824061
