#HEADER matrix_dim:2048 threads:4 block_size:16 block_offset:12 precision:Float
#BEGIN Y:2023 M:10 D:22 Time:10:06:23
#IT 0 KerTime:2.6664026 AccTime:2.6664026
#IT 1 KerTime:2.7635022 AccTime:5.4299048
#IT 2 KerTime:2.6754792 AccTime:8.1053841
#ERR  p: [712, 2000], r: -4.4860505805944710e+34, e: -4.3298928626308875e+34
#ERR  p: [713, 2000], r: -4.3392676587543917e+33, e: -3.8644384255259341e+33
#ERR  p: [714, 2000], r: -2.2524608692766687e+34, e: -2.4029775420692366e+34
#ERR  p: [715, 2000], r: 5.3269834968690377e+33, e: 7.6777511653694213e+33
#ERR  p: [712, 2001], r: 6.1936882202634592e+33, e: 4.7394658198044712e+33
#ERR  p: [713, 2001], r: -8.7116737344204138e+33, e: -9.1538615836630141e+33
#ERR  p: [714, 2001], r: -3.8927140901692476e+34, e: -3.7525446154010425e+34
#ERR  p: [715, 2001], r: -3.6373453815772550e+34, e: -3.8562619553604581e+34
#ERR  p: [712, 2002], r: -2.6017944261985866e+34, e: -2.6752743379344332e+34
#ERR  p: [713, 2002], r: 1.1651579543496788e+34, e: 1.1428146221686249e+34
#ERR  p: [714, 2002], r: -1.6933705045102281e+34, e: -1.6225442410425936e+34
#ERR  p: [715, 2002], r: -1.8161115785383520e+33, e: -2.9222753765218821e+33
#ERR  p: [712, 2003], r: 8.1147037661858838e+33, e: 9.3518911379273785e+33
#ERR  p: [713, 2003], r: -3.4060399990568996e+34, e: -3.3684204867910640e+34
#ERR  p: [714, 2003], r: -2.2893180580663123e+34, e: -2.4085680792866494e+34
#ERR  p: [715, 2003], r: -3.4451945569714490e+33, e: -1.5827496681277337e+33
#ERR  p: [712, 2004], r: 4.2513653741788586e+34, e: 4.1340643657563724e+34
#ERR  p: [713, 2004], r: -1.9564883463661353e+34, e: -1.9921561223660336e+34
#ERR  p: [714, 2004], r: -1.8277618941450686e+34, e: -1.7146979830950445e+34
#ERR  p: [715, 2004], r: -3.6773420482035283e+33, e: -5.4431728351362457e+33
#ERR  p: [712, 2005], r: 4.1151954360895768e+34, e: 3.9632496853156578e+34
#ERR  p: [713, 2005], r: -5.4761329886822189e+33, e: -5.9381569701443085e+33
#ERR  p: [714, 2005], r: 7.9455516392179294e+33, e: 9.4101263132554414e+33
#ERR  p: [715, 2005], r: -2.4221245440173568e+33, e: -4.7094959104233918e+33
#ERR  p: [712, 2006], r: -2.2014656624743624e+34, e: -2.3665707158658850e+34
#ERR  p: [713, 2006], r: -6.6279866776356938e+32, e: -1.1648378230555196e+33
#ERR  p: [714, 2006], r: 2.2570354910008419e+33, e: 3.8484507394035732e+33
#ERR  p: [715, 2006], r: 7.2221124786299657e+33, e: 4.7366445544549399e+33
#ERR  p: [712, 2007], r: -3.1836453708363223e+33, e: -1.5917816786543598e+33
#ERR  p: [713, 2007], r: -5.3990625556564290e+33, e: -4.9150227390506783e+33
#ERR  p: [714, 2007], r: 1.1471413463999312e+34, e: 9.9370505392171064e+33
#ERR  p: [715, 2007], r: -1.5234857646270247e+33, e: 8.7288080625041627e+32
#ERR  p: [712, 2008], r: 5.3930164565045592e+34, e: 5.3187063821783678e+34
#ERR  p: [713, 2008], r: -1.2684504642361127e+33, e: -1.4944054699066767e+33
#ERR  p: [714, 2008], r: -3.7450158973611226e+33, e: -3.0287549320909551e+33
#ERR  p: [715, 2008], r: -1.8284334147193790e+33, e: -2.9470880276992986e+33
#ERR  p: [712, 2009], r: 2.0624695072753921e+34, e: 2.1388135170861294e+34
#ERR  p: [713, 2009], r: -2.6878077380681741e+34, e: -2.6645938864514946e+34
#ERR  p: [714, 2009], r: -2.2305025364478325e+34, e: -2.3040889110270576e+34
#ERR  p: [715, 2009], r: 2.9280985845696785e+34, e: 3.0430259667608390e+34
#ERR  p: [712, 2010], r: 2.0089725474476940e+34, e: 1.9590216668625289e+34
#ERR  p: [713, 2010], r: 4.9873816341839501e+34, e: 4.9721931002539499e+34
#ERR  p: [714, 2010], r: -1.2404589996773182e+34, e: -1.1923120453173997e+34
#ERR  p: [715, 2010], r: -1.7091941016803817e+34, e: -1.7843900458986857e+34
#ERR  p: [712, 2011], r: -3.7953436687912481e+34, e: -3.7651815073220677e+34
#ERR  p: [713, 2011], r: -3.2400230790324394e+34, e: -3.2308516764573897e+34
#ERR  p: [714, 2011], r: 8.2027739154307439e+33, e: 7.9120461730846510e+33
#ERR  p: [715, 2011], r: -7.7246829577867772e+34, e: -7.6792768026738366e+34
#ERR  p: [712, 2012], r: 2.6513422335069604e+34, e: 2.6522885148729901e+34
#ERR  p: [713, 2012], r: 1.3677437469286331e+34, e: 1.3680316917817709e+34
#ERR  p: [714, 2012], r: -4.4594338793978039e+34, e: -4.4603459936187494e+34
#ERR  p: [715, 2012], r: -1.9868132969504818e+33, e: -1.9725646070983071e+33
#ERR  p: [712, 2013], r: -5.0167411153316579e+34, e: -4.9839327332345010e+34
#ERR  p: [713, 2013], r: 5.5462110411901093e+34, e: 5.5561878475547180e+34
#ERR  p: [714, 2013], r: -2.3539662579738892e+34, e: -2.3855886935134106e+34
#ERR  p: [715, 2013], r: 2.9637368975966418e+34, e: 3.0131252582279556e+34
#ERR  p: [712, 2014], r: -6.3146167643830634e+34, e: -6.2352890714896405e+34
#ERR  p: [713, 2014], r: -2.0622921104677625e+34, e: -2.0381708488022869e+34
#ERR  p: [714, 2014], r: -1.6566548122670748e+34, e: -1.7331171691455677e+34
#ERR  p: [715, 2014], r: 9.0072220152794840e+33, e: 1.0201412015636480e+34
#ERR  p: [712, 2015], r: -3.0483389578214440e+34, e: -3.2075637960263610e+34
#ERR  p: [713, 2015], r: 3.4163824929091132e+34, e: 3.3679666579726620e+34
#ERR  p: [714, 2015], r: -3.2865951260743790e+34, e: -3.1331215097039739e+34
#ERR  p: [715, 2015], r: 1.6626710770639978e+34, e: 1.4229764224854132e+34
#SDC Ite:3 KerTime:2.6754792 AccTime:8.1053841 KerErr:64 AccErr:64
#IT 3 KerTime:2.7009091 AccTime:10.8062931
#IT 4 KerTime:2.7270134 AccTime:13.5333065
#IT 5 KerTime:2.7213767 AccTime:16.2546832
#IT 6 KerTime:2.7308954 AccTime:18.9855786
#IT 7 KerTime:2.6677336 AccTime:21.6533122
#IT 8 KerTime:2.7004017 AccTime:24.3537139
#IT 9 KerTime:2.6532078 AccTime:27.0069218
#IT 10 KerTime:2.6722503 AccTime:29.6791721
#IT 11 KerTime:2.6635795 AccTime:32.3427515
#IT 12 KerTime:2.6729645 AccTime:35.0157161
#IT 13 KerTime:2.6303607 AccTime:37.6460768
#IT 14 KerTime:2.6565795 AccTime:40.3026563
#IT 15 KerTime:2.6064363 AccTime:42.9090926
#IT 16 KerTime:2.7568352 AccTime:45.6659277
#IT 17 KerTime:2.7660071 AccTime:48.4319349
#IT 18 KerTime:2.7438586 AccTime:51.1757934
#IT 19 KerTime:2.7395393 AccTime:53.9153327
#IT 20 KerTime:2.6700121 AccTime:56.5853448
#IT 21 KerTime:2.6709795 AccTime:59.2563243
#IT 22 KerTime:2.6598418 AccTime:61.9161661
#IT 23 KerTime:2.7249214 AccTime:64.6410875
#IT 24 KerTime:2.6923063 AccTime:67.3333939
#IT 25 KerTime:2.6636457 AccTime:69.9970395
#ERR  p: [1597, 880], r: -2.3940606599662641e+34, e: -2.4006073820700209e+34
#SDC Ite:26 KerTime:2.6636457 AccTime:69.9970395 KerErr:1 AccErr:65
