#HEADER matrix_dim:2048 threads:4 block_size:16 block_offset:12 precision:Float
#BEGIN Y:2023 M:10 D:16 Time:16:04:20
#IT 0 KerTime:2.6459438 AccTime:2.6459438
#IT 1 KerTime:2.7154982 AccTime:5.3614419
#IT 2 KerTime:2.6307455 AccTime:7.9921874
#IT 3 KerTime:2.6357706 AccTime:10.6279581
#IT 4 KerTime:2.6315568 AccTime:13.2595149
#IT 5 KerTime:2.6321190 AccTime:15.8916340
#IT 6 KerTime:2.6349667 AccTime:18.5266006
#IT 7 KerTime:2.6504878 AccTime:21.1770884
#IT 8 KerTime:2.6806041 AccTime:23.8576926
#IT 9 KerTime:2.6230463 AccTime:26.4807389
#IT 10 KerTime:2.6004950 AccTime:29.0812339
#IT 11 KerTime:2.6355684 AccTime:31.7168023
#IT 12 KerTime:2.6938311 AccTime:34.4106334
#ERR  p: [328, 1713], r: -9.0177389348832330e+33, e: -9.2673026950430085e+33
#SDC Ite:13 KerTime:2.6938311 AccTime:34.4106334 KerErr:1 AccErr:1
#IT 13 KerTime:2.6346277 AccTime:37.0452611
#IT 14 KerTime:2.6111243 AccTime:39.6563855
#IT 15 KerTime:2.5878432 AccTime:42.2442286
#IT 16 KerTime:2.7052007 AccTime:44.9494293
#IT 17 KerTime:2.6366851 AccTime:47.5861145
#IT 18 KerTime:2.6502002 AccTime:50.2363147
#IT 19 KerTime:2.6298345 AccTime:52.8661492
#IT 20 KerTime:2.6722472 AccTime:55.5383964
#IT 21 KerTime:2.6289562 AccTime:58.1673526
#IT 22 KerTime:2.6370785 AccTime:60.8044311
