#HEADER matrix_dim:2048 threads:4 block_size:16 block_offset:12 precision:Float
#BEGIN Y:2023 M:10 D:27 Time:13:28:52
#IT 0 KerTime:2.6810085 AccTime:2.6810085
#IT 1 KerTime:2.6731015 AccTime:5.3541100
#IT 2 KerTime:2.6339924 AccTime:7.9881023
#IT 3 KerTime:2.6544792 AccTime:10.6425816
#IT 4 KerTime:2.6274865 AccTime:13.2700680
#IT 5 KerTime:2.6303550 AccTime:15.9004230
#IT 6 KerTime:2.6297957 AccTime:18.5302187
#IT 7 KerTime:2.6337081 AccTime:21.1639268
#IT 8 KerTime:2.5985342 AccTime:23.7624609
#IT 9 KerTime:2.5942024 AccTime:26.3566634
#IT 10 KerTime:2.6833269 AccTime:29.0399903
#IT 11 KerTime:2.7673507 AccTime:31.8073410
#IT 12 KerTime:2.6998741 AccTime:34.5072151
#IT 13 KerTime:2.6906024 AccTime:37.1978176
#IT 14 KerTime:2.6633269 AccTime:39.8611444
#IT 15 KerTime:2.6730766 AccTime:42.5342210
#IT 16 KerTime:2.6631927 AccTime:45.1974137
#IT 17 KerTime:2.6704531 AccTime:47.8678668
#IT 18 KerTime:2.6739125 AccTime:50.5417793
#IT 19 KerTime:2.6409418 AccTime:53.1827210
#IT 20 KerTime:2.6760504 AccTime:55.8587714
#IT 21 KerTime:2.6231071 AccTime:58.4818785
#IT 22 KerTime:2.5937985 AccTime:61.0756770
#IT 23 KerTime:2.5976383 AccTime:63.6733153
#IT 24 KerTime:2.7270676 AccTime:66.4003829
#IT 25 KerTime:2.7113827 AccTime:69.1117656
#IT 26 KerTime:2.6946972 AccTime:71.8064629
#IT 27 KerTime:2.6443171 AccTime:74.4507800
#IT 28 KerTime:2.6508433 AccTime:77.1016233
#IT 29 KerTime:2.6847218 AccTime:79.7863451
#IT 30 KerTime:2.6338125 AccTime:82.4201576
#IT 31 KerTime:2.6492583 AccTime:85.0694158
#IT 32 KerTime:2.6545148 AccTime:87.7239306
#IT 33 KerTime:2.6245306 AccTime:90.3484612
#IT 34 KerTime:2.6461703 AccTime:92.9946316
#IT 35 KerTime:2.6149370 AccTime:95.6095685
#IT 36 KerTime:2.6208120 AccTime:98.2303806
#IT 37 KerTime:2.5958247 AccTime:100.8262053
#IT 38 KerTime:2.6594316 AccTime:103.4856370
#ERR  p: [360, 1725], r: -4.4313060247951812e+33, e: 5.4459953384258163e+33
#SDC Ite:39 KerTime:2.6594316 AccTime:103.4856370 KerErr:1 AccErr:1
#IT 39 KerTime:2.6131195 AccTime:106.0987565
#IT 40 KerTime:2.6269544 AccTime:108.7257109
#IT 41 KerTime:2.5946797 AccTime:111.3203906
#IT 42 KerTime:2.7238285 AccTime:114.0442191
#IT 43 KerTime:2.6977579 AccTime:116.7419770
#IT 44 KerTime:2.6871551 AccTime:119.4291321
#IT 45 KerTime:2.6951991 AccTime:122.1243312
#IT 46 KerTime:2.6811836 AccTime:124.8055148
#IT 47 KerTime:2.6349866 AccTime:127.4405014
#IT 48 KerTime:2.6528588 AccTime:130.0933601
#IT 49 KerTime:2.6545662 AccTime:132.7479264
#IT 50 KerTime:2.6434777 AccTime:135.3914041
#IT 51 KerTime:2.6245996 AccTime:138.0160037
#IT 52 KerTime:2.6185190 AccTime:140.6345227
