#HEADER matrix_dim:2048 threads:4 block_size:16 block_offset:12 precision:Float
#BEGIN Y:2023 M:10 D:25 Time:19:11:34
#IT 0 KerTime:2.6446569 AccTime:2.6446569
#IT 1 KerTime:2.7045301 AccTime:5.3491869
#ERR  p: [1494, 1009], r: 1.6661662769709162e+34, e: 1.8362988524499845e+34
#SDC Ite:2 KerTime:2.7045301 AccTime:5.3491869 KerErr:1 AccErr:1
#IT 2 KerTime:2.6847106 AccTime:8.0338975
#ERR  p: [1086, 752], r: -7.3821477961786029e+33, e: -1.1015366257046892e+34
#ERR  p: [1090, 752], r: -1.0996781063237101e+34, e: -1.2803630064916510e+34
#ERR  p: [1148, 752], r: 3.4004675357640604e+34, e: 3.2464526920084798e+34
#ERR  p: [1149, 752], r: -1.5244904767629087e+34, e: -1.6259692497492845e+34
#ERR  p: [1420, 944], r: -1.8262678243116551e+34, e: -1.8701627022246361e+34
#SDC Ite:3 KerTime:2.6847106 AccTime:8.0338975 KerErr:5 AccErr:6
#IT 3 KerTime:2.5886124 AccTime:10.6225099
#IT 4 KerTime:2.5882389 AccTime:13.2107488
#IT 5 KerTime:2.7024599 AccTime:15.9132087
#ERR  p: [1736, 561], r: 2.5363700378863778e+34, e: 2.5548121258276278e+34
#ERR  p: [1436, 949], r: -8.8031104616021105e+33, e: -8.2270189711001481e+33
#ERR  p: [1437, 949], r: -7.4596694583487123e+33, e: -9.1508168701363917e+33
#SDC Ite:6 KerTime:2.7024599 AccTime:15.9132087 KerErr:3 AccErr:9
