#HEADER matrix_dim:2048 threads:4 block_size:16 block_offset:12 precision:Float
#BEGIN Y:2023 M:10 D:23 Time:10:39:32
#IT 0 KerTime:2.6592653 AccTime:2.6592653
#IT 1 KerTime:2.7046270 AccTime:5.3638923
#IT 2 KerTime:2.6729648 AccTime:8.0368572
#IT 3 KerTime:2.6463082 AccTime:10.6831653
#IT 4 KerTime:2.6314843 AccTime:13.3146496
#IT 5 KerTime:2.6474702 AccTime:15.9621198
#IT 6 KerTime:2.6478625 AccTime:18.6099823
#IT 7 KerTime:2.6249177 AccTime:21.2349000
#IT 8 KerTime:2.6408513 AccTime:23.8757512
#IT 9 KerTime:2.6334968 AccTime:26.5092480
#IT 10 KerTime:2.5999119 AccTime:29.1091599
#IT 11 KerTime:2.7091504 AccTime:31.8183103
#IT 12 KerTime:2.6910357 AccTime:34.5093460
#IT 13 KerTime:2.7054352 AccTime:37.2147813
#IT 14 KerTime:2.6861777 AccTime:39.9009589
#IT 15 KerTime:2.6585693 AccTime:42.5595282
#IT 16 KerTime:2.6736953 AccTime:45.2332235
#IT 17 KerTime:2.6842841 AccTime:47.9175077
#IT 18 KerTime:2.6533654 AccTime:50.5708731
#IT 19 KerTime:2.6436654 AccTime:53.2145385
#IT 20 KerTime:2.6401785 AccTime:55.8547170
#IT 21 KerTime:2.6272610 AccTime:58.4819780
#IT 22 KerTime:2.6170243 AccTime:61.0990023
#IT 23 KerTime:2.6364830 AccTime:63.7354853
#IT 24 KerTime:2.5966546 AccTime:66.3321399
#IT 25 KerTime:2.6582764 AccTime:68.9904163
#IT 26 KerTime:2.6635620 AccTime:71.6539782
#IT 27 KerTime:2.6924532 AccTime:74.3464314
#IT 28 KerTime:2.6832655 AccTime:77.0296969
#IT 29 KerTime:2.6760180 AccTime:79.7057148
#IT 30 KerTime:2.6695530 AccTime:82.3752678
#IT 31 KerTime:2.6329682 AccTime:85.0082360
#IT 32 KerTime:2.6525050 AccTime:87.6607410
#IT 33 KerTime:2.6450908 AccTime:90.3058318
#IT 34 KerTime:2.6442270 AccTime:92.9500587
#IT 35 KerTime:2.6228894 AccTime:95.5729481
#IT 36 KerTime:2.5977855 AccTime:98.1707336
#IT 37 KerTime:2.5957325 AccTime:100.7664661
#IT 38 KerTime:2.6638152 AccTime:103.4302813
#IT 39 KerTime:2.6572739 AccTime:106.0875552
#IT 40 KerTime:2.7289074 AccTime:108.8164627
#IT 41 KerTime:2.7139130 AccTime:111.5303757
#IT 42 KerTime:2.6810121 AccTime:114.2113878
#IT 43 KerTime:2.6378624 AccTime:116.8492502
#IT 44 KerTime:2.6362449 AccTime:119.4854952
#IT 45 KerTime:2.6569633 AccTime:122.1424585
#IT 46 KerTime:2.6464682 AccTime:124.7889267
#IT 47 KerTime:2.6581064 AccTime:127.4470331
#IT 48 KerTime:2.6295692 AccTime:130.0766023
#IT 49 KerTime:2.6470411 AccTime:132.7236434
#IT 50 KerTime:2.5969838 AccTime:135.3206272
#IT 51 KerTime:2.6162145 AccTime:137.9368416
#IT 52 KerTime:2.6490564 AccTime:140.5858980
#IT 53 KerTime:2.6862741 AccTime:143.2721721
#IT 54 KerTime:2.6396444 AccTime:145.9118164
#IT 55 KerTime:2.6909624 AccTime:148.6027788
#IT 56 KerTime:2.6752372 AccTime:151.2780160
#IT 57 KerTime:2.6681041 AccTime:153.9461202
#IT 58 KerTime:2.6344015 AccTime:156.5805217
#IT 59 KerTime:2.6490727 AccTime:159.2295943
#IT 60 KerTime:2.6467366 AccTime:161.8763309
#IT 61 KerTime:2.6347022 AccTime:164.5110331
#IT 62 KerTime:2.6478201 AccTime:167.1588532
#IT 63 KerTime:2.6114389 AccTime:169.7702922
#IT 64 KerTime:2.5981662 AccTime:172.3684584
#IT 65 KerTime:2.6703529 AccTime:175.0388113
#IT 66 KerTime:2.6940092 AccTime:177.7328205
#IT 67 KerTime:2.6885266 AccTime:180.4213471
#IT 68 KerTime:2.6579037 AccTime:183.0792508
#IT 69 KerTime:2.6397014 AccTime:185.7189522
#IT 70 KerTime:2.6825412 AccTime:188.4014934
#IT 71 KerTime:2.6339426 AccTime:191.0354360
#IT 72 KerTime:2.6376057 AccTime:193.6730417
#IT 73 KerTime:2.6342403 AccTime:196.3072820
#IT 74 KerTime:2.6652535 AccTime:198.9725354
#IT 75 KerTime:2.6232587 AccTime:201.5957942
#IT 76 KerTime:2.6241917 AccTime:204.2199858
#IT 77 KerTime:2.5981387 AccTime:206.8181245
#IT 78 KerTime:2.6445429 AccTime:209.4626674
#IT 79 KerTime:2.6976867 AccTime:212.1603541
#IT 80 KerTime:2.6476739 AccTime:214.8080279
#IT 81 KerTime:2.6450507 AccTime:217.4530787
#IT 82 KerTime:2.6871590 AccTime:220.1402376
#IT 83 KerTime:2.7214191 AccTime:222.8616567
#IT 84 KerTime:2.6379074 AccTime:225.4995642
#IT 85 KerTime:2.6339905 AccTime:228.1335546
#IT 86 KerTime:2.6316988 AccTime:230.7652535
#IT 87 KerTime:2.6486145 AccTime:233.4138680
#IT 88 KerTime:2.6735547 AccTime:236.0874226
#IT 89 KerTime:2.6303102 AccTime:238.7177328
#IT 90 KerTime:2.6401127 AccTime:241.3578455
#IT 91 KerTime:2.5949691 AccTime:243.9528146
#IT 92 KerTime:2.5996997 AccTime:246.5525143
#IT 93 KerTime:2.6538342 AccTime:249.2063485
#IT 94 KerTime:2.6476967 AccTime:251.8540452
#IT 95 KerTime:2.6842038 AccTime:254.5382490
#IT 96 KerTime:2.6395110 AccTime:257.1777600
#IT 97 KerTime:2.6872897 AccTime:259.8650497
#IT 98 KerTime:2.6630766 AccTime:262.5281263
#IT 99 KerTime:2.6894420 AccTime:265.2175683
#IT 100 KerTime:2.6294226 AccTime:267.8469909
#IT 101 KerTime:2.6274172 AccTime:270.4744081
#IT 102 KerTime:2.6381048 AccTime:273.1125129
#IT 103 KerTime:2.6267121 AccTime:275.7392250
#IT 104 KerTime:2.6097338 AccTime:278.3489588
#IT 105 KerTime:2.6396831 AccTime:280.9886419
#IT 106 KerTime:2.6471329 AccTime:283.6357748
#IT 107 KerTime:2.6802523 AccTime:286.3160271
#IT 108 KerTime:2.6857555 AccTime:289.0017826
#IT 109 KerTime:2.7378029 AccTime:291.7395855
#IT 110 KerTime:2.7315773 AccTime:294.4711628
#IT 111 KerTime:2.6766377 AccTime:297.1478005
#IT 112 KerTime:2.6688485 AccTime:299.8166490
#IT 113 KerTime:2.6450010 AccTime:302.4616499
#IT 114 KerTime:2.6550299 AccTime:305.1166798
#IT 115 KerTime:2.6383870 AccTime:307.7550668
#IT 116 KerTime:2.6492291 AccTime:310.4042959
#IT 117 KerTime:2.6455334 AccTime:313.0498293
#IT 118 KerTime:2.6166049 AccTime:315.6664342
#IT 119 KerTime:2.5936719 AccTime:318.2601062
#IT 120 KerTime:2.6532091 AccTime:320.9133153
#IT 121 KerTime:2.6986483 AccTime:323.6119636
#IT 122 KerTime:2.6899277 AccTime:326.3018913
#IT 123 KerTime:2.6522167 AccTime:328.9541080
#IT 124 KerTime:2.6440612 AccTime:331.5981692
#IT 125 KerTime:2.7054255 AccTime:334.3035947
#IT 126 KerTime:2.6670852 AccTime:336.9706800
#IT 127 KerTime:2.6449736 AccTime:339.6156536
#IT 128 KerTime:2.6466522 AccTime:342.2623058
#IT 129 KerTime:2.6405475 AccTime:344.9028533
#IT 130 KerTime:2.6294315 AccTime:347.5322847
#IT 131 KerTime:2.6246874 AccTime:350.1569721
#IT 132 KerTime:2.5957649 AccTime:352.7527370
#IT 133 KerTime:2.5972596 AccTime:355.3499966
#IT 134 KerTime:2.6597628 AccTime:358.0097594
#IT 135 KerTime:2.6848395 AccTime:360.6945990
#ERR  p: [1049, 1876], r: 1.4173091329855647e+34, e: 8.0576013059937670e+33
#SDC Ite:136 KerTime:2.6848395 AccTime:360.6945990 KerErr:1 AccErr:1
#IT 136 KerTime:2.5929687 AccTime:363.2875677
#IT 137 KerTime:2.5963812 AccTime:365.8839489
#IT 138 KerTime:2.6441104 AccTime:368.5280593
#IT 139 KerTime:2.7186016 AccTime:371.2466609
#IT 140 KerTime:2.6440622 AccTime:373.8907230
#IT 141 KerTime:2.6857364 AccTime:376.5764594
#IT 142 KerTime:2.6842031 AccTime:379.2606625
#IT 143 KerTime:2.6685551 AccTime:381.9292176
#IT 144 KerTime:2.6597828 AccTime:384.5890004
#IT 145 KerTime:2.6600373 AccTime:387.2490377
#IT 146 KerTime:2.6725717 AccTime:389.9216094
#IT 147 KerTime:2.6322309 AccTime:392.5538403
