#HEADER matrix_dim:2048 threads:4 block_size:16 block_offset:12 precision:Float
#BEGIN Y:2023 M:10 D:19 Time:20:17:17
#IT 0 KerTime:2.6484474 AccTime:2.6484474
#IT 1 KerTime:2.7430371 AccTime:5.3914845
#IT 2 KerTime:2.6974056 AccTime:8.0888901
#IT 3 KerTime:2.6863934 AccTime:10.7752836
#IT 4 KerTime:2.6761409 AccTime:13.4514244
#IT 5 KerTime:2.6411221 AccTime:16.0925465
#IT 6 KerTime:2.6332607 AccTime:18.7258072
#IT 7 KerTime:2.7452812 AccTime:21.4710883
#ERR  p: [264, 1982], r: 2.6561709424241969e+34, e: 2.8956989702734937e+34
#SDC Ite:8 KerTime:2.7452812 AccTime:21.4710883 KerErr:1 AccErr:1
#IT 8 KerTime:2.7092162 AccTime:24.1803046
#IT 9 KerTime:2.6525241 AccTime:26.8328287
#IT 10 KerTime:2.6470621 AccTime:29.4798908
#IT 11 KerTime:2.6655300 AccTime:32.1454208
#IT 12 KerTime:2.6467020 AccTime:34.7921229
#ERR  p: [287, 2038], r: 1.9641045248698308e+34, e: 2.2196193103864590e+34
#SDC Ite:13 KerTime:2.6467020 AccTime:34.7921229 KerErr:1 AccErr:2
#IT 13 KerTime:2.6799445 AccTime:37.4720674
#IT 14 KerTime:2.6662358 AccTime:40.1383032
#IT 15 KerTime:2.6527554 AccTime:42.7910586
#IT 16 KerTime:2.6529660 AccTime:45.4440246
#IT 17 KerTime:2.6616037 AccTime:48.1056284
#IT 18 KerTime:2.6190076 AccTime:50.7246360
#IT 19 KerTime:2.5898717 AccTime:53.3145077
#IT 20 KerTime:2.5942689 AccTime:55.9087766
