#HEADER matrix_dim:2048 threads:4 block_size:16 block_offset:12 precision:Float
#BEGIN Y:2023 M:10 D:27 Time:09:42:01
#IT 0 KerTime:2.6375651 AccTime:2.6375651
#IT 1 KerTime:2.7182788 AccTime:5.3558439
#IT 2 KerTime:2.6400966 AccTime:7.9959405
#IT 3 KerTime:2.6796043 AccTime:10.6755448
#IT 4 KerTime:2.7036831 AccTime:13.3792278
#IT 5 KerTime:2.6485940 AccTime:16.0278218
#IT 6 KerTime:2.6296290 AccTime:18.6574508
#ERR  p: [1795, 1438], r: -4.2097002738646385e+34, e: -4.1036120311419835e+34
#SDC Ite:7 KerTime:2.6296290 AccTime:18.6574508 KerErr:1 AccErr:1
#IT 7 KerTime:2.7124459 AccTime:21.3698967
#IT 8 KerTime:2.6401622 AccTime:24.0100589
#IT 9 KerTime:2.6488348 AccTime:26.6588937
#IT 10 KerTime:2.6642303 AccTime:29.3231240
#IT 11 KerTime:2.6294710 AccTime:31.9525950
#IT 12 KerTime:2.6496192 AccTime:34.6022142
#IT 13 KerTime:2.5958949 AccTime:37.1981091
#IT 14 KerTime:2.6041463 AccTime:39.8022554
#IT 15 KerTime:2.7168217 AccTime:42.5190771
#IT 16 KerTime:2.7374402 AccTime:45.2565173
#ERR  p: [1724, 1296], r: -3.2455866291569957e+34, e: -3.6259021114421088e+34
#SDC Ite:17 KerTime:2.7374402 AccTime:45.2565173 KerErr:1 AccErr:2
#IT 17 KerTime:2.5968662 AccTime:47.8533835
#IT 18 KerTime:2.6012507 AccTime:50.4546343
#IT 19 KerTime:2.7150194 AccTime:53.1696537
#IT 20 KerTime:2.7864819 AccTime:55.9561356
