#HEADER matrix_dim:2048 threads:4 block_size:16 block_offset:12 precision:Float
#BEGIN Y:2023 M:10 D:21 Time:19:11:11
#IT 0 KerTime:2.6412032 AccTime:2.6412032
#ERR  p: [496, 48], r: -3.8642999000355381e+34, e: -3.7818288297943618e+34
#ERR  p: [497, 48], r: 3.3993405151522950e+34, e: 3.4317626599571948e+34
#ERR  p: [498, 48], r: 1.1942684857554863e+34, e: 1.1368835276464047e+34
#ERR  p: [499, 48], r: -1.5782779192208251e+33, e: 1.8865605797790142e+33
#ERR  p: [500, 48], r: 2.8345457226848273e+34, e: 2.9853387036941638e+34
#ERR  p: [501, 48], r: 5.5322967808395475e+32, e: 3.7331335298940419e+32
#ERR  p: [502, 48], r: -1.4950578333588791e+34, e: -1.3445357136301383e+34
#ERR  p: [503, 48], r: -6.5411030939184887e+33, e: -7.3962671212966723e+33
#ERR  p: [504, 48], r: -9.4541214643116045e+33, e: -9.0831665418395439e+33
#ERR  p: [505, 48], r: 1.2242963926274063e+33, e: -1.9438406843667684e+33
#ERR  p: [506, 48], r: 8.3260851227439607e+33, e: 1.2028076723524730e+34
#ERR  p: [507, 48], r: -2.2685989032168008e+34, e: -2.1714216004849298e+34
#ERR  p: [508, 48], r: 2.9812455787482706e+34, e: 2.6670435222012325e+34
#ERR  p: [509, 48], r: 1.2230436592046514e+34, e: 1.5999367324571562e+34
#ERR  p: [510, 48], r: -2.3278066042397262e+34, e: -2.4140365556161887e+34
#ERR  p: [511, 48], r: -2.0061971168281172e+33, e: -4.0886219390002808e+32
#ERR  p: [496, 49], r: 1.6258801180664560e+34, e: 1.3545567144541495e+34
#ERR  p: [497, 49], r: 2.8164081679932415e+34, e: 2.7452932169084457e+34
#ERR  p: [498, 49], r: -3.2815153629171753e+34, e: -3.3728666722361614e+34
#ERR  p: [499, 49], r: 4.0614104076147370e+34, e: 3.8405069400684809e+34
#ERR  p: [500, 49], r: -1.4752374229778887e+34, e: -1.6971800173931210e+34
#ERR  p: [501, 49], r: -2.8778671867716114e+34, e: -3.0335356708316694e+34
#ERR  p: [502, 49], r: 4.7439276651910656e+33, e: 4.4753051991564720e+33
#ERR  p: [503, 49], r: -5.3182478491878165e+34, e: -5.4809666493596126e+34
#ERR  p: [504, 49], r: 2.6227364102551695e+34, e: 2.5472983249651813e+34
#ERR  p: [505, 49], r: -1.8031405047037217e+34, e: -1.7542195902312420e+34
#ERR  p: [506, 49], r: -1.8028213637615939e+34, e: -1.9405149584512282e+34
#ERR  p: [507, 49], r: 1.2931363194050054e+34, e: 1.4522168138013417e+34
#ERR  p: [508, 49], r: -2.6098926585535797e+33, e: -2.7152314523764513e+33
#ERR  p: [509, 49], r: -3.7149104954427434e+34, e: -3.6163798766599257e+34
#ERR  p: [510, 49], r: -3.2545815014824433e+34, e: -3.3374482173601752e+34
#ERR  p: [511, 49], r: -4.3715148826317405e+34, e: -4.2694264241760166e+34
#ERR  p: [496, 50], r: 2.5999850530371671e+34, e: 2.7156339066832230e+34
#ERR  p: [497, 50], r: 2.2792432068505922e+34, e: 2.0516116589848240e+34
#ERR  p: [498, 50], r: -4.8506195274768761e+33, e: -6.0859088276531365e+33
#ERR  p: [499, 50], r: -1.1768713430013971e+34, e: -1.4030147631459404e+34
#ERR  p: [500, 50], r: -2.4445151345594104e+34, e: -2.5567970388866180e+34
#ERR  p: [501, 50], r: -4.6896521029756590e+34, e: -4.4191027832699177e+34
#ERR  p: [502, 50], r: 3.1794358176297343e+34, e: 3.3237875490266611e+34
#ERR  p: [503, 50], r: 2.1937136200513554e+33, e: 4.6058425719640073e+32
#ERR  p: [504, 50], r: -1.4875120936434190e+34, e: -1.4154211506316506e+34
#ERR  p: [505, 50], r: -2.9201126333762485e+34, e: -2.9473537515287312e+34
#ERR  p: [506, 50], r: 2.5110883312280761e+34, e: 2.3179154633258360e+34
#ERR  p: [507, 50], r: -8.1789720422954039e+33, e: -9.6396843434103455e+33
#ERR  p: [508, 50], r: 1.3339342427217062e+34, e: 1.5665154462465491e+34
#ERR  p: [509, 50], r: -3.1965978755703632e+34, e: -3.1945686442579666e+34
#ERR  p: [510, 50], r: 5.5428164858083848e+33, e: 8.2035507228053955e+33
#ERR  p: [511, 50], r: 4.3214936870523440e+34, e: 4.3086517922608132e+34
#ERR  p: [496, 51], r: 2.7324026091763690e+33, e: 5.2622862745359052e+33
#ERR  p: [497, 51], r: -2.4471705468921786e+33, e: -4.0714294277346854e+33
#ERR  p: [498, 51], r: -1.7841833099121250e+34, e: -2.2292853938012071e+34
#ERR  p: [499, 51], r: 2.5550641704196263e+34, e: 2.1079828679957348e+34
#ERR  p: [500, 51], r: -3.3334570986735192e+34, e: -3.5326609628591497e+34
#ERR  p: [501, 51], r: -2.2347315872100392e+34, e: -2.0880762969880102e+34
#ERR  p: [502, 51], r: -6.7520944993641907e+33, e: -5.9260913875514136e+33
#ERR  p: [503, 51], r: -1.1606348928281418e+34, e: -1.1057344803779059e+34
#ERR  p: [504, 51], r: -4.3239250012895005e+34, e: -4.3592855205716481e+34
#ERR  p: [505, 51], r: -1.3360042022613952e+34, e: -1.1731718829879967e+34
#ERR  p: [506, 51], r: -2.8550920611048547e+34, e: -2.8168213923783550e+34
#ERR  p: [507, 51], r: -2.5449484671826098e+34, e: -2.4272520607115758e+34
#ERR  p: [508, 51], r: 4.2037615041141747e+33, e: 6.6541783940168743e+33
#ERR  p: [509, 51], r: -2.1172183958648195e+34, e: -2.4502685846859932e+34
#ERR  p: [510, 51], r: 2.9333694856689478e+34, e: 3.2429079744999900e+34
#ERR  p: [511, 51], r: -1.5224622358025435e+34, e: -1.8071300140683267e+34
#ERR  p: [496, 52], r: -3.3686465346422375e+34, e: -3.5509842085566283e+34
#ERR  p: [497, 52], r: -3.2542093767066341e+34, e: -3.2371178813482444e+34
#ERR  p: [498, 52], r: -1.8422555723310179e+34, e: -1.8206792677983052e+34
#ERR  p: [499, 52], r: -6.5328782202974766e+33, e: -6.4613079548662317e+33
#ERR  p: [500, 52], r: 2.0836008961579857e+34, e: 1.9171977388412684e+34
#ERR  p: [501, 52], r: 5.7860289945966067e+33, e: 2.4296170213626266e+33
#ERR  p: [502, 52], r: -1.3766575341815075e+34, e: -1.2353534873672974e+34
#ERR  p: [503, 52], r: 9.0275873668657678e+33, e: 8.7588479154974618e+33
#ERR  p: [504, 52], r: 1.8798950154314860e+34, e: 1.8820316999392926e+34
#ERR  p: [505, 52], r: -5.6144700646042737e+34, e: -5.8174595494300390e+34
#ERR  p: [506, 52], r: -6.4403508679411695e+33, e: -7.5514416672810554e+33
#ERR  p: [507, 52], r: 2.7892438021231946e+34, e: 2.9944249359945106e+34
#ERR  p: [508, 52], r: -2.8576335520055075e+34, e: -2.8533492891175487e+34
#ERR  p: [509, 52], r: -5.5738138854220711e+33, e: -6.0211781809389433e+33
#ERR  p: [510, 52], r: 2.1465766390724880e+34, e: 2.2289823460795900e+34
#ERR  p: [511, 52], r: -4.7794423699051062e+34, e: -4.8424663924811406e+34
#ERR  p: [496, 53], r: 2.6226185583634295e+34, e: 2.1303482355094881e+34
#ERR  p: [497, 53], r: -5.8965802587488933e+34, e: -5.8294680629871229e+34
#ERR  p: [498, 53], r: 1.6542940915606586e+33, e: 4.4945121483509945e+33
#ERR  p: [499, 53], r: 1.3731332426836659e+34, e: 1.4229265335018300e+34
#ERR  p: [500, 53], r: 2.4565053266039129e+34, e: 2.4484062276908922e+34
#ERR  p: [501, 53], r: 3.6276817740425855e+34, e: 3.2749639366412692e+34
#ERR  p: [502, 53], r: -2.1143315196932060e+34, e: -2.0802757892124651e+34
#ERR  p: [503, 53], r: 2.2320828907019842e+34, e: 2.1734849989424107e+34
#ERR  p: [504, 53], r: 2.7098611446920274e+34, e: 2.6310226857021301e+34
#ERR  p: [505, 53], r: -2.1982730151130455e+34, e: -2.3563594436578357e+34
#ERR  p: [506, 53], r: -2.1862823278925273e+34, e: -2.4146077411503149e+34
#ERR  p: [507, 53], r: -3.5252684801205531e+34, e: -3.4247383405862817e+34
#ERR  p: [508, 53], r: -7.4435892362084148e+33, e: -1.0805190035117060e+34
#ERR  p: [509, 53], r: -3.9260931626245150e+34, e: -3.8361068059928450e+34
#ERR  p: [510, 53], r: 4.8564887868941339e+34, e: 4.6693543429155202e+34
#ERR  p: [511, 53], r: 2.9682088321945563e+34, e: 3.2284797833421189e+34
#ERR  p: [496, 54], r: -9.8342588070250645e+33, e: -7.6404012764441421e+33
#ERR  p: [497, 54], r: -1.6090276689296523e+34, e: -1.7313391158671422e+34
#ERR  p: [498, 54], r: -3.3252351961086014e+34, e: -3.4379278489408438e+34
#ERR  p: [499, 54], r: 1.2203966958126514e+34, e: 1.2697313298462603e+34
#ERR  p: [500, 54], r: 2.5713334260039227e+34, e: 2.9074093878691177e+34
#ERR  p: [501, 54], r: 3.5831612412337496e+34, e: 3.5110507387693605e+34
#ERR  p: [502, 54], r: 4.5110550505809748e+33, e: 4.7505221717803388e+33
#ERR  p: [503, 54], r: 7.0760365443463222e+34, e: 7.0220811753220768e+34
#ERR  p: [504, 54], r: -2.1164644903808947e+34, e: -2.2858701474688947e+34
#ERR  p: [505, 54], r: 1.6016782665044228e+34, e: 1.4861170590131483e+34
#ERR  p: [506, 54], r: -8.1932015440769697e+33, e: -7.2567865601603295e+33
#ERR  p: [507, 54], r: 9.2248859175369342e+33, e: 7.9744426838547716e+33
#ERR  p: [508, 54], r: 8.0264596863655040e+33, e: 8.9259432050901435e+33
#ERR  p: [509, 54], r: -3.3297101017626102e+34, e: -2.9856449700598830e+34
#ERR  p: [510, 54], r: 2.8202131004979891e+34, e: 2.9156924446719762e+34
#ERR  p: [511, 54], r: 1.9198016219199013e+34, e: 1.8024976424413208e+34
#ERR  p: [496, 55], r: -1.4177701418561946e+34, e: -1.6452875516503407e+34
#ERR  p: [497, 55], r: 3.2728079402688498e+34, e: 3.2340203077819446e+34
#ERR  p: [498, 55], r: -4.5070042012874232e+33, e: -5.9872326271216989e+33
#ERR  p: [499, 55], r: -3.2370349393656123e+34, e: -3.2014713979170219e+34
#ERR  p: [500, 55], r: 4.9973646302487552e+33, e: 5.6340136715924799e+32
#ERR  p: [501, 55], r: 1.4987969074535367e+34, e: 1.5894817098553715e+34
#ERR  p: [502, 55], r: 7.0950664062182250e+33, e: 7.2914235034895148e+33
#ERR  p: [503, 55], r: -3.5403827376481962e+34, e: -3.5307317571019274e+34
#ERR  p: [504, 55], r: 1.6109025291191500e+34, e: 1.7103143136219310e+34
#ERR  p: [505, 55], r: -6.5616912747118439e+33, e: -7.3347922568857996e+33
#ERR  p: [506, 55], r: 2.2581516486887626e+33, e: 2.2057645021062839e+33
#ERR  p: [507, 55], r: 1.1067659320186385e+34, e: 1.5091855764692157e+34
#ERR  p: [508, 55], r: 3.8561658912134096e+34, e: 3.8091771535542465e+34
#ERR  p: [509, 55], r: -4.0924235290669222e+34, e: -4.0599048249389582e+34
#ERR  p: [510, 55], r: 1.5862632514442354e+33, e: 1.5783998563146947e+33
#ERR  p: [511, 55], r: -3.5345688760476963e+34, e: -3.2828080199061971e+34
#ERR  p: [496, 56], r: -1.5029613377456927e+32, e: -7.7088352207858576e+32
#ERR  p: [497, 56], r: 9.5562580167378546e+32, e: 2.8692274794434348e+33
#ERR  p: [498, 56], r: -1.2607642492746947e+33, e: -1.4638188342722758e+32
#ERR  p: [499, 56], r: -4.7339257905406613e+34, e: -4.8428744175180890e+34
#ERR  p: [500, 56], r: 9.6415171136385075e+33, e: 1.1136508593411281e+34
#ERR  p: [501, 56], r: -4.4952296583977643e+34, e: -4.8244345578689097e+34
#ERR  p: [502, 56], r: 6.3569966512759670e+33, e: 7.7253957636613977e+33
#ERR  p: [503, 56], r: 2.1774297567745955e+33, e: 9.5233705921691894e+32
#ERR  p: [504, 56], r: -3.3382325142720645e+33, e: -5.9943817308485719e+33
#ERR  p: [505, 56], r: -8.7003391554207168e+33, e: -9.2717549463942984e+33
#ERR  p: [506, 56], r: 2.4044937710293534e+34, e: 2.0875028831618132e+34
#ERR  p: [507, 56], r: -3.6114941606038800e+33, e: -4.9772985506669687e+33
#ERR  p: [508, 56], r: -2.3826787916570664e+34, e: -2.6183132504948028e+34
#ERR  p: [509, 56], r: -3.3875451748699760e+34, e: -3.5681603790137051e+34
#ERR  p: [510, 56], r: 4.1295080036477787e+34, e: 4.0856893828412176e+34
#ERR  p: [511, 56], r: 2.6018053200709323e+34, e: 2.4291498227918003e+34
#ERR  p: [496, 57], r: -1.8326642604946427e+34, e: -1.9547058365035683e+34
#ERR  p: [497, 57], r: -2.1468987510707100e+34, e: -2.2759683602706666e+34
#ERR  p: [498, 57], r: -2.5982405479338061e+34, e: -2.7132555762797479e+34
#ERR  p: [499, 57], r: -1.2617710040116435e+34, e: -1.6768057526385544e+34
#ERR  p: [500, 57], r: -2.0434077065504758e+34, e: -2.0015549345263000e+34
#ERR  p: [501, 57], r: 7.9190033961054348e+33, e: 7.4947984828435135e+33
#ERR  p: [502, 57], r: 2.0585947549524289e+34, e: 1.8693429383306213e+34
#ERR  p: [503, 57], r: -1.4002791632471275e+34, e: -1.1479113451043667e+34
#ERR  p: [504, 57], r: -2.1365082251449721e+34, e: -2.2811273515903845e+34
#ERR  p: [505, 57], r: 4.7997158663404750e+34, e: 5.0845901330048110e+34
#ERR  p: [506, 57], r: 4.2547320759096992e+34, e: 4.1112426935441386e+34
#ERR  p: [507, 57], r: 2.4020478490997333e+34, e: 2.4378173837708608e+34
#ERR  p: [508, 57], r: -2.5007072136466367e+34, e: -2.5215813585890668e+34
#ERR  p: [509, 57], r: -1.8833570385453515e+34, e: -2.0385463160162021e+34
#ERR  p: [510, 57], r: -1.2909517266176785e+34, e: -1.3096359556306127e+34
#ERR  p: [511, 57], r: -3.7555102245591546e+34, e: -3.6963966069792148e+34
#ERR  p: [496, 58], r: 4.1200726722563534e+34, e: 4.0060883527871205e+34
#ERR  p: [497, 58], r: -2.3357962692532741e+34, e: -2.2340286848557329e+34
#ERR  p: [498, 58], r: -5.4141796604461624e+33, e: -4.5349339854837603e+33
#ERR  p: [499, 58], r: -3.5989122951176011e+34, e: -3.5170007737741818e+34
#ERR  p: [500, 58], r: 1.4522378587820096e+34, e: 1.6488368495369758e+34
#ERR  p: [501, 58], r: -1.4806373174292516e+34, e: -1.4886396094312001e+34
#ERR  p: [502, 58], r: -8.7282386100860914e+32, e: 1.4550437736750538e+32
#ERR  p: [503, 58], r: -1.1999231482669341e+34, e: -9.7698116485798676e+33
#ERR  p: [504, 58], r: -3.8086928714108781e+34, e: -3.8123482607588800e+34
#ERR  p: [505, 58], r: -5.7473114295159250e+34, e: -5.7619379386680896e+34
#ERR  p: [506, 58], r: 2.3195899010229734e+34, e: 2.4871738055491611e+34
#ERR  p: [507, 58], r: 4.6266637330727560e+34, e: 4.7820123334266626e+34
#ERR  p: [508, 58], r: 7.5131195002489214e+34, e: 7.2825784219088208e+34
#ERR  p: [509, 58], r: -1.4968850328568643e+34, e: -1.7182163324806975e+34
#ERR  p: [510, 58], r: 2.4793511076984118e+33, e: 1.6816420439385315e+33
#ERR  p: [511, 58], r: -4.7649436161649958e+34, e: -4.7763663364954899e+34
#ERR  p: [496, 59], r: -3.6050123684551838e+34, e: -3.6807604339310090e+34
#ERR  p: [497, 59], r: -4.3678966314849172e+34, e: -4.4638290617132827e+34
#ERR  p: [498, 59], r: 4.0983824772400264e+34, e: 3.7358826852362849e+34
#ERR  p: [499, 59], r: -1.7450490542142199e+34, e: -1.9977773604964206e+34
#ERR  p: [500, 59], r: 4.3727604360022675e+33, e: -5.5184272101244039e+30
#ERR  p: [501, 59], r: 3.4290883380903266e+33, e: 3.8211489002921637e+33
#ERR  p: [502, 59], r: 1.9331604804718377e+34, e: 1.9583287918225409e+34
#ERR  p: [503, 59], r: 1.0900189708474325e+33, e: 6.5594767547240672e+32
#ERR  p: [504, 59], r: -1.9266560649689235e+33, e: -1.9501595945547957e+33
#ERR  p: [505, 59], r: 1.9152456311933193e+34, e: 1.9840816584597947e+34
#ERR  p: [506, 59], r: 2.1697966803893638e+34, e: 1.9576432206287847e+34
#ERR  p: [507, 59], r: 5.9510036929019926e+33, e: 9.1640653044368239e+33
#ERR  p: [508, 59], r: -2.2200035669746532e+34, e: -2.0553629886858704e+34
#ERR  p: [509, 59], r: -1.5271730928280401e+34, e: -1.4228070722880390e+34
#ERR  p: [510, 59], r: -3.9025210511604663e+34, e: -3.9114094606425354e+34
#ERR  p: [511, 59], r: 2.7974451548834602e+34, e: 2.8946556344083840e+34
#ERR  p: [496, 60], r: -8.8383843250815082e+33, e: -7.4628497263096364e+33
#ERR  p: [497, 60], r: 4.0184831036364615e+34, e: 3.7880727517645094e+34
#ERR  p: [498, 60], r: -4.2190417694010859e+34, e: -4.4432327105156683e+34
#ERR  p: [499, 60], r: -3.0814959438336636e+34, e: -3.4107850232274804e+34
#ERR  p: [500, 60], r: -9.3644283756752412e+33, e: -1.0433992476397299e+34
#ERR  p: [501, 60], r: -2.1876963030053990e+34, e: -2.3203534624392047e+34
#ERR  p: [502, 60], r: -1.6077360022926619e+34, e: -1.5710924819537990e+34
#ERR  p: [503, 60], r: -6.4217910519021834e+33, e: -7.4427771475426436e+33
#ERR  p: [504, 60], r: 2.2355050521465847e+34, e: 2.4329557456485793e+34
#ERR  p: [505, 60], r: 1.3813388044400652e+34, e: 1.4247110240684599e+34
#ERR  p: [506, 60], r: 3.2617164926928685e+34, e: 3.3780333387841229e+34
#ERR  p: [507, 60], r: -2.6112085888153401e+32, e: -1.0725905546331008e+33
#ERR  p: [508, 60], r: -2.4040550450794306e+34, e: -2.1470572073957386e+34
#ERR  p: [509, 60], r: 5.0698856336301714e+33, e: 6.7264053866389601e+33
#ERR  p: [510, 60], r: -3.9663379124346611e+33, e: -3.3325571781619607e+33
#ERR  p: [511, 60], r: -2.4504621985081374e+34, e: -2.5412700521498772e+34
#ERR  p: [496, 61], r: 2.1922906079761969e+33, e: 2.2059599418899861e+33
#ERR  p: [497, 61], r: -1.1816796259079855e+34, e: -1.1373762277820403e+34
#ERR  p: [498, 61], r: 4.9231030831721038e+33, e: 4.3087988595374803e+33
#ERR  p: [499, 61], r: -2.4884501217296643e+34, e: -2.3283408991606818e+34
#ERR  p: [500, 61], r: -9.3127220961143695e+33, e: -1.2618299299575135e+34
#ERR  p: [501, 61], r: 2.9569755166900729e+34, e: 2.8571460512180370e+34
#ERR  p: [502, 61], r: -1.6476081321509831e+33, e: -5.4432378269883081e+32
#ERR  p: [503, 61], r: 2.7265129237484629e+34, e: 2.6470901570600229e+34
#ERR  p: [504, 61], r: -6.9262311919003276e+33, e: -3.3374006185656647e+33
#ERR  p: [505, 61], r: 4.9970766853956174e+34, e: 4.8804038077490646e+34
#ERR  p: [506, 61], r: -1.4209299838064705e+34, e: -1.1903801160920910e+34
#ERR  p: [507, 61], r: 2.5403222852558003e+33, e: 4.7223512987613509e+33
#ERR  p: [508, 61], r: 3.0852218957639047e+34, e: 3.2644558064117992e+34
#ERR  p: [509, 61], r: 1.6493758486300807e+34, e: 1.7699432856402253e+34
#ERR  p: [510, 61], r: 2.4962924718785372e+34, e: 2.3981057528386330e+34
#ERR  p: [511, 61], r: 8.1514996769435828e+33, e: 7.9819984508845499e+33
#ERR  p: [496, 62], r: -6.6468986876158566e+33, e: -4.3779833050280125e+33
#ERR  p: [497, 62], r: 1.6004893488906932e+34, e: 1.5419615245373432e+34
#ERR  p: [498, 62], r: 4.5212578428997551e+33, e: 4.9057743985021871e+33
#ERR  p: [499, 62], r: 1.9031093622241812e+34, e: 1.9249443962251046e+34
#ERR  p: [500, 62], r: -7.4041032817453487e+33, e: -4.3104598655851915e+33
#ERR  p: [501, 62], r: -4.6125809271858455e+34, e: -4.4815217007547494e+34
#ERR  p: [502, 62], r: 2.3397386131023823e+34, e: 2.4709798167192533e+34
#ERR  p: [503, 62], r: -9.8204031631353628e+33, e: -1.3240517673880910e+34
#ERR  p: [504, 62], r: 1.6977040374117505e+34, e: 1.6913514243061537e+34
#ERR  p: [505, 62], r: 7.9305750406226549e+33, e: 7.4682861399921582e+33
#ERR  p: [506, 62], r: -1.2693830973132093e+34, e: -1.1603501666191062e+34
#ERR  p: [507, 62], r: 1.4867902508065117e+34, e: 1.1161169596933885e+34
#ERR  p: [508, 62], r: 2.4199066196944721e+34, e: 2.4936737335194329e+34
#ERR  p: [509, 62], r: 5.1013359955042322e+34, e: 5.3334680743828224e+34
#ERR  p: [510, 62], r: -1.1753433536109072e+34, e: -1.1679117519670692e+34
#ERR  p: [511, 62], r: -1.3135629490232338e+34, e: -1.4505197218014854e+34
#ERR  p: [496, 63], r: -1.1965870236550639e+34, e: -1.0025253148046170e+34
#ERR  p: [497, 63], r: -1.6629031908213638e+33, e: -2.5411547999322197e+33
#ERR  p: [498, 63], r: 1.3337260212070984e+34, e: 1.2522361422410596e+34
#ERR  p: [499, 63], r: 2.3328175379307456e+34, e: 2.2459166230529905e+34
#ERR  p: [500, 63], r: -3.1282205050884431e+34, e: -3.2530974589633480e+34
#ERR  p: [501, 63], r: 7.3782297159542646e+33, e: 6.0576293253957013e+33
#ERR  p: [502, 63], r: -2.6975456220052007e+34, e: -2.8023070405937496e+34
#ERR  p: [503, 63], r: -1.7023606726635264e+34, e: -1.7423812934295599e+34
#ERR  p: [504, 63], r: 4.3277754899876937e+34, e: 4.2902074760274925e+34
#ERR  p: [505, 63], r: 1.4592167457534809e+34, e: 1.4832159465310830e+34
#ERR  p: [506, 63], r: 8.9483319696706392e+33, e: 7.1021833235040766e+33
#ERR  p: [507, 63], r: 8.4998238175574674e+33, e: 7.4132640380360605e+33
#ERR  p: [508, 63], r: 6.4242366024497917e+33, e: 1.0702980753713501e+34
#ERR  p: [509, 63], r: -6.9607078219944255e+33, e: -6.6993786797012817e+33
#ERR  p: [510, 63], r: 1.3909606933954108e+34, e: 1.6195702138922144e+34
#ERR  p: [511, 63], r: 1.8651688521061589e+34, e: 1.6233932203215356e+34
#ERR  p: [1856, 336], r: -1.3764150217278115e+34, e: -1.4339831949627074e+34
#ERR  p: [1857, 336], r: -5.7103534724070836e+34, e: -6.0448003051805790e+34
#ERR  p: [1858, 336], r: -5.6359423821736865e+34, e: -5.6336408040526471e+34
#ERR  p: [1859, 336], r: -4.1338915493268882e+34, e: -3.8585610576014189e+34
#ERR  p: [1860, 336], r: 3.2655885215477453e+34, e: 3.4519534619979393e+34
#ERR  p: [1861, 336], r: 4.7788471683342178e+34, e: 4.7665326359994225e+34
#ERR  p: [1862, 336], r: 1.8512609671467994e+34, e: 2.0603756554929448e+34
#ERR  p: [1863, 336], r: 2.9972206997792327e+34, e: 2.7749193503406156e+34
#ERR  p: [1864, 336], r: -3.5947980632940381e+33, e: -4.9886414857619308e+33
#ERR  p: [1865, 336], r: -9.7914799320574992e+33, e: -1.0143646638553326e+34
#ERR  p: [1866, 336], r: -1.3849425716884288e+34, e: -1.1352634355169919e+34
#ERR  p: [1867, 336], r: -1.7006788073261533e+34, e: -1.3443092943969530e+34
#ERR  p: [1868, 336], r: 1.4108813769195833e+34, e: 1.2832740224940305e+34
#ERR  p: [1869, 336], r: -1.6212980068050451e+34, e: -1.6366138009710838e+34
#ERR  p: [1870, 336], r: -1.5263766022067639e+34, e: -1.7018255111845433e+34
#ERR  p: [1871, 336], r: 9.3842434629140627e+33, e: 7.7315644188771568e+33
#ERR  p: [1856, 337], r: -2.0125432616970088e+34, e: -2.1730866298377687e+34
#ERR  p: [1857, 337], r: 1.6011771793250211e+33, e: 3.6066479348350876e+33
#ERR  p: [1858, 337], r: -2.3194257501737642e+34, e: -2.2741894404342135e+34
#ERR  p: [1859, 337], r: 9.3261939785918926e+33, e: 5.3658195328114790e+33
#ERR  p: [1860, 337], r: -3.2865887506831766e+33, e: -5.1123735926885045e+33
#ERR  p: [1861, 337], r: -8.4386992901777124e+33, e: -1.1451808207597149e+34
#ERR  p: [1862, 337], r: 1.2545335113659654e+34, e: 1.2809143849851487e+34
#ERR  p: [1863, 337], r: -2.7754519121455162e+34, e: -2.5823973913110318e+34
#ERR  p: [1864, 337], r: -3.6678771919421661e+34, e: -3.6555740486557323e+34
#ERR  p: [1865, 337], r: 1.2032621201408946e+34, e: 1.0310651558523139e+34
#ERR  p: [1866, 337], r: -8.3373379977010648e+33, e: -1.1050271214394583e+34
#ERR  p: [1867, 337], r: 7.4682490017909796e+33, e: 7.4777489536524556e+33
#ERR  p: [1868, 337], r: 5.9047655182886483e+34, e: 6.0149134615761357e+34
#ERR  p: [1869, 337], r: 5.2266125564238184e+34, e: 5.4116321036393170e+34
#ERR  p: [1870, 337], r: 2.2216188311379127e+34, e: 2.1039595628680573e+34
#ERR  p: [1871, 337], r: 1.9968921095743276e+34, e: 1.8054290844543486e+34
#ERR  p: [1856, 338], r: 2.5683012156716970e+34, e: 2.4569891135712656e+34
#ERR  p: [1857, 338], r: -2.9784064870621735e+34, e: -3.4528628527507984e+34
#ERR  p: [1858, 338], r: -1.8246710054549809e+34, e: -1.5942443127745102e+34
#ERR  p: [1859, 338], r: -1.7732988459107123e+34, e: -1.5157218998766425e+34
#ERR  p: [1860, 338], r: -2.3118502380003593e+33, e: -2.8275413960455487e+33
#ERR  p: [1861, 338], r: -2.2485487311645190e+34, e: -2.2250248993620025e+34
#ERR  p: [1862, 338], r: -4.1290291684405831e+34, e: -4.1339413145164675e+34
#ERR  p: [1863, 338], r: -1.8025771800888449e+33, e: -1.5021043737534974e+33
#ERR  p: [1864, 338], r: -6.0267511394077982e+34, e: -6.4906567897296016e+34
#ERR  p: [1865, 338], r: -9.0888270226691763e+33, e: -6.5832685695965880e+33
#ERR  p: [1866, 338], r: 3.3576590740295562e+34, e: 3.3100325496621533e+34
#ERR  p: [1867, 338], r: 3.9998616381835190e+33, e: 7.7964429994260446e+33
#ERR  p: [1868, 338], r: 1.9191219928383336e+34, e: 1.9213522656131102e+34
#ERR  p: [1869, 338], r: 3.0997096318376654e+33, e: 3.5647696612461025e+33
#ERR  p: [1870, 338], r: -3.1718677949935670e+34, e: -3.3656289320024755e+34
#ERR  p: [1871, 338], r: 1.6057785715025439e+34, e: 1.4513160886287577e+34
#ERR  p: [1856, 339], r: -6.1165463580974025e+34, e: -5.7845650067061478e+34
#ERR  p: [1857, 339], r: -3.4180465319099206e+34, e: -3.5064181195543468e+34
#ERR  p: [1858, 339], r: -2.0380361609260126e+31, e: 1.2901376262993434e+33
#ERR  p: [1859, 339], r: 6.1470841105745022e+33, e: 4.6359232769786027e+33
#ERR  p: [1860, 339], r: 1.0152389590080779e+34, e: 1.4801693760944017e+34
#ERR  p: [1861, 339], r: 2.1445977300226883e+33, e: -5.5848782840081940e+32
#ERR  p: [1862, 339], r: -9.1741439932666658e+33, e: -4.8741051069321787e+33
#ERR  p: [1863, 339], r: -2.0021311956145873e+34, e: -2.1063265042231710e+34
#ERR  p: [1864, 339], r: -3.1812737872060613e+31, e: -1.3792269096815453e+33
#ERR  p: [1865, 339], r: -8.3213048172822602e+33, e: -9.4575208476594822e+33
#ERR  p: [1866, 339], r: 1.3229314316525377e+33, e: 1.4841980353127491e+32
#ERR  p: [1867, 339], r: -9.5118478462835211e+33, e: -9.7769229951355424e+33
#ERR  p: [1868, 339], r: 1.9742645463602537e+34, e: 1.9222553428717689e+34
#ERR  p: [1869, 339], r: -8.3465668406939373e+33, e: -7.3611777108831282e+33
#ERR  p: [1870, 339], r: -1.2906903665268843e+33, e: -2.8130735908064205e+33
#ERR  p: [1871, 339], r: -3.2189867639448629e+34, e: -3.6151790748218189e+34
#ERR  p: [1856, 340], r: -5.5831349549478704e+33, e: -2.5366403420939558e+33
#ERR  p: [1857, 340], r: -2.7249018685813369e+34, e: -2.7528951591016894e+34
#ERR  p: [1858, 340], r: -2.4459036700044749e+33, e: -1.4310750881194201e+33
#ERR  p: [1859, 340], r: 2.5716716312226554e+34, e: 2.4297952847282837e+34
#ERR  p: [1860, 340], r: -3.5396066730375682e+33, e: -1.5485385761720625e+33
#ERR  p: [1861, 340], r: 1.0777248490490349e+34, e: 1.1168467253465472e+34
#ERR  p: [1862, 340], r: -3.7684751705905904e+34, e: -3.6008150089579827e+34
#ERR  p: [1863, 340], r: 4.3949020458539199e+34, e: 4.3267291830664897e+34
#ERR  p: [1864, 340], r: 4.6367296711201932e+34, e: 4.5243346190733950e+34
#ERR  p: [1865, 340], r: 4.8466664754464280e+34, e: 4.8716490957912384e+34
#ERR  p: [1866, 340], r: -4.2973201843172105e+34, e: -4.3811336767369879e+34
#ERR  p: [1867, 340], r: -1.7232338272539251e+34, e: -1.9478251181772123e+34
#ERR  p: [1868, 340], r: 8.5527729889177816e+33, e: 9.5867549790906598e+33
#ERR  p: [1869, 340], r: -2.9644482179432152e+34, e: -3.0921907554210578e+34
#ERR  p: [1870, 340], r: 5.8800181065513021e+34, e: 5.9141149366413472e+34
#ERR  p: [1871, 340], r: -6.6001181714713014e+33, e: -7.3661752748217232e+33
#ERR  p: [1856, 341], r: -1.7794328388053713e+34, e: -1.6882382526953588e+34
#ERR  p: [1857, 341], r: 1.7746427536173605e+34, e: 1.9138785740079365e+34
#ERR  p: [1858, 341], r: 1.6604036660880427e+34, e: 1.1649072714917236e+34
#ERR  p: [1859, 341], r: 5.1925481603628026e+33, e: 8.9534329016025146e+33
#ERR  p: [1860, 341], r: 1.4584135702559926e+34, e: 2.0511877883153726e+34
#ERR  p: [1861, 341], r: 1.5412167798097092e+34, e: 9.9156484128479211e+33
#ERR  p: [1862, 341], r: -2.6645886871033296e+34, e: -2.5581575349897926e+34
#ERR  p: [1863, 341], r: 1.7493440871805205e+34, e: 1.6704878018540575e+34
#ERR  p: [1864, 341], r: 1.6584915439033625e+34, e: 1.5800004508884887e+34
#ERR  p: [1865, 341], r: 1.6602157467900792e+34, e: 1.7128848961135071e+34
#ERR  p: [1866, 341], r: 1.3145118300633460e+34, e: 1.0785842270243068e+34
#ERR  p: [1867, 341], r: -1.8030497636988421e+34, e: -1.2028892526010619e+34
#ERR  p: [1868, 341], r: -1.5987834675165579e+34, e: -1.8936602896983198e+34
#ERR  p: [1869, 341], r: 1.3749711813114920e+33, e: 4.3427184166138997e+33
#ERR  p: [1870, 341], r: 3.6412223621922890e+34, e: 3.5409398106658746e+34
#ERR  p: [1871, 341], r: -5.7218890928691605e+34, e: -6.2412158332217232e+34
#ERR  p: [1856, 342], r: 4.2572866889747685e+34, e: 4.0965988532314240e+34
#ERR  p: [1857, 342], r: 2.2597213876070774e+34, e: 2.2210659671163679e+34
#ERR  p: [1858, 342], r: -9.6417300393252646e+33, e: -8.8599040557544256e+33
#ERR  p: [1859, 342], r: 1.9916876858551680e+34, e: 2.0938260332944751e+34
#ERR  p: [1860, 342], r: -8.7896057737135463e+33, e: -9.1349885687940888e+33
#ERR  p: [1861, 342], r: 2.7905916712379685e+34, e: 2.5845583394436084e+34
#ERR  p: [1862, 342], r: 1.7161008167475627e+34, e: 1.6273011494375516e+34
#ERR  p: [1863, 342], r: -7.1754285218084747e+33, e: -5.5143085836137015e+33
#ERR  p: [1864, 342], r: -1.2961675393851996e+34, e: -1.2362462897236300e+34
#ERR  p: [1865, 342], r: -1.3070183314175438e+34, e: -1.1530318364888628e+34
#ERR  p: [1866, 342], r: 2.9107463790390154e+34, e: 2.7111592486172221e+34
#ERR  p: [1867, 342], r: -1.6838381186197228e+34, e: -1.5429749022535023e+34
#ERR  p: [1868, 342], r: 3.9849534976724170e+34, e: 3.8251671298656801e+34
#ERR  p: [1869, 342], r: 2.1963519797600824e+34, e: 2.4958547362806459e+34
#ERR  p: [1870, 342], r: 2.1538104178980482e+34, e: 2.1503644880046934e+34
#ERR  p: [1871, 342], r: -1.1429573566551545e+34, e: -1.2358929816364180e+34
#ERR  p: [1856, 343], r: -4.0554692857781986e+33, e: -7.5020063887222527e+32
#ERR  p: [1857, 343], r: 1.0442302767881022e+32, e: -1.6395989695818165e+32
#ERR  p: [1858, 343], r: 2.5064715576455652e+34, e: 2.5714450881954662e+34
#ERR  p: [1859, 343], r: -2.8936808804214507e+34, e: -3.1916263083725931e+34
#ERR  p: [1860, 343], r: 2.9703353655940407e+34, e: 3.1789869405714894e+34
#ERR  p: [1861, 343], r: 1.5514239668156289e+34, e: 1.5516542236629360e+34
#ERR  p: [1862, 343], r: -8.6767155456510339e+33, e: -6.9106702856065104e+33
#ERR  p: [1863, 343], r: 1.9399523147033730e+34, e: 1.8124130469799810e+34
#ERR  p: [1864, 343], r: -1.6293937632799597e+34, e: -1.8791678494524098e+34
#ERR  p: [1865, 343], r: -3.6258570504246788e+34, e: -3.5298439065057519e+34
#ERR  p: [1866, 343], r: -6.6116421552970090e+33, e: -7.8347541487918289e+33
#ERR  p: [1867, 343], r: -2.5109360646032439e+34, e: -2.7343941452145694e+34
#ERR  p: [1868, 343], r: 1.7557953641072484e+34, e: 1.8981753046096014e+34
#ERR  p: [1869, 343], r: -3.3326858620290444e+34, e: -3.3844173955667176e+34
#ERR  p: [1870, 343], r: -1.2513489106149038e+34, e: -1.2588027951794489e+34
#ERR  p: [1871, 343], r: -1.5209617286809257e+34, e: -1.7361157075087248e+34
#ERR  p: [1856, 344], r: -2.6694264329828530e+33, e: -3.6470351096467535e+33
#ERR  p: [1857, 344], r: -2.4815343697001965e+33, e: -4.9660862182461512e+32
#ERR  p: [1858, 344], r: 1.7906817523543497e+34, e: 1.9216543229826958e+34
#ERR  p: [1859, 344], r: 7.3145494613634050e+33, e: 5.3092685749068639e+33
#ERR  p: [1860, 344], r: -5.8526029340292959e+33, e: -6.5310634001998843e+33
#ERR  p: [1861, 344], r: 2.4542639123687828e+34, e: 2.2723716492805269e+34
#ERR  p: [1862, 344], r: 1.3302702496904313e+33, e: 1.9921150846537313e+33
#ERR  p: [1863, 344], r: 5.4819095263905343e+32, e: 2.1993327846321767e+33
#ERR  p: [1864, 344], r: -6.1246523894746432e+34, e: -5.8237626449340644e+34
#ERR  p: [1865, 344], r: -3.5425704252856213e+34, e: -3.6705367823225668e+34
#ERR  p: [1866, 344], r: 1.9139402234218929e+34, e: 1.5267306530579995e+34
#ERR  p: [1867, 344], r: -6.3969548798640205e+33, e: -8.5952176200747398e+33
#ERR  p: [1868, 344], r: 2.3493913267647061e+34, e: 2.4921909289403769e+34
#ERR  p: [1869, 344], r: -7.5296174033584738e+33, e: -6.4919092136673466e+33
#ERR  p: [1870, 344], r: 2.7618117317196522e+33, e: 2.5382252148292509e+33
#ERR  p: [1871, 344], r: -2.7402424215481614e+34, e: -2.8538117835162257e+34
#ERR  p: [1856, 345], r: 2.8823843061809598e+33, e: -9.3150809908592278e+31
#ERR  p: [1857, 345], r: 5.1740733908045154e+34, e: 4.8640991470796448e+34
#ERR  p: [1858, 345], r: -2.4597871056480585e+34, e: -2.1673472922276338e+34
#ERR  p: [1859, 345], r: -3.2709267665851518e+34, e: -3.5042631135339588e+34
#ERR  p: [1860, 345], r: -2.4625717279724270e+34, e: -2.8270386066985929e+34
#ERR  p: [1861, 345], r: 8.2407929109472569e+33, e: 6.9180750239514959e+33
#ERR  p: [1862, 345], r: 2.5232466355299135e+34, e: 2.4723536825748522e+34
#ERR  p: [1863, 345], r: -4.3020619898436893e+34, e: -4.1795361316913952e+34
#ERR  p: [1864, 345], r: 3.0324985246667561e+34, e: 2.7497218236049852e+34
#ERR  p: [1865, 345], r: 3.0131503884107531e+33, e: 6.0263546272132151e+33
#ERR  p: [1866, 345], r: 6.3371301895255152e+33, e: 2.8431447017857115e+33
#ERR  p: [1867, 345], r: 4.8386130565208570e+33, e: 6.8925449865213135e+33
#ERR  p: [1868, 345], r: 2.8574193883787112e+34, e: 3.1058264173657784e+34
#ERR  p: [1869, 345], r: -1.9086472869899243e+34, e: -1.8794375965869700e+34
#ERR  p: [1870, 345], r: -7.8228055515326465e+33, e: -8.9016851510503268e+33
#ERR  p: [1871, 345], r: -5.1062606447745133e+33, e: -7.6129394335826549e+33
#ERR  p: [1856, 346], r: -3.0071312144547377e+33, e: -2.7531801947957348e+33
#ERR  p: [1857, 346], r: -8.5270597363617850e+33, e: -7.3154766784528298e+33
#ERR  p: [1858, 346], r: -4.1248565677441678e+34, e: -4.2666212520469960e+34
#ERR  p: [1859, 346], r: 5.1862225343500621e+34, e: 5.0424689755801181e+34
#ERR  p: [1860, 346], r: -8.3592910073877321e+33, e: -7.7346041806436220e+33
#ERR  p: [1861, 346], r: -6.7810517737931347e+34, e: -6.9624733720784543e+34
#ERR  p: [1862, 346], r: 6.5367820642113631e+33, e: 7.4634173218176488e+33
#ERR  p: [1863, 346], r: 7.2811102250222283e+33, e: 6.7595215206298833e+33
#ERR  p: [1864, 346], r: -2.4592090495467142e+33, e: -1.6923805548093126e+33
#ERR  p: [1865, 346], r: -1.2617604815213096e+34, e: -1.3254027313529631e+34
#ERR  p: [1866, 346], r: 2.1436954574250552e+34, e: 2.0388385936594774e+34
#ERR  p: [1867, 346], r: 1.2053756551699666e+34, e: 1.2255342707696897e+34
#ERR  p: [1868, 346], r: 4.8355141831175159e+33, e: 4.5477946350668863e+33
#ERR  p: [1869, 346], r: 6.4404133839131534e+33, e: 7.1303545060080744e+33
#ERR  p: [1870, 346], r: -6.4000876109274360e+34, e: -6.4898541094081290e+34
#ERR  p: [1871, 346], r: -9.4984836645894158e+33, e: -1.1189623648736859e+34
#ERR  p: [1856, 347], r: 3.4191749142557293e+33, e: 4.0579767333277712e+33
#ERR  p: [1857, 347], r: 2.5773980942563817e+34, e: 2.4332592885462120e+34
#ERR  p: [1858, 347], r: -2.5071774310559657e+34, e: -2.4943221665120106e+34
#ERR  p: [1859, 347], r: -1.8564220629645841e+34, e: -2.4027146036048924e+34
#ERR  p: [1860, 347], r: -1.6091481204954748e+34, e: -1.7529732321996895e+34
#ERR  p: [1861, 347], r: -4.8384619040420602e+34, e: -4.9017711480031460e+34
#ERR  p: [1862, 347], r: 7.5118628673150429e+33, e: 9.2578621643034182e+33
#ERR  p: [1863, 347], r: -1.9709602368073932e+34, e: -2.1843583214834699e+34
#ERR  p: [1864, 347], r: 1.3191087966052284e+34, e: 1.0849989847198758e+34
#ERR  p: [1865, 347], r: 8.7208666771521470e+33, e: 1.0300402652937896e+34
#ERR  p: [1866, 347], r: 2.2561984578432791e+34, e: 2.1875187824037655e+34
#ERR  p: [1867, 347], r: -1.2670863471583231e+34, e: -1.3361663724065416e+34
#ERR  p: [1868, 347], r: 1.0762306554216175e+34, e: 1.3108093989938513e+34
#ERR  p: [1869, 347], r: -1.4268326057077872e+34, e: -1.7092837285392260e+34
#ERR  p: [1870, 347], r: -2.7642200821690799e+34, e: -2.6415018481346809e+34
#ERR  p: [1871, 347], r: -8.0445503231296009e+33, e: -9.7891086579122481e+33
#ERR  p: [1856, 348], r: -1.7627066595525748e+34, e: -1.8060603100803802e+34
#ERR  p: [1857, 348], r: 7.2374238162118630e+34, e: 7.3214759834712146e+34
#ERR  p: [1858, 348], r: -2.2619100655965340e+34, e: -2.2777150936660983e+34
#ERR  p: [1859, 348], r: 6.0157578604769322e+33, e: 8.8233241655335819e+33
#ERR  p: [1860, 348], r: 1.4909038017630531e+32, e: 1.2485643501875372e+33
#ERR  p: [1861, 348], r: 4.2800583484094152e+34, e: 4.3538291760544939e+34
#ERR  p: [1862, 348], r: -5.4142236073175570e+33, e: -6.3624695841896476e+33
#ERR  p: [1863, 348], r: -2.5520829632170193e+34, e: -2.4588066571369444e+34
#ERR  p: [1864, 348], r: -2.5136736452061196e+34, e: -2.4884486362016172e+34
#ERR  p: [1865, 348], r: -2.0909408902389166e+34, e: -2.3535753165094828e+34
#ERR  p: [1866, 348], r: 1.8493129447009800e+34, e: 2.2342775108036293e+34
#ERR  p: [1867, 348], r: -1.3719708169867770e+34, e: -1.1978414282968718e+34
#ERR  p: [1868, 348], r: -1.2626442469153554e+34, e: -1.4726881330549884e+34
#ERR  p: [1869, 348], r: -4.3982628054725719e+34, e: -4.1153600821148018e+34
#ERR  p: [1870, 348], r: -1.8380910182448580e+34, e: -2.1305302126952630e+34
#ERR  p: [1871, 348], r: -4.5399460333208151e+34, e: -4.4626104335386102e+34
#ERR  p: [1856, 349], r: -1.4008403214669356e+34, e: -1.7244673107090690e+34
#ERR  p: [1857, 349], r: -3.1715439498792900e+34, e: -3.1696900108764562e+34
#ERR  p: [1858, 349], r: 3.5590197392486317e+33, e: 4.0852358635078254e+33
#ERR  p: [1859, 349], r: 1.2226811903611487e+34, e: 1.2569421713004030e+34
#ERR  p: [1860, 349], r: 6.6622776167238989e+33, e: 2.5220605032812722e+33
#ERR  p: [1861, 349], r: 2.2227527842138981e+34, e: 2.2891756949617945e+34
#ERR  p: [1862, 349], r: 4.1248902397132363e+34, e: 3.9797474646312062e+34
#ERR  p: [1863, 349], r: -1.4723286352675799e+34, e: -1.3029078753111006e+34
#ERR  p: [1864, 349], r: -1.6256533274512589e+34, e: -1.6262945803916087e+34
#ERR  p: [1865, 349], r: -8.3622397805613098e+33, e: -9.2532595032373551e+33
#ERR  p: [1866, 349], r: -2.0446114794446769e+34, e: -2.3311049716803982e+34
#ERR  p: [1867, 349], r: -2.0937049627586330e+34, e: -1.9335094557689122e+34
#ERR  p: [1868, 349], r: 5.6111018773453861e+33, e: 9.4148273905546276e+33
#ERR  p: [1869, 349], r: 1.7692173266526874e+33, e: -9.1350487249428729e+31
#ERR  p: [1870, 349], r: -6.3898889657077874e+34, e: -6.7228324440975747e+34
#ERR  p: [1871, 349], r: 2.4649364410354699e+34, e: 2.4280762811897320e+34
#ERR  p: [1856, 350], r: -3.0613192543093669e+34, e: -3.0288059971175756e+34
#ERR  p: [1857, 350], r: 2.5882714167974409e+34, e: 2.5847234806448490e+34
#ERR  p: [1858, 350], r: 1.9223946111261885e+33, e: 4.2990636990685401e+33
#ERR  p: [1859, 350], r: 4.3501862899008888e+33, e: 5.3277132625221964e+33
#ERR  p: [1860, 350], r: -6.1745260226013569e+34, e: -5.9969935367434562e+34
#ERR  p: [1861, 350], r: -5.8755103954862522e+33, e: -5.8548937420719935e+33
#ERR  p: [1862, 350], r: 2.0807635375879436e+34, e: 2.2658977180510801e+34
#ERR  p: [1863, 350], r: 2.8576800985509847e+34, e: 2.9419382590328734e+34
#ERR  p: [1864, 350], r: -1.9012598798054888e+34, e: -1.8321130057951489e+34
#ERR  p: [1865, 350], r: 2.4767574685736041e+33, e: -5.4361691893639886e+32
#ERR  p: [1866, 350], r: -6.3441921422736225e+34, e: -6.3471062531261003e+34
#ERR  p: [1867, 350], r: 4.6577565159664692e+33, e: 3.8436103938499674e+33
#ERR  p: [1868, 350], r: -3.8805119627900194e+34, e: -3.8112249539672324e+34
#ERR  p: [1869, 350], r: -1.9501624727653870e+34, e: -1.9070613620055958e+34
#ERR  p: [1870, 350], r: 4.4794043281115557e+34, e: 4.3590002991865967e+34
#ERR  p: [1871, 350], r: -2.3929472566949308e+34, e: -2.4414353873296763e+34
#ERR  p: [1856, 351], r: 1.8846669029009194e+34, e: 1.7782743745166081e+34
#ERR  p: [1857, 351], r: -3.9245556410957225e+34, e: -3.6597461541761318e+34
#ERR  p: [1858, 351], r: -3.6276114590483541e+34, e: -3.7305125013458649e+34
#ERR  p: [1859, 351], r: -1.9060630871579161e+34, e: -2.0500304381726447e+34
#ERR  p: [1860, 351], r: -2.5958827673349832e+34, e: -2.5741128489801262e+34
#SDC Ite:1 KerTime:2.6412032 AccTime:2.6412032 KerErr:1024 AccErr:1024
#ABORT too many errors per iteration
#END
