#HEADER matrix_dim:2048 threads:4 block_size:16 block_offset:12 precision:Float
#BEGIN Y:2023 M:10 D:18 Time:09:06:02
#IT 0 KerTime:2.6471320 AccTime:2.6471320
#IT 1 KerTime:2.7684768 AccTime:5.4156088
#IT 2 KerTime:2.7111728 AccTime:8.1267816
#IT 3 KerTime:2.6685981 AccTime:10.7953797
#IT 4 KerTime:2.6386373 AccTime:13.4340170
#IT 5 KerTime:2.6898827 AccTime:16.1238998
#IT 6 KerTime:2.6587894 AccTime:18.7826891
#IT 7 KerTime:2.6314962 AccTime:21.4141853
#IT 8 KerTime:2.7061790 AccTime:24.1203643
#IT 9 KerTime:2.6277987 AccTime:26.7481631
#IT 10 KerTime:2.6209986 AccTime:29.3691617
#IT 11 KerTime:2.5979523 AccTime:31.9671140
#IT 12 KerTime:2.5993675 AccTime:34.5664815
#IT 13 KerTime:2.6649115 AccTime:37.2313929
#IT 14 KerTime:2.6923997 AccTime:39.9237926
#IT 15 KerTime:2.6516665 AccTime:42.5754591
#IT 16 KerTime:2.6887787 AccTime:45.2642377
#IT 17 KerTime:2.6398566 AccTime:47.9040944
#IT 18 KerTime:2.6737190 AccTime:50.5778133
#IT 19 KerTime:2.6772591 AccTime:53.2550724
#IT 20 KerTime:2.6352934 AccTime:55.8903658
#IT 21 KerTime:2.6477768 AccTime:58.5381427
#IT 22 KerTime:2.6363335 AccTime:61.1744762
#IT 23 KerTime:2.6275073 AccTime:63.8019835
#IT 24 KerTime:2.6028309 AccTime:66.4048144
#IT 25 KerTime:2.6006452 AccTime:69.0054596
#IT 26 KerTime:2.6697225 AccTime:71.6751822
#IT 27 KerTime:2.7087998 AccTime:74.3839820
#ERR  p: [1336, 1531], r: 9.0616208144258015e+33, e: 1.5647151100474164e+34
#SDC Ite:28 KerTime:2.7087998 AccTime:74.3839820 KerErr:1 AccErr:1
#IT 28 KerTime:2.6099341 AccTime:76.9939161
#IT 29 KerTime:2.5968203 AccTime:79.5907363
#IT 30 KerTime:2.6891221 AccTime:82.2798585
#IT 31 KerTime:2.6716248 AccTime:84.9514833
#IT 32 KerTime:2.6431098 AccTime:87.5945931
#IT 33 KerTime:2.6456120 AccTime:90.2402052
#IT 34 KerTime:2.6497627 AccTime:92.8899679
#IT 35 KerTime:2.6827385 AccTime:95.5727065
#IT 36 KerTime:2.6366168 AccTime:98.2093233
#IT 37 KerTime:2.6524681 AccTime:100.8617914
#IT 38 KerTime:2.6462084 AccTime:103.5079998
#IT 39 KerTime:2.6367527 AccTime:106.1447525
#IT 40 KerTime:2.6331167 AccTime:108.7778692
#IT 41 KerTime:2.6136709 AccTime:111.3915401
#IT 42 KerTime:2.5971750 AccTime:113.9887151
#IT 43 KerTime:2.6445031 AccTime:116.6332182
#IT 44 KerTime:2.6625326 AccTime:119.2957508
#IT 45 KerTime:2.6822955 AccTime:121.9780462
#IT 46 KerTime:2.7148267 AccTime:124.6928729
