#HEADER matrix_dim:2048 threads:4 block_size:16 block_offset:12 precision:Float
#BEGIN Y:2023 M:10 D:20 Time:05:57:39
#IT 0 KerTime:2.7083229 AccTime:2.7083229
#IT 1 KerTime:2.7310264 AccTime:5.4393493
#IT 2 KerTime:2.6414522 AccTime:8.0808015
#IT 3 KerTime:2.6417676 AccTime:10.7225691
#IT 4 KerTime:2.6358031 AccTime:13.3583722
#IT 5 KerTime:2.6717691 AccTime:16.0301412
#IT 6 KerTime:2.6528481 AccTime:18.6829893
#IT 7 KerTime:2.6282439 AccTime:21.3112332
#IT 8 KerTime:2.6466314 AccTime:23.9578646
#IT 9 KerTime:2.6273489 AccTime:26.5852136
#ERR  p: [1801, 1500], r: 1.3882065243960087e+34, e: 3.8432854345896550e+31
#SDC Ite:10 KerTime:2.6273489 AccTime:26.5852136 KerErr:1 AccErr:1
#IT 10 KerTime:2.6373078 AccTime:29.2225214
#IT 11 KerTime:2.6302520 AccTime:31.8527733
#IT 12 KerTime:2.6398436 AccTime:34.4926169
#IT 13 KerTime:2.6230369 AccTime:37.1156538
#IT 14 KerTime:2.6015042 AccTime:39.7171581
#IT 15 KerTime:2.5999039 AccTime:42.3170619
#IT 16 KerTime:2.7225611 AccTime:45.0396231
#ERR  p: [1335, 1172], r: 1.3753324431634564e+34, e: 8.4161533072122274e+33
#SDC Ite:17 KerTime:2.7225611 AccTime:45.0396231 KerErr:1 AccErr:2
#IT 17 KerTime:2.6220604 AccTime:47.6616834
#IT 18 KerTime:2.6013298 AccTime:50.2630133
#IT 19 KerTime:2.5975183 AccTime:52.8605316
#IT 20 KerTime:2.7221545 AccTime:55.5826861
#ERR  p: [1640, 1237], r: 3.4495674563662207e+34, e: 3.2452776393231901e+34
#SDC Ite:21 KerTime:2.7221545 AccTime:55.5826861 KerErr:1 AccErr:3
#IT 21 KerTime:2.6261929 AccTime:58.2088790
#IT 22 KerTime:2.6014424 AccTime:60.8103214
#IT 23 KerTime:2.5971484 AccTime:63.4074697
#IT 24 KerTime:2.7324027 AccTime:66.1398725
#IT 25 KerTime:2.7139585 AccTime:68.8538310
#ERR  p: [1749, 1173], r: -4.9608496080859701e+34, e: -3.2543613957434584e+34
#ERR  p: [1462, 1393], r: -6.2485998979680526e+34, e: -8.2313622837279809e+33
#SDC Ite:26 KerTime:2.7139585 AccTime:68.8538310 KerErr:2 AccErr:5
#IT 26 KerTime:2.6162393 AccTime:71.4700703
#IT 27 KerTime:2.5962869 AccTime:74.0663572
#IT 28 KerTime:2.6579013 AccTime:76.7242585
#IT 29 KerTime:2.6638677 AccTime:79.3881262
#IT 30 KerTime:2.6493197 AccTime:82.0374459
#IT 31 KerTime:2.6965959 AccTime:84.7340418
#IT 32 KerTime:2.7000652 AccTime:87.4341070
