#HEADER matrix_dim:2048 threads:4 block_size:16 block_offset:12 precision:Float
#BEGIN Y:2023 M:10 D:21 Time:18:53:39
#IT 0 KerTime:2.6968311 AccTime:2.6968311
#IT 1 KerTime:2.7130398 AccTime:5.4098710
#IT 2 KerTime:2.6347342 AccTime:8.0446052
#ERR  p: [1606, 1331], r: -2.3301517578501484e+34, e: -2.9551676290567005e+34
#ERR  p: [178, 1360], r: 2.3525015273194067e+34, e: 1.4447410176981013e+33
#SDC Ite:3 KerTime:2.6347342 AccTime:8.0446052 KerErr:2 AccErr:2
#IT 3 KerTime:2.6457230 AccTime:10.6903282
#ERR  p: [1301, 1119], r: -7.6073693223758903e+33, e: 2.2763659866112851e+34
#ERR  p: [1403, 1168], r: -7.1812561245434106e+32, e: -6.7016267788126240e+33
#ERR  p: [1404, 1168], r: -4.9412020141344639e+34, e: -2.9459239307833566e+34
#ERR  p: [1769, 1297], r: -2.8092612925584392e+34, e: -5.7833439026513967e+33
#ERR  p: [1110, 1375], r: 2.6739123563032114e+34, e: 3.3929252622807103e+34
#SDC Ite:4 KerTime:2.6457230 AccTime:10.6903282 KerErr:5 AccErr:7
#IT 4 KerTime:2.5911067 AccTime:13.2814349
#IT 5 KerTime:2.5954558 AccTime:15.8768906
#IT 6 KerTime:2.6467703 AccTime:18.5236610
#IT 7 KerTime:2.6502140 AccTime:21.1738750
#ERR  p: [1900, 1424], r: -6.2516531532809461e+34, e: -4.1485195440071000e+34
#ERR  p: [1901, 1424], r: -5.4461716210874106e+34, e: -4.3889237858162030e+34
#ERR  p: [1372, 1433], r: -2.5227605583734881e+33, e: -4.8305011449284297e+33
#ERR  p: [1373, 1433], r: -7.3575907796192988e+33, e: -1.7584303194808673e+34
#ERR  p: [1686, 1496], r: -2.4463626362740399e+33, e: 9.9901340270716831e+33
#SDC Ite:8 KerTime:2.6502140 AccTime:21.1738750 KerErr:5 AccErr:12
#IT 8 KerTime:2.5927612 AccTime:23.7666362
#IT 9 KerTime:2.6059513 AccTime:26.3725875
#IT 10 KerTime:2.6459824 AccTime:29.0185700
#IT 11 KerTime:2.6488166 AccTime:31.6673866
#ERR  p: [1778, 1200], r: 7.4009941953366835e+33, e: -1.4391075239613253e+34
#ERR  p: [1516, 1232], r: 4.6563886541200608e+34, e: 6.4823016848164567e+34
#ERR  p: [1803, 1232], r: 3.3279336578062357e+34, e: 3.1336964090582181e+34
#ERR  p: [1804, 1232], r: -6.4666080713504281e+34, e: -4.3139759247817718e+34
#ERR  p: [1976, 1429], r: -4.2658210476056019e+34, e: -2.6511394589285254e+34
#ERR  p: [1977, 1429], r: -7.0437837497387966e+34, e: -5.2427335067914083e+34
#ERR  p: [1895, 1431], r: 2.8263319905241689e+34, e: 1.4499652484578895e+34
#ERR  p: [2012, 1496], r: -3.3122185041835235e+34, e: -2.3910777196476020e+34
#ERR  p: [2013, 1496], r: 3.2973082591743546e+34, e: 2.8492598160947714e+33
#ERR  p: [2030, 1496], r: -4.0453043125276185e+34, e: -6.3186395743347252e+34
#SDC Ite:12 KerTime:2.6488166 AccTime:31.6673866 KerErr:10 AccErr:22
#IT 12 KerTime:2.5915424 AccTime:34.2589290
#IT 13 KerTime:2.6382557 AccTime:36.8971847
#IT 14 KerTime:2.6899051 AccTime:39.5870898
#ERR  p: [1864, 1498], r: -6.3278140717598730e+33, e: -2.6337112438794501e+34
#SDC Ite:15 KerTime:2.6899051 AccTime:39.5870898 KerErr:1 AccErr:23
