#HEADER matrix_dim:2048 threads:4 block_size:16 block_offset:12 precision:Float
#BEGIN Y:2023 M:10 D:16 Time:22:30:32
#IT 0 KerTime:2.6927917 AccTime:2.6927917
#ERR  p: [272, 0], r: 4.5472860274017459e+34, e: 4.5909551050515613e+34
#ERR  p: [273, 0], r: -3.6998221108619214e+32, e: -2.4827887124450024e+33
#ERR  p: [274, 0], r: -1.2838556067244868e+34, e: -1.1798909263452220e+34
#ERR  p: [275, 0], r: 3.9872300694046628e+34, e: 3.7976833754654975e+34
#ERR  p: [276, 0], r: 1.7710171986243054e+34, e: 1.7525743679190318e+34
#ERR  p: [277, 0], r: 2.2225609035078089e+34, e: 2.3865008077343561e+34
#ERR  p: [278, 0], r: 2.8595912303836334e+34, e: 2.5107431935451233e+34
#ERR  p: [279, 0], r: -2.2366036001374465e+34, e: -2.3947950059975681e+34
#ERR  p: [280, 0], r: -1.3313647743761654e+34, e: -1.5214205092594849e+34
#ERR  p: [281, 0], r: 5.6532453176907861e+34, e: 5.6403489535375267e+34
#ERR  p: [282, 0], r: -1.0032228940167543e+34, e: -1.0613776032422636e+34
#ERR  p: [283, 0], r: 6.5542146120505759e+34, e: 6.7038825531522098e+34
#ERR  p: [284, 0], r: 1.1441544446731434e+34, e: 1.2540302887399959e+34
#ERR  p: [285, 0], r: 9.3327785816608515e+33, e: 6.5592215843334695e+33
#ERR  p: [286, 0], r: -4.1842204968000510e+34, e: -4.1380366677544314e+34
#ERR  p: [287, 0], r: -1.8551318818556409e+34, e: -1.9292995930773145e+34
#ERR  p: [992, 0], r: -6.6209725093731029e+33, e: -6.1221940881446303e+33
#ERR  p: [993, 0], r: -2.1838567081795515e+34, e: -1.9370446411390995e+34
#ERR  p: [994, 0], r: -5.8901100413395644e+33, e: -6.4629593668786384e+33
#ERR  p: [995, 0], r: -2.1192191545563125e+34, e: -1.7915938665752952e+34
#ERR  p: [996, 0], r: -2.4134034730800981e+34, e: -2.3364303421413960e+34
#ERR  p: [997, 0], r: 2.1581120119465570e+34, e: 2.4584540918137560e+34
#ERR  p: [998, 0], r: -4.4809799781935581e+34, e: -4.6657885804263625e+34
#ERR  p: [999, 0], r: 5.8981956467061568e+33, e: 2.3068780518325695e+33
#ERR  p: [1000, 0], r: 2.2674857475334753e+34, e: 2.0641872728739045e+34
#ERR  p: [1001, 0], r: 1.7525668164847921e+34, e: 1.8189896034386846e+34
#ERR  p: [1002, 0], r: -4.0261410007194808e+34, e: -3.7751602943907393e+34
#ERR  p: [1003, 0], r: -4.0228508036830682e+34, e: -4.0330345936222454e+34
#ERR  p: [1004, 0], r: 9.2079626582298834e+33, e: 9.3267132944383728e+33
#ERR  p: [1005, 0], r: -8.8163917013135837e+33, e: -7.2025883073003763e+33
#ERR  p: [1006, 0], r: -3.0936536291654814e+33, e: 1.5792536480855393e+32
#ERR  p: [1007, 0], r: 1.0389827727555754e+34, e: 1.1036817282047629e+34
#ERR  p: [1904, 0], r: -2.6875750053407884e+34, e: -2.6459762586126739e+34
#ERR  p: [1905, 0], r: 1.8571306598430711e+34, e: 2.3769518334473244e+34
#ERR  p: [1906, 0], r: -1.2060331251248310e+34, e: -1.0740338070279016e+34
#ERR  p: [1907, 0], r: -4.0904987798938413e+34, e: -4.3415398976965000e+34
#ERR  p: [1908, 0], r: -2.1337389532770907e+34, e: -1.9243790290091629e+34
#ERR  p: [1909, 0], r: -4.0197916062579861e+34, e: -4.1053293015644802e+34
#ERR  p: [1910, 0], r: -5.2324345884285775e+33, e: -6.1233713691219907e+33
#ERR  p: [1911, 0], r: -7.0661159404594971e+33, e: -9.8493468202238747e+33
#ERR  p: [1912, 0], r: -4.5104266103200316e+34, e: -4.2990245801632986e+34
#ERR  p: [1913, 0], r: -2.0678650689366174e+34, e: -2.2146165470996989e+34
#ERR  p: [1914, 0], r: 1.8592680871149012e+34, e: 1.9411979299709020e+34
#ERR  p: [1915, 0], r: -2.1776672555711324e+34, e: -2.2782290863704096e+34
#ERR  p: [1916, 0], r: -6.7341994571263009e+33, e: -8.2785110870342235e+33
#ERR  p: [1917, 0], r: 1.1199513551710710e+34, e: 1.1654728862956730e+34
#ERR  p: [1918, 0], r: -4.5456910654551307e+34, e: -4.4320174689357585e+34
#ERR  p: [1919, 0], r: -9.2437316977249952e+33, e: -1.1309145521589824e+34
#ERR  p: [272, 1], r: 1.1123333816543186e+33, e: 4.1632347515630794e+33
#ERR  p: [273, 1], r: 1.5371439570804603e+34, e: 1.8493561488083510e+34
#ERR  p: [274, 1], r: 1.1692968830770256e+34, e: 1.2233792647493017e+34
#ERR  p: [275, 1], r: 9.3547786330690117e+33, e: 1.1152168534908241e+34
#ERR  p: [276, 1], r: 3.4161148502726197e+34, e: 3.6786965402975124e+34
#ERR  p: [277, 1], r: -1.0796333812076012e+34, e: -1.1831241781398276e+34
#ERR  p: [278, 1], r: 2.7223890978895955e+34, e: 2.4065737578833607e+34
#ERR  p: [279, 1], r: 2.8249913014616228e+34, e: 2.6025879457637685e+34
#ERR  p: [280, 1], r: -2.9346056925921782e+34, e: -3.3127624550367855e+34
#ERR  p: [281, 1], r: 2.7225220526498147e+34, e: 2.3982367268947894e+34
#ERR  p: [282, 1], r: 1.8290284305992615e+34, e: 1.8619341147835062e+34
#ERR  p: [283, 1], r: 2.8462997157698342e+34, e: 2.9070523659617878e+34
#ERR  p: [284, 1], r: -6.0024859053157537e+33, e: -6.3011067533523302e+33
#ERR  p: [285, 1], r: 3.1197408634073461e+34, e: 3.0728556175354673e+34
#ERR  p: [286, 1], r: -1.2846356327432405e+34, e: -1.6145209040599772e+34
#ERR  p: [287, 1], r: -5.8059325945482371e+32, e: -5.6838506616940307e+33
#ERR  p: [992, 1], r: 1.2247866787799653e+34, e: 1.2424783274694005e+34
#ERR  p: [993, 1], r: -1.6714386635982326e+34, e: -1.8699943423792933e+34
#ERR  p: [994, 1], r: 1.1379261207474908e+34, e: 8.2225722904790350e+33
#ERR  p: [995, 1], r: -2.4095458043296770e+34, e: -2.4867145297945862e+34
#ERR  p: [996, 1], r: 2.2844254714430486e+34, e: 2.2011943060177511e+34
#ERR  p: [997, 1], r: 2.8339782509708189e+34, e: 2.8338908524040454e+34
#ERR  p: [998, 1], r: 3.0848289735954355e+33, e: 6.4617615051481248e+32
#ERR  p: [999, 1], r: 2.0318506697257193e+34, e: 1.8815589306382895e+34
#ERR  p: [1000, 1], r: -5.2091759233824759e+34, e: -5.3205355623804159e+34
#ERR  p: [1001, 1], r: -1.1361480674690652e+34, e: -1.0477502354958062e+34
#ERR  p: [1002, 1], r: -1.6464341317147268e+34, e: -1.7461885780203821e+34
#ERR  p: [1003, 1], r: 1.7950682690895535e+34, e: 1.7954973391071698e+34
#ERR  p: [1004, 1], r: -3.1993006700581350e+33, e: -2.5635912252042280e+33
#ERR  p: [1005, 1], r: 1.3293741358444936e+33, e: -1.6357310259290694e+33
#ERR  p: [1006, 1], r: 1.1138567287696613e+34, e: 9.9682187745562140e+33
#ERR  p: [1007, 1], r: -3.5134330305809613e+34, e: -3.2713513800186266e+34
#ERR  p: [1904, 1], r: -3.2470481411673761e+34, e: -3.3130892712071568e+34
#ERR  p: [1905, 1], r: 1.0980029258625491e+34, e: 7.9828371552611658e+33
#ERR  p: [1906, 1], r: -1.2758487343443929e+34, e: -1.5717802814396259e+34
#ERR  p: [1907, 1], r: -3.1966097597947404e+34, e: -3.0937641772109896e+34
#ERR  p: [1908, 1], r: 2.1594502251290245e+34, e: 1.7639881750812430e+34
#ERR  p: [1909, 1], r: 1.1811091831378828e+34, e: 1.4002867146813672e+34
#ERR  p: [1910, 1], r: -5.1198711765364365e+33, e: -5.7778214521361446e+33
#ERR  p: [1911, 1], r: -9.9561624765136137e+33, e: -1.1310072738679248e+34
#ERR  p: [1912, 1], r: 4.2867403154624639e+32, e: -7.2566977379625108e+32
#ERR  p: [1913, 1], r: -2.2836299711738038e+34, e: -2.2081317219979064e+34
#ERR  p: [1914, 1], r: -1.8000777172525257e+34, e: -1.9401363963872147e+34
#ERR  p: [1915, 1], r: 4.7731610621457721e+34, e: 4.7695957948326302e+34
#ERR  p: [1916, 1], r: -3.4885482074992545e+34, e: -3.3686809493753297e+34
#ERR  p: [1917, 1], r: -1.2028592944521112e+34, e: -1.0902681527030901e+34
#ERR  p: [1918, 1], r: -2.2204871063539980e+34, e: -2.4077745597214675e+34
#ERR  p: [1919, 1], r: 3.5195479591990154e+34, e: 3.7795757789228624e+34
#ERR  p: [272, 2], r: -1.2612877122203065e+34, e: -7.3998460059502463e+33
#ERR  p: [273, 2], r: -2.0632364111297294e+34, e: -2.0354171749789005e+34
#ERR  p: [274, 2], r: 5.4288424412414781e+33, e: 4.2943805718999235e+33
#ERR  p: [275, 2], r: -3.1598674518407424e+34, e: -3.2256689166889175e+34
#ERR  p: [276, 2], r: -3.5926141513737328e+34, e: -3.3898564089233218e+34
#ERR  p: [277, 2], r: -2.1881329863542569e+33, e: -4.0065542515209056e+33
#ERR  p: [278, 2], r: -5.8515327348653337e+33, e: -6.1033866840977872e+33
#ERR  p: [279, 2], r: -9.9676530359582606e+33, e: -7.2866017270364983e+33
#ERR  p: [280, 2], r: 1.1831234353758040e+34, e: 8.5872174325708581e+33
#ERR  p: [281, 2], r: -1.5135982137392484e+34, e: -1.2544515597353647e+34
#ERR  p: [282, 2], r: -3.6147066769028276e+34, e: -3.6800070236230999e+34
#ERR  p: [283, 2], r: 3.4220906344302581e+34, e: 3.2517906894578783e+34
#ERR  p: [284, 2], r: -1.1701318736335236e+32, e: -5.4278285683493034e+32
#ERR  p: [285, 2], r: -9.3003303163211228e+33, e: -1.0311974916425136e+34
#ERR  p: [286, 2], r: -4.4951172534421972e+34, e: -4.4879114520615248e+34
#ERR  p: [287, 2], r: 1.3138581977226034e+34, e: 1.4701787048013530e+34
#ERR  p: [992, 2], r: -8.2860439521732750e+33, e: -8.1191968695584701e+33
#ERR  p: [993, 2], r: 2.9856209540231209e+34, e: 3.0480846849373747e+34
#ERR  p: [994, 2], r: 2.9516145554529456e+33, e: -1.4266234557381499e+33
#ERR  p: [995, 2], r: 2.7778701042182562e+34, e: 3.0854387828587875e+34
#ERR  p: [996, 2], r: 2.3884156533871227e+34, e: 2.3664753944828601e+34
#ERR  p: [997, 2], r: -3.3644226832281958e+34, e: -3.4200435767812958e+34
#ERR  p: [998, 2], r: -9.2359797171989902e+33, e: -1.0490217237101562e+34
#ERR  p: [999, 2], r: 2.5896316034156058e+33, e: 1.7900523217413751e+33
#ERR  p: [1000, 2], r: 3.5027853845090638e+33, e: 6.1860436310358622e+32
#ERR  p: [1001, 2], r: 8.8871009794475057e+33, e: 1.2109263307181143e+34
#ERR  p: [1002, 2], r: 5.0792115001736229e+32, e: 5.7687250687274757e+33
#ERR  p: [1003, 2], r: 2.5172311444455150e+33, e: 4.8343879671667760e+33
#ERR  p: [1004, 2], r: -5.3797011734420056e+33, e: -6.4445382001240523e+33
#ERR  p: [1005, 2], r: -1.8894442373065256e+34, e: -2.0091433831731154e+34
#ERR  p: [1006, 2], r: -2.9553525772985698e+34, e: -3.0333004622242052e+34
#ERR  p: [1007, 2], r: -4.8221168865273597e+33, e: -2.3329868262311179e+33
#ERR  p: [1904, 2], r: -5.5267059341371249e+33, e: -4.1036022514156732e+33
#ERR  p: [1905, 2], r: -4.5737155520644731e+33, e: -4.1944107240274326e+33
#ERR  p: [1906, 2], r: -1.5510593934740594e+34, e: -1.5734111436473805e+34
#ERR  p: [1907, 2], r: -1.0804814939285156e+34, e: -1.0748988795273543e+34
#ERR  p: [1908, 2], r: 1.9455059613076151e+34, e: 2.0146008418363050e+34
#ERR  p: [1909, 2], r: 1.4190637891972478e+34, e: 1.4321329697799915e+34
#ERR  p: [1910, 2], r: -5.6036271953881809e+34, e: -5.5381763151591314e+34
#ERR  p: [1911, 2], r: -7.2052356420743881e+33, e: -6.1308695719399422e+33
#ERR  p: [1912, 2], r: 1.3029747240732220e+34, e: 9.8884781048656855e+33
#ERR  p: [1913, 2], r: 1.5794555096831953e+34, e: 1.7587765713098555e+34
#ERR  p: [1914, 2], r: -7.5997108063228513e+32, e: 1.0072446517193827e+33
#ERR  p: [1915, 2], r: 1.1890617099502520e+34, e: 1.2895943253646021e+34
#ERR  p: [1916, 2], r: 2.7827963628105885e+34, e: 2.7670700677275227e+34
#ERR  p: [1917, 2], r: -1.9755523753831223e+34, e: -2.2798844597909420e+34
#ERR  p: [1918, 2], r: 6.5113133048131253e+33, e: 6.6432207677591397e+33
#ERR  p: [1919, 2], r: -8.8921759146385561e+33, e: -1.0461832509940788e+34
#ERR  p: [272, 3], r: 3.5854430123141605e+34, e: 3.8933924813107759e+34
#ERR  p: [273, 3], r: 1.3933283775145480e+34, e: 1.7489209592750928e+34
#ERR  p: [274, 3], r: 1.1445133234905323e+33, e: 1.9079509457178263e+33
#ERR  p: [275, 3], r: -3.9348889741916455e+33, e: -3.3575706851107512e+33
#ERR  p: [276, 3], r: -4.2821138240506446e+33, e: -3.2180319407925621e+33
#ERR  p: [277, 3], r: 4.0611130544173007e+33, e: 6.6231741857329719e+33
#ERR  p: [278, 3], r: -3.2659774823080888e+34, e: -3.4609386783910805e+34
#ERR  p: [279, 3], r: -3.6985863372177048e+33, e: -6.8917700360567209e+33
#ERR  p: [280, 3], r: 9.6589318351411546e+33, e: 7.6267164682798619e+33
#ERR  p: [281, 3], r: -4.2834774150039175e+33, e: -7.0402993199102201e+33
#ERR  p: [282, 3], r: 2.6082621677278370e+34, e: 2.6179621706996615e+34
#ERR  p: [283, 3], r: -3.1157311756201008e+34, e: -3.2184688098324259e+34
#ERR  p: [284, 3], r: -5.1673904952964372e+34, e: -5.1479607787918453e+34
#ERR  p: [285, 3], r: 2.0635566043208905e+33, e: -4.2078757978347397e+32
#ERR  p: [286, 3], r: -7.0116205819901153e+33, e: -9.6078977570216148e+33
#ERR  p: [287, 3], r: 6.8490759599818467e+33, e: 5.8106101509866769e+33
#ERR  p: [992, 3], r: 1.2987221524502689e+34, e: 1.4064152606398534e+34
#ERR  p: [993, 3], r: 3.2550038866238475e+34, e: 3.6460191322565120e+34
#ERR  p: [994, 3], r: -2.8085435349236615e+34, e: -3.0193062928441075e+34
#ERR  p: [995, 3], r: 1.0900611381800206e+33, e: 6.0419505053131421e+32
#ERR  p: [996, 3], r: -5.4708011809330168e+34, e: -5.4182679574259024e+34
#ERR  p: [997, 3], r: 4.6743011513125045e+34, e: 4.5220038255674285e+34
#ERR  p: [998, 3], r: 1.8016199429534675e+34, e: 1.8015565604234561e+34
#ERR  p: [999, 3], r: 2.7393223845109645e+34, e: 2.4178214334922998e+34
#ERR  p: [1000, 3], r: 2.6628768017200038e+33, e: 3.6179753956795586e+33
#ERR  p: [1001, 3], r: -9.8005633170957557e+33, e: -6.4391414005227876e+33
#ERR  p: [1002, 3], r: 9.3900552819134977e+32, e: 3.4161642440801872e+33
#ERR  p: [1003, 3], r: -1.2543939955235380e+34, e: -8.9105054738302351e+33
#ERR  p: [1004, 3], r: 2.5806504103275923e+34, e: 2.6000964676407027e+34
#ERR  p: [1005, 3], r: 1.7194982503398785e+33, e: 2.0344537171948256e+33
#ERR  p: [1006, 3], r: 6.6746092326312363e+34, e: 6.6724175835856854e+34
#ERR  p: [1007, 3], r: 8.4760318479424416e+33, e: 8.1999786468220375e+33
#ERR  p: [1904, 3], r: -1.0121572929712828e+34, e: -9.6981182081147137e+33
#ERR  p: [1905, 3], r: -2.2316607531485879e+34, e: -2.4172301933295371e+34
#ERR  p: [1906, 3], r: -1.3671624102861847e+34, e: -1.4798991337838257e+34
#ERR  p: [1907, 3], r: 1.2662534610998919e+34, e: 1.4226864969282126e+34
#ERR  p: [1908, 3], r: -3.6381878616709907e+33, e: -3.3981958538949697e+33
#ERR  p: [1909, 3], r: -3.2052587516732116e+34, e: -3.2453467163773822e+34
#ERR  p: [1910, 3], r: -2.5254566060880457e+34, e: -2.2133954430449478e+34
#ERR  p: [1911, 3], r: 1.1953930304871732e+34, e: 1.6075839832558377e+34
#ERR  p: [1912, 3], r: -2.9318822245057504e+34, e: -2.9428568105420231e+34
#ERR  p: [1913, 3], r: -1.4658626268543845e+34, e: -1.4807973830763312e+34
#ERR  p: [1914, 3], r: 2.1308161768443379e+34, e: 2.4239754810155953e+34
#ERR  p: [1915, 3], r: -4.3170994950888966e+34, e: -4.5163513913480514e+34
#ERR  p: [1916, 3], r: 3.4131408850192425e+33, e: 3.0294723183437210e+33
#ERR  p: [1917, 3], r: -1.5024017888479357e+34, e: -1.5764380308374372e+34
#ERR  p: [1918, 3], r: 3.7851368531673402e+34, e: 3.4179066446854814e+34
#ERR  p: [1919, 3], r: -4.1501042310513892e+33, e: -8.5531706771554021e+32
#ERR  p: [272, 4], r: 2.7455234737557528e+34, e: 2.6166910538673233e+34
#ERR  p: [273, 4], r: 5.6138238599037668e+34, e: 5.4563757132432321e+34
#ERR  p: [274, 4], r: -1.9499761627894746e+34, e: -1.9194651498172235e+34
#ERR  p: [275, 4], r: -2.5096505876664500e+34, e: -2.8540633329322085e+34
#ERR  p: [276, 4], r: 3.0048379305319616e+33, e: 2.8863076476504650e+33
#ERR  p: [277, 4], r: -1.6053863302010963e+33, e: -3.9269472793546199e+33
#ERR  p: [278, 4], r: -8.6138634729464562e+33, e: -9.2661885490076517e+33
#ERR  p: [279, 4], r: 1.6225550111209354e+34, e: 1.7585391344103205e+34
#ERR  p: [280, 4], r: -3.4312573328331585e+34, e: -3.7721511097432444e+34
#ERR  p: [281, 4], r: -8.5212234680465741e+33, e: -8.8359041122127999e+33
#ERR  p: [282, 4], r: 1.9491203748403166e+34, e: 1.7858348457185357e+34
#ERR  p: [283, 4], r: 9.3714685406786572e+33, e: 8.5878128817297543e+33
#ERR  p: [284, 4], r: 4.8194075309573797e+34, e: 4.7754388718180572e+34
#ERR  p: [285, 4], r: 3.0268891707607462e+34, e: 2.7338831235663524e+34
#ERR  p: [286, 4], r: -1.2842630127914156e+34, e: -1.2182688006791238e+34
#ERR  p: [287, 4], r: -1.4396369909161276e+34, e: -1.3011956804427650e+34
#ERR  p: [992, 4], r: -3.1469738111555695e+34, e: -3.2515027446047406e+34
#ERR  p: [993, 4], r: 1.9100233811375939e+34, e: 1.8192271641322234e+34
#ERR  p: [994, 4], r: 3.4380360449002774e+34, e: 3.7763348519000132e+34
#ERR  p: [995, 4], r: 1.0856253823797542e+34, e: 1.0633927220382124e+34
#ERR  p: [996, 4], r: 4.7669063082002808e+33, e: 1.5506613338544271e+33
#ERR  p: [997, 4], r: -3.2528771056363552e+34, e: -3.0462564950873581e+34
#ERR  p: [998, 4], r: -8.0678950869054348e+32, e: -1.4042371670377327e+32
#ERR  p: [999, 4], r: 1.5754858073592188e+34, e: 1.9461987125535992e+34
#ERR  p: [1000, 4], r: 5.0839331582259622e+33, e: 7.5762654599188255e+33
#ERR  p: [1001, 4], r: 5.4058217082709272e+34, e: 5.0723072919350214e+34
#ERR  p: [1002, 4], r: -1.9817190498948185e+34, e: -1.9824848396031205e+34
#ERR  p: [1003, 4], r: 7.2028501316186852e+33, e: 8.4809217110976189e+33
#ERR  p: [1004, 4], r: -2.9254788558585428e+34, e: -3.0494110138954651e+34
#ERR  p: [1005, 4], r: -3.5812711543817687e+34, e: -3.6553940521740202e+34
#ERR  p: [1006, 4], r: 1.4969386356605654e+34, e: 1.9159365255292445e+34
#ERR  p: [1007, 4], r: 2.0996181071502835e+34, e: 1.9846377411254417e+34
#ERR  p: [1904, 4], r: -8.7990258784424884e+33, e: -8.5202665403962065e+33
#ERR  p: [1905, 4], r: -3.5171921593042553e+34, e: -3.7474742605881375e+34
#ERR  p: [1906, 4], r: 2.4309334468004027e+34, e: 2.4349374400634673e+34
#ERR  p: [1907, 4], r: -7.6702517246114305e+32, e: 4.7201415757912265e+32
#ERR  p: [1908, 4], r: 4.1989604012598142e+34, e: 4.0353881652249348e+34
#ERR  p: [1909, 4], r: 8.4311453800579930e+33, e: 8.9308027387143582e+33
#ERR  p: [1910, 4], r: -1.9105066729289310e+34, e: -1.8282415959102917e+34
#ERR  p: [1911, 4], r: 4.8462534986493224e+34, e: 5.0824257186401244e+34
#ERR  p: [1912, 4], r: -8.0453240356541543e+33, e: -7.4412099154529083e+33
#ERR  p: [1913, 4], r: -1.9421123962779221e+34, e: -2.1169705602689545e+34
#ERR  p: [1914, 4], r: 1.9792624816808606e+34, e: 1.9402133962576583e+34
#ERR  p: [1915, 4], r: -2.0094942153802489e+34, e: -1.8942803738639978e+34
#ERR  p: [1916, 4], r: 1.7626930422121426e+34, e: 1.8395874401643462e+34
#ERR  p: [1917, 4], r: 1.8183019277468615e+34, e: 1.7571588312665173e+34
#ERR  p: [1918, 4], r: 1.5395309530642103e+34, e: 1.7966794480506834e+34
#ERR  p: [1919, 4], r: -1.9884364839299928e+34, e: -1.8594366945482519e+34
#ERR  p: [272, 5], r: -2.5472538210207690e+33, e: -4.3076379812656404e+33
#ERR  p: [273, 5], r: 6.4803276656298122e+33, e: 4.5492956373645199e+33
#ERR  p: [274, 5], r: 1.7916633150114991e+34, e: 1.8031008906224646e+34
#ERR  p: [275, 5], r: 3.4791188182200177e+34, e: 3.3854434002712773e+34
#ERR  p: [276, 5], r: -7.8560482029955846e+34, e: -7.7802991471677279e+34
#ERR  p: [277, 5], r: -3.1530651570158752e+33, e: -4.0999308307441625e+33
#ERR  p: [278, 5], r: -9.8072438605177592e+33, e: -8.6986951710485458e+33
#ERR  p: [279, 5], r: 3.9547093226756339e+33, e: 3.8562045768396372e+33
#ERR  p: [280, 5], r: 1.9412911468558601e+31, e: 2.1095705260961183e+33
#ERR  p: [281, 5], r: -8.9838076173764403e+33, e: -6.9376561405228924e+33
#ERR  p: [282, 5], r: 5.8017748491322932e+34, e: 5.8631885593052252e+34
#ERR  p: [283, 5], r: 1.2274971484959806e+34, e: 1.3051263876555039e+34
#ERR  p: [284, 5], r: -4.6519097870579263e+34, e: -4.6057063985596859e+34
#ERR  p: [285, 5], r: -4.6773682715538380e+34, e: -4.7350171584792953e+34
#ERR  p: [286, 5], r: 1.7278744930791942e+34, e: 2.1783208879118751e+34
#ERR  p: [287, 5], r: 2.5544003869705615e+34, e: 2.9624066072304257e+34
#ERR  p: [992, 5], r: -5.3135218892938406e+34, e: -5.1601024946971563e+34
#ERR  p: [993, 5], r: -2.4629802481853912e+34, e: -2.4695576712021223e+34
#ERR  p: [994, 5], r: 2.3144816652448662e+34, e: 2.2652091758012295e+34
#ERR  p: [995, 5], r: 3.1170693888025683e+34, e: 3.2109270315250915e+34
#ERR  p: [996, 5], r: -4.3943646560828661e+33, e: -4.8627380320064505e+33
#ERR  p: [997, 5], r: 1.2584732555409912e+34, e: 1.1922674794759855e+34
#ERR  p: [998, 5], r: 2.9021330398336755e+34, e: 2.8965910298658028e+34
#ERR  p: [999, 5], r: -3.0026290122228627e+34, e: -2.8917756907009905e+34
#ERR  p: [1000, 5], r: 9.6394280898222135e+33, e: 9.1810387003154657e+33
#ERR  p: [1001, 5], r: -1.2709417876166735e+34, e: -1.2182629823609392e+34
#ERR  p: [1002, 5], r: 7.2741208155604231e+33, e: 7.5887061383436239e+33
#ERR  p: [1003, 5], r: -6.4808295265217385e+34, e: -6.3626503234353833e+34
#ERR  p: [1004, 5], r: 7.9249096080328653e+33, e: 7.6570391905721376e+33
#ERR  p: [1005, 5], r: 1.5284156132454708e+34, e: 1.5142634827163604e+34
#ERR  p: [1006, 5], r: -1.1356215715703572e+34, e: -1.0837489128682054e+34
#ERR  p: [1007, 5], r: -1.4487868533344937e+34, e: -1.4730267096557329e+34
#ERR  p: [1904, 5], r: -3.0027057645052984e+34, e: -2.9308235381841535e+34
#ERR  p: [1905, 5], r: 1.7447879726599346e+34, e: 1.5693560234606934e+34
#ERR  p: [1906, 5], r: -8.3566207707229935e+33, e: -5.6886724381470473e+33
#ERR  p: [1907, 5], r: -3.7528539147198580e+32, e: -1.5018702483435675e+33
#ERR  p: [1908, 5], r: -5.3152693654532959e+34, e: -5.3279062573743210e+34
#ERR  p: [1909, 5], r: 1.8558635044188586e+34, e: 1.4539569861145652e+34
#ERR  p: [1910, 5], r: -3.0577482924720443e+34, e: -2.9723130986008030e+34
#ERR  p: [1911, 5], r: -8.1966052602149849e+33, e: -5.9587426750575851e+33
#ERR  p: [1912, 5], r: -3.6796050025953420e+33, e: -6.0162462278224303e+33
#ERR  p: [1913, 5], r: -1.5313526259886754e+34, e: -1.3153947288993644e+34
#ERR  p: [1914, 5], r: 2.3332192494734937e+33, e: 2.0089246082196727e+33
#ERR  p: [1915, 5], r: 4.4930027899580958e+31, e: 3.5876226533413302e+33
#ERR  p: [1916, 5], r: -2.5379363105725826e+33, e: -2.8348313154518905e+33
#ERR  p: [1917, 5], r: 6.1468340466865665e+33, e: 4.4445309382348669e+33
#ERR  p: [1918, 5], r: 6.3355542918555049e+33, e: 4.2679131043749922e+33
#ERR  p: [1919, 5], r: -1.8010387301050230e+34, e: -1.8680385209112263e+34
#ERR  p: [272, 6], r: 1.3595279102699078e+34, e: 1.5371016195311167e+34
#ERR  p: [273, 6], r: 2.9271842420566624e+34, e: 2.8682469071383168e+34
#ERR  p: [274, 6], r: 2.8827618778929418e+33, e: 1.1335996441041924e+33
#ERR  p: [275, 6], r: 3.4061127899312096e+33, e: 2.6628164521430887e+33
#ERR  p: [276, 6], r: 4.5959727236187928e+34, e: 4.8518678043154895e+34
#ERR  p: [277, 6], r: -1.3294569849816227e+34, e: -1.4479196763369743e+34
#ERR  p: [278, 6], r: -3.0893264097581593e+34, e: -3.0790049608866135e+34
#ERR  p: [279, 6], r: 1.5264543448412310e+33, e: 2.7527082301557573e+32
#ERR  p: [280, 6], r: 1.9615561015049579e+34, e: 2.0837605904230535e+34
#ERR  p: [281, 6], r: -5.7845669874102107e+34, e: -5.6976170501068999e+34
#ERR  p: [282, 6], r: -6.8416296268515412e+34, e: -6.7606054609282816e+34
#ERR  p: [283, 6], r: 1.4068500251816504e+34, e: 1.4170244067765291e+34
#ERR  p: [284, 6], r: -4.3513760740726459e+34, e: -4.2247897725914958e+34
#ERR  p: [285, 6], r: 3.2175834351163290e+34, e: 3.2207575133770567e+34
#ERR  p: [286, 6], r: 5.9985444280246730e+34, e: 6.0991547860734901e+34
#ERR  p: [287, 6], r: -1.9464111430643405e+34, e: -1.6578289983943370e+34
#ERR  p: [992, 6], r: 9.8938767613770091e+32, e: -9.0837254717672812e+32
#ERR  p: [993, 6], r: -1.6800059514341110e+34, e: -1.8198077580106483e+34
#ERR  p: [994, 6], r: -3.2248018634854021e+34, e: -3.2608491919013452e+34
#ERR  p: [995, 6], r: -7.1933818710222149e+34, e: -7.2630749241778875e+34
#ERR  p: [996, 6], r: -6.3784256409440047e+34, e: -6.3507789736346522e+34
#ERR  p: [997, 6], r: -1.9569427941545570e+34, e: -1.5078221093099467e+34
#ERR  p: [998, 6], r: 3.1109829328054178e+34, e: 3.0523189350477464e+34
#ERR  p: [999, 6], r: 6.3000743113595662e+33, e: 3.8581014104648323e+33
#ERR  p: [1000, 6], r: 1.1887470255922657e+34, e: 1.3421357192759757e+34
#ERR  p: [1001, 6], r: 3.9626222973037480e+34, e: 4.0275507668362190e+34
#ERR  p: [1002, 6], r: -7.0484096840775983e+32, e: -1.2879689100930203e+33
#ERR  p: [1003, 6], r: -2.5312476895918228e+34, e: -2.6806903256063067e+34
#ERR  p: [1004, 6], r: -3.3803663605821601e+34, e: -3.5142842381519739e+34
#ERR  p: [1005, 6], r: 2.6462491005973324e+34, e: 2.5602110299269592e+34
#ERR  p: [1006, 6], r: -4.3131440290753720e+34, e: -4.1557637215289902e+34
#ERR  p: [1007, 6], r: -4.2107733202906910e+34, e: -4.2896093034005098e+34
#ERR  p: [1904, 6], r: 1.0719003411641972e+34, e: 1.0409897211472648e+34
#ERR  p: [1905, 6], r: 3.5041779432592560e+34, e: 3.6718247351394393e+34
#ERR  p: [1906, 6], r: -7.8239444563687890e+33, e: -3.8956184212954150e+33
#ERR  p: [1907, 6], r: 2.3526679064606867e+34, e: 2.1660127928652842e+34
#ERR  p: [1908, 6], r: -4.2118458715407279e+33, e: 5.0095344319187075e+32
#ERR  p: [1909, 6], r: 2.6331216749357404e+33, e: 2.0097373158554636e+33
#ERR  p: [1910, 6], r: -3.3504465877726717e+34, e: -3.3358057185160514e+34
#ERR  p: [1911, 6], r: -3.3259385936389233e+34, e: -3.3352790988233394e+34
#ERR  p: [1912, 6], r: 6.5023424485244399e+34, e: 6.2920243586661052e+34
#ERR  p: [1913, 6], r: -1.0126179923569029e+34, e: -9.8494111931059175e+33
#ERR  p: [1914, 6], r: -2.4851225389040652e+34, e: -2.3469766009240760e+34
#ERR  p: [1915, 6], r: 1.8651241624707407e+34, e: 2.1382774890491188e+34
#ERR  p: [1916, 6], r: -3.2237409488717345e+34, e: -3.5441099275184766e+34
#ERR  p: [1917, 6], r: 9.8345732437950429e+33, e: 7.8049160800249334e+33
#ERR  p: [1918, 6], r: 7.1010178029570894e+33, e: 7.2401870221735519e+33
#ERR  p: [1919, 6], r: -4.7809972225944486e+34, e: -5.0272358758087036e+34
#ERR  p: [272, 7], r: 1.7360768361914912e+34, e: 1.3371103016864967e+34
#ERR  p: [273, 7], r: -8.7324816495707421e+33, e: -8.6163022148238484e+33
#ERR  p: [274, 7], r: -2.8685157877148496e+34, e: -2.8854423894600065e+34
#ERR  p: [275, 7], r: 2.4513143964311815e+34, e: 2.3854049832115807e+34
#ERR  p: [276, 7], r: -1.4951317383792245e+34, e: -1.7210513389646649e+34
#ERR  p: [277, 7], r: -2.8366420503473532e+34, e: -2.3322017865552050e+34
#ERR  p: [278, 7], r: 2.2368633199576886e+34, e: 2.3821284035156001e+34
#ERR  p: [279, 7], r: -7.0638505101876048e+33, e: -4.5310415925152373e+33
#ERR  p: [280, 7], r: 2.0783522779794235e+34, e: 2.0683612353043630e+34
#ERR  p: [281, 7], r: 1.2843454595980320e+34, e: 1.3292346509505671e+34
#ERR  p: [282, 7], r: -1.4333140883714736e+34, e: -1.6602022532436510e+34
#ERR  p: [283, 7], r: -3.2196990746434677e+34, e: -3.5314084151274008e+34
#ERR  p: [284, 7], r: 7.1061447316297898e+33, e: 5.6906915183511217e+33
#ERR  p: [285, 7], r: -7.1834318041624547e+34, e: -7.5064063990038847e+34
#ERR  p: [286, 7], r: 8.4138785923900406e+33, e: 1.0514919092645463e+34
#ERR  p: [287, 7], r: 1.3031414126995118e+33, e: 2.3253539974338940e+33
#ERR  p: [992, 7], r: -1.4664205664300904e+34, e: -1.3463320884211453e+34
#ERR  p: [993, 7], r: -4.6016103025576984e+34, e: -4.6431327921793929e+34
#ERR  p: [994, 7], r: 7.4209128053112902e+32, e: -1.3389361394504387e+33
#ERR  p: [995, 7], r: -6.8545420842253113e+33, e: -4.9410414533113686e+33
#ERR  p: [996, 7], r: -6.4087617329887048e+33, e: -7.6298738343500592e+33
#ERR  p: [997, 7], r: -9.1646503548993901e+34, e: -9.3355583760190669e+34
#ERR  p: [998, 7], r: 2.8624434442341470e+34, e: 2.8977923268799253e+34
#ERR  p: [999, 7], r: 2.1742740619234512e+34, e: 2.0499186521870973e+34
#ERR  p: [1000, 7], r: -2.7809604977323282e+34, e: -2.9001275769700332e+34
#ERR  p: [1001, 7], r: 2.1579931697027856e+34, e: 2.4380404605659400e+34
#ERR  p: [1002, 7], r: 5.9843922974955625e+34, e: 6.0440035669712950e+34
#ERR  p: [1003, 7], r: -1.6265210615217960e+33, e: -8.9398188107629786e+32
#ERR  p: [1004, 7], r: -3.0454929336711269e+34, e: -2.8681827818442818e+34
#ERR  p: [1005, 7], r: -1.2917782991819093e+34, e: -1.5309433630116876e+34
#ERR  p: [1006, 7], r: 6.1989348422637080e+32, e: 1.6924322388059527e+33
#ERR  p: [1007, 7], r: -1.9973507663588829e+34, e: -1.9867470671583800e+34
#ERR  p: [1904, 7], r: 1.2944599248950093e+34, e: 1.5795481075981338e+34
#ERR  p: [1905, 7], r: -2.3210732007780452e+34, e: -1.8371531548710954e+34
#ERR  p: [1906, 7], r: -2.9830331641649987e+34, e: -2.6181389485372715e+34
#ERR  p: [1907, 7], r: -2.0188999600047353e+34, e: -2.3114593584329549e+34
#ERR  p: [1908, 7], r: -3.3647903514198636e+33, e: -2.2254697221666187e+33
#ERR  p: [1909, 7], r: 1.7578270712997236e+34, e: 1.7356516037879967e+34
#ERR  p: [1910, 7], r: -4.1511375396021807e+34, e: -4.0284002412911767e+34
#ERR  p: [1911, 7], r: 1.5365116173083933e+34, e: 1.5783728073248363e+34
#ERR  p: [1912, 7], r: -1.1561965064052920e+34, e: -1.5108381026276577e+34
#ERR  p: [1913, 7], r: 9.8049122004537652e+33, e: 1.1763187265678601e+34
#ERR  p: [1914, 7], r: 7.1971395142174617e+33, e: 8.1794758838913931e+33
#ERR  p: [1915, 7], r: 1.4747302698922945e+33, e: 2.9051153611823180e+33
#ERR  p: [1916, 7], r: 2.6421240367984257e+34, e: 2.5581273292528341e+34
#ERR  p: [1917, 7], r: 1.0288030680185278e+34, e: 5.4831960555763616e+33
#ERR  p: [1918, 7], r: -2.7752927130564641e+34, e: -2.8393447210411211e+34
#ERR  p: [1919, 7], r: 2.6714097367197921e+34, e: 2.4627173097210470e+34
#ERR  p: [272, 8], r: -3.0595056721518138e+34, e: -3.3952731393592189e+34
#ERR  p: [273, 8], r: 4.7570752692752979e+34, e: 4.5837210786379933e+34
#ERR  p: [274, 8], r: -2.5715867704329624e+33, e: -1.3191888294287682e+33
#ERR  p: [275, 8], r: -4.2682964325081569e+34, e: -4.4215633128920013e+34
#ERR  p: [276, 8], r: -3.5133260725615671e+34, e: -3.4636247606883219e+34
#ERR  p: [277, 8], r: 2.3402389884662614e+34, e: 2.4026717708795332e+34
#ERR  p: [278, 8], r: -1.4476046205969762e+34, e: -1.2336649371537121e+34
#ERR  p: [279, 8], r: 3.6673069967600712e+34, e: 3.3856310719812329e+34
#ERR  p: [280, 8], r: -9.8132559163185487e+33, e: -6.8568805529595214e+33
#ERR  p: [281, 8], r: 5.3006176023243298e+34, e: 5.0608102952021702e+34
#ERR  p: [282, 8], r: 4.3440534111522651e+34, e: 4.5109316898560600e+34
#ERR  p: [283, 8], r: 1.6045241668607360e+34, e: 1.7189550113021391e+34
#ERR  p: [284, 8], r: -1.2584371076918440e+34, e: -1.3495373627708630e+34
#ERR  p: [285, 8], r: -4.1299393019574657e+34, e: -4.1117158342271535e+34
#ERR  p: [286, 8], r: -1.4325459465770971e+34, e: -1.5168970763559361e+34
#ERR  p: [287, 8], r: -5.9985313058602565e+33, e: -2.8705712633560791e+33
#ERR  p: [992, 8], r: -2.5908995635008438e+34, e: -2.5987307721893631e+34
#ERR  p: [993, 8], r: 9.8730360408156397e+33, e: 1.1367784265370694e+34
#ERR  p: [994, 8], r: -4.3314432587360885e+33, e: -3.1251567272852157e+33
#ERR  p: [995, 8], r: -1.9991424369777406e+34, e: -1.7113179116117797e+34
#ERR  p: [996, 8], r: -2.5076523048550355e+34, e: -2.1076506048891906e+34
#ERR  p: [997, 8], r: -1.4538811003901570e+34, e: -1.2601771562110636e+34
#ERR  p: [998, 8], r: -1.0310990135123884e+34, e: -9.8900273868248512e+33
#ERR  p: [999, 8], r: -9.8390508729171382e+33, e: -1.2206527018127757e+34
#ERR  p: [1000, 8], r: -1.8828629766756727e+34, e: -2.0557665571386775e+34
#ERR  p: [1001, 8], r: -7.0153777300093465e+33, e: -5.6766322333249577e+33
#ERR  p: [1002, 8], r: 2.5681930197122635e+34, e: 2.7967226930765333e+34
#ERR  p: [1003, 8], r: 2.3318432791198280e+34, e: 2.2477477839591014e+34
#ERR  p: [1004, 8], r: 8.6530931738213903e+33, e: 9.2934226109019104e+33
#ERR  p: [1005, 8], r: -1.9976416822681149e+34, e: -1.8897903653415098e+34
#ERR  p: [1006, 8], r: -1.2020730787331610e+34, e: -1.1052712432152054e+34
#ERR  p: [1007, 8], r: 3.5461926378405703e+34, e: 3.3784482962852913e+34
#ERR  p: [1904, 8], r: -6.2858621407385504e+33, e: -5.9527770420082689e+33
#ERR  p: [1905, 8], r: -1.6823499908984979e+34, e: -1.9333464190657384e+34
#ERR  p: [1906, 8], r: -3.8319849608380404e+34, e: -4.1521543835504497e+34
#ERR  p: [1907, 8], r: -1.3394396096644161e+34, e: -1.0371830555264623e+34
#ERR  p: [1908, 8], r: -3.3020433798246212e+34, e: -3.6003492959152036e+34
#ERR  p: [1909, 8], r: -1.8706329956455606e+34, e: -1.8858824362254937e+34
#ERR  p: [1910, 8], r: -5.5999090424801873e+33, e: -5.5943061258623817e+33
#ERR  p: [1911, 8], r: -4.6851554095769587e+34, e: -4.5038001648777448e+34
#ERR  p: [1912, 8], r: 2.6738474263481509e+33, e: 3.1359357806922834e+33
#ERR  p: [1913, 8], r: -6.7265564153237530e+33, e: -6.6958951164307327e+33
#ERR  p: [1914, 8], r: 6.5463972682904966e+34, e: 6.5727832174638409e+34
#ERR  p: [1915, 8], r: -1.3583971758380246e+34, e: -1.4789428251034777e+34
#ERR  p: [1916, 8], r: -9.9239246609805635e+33, e: -9.5955164997187021e+33
#ERR  p: [1917, 8], r: 2.1422106721419363e+34, e: 2.1623153135559466e+34
#ERR  p: [1918, 8], r: 2.6241776200489055e+34, e: 2.6079957630313828e+34
#ERR  p: [1919, 8], r: -2.6645498157860961e+34, e: -2.5237296797332426e+34
#ERR  p: [272, 9], r: 8.1782614647128541e+33, e: 1.3150274320897084e+34
#ERR  p: [273, 9], r: -2.3506416462043843e+34, e: -1.9892969760513000e+34
#ERR  p: [274, 9], r: 1.9884510916224563e+34, e: 2.1102921213450178e+34
#ERR  p: [275, 9], r: -9.6600719779173365e+33, e: -9.2686848550968706e+33
#ERR  p: [276, 9], r: 1.1007745498165051e+34, e: 1.1278824656207607e+34
#ERR  p: [277, 9], r: 1.8334716449882646e+34, e: 1.5602565452019262e+34
#ERR  p: [278, 9], r: -7.2245456497771811e+33, e: -5.7174650665507663e+33
#ERR  p: [279, 9], r: -2.2723602602321655e+34, e: -2.4110506442414323e+34
#ERR  p: [280, 9], r: 5.6960808903121506e+33, e: 4.7677041605556002e+33
#ERR  p: [281, 9], r: 2.4900695948890574e+34, e: 2.3722939602555092e+34
#ERR  p: [282, 9], r: 1.5549074062921740e+34, e: 1.5222795158527450e+34
#ERR  p: [283, 9], r: 4.3994873757594330e+34, e: 4.5011999956192298e+34
#ERR  p: [284, 9], r: 4.4477854825981481e+33, e: 6.3710788381928578e+33
#ERR  p: [285, 9], r: 1.7576738143228600e+34, e: 1.7711121486253186e+34
#ERR  p: [286, 9], r: -2.9000500819235740e+34, e: -3.0038498686896060e+34
#ERR  p: [287, 9], r: 7.4275975267809263e+33, e: 7.0313972930877189e+33
#ERR  p: [992, 9], r: -2.4781970071482871e+34, e: -2.5492612026914722e+34
#ERR  p: [993, 9], r: -2.6754530964761060e+34, e: -2.6980492160131820e+34
#ERR  p: [994, 9], r: -1.4352026896954074e+33, e: -4.9905293443218410e+33
#ERR  p: [995, 9], r: -2.7830038415611727e+34, e: -2.8132764272818574e+34
#ERR  p: [996, 9], r: 1.7069660571976759e+34, e: 1.7606599732856242e+34
#ERR  p: [997, 9], r: 4.5296973753235793e+34, e: 4.5102245785056202e+34
#ERR  p: [998, 9], r: 2.8027754771046152e+34, e: 2.6242462019270819e+34
#ERR  p: [999, 9], r: 8.6896161188004269e+33, e: 3.7331997596861436e+33
#ERR  p: [1000, 9], r: -6.8642896240946444e+33, e: -7.0069077442605559e+33
#ERR  p: [1001, 9], r: 2.4147503518428406e+34, e: 2.7993659426484154e+34
#ERR  p: [1002, 9], r: -8.1908327458117972e+33, e: -9.0337492134113108e+33
#ERR  p: [1003, 9], r: 9.9388808335651898e+33, e: 9.7211123253744200e+33
#ERR  p: [1004, 9], r: -6.1020550319975279e+34, e: -5.6176372104007814e+34
#ERR  p: [1005, 9], r: 2.0857945259075994e+34, e: 1.8028562736707018e+34
#ERR  p: [1006, 9], r: -2.5629146909727585e+34, e: -2.6723587415539083e+34
#ERR  p: [1007, 9], r: 2.2137038758057358e+33, e: 4.2238696736572970e+33
#ERR  p: [1904, 9], r: -3.4428652489935296e+34, e: -3.2572601561394490e+34
#ERR  p: [1905, 9], r: 2.5683826721262820e+34, e: 2.8553698548496703e+34
#ERR  p: [1906, 9], r: -1.3298731804228305e+34, e: -1.5620734697975853e+34
#ERR  p: [1907, 9], r: -9.3890107700053507e+33, e: -1.0446879432206260e+34
#ERR  p: [1908, 9], r: -1.6363694316073288e+34, e: -1.5192385161462404e+34
#ERR  p: [1909, 9], r: -1.5901792890675088e+34, e: -1.4574755830882260e+34
#ERR  p: [1910, 9], r: -5.6026403095888626e+34, e: -5.4284284740923411e+34
#ERR  p: [1911, 9], r: 2.3516765640772269e+34, e: 2.3394892919784702e+34
#ERR  p: [1912, 9], r: 5.3839699001824714e+32, e: -2.5760823496856273e+33
#ERR  p: [1913, 9], r: -3.4921607641218971e+33, e: 4.4760352742946405e+31
#ERR  p: [1914, 9], r: 1.1336133852386284e+34, e: 1.4055927732777522e+34
#ERR  p: [1915, 9], r: -3.2431590287399571e+34, e: -3.3725722900948193e+34
#ERR  p: [1916, 9], r: 3.4719192065395418e+34, e: 3.4964294289653609e+34
#ERR  p: [1917, 9], r: -2.2734627696311530e+34, e: -2.4811373623295977e+34
#ERR  p: [1918, 9], r: -8.3845722188700181e+33, e: -9.4308593330333929e+33
#ERR  p: [1919, 9], r: 4.1064003672864699e+34, e: 4.0879085141556406e+34
#ERR  p: [272, 10], r: 6.3108974973290344e+34, e: 6.6478835927111120e+34
#ERR  p: [273, 10], r: 3.6597075304469061e+34, e: 3.6594156241856426e+34
#ERR  p: [274, 10], r: -1.3780123357605014e+34, e: -1.2114794423276671e+34
#ERR  p: [275, 10], r: 1.6026463356151440e+34, e: 1.7491788221852759e+34
#ERR  p: [276, 10], r: 4.8435602362998532e+34, e: 4.9072522513210860e+34
#ERR  p: [277, 10], r: -4.2162201326695428e+33, e: -2.6858439937838557e+33
#ERR  p: [278, 10], r: -8.5499164422771306e+33, e: -1.0472586495062060e+34
#ERR  p: [279, 10], r: 1.8222676686627123e+34, e: 1.9116891532544563e+34
#ERR  p: [280, 10], r: 2.5316480394005276e+34, e: 2.4029064843109817e+34
#ERR  p: [281, 10], r: 1.7325565061017754e+34, e: 1.7576062227967151e+34
#ERR  p: [282, 10], r: -3.8110918754130092e+33, e: -3.3347966116930279e+33
#ERR  p: [283, 10], r: -2.1774280855555425e+34, e: -2.2159859563711564e+34
#ERR  p: [284, 10], r: -3.2743523942618623e+34, e: -3.4414913831379307e+34
#ERR  p: [285, 10], r: -1.1299276663596641e+34, e: -1.0625717202041583e+34
#ERR  p: [286, 10], r: 1.9579658278030224e+34, e: 1.9299121258087529e+34
#ERR  p: [287, 10], r: -3.8621211255663958e+34, e: -3.7731483942388927e+34
#ERR  p: [992, 10], r: 2.4747644470073566e+34, e: 2.4948978086302783e+34
#ERR  p: [993, 10], r: 2.0491033448772239e+34, e: 2.1761819751119978e+34
#ERR  p: [994, 10], r: 2.9248868729317565e+34, e: 2.9503158944547333e+34
#ERR  p: [995, 10], r: 1.6325693270687345e+33, e: 4.4430735733236182e+33
#ERR  p: [996, 10], r: 3.9568646381810317e+34, e: 4.0212607934966100e+34
#SDC Ite:1 KerTime:2.6927917 AccTime:2.6927917 KerErr:8192 AccErr:8192
#ABORT too many errors per iteration
#END
