#HEADER matrix_dim:2048 threads:4 block_size:16 block_offset:12 precision:Float
#BEGIN Y:2023 M:10 D:27 Time:11:52:08
#IT 0 KerTime:2.7113343 AccTime:2.7113343
#IT 1 KerTime:2.7502482 AccTime:5.4615825
#IT 2 KerTime:2.6381936 AccTime:8.0997761
#IT 3 KerTime:2.6391969 AccTime:10.7389729
#IT 4 KerTime:2.6281357 AccTime:13.3671087
#IT 5 KerTime:2.6264787 AccTime:15.9935874
#IT 6 KerTime:2.6359034 AccTime:18.6294908
#IT 7 KerTime:2.6149003 AccTime:21.2443911
#ERR  p: [1100, 511], r: 2.1188304413839769e+34, e: -3.0600116801428717e+33
#ERR  p: [1101, 511], r: 1.0533401537431994e+34, e: 2.8276020551074737e+33
#SDC Ite:8 KerTime:2.6149003 AccTime:21.2443911 KerErr:2 AccErr:2
#IT 8 KerTime:2.6390796 AccTime:23.8834707
#IT 9 KerTime:2.6243210 AccTime:26.5077917
#IT 10 KerTime:2.6215095 AccTime:29.1293012
#IT 11 KerTime:2.6045874 AccTime:31.7338886
#IT 12 KerTime:2.5954902 AccTime:34.3293788
#IT 13 KerTime:2.6024639 AccTime:36.9318427
#IT 14 KerTime:2.6760628 AccTime:39.6079055
#IT 15 KerTime:2.6449485 AccTime:42.2528539
#ERR  p: [1049, 1988], r: 8.7764495659460409e+33, e: 1.1096488313078758e+33
#SDC Ite:16 KerTime:2.6449485 AccTime:42.2528539 KerErr:1 AccErr:3
#IT 16 KerTime:2.5941922 AccTime:44.8470461
#IT 17 KerTime:2.6690169 AccTime:47.5160631
#IT 18 KerTime:2.6487045 AccTime:50.1647675
#IT 19 KerTime:2.7195316 AccTime:52.8842991
#IT 20 KerTime:2.6904425 AccTime:55.5747416
