#HEADER matrix_dim:2048 threads:4 block_size:16 block_offset:12 precision:Float
#BEGIN Y:2023 M:10 D:31 Time:23:18:02
#IT 0 KerTime:2.6496905 AccTime:2.6496905
#IT 1 KerTime:2.7148681 AccTime:5.3645586
#IT 2 KerTime:2.7581298 AccTime:8.1226884
#IT 3 KerTime:2.6988869 AccTime:10.8215752
#IT 4 KerTime:2.6574352 AccTime:13.4790105
#IT 5 KerTime:2.7128322 AccTime:16.1918427
#IT 6 KerTime:2.6612183 AccTime:18.8530609
#IT 7 KerTime:2.6843309 AccTime:21.5373919
#IT 8 KerTime:2.6590985 AccTime:24.1964903
#IT 9 KerTime:2.6583474 AccTime:26.8548377
#IT 10 KerTime:2.6864445 AccTime:29.5412823
#IT 11 KerTime:2.6607576 AccTime:32.2020399
#IT 12 KerTime:2.7052269 AccTime:34.9072668
#IT 13 KerTime:2.6577796 AccTime:37.5650464
#IT 14 KerTime:2.7208798 AccTime:40.2859263
#IT 15 KerTime:2.6845747 AccTime:42.9705009
#IT 16 KerTime:2.7008165 AccTime:45.6713174
#IT 17 KerTime:2.6576949 AccTime:48.3290123
#IT 18 KerTime:2.7228558 AccTime:51.0518681
#IT 19 KerTime:2.6596959 AccTime:53.7115640
#ERR  p: [1936, 960], r: 3.7995056232033256e+34, e: 3.5321150313018249e+34
#ERR  p: [1937, 960], r: -1.8265765665574529e+34, e: -2.0410319758210832e+34
#ERR  p: [1938, 960], r: 1.5121348448188092e+34, e: 1.4870162986576852e+34
#ERR  p: [1939, 960], r: 2.1101391119561621e+34, e: 1.9107174941176213e+34
#ERR  p: [1940, 960], r: -1.8380518993396166e+34, e: -1.6828410817120824e+34
#ERR  p: [1941, 960], r: 3.9719792051936846e+33, e: 2.6735497017687028e+33
#ERR  p: [1942, 960], r: -2.8222262385898750e+34, e: -2.8910418398457021e+34
#ERR  p: [1943, 960], r: -3.4254343104763679e+34, e: -3.3316350985236989e+34
#ERR  p: [1944, 960], r: -8.8151488095141412e+33, e: -1.3869964380076072e+34
#ERR  p: [1945, 960], r: -4.2849694422362662e+33, e: -3.0599553538710842e+33
#ERR  p: [1946, 960], r: 2.8346625842245359e+34, e: 3.0005160961638104e+34
#ERR  p: [1947, 960], r: -5.8194338162046913e+34, e: -6.0996321357526385e+34
#ERR  p: [1948, 960], r: -2.6478133616309734e+34, e: -2.4483208098281816e+34
#ERR  p: [1949, 960], r: -2.8909504798708028e+34, e: -3.0397095253955934e+34
#ERR  p: [1950, 960], r: 3.2492142886481176e+34, e: 3.2890918035456097e+34
#ERR  p: [1951, 960], r: -2.4620849699489800e+34, e: -2.6432654175146468e+34
#ERR  p: [1936, 961], r: 3.2914253205196626e+34, e: 3.1775407790175962e+34
#ERR  p: [1937, 961], r: -4.6072691740652798e+34, e: -4.5701418667590641e+34
#ERR  p: [1938, 961], r: 1.1733367766012295e+34, e: 1.0037639976079260e+34
#ERR  p: [1939, 961], r: 1.2645250492170417e+34, e: 1.0351996279955193e+34
#ERR  p: [1940, 961], r: 1.1074493987143280e+34, e: 1.2179573349652396e+34
#ERR  p: [1941, 961], r: -4.5054897054433615e+34, e: -4.3193599736006317e+34
#ERR  p: [1942, 961], r: 1.3656595510784922e+34, e: 1.3701723376977032e+34
#ERR  p: [1943, 961], r: -2.4565914872306472e+34, e: -2.2473583280227422e+34
#ERR  p: [1944, 961], r: -5.7852138110807373e+33, e: -8.3224511497586384e+33
#ERR  p: [1945, 961], r: 7.8230952295018392e+33, e: 5.2860646268104988e+33
#ERR  p: [1946, 961], r: 2.6601840964435523e+34, e: 2.5062680403031066e+34
#ERR  p: [1947, 961], r: -2.9306630392580602e+33, e: -2.2406476407607821e+33
#ERR  p: [1948, 961], r: -1.1780616223491700e+34, e: -7.0243589849943619e+33
#ERR  p: [1949, 961], r: 2.9135456090558475e+34, e: 3.1775640522903348e+34
#ERR  p: [1950, 961], r: -5.5959160668834723e+33, e: -6.1724903540007560e+33
#ERR  p: [1951, 961], r: -3.5623121026801131e+34, e: -3.4203986179845629e+34
#ERR  p: [1936, 962], r: 4.5485620959942413e+34, e: 4.2685162906591340e+34
#ERR  p: [1937, 962], r: 1.0588075159267032e+34, e: 1.1061608269274358e+34
#ERR  p: [1938, 962], r: -1.9039552466530249e+34, e: -2.0356859317614293e+34
#ERR  p: [1939, 962], r: 8.2973184910810666e+33, e: 5.8614319223894792e+33
#ERR  p: [1940, 962], r: -1.9092174821720192e+34, e: -2.0228411897078081e+34
#ERR  p: [1941, 962], r: 2.5730157865173115e+34, e: 2.8614929538719836e+34
#ERR  p: [1942, 962], r: -1.7257848502928804e+34, e: -1.9862850679357187e+34
#ERR  p: [1943, 962], r: 1.4957895797161007e+34, e: 1.9445996654048543e+34
#ERR  p: [1944, 962], r: 2.7007635233433192e+34, e: 2.6439212781474602e+34
#ERR  p: [1945, 962], r: 1.2775150016372710e+34, e: 9.6105475676757052e+33
#ERR  p: [1946, 962], r: -2.1149393482524951e+34, e: -1.7963297299895853e+34
#ERR  p: [1947, 962], r: -2.6303264682240360e+34, e: -2.5332165094303022e+34
#ERR  p: [1948, 962], r: -2.1147110721092509e+34, e: -2.1357614997132752e+34
#ERR  p: [1949, 962], r: 4.7747288513085251e+33, e: 1.7737204882880929e+33
#ERR  p: [1950, 962], r: -8.3573214447852290e+33, e: -1.0432202415100492e+34
#ERR  p: [1951, 962], r: 6.6946698033798480e+34, e: 6.7640033587481121e+34
#ERR  p: [1936, 963], r: 1.9324187068002979e+34, e: 1.9742719740004895e+34
#ERR  p: [1937, 963], r: -3.1503797555856553e+33, e: -4.5082891830482015e+33
#ERR  p: [1938, 963], r: 3.1105399978593615e+34, e: 3.3091922359634864e+34
#ERR  p: [1939, 963], r: -7.0133437945248006e+33, e: -6.2524092870569416e+33
#ERR  p: [1940, 963], r: -3.9047892049004450e+34, e: -4.1085046177652472e+34
#ERR  p: [1941, 963], r: 3.0595673215657702e+34, e: 2.9657284955318441e+34
#ERR  p: [1942, 963], r: -1.0392366742576328e+34, e: -1.0035815871431373e+34
#ERR  p: [1943, 963], r: -1.4638623633389072e+34, e: -1.5686118977030789e+34
#ERR  p: [1944, 963], r: -1.3064991393650675e+34, e: -1.1019085028924905e+34
#ERR  p: [1945, 963], r: 2.3509216682412707e+34, e: 2.3481519011973736e+34
#ERR  p: [1946, 963], r: 4.1984117462344029e+34, e: 4.2508087963371959e+34
#ERR  p: [1947, 963], r: 3.9088749022061025e+34, e: 3.9095017950419966e+34
#ERR  p: [1948, 963], r: -4.5832648667850156e+32, e: -1.3366423913001478e+33
#ERR  p: [1949, 963], r: 1.9968255084002141e+34, e: 1.8071053790615449e+34
#ERR  p: [1950, 963], r: -2.0440194965178906e+34, e: -1.8906506098748092e+34
#ERR  p: [1951, 963], r: -3.4030860265351568e+33, e: -4.2673538649622450e+33
#ERR  p: [1936, 964], r: -8.6467604915504259e+32, e: 3.2594497006869331e+33
#ERR  p: [1937, 964], r: -6.5976843813540663e+33, e: -9.5988310841738887e+33
#ERR  p: [1938, 964], r: -3.0064577131763645e+34, e: -3.1197931044770040e+34
#ERR  p: [1939, 964], r: 1.8668945405209227e+34, e: 2.1723342098818910e+34
#ERR  p: [1940, 964], r: 1.6953427905808176e+34, e: 1.4078079431840494e+34
#ERR  p: [1941, 964], r: -6.6066448389464217e+34, e: -7.0170774216832853e+34
#ERR  p: [1942, 964], r: -2.9152912283052438e+33, e: -2.9859119937263569e+33
#ERR  p: [1943, 964], r: 4.5927733913812637e+34, e: 4.4078400047924993e+34
#ERR  p: [1944, 964], r: -3.9450938091114906e+34, e: -3.9545620697079609e+34
#ERR  p: [1945, 964], r: -1.4595214027971491e+33, e: -3.0287317207152185e+33
#ERR  p: [1946, 964], r: 4.5624289432412985e+33, e: 7.6893568532377217e+33
#ERR  p: [1947, 964], r: -4.4036701275641704e+34, e: -4.5892130758282789e+34
#ERR  p: [1948, 964], r: 1.8732124913054196e+34, e: 1.7019974610560001e+34
#ERR  p: [1949, 964], r: -3.9155768619907857e+34, e: -3.6838315155804682e+34
#ERR  p: [1950, 964], r: -2.4624773969414335e+34, e: -2.7725308688288184e+34
#ERR  p: [1951, 964], r: -4.3881873352868321e+33, e: -2.1306531091926631e+33
#ERR  p: [1936, 965], r: 1.9047953127636839e+34, e: 1.9514405220619453e+34
#ERR  p: [1937, 965], r: 2.9960971453995773e+34, e: 2.9453802275181024e+34
#ERR  p: [1938, 965], r: -4.9713146580020730e+34, e: -4.6197926706787064e+34
#ERR  p: [1939, 965], r: 2.5420139303194838e+33, e: 1.3290753280675110e+33
#ERR  p: [1940, 965], r: -2.5370765612152989e+33, e: -3.3606766766693182e+33
#ERR  p: [1941, 965], r: -1.2386214014830029e+34, e: -8.9199391958996094e+33
#ERR  p: [1942, 965], r: -3.2204670926438404e+34, e: -2.8929975375197651e+34
#ERR  p: [1943, 965], r: -1.8931901200713992e+34, e: -1.4495760401095382e+34
#ERR  p: [1944, 965], r: 2.4224533099432900e+34, e: 2.6098293998175723e+34
#ERR  p: [1945, 965], r: -3.6307617688603275e+34, e: -3.8360290633583779e+34
#ERR  p: [1946, 965], r: 7.8383410800556583e+33, e: 6.0613084831924574e+33
#ERR  p: [1947, 965], r: 4.8719733741845292e+33, e: 8.8990223420258239e+33
#ERR  p: [1948, 965], r: -2.1529433027975307e+33, e: -2.9160160421982454e+33
#ERR  p: [1949, 965], r: -6.9857705370597777e+33, e: -5.3477889361392875e+33
#ERR  p: [1950, 965], r: 2.4765822381610432e+34, e: 2.9334757009243185e+34
#ERR  p: [1951, 965], r: 3.8324714093764776e+33, e: 6.9511626853215156e+33
#ERR  p: [1936, 966], r: 1.5269982956944930e+34, e: 1.5419377560885890e+34
#ERR  p: [1937, 966], r: -4.9116687262052405e+34, e: -5.5960074268583716e+34
#ERR  p: [1938, 966], r: -2.0149006709138199e+34, e: -2.1639238928429940e+34
#ERR  p: [1939, 966], r: -1.3660126115776964e+34, e: -1.6921085484341806e+34
#ERR  p: [1940, 966], r: -9.5765815878478126e+33, e: -9.0251795734893578e+33
#ERR  p: [1941, 966], r: 9.1420058319067780e+33, e: 1.1439129225714789e+34
#ERR  p: [1942, 966], r: -4.2901189633146835e+33, e: -3.6004217154075018e+33
#ERR  p: [1943, 966], r: -1.1987804058166698e+34, e: -1.3451561691778281e+34
#ERR  p: [1944, 966], r: -2.4235971665395897e+34, e: -2.7186175897659086e+34
#ERR  p: [1945, 966], r: -7.2247808583846453e+33, e: -7.6761115137873878e+33
#ERR  p: [1946, 966], r: -2.5060447159200196e+34, e: -2.4580185845079354e+34
#ERR  p: [1947, 966], r: -5.4288077789203781e+34, e: -5.7566083592109582e+34
#ERR  p: [1948, 966], r: -1.2424884785777226e+34, e: -1.3187280062491442e+34
#ERR  p: [1949, 966], r: 1.7334422521998841e+34, e: 1.7746938805409830e+34
#ERR  p: [1950, 966], r: -1.5169085891983014e+34, e: -1.6463633215444797e+34
#ERR  p: [1951, 966], r: 5.4858901844838584e+34, e: 5.2206793574035314e+34
#ERR  p: [1936, 967], r: -4.9518116554471554e+34, e: -4.8897804607826278e+34
#ERR  p: [1937, 967], r: -9.1666798337997946e+33, e: -1.0918512304253283e+34
#ERR  p: [1938, 967], r: -2.5404795036407895e+34, e: -2.5363244816929321e+34
#ERR  p: [1939, 967], r: -6.9228379982526464e+33, e: -8.1926797523504109e+33
#ERR  p: [1940, 967], r: -3.3636061379782832e+34, e: -3.3649153833638314e+34
#ERR  p: [1941, 967], r: -9.5455451931228888e+33, e: -8.6687444497380754e+33
#ERR  p: [1942, 967], r: 1.8745843764569556e+34, e: 2.3067645946279690e+34
#ERR  p: [1943, 967], r: -5.0217676470671722e+34, e: -5.0637600587277795e+34
#ERR  p: [1944, 967], r: -6.4878345340280388e+33, e: -7.0698508055580210e+33
#ERR  p: [1945, 967], r: 8.4979396728176750e+33, e: 7.2011386795143731e+33
#ERR  p: [1946, 967], r: -2.5040528703968094e+34, e: -2.7296926965333714e+34
#ERR  p: [1947, 967], r: -3.8238417912596211e+34, e: -3.9436981555112002e+34
#ERR  p: [1948, 967], r: -2.6169579537397932e+34, e: -2.4549435414503505e+34
#ERR  p: [1949, 967], r: -4.2017853804294635e+34, e: -4.2262515321898840e+34
#ERR  p: [1950, 967], r: -1.6176247911204775e+34, e: -1.8084804828571831e+34
#ERR  p: [1951, 967], r: 2.2609006492885007e+34, e: 2.0487296107793637e+34
#ERR  p: [1936, 968], r: -1.1470796969859748e+34, e: -1.0544174091653855e+34
#ERR  p: [1937, 968], r: -6.4706546497508441e+34, e: -6.7508084034573771e+34
#ERR  p: [1938, 968], r: -1.5229112366547923e+34, e: -1.4350952364999974e+34
#ERR  p: [1939, 968], r: -1.2377536055154639e+34, e: -1.3302485238427418e+34
#ERR  p: [1940, 968], r: 1.4662713946553565e+34, e: 1.1244226707989659e+34
#ERR  p: [1941, 968], r: 2.3076054035026517e+34, e: 2.2832890424869847e+34
#ERR  p: [1942, 968], r: 2.6970073656761195e+34, e: 2.4245766246986722e+34
#ERR  p: [1943, 968], r: -7.2240966489249323e+34, e: -7.7279679554750249e+34
#ERR  p: [1944, 968], r: 1.7084296737061230e+33, e: -1.1375740506003181e+32
#ERR  p: [1945, 968], r: 3.3549494708715684e+34, e: 3.2790469104788403e+34
#ERR  p: [1946, 968], r: -2.4856090493395044e+34, e: -2.0850289837873053e+34
#ERR  p: [1947, 968], r: -2.7775215003031934e+34, e: -2.9650629789667243e+34
#ERR  p: [1948, 968], r: 2.3670577214773399e+34, e: 2.3491442339328647e+34
#ERR  p: [1949, 968], r: 2.4903696715545802e+34, e: 2.7166596637997749e+34
#ERR  p: [1950, 968], r: 2.4463049482682092e+34, e: 2.2678581198972924e+34
#ERR  p: [1951, 968], r: -1.7160914084032641e+34, e: -1.6323913112910853e+34
#ERR  p: [1936, 969], r: -2.7968378215001868e+34, e: -3.0241404486975169e+34
#ERR  p: [1937, 969], r: 9.2988355037236857e+33, e: 6.7842920818459642e+33
#ERR  p: [1938, 969], r: 2.1911355480225417e+34, e: 1.7951192722191721e+34
#ERR  p: [1939, 969], r: -4.3087805999219008e+33, e: -3.5443142495219607e+33
#ERR  p: [1940, 969], r: -1.8132201838855951e+34, e: -2.0211527632882268e+34
#ERR  p: [1941, 969], r: -4.9217757638619820e+34, e: -5.0809902033705691e+34
#ERR  p: [1942, 969], r: 1.9587395403275758e+34, e: 1.8115021706990748e+34
#ERR  p: [1943, 969], r: 3.4728144847759530e+34, e: 3.3461271673875972e+34
#ERR  p: [1944, 969], r: 1.4291352979748619e+34, e: 1.0064669158897017e+34
#ERR  p: [1945, 969], r: 1.8087894726909888e+34, e: 2.0573909820582277e+34
#ERR  p: [1946, 969], r: 1.3806735973599552e+33, e: 3.6910079777822095e+32
#ERR  p: [1947, 969], r: 1.7941143124952802e+33, e: -5.2157098637553271e+32
#ERR  p: [1948, 969], r: 1.6313937482589281e+33, e: 2.6894736339790404e+33
#ERR  p: [1949, 969], r: -4.6307397125491050e+33, e: -5.6676782130208065e+33
#ERR  p: [1950, 969], r: 2.6817098930226622e+34, e: 2.6374352151056284e+34
#ERR  p: [1951, 969], r: -4.4272390822811189e+33, e: -4.9091796620652513e+33
#ERR  p: [1936, 970], r: -1.0584446757011887e+34, e: -1.3272007154660212e+34
#ERR  p: [1937, 970], r: 2.9572577051220280e+33, e: 3.8099842285628586e+33
#ERR  p: [1938, 970], r: 1.9433052752997775e+34, e: 2.3250618435846227e+34
#ERR  p: [1939, 970], r: 4.4171687495465421e+33, e: 3.8716048604133572e+33
#ERR  p: [1940, 970], r: -1.2626448658853750e+34, e: -1.3236178694043214e+34
#ERR  p: [1941, 970], r: -4.0070970108568798e+32, e: -8.7632506492471802e+32
#ERR  p: [1942, 970], r: 1.5220568104396775e+34, e: 1.4177066355321793e+34
#ERR  p: [1943, 970], r: -8.1701777162563206e+33, e: -9.7272537459093148e+33
#ERR  p: [1944, 970], r: -1.4980849681369437e+34, e: -1.7284948248328801e+34
#ERR  p: [1945, 970], r: 3.8856897707983345e+34, e: 4.3480613658234554e+34
#ERR  p: [1946, 970], r: 1.5715508911503463e+34, e: 1.3295657999110759e+34
#ERR  p: [1947, 970], r: -3.0667441551495233e+34, e: -2.9069394658302050e+34
#ERR  p: [1948, 970], r: -4.0752377026775390e+34, e: -3.9406285593897882e+34
#ERR  p: [1949, 970], r: -1.5522389027434905e+34, e: -1.5354412943504271e+34
#ERR  p: [1950, 970], r: 2.7298211947094492e+33, e: 8.6404005745985973e+33
#ERR  p: [1951, 970], r: 4.8732445529138694e+34, e: 4.7986675787152081e+34
#ERR  p: [1936, 971], r: -2.9178937496498334e+34, e: -2.8619814450114857e+34
#ERR  p: [1937, 971], r: -5.6328663487640702e+34, e: -5.6996239984985893e+34
#ERR  p: [1938, 971], r: -2.0703773444523432e+32, e: 2.5739085269766421e+33
#ERR  p: [1939, 971], r: 2.7201788797434553e+34, e: 2.3812175272346939e+34
#ERR  p: [1940, 971], r: 1.8473856577508185e+33, e: 3.9141633820539296e+33
#ERR  p: [1941, 971], r: 6.1490945251983016e+33, e: 1.1687238406328404e+34
#ERR  p: [1942, 971], r: 7.6561679283724886e+34, e: 7.5461655668336211e+34
#ERR  p: [1943, 971], r: -1.1674537141525336e+34, e: -1.0797535851854158e+34
#ERR  p: [1944, 971], r: -7.0105138635949942e+33, e: -4.9029831531986084e+33
#ERR  p: [1945, 971], r: -2.0178617615907886e+33, e: -5.4327323583299226e+32
#ERR  p: [1946, 971], r: 4.1965795949762606e+33, e: 5.0883321781555628e+33
#ERR  p: [1947, 971], r: 1.7796907017155545e+34, e: 2.0648750723597314e+34
#ERR  p: [1948, 971], r: 2.4057787527901316e+34, e: 2.2976080473333908e+34
#ERR  p: [1949, 971], r: 2.7995328169657111e+34, e: 2.9619235630270966e+34
#ERR  p: [1950, 971], r: -3.2501707211224695e+34, e: -2.9217932607735824e+34
#ERR  p: [1951, 971], r: 4.6404987033638015e+33, e: 1.9721263763244000e+33
#ERR  p: [1936, 972], r: -5.3104894313736072e+34, e: -5.1193891226851387e+34
#ERR  p: [1937, 972], r: -3.0462329742266117e+34, e: -3.1971131062147138e+34
#ERR  p: [1938, 972], r: 1.4465106529842597e+34, e: 1.4438797828127704e+34
#ERR  p: [1939, 972], r: -8.0864626400696664e+33, e: -7.8980295969898422e+33
#ERR  p: [1940, 972], r: -2.7327251544536048e+34, e: -2.9075205548846455e+34
#ERR  p: [1941, 972], r: 4.9028333624538548e+33, e: 4.4126310803325416e+33
#ERR  p: [1942, 972], r: 4.6068769946608342e+34, e: 4.6905845194132487e+34
#ERR  p: [1943, 972], r: 1.8261228615330548e+34, e: 1.6592950907828627e+34
#ERR  p: [1944, 972], r: 9.7144020713914736e+33, e: 1.0012500508731472e+34
#ERR  p: [1945, 972], r: 1.0171053393083065e+34, e: 9.7958758571370016e+33
#ERR  p: [1946, 972], r: -3.5034411213478733e+34, e: -3.8828261678994595e+34
#ERR  p: [1947, 972], r: 5.0014748387671905e+34, e: 5.3177863451411709e+34
#ERR  p: [1948, 972], r: 1.3402740431478964e+33, e: 7.1662097370784214e+32
#ERR  p: [1949, 972], r: -3.2765957892010552e+33, e: -5.8980569974217568e+31
#ERR  p: [1950, 972], r: -4.2939723611719691e+33, e: -1.7343406871833954e+33
#ERR  p: [1951, 972], r: 3.0275643432581724e+33, e: 8.5051946204179070e+33
#ERR  p: [1936, 973], r: 1.8086811529375513e+34, e: 1.6155632495730555e+34
#ERR  p: [1937, 973], r: -4.5359440207618133e+34, e: -4.4165184596439055e+34
#ERR  p: [1938, 973], r: 2.4528118087027011e+34, e: 2.1793451595003798e+34
#ERR  p: [1939, 973], r: -3.2022059915363339e+34, e: -3.1073391800937852e+34
#ERR  p: [1940, 973], r: -3.8600183606156657e+33, e: -2.5772556073578600e+33
#ERR  p: [1941, 973], r: -2.2141518244089512e+34, e: -2.1220664166466689e+34
#ERR  p: [1942, 973], r: 3.5182298006451843e+34, e: 2.8113692568573343e+34
#ERR  p: [1943, 973], r: -1.8084833301192735e+34, e: -2.0041060813592593e+34
#ERR  p: [1944, 973], r: -1.9583192596842384e+34, e: -1.8032120576379924e+34
#ERR  p: [1945, 973], r: 2.6144990334397606e+33, e: 6.5264799272044302e+33
#ERR  p: [1946, 973], r: -2.2126365858008659e+34, e: -2.0876358379220324e+34
#ERR  p: [1947, 973], r: -3.0472384291265192e+34, e: -2.9864221488165464e+34
#ERR  p: [1948, 973], r: 3.1651830425754299e+33, e: 1.1790974996255430e+33
#ERR  p: [1949, 973], r: 1.3438375154479813e+34, e: 1.4230458709216171e+34
#ERR  p: [1950, 973], r: -4.7258365951479549e+34, e: -4.7334751803663614e+34
#ERR  p: [1951, 973], r: -8.8494657453431712e+33, e: -7.8742958105566629e+33
#ERR  p: [1936, 974], r: 2.9269143711280981e+34, e: 3.3212517526501889e+34
#ERR  p: [1937, 974], r: -3.1694124647196484e+34, e: -3.6089146030470191e+34
#ERR  p: [1938, 974], r: 4.0553105199681603e+33, e: 4.0247829185993828e+33
#ERR  p: [1939, 974], r: 6.4758426088674813e+34, e: 6.6178868200311801e+34
#ERR  p: [1940, 974], r: -4.5010296550698241e+34, e: -4.7368988273390091e+34
#ERR  p: [1941, 974], r: -1.6819690767484098e+34, e: -1.7500025474874164e+34
#ERR  p: [1942, 974], r: -5.1260240480166946e+33, e: 1.3383016951803050e+33
#ERR  p: [1943, 974], r: 3.1787185551709723e+34, e: 3.3636866040808367e+34
#ERR  p: [1944, 974], r: -2.3860655480165434e+34, e: -2.3600564277911575e+34
#ERR  p: [1945, 974], r: 4.9533125339507850e+33, e: 3.3350785525369752e+33
#ERR  p: [1946, 974], r: 3.4347272787632754e+34, e: 3.3281406413808042e+34
#ERR  p: [1947, 974], r: 4.9300536213166755e+34, e: 4.9444275907008259e+34
#ERR  p: [1948, 974], r: -1.9111751605501451e+33, e: -2.0611813068705117e+33
#ERR  p: [1949, 974], r: -7.7235252362620375e+33, e: -8.2037518880617794e+33
#ERR  p: [1950, 974], r: 2.0212515509033618e+34, e: 2.2625609744691902e+34
#ERR  p: [1951, 974], r: 4.0509068577634124e+33, e: 3.3636220455077880e+33
#ERR  p: [1936, 975], r: 4.3063167897587131e+33, e: 2.1659183070917857e+33
#ERR  p: [1937, 975], r: -2.4270270032124337e+34, e: -1.8983099924858757e+34
#ERR  p: [1938, 975], r: 5.6793996482827801e+33, e: 6.0712596641982530e+33
#ERR  p: [1939, 975], r: -1.9767139345219838e+34, e: -2.4199269219111164e+34
#ERR  p: [1940, 975], r: -2.4689547944029903e+34, e: -1.9738633299935214e+34
#ERR  p: [1941, 975], r: -1.4689418789081029e+34, e: -1.2481419031491311e+34
#ERR  p: [1942, 975], r: -3.2585577648886279e+34, e: -3.5190163877461462e+34
#ERR  p: [1943, 975], r: 3.8234220676893014e+33, e: 6.2422767478353908e+33
#ERR  p: [1944, 975], r: 3.6228086230779386e+33, e: 6.5446745509318270e+33
#ERR  p: [1945, 975], r: 1.0868774349354875e+34, e: 1.1698013436430344e+34
#ERR  p: [1946, 975], r: 1.1188216110912192e+34, e: 1.3912119952233857e+34
#ERR  p: [1947, 975], r: -4.1080428661305937e+34, e: -3.8078359693156847e+34
#ERR  p: [1948, 975], r: -2.7059136014947542e+34, e: -2.8619341557019850e+34
#ERR  p: [1949, 975], r: 1.2891740447212647e+34, e: 1.0162825424611954e+34
#ERR  p: [1950, 975], r: -4.2899964072507943e+33, e: -5.3935617690918644e+33
#ERR  p: [1951, 975], r: 2.0094931012342135e+34, e: 2.1140720474609717e+34
#SDC Ite:20 KerTime:2.6596959 AccTime:53.7115640 KerErr:256 AccErr:256
#IT 20 KerTime:2.6900830 AccTime:56.4016470
#IT 21 KerTime:2.6560067 AccTime:59.0576536
#IT 22 KerTime:2.6930737 AccTime:61.7507273
#IT 23 KerTime:2.6594055 AccTime:64.4101328
