#HEADER matrix_dim:2048 threads:4 block_size:16 block_offset:12 precision:Float
#BEGIN Y:2023 M:11 D:09 Time:23:58:32
#IT 0 KerTime:2.6465594 AccTime:2.6465594
#IT 1 KerTime:2.7598561 AccTime:5.4064155
#IT 2 KerTime:2.7524185 AccTime:8.1588339
#IT 3 KerTime:2.6885176 AccTime:10.8473516
#IT 4 KerTime:2.6452773 AccTime:13.4926288
#IT 5 KerTime:2.6945856 AccTime:16.1872145
#IT 6 KerTime:2.7003591 AccTime:18.8875736
#IT 7 KerTime:2.7408384 AccTime:21.6284120
#IT 8 KerTime:2.6467633 AccTime:24.2751753
#IT 9 KerTime:2.6642198 AccTime:26.9393951
#IT 10 KerTime:2.6484381 AccTime:29.5878332
#IT 11 KerTime:2.6470520 AccTime:32.2348852
#IT 12 KerTime:2.7536539 AccTime:34.9885391
#ERR  p: [797, 850], r: 1.1260462291604887e+34, e: 1.3571764431652852e+34
#SDC Ite:13 KerTime:2.7536539 AccTime:34.9885391 KerErr:1 AccErr:1
#IT 13 KerTime:2.6787771 AccTime:37.6673162
#IT 14 KerTime:2.6528524 AccTime:40.3201686
#IT 15 KerTime:2.6697921 AccTime:42.9899607
#IT 16 KerTime:2.6426194 AccTime:45.6325800
#IT 17 KerTime:2.6444456 AccTime:48.2770256
