#HEADER matrix_dim:2048 threads:4 block_size:16 block_offset:12 precision:Float
#BEGIN Y:2023 M:11 D:09 Time:21:02:40
#IT 0 KerTime:2.6499667 AccTime:2.6499667
#IT 1 KerTime:2.7042811 AccTime:5.3542477
#IT 2 KerTime:2.7328233 AccTime:8.0870711
#IT 3 KerTime:2.6806346 AccTime:10.7677056
#IT 4 KerTime:2.6636681 AccTime:13.4313737
#IT 5 KerTime:2.6769667 AccTime:16.1083405
#IT 6 KerTime:2.6487805 AccTime:18.7571210
#IT 7 KerTime:2.6724722 AccTime:21.4295931
#IT 8 KerTime:2.6472589 AccTime:24.0768520
#IT 9 KerTime:2.6461243 AccTime:26.7229763
#IT 10 KerTime:2.6511474 AccTime:29.3741237
#IT 11 KerTime:2.6493137 AccTime:32.0234373
#IT 12 KerTime:2.6883087 AccTime:34.7117460
#ERR  p: [1990, 374], r: -4.0873727337066379e+34, e: -6.8453020997720852e+33
#SDC Ite:13 KerTime:2.6883087 AccTime:34.7117460 KerErr:1 AccErr:1
#IT 13 KerTime:2.6744277 AccTime:37.3861737
#IT 14 KerTime:2.6497784 AccTime:40.0359521
#IT 15 KerTime:2.6493391 AccTime:42.6852912
#IT 16 KerTime:2.6458033 AccTime:45.3310945
#IT 17 KerTime:2.6460703 AccTime:47.9771647
#IT 18 KerTime:2.7007862 AccTime:50.6779510
#IT 19 KerTime:2.6497694 AccTime:53.3277203
#IT 20 KerTime:2.7269617 AccTime:56.0546821
#IT 21 KerTime:2.6465324 AccTime:58.7012145
#IT 22 KerTime:2.6946222 AccTime:61.3958367
#IT 23 KerTime:2.6488501 AccTime:64.0446867
#IT 24 KerTime:2.6911757 AccTime:66.7358624
#ERR  p: [1163, 432], r: 4.5360868171453449e+33, e: -5.7875758006756938e+33
#SDC Ite:25 KerTime:2.6911757 AccTime:66.7358624 KerErr:1 AccErr:2
#IT 25 KerTime:2.6457619 AccTime:69.3816243
#IT 26 KerTime:2.6968016 AccTime:72.0784260
#IT 27 KerTime:2.6490825 AccTime:74.7275084
#IT 28 KerTime:2.6908769 AccTime:77.4183854
#ERR  p: [2023, 339], r: -7.1925346248593279e+34, e: -2.9892421762260385e+34
#ERR  p: [1805, 496], r: -1.5016135924249227e+34, e: 2.5137375229121468e+34
#ERR  p: [1910, 511], r: -5.9097920500241626e+34, e: -2.2898904815404779e+34
#SDC Ite:29 KerTime:2.6908769 AccTime:77.4183854 KerErr:3 AccErr:5
#IT 29 KerTime:2.6463637 AccTime:80.0647491
#IT 30 KerTime:2.7033258 AccTime:82.7680749
#IT 31 KerTime:2.6502140 AccTime:85.4182889
#IT 32 KerTime:2.7359914 AccTime:88.1542803
#IT 33 KerTime:2.6457743 AccTime:90.8000546
#IT 34 KerTime:2.6959698 AccTime:93.4960244
#IT 35 KerTime:2.6486346 AccTime:96.1446589
#IT 36 KerTime:2.6849501 AccTime:98.8296090
#IT 37 KerTime:2.6462453 AccTime:101.4758544
#IT 38 KerTime:2.6919879 AccTime:104.1678423
#IT 39 KerTime:2.6487504 AccTime:106.8165927
#IT 40 KerTime:2.6815807 AccTime:109.4981734
#IT 41 KerTime:2.6464763 AccTime:112.1446498
#IT 42 KerTime:2.6943964 AccTime:114.8390462
#IT 43 KerTime:2.6499946 AccTime:117.4890407
#IT 44 KerTime:2.6719719 AccTime:120.1610127
#IT 45 KerTime:2.6463704 AccTime:122.8073830
#IT 46 KerTime:2.6662733 AccTime:125.4736563
#IT 47 KerTime:2.6489261 AccTime:128.1225825
#IT 48 KerTime:2.6495395 AccTime:130.7721219
#IT 49 KerTime:2.6969067 AccTime:133.4690286
#IT 50 KerTime:2.6460426 AccTime:136.1150712
#IT 51 KerTime:2.6869185 AccTime:138.8019896
#IT 52 KerTime:2.6487426 AccTime:141.4507322
#IT 53 KerTime:2.6865535 AccTime:144.1372858
#IT 54 KerTime:2.6474109 AccTime:146.7846967
#IT 55 KerTime:2.7311661 AccTime:149.5158627
#ERR  p: [1533, 342], r: 4.4096597147532468e+33, e: 4.1696875140178544e+33
#SDC Ite:56 KerTime:2.7311661 AccTime:149.5158627 KerErr:1 AccErr:6
#IT 56 KerTime:2.6491483 AccTime:152.1650110
#IT 57 KerTime:2.6873835 AccTime:154.8523945
#IT 58 KerTime:2.6461338 AccTime:157.4985283
#ERR  p: [1784, 54], r: 3.5924462867044057e+34, e: 2.1920122571583636e+34
#SDC Ite:59 KerTime:2.6461338 AccTime:157.4985283 KerErr:1 AccErr:7
#IT 59 KerTime:2.6493782 AccTime:160.1479065
#IT 60 KerTime:2.6494995 AccTime:162.7974060
#IT 61 KerTime:2.6460071 AccTime:165.4434131
#ERR  p: [1779, 118], r: -6.1276051240563467e+34, e: -3.6915723546461197e+34
#SDC Ite:62 KerTime:2.6460071 AccTime:165.4434131 KerErr:1 AccErr:8
#IT 62 KerTime:2.6764758 AccTime:168.1198889
