#HEADER matrix_dim:2048 threads:4 block_size:16 block_offset:12 precision:Float
#BEGIN Y:2023 M:11 D:07 Time:21:49:53
#IT 0 KerTime:2.6481181 AccTime:2.6481181
#IT 1 KerTime:2.6900848 AccTime:5.3382029
#ERR  p: [1929, 440], r: 6.9917432263673178e+34, e: 1.8742984123078807e+34
#SDC Ite:2 KerTime:2.6900848 AccTime:5.3382029 KerErr:1 AccErr:1
#IT 2 KerTime:2.7585673 AccTime:8.0967702
#ERR  p: [1254, 146], r: -3.4682140520019607e+34, e: -3.6821392515467651e+34
#ERR  p: [824, 148], r: -4.6571096303989406e+34, e: -4.7034709800461938e+34
#ERR  p: [1052, 154], r: 3.7944022772883735e+33, e: 2.7715991951552522e+34
#ERR  p: [1053, 154], r: 2.9134876734620089e+34, e: 3.2672487229344310e+31
#ERR  p: [1054, 154], r: 3.4511936144018260e+34, e: 2.6089576424419075e+34
#ERR  p: [1212, 176], r: 2.4093603609117921e+34, e: 9.1840450377008703e+32
#ERR  p: [1516, 176], r: 8.9109170888932975e+33, e: -1.0429958029809268e+34
#ERR  p: [1565, 176], r: -3.7187525661486695e+34, e: -4.6164331490000937e+32
#ERR  p: [1582, 176], r: -1.4735897247855999e+34, e: -1.4693914987303714e+33
#ERR  p: [1677, 176], r: -3.6184804133185851e+34, e: 5.7781829306276160e+33
#ERR  p: [1822, 176], r: -4.6209152347063304e+34, e: -3.5213781297530949e+34
#ERR  p: [1110, 178], r: 4.5556124121059794e+34, e: 4.7946289231310435e+34
#ERR  p: [1174, 178], r: 2.0855343109113416e+34, e: 2.6185318707057406e+34
#ERR  p: [1190, 178], r: -1.5744465566962388e+34, e: -1.4293025436741694e+34
#ERR  p: [1238, 178], r: 6.5729367220287123e+34, e: -3.0046618335613732e+33
#ERR  p: [1846, 178], r: 8.6066716602882278e+33, e: 8.9430595830433228e+33
#ERR  p: [1847, 178], r: -1.0017624342554074e+34, e: -6.1637901114046584e+33
#ERR  p: [1846, 184], r: -4.5072569886434453e+34, e: -8.8388764062471241e+33
#ERR  p: [1567, 187], r: -6.7684208239842981e+34, e: -1.9719000808852187e+34
#ERR  p: [1558, 188], r: -6.2460858893362719e+34, e: -2.5772950976451132e+34
#ERR  p: [1190, 242], r: 4.7930156396718468e+34, e: -2.1918164150441486e+34
#ERR  p: [1224, 242], r: -3.1369994806710393e+34, e: -3.3596484436726878e+34
#ERR  p: [1225, 242], r: 4.4643837826448865e+33, e: 4.0902882062931589e+33
#ERR  p: [1292, 242], r: -5.3967339904425332e+33, e: -6.9292214360652215e+33
#ERR  p: [1309, 242], r: -1.3412164250028024e+34, e: -1.1148600791715021e+34
#ERR  p: [1942, 242], r: 7.8873799702138819e+34, e: 7.6910342619909534e+33
#ERR  p: [1974, 242], r: 6.1467634841043272e+34, e: -1.4314529693164120e+34
#ERR  p: [1993, 242], r: 4.1131904684019502e+34, e: 1.6828834192614259e+34
#ERR  p: [2023, 242], r: -2.5589416462106760e+34, e: -3.3655102135527080e+33
#ERR  p: [1562, 252], r: -2.5717478573805744e+33, e: -1.1608943650603761e+34
#ERR  p: [1062, 338], r: 7.2674121708995277e+34, e: -1.4077307885711010e+33
#SDC Ite:3 KerTime:2.7585673 AccTime:8.0967702 KerErr:31 AccErr:32
#IT 3 KerTime:2.6530531 AccTime:10.7498233
#IT 4 KerTime:2.6528033 AccTime:13.4026266
#ERR  p: [2025, 186], r: 1.1490774846213735e+34, e: 1.4006681240074710e+34
#SDC Ite:5 KerTime:2.6528033 AccTime:13.4026266 KerErr:1 AccErr:33
#IT 5 KerTime:2.6558928 AccTime:16.0585193
#IT 6 KerTime:2.6850352 AccTime:18.7435546
#ERR  p: [1485, 58], r: 5.2067352008010209e+34, e: 2.8368198185369946e+34
#ERR  p: [1814, 58], r: 3.0136058265512062e+34, e: 2.2284928645880566e+34
#SDC Ite:7 KerTime:2.6850352 AccTime:18.7435546 KerErr:2 AccErr:35
#IT 7 KerTime:2.6529525 AccTime:21.3965071
#IT 8 KerTime:2.6994040 AccTime:24.0959111
#ERR  p: [1208, 370], r: -2.5580339885738720e+34, e: 6.4436326469853150e+31
#ERR  p: [1942, 402], r: 8.4856887706008990e+34, e: 1.0015976025391765e+34
#SDC Ite:9 KerTime:2.6994040 AccTime:24.0959111 KerErr:2 AccErr:37
#IT 9 KerTime:2.6565984 AccTime:26.7525095
#ERR  p: [1949, 26], r: 3.1163422847204940e+33, e: -2.3817141887784552e+34
#ERR  p: [1913, 410], r: 9.6433894979479267e+33, e: 1.5764106723625690e+34
#SDC Ite:10 KerTime:2.6565984 AccTime:26.7525095 KerErr:2 AccErr:39
#ABORT amount of errors equals of the last iteration
#END
