#HEADER matrix_dim:2048 threads:4 block_size:16 block_offset:12 precision:Float
#BEGIN Y:2023 M:11 D:09 Time:06:14:20
#IT 0 KerTime:2.6601203 AccTime:2.6601203
#IT 1 KerTime:2.7402534 AccTime:5.4003737
#IT 2 KerTime:2.7401188 AccTime:8.1404925
#IT 3 KerTime:2.6956532 AccTime:10.8361457
#IT 4 KerTime:2.6592002 AccTime:13.4953459
#IT 5 KerTime:2.6939067 AccTime:16.1892526
#IT 6 KerTime:2.6611158 AccTime:18.8503685
#IT 7 KerTime:2.7021064 AccTime:21.5524748
#IT 8 KerTime:2.6605810 AccTime:24.2130559
#IT 9 KerTime:2.6939880 AccTime:26.9070438
#IT 10 KerTime:2.6625125 AccTime:29.5695563
#IT 11 KerTime:2.6622519 AccTime:32.2318082
#IT 12 KerTime:2.6585429 AccTime:34.8903512
#IT 13 KerTime:2.6689294 AccTime:37.5592806
#IT 14 KerTime:2.7604733 AccTime:40.3197539
#IT 15 KerTime:2.6609422 AccTime:42.9806961
#IT 16 KerTime:2.7767279 AccTime:45.7574240
#IT 17 KerTime:2.6591091 AccTime:48.4165331
#IT 18 KerTime:2.7105272 AccTime:51.1270603
#IT 19 KerTime:2.6620609 AccTime:53.7891212
#IT 20 KerTime:2.7337290 AccTime:56.5228502
#IT 21 KerTime:2.6585622 AccTime:59.1814124
#IT 22 KerTime:2.7445246 AccTime:61.9259370
#IT 23 KerTime:2.6625388 AccTime:64.5884757
#IT 24 KerTime:2.7241191 AccTime:67.3125948
#IT 25 KerTime:2.6567296 AccTime:69.9693244
#IT 26 KerTime:2.7140811 AccTime:72.6834055
#IT 27 KerTime:2.6606283 AccTime:75.3440338
#IT 28 KerTime:2.7104311 AccTime:78.0544649
#IT 29 KerTime:2.6566391 AccTime:80.7111040
#IT 30 KerTime:2.6950140 AccTime:83.4061180
#IT 31 KerTime:2.6604927 AccTime:86.0666107
#IT 32 KerTime:2.6957192 AccTime:88.7623299
#IT 33 KerTime:2.6574864 AccTime:91.4198163
#IT 34 KerTime:2.6594257 AccTime:94.0792420
#IT 35 KerTime:2.6615790 AccTime:96.7408211
#IT 36 KerTime:2.6607479 AccTime:99.4015689
#IT 37 KerTime:2.7136938 AccTime:102.1152628
#IT 38 KerTime:2.6597724 AccTime:104.7750351
#IT 39 KerTime:2.7117953 AccTime:107.4868304
#IT 40 KerTime:2.6619352 AccTime:110.1487656
#IT 41 KerTime:2.7018684 AccTime:112.8506340
#IT 42 KerTime:2.6584737 AccTime:115.5091076
#IT 43 KerTime:2.7067660 AccTime:118.2158736
#IT 44 KerTime:2.6617263 AccTime:120.8775999
#IT 45 KerTime:2.7002308 AccTime:123.5778306
#IT 46 KerTime:2.6591479 AccTime:126.2369786
#IT 47 KerTime:2.7234826 AccTime:128.9604612
#IT 48 KerTime:2.6610000 AccTime:131.6214612
#IT 49 KerTime:2.7182846 AccTime:134.3397458
#IT 50 KerTime:2.6575901 AccTime:136.9973359
#IT 51 KerTime:2.7156493 AccTime:139.7129852
#IT 52 KerTime:2.6613562 AccTime:142.3743414
#IT 53 KerTime:2.7046006 AccTime:145.0789420
#IT 54 KerTime:2.6609236 AccTime:147.7398656
#IT 55 KerTime:2.7121494 AccTime:150.4520150
#IT 56 KerTime:2.6605418 AccTime:153.1125568
#IT 57 KerTime:2.6644127 AccTime:155.7769695
#IT 58 KerTime:2.6589338 AccTime:158.4359033
#IT 59 KerTime:2.6565971 AccTime:161.0925004
#IT 60 KerTime:2.6981958 AccTime:163.7906962
#IT 61 KerTime:2.6616376 AccTime:166.4523338
#IT 62 KerTime:2.6992752 AccTime:169.1516089
#IT 63 KerTime:2.6584633 AccTime:171.8100723
#IT 64 KerTime:2.7768160 AccTime:174.5868883
#IT 65 KerTime:2.6605943 AccTime:177.2474825
#IT 66 KerTime:2.7325417 AccTime:179.9800243
#ERR  p: [1512, 690], r: -6.1420315820981628e+34, e: -6.1238853618263020e+34
#ERR  p: [1576, 690], r: -2.5329132141206773e+33, e: -3.5313341387250436e+33
#ERR  p: [1591, 692], r: 1.7160818762649616e+34, e: 1.6599351057831732e+34
#SDC Ite:67 KerTime:2.7325417 AccTime:179.9800243 KerErr:3 AccErr:3
#IT 67 KerTime:2.6580393 AccTime:182.6380636
