#HEADER matrix_dim:2048 threads:4 block_size:16 block_offset:12 precision:Float
#BEGIN Y:2023 M:11 D:07 Time:21:45:33
#IT 0 KerTime:2.6471084 AccTime:2.6471084
#IT 1 KerTime:2.7938696 AccTime:5.4409780
#IT 2 KerTime:2.7243123 AccTime:8.1652903
#IT 3 KerTime:2.7072364 AccTime:10.8725268
#IT 4 KerTime:2.6464011 AccTime:13.5189278
#IT 5 KerTime:2.7355608 AccTime:16.2544887
#IT 6 KerTime:2.6485342 AccTime:18.9030228
#IT 7 KerTime:2.6951046 AccTime:21.5981274
#IT 8 KerTime:2.6473043 AccTime:24.2454317
#IT 9 KerTime:2.6771865 AccTime:26.9226183
#IT 10 KerTime:2.6821366 AccTime:29.6047549
#IT 11 KerTime:2.6783408 AccTime:32.2830957
#IT 12 KerTime:2.6481701 AccTime:34.9312658
#IT 13 KerTime:2.6468391 AccTime:37.5781049
#IT 14 KerTime:2.7195872 AccTime:40.2976921
#IT 15 KerTime:2.6869382 AccTime:42.9846303
#IT 16 KerTime:2.7359143 AccTime:45.7205446
#IT 17 KerTime:2.6468639 AccTime:48.3674085
#IT 18 KerTime:2.7796056 AccTime:51.1470142
#IT 19 KerTime:2.6497296 AccTime:53.7967438
#IT 20 KerTime:2.7483713 AccTime:56.5451151
#IT 21 KerTime:2.6461628 AccTime:59.1912779
#IT 22 KerTime:2.7554094 AccTime:61.9466873
#IT 23 KerTime:2.6482830 AccTime:64.5949703
#IT 24 KerTime:2.7217597 AccTime:67.3167300
#IT 25 KerTime:2.6463847 AccTime:69.9631147
#IT 26 KerTime:2.6943024 AccTime:72.6574170
#IT 27 KerTime:2.6486129 AccTime:75.3060300
#IT 28 KerTime:2.7659812 AccTime:78.0720111
#IT 29 KerTime:2.6469896 AccTime:80.7190007
#IT 30 KerTime:2.6862515 AccTime:83.4052522
#IT 31 KerTime:2.6589187 AccTime:86.0641709
#IT 32 KerTime:2.6898830 AccTime:88.7540539
#IT 33 KerTime:2.6460292 AccTime:91.4000830
#IT 34 KerTime:2.6786528 AccTime:94.0787359
#IT 35 KerTime:2.6909221 AccTime:96.7696579
#IT 36 KerTime:2.6493353 AccTime:99.4189932
#IT 37 KerTime:2.6837537 AccTime:102.1027469
#IT 38 KerTime:2.6465862 AccTime:104.7493331
#IT 39 KerTime:2.8024163 AccTime:107.5517493
#ERR  p: [1510, 210], r: 6.8327337897292364e+34, e: -1.6835555897542569e+33
#ERR  p: [1511, 210], r: -5.9503459753591202e+34, e: -3.8131972400378219e+34
#SDC Ite:40 KerTime:2.8024163 AccTime:107.5517493 KerErr:2 AccErr:2
#IT 40 KerTime:2.6778096 AccTime:110.2295590
