#HEADER matrix_dim:2048 threads:4 block_size:16 block_offset:12 precision:Float
#BEGIN Y:2023 M:11 D:10 Time:23:53:13
#IT 0 KerTime:2.6825418 AccTime:2.6825418
#IT 1 KerTime:2.6720450 AccTime:5.3545868
#IT 2 KerTime:2.6950189 AccTime:8.0496057
#IT 3 KerTime:2.6703739 AccTime:10.7199795
#IT 4 KerTime:2.6578857 AccTime:13.3778652
#IT 5 KerTime:2.6688293 AccTime:16.0466945
#IT 6 KerTime:2.6473695 AccTime:18.6940640
#IT 7 KerTime:2.6686365 AccTime:21.3627005
#IT 8 KerTime:2.6511879 AccTime:24.0138884
#IT 9 KerTime:2.6443656 AccTime:26.6582540
#IT 10 KerTime:2.6885237 AccTime:29.3467777
#IT 11 KerTime:2.7161702 AccTime:32.0629479
#IT 12 KerTime:2.6972806 AccTime:34.7602285
#IT 13 KerTime:2.6445036 AccTime:37.4047321
#IT 14 KerTime:2.7177218 AccTime:40.1224539
#IT 15 KerTime:2.6482243 AccTime:42.7706782
#IT 16 KerTime:2.6808126 AccTime:45.4514908
#IT 17 KerTime:2.6437593 AccTime:48.0952501
#IT 18 KerTime:2.7124633 AccTime:50.8077134
#IT 19 KerTime:2.6470546 AccTime:53.4547680
#IT 20 KerTime:2.7111373 AccTime:56.1659052
#IT 21 KerTime:2.6435314 AccTime:58.8094366
#IT 22 KerTime:2.7067715 AccTime:61.5162081
#IT 23 KerTime:2.6479154 AccTime:64.1641235
#IT 24 KerTime:2.6971164 AccTime:66.8612399
#IT 25 KerTime:2.6459610 AccTime:69.5072009
#IT 26 KerTime:2.6782496 AccTime:72.1854505
#IT 27 KerTime:2.6469177 AccTime:74.8323683
#ERR  p: [1960, 105], r: 1.1095262907182371e+34, e: 3.2786633966546697e+34
#SDC Ite:28 KerTime:2.6469177 AccTime:74.8323683 KerErr:1 AccErr:1
#IT 28 KerTime:2.6931834 AccTime:77.5255517
#IT 29 KerTime:2.6438909 AccTime:80.1694425
#IT 30 KerTime:2.6903442 AccTime:82.8597868
