#HEADER matrix_dim:2048 threads:4 block_size:16 block_offset:12 precision:Float
#BEGIN Y:2023 M:11 D:07 Time:15:36:12
#IT 0 KerTime:2.6511659 AccTime:2.6511659
#IT 1 KerTime:2.7082661 AccTime:5.3594320
#ERR  p: [0, 400], r: -2.9390409841649299e+34, e: -3.5939372616877210e+34
#ERR  p: [1, 400], r: 8.4336262118967209e+33, e: 3.3074648144326676e+34
#ERR  p: [2, 400], r: -2.5605757270625327e+34, e: -3.7341069840439339e+34
#ERR  p: [3, 400], r: 1.0703447457108312e+34, e: 1.7479720782349805e+34
#ERR  p: [4, 400], r: 1.3884062041243454e+34, e: 3.5559691455068227e+33
#ERR  p: [5, 400], r: -2.3716514074781181e+33, e: -2.2834543693792312e+33
#ERR  p: [6, 400], r: 3.2375780855578488e+33, e: -1.6013018089384762e+34
#ERR  p: [7, 400], r: 1.8377175317350056e+34, e: 5.1527997626114079e+33
#ERR  p: [8, 400], r: 1.3383373478534364e+34, e: -5.5318805235013378e+33
#ERR  p: [9, 400], r: 1.5292840281830295e+34, e: 9.4957923829440094e+33
#ERR  p: [10, 400], r: 4.7782603847555965e+33, e: 1.2525713764036981e+34
#ERR  p: [11, 400], r: -2.1361140650364637e+34, e: -3.2454343625321636e+34
#ERR  p: [12, 400], r: 1.5522856968769755e+34, e: 3.0807149893598804e+33
#ERR  p: [13, 400], r: -7.9077319520477414e+33, e: -1.6650648817179640e+34
#ERR  p: [14, 400], r: -8.2116864647435790e+32, e: -7.8583839482617083e+33
#ERR  p: [15, 400], r: 1.3374815599042784e+34, e: 1.2852611638450914e+34
#ERR  p: [16, 400], r: 4.6428916414597402e+34, e: 4.3507169947957304e+34
#ERR  p: [17, 400], r: -3.2183301605480259e+34, e: 1.1890082309405549e+34
#ERR  p: [18, 400], r: 6.6951789681180061e+33, e: 1.5256023945061948e+34
#ERR  p: [19, 400], r: -6.1138249945090415e+33, e: -1.5857617000373189e+34
#ERR  p: [20, 400], r: -4.8577123049319617e+33, e: 4.5325627113385092e+30
#ERR  p: [21, 400], r: -2.6193120205184983e+34, e: -2.9407216115622637e+34
#ERR  p: [22, 400], r: 1.1260537805947283e+33, e: -3.3607515720416950e+33
#ERR  p: [23, 400], r: -1.3284856972267994e+34, e: 5.5904103285587506e+33
#ERR  p: [24, 400], r: 2.3864762965215782e+34, e: 4.1404825896840514e+34
#ERR  p: [25, 400], r: 4.6831722296340236e+34, e: 5.5739607051107304e+34
#ERR  p: [26, 400], r: -5.0948412668821254e+34, e: -5.6886459462302066e+34
#ERR  p: [27, 400], r: 3.1502006256619708e+34, e: 2.2691970758437835e+34
#ERR  p: [28, 400], r: 1.5083677932792637e+34, e: 1.5226492885424795e+34
#ERR  p: [29, 400], r: -2.9207793878814077e+34, e: -5.0233220045804989e+34
#ERR  p: [30, 400], r: -2.5849866976457021e+33, e: -1.6624134617418225e+34
#ERR  p: [31, 400], r: 3.4900899380241805e+34, e: 6.4341096694391083e+34
#ERR  p: [32, 400], r: 1.1411383894584305e+33, e: 2.0667848424583370e+34
#ERR  p: [33, 400], r: -2.0499773305449594e+34, e: -1.6085443771383153e+34
#ERR  p: [34, 400], r: 2.7017070812412625e+34, e: 3.3781601038441457e+34
#ERR  p: [35, 400], r: 3.8090375139178151e+34, e: 2.2179765639543273e+34
#ERR  p: [36, 400], r: 1.0581983256333709e+34, e: 1.0700829213925224e+34
#ERR  p: [37, 400], r: 3.3419515956350876e+33, e: -9.1108029342465704e+33
#ERR  p: [38, 400], r: 1.5401389054175034e+34, e: 2.0014804105359350e+34
#ERR  p: [39, 400], r: 1.2822100130302648e+34, e: 8.2120776537959932e+33
#ERR  p: [40, 400], r: 8.7347910267140290e+33, e: 2.0815763690177384e+34
#ERR  p: [41, 400], r: 8.9927876344214165e+33, e: 3.7777232016540718e+33
#ERR  p: [42, 400], r: -1.3264963275836678e+34, e: -5.4491882333751412e+34
#ERR  p: [43, 400], r: -1.1092458972993389e+34, e: -4.6677457636284727e+32
#ERR  p: [44, 400], r: -2.6366355058402500e+34, e: -3.9044992793432444e+34
#ERR  p: [45, 400], r: -2.0896291689732898e+34, e: -3.2084102994252243e+34
#ERR  p: [46, 400], r: -2.4884827723982005e+33, e: -2.3439840046731076e+34
#ERR  p: [47, 400], r: -9.7185609309534528e+33, e: -1.9474723052660160e+34
#ERR  p: [48, 400], r: -1.5500236090431893e+34, e: -1.7505200064238377e+34
#ERR  p: [49, 400], r: -1.6538301735309364e+33, e: -9.5754216380310022e+33
#ERR  p: [50, 400], r: 2.7261685288295337e+34, e: 3.4990234085236795e+34
#ERR  p: [51, 400], r: 1.8665097887567128e+34, e: 4.1435633272658170e+34
#ERR  p: [52, 400], r: -1.1308458464868020e+34, e: -5.9422087478928896e+33
#ERR  p: [53, 400], r: -1.5699221334406586e+34, e: -6.1756545287411694e+33
#ERR  p: [54, 400], r: 5.3826140463544441e+33, e: 1.6441970502697342e+34
#ERR  p: [55, 400], r: 6.1771716242593137e+33, e: -8.5932220607314118e+33
#ERR  p: [56, 400], r: -1.3737130937980672e+34, e: -2.2804138029517404e+34
#ERR  p: [57, 400], r: -3.2694870423194629e+34, e: -3.0628857436350786e+34
#ERR  p: [58, 400], r: 2.1227621389487473e+34, e: 2.5666646589397618e+34
#ERR  p: [59, 400], r: -2.7983562787523743e+34, e: -2.2439755330713910e+34
#ERR  p: [60, 400], r: 1.3433430821962908e+34, e: 1.5361826966399552e+34
#ERR  p: [61, 400], r: -2.4406807390817279e+34, e: -2.2229082694828324e+34
#ERR  p: [62, 400], r: 3.8591639344005509e+34, e: 3.2631322009217953e+34
#ERR  p: [63, 400], r: -1.3249583108788597e+34, e: -2.9049716363437569e+34
#ERR  p: [64, 400], r: 1.5063868416283993e+34, e: -2.2068139657745881e+33
#ERR  p: [65, 400], r: -2.5022553814597670e+34, e: -1.5956878746543209e+34
#ERR  p: [66, 400], r: -2.3531831371050372e+34, e: -2.8747532723967929e+34
#ERR  p: [67, 400], r: 1.7814879430645890e+34, e: 2.5725064979851495e+34
#ERR  p: [68, 400], r: -2.6549916807427737e+34, e: -2.1406251185396196e+34
#ERR  p: [69, 400], r: -1.4536144481056949e+34, e: -7.8788037692097206e+33
#ERR  p: [70, 400], r: 5.3869208397511180e+33, e: -7.3637402467644489e+33
#ERR  p: [71, 400], r: -2.5458291377265574e+34, e: -1.6462020179573608e+34
#ERR  p: [72, 400], r: -1.6109047574112207e+33, e: -5.6345596031498047e+33
#ERR  p: [73, 400], r: 2.9188959859056389e+34, e: 1.9565059251146932e+34
#ERR  p: [74, 400], r: 2.8059780279862465e+33, e: 2.2286944012264522e+34
#ERR  p: [75, 400], r: -1.5860945821138828e+34, e: -1.2347079016368101e+34
#ERR  p: [76, 400], r: 2.8771103102315923e+34, e: 4.0543620722070618e+34
#ERR  p: [77, 400], r: -4.5889304541173101e+33, e: 1.7987294767557400e+34
#ERR  p: [78, 400], r: 9.4264881667546763e+33, e: 1.2171021659861013e+34
#ERR  p: [79, 400], r: -2.4633538584892475e+34, e: -3.0588805124319747e+34
#ERR  p: [80, 400], r: 2.2511803441000319e+34, e: 1.9791774352001617e+34
#ERR  p: [81, 400], r: -1.0235225728839540e+34, e: 1.1748385216628866e+34
#ERR  p: [82, 400], r: 9.0946478167338962e+33, e: 3.1935656652381376e+34
#ERR  p: [83, 400], r: 1.5152560939883604e+33, e: 2.3959114731704986e+33
#ERR  p: [84, 400], r: 7.3334131916820356e+33, e: 7.0339146441576057e+33
#ERR  p: [85, 400], r: 1.5739058244870789e+33, e: -3.1839854948621159e+33
#ERR  p: [86, 400], r: 1.8326120194249848e+34, e: 1.4253381644923619e+34
#ERR  p: [87, 400], r: 2.9984427941860153e+34, e: 1.4393377808086324e+34
#ERR  p: [88, 400], r: -4.0907793590037454e+33, e: 6.1461209932239381e+33
#ERR  p: [89, 400], r: 2.8402823368268758e+34, e: 3.9722955607707239e+34
#ERR  p: [90, 400], r: 9.0744248282521302e+33, e: -8.6954672423961092e+33
#ERR  p: [91, 400], r: -1.1817152785811169e+34, e: -2.0460634593167547e+34
#ERR  p: [92, 400], r: -5.6451687492864804e+33, e: -3.4197870756051559e+34
#ERR  p: [93, 400], r: 1.1973019340277512e+34, e: 9.6036553365069838e+33
#ERR  p: [94, 400], r: 3.3891772750177698e+34, e: 3.4121158087697122e+34
#ERR  p: [95, 400], r: 2.9590168798148545e+34, e: 2.6828834601799047e+34
#ERR  p: [96, 400], r: -2.0339034218988623e+34, e: -1.8700204629141222e+34
#ERR  p: [97, 400], r: 3.2615221361067007e+34, e: 2.2284745430754752e+34
#ERR  p: [98, 400], r: -1.2244294092846275e+34, e: 1.6724052471809066e+34
#ERR  p: [99, 400], r: 4.3168368042125603e+33, e: 8.1840240755957276e+33
#ERR  p: [100, 400], r: 6.0149649598817699e+33, e: 1.1456331640500698e+34
#ERR  p: [101, 400], r: -3.8205028193856606e+34, e: -6.4764987170883026e+34
#ERR  p: [102, 400], r: 2.7996846503115294e+33, e: 4.5859033812362475e+33
#ERR  p: [103, 400], r: -1.3516033609024264e+34, e: -1.4736065607701342e+34
#ERR  p: [104, 400], r: -1.2587293853351193e+34, e: -1.2277895499332598e+34
#ERR  p: [105, 400], r: -1.0389981232120625e+34, e: -1.8749286475818809e+34
#ERR  p: [106, 400], r: 9.2053382253465984e+33, e: 1.4221357374047345e+34
#ERR  p: [107, 400], r: 2.9202725752293242e+34, e: 2.2125531486422180e+34
#ERR  p: [108, 400], r: -1.9267862034155533e+34, e: -1.9669587194244071e+34
#ERR  p: [109, 400], r: 4.0228037619615753e+33, e: 1.0893784451968557e+34
#ERR  p: [110, 400], r: -3.8859338925740815e+34, e: -2.8863292497041505e+34
#ERR  p: [111, 400], r: 1.1388211513958942e+34, e: 5.6049932622215323e+33
#ERR  p: [112, 400], r: -1.7901550088676338e+34, e: -2.7361592001225825e+34
#ERR  p: [113, 400], r: -2.9160521900473925e+34, e: -4.4662618614784864e+34
#ERR  p: [114, 400], r: -1.8807246828458151e+34, e: -1.1187621899693335e+34
#ERR  p: [115, 400], r: 4.4252251395282075e+34, e: 2.2862053816315332e+34
#ERR  p: [116, 400], r: 1.4950912577399398e+34, e: 1.2612898167183733e+34
#ERR  p: [117, 400], r: -1.4742136465653997e+34, e: -3.5761975809247615e+34
#ERR  p: [118, 400], r: -2.3485217976811121e+34, e: -6.0281997768417699e+33
#ERR  p: [119, 400], r: 7.6157483195317934e+32, e: -2.8234763104415453e+33
#ERR  p: [120, 400], r: 1.2534482093335239e+34, e: 1.0183896402020631e+34
#ERR  p: [121, 400], r: 1.5058577460556087e+34, e: 1.5751476021404861e+34
#ERR  p: [122, 400], r: -8.1910865235198507e+33, e: 2.1203112652589701e+34
#ERR  p: [123, 400], r: -1.2136642827030018e+34, e: -4.0294643745489464e+34
#ERR  p: [124, 400], r: -3.0617361306175962e+33, e: -3.0400048978889669e+34
#ERR  p: [125, 400], r: 1.0725191873898360e+34, e: -4.9051145764612480e+33
#ERR  p: [126, 400], r: -1.1898235382504283e+34, e: -5.1413469603379592e+33
#ERR  p: [127, 400], r: -6.5640866886878611e+33, e: -2.5245311221146760e+32
#ERR  p: [128, 400], r: 3.6872923007542944e+34, e: 4.6806597065302900e+34
#ERR  p: [129, 400], r: 9.2084866163515110e+31, e: 1.6420836390346662e+34
#ERR  p: [130, 400], r: 1.5721043741419108e+34, e: 1.5175439000264627e+34
#ERR  p: [131, 400], r: 7.1567054524268079e+32, e: -1.3484981121078829e+34
#ERR  p: [132, 400], r: 1.7688141605303931e+34, e: -1.3580552567991739e+34
#ERR  p: [133, 400], r: 1.8590226036051109e+34, e: 1.1697983725869401e+34
#ERR  p: [134, 400], r: -9.6513896854518084e+33, e: -1.1442981695117045e+34
#ERR  p: [135, 400], r: 6.9399754211864936e+33, e: 3.0991143064727731e+34
#ERR  p: [136, 400], r: 3.2506866945308436e+34, e: 2.4116968489419393e+34
#ERR  p: [137, 400], r: 1.4659079354598223e+34, e: 2.1722656280037146e+34
#ERR  p: [138, 400], r: 6.1457483732721132e+33, e: 1.3624245661678317e+34
#ERR  p: [139, 400], r: -2.6139676476778974e+32, e: -5.7174898253515520e+33
#ERR  p: [140, 400], r: 1.6027578740126836e+33, e: 8.7890288936552393e+33
#ERR  p: [141, 400], r: 2.8852297113612572e+32, e: -3.3231231466075766e+32
#ERR  p: [142, 400], r: -3.7350002815762823e+34, e: -3.8816305654095177e+34
#ERR  p: [143, 400], r: 1.8365813813154505e+33, e: 6.2366088393655226e+33
#ERR  p: [144, 400], r: -2.4650381997066992e+34, e: -2.4562968575012973e+34
#ERR  p: [145, 400], r: -1.2233506683343942e+34, e: -9.5838055869470624e+33
#ERR  p: [146, 400], r: -7.1541904224944947e+33, e: -1.5909648858164393e+34
#ERR  p: [147, 400], r: 1.9239680329161202e+34, e: 3.4310666900671085e+34
#ERR  p: [148, 400], r: -2.8178632427154176e+34, e: -2.3887907492190262e+34
#ERR  p: [149, 400], r: -7.9781107001911742e+33, e: -3.1039681455728072e+33
#ERR  p: [150, 400], r: 1.9831941792456310e+34, e: 5.6346091207513761e+33
#ERR  p: [151, 400], r: -2.2654258153081045e+34, e: -4.2079320003125232e+34
#ERR  p: [152, 400], r: -3.5205591086231037e+34, e: -3.5047949325748358e+34
#ERR  p: [153, 400], r: 1.3924141587955357e+34, e: 2.8819275063064635e+33
#ERR  p: [154, 400], r: 4.7502748932574915e+33, e: -9.3214551441215082e+33
#ERR  p: [155, 400], r: 2.5478851085438026e+34, e: -6.2022974742666694e+33
#ERR  p: [156, 400], r: -2.2460022885037090e+34, e: -4.6336179850374455e+34
#ERR  p: [157, 400], r: 8.7139465923325417e+32, e: -2.8714211091930485e+33
#ERR  p: [158, 400], r: -3.8165855438223479e+33, e: 1.2710796941370499e+34
#ERR  p: [159, 400], r: -1.4263022721949573e+34, e: -5.1921009545236107e+33
#ERR  p: [160, 400], r: 1.5111503111055655e+34, e: 7.8249806121816709e+33
#ERR  p: [161, 400], r: 2.7570366875031186e+33, e: -1.5096489374259202e+34
#ERR  p: [162, 400], r: -5.8852888838565674e+33, e: 1.4996240989877872e+34
#ERR  p: [163, 400], r: 8.9505410736707440e+33, e: 2.2040470150442803e+34
#ERR  p: [164, 400], r: 1.0268213736036397e+34, e: 3.1304609908685438e+33
#ERR  p: [165, 400], r: 8.1319365105027559e+33, e: 2.5203468847818914e+33
#ERR  p: [166, 400], r: 2.3537866947711908e+33, e: 1.1040028498509536e+34
#ERR  p: [167, 400], r: 1.4360750660410918e+34, e: -5.8111616532741785e+33
#ERR  p: [168, 400], r: 1.9621920313031388e+34, e: 2.0842849818236948e+34
#ERR  p: [169, 400], r: 2.5524152263235635e+34, e: 3.1720903766126306e+34
#ERR  p: [170, 400], r: 1.5893551923833565e+34, e: 1.3963167647693829e+34
#ERR  p: [171, 400], r: -1.5488133988607839e+33, e: -1.4908930316847113e+34
#ERR  p: [172, 400], r: -4.6263728790605259e+33, e: -4.3624613938454328e+33
#ERR  p: [173, 400], r: -3.7008582666748033e+33, e: -7.0807304415932806e+33
#ERR  p: [174, 400], r: 1.6236785655005908e+34, e: -5.2354031686427839e+33
#ERR  p: [175, 400], r: -1.7983808728406773e+33, e: -2.7080770874044113e+33
#ERR  p: [176, 400], r: -1.0801513353200382e+34, e: -2.6369917849835564e+34
#ERR  p: [177, 400], r: -1.8914250651633861e+34, e: -3.3940819934534185e+34
#ERR  p: [178, 400], r: 1.4588652945763278e+34, e: 2.1346240804051798e+34
#ERR  p: [179, 400], r: 3.5125081655776112e+33, e: 9.8297706554126353e+33
#ERR  p: [180, 400], r: -3.1964262970809183e+34, e: -2.8193150987934915e+34
#ERR  p: [181, 400], r: -4.4766506542881693e+34, e: -5.6882151430965353e+34
#ERR  p: [182, 400], r: 1.9067935955750984e+34, e: 1.6130060368339037e+34
#ERR  p: [183, 400], r: 2.3254745418452194e+33, e: -1.2288832699579684e+34
#ERR  p: [184, 400], r: 1.6059536162240988e+33, e: 7.6791184701428120e+32
#ERR  p: [185, 400], r: 2.6893878447343179e+34, e: 1.6514488411228660e+33
#ERR  p: [186, 400], r: 5.8253051182230140e+33, e: 4.7970699551975084e+33
#ERR  p: [187, 400], r: -1.1428740432905106e+34, e: -3.1674055163279590e+34
#ERR  p: [188, 400], r: -2.5747815841893482e+33, e: -1.1459740927368890e+34
#ERR  p: [189, 400], r: 1.3458037356123783e+34, e: 3.4371301203795283e+34
#ERR  p: [190, 400], r: -1.6421283286700844e+34, e: -2.1043264882957015e+34
#ERR  p: [191, 400], r: -3.9880083623073615e+32, e: -4.9013162669357106e+33
#ERR  p: [192, 400], r: -2.6628684456247387e+34, e: -1.5585962200212366e+34
#ERR  p: [193, 400], r: -4.7293464027473368e+34, e: -3.9692388392257205e+34
#ERR  p: [194, 400], r: 4.4022453823729569e+33, e: -2.4272359984395661e+33
#ERR  p: [195, 400], r: -1.7946191444433008e+34, e: -5.8779556984458526e+34
#ERR  p: [196, 400], r: 3.9639601391042037e+33, e: 1.3455835060793894e+34
#ERR  p: [197, 400], r: -1.0169348749648969e+34, e: -5.4124186907402790e+33
#ERR  p: [198, 400], r: -4.1366454707382825e+34, e: -5.0393805627701089e+34
#ERR  p: [199, 400], r: -1.7343199516877374e+34, e: -3.6617068036103520e+34
#ERR  p: [200, 400], r: -3.0184614606642972e+32, e: 7.6089365544656256e+33
#ERR  p: [201, 400], r: -1.3271326906608625e+33, e: -3.6345579119907961e+33
#ERR  p: [202, 400], r: -1.8296357639825349e+34, e: -1.5135621896841052e+34
#ERR  p: [203, 400], r: 2.9277356205501601e+34, e: 4.6290123529152882e+34
#ERR  p: [204, 400], r: -1.5167212888703576e+34, e: -1.1877950497020552e+34
#ERR  p: [205, 400], r: -1.0792129767702599e+34, e: -8.6356060328264450e+33
#ERR  p: [206, 400], r: -2.0516450833658847e+34, e: -4.4468331353259259e+34
#ERR  p: [207, 400], r: 7.3883232600645780e+33, e: -4.9790468314874495e+33
#ERR  p: [208, 400], r: -2.7307840644720053e+34, e: -3.9762757855850343e+34
#ERR  p: [209, 400], r: 2.6528470734187157e+34, e: 1.5987433582592851e+34
#ERR  p: [210, 400], r: 3.1646426817482819e+34, e: 3.4042229506672365e+34
#ERR  p: [211, 400], r: -6.8857790252365993e+33, e: -3.3887729638009392e+34
#ERR  p: [212, 400], r: 2.7563943204167334e+34, e: 1.7027876381830759e+34
#ERR  p: [213, 400], r: 7.5162321766837006e+33, e: 4.5643301096566310e+33
#ERR  p: [214, 400], r: -2.7533373512837221e+34, e: -2.2262863602620343e+34
#ERR  p: [215, 400], r: -2.4732445042271220e+33, e: 1.7283613748966451e+34
#ERR  p: [216, 400], r: 1.6140283277183456e+34, e: 3.1227896621360981e+34
#ERR  p: [217, 400], r: 4.9337023257884653e+33, e: -4.0763555006360118e+32
#ERR  p: [218, 400], r: 2.3769815440082672e+34, e: 2.8747933816540658e+34
#ERR  p: [219, 400], r: -1.9422865744414495e+34, e: -3.2316083054094009e+34
#ERR  p: [220, 400], r: -1.0891984487151436e+33, e: -2.6524509326061443e+34
#ERR  p: [221, 400], r: -2.0932628324736022e+33, e: -1.2190215920170132e+34
#ERR  p: [222, 400], r: -3.4171298373108298e+33, e: 6.8034782955448286e+33
#ERR  p: [223, 400], r: -3.8357451418103677e+33, e: -2.9539192903210851e+33
#ERR  p: [224, 400], r: -1.1745031637062442e+34, e: 7.4661432657841552e+33
#ERR  p: [225, 400], r: -8.5573131340118608e+32, e: -1.1760156788462431e+34
#ERR  p: [226, 400], r: 2.8574747861954692e+33, e: 2.7306451675995975e+34
#ERR  p: [227, 400], r: 6.2255497020245667e+33, e: 7.3063858657743376e+33
#ERR  p: [228, 400], r: 1.8126732619762388e+34, e: 1.6234783905962384e+34
#ERR  p: [229, 400], r: 2.7773665102102749e+34, e: 1.6814714248526170e+34
#ERR  p: [230, 400], r: -3.5358880249535588e+34, e: -4.5426655399991172e+34
#ERR  p: [231, 400], r: -1.5100141916345113e+33, e: -2.0055297124044375e+33
#ERR  p: [232, 400], r: 1.3090450868498618e+34, e: 6.7321662953542796e+32
#ERR  p: [233, 400], r: -4.0263076274487687e+34, e: -1.8601735164596345e+34
#ERR  p: [234, 400], r: 1.5001314068158863e+34, e: 5.6425638758558161e+34
#ERR  p: [235, 400], r: -3.8183254685475635e+33, e: -4.1781271702356825e+33
#ERR  p: [236, 400], r: -2.4933939590705544e+34, e: -8.9085352922577124e+33
#ERR  p: [237, 400], r: -9.9688662171967603e+33, e: -1.6785181950948978e+34
#ERR  p: [238, 400], r: 5.4050226179755684e+33, e: -8.1528663627469538e+33
#ERR  p: [239, 400], r: -2.4737802227791227e+33, e: -1.5162738354431579e+33
#ERR  p: [240, 400], r: -1.4999899102693960e+34, e: -3.6554648623442673e+34
#ERR  p: [241, 400], r: -6.7249928970541355e+33, e: -3.5123740966713566e+34
#ERR  p: [242, 400], r: 2.7657340828371259e+34, e: -9.8947984077362571e+33
#ERR  p: [243, 400], r: -1.8960651120186356e+34, e: 5.9546017656261755e+33
#ERR  p: [244, 400], r: 3.6431924199708077e+34, e: 2.4160647965765538e+34
#ERR  p: [245, 400], r: -1.0452121179817604e+33, e: 2.4262763163726111e+34
#ERR  p: [246, 400], r: 1.1740493348878422e+34, e: 1.5948434138565224e+33
#ERR  p: [247, 400], r: -4.9381722177853149e+33, e: -1.2275368863712417e+34
#ERR  p: [248, 400], r: 1.0446171330503789e+34, e: 1.3469969860162455e+34
#ERR  p: [249, 400], r: -1.0830323931734671e+34, e: -1.8311480315345259e+34
#ERR  p: [250, 400], r: 3.9116714087548482e+34, e: 2.5302070771947995e+34
#ERR  p: [251, 400], r: 3.0598376876703501e+34, e: 4.0534796685470592e+34
#ERR  p: [252, 400], r: -1.8261373454315144e+34, e: -1.4455690757903793e+34
#ERR  p: [253, 400], r: 2.2209164239596222e+34, e: -1.8549200703149192e+32
#ERR  p: [254, 400], r: 1.9824437399938162e+34, e: 3.9058983991756447e+34
#ERR  p: [255, 400], r: -1.0461721095337252e+34, e: 1.6406487427351305e+34
#ERR  p: [256, 400], r: 4.3663284090431505e+34, e: 3.7108735729746338e+34
#ERR  p: [257, 400], r: -2.3132206995208502e+34, e: -4.5645166672205513e+34
#ERR  p: [258, 400], r: -2.1396872551658570e+34, e: -4.9311583590077338e+34
#ERR  p: [259, 400], r: -6.2034958002246977e+33, e: -8.3474637282523995e+33
#ERR  p: [260, 400], r: 1.2657506717529362e+33, e: 1.4699496858940852e+34
#ERR  p: [261, 400], r: -2.0651554657786296e+34, e: -2.3059411169138364e+34
#ERR  p: [262, 400], r: -1.6848807117208090e+34, e: -5.4250226534562591e+34
#ERR  p: [263, 400], r: 7.8081235826667218e+33, e: 6.2114545167372634e+33
#ERR  p: [264, 400], r: 2.5149351061061514e+34, e: 2.3207939215051824e+34
#ERR  p: [265, 400], r: 1.3604522800972422e+34, e: 1.7414020828584851e+34
#ERR  p: [266, 400], r: -1.5374210080612523e+34, e: -2.5857774627942966e+34
#ERR  p: [267, 400], r: 1.7823908965292437e+34, e: 1.1421491056035050e+34
#ERR  p: [268, 400], r: 1.1097838441434104e+32, e: 3.3788434467458312e+33
#ERR  p: [269, 400], r: -2.1705599942175872e+34, e: -4.3114435946374096e+34
#ERR  p: [270, 400], r: -2.7706738349758864e+33, e: 1.0395475210014974e+34
#ERR  p: [271, 400], r: 8.9198543970069183e+33, e: -7.3877463800062710e+33
#ERR  p: [272, 400], r: 1.9909007273721943e+34, e: 1.5586675253674995e+34
#ERR  p: [273, 400], r: 2.8425019633173145e+34, e: 2.2643314763133762e+34
#ERR  p: [274, 400], r: 2.5661444765352541e+34, e: 2.9176340298295914e+34
#ERR  p: [275, 400], r: -2.3172767481625667e+33, e: -2.4698612140997550e+34
#ERR  p: [276, 400], r: 1.3096344701025656e+34, e: 2.2109678426279092e+34
#ERR  p: [277, 400], r: -4.9901431070295840e+33, e: 1.3057464718211820e+34
#ERR  p: [278, 400], r: 6.3296938837095279e+34, e: 2.5532104790048004e+34
#ERR  p: [279, 400], r: -1.9088369394039428e+34, e: -2.7237614782171472e+34
#ERR  p: [280, 400], r: -1.9459771212865671e+34, e: 7.6613045129774954e+32
#ERR  p: [281, 400], r: 5.9044286748039587e+33, e: 1.8370086872685108e+34
#ERR  p: [282, 400], r: -1.9116350552747396e+33, e: 1.2154944532570813e+34
#ERR  p: [283, 400], r: 5.7942934822988759e+33, e: -3.3006638194448416e+32
#ERR  p: [284, 400], r: 6.5470136386360568e+33, e: 4.7367609208186327e+33
#ERR  p: [285, 400], r: -3.9718669859291233e+34, e: -3.4520646290134672e+34
#ERR  p: [286, 400], r: -2.7439049909483911e+34, e: -4.5094570556812633e+34
#ERR  p: [287, 400], r: -1.3022489198281890e+34, e: -7.3708107412988273e+33
#ERR  p: [288, 400], r: -4.2453674308945170e+33, e: -3.0914290509148855e+33
#ERR  p: [289, 400], r: 3.0244850912044540e+34, e: 4.1884532613823756e+34
#ERR  p: [290, 400], r: 3.7295496315833087e+34, e: 4.7007792032247717e+34
#ERR  p: [291, 400], r: 3.5826566568737369e+34, e: 6.8440861950654991e+34
#ERR  p: [292, 400], r: 3.0171007788701167e+34, e: 3.9707639813541201e+34
#ERR  p: [293, 400], r: -1.0905179690030179e+34, e: -2.4767486173023232e+34
#ERR  p: [294, 400], r: 1.2311516712859550e+34, e: 6.3642076520048043e+33
#ERR  p: [295, 400], r: -2.4187966826552488e+34, e: -1.7187534746637434e+34
#ERR  p: [296, 400], r: -2.3939044319333062e+34, e: -5.9823142913456180e+32
#ERR  p: [297, 400], r: 8.4478216703272064e+33, e: -6.2672651864983858e+33
#ERR  p: [298, 400], r: 1.5690129902758074e+34, e: 1.3605349744918665e+34
#ERR  p: [299, 400], r: 2.5532154307649575e+34, e: 1.9225658182336216e+34
#ERR  p: [300, 400], r: -2.4576090739429398e+34, e: -1.2238250469574484e+34
#ERR  p: [301, 400], r: -2.2232766804385237e+34, e: -1.9672691947862599e+34
#ERR  p: [302, 400], r: 1.8212810304514018e+34, e: 2.4693234529466895e+34
#ERR  p: [303, 400], r: -1.7240144722426984e+34, e: -1.5403946638296197e+34
#ERR  p: [304, 400], r: 2.2034060096919384e+34, e: 2.1726179457388952e+34
#ERR  p: [305, 400], r: -1.6177220932075653e+34, e: -9.2850665156367341e+33
#ERR  p: [306, 400], r: 4.0098125097043047e+33, e: -2.5279741428489385e+33
#ERR  p: [307, 400], r: -8.3006070787954283e+33, e: -2.9108303113736789e+34
#ERR  p: [308, 400], r: 5.8948606362403220e+33, e: -3.8260440246925079e+32
#ERR  p: [309, 400], r: 7.1544992885342964e+33, e: -1.3321844144761763e+34
#ERR  p: [310, 400], r: -2.1656035298882964e+34, e: -3.7024466675392103e+34
#ERR  p: [311, 400], r: 1.9149108922066965e+34, e: 2.5863347833999829e+34
#ERR  p: [312, 400], r: 1.7919924832679451e+34, e: 2.7983280537194785e+34
#ERR  p: [313, 400], r: 1.3801536006464533e+34, e: 1.0744568111393255e+34
#ERR  p: [314, 400], r: -1.5481711555684026e+34, e: -1.5036208503016220e+33
#ERR  p: [315, 400], r: -2.9891154111660156e+34, e: -2.5998206545999500e+34
#ERR  p: [316, 400], r: 6.2211280277922472e+34, e: 5.2916994822813180e+34
#ERR  p: [317, 400], r: -4.8929233429543655e+34, e: -8.4332823121538075e+34
#ERR  p: [318, 400], r: 3.3465332117204828e+34, e: 1.3533223644409781e+34
#ERR  p: [319, 400], r: 1.1210538645700586e+34, e: 1.7585798626376130e+34
#ERR  p: [320, 400], r: -2.1540899447589188e+32, e: -2.4195513309031972e+34
#ERR  p: [321, 400], r: -1.2251971796969923e+34, e: -1.8865083387093564e+34
#ERR  p: [322, 400], r: 5.0771938126520926e+33, e: -3.9783338609003462e+32
#ERR  p: [323, 400], r: -6.1843040157956564e+33, e: -5.9676347983597720e+33
#ERR  p: [324, 400], r: 2.9018868135598617e+33, e: 4.3612280960812947e+33
#ERR  p: [325, 400], r: -7.9634466814558192e+33, e: -2.3442786344024575e+34
#ERR  p: [326, 400], r: 2.1235405556454499e+34, e: -1.7150342385582154e+33
#ERR  p: [327, 400], r: 6.6863864989889816e+32, e: -1.1700290008162590e+34
#ERR  p: [328, 400], r: 1.3123486536386988e+34, e: 2.4807278517646021e+34
#ERR  p: [329, 400], r: 1.8847684139841408e+34, e: -3.3945538342993921e+33
#ERR  p: [330, 400], r: -2.3055353201689587e+34, e: -1.1119530245772482e+34
#ERR  p: [331, 400], r: 2.0693427979615124e+34, e: 2.9725307284597094e+34
#ERR  p: [332, 400], r: -2.1756924936204644e+34, e: -4.6182358372853011e+34
#ERR  p: [333, 400], r: 3.4201429833664504e+33, e: 7.2510877031894793e+33
#ERR  p: [334, 400], r: -2.5105530459550891e+34, e: -2.6306978502358216e+34
#ERR  p: [335, 400], r: 2.7731213662275575e+34, e: 6.8315820103166853e+34
#ERR  p: [336, 400], r: 1.8686774217655015e+34, e: 5.1931614358582645e+34
#ERR  p: [337, 400], r: -4.5897936078097018e+33, e: -2.9119689686218136e+34
#ERR  p: [338, 400], r: -7.6638973783897786e+33, e: -2.5943551183780040e+33
#ERR  p: [339, 400], r: 4.2036140654554958e+34, e: 2.1516031708080023e+34
#ERR  p: [340, 400], r: -1.0637576667617937e+34, e: -3.1609038552416322e+34
#ERR  p: [341, 400], r: 2.2576414007530701e+34, e: 3.5575566798132023e+34
#ERR  p: [342, 400], r: -1.0406930952396016e+33, e: -3.6664552940130429e+33
#ERR  p: [343, 400], r: -1.4480759043699321e+34, e: -1.7115780028140336e+34
#ERR  p: [344, 400], r: 5.6125805967223124e+33, e: 2.6893238432342869e+33
#ERR  p: [345, 400], r: 5.2153782505673035e+33, e: -2.4479105564991624e+34
#ERR  p: [346, 400], r: 4.4054953463580928e+34, e: 4.5710133765467210e+34
#ERR  p: [347, 400], r: -8.8380154189498011e+33, e: -5.9765083525613696e+33
#ERR  p: [348, 400], r: 2.7848798158967057e+34, e: 3.1406088186495798e+34
#ERR  p: [349, 400], r: -1.1876467444853488e+34, e: -2.9064997495282508e+34
#ERR  p: [350, 400], r: -1.0296138568472577e+34, e: -1.0283194048451790e+34
#ERR  p: [351, 400], r: -3.0031323586428361e+33, e: -1.0285827146915350e+34
#ERR  p: [352, 400], r: -1.5448768733298603e+34, e: -2.2061287350143426e+34
#ERR  p: [353, 400], r: 1.6709084538794067e+34, e: 2.4384240362871126e+33
#ERR  p: [354, 400], r: -5.0771418191704426e+33, e: -1.1249793724346325e+34
#ERR  p: [355, 400], r: -3.1557620093914584e+33, e: 1.5560599284687487e+34
#ERR  p: [356, 400], r: -9.3886468156338008e+33, e: -1.4229569868267964e+34
#ERR  p: [357, 400], r: -6.0503390965043497e+33, e: 2.7279528337051577e+33
#ERR  p: [358, 400], r: 3.6252623440298061e+34, e: 2.4853164003142173e+34
#ERR  p: [359, 400], r: -2.5288356872192791e+34, e: -1.4765188147125530e+34
#ERR  p: [360, 400], r: -1.0820236577324554e+33, e: -1.6203081499496325e+34
#ERR  p: [361, 400], r: 2.9754903955056329e+34, e: 5.8552979294948202e+34
#ERR  p: [362, 400], r: -2.7277884971649426e+34, e: -2.7127641140841516e+34
#ERR  p: [363, 400], r: 8.7312715631823406e+33, e: 1.7647252445806335e+34
#ERR  p: [364, 400], r: -6.7050546347814052e+33, e: -1.2744095052547197e+34
#ERR  p: [365, 400], r: -2.3388416017499161e+34, e: -1.9884916960557449e+34
#ERR  p: [366, 400], r: 1.0285390154081482e+34, e: 2.1227013560928183e+33
#ERR  p: [367, 400], r: -1.8247899714927562e+34, e: 5.9611715134146630e+33
#ERR  p: [368, 400], r: 4.3713564263067120e+34, e: 6.1276897991550338e+34
#ERR  p: [369, 400], r: -4.8894707281847986e+33, e: -2.5368473875655262e+34
#ERR  p: [370, 400], r: -2.6947025689109779e+34, e: -2.7188471038491921e+34
#ERR  p: [371, 400], r: -2.3054031081727630e+34, e: -4.0655995967076788e+34
#ERR  p: [372, 400], r: 3.8449300998288476e+34, e: 4.3472012450841599e+34
#ERR  p: [373, 400], r: 1.5042778869774727e+34, e: 7.0543666515466395e+33
#ERR  p: [374, 400], r: -5.2111321162325547e+33, e: 2.2575973610361726e+33
#ERR  p: [375, 400], r: 7.3453221748599610e+33, e: -2.6377036005061455e+33
#ERR  p: [376, 400], r: -7.3514759747952486e+33, e: -2.7430064940678778e+34
#ERR  p: [377, 400], r: 2.6039635447354224e+34, e: 1.3533455139197127e+34
#ERR  p: [378, 400], r: 1.6595319087123780e+34, e: -2.9252133177201161e+33
#ERR  p: [379, 400], r: -1.0095387403031844e+34, e: 8.4991454264159390e+33
#ERR  p: [380, 400], r: -1.1736274449224537e+34, e: 8.6126150104168369e+32
#ERR  p: [381, 400], r: -1.4961076065121931e+34, e: -5.9925990971920010e+33
#ERR  p: [382, 400], r: -2.9156592678789233e+34, e: -1.4707247601526818e+34
#ERR  p: [383, 400], r: -2.8232098438480892e+33, e: -2.7630796918048902e+33
#ERR  p: [384, 400], r: -2.4650783089639720e+34, e: -2.8868868178978447e+34
#ERR  p: [385, 400], r: -2.7258535968835395e+34, e: -1.3111570125568827e+34
#ERR  p: [386, 400], r: -4.7417795297378956e+33, e: 2.2151362343281909e+34
#ERR  p: [387, 400], r: -3.0179019736635422e+34, e: -4.4348974126431520e+34
#ERR  p: [388, 400], r: 2.0715629196279668e+34, e: 1.6537390920925459e+34
#ERR  p: [389, 400], r: 2.4252155255529474e+33, e: -6.0513944403878405e+33
#ERR  p: [390, 400], r: -3.2912381439857227e+33, e: 6.1271415155116343e+33
#ERR  p: [391, 400], r: 3.0676370812998598e+33, e: -5.0006724060337258e+33
#ERR  p: [392, 400], r: 4.5334416487664018e+33, e: 2.7092070171752690e+34
#ERR  p: [393, 400], r: -4.7835855076285865e+34, e: -4.5722379468335821e+34
#ERR  p: [394, 400], r: 6.3452287932625201e+33, e: -1.7664716065940534e+34
#ERR  p: [395, 400], r: 7.0476808468794690e+32, e: 3.3051402106268975e+33
#ERR  p: [396, 400], r: -3.4501104168674513e+33, e: -2.3377066583218993e+34
#ERR  p: [397, 400], r: 2.2379965302696504e+34, e: 2.7492036219045404e+34
#ERR  p: [398, 400], r: -7.9068647750502220e+33, e: -1.7329366774878399e+34
#ERR  p: [399, 400], r: -7.0929482908110077e+33, e: -1.7760292464613601e+32
#ERR  p: [400, 400], r: 1.2268074921000947e+34, e: 1.9130765126564835e+34
#ERR  p: [401, 400], r: 1.8379302717307568e+33, e: -1.6326081983859681e+34
#ERR  p: [402, 400], r: 1.0593092530246256e+34, e: 1.1497923949940608e+34
#ERR  p: [403, 400], r: 4.5747356146568443e+33, e: 1.3890686258393670e+34
#ERR  p: [404, 400], r: -4.7887298912558408e+34, e: -5.2361749004632744e+34
#ERR  p: [405, 400], r: 2.2144519010744739e+34, e: 2.3664635102584829e+34
#ERR  p: [406, 400], r: 8.0216379099124875e+32, e: -5.3213923406816053e+33
#ERR  p: [407, 400], r: 2.5240369364509933e+34, e: 2.3265557896240323e+34
#ERR  p: [408, 400], r: -3.5845209945729007e+34, e: -9.8127755955833060e+33
#ERR  p: [409, 400], r: -4.7818365459410841e+34, e: -7.1998572877797088e+34
#ERR  p: [410, 400], r: -4.3549566918422750e+34, e: -3.5526834050545514e+34
#ERR  p: [411, 400], r: 2.6791508233734514e+34, e: 5.0701408968662720e+34
#ERR  p: [412, 400], r: 1.6299250871448209e+34, e: 2.0785887245269270e+34
#ERR  p: [413, 400], r: 2.2419146104939887e+34, e: 2.5214771240377590e+34
#ERR  p: [414, 400], r: -7.8008110708546631e+32, e: -9.2471013705119300e+33
#ERR  p: [415, 400], r: 2.9227264199751957e+34, e: 2.3354848035393899e+34
#ERR  p: [416, 400], r: 3.6601234783001060e+34, e: 3.2992035453745006e+34
#ERR  p: [417, 400], r: -5.2177445729523975e+33, e: -2.1573625630467736e+34
#ERR  p: [418, 400], r: 3.2023429077046788e+33, e: -4.2767606618357648e+33
#ERR  p: [419, 400], r: 1.6249817449799466e+34, e: 2.0073834038192634e+34
#ERR  p: [420, 400], r: 9.0657239666860129e+33, e: 1.7129906161928621e+34
#ERR  p: [421, 400], r: 1.0597833840596719e+34, e: 1.3115172531083147e+34
#ERR  p: [422, 400], r: -3.0782498174626495e+34, e: -9.3355157908817155e+34
#ERR  p: [423, 400], r: 8.4444578777554582e+32, e: 2.0725395305249590e+34
#ERR  p: [424, 400], r: 2.4655833885000005e+34, e: 3.2879528987094672e+34
#ERR  p: [425, 400], r: -6.7922093273672138e+33, e: 1.8288878006107987e+34
#ERR  p: [426, 400], r: -3.5637275633210320e+34, e: -5.1561574273799617e+34
#ERR  p: [427, 400], r: 1.9216360014701144e+34, e: 1.1262667062814854e+34
#ERR  p: [428, 400], r: -1.3868641022174076e+34, e: -1.7210908292519181e+34
#ERR  p: [429, 400], r: -1.9492740031991919e+34, e: -1.3984842739841677e+34
#ERR  p: [430, 400], r: 1.2966668006030434e+34, e: 1.1850294916542917e+34
#ERR  p: [431, 400], r: 1.2384641830980137e+34, e: -7.1146951834811339e+33
#ERR  p: [432, 400], r: 2.0896247123891483e+34, e: 2.7358734835615154e+34
#ERR  p: [433, 400], r: 2.6584408292802306e+34, e: 4.1519887471731933e+34
#ERR  p: [434, 400], r: -3.2915946707170369e+33, e: -2.1713441054384706e+34
#ERR  p: [435, 400], r: 9.2318518061379931e+33, e: 1.8206377968069891e+34
#ERR  p: [436, 400], r: 7.2318739453247407e+32, e: 2.4424264821251281e+34
#ERR  p: [437, 400], r: -9.8221090445094981e+33, e: -1.5177021087634834e+34
#ERR  p: [438, 400], r: 3.1117135650166040e+34, e: 5.2166005925620939e+34
#ERR  p: [439, 400], r: 1.1491729297984024e+34, e: 1.8285583847663448e+34
#ERR  p: [440, 400], r: 2.4428177949715463e+33, e: -2.8990435747746330e+33
#ERR  p: [441, 400], r: 3.7568937463470599e+34, e: 6.7017518107565918e+33
#ERR  p: [442, 400], r: 3.0976924085436499e+34, e: 2.3227501143552612e+34
#ERR  p: [443, 400], r: 6.7572734215185411e+33, e: -1.1360548505841071e+34
#ERR  p: [444, 400], r: -4.4424394385384942e+33, e: 2.2383221084999825e+34
#ERR  p: [445, 400], r: -4.4915881339782024e+34, e: -6.6078585153609371e+34
#ERR  p: [446, 400], r: -2.7520758903836903e+34, e: -3.8480598598361689e+34
#ERR  p: [447, 400], r: -1.2230968906263407e+34, e: -3.1557867062952421e+34
#ERR  p: [448, 400], r: -4.5329878199479998e+34, e: -6.7967211236343933e+34
#ERR  p: [449, 400], r: -1.0136243138148379e+34, e: 1.8973670535579520e+34
#ERR  p: [450, 400], r: -1.2838095553550254e+34, e: -3.4287034625321128e+34
#ERR  p: [451, 400], r: -2.5210324559756477e+34, e: -5.0792095504180610e+34
#ERR  p: [452, 400], r: 3.1143696272678927e+33, e: 2.1649224152786816e+34
#ERR  p: [453, 400], r: 9.4388873741881586e+32, e: 2.9119021198596922e+34
#ERR  p: [454, 400], r: 1.1334024402559342e+34, e: 3.2558281071020037e+34
#ERR  p: [455, 400], r: -8.0018983370160624e+33, e: 3.8141338035745432e+33
#ERR  p: [456, 400], r: 2.3926511414375337e+34, e: 5.5152932411209491e+34
#ERR  p: [457, 400], r: 9.6091431247011359e+33, e: 1.7455927574794740e+34
#ERR  p: [458, 400], r: 1.1686664002150175e+34, e: 1.3249214202656889e+33
#ERR  p: [459, 400], r: -2.9625641351004248e+33, e: 1.1025653538773354e+34
#ERR  p: [460, 400], r: 1.8468506819628413e+34, e: 2.7201244103817268e+34
#ERR  p: [461, 400], r: -3.8360710295257096e+33, e: 2.2766596259886036e+34
#ERR  p: [462, 400], r: 3.0453844901236855e+33, e: 8.2125994455225520e+32
#ERR  p: [463, 400], r: -3.6574170937862203e+33, e: -1.5939684997337574e+34
#ERR  p: [464, 400], r: -2.8355672708052456e+34, e: -1.5249612653598489e+34
#ERR  p: [465, 400], r: -1.1458514128789958e+34, e: 8.5542300443440205e+33
#ERR  p: [466, 400], r: -3.1534811048690750e+33, e: -1.8072911010159387e+32
#ERR  p: [467, 400], r: -1.3858139576820818e+34, e: 2.5494404564091607e+34
#ERR  p: [468, 400], r: -2.9357569768287136e+34, e: -1.9553328531334664e+34
#ERR  p: [469, 400], r: -4.8091896976671221e+33, e: -4.8842624049545152e+33
#ERR  p: [470, 400], r: -7.0009792494124182e+33, e: -2.3074028765122246e+34
#ERR  p: [471, 400], r: -4.6660341877301568e+34, e: -1.8212703841670640e+34
#ERR  p: [472, 400], r: 1.9746655151389783e+34, e: 2.7188295251006343e+34
#ERR  p: [473, 400], r: 1.9331748405762934e+34, e: 5.5642873178497505e+33
#ERR  p: [474, 400], r: 1.3081691204780635e+34, e: 1.6232004730574188e+34
#ERR  p: [475, 400], r: -3.4819267138171248e+33, e: 7.8838075228485121e+33
#ERR  p: [476, 400], r: 1.3718384192995754e+33, e: 1.6368617603609526e+34
#ERR  p: [477, 400], r: -1.8195006250869016e+34, e: -3.0234291283509435e+34
#ERR  p: [478, 400], r: 8.2775034038422452e+33, e: -4.8223923281861006e+32
#ERR  p: [479, 400], r: -2.2871125440923215e+34, e: -1.6149008278580339e+34
#ERR  p: [480, 400], r: -5.6122803962627857e+33, e: -1.6544033707176265e+34
#ERR  p: [481, 400], r: -1.1239413597116917e+34, e: 1.5293308532650155e+33
#ERR  p: [482, 400], r: -3.6578813213009523e+33, e: -6.5939513731656012e+33
#ERR  p: [483, 400], r: -4.2474341717901040e+34, e: -3.3799202069920016e+34
#ERR  p: [484, 400], r: -3.7051594893413003e+33, e: -1.8085834794684517e+34
#ERR  p: [485, 400], r: -8.7512667706968781e+33, e: -2.9290100798206044e+33
#ERR  p: [486, 400], r: -2.5605643380141713e+34, e: -1.4301979457045845e+34
#ERR  p: [487, 400], r: -7.5522587077069837e+33, e: -2.1127223214361389e+33
#ERR  p: [488, 400], r: 3.0768816461312312e+34, e: 1.4632003130058974e+34
#ERR  p: [489, 400], r: -1.8452226670171771e+34, e: -2.4020520580958669e+34
#ERR  p: [490, 400], r: 6.8463654902658313e+33, e: 2.6844006794920529e+34
#ERR  p: [491, 400], r: 3.8064309073710958e+34, e: 3.7836812832691484e+34
#ERR  p: [492, 400], r: 7.2785873032221647e+33, e: -8.4774096752061663e+33
#ERR  p: [493, 400], r: -9.7780990381728635e+33, e: -6.9949319123205091e+33
#ERR  p: [494, 400], r: -2.4851567060491495e+34, e: -3.0989632777879803e+34
#ERR  p: [495, 400], r: 9.3958584353326577e+33, e: 1.4787515633674082e+34
#ERR  p: [496, 400], r: -7.8062289154365956e+33, e: -7.0479417427427484e+33
#ERR  p: [497, 400], r: -3.4870022679781949e+34, e: -2.6758598835730152e+34
#ERR  p: [498, 400], r: 1.7996258691381866e+34, e: 1.6970560995951885e+34
#ERR  p: [499, 400], r: -3.5974184728721954e+33, e: 1.2045665375602896e+34
#ERR  p: [500, 400], r: -2.9509908193641516e+34, e: -3.2248902524042070e+34
#SDC Ite:2 KerTime:2.7082661 AccTime:5.3594320 KerErr:32768 AccErr:32768
#ABORT too many errors per iteration
#END
