#HEADER matrix_dim:2048 threads:4 block_size:16 block_offset:12 precision:Float
#BEGIN Y:2023 M:11 D:06 Time:07:47:54
#IT 0 KerTime:2.6438232 AccTime:2.6438232
#IT 1 KerTime:2.7199834 AccTime:5.3638066
#IT 2 KerTime:2.6753923 AccTime:8.0391988
#IT 3 KerTime:2.7057889 AccTime:10.7449878
#IT 4 KerTime:2.6575198 AccTime:13.4025076
#IT 5 KerTime:2.6859437 AccTime:16.0884512
#IT 6 KerTime:2.6456770 AccTime:18.7341282
#IT 7 KerTime:2.6679183 AccTime:21.4020465
#IT 8 KerTime:2.6416737 AccTime:24.0437202
#ERR  p: [1753, 726], r: -2.1227306952717494e+34, e: -2.0551797735600562e+34
#SDC Ite:9 KerTime:2.6416737 AccTime:24.0437202 KerErr:1 AccErr:1
#IT 9 KerTime:2.6906959 AccTime:26.7344161
#IT 10 KerTime:2.7129868 AccTime:29.4474030
#IT 11 KerTime:2.6940028 AccTime:32.1414058
#IT 12 KerTime:2.6384398 AccTime:34.7798456
#IT 13 KerTime:2.6620254 AccTime:37.4418710
#IT 14 KerTime:2.6434004 AccTime:40.0852714
#IT 15 KerTime:2.6762004 AccTime:42.7614718
#IT 16 KerTime:2.7362806 AccTime:45.4977524
#IT 17 KerTime:2.6383451 AccTime:48.1360975
#IT 18 KerTime:2.7262069 AccTime:50.8623044
#IT 19 KerTime:2.6677620 AccTime:53.5300664
