#HEADER matrix_dim:2048 threads:4 block_size:16 block_offset:12 precision:Float
#BEGIN Y:2023 M:11 D:11 Time:08:15:17
#IT 0 KerTime:2.6413555 AccTime:2.6413555
#IT 1 KerTime:2.6766608 AccTime:5.3180163
#IT 2 KerTime:2.7049441 AccTime:8.0229605
#IT 3 KerTime:2.6820505 AccTime:10.7050109
#IT 4 KerTime:2.6618421 AccTime:13.3668530
#IT 5 KerTime:2.7147851 AccTime:16.0816380
#IT 6 KerTime:2.6439087 AccTime:18.7255468
#IT 7 KerTime:2.6700496 AccTime:21.3955964
#IT 8 KerTime:2.6405107 AccTime:24.0361070
#IT 9 KerTime:2.6424692 AccTime:26.6785762
#IT 10 KerTime:2.6441483 AccTime:29.3227245
#IT 11 KerTime:2.6458320 AccTime:31.9685565
#IT 12 KerTime:2.6776972 AccTime:34.6462537
#IT 13 KerTime:2.6410682 AccTime:37.2873219
#IT 14 KerTime:2.7224988 AccTime:40.0098207
#IT 15 KerTime:2.6447947 AccTime:42.6546154
#IT 16 KerTime:2.6798107 AccTime:45.3344261
#IT 17 KerTime:2.6680968 AccTime:48.0025229
#IT 18 KerTime:2.6912535 AccTime:50.6937764
#IT 19 KerTime:2.6455444 AccTime:53.3393208
#IT 20 KerTime:2.7005853 AccTime:56.0399062
#IT 21 KerTime:2.6405120 AccTime:58.6804181
#ERR  p: [1452, 912], r: -2.4903716522586431e+34, e: -2.2485460076964326e+34
#ERR  p: [1453, 912], r: 1.2822335338910112e+32, e: 7.7860323879231693e+32
#ERR  p: [1641, 913], r: -1.3454940030145491e+34, e: -1.1802387874962612e+34
#SDC Ite:22 KerTime:2.6405120 AccTime:58.6804181 KerErr:3 AccErr:3
#IT 22 KerTime:2.6813746 AccTime:61.3617928
#IT 23 KerTime:2.6435995 AccTime:64.0053923
#IT 24 KerTime:2.6772296 AccTime:66.6826219
#IT 25 KerTime:2.6517273 AccTime:69.3343492
#IT 26 KerTime:2.6763338 AccTime:72.0106830
#IT 27 KerTime:2.6445526 AccTime:74.6552356
#ERR  p: [1269, 991], r: -5.2681893916132375e+33, e: -2.3992602557192705e+34
#SDC Ite:28 KerTime:2.6445526 AccTime:74.6552356 KerErr:1 AccErr:4
#IT 28 KerTime:2.6759668 AccTime:77.3312025
#IT 29 KerTime:2.6744186 AccTime:80.0056210
#IT 30 KerTime:2.6756781 AccTime:82.6812991
#IT 31 KerTime:2.6432228 AccTime:85.3245218
#IT 32 KerTime:2.6811960 AccTime:88.0057179
#ERR  p: [1693, 944], r: 1.6724512985503680e+34, e: 1.3159922825563274e+34
#ERR  p: [1724, 944], r: 8.0382943931410722e+33, e: 9.2345851777447352e+33
#ERR  p: [1686, 946], r: 2.6053388961190685e+34, e: 2.8433447528960600e+34
#SDC Ite:33 KerTime:2.6811960 AccTime:88.0057179 KerErr:3 AccErr:7
#IT 33 KerTime:2.6392556 AccTime:90.6449735
#IT 34 KerTime:2.6796280 AccTime:93.3246015
