#HEADER matrix_dim:2048 threads:4 block_size:16 block_offset:12 precision:Float
#BEGIN Y:2023 M:11 D:09 Time:23:02:13
#IT 0 KerTime:2.6516580 AccTime:2.6516580
#IT 1 KerTime:2.7385262 AccTime:5.3901842
#ERR  p: [270, 926], r: -4.9461443659473069e+34, e: -4.5464932506005876e+34
#SDC Ite:2 KerTime:2.7385262 AccTime:5.3901842 KerErr:1 AccErr:1
#IT 2 KerTime:2.7086000 AccTime:8.0987842
#IT 3 KerTime:2.6886953 AccTime:10.7874795
#IT 4 KerTime:2.6503456 AccTime:13.4378251
#IT 5 KerTime:2.6880132 AccTime:16.1258383
#IT 6 KerTime:2.6519459 AccTime:18.7777842
#IT 7 KerTime:2.7194073 AccTime:21.4971915
#IT 8 KerTime:2.6511329 AccTime:24.1483244
#IT 9 KerTime:2.7083806 AccTime:26.8567050
#IT 10 KerTime:2.6549007 AccTime:29.5116057
#IT 11 KerTime:2.7083524 AccTime:32.2199581
#IT 12 KerTime:2.6482566 AccTime:34.8682147
#IT 13 KerTime:2.6883421 AccTime:37.5565568
#IT 14 KerTime:2.6535546 AccTime:40.2101113
#IT 15 KerTime:2.6588769 AccTime:42.8689883
#IT 16 KerTime:2.7355268 AccTime:45.6045151
#IT 17 KerTime:2.6683674 AccTime:48.2728825
#IT 18 KerTime:2.6521708 AccTime:50.9250533
#IT 19 KerTime:2.6530721 AccTime:53.5781255
#IT 20 KerTime:2.7729369 AccTime:56.3510623
#IT 21 KerTime:2.6489272 AccTime:58.9999896
#IT 22 KerTime:2.7758372 AccTime:61.7758268
#IT 23 KerTime:2.6527655 AccTime:64.4285923
#IT 24 KerTime:2.7540953 AccTime:67.1826876
#IT 25 KerTime:2.6487382 AccTime:69.8314258
#IT 26 KerTime:2.7119788 AccTime:72.5434045
#IT 27 KerTime:2.6806655 AccTime:75.2240701
#IT 28 KerTime:2.6940980 AccTime:77.9181681
#IT 29 KerTime:2.6482462 AccTime:80.5664143
#IT 30 KerTime:2.6898720 AccTime:83.2562863
#IT 31 KerTime:2.6532220 AccTime:85.9095083
#IT 32 KerTime:2.6861367 AccTime:88.5956450
#IT 33 KerTime:2.6499874 AccTime:91.2456324
#IT 34 KerTime:2.7035788 AccTime:93.9492112
