#HEADER matrix_dim:2048 threads:4 block_size:16 block_offset:12 precision:Float
#BEGIN Y:2023 M:11 D:02 Time:11:54:10
#IT 0 KerTime:2.6442136 AccTime:2.6442136
#IT 1 KerTime:2.7862140 AccTime:5.4304276
#IT 2 KerTime:2.7765561 AccTime:8.2069837
#IT 3 KerTime:2.7196801 AccTime:10.9266638
#IT 4 KerTime:2.6424715 AccTime:13.5691354
#IT 5 KerTime:2.6919310 AccTime:16.2610663
#IT 6 KerTime:2.6452008 AccTime:18.9062672
#IT 7 KerTime:2.6986569 AccTime:21.6049241
#IT 8 KerTime:2.6947375 AccTime:24.2996616
#IT 9 KerTime:2.6678784 AccTime:26.9675400
#IT 10 KerTime:2.6466322 AccTime:29.6141722
#IT 11 KerTime:2.6445593 AccTime:32.2587315
#IT 12 KerTime:2.6458309 AccTime:34.9045624
#IT 13 KerTime:2.6794428 AccTime:37.5840052
#IT 14 KerTime:2.7088073 AccTime:40.2928126
#IT 15 KerTime:2.6445627 AccTime:42.9373752
#IT 16 KerTime:2.8539554 AccTime:45.7913306
#IT 17 KerTime:2.6709707 AccTime:48.4623013
#IT 18 KerTime:2.7743366 AccTime:51.2366379
#IT 19 KerTime:2.6447077 AccTime:53.8813457
#IT 20 KerTime:2.7837012 AccTime:56.6650469
#IT 21 KerTime:2.6752913 AccTime:59.3403381
#IT 22 KerTime:2.7691718 AccTime:62.1095099
#IT 23 KerTime:2.6448183 AccTime:64.7543282
#IT 24 KerTime:2.7514965 AccTime:67.5058247
#IT 25 KerTime:2.6428909 AccTime:70.1487156
#ERR  p: [1184, 816], r: 1.7791954019058364e+34, e: 1.8864643918379617e+34
#ERR  p: [1185, 816], r: 5.5358778318881903e+33, e: 3.8115102991462877e+33
#ERR  p: [1186, 816], r: 3.0702217763078838e+34, e: 2.8088743125021586e+34
#ERR  p: [1187, 816], r: 1.3454611976035081e+34, e: 1.3077152916596614e+34
#ERR  p: [1188, 816], r: -1.9372964381430902e+34, e: -2.0143032410508608e+34
#ERR  p: [1189, 816], r: -1.5776369757654850e+34, e: -2.0169110855376194e+34
#ERR  p: [1190, 816], r: 6.5295011198703061e+33, e: 5.3145607685748089e+33
#ERR  p: [1191, 816], r: 2.1456984444086189e+34, e: 2.7464150381720461e+34
#ERR  p: [1192, 816], r: 5.7005814213249726e+33, e: 6.0556845215939840e+33
#ERR  p: [1193, 816], r: 1.6241783218944503e+34, e: 1.8372624649765643e+34
#ERR  p: [1194, 816], r: 2.0725184855442912e+34, e: 2.1490277603502730e+34
#ERR  p: [1195, 816], r: 4.8798422781472448e+34, e: 4.5649341006017983e+34
#ERR  p: [1196, 816], r: -1.3578703085573047e+34, e: -8.3701755951831488e+33
#ERR  p: [1197, 816], r: -2.0534183086781570e+34, e: -2.1123181340133122e+34
#ERR  p: [1198, 816], r: -2.9671491555209280e+34, e: -3.5438697671508553e+34
#ERR  p: [1199, 816], r: -9.0103416241784832e+33, e: -1.0180063739659003e+34
#ERR  p: [1184, 817], r: -1.5507962693187093e+33, e: -2.4642771760675485e+33
#ERR  p: [1185, 817], r: 1.6176767846021275e+34, e: 1.7629715787209818e+34
#ERR  p: [1186, 817], r: 9.2476256381185674e+32, e: 1.8969264706979703e+33
#ERR  p: [1187, 817], r: -7.2184983126852720e+33, e: -6.6364758514550933e+33
#ERR  p: [1188, 817], r: 2.9517080818229136e+34, e: 2.5738714506724655e+34
#ERR  p: [1189, 817], r: 2.7894767824385881e+34, e: 2.7679192945944725e+34
#ERR  p: [1190, 817], r: -8.5590550394411392e+34, e: -8.3216894452524661e+34
#ERR  p: [1191, 817], r: -7.2645948669581221e+33, e: -7.0279217764274252e+33
#ERR  p: [1192, 817], r: 5.5263190778748482e+33, e: 1.0128508179297915e+33
#ERR  p: [1193, 817], r: -3.3712558027600413e+33, e: -5.9944541503408701e+33
#ERR  p: [1194, 817], r: 2.4084742434316716e+34, e: 2.0924657847793083e+34
#ERR  p: [1195, 817], r: -8.9493780290038354e+32, e: -9.3462120879971569e+32
#ERR  p: [1196, 817], r: -1.8894329720521681e+34, e: -1.5723992514592686e+34
#ERR  p: [1197, 817], r: 3.9321907600820190e+34, e: 4.0721091806102570e+34
#ERR  p: [1198, 817], r: -1.0304235315299523e+34, e: -1.0671293202527914e+34
#ERR  p: [1199, 817], r: -1.5400043413352331e+34, e: -1.7365198949315515e+34
#ERR  p: [1184, 818], r: 1.6740658508981050e+33, e: 7.5526892013556452e+32
#ERR  p: [1185, 818], r: -4.8619020510979211e+34, e: -4.9274534520581605e+34
#ERR  p: [1186, 818], r: 2.2721603329158209e+33, e: 2.4863487185129774e+33
#ERR  p: [1187, 818], r: -2.5095493241712365e+34, e: -2.2246498035300990e+34
#ERR  p: [1188, 818], r: -1.3360950670602788e+34, e: -8.4470040109312584e+33
#ERR  p: [1189, 818], r: 4.138996814