#HEADER matrix_dim:2048 threads:4 block_size:16 block_offset:12 precision:Float
#BEGIN Y:2023 M:11 D:08 Time:22:54:45
#IT 0 KerTime:2.6397725 AccTime:2.6397725
#IT 1 KerTime:2.7492709 AccTime:5.3890434
#IT 2 KerTime:2.7785694 AccTime:8.1676128
#ERR  p: [0, 336], r: 1.3042582203059531e+34, e: 9.0932316133289537e+33
#ERR  p: [1, 336], r: 9.7703439627967603e+33, e: 1.4070368303335786e+34
#ERR  p: [2, 336], r: 1.3745197355276656e+34, e: -3.2659374349478179e+33
#ERR  p: [3, 336], r: -1.1287409770380051e+34, e: 2.0741586323023404e+34
#ERR  p: [4, 336], r: -1.2529291410750516e+34, e: -2.3694553637454278e+34
#ERR  p: [5, 336], r: -8.1076345095915446e+32, e: -2.4970445204524031e+33
#ERR  p: [6, 336], r: 1.9527306412738865e+33, e: 1.7799923567546273e+33
#ERR  p: [7, 336], r: 1.7454465567608344e+34, e: -1.6148966498104013e+33
#ERR  p: [8, 336], r: 1.9496103515078658e+34, e: 1.3870672481778543e+34
#ERR  p: [9, 336], r: 7.4448445074082502e+33, e: 3.7595725247980696e+33
#ERR  p: [10, 336], r: 2.6629845025034217e+33, e: -3.8014204688560922e+34
#ERR  p: [11, 336], r: 2.8491279135835856e+34, e: 1.0117584905876270e+34
#ERR  p: [12, 336], r: -1.5028814906131588e+34, e: -4.9369642977919822e+34
#ERR  p: [13, 336], r: 2.8127839128372277e+33, e: 4.8963870991842860e+32
#ERR  p: [14, 336], r: 6.4334660644126838e+33, e: -5.2306321477313780e+33
#ERR  p: [15, 336], r: -7.1890848573518514e+33, e: -5.8705320196182661e+33
#ERR  p: [16, 336], r: -1.0970541686164408e+34, e: 5.3337674082843216e+33
#ERR  p: [17, 336], r: 2.3844829654703209e+33, e: -1.0122846151043233e+33
#ERR  p: [18, 336], r: -7.0565262379451729e+33, e: 5.4158787331500816e+33
#ERR  p: [19, 336], r: -4.9875991402488525e+33, e: -1.6710662912344156e+34
#ERR  p: [20, 336], r: 4.3403125575188010e+32, e: 2.0120340969588507e+34
#ERR  p: [21, 336], r: 1.2919212812564468e+34, e: 3.3592338575535311e+33
#ERR  p: [22, 336], r: 1.1569926256445564e+34, e: 2.3370037559675930e+34
#ERR  p: [23, 336], r: -2.0278599224210750e+34, e: -2.3212893451089044e+34
#ERR  p: [24, 336], r: -7.8865668911960793e+33, e: 2.2264054500938136e+34
#ERR  p: [25, 336], r: -1.5148418483027145e+34, e: -4.9725654726177669e+34
#ERR  p: [26, 336], r: -1.2340368143415135e+34, e: 8.4772196514101360e+33
#ERR  p: [27, 336], r: -3.9526917898966085e+33, e: -1.5021969097714340e+34
#ERR  p: [28, 336], r: 1.5034852958673202e+33, e: 1.1495794693073038e+34
#ERR  p: [29, 336], r: 1.5723999942232922e+34, e: -1.7759999072824290e+34
#ERR  p: [30, 336], r: -1.4089433817880820e+34, e: 1.7774060833730533e+34
#ERR  p: [31, 336], r: 1.4638767234433629e+34, e: 2.2352270108137612e+34
#ERR  p: [32, 336], r: -2.1540493403256302e+34, e: -7.5901508143694699e+33
#ERR  p: [33, 336], r: 1.6517291726447622e+34, e: 3.8074829707134825e+33
#ERR  p: [34, 336], r: -6.7373568231964983e+33, e: -1.0569116107565377e+34
#ERR  p: [35, 336], r: 1.0371190540264312e+34, e: 1.1164842565030445e+34
#ERR  p: [36, 336], r: -2.1894301618244221e+34, e: -2.9698577683268844e+34
#ERR  p: [37, 336], r: 1.5662583261003895e+34, e: 1.1587634988707541e+34
#ERR  p: [38, 336], r: 1.5271916619286294e+34, e: 4.0280445811178900e+33
#ERR  p: [39, 336], r: 6.2386926406222760e+31, e: -2.9265016419190004e+34
#ERR  p: [40, 336], r: -7.9330490637911667e+33, e: -5.0276998557354278e+34
#ERR  p: [41, 336], r: -9.5869480977367883e+33, e: 1.0347940788386494e+32
#ERR  p: [42, 336], r: -4.2230677979968499e+33, e: -1.4705718745578300e+34
#ERR  p: [43, 336], r: -3.0350851384818409e+33, e: -3.4773371749154782e+34
#ERR  p: [44, 336], r: 3.1980042373519934e+33, e: 3.6291113471999523e+34
#ERR  p: [45, 336], r: -1.5964171451314639e+34, e: -5.6306331049331994e+34
#ERR  p: [46, 336], r: -5.3755559312204585e+33, e: -2.7638449863371764e+34
#ERR  p: [47, 336], r: -1.4199038553079069e+34, e: 1.3383916934211610e+34
#ERR  p: [48, 336], r: 8.4685912093363169e+33, e: -1.1712922103065962e+33
#ERR  p: [49, 336], r: 4.4282520267182641e+33, e: -5.7907902667302032e+32
#ERR  p: [50, 336], r: -5.6984100744960661e+33, e: 1.1649914514143950e+34
#ERR  p: [51, 336], r: -2.5369917623226079e+33, e: -3.6769309902134836e+34
#ERR  p: [52, 336], r: -1.2445224140622685e+34, e: -1.8004940364877374e+34
#ERR  p: [53, 336], r: -6.1379796805555778e+33, e: 1.6878817259640446e+34
#ERR  p: [54, 336], r: -1.6878891536042803e+33, e: -1.4872819605901159e+34
#ERR  p: [55, 336], r: -1.8098571959748724e+33, e: -2.9732299169938978e+34
#ERR  p: [56, 336], r: 7.6459769583810835e+33, e: -9.7859401503816971e+33
#ERR  p: [57, 336], r: 1.2629516274271100e+34, e: -6.6154605813481847e+33
#ERR  p: [58, 336], r: -2.8372765565144889e+33, e: -1.8176052150927517e+34
#ERR  p: [59, 336], r: -8.6192169446463459e+33, e: 2.1237126293109106e+34
#ERR  p: [60, 336], r: 9.6597668256976526e+33, e: 2.8422167419322631e+34
#ERR  p: [61, 336], r: -8.1037900867995439e+33, e: -1.9849730990820841e+34
#ERR  p: [62, 336], r: 5.2481477613472268e+33, e: 6.7159553157973326e+33
#ERR  p: [63, 336], r: 5.5139861002334676e+32, e: 1.7421062231528307e+34
#ERR  p: [64, 336], r: -1.5211900048241699e+34, e: -1.0156265580343781e+34
#ERR  p: [65, 336], r: 1.6602232982243188e+34, e: 3.9817858566998935e+34
#ERR  p: [66, 336], r: 8.1767595339601911e+32, e: -1.2640835997990325e+34
#ERR  p: [67, 336], r: 8.3494673342059829e+33, e: 2.4868125746456976e+34
#ERR  p: [68, 336], r: -3.4371535174462708e+33, e: -2.1952759622779355e+34
#ERR  p: [69, 336], r: -6.9523368714487777e+33, e: -1.8777145078462887e+34
#ERR  p: [70, 336], r: 9.8594805973854648e+32, e: -2.4436238177311250e+34
#ERR  p: [71, 336], r: 2.2853737954101432e+33, e: -2.4309740512336912e+34
#ERR  p: [72, 336], r: 1.9120927836042653e+33, e: 8.9700448189896851e+33
#ERR  p: [73, 336], r: -1.1794778257541125e+34, e: -2.5453198491943954e+34
#ERR  p: [74, 336], r: -6.3396221628245966e+33, e: -4.0401812214690399e+34
#ERR  p: [75, 336], r: -8.6717718321041478e+33, e: -5.9783328285912684e+34
#ERR  p: [76, 336], r: -2.8520315638427314e+33, e: 3.1036595271210133e+34
#ERR  p: [77, 336], r: 1.1571133247983867e+34, e: -1.7526024691579236e+33
#ERR  p: [78, 336], r: -3.2281774783845254e+33, e: 1.3985481516901948e+34
#ERR  p: [79, 336], r: -1.6540059919650159e+34, e: 1.3046879092935891e+34
#ERR  p: [80, 336], r: 2.1605281614182322e+33, e: 2.6953027222420235e+34
#ERR  p: [81, 336], r: -1.5746771849255576e+34, e: -1.2241082876384369e+34
#ERR  p: [82, 336], r: 7.6270655673709403e+33, e: -1.4433725987786752e+34
#ERR  p: [83, 336], r: 1.6105729894806922e+34, e: 5.2843804093870510e+33
#ERR  p: [84, 336], r: 6.6804852388217082e+33, e: 3.3806106061519111e+33
#ERR  p: [85, 336], r: -5.4787171885142271e+33, e: -3.0228705698052180e+34
#ERR  p: [86, 336], r: 5.1364057226711516e+33, e: -2.1319667183168498e+34
#ERR  p: [87, 336], r: -6.7505068412638072e+33, e: -3.4285365882148171e+34
#ERR  p: [88, 336], r: 1.1024297994430336e+34, e: 3.2607600602185166e+34
#ERR  p: [89, 336], r: 3.6866603323642392e+33, e: -3.2486908875995078e+34
#ERR  p: [90, 336], r: 8.5912908742701266e+33, e: 4.1589390996267591e+33
#ERR  p: [91, 336], r: 1.9384427706194684e+34, e: -4.8627593864721281e+33
#ERR  p: [92, 336], r: 1.0700679423180470e+34, e: 1.8693210267919260e+34
#ERR  p: [93, 336], r: -1.8866269333651199e+34, e: -3.3622842656043342e+34
#ERR  p: [94, 336], r: 7.9442555159967976e+33, e: -2.4187300814811353e+34
#ERR  p: [95, 336], r: -1.9715087680388006e+34, e: -4.0077528869639437e+33
#ERR  p: [96, 336], r: 8.2790892050325698e+33, e: -1.7760820136555346e+33
#ERR  p: [97, 336], r: -2.1028436837166455e+34, e: -2.5845593297956398e+34
#ERR  p: [98, 336], r: -1.3186800979696238e+34, e: -5.6702258936216558e+34
#ERR  p: [99, 336], r: 8.9701989425245762e+33, e: 6.9873247707791005e+33
#ERR  p: [100, 336], r: 1.1354018372133840e+34, e: 5.4274188101962999e+34
#ERR  p: [101, 336], r: 7.2013658415115820e+33, e: -1.7455751787309162e+34
#ERR  p: [102, 336], r: 6.2758094486495335e+33, e: 2.5161326893001561e+34
#ERR  p: [103, 336], r: 1.8493247051313532e+34, e: 4.6336927566158183e+34
#ERR  p: [104, 336], r: 3.8651805705794857e+33, e: 3.2194898627768285e+34
#ERR  p: [105, 336], r: -2.0966862009097410e+33, e: -1.2309100253902865e+34
#ERR  p: [106, 336], r: 3.2786588162765243e+33, e: 1.1616095230210712e+34
#ERR  p: [107, 336], r: -2.8408183648638864e+34, e: -4.2277241856606179e+34
#ERR  p: [108, 336], r: 3.7484641793405520e+33, e: -3.6393756032416831e+34
#ERR  p: [109, 336], r: -1.9745313843357217e+32, e: -1.5086044874147751e+34
#ERR  p: [110, 336], r: -5.2647287302334152e+33, e: 1.1579959760463972e+34
#ERR  p: [111, 336], r: 2.2809555255129317e+34, e: 2.4472202811332569e+34
#ERR  p: [112, 336], r: 1.6549146399538513e+34, e: 1.5208155279622861e+34
#ERR  p: [113, 336], r: 1.2362757526965650e+34, e: 4.0445912590649902e+34
#ERR  p: [114, 336], r: 2.6519933899676245e+34, e: -2.7100733276147609e+34
#ERR  p: [115, 336], r: -4.1136320416139633e+33, e: 3.2402322908990786e+34
#ERR  p: [116, 336], r: 6.9291935824143376e+33, e: 1.8523710279800266e+34
#ERR  p: [117, 336], r: 1.8543522272188990e+34, e: 1.4380609694521134e+34
#ERR  p: [118, 336], r: 3.2815979954147976e+33, e: -3.0689117881583120e+34
#ERR  p: [119, 336], r: -1.6121155865636457e+34, e: 1.7905084407488498e+34
#ERR  p: [120, 336], r: -9.7468986163927345e+33, e: -1.0289383129678197e+34
#ERR  p: [121, 336], r: -4.0614681110948182e+32, e: 8.1806339767981446e+33
#ERR  p: [122, 336], r: -3.1858396195559556e+33, e: -1.8759613371626528e+33
#ERR  p: [123, 336], r: 8.5649512240542516e+33, e: 2.7868256100504545e+34
#ERR  p: [124, 336], r: -4.0342887506760454e+33, e: 3.6937073060378713e+33
#ERR  p: [125, 336], r: -2.0917287152799178e+34, e: -8.9699778464335598e+34
#ERR  p: [126, 336], r: -5.5436415728445685e+33, e: 1.9933821781809418e+34
#ERR  p: [127, 336], r: 7.5791368618399479e+33, e: 2.1412000178938637e+34
#ERR  p: [128, 336], r: -3.7621579625701171e+33, e: -5.2256222043923901e+33
#ERR  p: [129, 336], r: 1.2977361332089781e+34, e: 1.0286327274691221e+34
#ERR  p: [130, 336], r: 9.6226280055490716e+33, e: 1.1147240295611846e+34
#ERR  p: [131, 336], r: -1.3026033730099374e+33, e: -3.4864494039566500e+34
#ERR  p: [132, 336], r: 1.4122263678237658e+33, e: -5.8778442838423169e+34
#ERR  p: [133, 336], r: -1.7299018674815318e+34, e: -2.0848319037330511e+34
#ERR  p: [134, 336], r: -7.8546627005036164e+33, e: 5.5409385307687889e+33
#ERR  p: [135, 336], r: -8.8527091482460989e+33, e: 3.8607821696199047e+33
#ERR  p: [136, 336], r: -3.6667347589769116e+33, e: -4.0592120736929741e+34
#ERR  p: [137, 336], r: -2.4558269973593865e+33, e: 2.8488107533455206e+34
#ERR  p: [138, 336], r: 2.7228800649091760e+34, e: 1.7124625109721030e+34
#ERR  p: [139, 336], r: 3.4233241797824040e+33, e: -3.1801877424095962e+34
#ERR  p: [140, 336], r: 1.8027053687799129e+34, e: -1.3886669761936209e+33
#ERR  p: [141, 336], r: -9.0379390214742722e+33, e: -3.5271543579764005e+34
#ERR  p: [142, 336], r: 1.9498836886685400e+33, e: -3.0326420638143112e+32
#ERR  p: [143, 336], r: 1.1661578385194096e+34, e: 2.5036324659594681e+34
#ERR  p: [144, 336], r: -1.4081165616358433e+32, e: -6.0614902127902245e+34
#ERR  p: [145, 336], r: -6.6919219478746462e+33, e: -1.4059179801260725e+33
#ERR  p: [146, 336], r: 2.1741213620196054e+32, e: -1.8629604908700777e+34
#ERR  p: [147, 336], r: -1.2913570281865405e+34, e: -2.3819152302408352e+34
#ERR  p: [148, 336], r: 2.1152567560785679e+34, e: 3.4792323373216202e+33
#ERR  p: [149, 336], r: 3.5711787863144927e+33, e: -4.9302303991542855e+34
#ERR  p: [150, 336], r: 1.7149448283388780e+34, e: 4.0622643386538361e+34
#ERR  p: [151, 336], r: -2.1838321969667736e+34, e: -3.3174912931413527e+32
#ERR  p: [152, 336], r: 1.0002424295781708e+34, e: 5.6022239903536510e+33
#ERR  p: [153, 336], r: -3.7355119221945189e+32, e: 3.4123138791759979e+34
#ERR  p: [154, 336], r: -1.7807176348751436e+33, e: 4.3263265430687122e+33
#ERR  p: [155, 336], r: 7.2034044192712752e+32, e: -3.0370355130137350e+33
#ERR  p: [156, 336], r: -4.9151326062291649e+32, e: -3.9497034026417736e+32
#ERR  p: [157, 336], r: 3.1027713670398280e+33, e: -4.4215514286676242e+34
#ERR  p: [158, 336], r: 3.4439086467556413e+33, e: 2.5538002336395160e+34
#ERR  p: [159, 336], r: 1.2330473133938622e+33, e: -2.3726205288378727e+34
#ERR  p: [160, 336], r: -9.1927520889671840e+33, e: -4.4167071217058926e+34
#ERR  p: [161, 336], r: 2.1671838841424481e+34, e: 3.1646035628430404e+34
#ERR  p: [162, 336], r: 1.2772560245810525e+34, e: -2.5312885725616202e+33
#ERR  p: [163, 336], r: 4.3815090201568992e+34, e: 8.2580349398144237e+33
#ERR  p: [164, 336], r: 1.8613063553895846e+34, e: 1.6378058134349117e+34
#ERR  p: [165, 336], r: -4.1394520664983483e+33, e: -1.1703612639228032e+34
#ERR  p: [166, 336], r: 1.1235832236583265e+34, e: -3.8414504979664242e+34
#ERR  p: [167, 336], r: -3.9702974636503154e+33, e: -1.3790097440501536e+34
#ERR  p: [168, 336], r: 2.9965891027711893e+34, e: 3.6374088879012704e+33
#ERR  p: [169, 336], r: -1.1859870382746789e+34, e: -6.6408590257521911e+34
#ERR  p: [170, 336], r: 8.8531888500113220e+33, e: 6.3313595320323864e+33
#ERR  p: [171, 336], r: -1.4471585908008217e+34, e: -5.8240684161237679e+32
#ERR  p: [172, 336], r: 8.3041277802671559e+33, e: 2.1441438393072843e+34
#ERR  p: [173, 336], r: -1.0203177937102520e+34, e: -1.9431042338373975e+34
#ERR  p: [174, 336], r: 1.3275229512582472e+34, e: 1.8080636684459557e+34
#ERR  p: [175, 336], r: -8.7047344615301996e+33, e: -1.8983373509607439e+34
#ERR  p: [176, 336], r: -1.2762462368910074e+34, e: 3.5512979025625832e+34
#ERR  p: [177, 336], r: -1.1545848322681463e+34, e: -2.1761507790230078e+34
#ERR  p: [178, 336], r: -4.9394816488618691e+33, e: -1.6443106931653406e+34
#ERR  p: [179, 336], r: -1.7126952436994886e+34, e: -2.4251005209232978e+34
#ERR  p: [180, 336], r: 5.8801310066828849e+33, e: -1.3314855973239997e+34
#ERR  p: [181, 336], r: -1.5891109777621065e+33, e: 2.6193340558511976e+34
#ERR  p: [182, 336], r: 3.0053919086995418e+33, e: 4.1315364921961517e+34
#ERR  p: [183, 336], r: 1.1056844676003188e+34, e: -1.4165008819339153e+34
#ERR  p: [184, 336], r: 2.3820798762660601e+34, e: 3.9215979547538619e+34
#ERR  p: [185, 336], r: 6.4097465142899563e+33, e: -1.7032368866233326e+34
#ERR  p: [186, 336], r: -4.8508522602042617e+33, e: 1.8436304285386483e+34
#ERR  p: [187, 336], r: -7.3931685573783410e+33, e: -2.2963936281548518e+34
#ERR  p: [188, 336], r: 1.8787519634962118e+32, e: -1.4345000039806080e+33
#ERR  p: [189, 336], r: 1.5548283019236637e+34, e: -2.1746734213801247e+34
#ERR  p: [190, 336], r: 1.3388217537908088e+34, e: 3.2022406538574339e+34
#ERR  p: [191, 336], r: 2.2347132656974578e+33, e: -2.9511128802520252e+33
#ERR  p: [192, 336], r: 6.7858605518757387e+33, e: -8.7163234372079697e+33
#ERR  p: [193, 336], r: -5.6916249251407429e+33, e: -1.6987301659103142e+34
#ERR  p: [194, 336], r: 1.7453788414406855e+34, e: -1.2685174058437370e+34
#ERR  p: [195, 336], r: 4.7434501298209112e+33, e: -5.5725437589417643e+33
#ERR  p: [196, 336], r: -6.2444419049641009e+33, e: 3.1202699589801367e+34
#ERR  p: [197, 336], r: -1.1498183917348858e+34, e: -4.0917019338180228e+33
#ERR  p: [198, 336], r: 2.9694857673450792e+33, e: 1.6764391985929220e+34
#ERR  p: [199, 336], r: 8.4028720675007542e+33, e: -2.3515817378702177e+34
#ERR  p: [200, 336], r: -2.7963272950279855e+34, e: -4.7255810843238464e+34
#ERR  p: [201, 336], r: -1.0041113016859475e+34, e: -4.4618846911905792e+33
#ERR  p: [202, 336], r: 1.4844923865055902e+34, e: -7.4377207814521825e+33
#ERR  p: [203, 336], r: 1.2933426530610533e+33, e: 1.7197782414282638e+34
#ERR  p: [204, 336], r: -1.0915619238381473e+34, e: 7.5922076517447426e+33
#ERR  p: [205, 336], r: 6.8280124102134059e+33, e: -1.1802124193734244e+34
#ERR  p: [206, 336], r: -1.4852621995190198e+33, e: 2.6442541602240240e+33
#ERR  p: [207, 336], r: 6.2238289653699600e+33, e: -1.2123295357526443e+34
#ERR  p: [208, 336], r: -1.7363089499488572e+34, e: -8.7218345915203633e+32
#ERR  p: [209, 336], r: -6.4890192426456349e+33, e: -3.4661080684071284e+34
#ERR  p: [210, 336], r: 1.4981740998197722e+34, e: 2.5841891857238935e+34
#ERR  p: [211, 336], r: 2.9005073769740860e+34, e: 6.5822027032227633e+33
#ERR  p: [212, 336], r: 3.3070218794866113e+33, e: -5.8562133861538717e+33
#ERR  p: [213, 336], r: -3.1364770699744609e+33, e: -4.6579449923374504e+34
#ERR  p: [214, 336], r: -1.9793579268578895e+34, e: -7.7149562153101041e+33
#ERR  p: [215, 336], r: 1.2508007507655082e+34, e: 5.3864117988069638e+34
#ERR  p: [216, 336], r: 1.3381704735361407e+34, e: -4.3522599632606957e+34
#ERR  p: [217, 336], r: -8.4327819367899283e+33, e: -4.4727313361237918e+34
#ERR  p: [218, 336], r: -7.0126177426917597e+32, e: -4.0358637198910263e+33
#ERR  p: [219, 336], r: -2.3828209071735764e+34, e: -3.4518734910714015e+34
#ERR  p: [220, 336], r: 2.4906957449609280e+34, e: 3.5424035509683256e+34
#ERR  p: [221, 336], r: -1.1783404064460171e+34, e: 1.5969839978754527e+34
#ERR  p: [222, 336], r: 4.1479427877427969e+33, e: 1.9447812712086174e+34
#ERR  p: [223, 336], r: -1.3363596148466741e+34, e: 1.2683099270931528e+34
#ERR  p: [224, 336], r: 3.5757981595710861e+33, e: 1.4040223225439147e+34
#ERR  p: [225, 336], r: 7.6229011370787843e+33, e: 4.2360568838590517e+33
#ERR  p: [226, 336], r: 1.9054494402804423e+34, e: -7.3877915648177049e+33
#ERR  p: [227, 336], r: -1.3973717372708619e+34, e: 1.2702047800142850e+33
#ERR  p: [228, 336], r: 1.6953071379076862e+34, e: 2.5448645348479462e+34
#ERR  p: [229, 336], r: -2.3614947284258012e+33, e: 1.6238876535732261e+34
#ERR  p: [230, 336], r: -1.3923152473863968e+34, e: -9.6436903173774730e+33
#ERR  p: [231, 336], r: 1.9811424174245194e+34, e: -4.2517335375465421e+33
#ERR  p: [232, 336], r: -4.3764253574885719e+33, e: -2.4391149925200398e+34
#ERR  p: [233, 336], r: -6.4062183851779930e+33, e: -1.8062701409170391e+34
#ERR  p: [234, 336], r: -3.8678545210643421e+33, e: -1.7821061703202081e+34
#ERR  p: [235, 336], r: 6.2620912161041926e+33, e: -4.3798634264626772e+33
#ERR  p: [236, 336], r: -9.5363565831812931e+33, e: 3.3003459783397551e+33
#ERR  p: [237, 336], r: -3.9771701972634180e+33, e: 1.0624104166170394e+34
#ERR  p: [238, 336], r: -1.2552266339939613e+34, e: -5.8498490126179016e+34
#ERR  p: [239, 336], r: -3.5522002370572184e+33, e: 3.8183325867027894e+33
#ERR  p: [240, 336], r: 7.3104209313323883e+33, e: -2.4189053737906981e+34
#ERR  p: [241, 336], r: -1.4530670310203229e+34, e: -1.0209500096883151e+34
#ERR  p: [242, 336], r: -1.0803024877988350e+34, e: 8.3952556414090509e+33
#ERR  p: [243, 336], r: -1.4731276017689347e+33, e: 2.1974453284027792e+34
#ERR  p: [244, 336], r: -1.2130376374551156e+34, e: 1.5694897209849362e+34
#ERR  p: [245, 336], r: -4.1177816166256479e+33, e: -5.7279021390219813e+33
#ERR  p: [246, 336], r: -6.7648378541285944e+32, e: 2.6830211810092752e+33
#ERR  p: [247, 336], r: 4.1529651104821777e+33, e: -5.4751116881498085e+33
#ERR  p: [248, 336], r: -1.0265472317819400e+34, e: 1.7774348035819647e+34
#ERR  p: [249, 336], r: -6.1453571842196991e+33, e: -5.4501048041802281e+34
#ERR  p: [250, 336], r: 1.9126686114135389e+34, e: 5.4095726665899619e+34
#ERR  p: [251, 336], r: 4.9837429570264785e+33, e: 6.6722139424492230e+33
#ERR  p: [252, 336], r: -1.4035387831645699e+34, e: -3.2441689402240061e+34
#ERR  p: [253, 336], r: -3.3253981090177713e+34, e: -4.2960777876937837e+34
#ERR  p: [254, 336], r: -1.2048243695219718e+33, e: 6.9485648681490752e+33
#ERR  p: [255, 336], r: 5.6739545690199834e+33, e: -8.6291953603330057e+33
#ERR  p: [256, 336], r: -2.2132813049733257e+34, e: -4.8691598459602434e+34
#ERR  p: [257, 336], r: 2.0306352601951489e+34, e: -1.1960738975087801e+34
#ERR  p: [258, 336], r: 1.2471383051592824e+34, e: 3.0288711127636421e+34
#ERR  p: [259, 336], r: -5.0223493550916324e+33, e: -3.3207744029710404e+34
#ERR  p: [260, 336], r: 6.9026441013618037e+33, e: 2.2128143539905072e+34
#ERR  p: [261, 336], r: -4.8092262168982810e+33, e: 1.5185788178993053e+34
#ERR  p: [262, 336], r: 7.5396843317579425e+33, e: -1.2255918349815165e+34
#ERR  p: [263, 336], r: 2.4575434012238557e+33, e: 2.5313355833346120e+34
#ERR  p: [264, 336], r: 6.1874849027266002e+33, e: -6.4755306479775814e+33
#ERR  p: [265, 336], r: 8.7161655998529608e+33, e: -6.5796568795319729e+33
#ERR  p: [266, 336], r: -1.3052428778132007e+34, e: -4.5398212489648551e+34
#ERR  p: [267, 336], r: -1.2540710169672884e+33, e: 1.9039666357013863e+34
#ERR  p: [268, 336], r: 1.7400600320618959e+34, e: -5.2789538992248435e+33
#ERR  p: [269, 336], r: -1.9081734035428859e+34, e: 1.0153196108016373e+34
#ERR  p: [270, 336], r: -4.7363582808208551e+33, e: -3.3641297866149009e+34
#ERR  p: [271, 336], r: 1.4060660377547710e+34, e: -1.6799108776390939e+34
#ERR  p: [272, 336], r: 1.5867664121732029e+34, e: 2.9472757613062562e+34
#ERR  p: [273, 336], r: 2.0745202655363166e+33, e: 6.2705738288413838e+34
#ERR  p: [274, 336], r: -1.6397097652153326e+34, e: -4.4751562130727440e+34
#ERR  p: [275, 336], r: -1.9671603798568067e+34, e: -1.7943908683000566e+34
#ERR  p: [276, 336], r: 1.3886265574513382e+34, e: -8.1342570291063964e+33
#ERR  p: [277, 336], r: -2.8429107311182865e+34, e: -3.9134976179008019e+34
#ERR  p: [278, 336], r: -1.4438406639075290e+34, e: -3.3618951191529849e+33
#ERR  p: [279, 336], r: -1.3983456246997677e+34, e: -4.2542027327489007e+34
#ERR  p: [280, 336], r: 2.0214124831084689e+34, e: 3.1236121494981994e+34
#ERR  p: [281, 336], r: 7.7158396402706392e+32, e: -2.3720300623876346e+33
#ERR  p: [282, 336], r: 1.1782362956887132e+34, e: -9.9863329321810574e+33
#ERR  p: [283, 336], r: -9.7372012130949924e+33, e: -1.3144068527480146e+34
#ERR  p: [284, 336], r: -2.6583408037250563e+34, e: -4.5240800986013179e+34
#ERR  p: [285, 336], r: -2.0897193838536527e+32, e: -7.4025907666053498e+34
#ERR  p: [286, 336], r: 2.0250267728471665e+34, e: 3.8267648152803818e+34
#ERR  p: [287, 336], r: 6.4197094557261250e+33, e: -1.4687704242126619e+34
#ERR  p: [288, 336], r: 1.0134920321845151e+32, e: -7.8407364940316755e+33
#ERR  p: [289, 336], r: 1.3087296597278519e+34, e: 5.5895993540390147e+34
#ERR  p: [290, 336], r: 2.3290938142925752e+34, e: 6.3634198269638031e+34
#ERR  p: [291, 336], r: -4.3060908657015435e+33, e: 5.4460131647623820e+34
#ERR  p: [292, 336], r: -3.5100137163984512e+33, e: 5.1014404157465459e+33
#ERR  p: [293, 336], r: 1.3953936328820878e+34, e: 1.8532545457860646e+34
#ERR  p: [294, 336], r: -2.8683832043366421e+33, e: -7.7000625586974617e+33
#ERR  p: [295, 336], r: -6.7981081116544086e+33, e: -2.3824765122546472e+34
#ERR  p: [296, 336], r: 3.0295636164216183e+33, e: -9.6168802499466695e+33
#ERR  p: [297, 336], r: -1.7492748863323245e+34, e: -3.9353450313021182e+34
#ERR  p: [298, 336], r: -3.7865181466631748e+32, e: 1.0137892074280708e+34
#ERR  p: [299, 336], r: -7.3873490012536604e+33, e: -5.5765841476419839e+34
#ERR  p: [300, 336], r: 4.2232138749214855e+33, e: 1.8095219618122339e+34
#ERR  p: [301, 336], r: 2.2943980688115238e+34, e: 5.5582873938613460e+34
#ERR  p: [302, 336], r: 2.2364602466808973e+34, e: 2.4201212784972842e+34
#ERR  p: [303, 336], r: -2.3245750855611757e+34, e: -1.9813219187302158e+34
#ERR  p: [304, 336], r: -2.9325481124528820e+33, e: 2.2189995976027927e+34
#ERR  p: [305, 336], r: 1.5154437966468170e+33, e: -3.7478777052469406e+33
#ERR  p: [306, 336], r: 4.7521231377361446e+33, e: 7.2089042773808103e+33
#ERR  p: [307, 336], r: 2.0029289551244038e+33, e: -6.4782318331433021e+33
#ERR  p: [308, 336], r: 7.8627885389214857e+33, e: 3.8341835423478112e+34
#ERR  p: [309, 336], r: 1.1934926687328662e+34, e: 3.4304128101383580e+34
#ERR  p: [310, 336], r: 1.8764268026174241e+33, e: 2.0752113765117487e+34
#ERR  p: [311, 336], r: 4.7064623383571230e+31, e: -4.9434619355731814e+33
#ERR  p: [312, 336], r: 5.9763845585574411e+33, e: 3.8421402781563141e+34
#ERR  p: [313, 336], r: 5.8057580450026978e+33, e: 1.1220110398084341e+34
#ERR  p: [314, 336], r: 3.3317045469599029e+33, e: -6.1476263283117092e+33
#ERR  p: [315, 336], r: 2.9944370678068956e+33, e: -1.4823736521283533e+34
#ERR  p: [316, 336], r: -2.0260052406542176e+34, e: 8.0146460245706036e+33
#ERR  p: [317, 336], r: 1.1837251980289006e+34, e: -1.0907877161375782e+34
#ERR  p: [318, 336], r: -2.4890760242135270e+34, e: -7.5819276738645129e+34
#ERR  p: [319, 336], r: -1.1494221271283106e+34, e: -3.1882655487539412e+34
#ERR  p: [320, 336], r: 2.8115544526872114e+34, e: 6.0473984937350312e+34
#ERR  p: [321, 336], r: -9.9451664741146613e+33, e: -2.6238433762382985e+34
#ERR  p: [322, 336], r: -9.2628925336530543e+33, e: -2.7748738560441718e+33
#ERR  p: [323, 336], r: -2.9225792908015266e+33, e: 3.1604366566708058e+34
#ERR  p: [324, 336], r: 1.0400920908247790e+34, e: -5.4928228962918644e+33
#ERR  p: [325, 336], r: 1.3804446403496893e+34, e: -2.8872133864802081e+34
#ERR  p: [326, 336], r: 1.6122153645308121e+34, e: 3.6253289452039197e+34
#ERR  p: [327, 336], r: -1.6335750295566500e+34, e: -4.3528546696555684e+34
#ERR  p: [328, 336], r: 8.3011468206525567e+33, e: -1.7810728617694166e+34
#ERR  p: [329, 336], r: 1.0147677990291258e+34, e: 4.2894964032689269e+34
#ERR  p: [330, 336], r: 2.0273005901628249e+33, e: -3.1607660725152597e+33
#ERR  p: [331, 336], r: -7.4679525151515708e+33, e: -2.8813017276166047e+34
#ERR  p: [332, 336], r: -1.2569946599580687e+34, e: -5.0785212557562183e+34
#ERR  p: [333, 336], r: -4.0019843184946312e+32, e: -1.0615304888371154e+32
#ERR  p: [334, 336], r: 9.8292012029945640e+33, e: -4.0199399114746925e+34
#ERR  p: [335, 336], r: -1.4152591042805081e+34, e: -4.3361865497906143e+34
#ERR  p: [336, 336], r: 1.0384655614071620e+34, e: -2.0441258355672653e+34
#ERR  p: [337, 336], r: 1.0300007750065364e+34, e: 3.4282989037272743e+34
#ERR  p: [338, 336], r: -1.4542440644096755e+34, e: -3.6454199692774979e+34
#ERR  p: [339, 336], r: -2.1221862492424717e+34, e: -2.3764081301820702e+34
#ERR  p: [340, 336], r: 7.2878783527020113e+32, e: -1.1653385698014106e+34
#ERR  p: [341, 336], r: -2.1358414706398130e+34, e: -6.0579338586453655e+34
#ERR  p: [342, 336], r: 1.5067916480212456e+34, e: -1.3303027456164625e+34
#ERR  p: [343, 336], r: -9.3067026126733443e+33, e: -2.5036171155029809e+34
#ERR  p: [344, 336], r: 5.2866353171686093e+33, e: -2.5986723414195088e+34
#ERR  p: [345, 336], r: 1.1814763561535348e+34, e: -5.5910933000784243e+34
#ERR  p: [346, 336], r: -1.1455063989900470e+34, e: 4.3734097355528727e+33
#ERR  p: [347, 336], r: 8.7258116286390725e+33, e: -3.9398449433449206e+34
#ERR  p: [348, 336], r: 2.1674369190864781e+34, e: 6.8990522183378171e+34
#ERR  p: [349, 336], r: -7.4856711509338624e+33, e: 1.5561267772308701e+34
#ERR  p: [350, 336], r: 1.4831140640658498e+34, e: -8.5622579307562813e+32
#ERR  p: [351, 336], r: -1.0788116675580245e+33, e: 1.9805770502085778e+34
#ERR  p: [352, 336], r: -7.4463733633567677e+33, e: -6.3289238850050924e+34
#ERR  p: [353, 336], r: -1.1346846985486260e+34, e: -2.1865242213762036e+34
#ERR  p: [354, 336], r: 2.3503198436911721e+33, e: -9.8195458896581577e+33
#ERR  p: [355, 336], r: -7.0006573850022040e+33, e: -2.6159879039250092e+34
#ERR  p: [356, 336], r: -1.9516972708260931e+34, e: -1.8496375325792806e+34
#ERR  p: [357, 336], r: 1.1831194739676783e+34, e: -2.9986190768476095e+34
#ERR  p: [358, 336], r: -1.1221577511773399e+33, e: 3.1989234697281647e+34
#ERR  p: [359, 336], r: 1.1336756536226045e+34, e: 2.2316684283768314e+34
#ERR  p: [360, 336], r: 3.2761157160538204e+34, e: 2.0190355144390370e+34
#ERR  p: [361, 336], r: -1.0108023057012830e+34, e: 3.9761488967310075e+32
#ERR  p: [362, 336], r: 1.8884475717808969e+34, e: 2.8755259945693149e+34
#ERR  p: [363, 336], r: 3.9969088417048136e+33, e: -2.7649526950843290e+33
#ERR  p: [364, 336], r: -3.3229009363705249e+34, e: -2.6858693715546610e+34
#ERR  p: [365, 336], r: 1.5205269641391287e+34, e: 5.4817158506713881e+34
#ERR  p: [366, 336], r: -1.8320457856510157e+34, e: -3.6195863889496827e+34
#ERR  p: [367, 336], r: 1.2463770958291259e+34, e: -9.2380415063344200e+33
#ERR  p: [368, 336], r: -5.5401084919724481e+33, e: -2.3982479302521449e+33
#ERR  p: [369, 336], r: -7.6696575133925735e+33, e: 5.9386618175665796e+32
#ERR  p: [370, 336], r: -2.3451598001224208e+33, e: -4.9337723931946888e+34
#ERR  p: [371, 336], r: -6.0989870451981669e+32, e: 5.7535454479657583e+33
#ERR  p: [372, 336], r: 9.6170139474709124e+33, e: 2.5700697368118201e+34
#ERR  p: [373, 336], r: 2.6123505885015809e+33, e: -1.8423583213542786e+34
#ERR  p: [374, 336], r: 7.9921331565011695e+31, e: -2.0182059708187119e+34
#ERR  p: [375, 336], r: 2.6346602487135663e+34, e: 2.4815637088791276e+34
#ERR  p: [376, 336], r: 1.4169621383925530e+34, e: 3.4213622305111426e+34
#ERR  p: [377, 336], r: -7.3719106510237324e+33, e: -4.6700956214110442e+34
#ERR  p: [378, 336], r: -2.3607709667818330e+34, e: -4.5087766838356721e+34
#ERR  p: [379, 336], r: -1.0967448074006234e+34, e: -3.4768499217160155e+34
#ERR  p: [380, 336], r: 3.5932203087139689e+33, e: 5.6205810318142021e+34
#ERR  p: [381, 336], r: 2.0815526005689841e+34, e: 1.6505429784991189e+34
#ERR  p: [382, 336], r: 1.1120306434177114e+34, e: 3.5082963221819506e+34
#ERR  p: [383, 336], r: -6.2455337680787506e+33, e: -9.0349989138809694e+33
#ERR  p: [384, 336], r: 1.9083969755139808e+34, e: 7.0398495762939477e+34
#ERR  p: [385, 336], r: -5.9641865163803426e+33, e: -3.2143057412743131e+33
#ERR  p: [386, 336], r: 3.1550344101333684e+33, e: -2.3401335159749143e+34
#ERR  p: [387, 336], r: 6.8205952924680276e+33, e: -5.0285282852097175e+34
#ERR  p: [388, 336], r: -7.2319497691521469e+33, e: -2.0753877829673468e+34
#ERR  p: [389, 336], r: -1.5892551668281823e+34, e: -1.3192938686411015e+34
#ERR  p: [390, 336], r: 8.8880312913870287e+33, e: -2.1993351676667523e+34
#ERR  p: [391, 336], r: -9.5911583318103979e+33, e: 2.1532303191956390e+34
#ERR  p: [392, 336], r: -8.1018372363875712e+33, e: -2.6553957443715964e+34
#ERR  p: [393, 336], r: -1.7323126319140362e+34, e: -3.7279942218209486e+33
#ERR  p: [394, 336], r: -1.2617509493830071e+34, e: -6.6495949210214201e+33
#ERR  p: [395, 336], r: 5.1052337735119261e+33, e: -3.3205013133983741e+34
#ERR  p: [396, 336], r: -2.0647096835704829e+34, e: -1.1158848459360225e+34
#ERR  p: [397, 336], r: -2.2553942919937593e+34, e: -1.8268062044347403e+34
#ERR  p: [398, 336], r: 6.1889803342940569e+33, e: -7.3812193411491388e+33
#ERR  p: [399, 336], r: 1.6606898778251255e+34, e: 5.2685306916820685e+34
#ERR  p: [400, 336], r: -4.9238340867653018e+33, e: -4.7313766553602658e+32
#ERR  p: [401, 336], r: 1.8842918070690159e+34, e: 2.9685465422372733e+34
#ERR  p: [402, 336], r: -2.2352048826355590e+33, e: -1.1410867054617903e+34
#ERR  p: [403, 336], r: -7.2957104898455601e+33, e: -8.4508311025627092e+33
#ERR  p: [404, 336], r: 1.7666405854094158e+34, e: 6.5447890603854609e+33
#ERR  p: [405, 336], r: 2.5783412807723133e+32, e: 4.4589431599662312e+34
#ERR  p: [406, 336], r: 9.0375837326829973e+33, e: 4.4798281987810070e+34
#ERR  p: [407, 336], r: -5.9698692801306821e+33, e: -5.4387954791573325e+33
#ERR  p: [408, 336], r: -4.7312440410335574e+33, e: 2.1575998142553027e+33
#ERR  p: [409, 336], r: -3.5483313649494417e+33, e: 3.4764478387912556e+34
#ERR  p: [410, 336], r: 1.7986220235603301e+34, e: 2.3466547674623628e+33
#ERR  p: [411, 336], r: -2.5822677170919167e+33, e: -4.7733323930472092e+34
#ERR  p: [412, 336], r: 1.5280103116766088e+34, e: 1.6509519938880988e+34
#ERR  p: [413, 336], r: -9.8259912244726970e+33, e: -7.3882353663217887e+33
#ERR  p: [414, 336], r: 1.6931711961639032e+34, e: 2.0908485399119859e+34
#ERR  p: [415, 336], r: -1.6996469843034089e+34, e: -4.1708462877916275e+34
#ERR  p: [416, 336], r: 1.9165868154318811e+33, e: 2.3799030825009807e+34
#ERR  p: [417, 336], r: 7.1064919738108094e+33, e: 2.5875192444295711e+34
#ERR  p: [418, 336], r: -1.2793243747986905e+34, e: 1.2175006588847472e+34
#ERR  p: [419, 336], r: -1.1220760316604965e+34, e: -2.0682019124213070e+34
#ERR  p: [420, 336], r: 1.1498126972107051e+34, e: 1.8005404592392106e+34
#ERR  p: [421, 336], r: 6.7427981886391771e+33, e: 6.7938412418240018e+32
#ERR  p: [422, 336], r: -8.3598623167158623e+33, e: -3.6978041448038823e+34
#ERR  p: [423, 336], r: 6.9437796109272176e+33, e: 2.5173612209951429e+34
#ERR  p: [424, 336], r: 1.1219079194031616e+34, e: 1.1446585338571404e+34
#ERR  p: [425, 336], r: -4.7579609534764046e+33, e: -9.0004207727036502e+33
#ERR  p: [426, 336], r: 3.8480615929522239e+34, e: 7.7445494195372290e+34
#ERR  p: [427, 336], r: -1.5258096256687712e+34, e: -2.4782658366144713e+34
#ERR  p: [428, 336], r: 5.3284343625950802e+32, e: -1.2239858553685515e+34
#ERR  p: [429, 336], r: 2.9859184929115631e+33, e: -1.7965601106308963e+34
#ERR  p: [430, 336], r: -1.3617482795243701e+33, e: 3.4658693935675542e+34
#ERR  p: [431, 336], r: -8.7973565162995121e+33, e: 2.0833186458290286e+34
#ERR  p: [432, 336], r: -1.6669633865622120e+34, e: -3.2748542551537885e+34
#ERR  p: [433, 336], r: 2.0027027525307254e+34, e: 3.3097881802983984e+34
#ERR  p: [434, 336], r: -5.6753082564529419e+33, e: 1.0709803041270003e+34
#ERR  p: [435, 336], r: 3.2324245411743037e+33, e: 2.7892975287208996e+34
#ERR  p: [436, 336], r: -1.8880061842598897e+33, e: -2.8730914616880562e+34
#ERR  p: [437, 336], r: 5.5232712694981276e+33, e: 1.4441418547190871e+34
#ERR  p: [438, 336], r: -5.4423137047489816e+33, e: 8.2700299598250794e+33
#ERR  p: [439, 336], r: 4.6786356126690564e+33, e: 1.2593404325385106e+34
#ERR  p: [440, 336], r: 8.0762712986962495e+32, e: -1.0699576418605467e+34
#ERR  p: [441, 336], r: 2.6040259369134024e+34, e: -1.9559762105718830e+31
#ERR  p: [442, 336], r: 1.7341410693520607e+34, e: 6.5287874474376581e+33
#ERR  p: [443, 336], r: 8.6201825378769885e+33, e: 2.5719367979790703e+34
#ERR  p: [444, 336], r: -5.4376454328608364e+33, e: -1.9277931438435081e+34
#ERR  p: [445, 336], r: -1.1466698150389674e+34, e: 1.9564023714304070e+33
#ERR  p: [446, 336], r: 1.3177480529140459e+34, e: 2.5776054801614630e+33
#ERR  p: [447, 336], r: -2.1726980404594370e+33, e: -1.8886005811697526e+34
#ERR  p: [448, 336], r: 1.0793956967200584e+34, e: 1.6885564032854551e+34
#ERR  p: [449, 336], r: -1.9912281625125852e+34, e: -1.0337493193424945e+34
#ERR  p: [450, 336], r: 1.0950536575129556e+34, e: 1.6915787100973664e+34
#ERR  p: [451, 336], r: 7.8447715595897262e+33, e: -2.7663208664157472e+34
#ERR  p: [452, 336], r: 2.2870063288369508e+34, e: 3.2767851940270659e+34
#ERR  p: [453, 336], r: -6.2246942854574205e+33, e: -4.1371062320209045e+34
#ERR  p: [454, 336], r: 1.1944526912333320e+34, e: 2.2518760664021103e+34
#ERR  p: [455, 336], r: -1.2576803549458289e+34, e: -4.8391459897077693e+33
#ERR  p: [456, 336], r: -1.3079014778415700e+34, e: -2.4458528525658622e+34
#ERR  p: [457, 336], r: -3.0602920735617698e+33, e: 1.6748147736733717e+34
#ERR  p: [458, 336], r: -8.1718860735105344e+33, e: -2.8940777639980456e+34
#ERR  p: [459, 336], r: -9.4742423227401295e+33, e: -4.2636244467998939e+34
#ERR  p: [460, 336], r: -1.7729488802616063e+34, e: -3.5731064446466659e+34
#ERR  p: [461, 336], r: -5.2437889744689030e+33, e: -4.1938425095494006e+33
#ERR  p: [462, 336], r: 4.6213365521244507e+32, e: 6.3904901093908643e+34
#ERR  p: [463, 336], r: -4.1436892257678123e+33, e: 3.5765950834713761e+33
#ERR  p: [464, 336], r: 1.2365136228751137e+33, e: 1.6976857158991691e+34
#ERR  p: [465, 336], r: -2.6070973899448734e+33, e: 2.6845898367300557e+34
#ERR  p: [466, 336], r: -9.6059659515903100e+33, e: -2.0045604053536770e+34
#ERR  p: [467, 336], r: -1.4182254562026438e+34, e: -5.9592259668489221e+34
#ERR  p: [468, 336], r: 9.2455412565774206e+32, e: 1.1900070009642504e+32
#ERR  p: [469, 336], r: -7.8593024997708580e+33, e: -7.1772699576169117e+33
#ERR  p: [470, 336], r: 1.3310343681796802e+33, e: 1.1705545063629356e+34
#ERR  p: [471, 336], r: 5.7776184299697018e+33, e: -1.2180168798811292e+34
#ERR  p: [472, 336], r: -7.8263064459637455e+33, e: -7.1721653118649184e+33
#ERR  p: [473, 336], r: 8.6177549374599498e+33, e: 1.9508479201651394e+34
#ERR  p: [474, 336], r: 4.7366637425255488e+33, e: 2.3342278611205014e+33
#ERR  p: [475, 336], r: 1.2305866754520251e+34, e: 4.0097207164503917e+34
#ERR  p: [476, 336], r: 7.3575697346386309e+33, e: 1.6523729014651906e+34
#ERR  p: [477, 336], r: -2.6099692870420115e+34, e: -4.1253079206824912e+34
#ERR  p: [478, 336], r: -1.4975009080264088e+34, e: -5.1697245693435078e+33
#ERR  p: [479, 336], r: 9.9362118348404905e+33, e: 2.1408239317099288e+34
#ERR  p: [480, 336], r: 8.9625577576320872e+33, e: 2.2104672196760222e+34
#ERR  p: [481, 336], r: -1.4815572306724445e+34, e: 2.0875541338794396e+34
#ERR  p: [482, 336], r: -5.7711817607354375e+33, e: -4.8677332438589709e+34
#ERR  p: [483, 336], r: -7.0501598218081380e+32, e: -2.6820857316185892e+34
#ERR  p: [484, 336], r: 1.3094075556933646e+34, e: 1.7894612672696183e+34
#ERR  p: [485, 336], r: -7.9975011739965208e+33, e: -1.6409940042120872e+34
#ERR  p: [486, 336], r: 4.1524705534364832e+33, e: -1.3034049391853747e+33
#ERR  p: [487, 336], r: 8.6608562958077489e+33, e: 3.2264597127860130e+34
#ERR  p: [488, 336], r: -1.2648406001330555e+34, e: -3.1532994371683099e+34
#ERR  p: [489, 336], r: -3.7931154386175364e+33, e: 2.1620919891728595e+34
#ERR  p: [490, 336], r: -1.3585916562181963e+34, e: -6.8360837792695466e+33
#ERR  p: [491, 336], r: 1.6828704208910134e+34, e: -7.5858545434631300e+33
#ERR  p: [492, 336], r: -8.9703895852906261e+33, e: -4.3311936900241685e+34
#ERR  p: [493, 336], r: 2.5822636937867890e+34, e: 5.4878793065389822e+34
#ERR  p: [494, 336], r: -3.2001697039657133e+33, e: -1.1484666850059901e+34
#ERR  p: [495, 336], r: -8.9256343390503418e+33, e: -2.4655222342620598e+34
#ERR  p: [496, 336], r: 2.1147784160473880e+34, e: 3.9835677475924409e+34
#ERR  p: [497, 336], r: -2.8505673902612666e+32, e: 3.5293192675171027e+34
#ERR  p: [498, 336], r: 1.0302394498461106e+34, e: 8.2828176328428895e+34
#ERR  p: [499, 336], r: -1.3659876051889029e+34, e: -3.3219207354474187e+34
#ERR  p: [500, 336], r: 1.9788179374127532e+34, e: 1.8327573535855969e+34
#SDC Ite:3 KerTime:2.7785694 AccTime:8.1676128 KerErr:32768 AccErr:32768
#ABORT too many errors per iteration
#END
