#HEADER matrix_dim:2048 threads:4 block_size:16 block_offset:12 precision:Float
#BEGIN Y:2023 M:10 D:31 Time:23:14:12
#IT 0 KerTime:2.6562989 AccTime:2.6562989
#ERR  p: [1896, 858], r: 1.6954621280006047e+34, e: 8.9599327057787825e+33
#SDC Ite:1 KerTime:2.6562989 AccTime:2.6562989 KerErr:1 AccErr:1
#IT 1 KerTime:2.6936373 AccTime:5.3499361
#IT 2 KerTime:2.7281929 AccTime:8.0781290
#IT 3 KerTime:2.7065135 AccTime:10.7846426
#ERR  p: [1750, 722], r: -2.4655289191382719e+34, e: -2.4107535386320038e+34
#ERR  p: [1113, 987], r: 6.0292860692262429e+33, e: 7.8828809247291070e+33
#ERR  p: [1865, 988], r: -3.7272406258220336e+33, e: -4.1481724256200843e+33
#ERR  p: [1081, 989], r: 1.7030437060802021e+33, e: 4.6439073712619738e+33
#ERR  p: [1046, 990], r: -3.9413356707402280e+34, e: -4.2867689737743734e+34
#ERR  p: [1047, 990], r: 1.7410188166223224e+34, e: 1.2794330659341398e+34
#ERR  p: [1048, 990], r: -1.1791469243816115e+34, e: -9.3218506659640599e+33
#ERR  p: [1837, 990], r: -1.5018453348002769e+34, e: -1.2580762481703923e+34
#ERR  p: [1838, 990], r: -7.7319164890243296e+34, e: -7.3240825900179339e+34
#ERR  p: [1879, 990], r: -3.4047792809208914e+34, e: -3.5590580534928476e+34
#ERR  p: [1054, 991], r: 1.8751679413914748e+34, e: 2.0312661144391687e+34
#SDC Ite:4 KerTime:2.7065135 AccTime:10.7846426 KerErr:11 AccErr:12
#IT 4 KerTime:2.6563913 AccTime:13.4410338
#IT 5 KerTime:2.7727853 AccTime:16.2138192
#ERR  p: [1852, 629], r: -1.1323717313792252e+34, e: -1.4394521664682623e+34
#ERR  p: [1481, 658], r: 1.9747057481902551e+34, e: 2.2249105137023726e+34
#ERR  p: [1686, 722], r: 4.7951042921061291e+34, e: 4.6644605183522172e+34
#ERR  p: [1687, 722], r: -5.1051669247498047e+33, e: -9.2662696340802249e+33
#ERR  p: [1688, 722], r: 6.2767818505503922e+33, e: 7.3717138185574860e+33
#ERR  p: [1689, 722], r: 2.3464529522874583e+34, e: 1.8123106693387321e+34
#ERR  p: [1704, 722], r: -3.0291328132879470e+34, e: -3.0632551449428014e+34
#ERR  p: [1705, 722], r: 1.2807701649705719e+34, e: 1.2259520755329485e+34
#ERR  p: [1718, 722], r: -2.2905148984962934e+34, e: -2.3185656294344687e+34
#ERR  p: [1767, 722], r: -3.9498145696573014e+34, e: -3.9613274120226555e+34
#ERR  p: [1720, 948], r: -2.8058923625355279e+34, e: -3.1296810267467920e+34
#ERR  p: [1702, 978], r: 2.5809735126778458e+34, e: 2.5057102245214046e+34
#ERR  p: [1704, 978], r: -1.0169250333415846e+34, e: -7.1136392206276235e+33
#ERR  p: [1718, 978], r: -5.4526321825644331e+34, e: -5.3138784160251548e+34
#ERR  p: [1751, 978], r: 2.2584250167979378e+34, e: 2.2180362326642208e+34
#ERR  p: [1769, 978], r: 2.0139956129510984e+34, e: 2.2063911783026711e+34
#ERR  p: [1770, 978], r: -2.8642654443839672e+34, e: -3.0256797033423644e+34
#ERR  p: [1814, 978], r: -6.0269123192009132e+33, e: -2.5273978817606511e+33
#ERR  p: [1815, 978], r: 1.9816278756109252e+33, e: 3.2916562582339913e+33
#ERR  p: [1731, 980], r: 1.8957827378956746e+34, e: 1.7283411964740047e+34
#SDC Ite:6 KerTime:2.7727853 AccTime:16.2138192 KerErr:20 AccErr:32
#IT 6 KerTime:2.6972341 AccTime:18.9110533
#IT 7 KerTime:2.6557212 AccTime:21.5667745
#IT 8 KerTime:2.6838779 AccTime:24.2506523
#IT 9 KerTime:2.6602500 AccTime:26.9109024
#IT 10 KerTime:2.6594615 AccTime:29.5703639
#ERR  p: [1644, 863], r: -1.9378423697004150e+34, e: -1.8700750560698547e+34
#SDC Ite:11 KerTime:2.6594615 AccTime:29.5703639 KerErr:1 AccErr:33
#IT 11 KerTime:2.6555348 AccTime:32.2258987
#IT 12 KerTime:2.6968336 AccTime:34.9227323
#IT 13 KerTime:2.6585344 AccTime:37.5812666
#ERR  p: [1748, 594], r: -2.3244939385916005e+32, e: 1.3881950115536433e+33
#ERR  p: [1757, 594], r: -1.2405343902257106e+34, e: -1.3673062589187497e+34
#ERR  p: [1758, 594], r: -6.2101484899958173e+33, e: -8.5198375941725941e+33
#ERR  p: [1759, 594], r: 1.2666133302693122e+34, e: 1.0380439809267833e+34
#SDC Ite:14 KerTime:2.6585344 AccTime:37.5812666 KerErr:4 AccErr:37
#IT 14 KerTime:2.8154731 AccTime:40.3967397
#ERR  p: [1096, 542], r: 1.4031935216876132e+34, e: 1.4529462080724887e+34
#ERR  p: [1097, 542], r: -1.3542185092354168e+33, e: -1.4062837914076813e+33
#ERR  p: [1880, 658], r: 1