#HEADER matrix_dim:2048 threads:4 block_size:16 block_offset:12 precision:Float
#BEGIN Y:2023 M:11 D:07 Time:05:10:17
#IT 0 KerTime:2.6934361 AccTime:2.6934361
#IT 1 KerTime:2.7417761 AccTime:5.4352122
#IT 2 KerTime:2.6830783 AccTime:8.1182905
#IT 3 KerTime:2.7389668 AccTime:10.8572574
#IT 4 KerTime:2.6433519 AccTime:13.5006092
#IT 5 KerTime:2.6742572 AccTime:16.1748664
#IT 6 KerTime:2.6429276 AccTime:18.8177941
#IT 7 KerTime:2.6692208 AccTime:21.4870149
#IT 8 KerTime:2.6395624 AccTime:24.1265773
#ERR  p: [1817, 1782], r: 1.0243815175802122e+34, e: 1.2863676346522047e+34
#ERR  p: [1815, 1784], r: -4.0597149249369318e+34, e: -2.8543525157253856e+34
#SDC Ite:9 KerTime:2.6395624 AccTime:24.1265773 KerErr:2 AccErr:2
#IT 9 KerTime:2.7103247 AccTime:26.8369020
#IT 10 KerTime:2.6644183 AccTime:29.5013203
#IT 11 KerTime:2.6716729 AccTime:32.1729932
#IT 12 KerTime:2.6387459 AccTime:34.8117390
#IT 13 KerTime:2.7136674 AccTime:37.5254064
#IT 14 KerTime:2.6431151 AccTime:40.1685214
