#HEADER matrix_dim:2048 threads:4 block_size:16 block_offset:12 precision:Float
#BEGIN Y:2023 M:11 D:04 Time:00:11:31
#IT 0 KerTime:2.6594950 AccTime:2.6594950
#IT 1 KerTime:2.7431338 AccTime:5.4026288
#IT 2 KerTime:2.7360586 AccTime:8.1386874
#IT 3 KerTime:2.7210600 AccTime:10.8597474
#IT 4 KerTime:2.6769276 AccTime:13.5366750
#IT 5 KerTime:2.6983761 AccTime:16.2350511
#IT 6 KerTime:2.6627487 AccTime:18.8977998
#IT 7 KerTime:2.6943374 AccTime:21.5921372
#IT 8 KerTime:2.7000188 AccTime:24.2921560
#IT 9 KerTime:2.7028389 AccTime:26.9949949
#IT 10 KerTime:2.6854846 AccTime:29.6804796
#IT 11 KerTime:2.6630587 AccTime:32.3435383
#IT 12 KerTime:2.6583346 AccTime:35.0018729
#IT 13 KerTime:2.6594686 AccTime:37.6613414
#IT 14 KerTime:2.7074682 AccTime:40.3688096
#IT 15 KerTime:2.6647241 AccTime:43.0335337
#IT 16 KerTime:2.7079034 AccTime:45.7414371
#IT 17 KerTime:2.6804141 AccTime:48.4218512
#IT 18 KerTime:2.7552766 AccTime:51.1771278
#IT 19 KerTime:2.6963332 AccTime:53.8734610
#IT 20 KerTime:2.7005166 AccTime:56.5739776
#ERR  p: [1302, 722], r: -5.3326995612064340e+34, e: -5.0826495381992272e+34
#ERR  p: [1303, 722], r: 5.3629820504474330e+34, e: 5.3031806333816663e+34
#ERR  p: [1304, 722], r: 1.3897837838000622e+34, e: 1.3523601136484415e+34
#SDC Ite:21 KerTime:2.7005166 AccTime:56.5739776 KerErr:3 AccErr:3
#IT 21 KerTime:2.6586520 AccTime:59.2326297
#IT 22 KerTime:2.6996959 AccTime:61.9323256
