#HEADER matrix_dim:2048 threads:4 block_size:16 block_offset:12 precision:Float
#BEGIN Y:2023 M:11 D:08 Time:06:20:26
#IT 0 KerTime:2.6535363 AccTime:2.6535363
#IT 1 KerTime:2.6988464 AccTime:5.3523826
#IT 2 KerTime:2.6987340 AccTime:8.0511166
#IT 3 KerTime:2.7074559 AccTime:10.7585725
#IT 4 KerTime:2.6549709 AccTime:13.4135434
#IT 5 KerTime:2.7101600 AccTime:16.1237034
#IT 6 KerTime:2.6627879 AccTime:18.7864913
#IT 7 KerTime:2.6809974 AccTime:21.4674888
#IT 8 KerTime:2.6560472 AccTime:24.1235360
#IT 9 KerTime:2.6754756 AccTime:26.7990116
#IT 10 KerTime:2.6589788 AccTime:29.4579904
#IT 11 KerTime:2.6585739 AccTime:32.1165643
#IT 12 KerTime:2.6610939 AccTime:34.7776582
#IT 13 KerTime:2.6547931 AccTime:37.4324514
#IT 14 KerTime:2.6961967 AccTime:40.1286481
#IT 15 KerTime:2.6650242 AccTime:42.7936723
#IT 16 KerTime:2.6867909 AccTime:45.4804632
#IT 17 KerTime:2.6547442 AccTime:48.1352073
#IT 18 KerTime:2.7527168 AccTime:50.8879241
#IT 19 KerTime:2.6589289 AccTime:53.5468530
#IT 20 KerTime:2.7427737 AccTime:56.2896267
#IT 21 KerTime:2.6551247 AccTime:58.9447515
#IT 22 KerTime:2.7312817 AccTime:61.6760331
#IT 23 KerTime:2.6588825 AccTime:64.3349157
#IT 24 KerTime:2.7111023 AccTime:67.0460180
#IT 25 KerTime:2.6545676 AccTime:69.7005855
#IT 26 KerTime:2.7174545 AccTime:72.4180401
#IT 27 KerTime:2.6646443 AccTime:75.0826843
#IT 28 KerTime:2.6898487 AccTime:77.7725331
#IT 29 KerTime:2.6551653 AccTime:80.4276984
#IT 30 KerTime:2.6863628 AccTime:83.1140612
#IT 31 KerTime:2.6582170 AccTime:85.7722782
#IT 32 KerTime:2.6595446 AccTime:88.4318229
#IT 33 KerTime:2.6546614 AccTime:91.0864843
#IT 34 KerTime:2.6549612 AccTime:93.7414455
#IT 35 KerTime:2.7033057 AccTime:96.4447512
#IT 36 KerTime:2.6607102 AccTime:99.1054614
#IT 37 KerTime:2.7475320 AccTime:101.8529934
#ERR  p: [1766, 863], r: 1.2450396254106819e+34, e: 1.2278773198820451e+34
#SDC Ite:38 KerTime:2.7475320 AccTime:101.8529934 KerErr:1 AccErr:1
#IT 38 KerTime:2.6678732 AccTime:104.5208666
#IT 39 KerTime:2.6593831 AccTime:107.1802497
#IT 40 KerTime:2.6600178 AccTime:109.8402675
#IT 41 KerTime:2.6882658 AccTime:112.5285333
#IT 42 KerTime:2.6559365 AccTime:115.1844698
