#HEADER matrix_dim:2048 threads:4 block_size:16 block_offset:12 precision:Float
#BEGIN Y:2023 M:11 D:07 Time:03:04:53
#IT 0 KerTime:2.6584215 AccTime:2.6584215
#IT 1 KerTime:2.7218562 AccTime:5.3802776
#IT 2 KerTime:2.7610478 AccTime:8.1413254
#IT 3 KerTime:2.6871248 AccTime:10.8284503
#IT 4 KerTime:2.6562534 AccTime:13.4847036
#IT 5 KerTime:2.7077901 AccTime:16.1924937
#IT 6 KerTime:2.6598125 AccTime:18.8523062
#IT 7 KerTime:2.6868641 AccTime:21.5391703
#IT 8 KerTime:2.6593093 AccTime:24.1984796
#IT 9 KerTime:2.6566182 AccTime:26.8550977
#IT 10 KerTime:2.6611546 AccTime:29.5162523
#IT 11 KerTime:2.6608403 AccTime:32.1770926
#IT 12 KerTime:2.7633340 AccTime:34.9404266
#IT 13 KerTime:2.6563631 AccTime:37.5967897
#IT 14 KerTime:2.7627953 AccTime:40.3595850
#IT 15 KerTime:2.6612544 AccTime:43.0208394
#IT 16 KerTime:2.6985554 AccTime:45.7193948
#IT 17 KerTime:2.6561621 AccTime:48.3755569
#IT 18 KerTime:2.7784680 AccTime:51.1540250
#IT 19 KerTime:2.6601092 AccTime:53.8141341
#IT 20 KerTime:2.7781573 AccTime:56.5922914
#IT 21 KerTime:2.6564179 AccTime:59.2487093
#IT 22 KerTime:2.6982831 AccTime:61.9469924
#IT 23 KerTime:2.6599565 AccTime:64.6069489
#IT 24 KerTime:2.7163958 AccTime:67.3233448
#IT 25 KerTime:2.6564548 AccTime:69.9797996
#IT 26 KerTime:2.7125720 AccTime:72.6923716
#IT 27 KerTime:2.6594052 AccTime:75.3517767
#IT 28 KerTime:2.6961808 AccTime:78.0479575
#IT 29 KerTime:2.6548891 AccTime:80.7028467
#IT 30 KerTime:2.6965154 AccTime:83.3993620
#IT 31 KerTime:2.6611525 AccTime:86.0605145
#IT 32 KerTime:2.6810940 AccTime:88.7416086
#IT 33 KerTime:2.6633984 AccTime:91.4050069
#IT 34 KerTime:2.6563736 AccTime:94.0613806
#IT 35 KerTime:2.6676202 AccTime:96.7290008
#IT 36 KerTime:2.6605962 AccTime:99.3895969
#IT 37 KerTime:2.7527868 AccTime:102.1423837
#IT 38 KerTime:2.6555773 AccTime:104.7979610
#IT 39 KerTime:2.8150646 AccTime:107.6130256
#IT 40 KerTime:2.6605340 AccTime:110.2735596
#IT 41 KerTime:2.6992212 AccTime:112.9727808
#ERR  p: [342, 991], r: 1.2643018486279585e+34, e: 1.6708263784548020e+34
#SDC Ite:42 KerTime:2.6992212 AccTime:112.9727808 KerErr:1 AccErr:1
#IT 42 KerTime:2.6550332 AccTime:115.6278140
#IT 43 KerTime:2.7785346 AccTime:118.4063486
#IT 44 KerTime:2.6597370 AccTime:121.0660856
#IT 45 KerTime:2.6921690 AccTime:123.7582546
#IT 46 KerTime:2.6552344 AccTime:126.4134890
#IT 47 KerTime:2.7424614 AccTime:129.1559503
#IT 48 KerTime:2.6584827 AccTime:131.8144331
#IT 49 KerTime:2.7013216 AccTime:134.5157547
#IT 50 KerTime:2.6548084 AccTime:137.1705630
#IT 51 KerTime:2.6956986 AccTime:139.8662617
#IT 52 KerTime:2.6603211 AccTime:142.5265828
#IT 53 KerTime:2.6879323 AccTime:145.2145151
#IT 54 KerTime:2.6564784 AccTime:147.8709935
#IT 55 KerTime:2.7126186 AccTime:150.5836121
#IT 56 KerTime:2.6571424 AccTime:153.2407545
#IT 57 KerTime:2.6849072 AccTime:155.9256617
#IT 58 KerTime:2.6554914 AccTime:158.5811531
#IT 59 KerTime:2.6845796 AccTime:161.2657327
#IT 60 KerTime:2.6706684 AccTime:163.9364011
#IT 61 KerTime:2.7515360 AccTime:166.6879371
#IT 62 KerTime:2.6695005 AccTime:169.3574376
#IT 63 KerTime:2.6545965 AccTime:172.0120341
#IT 64 KerTime:2.6734853 AccTime:174.6855194
#IT 65 KerTime:2.6583646 AccTime:177.3438841
#IT 66 KerTime:2.7514073 AccTime:180.0952913
#IT 67 KerTime:2.6544900 AccTime:182.7497813
#IT 68 KerTime:2.7607310 AccTime:185.5105124
#IT 69 KerTime:2.6584108 AccTime:188.1689231
#IT 70 KerTime:2.6952461 AccTime:190.8641693
#IT 71 KerTime:2.6663672 AccTime:193.5305365
#IT 72 KerTime:2.7797657 AccTime:196.3103023
#IT 73 KerTime:2.6588351 AccTime:198.9691373
#IT 74 KerTime:2.6966359 AccTime:201.6657732
#IT 75 KerTime:2.6541362 AccTime:204.3199094
#IT 76 KerTime:2.6915654 AccTime:207.0114749
#IT 77 KerTime:2.6575143 AccTime:209.6689892
#IT 78 KerTime:2.6855832 AccTime:212.3545724
#IT 79 KerTime:2.6557784 AccTime:215.0103507
#IT 80 KerTime:2.6920594 AccTime:217.7024101
#ERR  p: [249, 600], r: -5.4621836327315434e+34, e: -5.3598431296838210e+34
#SDC Ite:81 KerTime:2.6920594 AccTime:217.7024101 KerErr:1 AccErr:2
#IT 81 KerTime:2.6579501 AccTime:220.3603602
