#HEADER matrix_dim:2048 threads:4 block_size:16 block_offset:12 precision:Float
#BEGIN Y:2023 M:11 D:10 Time:12:59:37
#IT 0 KerTime:2.6747761 AccTime:2.6747761
#IT 1 KerTime:2.7510078 AccTime:5.4257839
#IT 2 KerTime:2.7608019 AccTime:8.1865858
#IT 3 KerTime:2.6970924 AccTime:10.8836782
#IT 4 KerTime:2.6610718 AccTime:13.5447500
#IT 5 KerTime:2.7079913 AccTime:16.2527413
#IT 6 KerTime:2.6649013 AccTime:18.9176426
#IT 7 KerTime:2.7023095 AccTime:21.6199521
#IT 8 KerTime:2.6614681 AccTime:24.2814202
#IT 9 KerTime:2.6868389 AccTime:26.9682591
#IT 10 KerTime:2.6668690 AccTime:29.6351281
#IT 11 KerTime:2.6651814 AccTime:32.3003095
#IT 12 KerTime:2.7598695 AccTime:35.0601790
#ERR  p: [1163, 944], r: -5.5210417394873746e+34, e: -5.6771717275940782e+34
#SDC Ite:13 KerTime:2.7598695 AccTime:35.0601790 KerErr:1 AccErr:1
#IT 13 KerTime:2.6921923 AccTime:37.7523713
#IT 14 KerTime:2.6767982 AccTime:40.4291695
#IT 15 KerTime:2.7285652 AccTime:43.1577347
#IT 16 KerTime:2.6609623 AccTime:45.8186970
#IT 17 KerTime:2.6787602 AccTime:48.4974572
#IT 18 KerTime:2.6652391 AccTime:51.1626964
#IT 19 KerTime:2.6648504 AccTime:53.8275468
#IT 20 KerTime:2.6736782 AccTime:56.5012250
#IT 21 KerTime:2.6609601 AccTime:59.1621851
#IT 22 KerTime:2.7238440 AccTime:61.8860291
#IT 23 KerTime:2.6648575 AccTime:64.5508866
#IT 24 KerTime:2.7096694 AccTime:67.2605561
#IT 25 KerTime:2.6612896 AccTime:69.9218457
#IT 26 KerTime:2.7309755 AccTime:72.6528212
#IT 27 KerTime:2.7062898 AccTime:75.3591110
#IT 28 KerTime:2.7114141 AccTime:78.0705251
#IT 29 KerTime:2.6611867 AccTime:80.7317118
#IT 30 KerTime:2.7253820 AccTime:83.4570938
#IT 31 KerTime:2.6646132 AccTime:86.1217070
#ERR  p: [1208, 970], r: 2.7533118497189128e+34, e: 2.2597738762647431e+34
#SDC Ite:32 KerTime:2.6646132 AccTime:86.1217070 KerErr:1 AccErr:2
#IT 32 KerTime:2.7176323 AccTime:88.8393393
#IT 33 KerTime:2.6611993 AccTime:91.5005386
#IT 34 KerTime:2.8033561 AccTime:94.3038947
#IT 35 KerTime:2.6617325 AccTime:96.9656271
#IT 36 KerTime:2.7836210 AccTime:99.7492482
#IT 37 KerTime:2.6604288 AccTime:102.4096769
#IT 38 KerTime:2.7666299 AccTime:105.1763069
#IT 39 KerTime:2.6652669 AccTime:107.8415738
#IT 40 KerTime:2.7600870 AccTime:110.6016607
#IT 41 KerTime:2.6618561 AccTime:113.2635169
#IT 42 KerTime:2.7222394 AccTime:115.9857563
#IT 43 KerTime:2.6658614 AccTime:118.6516177
#IT 44 KerTime:2.7326625 AccTime:121.3842802
#IT 45 KerTime:2.6621960 AccTime:124.0464762
