#HEADER matrix_dim:2048 threads:4 block_size:16 block_offset:12 precision:Float
#BEGIN Y:2023 M:11 D:06 Time:08:58:57
#IT 0 KerTime:2.6729938 AccTime:2.6729938
#ERR  p: [464, 32], r: -5.2356896279678745e+34, e: -5.4196455371016191e+34
#ERR  p: [465, 32], r: 8.0245699708955349e+33, e: 8.1939548305908749e+33
#ERR  p: [466, 32], r: -5.7149799019219009e+33, e: -6.8951019516724575e+33
#ERR  p: [467, 32], r: -1.6095349767577514e+34, e: -1.3727538140616250e+34
#ERR  p: [468, 32], r: -2.3532225035982865e+33, e: -2.0050778642900983e+33
#ERR  p: [469, 32], r: 2.7719874131515721e+34, e: 2.5272367638645381e+34
#ERR  p: [470, 32], r: -7.8869438439380417e+32, e: -2.8484780569599627e+33
#ERR  p: [471, 32], r: 4.4930572593198243e+33, e: 6.3081599167261587e+33
#ERR  p: [472, 32], r: -5.6524800231584999e+33, e: -3.9285346279699936e+33
#ERR  p: [473, 32], r: 3.1450859525956593e+34, e: 3.3245813161798508e+34
#ERR  p: [474, 32], r: 5.2363687618734265e+33, e: 3.2173501453159257e+33
#ERR  p: [475, 32], r: -1.1771377476978513e+34, e: -9.8619242910230141e+33
#ERR  p: [476, 32], r: -1.0707153849585933e+34, e: -1.2596320912117662e+34
#ERR  p: [477, 32], r: 2.0772024792709353e+34, e: 1.7310765487848097e+34
#ERR  p: [478, 32], r: 3.4280252570815903e+33, e: -4.9458180449529513e+32
#ERR  p: [479, 32], r: -1.8013483389088483e+34, e: -1.9688233047115788e+34
#ERR  p: [464, 33], r: -8.6392010107005298e+33, e: -8.9404227707596449e+33
#ERR  p: [465, 33], r: 2.1035484120325097e+33, e: 8.5184684324891445e+33
#ERR  p: [466, 33], r: 1.2201206351838908e+34, e: 1.0176226744507238e+34
#ERR  p: [467, 33], r: -2.9532225776669753e+34, e: -2.8646484630321221e+34
#ERR  p: [468, 33], r: -1.1098693239031230e+34, e: -9.1380339012907309e+33
#ERR  p: [469, 33], r: -1.7023945922206028e+34, e: -1.8530153757704747e+34
#ERR  p: [470, 33], r: 5.1619982760733179e+33, e: 6.0758672770244732e+33
#ERR  p: [471, 33], r: -2.0586651937406642e+34, e: -1.8300496073376680e+34
#ERR  p: [472, 33], r: -6.2534132564288020e+33, e: -7.6258975709438746e+33
#ERR  p: [473, 33], r: 4.0424560600852307e+34, e: 4.2190581102096045e+34
#ERR  p: [474, 33], r: -1.7721469427041572e+34, e: -2.1616953531842725e+34
#ERR  p: [475, 33], r: -2.6523496691109308e+33, e: -2.9297806974950595e+33
#ERR  p: [476, 33], r: 4.0526244995679208e+33, e: 7.2682136751779631e+32
#ERR  p: [477, 33], r: 1.1621672150087693e+34, e: 1.3169687696593157e+34
#ERR  p: [478, 33], r: -2.9888123634443986e+34, e: -3.1754481651751882e+34
#ERR  p: [479, 33], r: -6.5861060055378826e+31, e: 1.7605757314659509e+33
#ERR  p: [464, 34], r: 3.7801283953563994e+34, e: 3.4377230936583460e+34
#ERR  p: [465, 34], r: 4.1669606415963186e+34, e: 4.0356260973004854e+34
#ERR  p: [466, 34], r: 1.6187376992157950e+34, e: 1.2655184960985682e+34
#ERR  p: [467, 34], r: -2.5993603884933437e+34, e: -2.8432048656716207e+34
#ERR  p: [468, 34], r: 4.4525712349960215e+34, e: 3.8896794039569434e+34
#ERR  p: [469, 34], r: -2.6599909777974237e+34, e: -2.3354268679455513e+34
#ERR  p: [470, 34], r: 1.7971098798023430e+34, e: 1.8122033399373260e+34
#ERR  p: [471, 34], r: -6.2984860342891631e+33, e: -9.8275665031726877e+33
#ERR  p: [472, 34], r: 1.0645309460073333e+33, e: 1.3186394935363353e+33
#ERR  p: [473, 34], r: 2.2000353465529721e+34, e: 2.3648210114143591e+34
#ERR  p: [474, 34], r: -6.3390561147416334e+32, e: 1.4802117136437453e+33
#ERR  p: [475, 34], r: 1.1519608945608770e+34, e: 1.1324960205591694e+34
#ERR  p: [476, 34], r: -1.9146232877870696e+33, e: -5.3987611172568630e+33
#ERR  p: [477, 34], r: -2.3269246957557393e+34, e: -2.4814607122678590e+34
#ERR  p: [478, 34], r: 2.0222940202104440e+34, e: 2.4342531068097504e+34
#ERR  p: [479, 34], r: 8.3049992900548128e+32, e: 2.8471079668214836e+33
#ERR  p: [464, 35], r: 4.2215414179284110e+33, e: 4.5047641487863363e+33
#ERR  p: [465, 35], r: -1.8182459728570858e+34, e: -1.8639101146742135e+34
#ERR  p: [466, 35], r: 1.2787694062790789e+34, e: 1.3581100975429143e+34
#ERR  p: [467, 35], r: -1.0392699748446896e+34, e: -1.1484045404160180e+34
#ERR  p: [468, 35], r: -8.2370413336582025e+33, e: -6.0856550499450830e+33
#ERR  p: [469, 35], r: -4.8167350660005704e+34, e: -4.8273348037929475e+34
#ERR  p: [470, 35], r: 1.0533550090236708e+34, e: 1.0981988917707680e+34
#ERR  p: [471, 35], r: -2.1594762218698495e+33, e: 7.7555457933181932e+32
#ERR  p: [472, 35], r: 6.7077162058658688e+33, e: 4.2877535693846190e+33
#ERR  p: [473, 35], r: 1.7127140603880857e+34, e: 1.4584461280790258e+34
#ERR  p: [474, 35], r: 9.4914793998471391e+33, e: 1.0923102585918953e+34
#ERR  p: [475, 35], r: -1.2475119154631388e+34, e: -1.7205274427400394e+34
#ERR  p: [476, 35], r: 7.2749898494680014e+33, e: 9.1268639683162589e+33
#ERR  p: [477, 35], r: 2.3669076831445785e+34, e: 2.4155839806652954e+34
#ERR  p: [478, 35], r: -6.6485556703584401e+33, e: -9.5336987259169473e+33
#ERR  p: [479, 35], r: 2.6287295255733579e+34, e: 2.6442646827143580e+34
#ERR  p: [464, 36], r: 1.7547028820225791e+34, e: 1.7077809931255374e+34
#ERR  p: [465, 36], r: -3.2353198972351864e+34, e: -3.3589475220224444e+34
#ERR  p: [466, 36], r: 1.1313340590897952e+33, e: -1.4477653052140754e+33
#ERR  p: [467, 36], r: -5.1181264238450676e+34, e: -4.8319651947158906e+34
#ERR  p: [468, 36], r: -9.0553828345678425e+33, e: -8.0410320975379519e+33
#ERR  p: [469, 36], r: -2.2296431584725606e+34, e: -2.0563373712907920e+34
#ERR  p: [470, 36], r: -3.3215216235787531e+34, e: -3.0633056528964042e+34
#ERR  p: [471, 36], r: -1.2585950688408568e+33, e: -1.7421864416673764e+33
#ERR  p: [472, 36], r: -4.9171404211788819e+34, e: -4.8476573226538720e+34
#ERR  p: [473, 36], r: 1.3256454913946670e+34, e: 1.5830586579615393e+34
#ERR  p: [474, 36], r: -4.9831778373985448e+33, e: -6.7482884527134078e+33
#ERR  p: [475, 36], r: -3.5458078860763604e+34, e: -3.4610486074665690e+34
#ERR  p: [476, 36], r: -2.1919780900132793e+34, e: -1.9749931978673771e+34
#ERR  p: [477, 36], r: -2.1301031233817096e+34, e: -2.2401985780115313e+34
#ERR  p: [478, 36], r: -1.0633097800555802e+34, e: -1.3093655895260328e+34
#ERR  p: [479, 36], r: -1.5943046004544234e+34, e: -1.7958491616663347e+34
#ERR  p: [464, 37], r: 3.5881112682748362e+34, e: 3.5386867597943752e+34
#ERR  p: [465, 37], r: 2.1423042913574072e+33, e: 3.5753373363914621e+33
#ERR  p: [466, 37], r: 6.5888479653536473e+33, e: 8.2245771343726577e+33
#ERR  p: [467, 37], r: 8.3117386356286824e+33, e: 7.3510414578414595e+33
#ERR  p: [468, 37], r: -3.1591742054187426e+34, e: -2.9900673870562261e+34
#ERR  p: [469, 37], r: 9.1249563027157201e+33, e: 8.0568244986191155e+33
#ERR  p: [470, 37], r: -1.5859709428524591e+33, e: -2.9647413621445179e+33
#ERR  p: [471, 37], r: -3.4676458375239287e+34, e: -3.3825736076722059e+34
#ERR  p: [472, 37], r: -1.6364328141373403e+34, e: -1.8931695702667471e+34
#ERR  p: [473, 37], r: 3.4947438498078699e+34, e: 3.5018268475366452e+34
#ERR  p: [474, 37], r: 1.5548945317157655e+34, e: 1.6217962776708574e+34
#ERR  p: [475, 37], r: -5.9783323334152527e+34, e: -6.1140734490749261e+34
#ERR  p: [476, 37], r: 1.9418154144624975e+34, e: 2.1031576253106083e+34
#ERR  p: [477, 37], r: 2.1867757707921864e+34, e: 2.4010082270547415e+34
#ERR  p: [478, 37], r: 2.4864325270536370e+34, e: 2.3342867251693695e+34
#ERR  p: [479, 37], r: 1.3147525165554841e+33, e: 1.3102558541052849e+32
#ERR  p: [464, 38], r: -2.5176053427708900e+34, e: -2.6052500120242478e+34
#ERR  p: [465, 38], r: 4.3305113374745144e+34, e: 4.1279665207108605e+34
#ERR  p: [466, 38], r: -3.9278554940644416e+34, e: -3.7656645515253968e+34
#ERR  p: [467, 38], r: -1.0091814089108447e+33, e: -4.3073458274163691e+33
#ERR  p: [468, 38], r: 1.1757040893383549e+34, e: 8.6598795611167527e+33
#ERR  p: [469, 38], r: -1.6082992650105368e+34, e: -1.7806561711521931e+34
#ERR  p: [470, 38], r: -2.0479344818921307e+34, e: -2.3809461707780826e+34
#ERR  p: [471, 38], r: -2.8796740840529523e+34, e: -2.8944134933366998e+34
#ERR  p: [472, 38], r: -2.4609474268468807e+32, e: -4.8753761618675149e+32
#ERR  p: [473, 38], r: -1.3215153520415992e+34, e: -1.6598728373991971e+34
#ERR  p: [474, 38], r: 6.8861920020337049e+34, e: 7.1143324670496233e+34
#ERR  p: [475, 38], r: 1.6824846787747721e+34, e: 1.5635896987577021e+34
#ERR  p: [476, 38], r: 1.1126742484441359e+34, e: 1.1457386365414169e+34
#ERR  p: [477, 38], r: -3.3112036409393173e+34, e: -3.1782409579038160e+34
#ERR  p: [478, 38], r: -3.0262994161260306e+34, e: -2.8397680965345567e+34
#ERR  p: [479, 38], r: 1.0318877051114171e+33, e: 2.2632171445870135e+33
#ERR  p: [464, 39], r: 2.7220719376515306e+34, e: 2.7137079195701028e+34
#ERR  p: [465, 39], r: -1.6189688226211296e+34, e: -1.6656787761834456e+34
#ERR  p: [466, 39], r: -2.2906547857207327e+34, e: -2.4331082598614192e+34
#ERR  p: [467, 39], r: 2.1731564496559844e+34, e: 2.3400684003288479e+34
#ERR  p: [468, 39], r: 1.8295992447513760e+34, e: 1.4157682690186662e+34
#ERR  p: [469, 39], r: 2.8165775181906158e+34, e: 3.1749839376604562e+34
#ERR  p: [470, 39], r: -5.3060672619652719e+33, e: -7.6497997172223967e+33
#ERR  p: [471, 39], r: 1.9413728508984530e+34, e: 1.9544965008429252e+34
#ERR  p: [472, 39], r: -6.9305617537457558e+34, e: -6.9170969275264565e+34
#ERR  p: [473, 39], r: -1.7787015876241654e+34, e: -1.8796461894835896e+34
#ERR  p: [474, 39], r: 6.2544197016807411e+34, e: 6.4585847343678117e+34
#ERR  p: [475, 39], r: -3.7192328868839122e+34, e: -3.4636121336999212e+34
#ERR  p: [476, 39], r: -2.4398009350958078e+33, e: -1.1868316847634834e+33
#ERR  p: [477, 39], r: -2.0438273682237936e+34, e: -2.1838505184793551e+34
#ERR  p: [478, 39], r: -1.3290136786535546e+34, e: -1.6261051755655980e+34
#ERR  p: [479, 39], r: -6.6753916107360646e+34, e: -6.9720069959089989e+34
#ERR  p: [464, 40], r: 1.4121089182625386e+34, e: 1.5604874210192529e+34
#ERR  p: [465, 40], r: -1.6969787283427332e+34, e: -1.9637184113715777e+34
#ERR  p: [466, 40], r: 5.8171359519037698e+33, e: 6.5253837312996429e+33
#ERR  p: [467, 40], r: -3.3106156194206568e+34, e: -3.2489870028569048e+34
#ERR  p: [468, 40], r: -3.5164189419557177e+34, e: -3.5494942239253444e+34
#ERR  p: [469, 40], r: 2.4037329330812086e+34, e: 2.4495669202717262e+34
#ERR  p: [470, 40], r: -4.3750336033994053e+34, e: -4.2686603868797068e+34
#ERR  p: [471, 40], r: 7.2243215826300704e+33, e: 3.7319321090859154e+33
#ERR  p: [472, 40], r: 5.6559063935992340e+34, e: 5.8113203571872149e+34
#ERR  p: [473, 40], r: 6.7026295102444451e+33, e: 6.1193740607351382e+33
#ERR  p: [474, 40], r: -2.7585270435164143e+34, e: -2.7780057824465619e+34
#ERR  p: [475, 40], r: -1.2617478545329089e+34, e: -1.2157217390482941e+34
#ERR  p: [476, 40], r: -4.3679580333108658e+34, e: -4.0575782404291252e+34
#ERR  p: [477, 40], r: -1.8163748264877060e+34, e: -1.8538948083743830e+34
#ERR  p: [478, 40], r: 2.7920118360510367e+34, e: 3.1215549407409149e+34
#ERR  p: [479, 40], r: -7.2654094315039718e+33, e: -8.3251999956158716e+33
#ERR  p: [464, 41], r: 2.7147623968955661e+34, e: 2.8718475795365823e+34
#ERR  p: [465, 41], r: 1.1728983601363166e+33, e: 1.4885795693392948e+32
#ERR  p: [466, 41], r: 1.4169956865676177e+34, e: 1.7130314682141585e+34
#ERR  p: [467, 41], r: -8.5298122960391361e+32, e: 2.5401192630893575e+33
#ERR  p: [468, 41], r: 1.8830617898459819e+34, e: 2.3358195425260126e+34
#ERR  p: [469, 41], r: -2.5190416008044689e+34, e: -2.8961597315561157e+34
#ERR  p: [470, 41], r: 1.0848649158136212e+34, e: 1.0379194441588312e+34
#ERR  p: [471, 41], r: 3.2305462766496980e+33, e: 6.5388915140383054e+33
#ERR  p: [472, 41], r: 1.9919092771222001e+34, e: 1.9635371769498263e+34
#ERR  p: [473, 41], r: -1.5094376210612142e+33, e: -3.7293228409681116e+33
#ERR  p: [474, 41], r: 1.4653008496645568e+34, e: 1.4302641754966862e+34
#ERR  p: [475, 41], r: 2.1501139289407420e+34, e: 1.9380914432363192e+34
#ERR  p: [476, 41], r: 1.5214847583475238e+34, e: 1.6581716601972112e+34
#ERR  p: [477, 41], r: -1.0428682951568804e+34, e: -1.2773809327310164e+34
#ERR  p: [478, 41], r: -2.3766416056734795e+34, e: -2.7894807438467138e+34
#ERR  p: [479, 41], r: 2.5979526030806683e+34, e: 2.5378946848387617e+34
#ERR  p: [464, 42], r: -1.0216056846301226e+33, e: -1.0508829665592218e+33
#ERR  p: [465, 42], r: 2.0735667731695580e+34, e: 2.0230558485106202e+34
#ERR  p: [466, 42], r: -7.3576124435699863e+33, e: -6.4062839960000751e+33
#ERR  p: [467, 42], r: 5.0130287807418489e+34, e: 4.9364062344222724e+34
#ERR  p: [468, 42], r: -4.9807527128615847e+34, e: -5.2360793314922415e+34
#ERR  p: [469, 42], r: -3.0295558792963728e+33, e: -6.7726214021256012e+32
#ERR  p: [470, 42], r: -9.9530453434946931e+33, e: -8.7774009228662318e+33
#ERR  p: [471, 42], r: 8.9187330709193336e+34, e: 8.5893875414597253e+34
#ERR  p: [472, 42], r: 9.5900262356444714e+33, e: 1.2933660810762967e+34
#ERR  p: [473, 42], r: 2.0849673343733489e+34, e: 2.0072692657476413e+34
#ERR  p: [474, 42], r: 1.7911909170925078e+34, e: 1.5940661732028570e+34
#ERR  p: [475, 42], r: 5.8673220410963991e+33, e: 1.0059310116466950e+34
#ERR  p: [476, 42], r: -8.9670236263238092e+33, e: -1.0853717284657047e+34
#ERR  p: [477, 42], r: -2.6548277774815723e+34, e: -3.0989486700955167e+34
#ERR  p: [478, 42], r: 1.1265411575881950e+34, e: 1.3623700968061031e+34
#ERR  p: [479, 42], r: -2.2957125135452370e+34, e: -2.4260492781694061e+34
#ERR  p: [464, 43], r: 4.7524290327198520e+34, e: 4.5182919861536352e+34
#ERR  p: [465, 43], r: 2.1637830152665233e+34, e: 2.3599029232262861e+34
#ERR  p: [466, 43], r: 2.3500085636682938e+34, e: 2.3557382453461223e+34
#ERR  p: [467, 43], r: -2.6117499399945196e+34, e: -2.6833632857391317e+34
#ERR  p: [468, 43], r: -1.2096565756198193e+34, e: -1.1687597408939797e+34
#ERR  p: [469, 43], r: 2.2795581387965864e+34, e: 2.2232145358485516e+34
#ERR  p: [470, 43], r: -6.9656736946680149e+34, e: -7.1256635798172103e+34
#ERR  p: [471, 43], r: -4.7835018228819308e+34, e: -4.6951228075972689e+34
#ERR  p: [472, 43], r: -2.7686925119430101e+34, e: -2.7478446113294129e+34
#ERR  p: [473, 43], r: 5.6146998262755651e+34, e: 5.7083118616942941e+34
#ERR  p: [474, 43], r: 3.9838457889252644e+31, e: -5.1673257510323826e+32
#ERR  p: [475, 43], r: 1.4106554528624137e+34, e: 1.3834839069401389e+34
#ERR  p: [476, 43], r: -3.8936026835294466e+34, e: -4.4585806911227285e+34
#ERR  p: [477, 43], r: 1.5945915549555298e+34, e: 1.3759849613581637e+34
#ERR  p: [478, 43], r: 1.2743320102082605e+34, e: 1.3568966687164068e+34
#ERR  p: [479, 43], r: -2.1356084903244195e+34, e: -1.9385276933061634e+34
#ERR  p: [464, 44], r: -9.6339078057020301e+32, e: 4.4898847284841457e+31
#ERR  p: [465, 44], r: -5.2061454461663053e+34, e: -4.6073627623322497e+34
#ERR  p: [466, 44], r: -3.1128913411699801e+34, e: -3.1571160063094267e+34
#ERR  p: [467, 44], r: -3.3944707066257541e+34, e: -3.0844647716358778e+34
#ERR  p: [468, 44], r: -1.2383135257952327e+34, e: -9.4818389417912042e+33
#ERR  p: [469, 44], r: -2.6288030592116914e+34, e: -2.9708523293544463e+34
#ERR  p: [470, 44], r: -1.2937005724749117e+34, e: -1.3929692511091513e+34
#ERR  p: [471, 44], r: -4.8909284025810572e+33, e: -1.8831283910200955e+33
#ERR  p: [472, 44], r: -3.3991862678234000e+34, e: -3.5752223317618125e+34
#ERR  p: [473, 44], r: -2.4829468592850211e+33, e: -2.9011737600972333e+33
#ERR  p: [474, 44], r: -1.5644645509834650e+34, e: -1.9091074293025267e+34
#ERR  p: [475, 44], r: 1.6042689036246354e+34, e: 1.4637183909123383e+34
#ERR  p: [476, 44], r: 1.7018142768786868e+33, e: 7.4991127038804231e+32
#ERR  p: [477, 44], r: -4.1652260400132719e+34, e: -4.1440226030203919e+34
#ERR  p: [478, 44], r: 1.1924657819960285e+33, e: -2.7172007054939445e+33
#ERR  p: [479, 44], r: -1.4375709927845643e+34, e: -1.4319393559578472e+34
#ERR  p: [464, 45], r: 1.6836209839368322e+34, e: 1.9073719611614525e+34
#ERR  p: [465, 45], r: 1.7562053698482597e+34, e: 1.7335862246264530e+34
#ERR  p: [466, 45], r: -4.3748424654573396e+34, e: -4.2082558454268003e+34
#ERR  p: [467, 45], r: 2.3094848440702947e+34, e: 1.9818646316434385e+34
#ERR  p: [468, 45], r: -2.9412442698468500e+34, e: -3.0429039058729654e+34
#ERR  p: [469, 45], r: 2.2921775138660557e+33, e: 4.0650757004830532e+33
#ERR  p: [470, 45], r: 1.9882169971610275e+34, e: 1.9646446381089710e+34
#ERR  p: [471, 45], r: -1.0130199514876588e+34, e: -1.2774191850782303e+34
#ERR  p: [472, 45], r: 1.9612604814235765e+34, e: 2.0617299618959230e+34
#ERR  p: [473, 45], r: 1.7638954533723005e+34, e: 1.6370573548871597e+34
#ERR  p: [474, 45], r: 4.5356637511369191e+34, e: 4.5467116232235175e+34
#ERR  p: [475, 45], r: -1.0416282506195282e+34, e: -8.8582105537806832e+33
#ERR  p: [476, 45], r: 4.2530564002725225e+34, e: 4.6429149147324787e+34
#ERR  p: [477, 45], r: 7.4964313257553309e+33, e: 8.7742218928453469e+33
#ERR  p: [478, 45], r: -2.6157824058784878e+34, e: -2.3729565057645347e+34
#ERR  p: [479, 45], r: 1.1798458653277920e+34, e: 8.3164675665787525e+33
#ERR  p: [464, 46], r: -1.4956183726086675e+34, e: -1.7013022339299374e+34
#ERR  p: [465, 46], r: -1.3228444044677759e+34, e: -1.4683974328788252e+34
#ERR  p: [466, 46], r: -5.5846228350810875e+34, e: -5.6503019914533812e+34
#ERR  p: [467, 46], r: -6.4660764998975589e+32, e: -1.4337004494577346e+33
#ERR  p: [468, 46], r: 2.5605319039851420e+34, e: 2.2890343222093081e+34
#ERR  p: [469, 46], r: 3.2764036609069581e+34, e: 3.1633005071576886e+34
#ERR  p: [470, 46], r: 2.1136872956967618e+34, e: 1.9498594250437700e+34
#ERR  p: [471, 46], r: -9.8936966411012931e+33, e: -8.6898989880994036e+33
#ERR  p: [472, 46], r: -2.2918902498799395e+34, e: -2.4098384533549641e+34
#ERR  p: [473, 46], r: -9.3156950091187133e+33, e: -1.2048802315662446e+34
#ERR  p: [474, 46], r: 9.3583203795214072e+33, e: 1.0495890716301607e+34
#ERR  p: [475, 46], r: 3.1615099506848663e+34, e: 2.9367738207769826e+34
#ERR  p: [476, 46], r: 3.8245219155172045e+34, e: 3.7720785664569422e+34
#ERR  p: [477, 46], r: -9.6018583117974562e+32, e: -7.1973311628097936e+31
#ERR  p: [478, 46], r: -5.8081452885744558e+34, e: -5.8750574332258777e+34
#ERR  p: [479, 46], r: 2.7432246191027998e+34, e: 3.0044720573533508e+34
#ERR  p: [464, 47], r: 1.9240419379364655e+34, e: 2.1251568101607409e+34
#ERR  p: [465, 47], r: -2.2505187889430378e+34, e: -2.1434062746318781e+34
#ERR  p: [466, 47], r: -2.9015247160983707e+34, e: -2.8498233882976561e+34
#ERR  p: [467, 47], r: -4.2577382895010998e+34, e: -3.7061716291174200e+34
#ERR  p: [468, 47], r: 3.1357897656646496e+34, e: 3.6295877065270693e+34
#ERR  p: [469, 47], r: 3.8685953043838505e+34, e: 3.9681828763722101e+34
#ERR  p: [470, 47], r: -3.2202833823420104e+34, e: -2.8841088804496883e+34
#ERR  p: [471, 47], r: -8.9018788886664750e+33, e: -1.1039022053257597e+34
#ERR  p: [472, 47], r: 1.2739520864102038e+34, e: 1.4016963570041014e+34
#ERR  p: [473, 47], r: -1.3367050001176347e+34, e: -9.4207397921822546e+33
#ERR  p: [474, 47], r: -1.5158317051581271e+34, e: -1.7332527235798695e+34
#ERR  p: [475, 47], r: 2.8143633386363499e+34, e: 3.0160084205794512e+34
#ERR  p: [476, 47], r: -3.6417036732795631e+34, e: -3.7804846744997057e+34
#ERR  p: [477, 47], r: 2.8235473681998003e+34, e: 2.7011373812351833e+34
#ERR  p: [478, 47], r: 1.0494570143764700e+33, e: 3.7231411873819401e+33
#ERR  p: [479, 47], r: -1.7861795810709757e+33, e: -1.2113778693474437e+33
#ERR  p: [368, 192], r: 2.3374808580587336e+34, e: 2.2119136288179232e+34
#ERR  p: [369, 192], r: 3.7927279014882381e+34, e: 3.8106292572203283e+34
#ERR  p: [370, 192], r: -6.0442823510681420e+34, e: -5.8592905337095234e+34
#ERR  p: [371, 192], r: 1.9434480097863071e+34, e: 1.7444777448860897e+34
#ERR  p: [372, 192], r: 2.0631043229275376e+34, e: 2.1889077511278437e+34
#ERR  p: [373, 192], r: -1.7782057926384316e+34, e: -1.8853296959979527e+34
#ERR  p: [374, 192], r: 5.2994659467057826e+33, e: 2.8134186665923713e+33
#ERR  p: [375, 192], r: -7.2707511427734883e+33, e: -5.4569944356748669e+33
#ERR  p: [376, 192], r: 3.0781884156367009e+34, e: 2.8611171152760566e+34
#ERR  p: [377, 192], r: -2.6550659571451308e+34, e: -2.4733551760666341e+34
#ERR  p: [378, 192], r: -2.4644514161280779e+34, e: -2.5687097358846612e+34
#ERR  p: [379, 192], r: -2.1912818725351852e+34, e: -2.3765953067160102e+34
#ERR  p: [380, 192], r: -7.7739626272826418e+33, e: -7.8572425675454872e+33
#ERR  p: [381, 192], r: 3.9723700847610889e+33, e: 4.7428070199705025e+33
#ERR  p: [382, 192], r: -1.0392022595245407e+34, e: -1.0390835410747732e+34
#ERR  p: [383, 192], r: -3.0874714804032941e+34, e: -3.3785488170164813e+34
#ERR  p: [1568, 192], r: 1.2944394988843611e+34, e: 1.5360688061563409e+34
#ERR  p: [1569, 192], r: 5.2399134793819162e+34, e: 5.5755150626240571e+34
#ERR  p: [1570, 192], r: 4.3293418555194015e+33, e: 4.5935380669435303e+33
#ERR  p: [1571, 192], r: -1.6197930430992858e+34, e: -1.8640110067874153e+34
#ERR  p: [1572, 192], r: -5.6944538657185179e+34, e: -5.0441481174494047e+34
#ERR  p: [1573, 192], r: 9.2238045769126185e+33, e: 7.0560582966103230e+33
#ERR  p: [1574, 192], r: -1.6894462345856935e+34, e: -1.5747800577428222e+34
#ERR  p: [1575, 192], r: -1.4969886484381525e+34, e: -1.2404919288823632e+34
#ERR  p: [1576, 192], r: -4.5856710817878756e+34, e: -4.6459533147649008e+34
#ERR  p: [1577, 192], r: 6.9008329950843291e+33, e: 1.8813070717372969e+33
#ERR  p: [1578, 192], r: -4.4477506964830442e+34, e: -3.8081256472848775e+34
#ERR  p: [1579, 192], r: 2.7196344337141776e+34, e: 2.5961204518225260e+34
#ERR  p: [1580, 192], r: 2.7985917349478463e+34, e: 2.8122174933722527e+34
#ERR  p: [1581, 192], r: -4.2559787434262615e+33, e: -9.7734908063766237e+33
#ERR  p: [1582, 192], r: 1.9784439557268851e+34, e: 1.9352277165434404e+34
#ERR  p: [1583, 192], r: 1.6313784287509420e+34, e: 1.4223175907965055e+34
#ERR  p: [368, 193], r: 4.7327358825749002e+34, e: 4.9580488925410908e+34
#ERR  p: [369, 193], r: 8.3360684901907776e+33, e: 1.0774109074550722e+34
#ERR  p: [370, 193], r: -1.0982583128926537e+34, e: -1.2345187443988073e+34
#ERR  p: [371, 193], r: -3.1333091814139296e+33, e: -2.4733935212593510e+33
#ERR  p: [372, 193], r: -2.7923631634341859e+34, e: -2.8027356154353502e+34
#ERR  p: [373, 193], r: 8.0320904566341936e+33, e: 8.8268491997954470e+33
#ERR  p: [374, 193], r: -3.6756120888956290e+34, e: -3.7657519500921704e+34
#ERR  p: [375, 193], r: 1.0999702601729814e+34, e: 8.5618916552471578e+33
#ERR  p: [376, 193], r: -2.0783616863237221e+34, e: -1.9377063200900975e+34
#ERR  p: [377, 193], r: 8.5998728935924725e+33, e: 8.4874462740746725e+33
#ERR  p: [378, 193], r: -1.4774278340834003e+34, e: -1.6395660403767716e+34
#ERR  p: [379, 193], r: 5.2944491946965786e+34, e: 5.5275651883183929e+34
#ERR  p: [380, 193], r: 1.0165131087935123e+34, e: 1.1201510348994078e+34
#ERR  p: [381, 193], r: 2.9902726375147396e+34, e: 3.0170230362356495e+34
#ERR  p: [382, 193], r: -5.2026837944344516e+33, e: -7.4238323321514398e+33
#ERR  p: [383, 193], r: -1.9662421997296688e+34, e: -1.9895347843328468e+34
#ERR  p: [1568, 193], r: -5.5102828026059454e+33, e: -7.6284817707758828e+33
#ERR  p: [1569, 193], r: 7.1212216033682465e+33, e: 3.4570035764912021e+33
#ERR  p: [1570, 193], r: 8.1094901817104334e+33, e: 8.1847470325786702e+33
#ERR  p: [1571, 193], r: 4.6753789019107064e+33, e: 3.4824339597482220e+33
#ERR  p: [1572, 193], r: 1.8485405939104698e+34, e: 1.5942393610143531e+34
#ERR  p: [1573, 193], r: 1.2413884450588136e+34, e: 1.7053340808438860e+34
#ERR  p: [1574, 193], r: -3.5829653991195347e+34, e: -3.7001361762498881e+34
#ERR  p: [1575, 193], r: -5.3238279877088993e+33, e: -8.9428064243052889e+33
#ERR  p: [1576, 193], r: -3.0333846421468766e+34, e: -2.7327187171654005e+34
#ERR  p: [1577, 193], r: -4.6104285208395400e+33, e: -2.9536587039428156e+33
#ERR  p: [1578, 193], r: 9.7335065810477452e+33, e: 6.1618230246822339e+33
#ERR  p: [1579, 193], r: -3.0348233760605340e+34, e: -2.8786334716559290e+34
#ERR  p: [1580, 193], r: -1.3103053098098543e+34, e: -1.0045310252562672e+34
#ERR  p: [1581, 193], r: -3.3988696027613508e+33, e: -2.3887942463996372e+33
#ERR  p: [1582, 193], r: -2.7638130474841629e+34, e: -2.5733416123356514e+34
#ERR  p: [1583, 193], r: -1.3882360183174446e+33, e: -2.2159946838484333e+32
#ERR  p: [368, 194], r: 1.7356284543092621e+34, e: 1.5137638501165048e+34
#ERR  p: [369, 194], r: 1.5553391997778768e+34, e: 1.6966587208425779e+34
#ERR  p: [370, 194], r: 1.0088982920238601e+34, e: 9.8692473253254068e+33
#ERR  p: [371, 194], r: -4.5835355114261044e+33, e: -1.9760670489544552e+33
#ERR  p: [372, 194], r: -2.5370476862638826e+34, e: -2.6713545245940400e+34
#ERR  p: [373, 194], r: -3.2147685761065009e+32, e: 1.7240342173863250e+33
#ERR  p: [374, 194], r: 1.7257656312737705e+33, e: 1.9227546969351156e+33
#ERR  p: [375, 194], r: -4.4446534942987561e+33, e: -4.0102690000937912e+33
#ERR  p: [376, 194], r: 1.2145960801705719e+34, e: 9.9495240230529459e+33
#ERR  p: [377, 194], r: 1.7807253720003892e+34, e: 1.6767684906433719e+34
#ERR  p: [378, 194], r: -8.7916273297976993e+33, e: -5.4879169399161764e+33
#ERR  p: [379, 194], r: -1.1025615162632136e+34, e: -1.6388174580350157e+34
#ERR  p: [380, 194], r: 1.4780286063844655e+34, e: 1.3751859948568090e+34
#ERR  p: [381, 194], r: 4.0607134473726194e+34, e: 4.3230455686855922e+34
#ERR  p: [382, 194], r: -2.3613607214165486e+34, e: -2.2359269421119731e+34
#ERR  p: [383, 194], r: -1.3833125760387018e+34, e: -1.3980191799114082e+34
#ERR  p: [1568, 194], r: -2.2256176250528124e+34, e: -2.2981594258268885e+34
#ERR  p: [1569, 194], r: -3.6933117841953196e+33, e: -1.5382717204562492e+33
#ERR  p: [1570, 194], r: 3.8127580189118834e+34, e: 3.7987371100269372e+34
#ERR  p: [1571, 194], r: -3.4091284118669087e+34, e: -3.1868736089737687e+34
#ERR  p: [1572, 194], r: 5.5985615447474252e+33, e: 6.0423884266020393e+33
#ERR  p: [1573, 194], r: 2.3698590250437378e+33, e: 2.5627946107889478e+33
#ERR  p: [1574, 194], r: -2.4502923531347475e+34, e: -2.5106429204019412e+34
#ERR  p: [1575, 194], r: 4.3409039060013172e+33, e: 2.3295212130911384e+33
#ERR  p: [1576, 194], r: 1.4197939262324184e+34, e: 1.3718034474934656e+34
#ERR  p: [1577, 194], r: -3.1795383190649871e+34, e: -3.2390106916683118e+34
#ERR  p: [1578, 194], r: 5.5642842229996523e+33, e: 7.7296196150754395e+33
#ERR  p: [1579, 194], r: -2.3773447556157936e+34, e: -2.4720028503677187e+34
#ERR  p: [1580, 194], r: -4.7769263805692626e+34, e: -5.2229145819384651e+34
#ERR  p: [1581, 194], r: 3.1459864301802355e+34, e: 2.9792210516080233e+34
#ERR  p: [1582, 194], r: -2.6145070800500160e+34, e: -2.8921389023085168e+34
#ERR  p: [1583, 194], r: -4.5764776438801266e+34, e: -4.4070224691905552e+34
#ERR  p: [368, 195], r: -9.6995610272305008e+33, e: -1.0692928680594504e+34
#ERR  p: [369, 195], r: 2.8737891646941975e+34, e: 2.7661690949669308e+34
#ERR  p: [370, 195], r: -9.0672744865852178e+33, e: -6.6922512399250961e+33
#ERR  p: [371, 195], r: 1.2163410804499486e+34, e: 1.2953446806410866e+34
#ERR  p: [372, 195], r: 4.7451606534701938e+33, e: 7.5756396812289667e+33
#ERR  p: [373, 195], r: 8.3513774756866003e+33, e: 5.8310572066155535e+33
#ERR  p: [374, 195], r: -1.8707399536649549e+34, e: -1.8924160361648340e+34
#ERR  p: [375, 195], r: -3.9745738656190248e+34, e: -3.7529994345714760e+34
#ERR  p: [376, 195], r: -1.9999759420061915e+34, e: -1.6958717623596042e+34
#ERR  p: [377, 195], r: 2.0713832945282665e+34, e: 1.9563828738747882e+34
#ERR  p: [378, 195], r: 5.6730589194015604e+33, e: 3.9046659060725322e+33
#ERR  p: [379, 195], r: -3.5605235269113536e+33, e: -6.6128002482037604e+32
#ERR  p: [380, 195], r: -2.9665279572092146e+34, e: -3.0608245734696684e+34
#ERR  p: [381, 195], r: -2.4565308281687222e+34, e: -3.0398055895426420e+34
#ERR  p: [382, 195], r: -5.4089639095756433e+32, e: 1.9092000272174652e+33
#ERR  p: [383, 195], r: 2.2088106083154505e+34, e: 1.8537613584381480e+34
#ERR  p: [1568, 195], r: 1.0961038020482814e+34, e: 8.9841573354375385e+33
#ERR  p: [1569, 195], r: -3.5634549689243814e+33, e: -2.0164658294539894e+33
#ERR  p: [1570, 195], r: 3.9001684699098084e+34, e: 3.9949466448455443e+34
#ERR  p: [1571, 195], r: 2.0558445473611525e+34, e: 2.2660378528635272e+34
#ERR  p: [1572, 195], r: -5.2757866296343319e+33, e: -7.7293169387358342e+33
#ERR  p: [1573, 195], r: 4.4961279076902697e+34, e: 4.7200009458027636e+34
#ERR  p: [1574, 195], r: 4.1087065876826566e+33, e: 5.0898585582240017e+33
#ERR  p: [1575, 195], r: -2.0272521557587878e+32, e: 2.7887121687733235e+32
#ERR  p: [1576, 195], r: -5.8537346588132106e+34, e: -5.5647509263944629e+34
#ERR  p: [1577, 195], r: 2.5463985901446287e+34, e: 2.4974811419042590e+34
#ERR  p: [1578, 195], r: 1.9806042848894420e+34, e: 1.8924712482905862e+34
#ERR  p: [1579, 195], r: 7.8097149545872232e+32, e: -1.2944455028935516e+33
#ERR  p: [1580, 195], r: -3.8235303255457369e+34, e: -3.6435578598704048e+34
#ERR  p: [1581, 195], r: -6.2372821549528900e+34, e: -6.2139445093322820e+34
#ERR  p: [1582, 195], r: -2.8810100689433491e+34, e: -2.7098079132703381e+34
#ERR  p: [1583, 195], r: -6.4378706550724612e+33, e: -9.1844622234941094e+33
#ERR  p: [368, 196], r: 8.7410655258031469e+33, e: 9.8202211859495879e+33
#ERR  p: [369, 196], r: -2.6141285798830045e+32, e: -1.9280666976436892e+33
#ERR  p: [370, 196], r: 3.3583500921594853e+34, e: 3.0608820138874913e+34
#ERR  p: [371, 196], r: 1.5422471173044064e+34, e: 1.5924842096266543e+34
#ERR  p: [372, 196], r: 2.0512985839488887e+34, e: 2.1973792224046814e+34
#ERR  p: [373, 196], r: -1.0245798355745057e+34, e: -1.0145082030028877e+34
#ERR  p: [374, 196], r: -3.5330418770092378e+33, e: 7.4719430148682072e+31
#ERR  p: [375, 196], r: -2.6895909287977627e+33, e: -1.2424866061934132e+33
#ERR  p: [376, 196], r: 1.6370662680554426e+34, e: 1.7519411615889373e+34
#ERR  p: [377, 196], r: -1.3272419388693294e+34, e: -1.5042747921273745e+34
#ERR  p: [378, 196], r: 2.9197122835675437e+34, e: 2.9061442131489680e+34
#ERR  p: [379, 196], r: 1.3895915317119611e+34, e: 1.5979347358256239e+34
#ERR  p: [380, 196], r: -1.2515973651807884e+34, e: -1.3512168760221615e+34
#ERR  p: [381, 196], r: 1.8349383563468099e+34, e: 1.8346437266174600e+34
#ERR  p: [382, 196], r: 1.4379358137141417e+34, e: 1.5340146922491547e+34
#ERR  p: [383, 196], r: -2.0469912953761991e+34, e: -2.0932320696636259e+34
#ERR  p: [1568, 196], r: -1.1996909107155642e+34, e: -1.2355570047097559e+34
#ERR  p: [1569, 196], r: -4.6852749945847537e+33, e: -8.1683542305784532e+33
#ERR  p: [1570, 196], r: -1.8278278763491625e+34, e: -1.7840102458946329e+34
#ERR  p: [1571, 196], r: 1.2494585761749150e+34, e: 9.6203310078061775e+33
#ERR  p: [1572, 196], r: 1.8190449393584406e+34, e: 1.7807646146996345e+34
#ERR  p: [1573, 196], r: 1.3337390195775109e+34, e: 1.6127215582128759e+34
#ERR  p: [1574, 196], r: -3.6064808129297841e+33, e: -3.9133314863475299e+33
#ERR  p: [1575, 196], r: 1.2524845968069442e+34, e: 1.1719934878646009e+34
#ERR  p: [1576, 196], r: 2.5122552135091064e+34, e: 2.6133825353183292e+34
#ERR  p: [1577, 196], r: 1.1394265040751047e+34, e: 1.2383765369432323e+34
#ERR  p: [1578, 196], r: -2.4891334646313498e+34, e: -2.8517798287357427e+34
#ERR  p: [1579, 196], r: -4.3279002743436537e+34, e: -4.2133016890269275e+34
#ERR  p: [1580, 196], r: -1.5441420321225405e+34, e: -1.0494595831020515e+34
#ERR  p: [1581, 196], r: -2.9988027871494395e+34, e: -2.9003499110010889e+34
#ERR  p: [1582, 196], r: 4.9253945101848211e+33, e: 7.6220871915029542e+33
#ERR  p: [1583, 196], r: 2.4587546636552945e+34, e: 2.5260743381676491e+34
#ERR  p: [368, 197], r: 7.9763695375259193e+33, e: 1.1364200428956962e+34
#ERR  p: [369, 197], r: 4.1325008474867550e+34, e: 4.0236086705751187e+34
#ERR  p: [370, 197], r: -3.1621823997142061e+34, e: -3.5618476275773733e+34
#ERR  p: [371, 197], r: -1.5249381158811143e+34, e: -1.5882109644050451e+34
#ERR  p: [372, 197], r: -2.6715107526269978e+34, e: -2.3718842021025058e+34
#ERR  p: [373, 197], r: 7.1326768815217737e+33, e: 4.3241719084303360e+33
#ERR  p: [374, 197], r: -8.1816001889988068e+33, e: -1.0213252912112244e+34
#ERR  p: [375, 197], r: 2.2124605507272795e+34, e: 2.2202692289070838e+34
#ERR  p: [376, 197], r: 9.8034254344665835e+33, e: 1.1355237743072536e+34
#ERR  p: [377, 197], r: 2.2925795348938136e+34, e: 2.4742799172759803e+34
#ERR  p: [378, 197], r: 2.8053590579666038e+34, e: 2.4348579643129452e+34
#ERR  p: [379, 197], r: 4.1747938309889007e+34, e: 4.2169546024948508e+34
#ERR  p: [380, 197], r: 3.6313109190617545e+34, e: 3.5081353899768435e+34
#ERR  p: [381, 197], r: -6.4011938341465415e+34, e: -6.4689774885856203e+34
#ERR  p: [382, 197], r: 6.1822136302453191e+34, e: 6.3928902275390308e+34
#ERR  p: [383, 197], r: 6.2265152952552093e+33, e: 6.4712015716602004e+33
#ERR  p: [1568, 197], r: -3.1053636134820916e+33, e: -2.2467113805582117e+33
#ERR  p: [1569, 197], r: 7.9910901301210696e+34, e: 7.8375969542980439e+34
#ERR  p: [1570, 197], r: -8.9549722800413660e+33, e: -8.8990050108652739e+33
#ERR  p: [1571, 197], r: 6.8469467031142758e+33, e: 7.0128195269181632e+33
#ERR  p: [1572, 197], r: 8.2015793032928335e+33, e: 5.6126034986130392e+33
#ERR  p: [1573, 197], r: -2.5832114606808659e+34, e: -2.4806862569792821e+34
#ERR  p: [1574, 197], r: -2.9187192080680289e+34, e: -3.1617694229171005e+34
#ERR  p: [1575, 197], r: -4.1412654629648955e+34, e: -4.2026296555362561e+34
#ERR  p: [1576, 197], r: -2.2860565812388111e+34, e: -1.9752180077785113e+34
#ERR  p: [1577, 197], r: -2.4938311994924300e+34, e: -2.4044831247450155e+34
#ERR  p: [1578, 197], r: 1.9941105821000573e+34, e: 1.7855949329389222e+34
#ERR  p: [1579, 197], r: -3.1424523589560836e+34, e: -3.1061643749965033e+34
#ERR  p: [1580, 197], r: 5.0017580794481790e+33, e: 3.4189050433271650e+33
#ERR  p: [1581, 197], r: 2.9124329485485378e+34, e: 3.1205608748893688e+34
#ERR  p: [1582, 197], r: -1.9427702376147983e+34, e: -2.1272407584228739e+34
#ERR  p: [1583, 197], r: -2.5962452361784859e+34, e: -2.7061604467385877e+34
#ERR  p: [368, 198], r: -2.4214567682116652e+34, e: -2.7097066497751246e+34
#ERR  p: [369, 198], r: -3.5174303389678138e+34, e: -3.4464763200881251e+34
#ERR  p: [370, 198], r: -2.2447506382784885e+33, e: -3.4090349473939427e+33
#ERR  p: [371, 198], r: 3.3810350957913820e+34, e: 3.4227415433029144e+34
#ERR  p: [372, 198], r: -3.5144947498556544e+33, e: -1.3840079888557703e+33
#ERR  p: [373, 198], r: 2.3653057887337432e+34, e: 2.6995803002537702e+34
#ERR  p: [374, 198], r: -4.3306178003178930e+34, e: -4.2314667259873854e+34
#ERR  p: [375, 198], r: 4.6623842453183277e+34, e: 4.6879907874429380e+34
#ERR  p: [376, 198], r: 1.7788204917649388e+33, e: -5.0726004361363242e+33
#ERR  p: [377, 198], r: -1.9419398274364457e+34, e: -2.1392812108329714e+34
#ERR  p: [378, 198], r: 2.3372842731804951e+34, e: 2.7349544368763499e+34
#ERR  p: [379, 198], r: 2.8074157715478725e+34, e: 2.9414064399919964e+34
#ERR  p: [380, 198], r: -3.5722606840118262e+34, e: -3.6828674078778727e+34
#ERR  p: [381, 198], r: 2.2345983848618121e+34, e: 2.4929755353372759e+34
#ERR  p: [382, 198], r: -3.5801225936133198e+34, e: -3.4557692883750326e+34
#ERR  p: [383, 198], r: -8.7770790584560176e+33, e: -9.7557189391726428e+33
#ERR  p: [1568, 198], r: 9.4511912602386160e+33, e: 1.3993393191693021e+34
#ERR  p: [1569, 198], r: 1.1847009423678654e+34, e: 1.0019834684494218e+34
#ERR  p: [1570, 198], r: 6.0937282759112826e+33, e: 6.9813312840789003e+33
#ERR  p: [1571, 198], r: 1.5434964463920532e+34, e: 1.5600113092801437e+34
#ERR  p: [1572, 198], r: 9.7037557870536193e+33, e: 1.2857247723898038e+34
#ERR  p: [1573, 198], r: -1.2211910819358609e+34, e: -1.2521673127748754e+34
#ERR  p: [1574, 198], r: 3.8944219522474457e+34, e: 3.7845010471631632e+34
#ERR  p: [1575, 198], r: 2.7472597465578525e+33, e: 4.4012039653149080e+33
#ERR  p: [1576, 198], r: -3.0341179978261492e+34, e: -2.9774564918760259e+34
#ERR  p: [1577, 198], r: -5.5709049739177583e+34, e: -5.6791514413049034e+34
#ERR  p: [1578, 198], r: 2.8147938941820134e+34, e: 2.9803401494035373e+34
#ERR  p: [1579, 198], r: 3.2851313857719279e+34, e: 3.4125792935204207e+34
#ERR  p: [1580, 198], r: -4.1495708026884611e+34, e: -4.1426937981822230e+34
#ERR  p: [1581, 198], r: -1.4610152250425547e+34, e: -1.7342431994053017e+34
#ERR  p: [1582, 198], r: -2.1291239128106348e+34, e: -2.5109083347463640e+34
#ERR  p: [1583, 198], r: 8.9373551553422957e+33, e: 8.4203245461745995e+33
#ERR  p: [368, 199], r: -3.2250454900851334e+34, e: -3.0679078187864515e+34
#ERR  p: [369, 199], r: -4.9516903373233054e+34, e: -4.9531288236489550e+34
#ERR  p: [370, 199], r: 2.7011888795408176e+34, e: 2.4969198598904470e+34
#ERR  p: [371, 199], r: 6.9185807224575440e+33, e: 5.0139360050996391e+33
#ERR  p: [372, 199], r: -2.1236294397402706e+34, e: -2.1008082627040525e+34
#ERR  p: [373, 199], r: 1.8143808764664290e+34, e: 1.5229811802670119e+34
#ERR  p: [374, 199], r: -2.3794336556380837e+34, e: -2.1666948978269304e+34
#ERR  p: [375, 199], r: -2.0093301883250436e+33, e: -9.8735250271311574e+32
#ERR  p: [376, 199], r: -9.9578542763198021e+32, e: -3.7119639815097373e+32
#ERR  p: [377, 199], r: -3.7476443535495353e+34, e: -3.8227779055898593e+34
#ERR  p: [378, 199], r: -1.4233547369614188e+34, e: -1.4988720504139213e+34
#ERR  p: [379, 199], r: 3.9814340341407286e+34, e: 3.7626514054697762e+34
#ERR  p: [380, 199], r: -4.2952191524825354e+34, e: -4.2938445438629129e+34
#ERR  p: [381, 199], r: 3.9536878364522175e+34, e: 3.8706284971043728e+34
#ERR  p: [382, 199], r: 1.1444806418734951e+34, e: 1.4105281926263751e+34
#ERR  p: [383, 199], r: -3.9564727682615959e+33, e: -5.7422090120560025e+33
#ERR  p: [1568, 199], r: -1.3559219147294734e+33, e: -4.6818941803374653e+33
#ERR  p: [1569, 199], r: -7.0639439746605709e+33, e: -5.4060117320669575e+33
#ERR  p: [1570, 199], r: 4.5389610044315557e+33, e: 4.0053265244869443e+33
#ERR  p: [1571, 199], r: 1.4266843004910808e+34, e: 1.4236766013716330e+34
#ERR  p: [1572, 199], r: -7.1318462237554132e+33, e: -5.3746014794501695e+33
#SDC Ite:1 KerTime:2.6729938 AccTime:2.6729938 KerErr:1024 AccErr:1024
#ABORT too many errors per iteration
#END
