#HEADER matrix_dim:2048 threads:4 block_size:16 block_offset:12 precision:Float
#BEGIN Y:2023 M:10 D:31 Time:23:11:51
#IT 0 KerTime:2.6508023 AccTime:2.6508023
#IT 1 KerTime:2.7180129 AccTime:5.3688151
#IT 2 KerTime:2.7063073 AccTime:8.0751225
#IT 3 KerTime:2.7152762 AccTime:10.7903987
#IT 4 KerTime:2.6501530 AccTime:13.4405517
#IT 5 KerTime:2.7062660 AccTime:16.1468177
#IT 6 KerTime:2.6540322 AccTime:18.8008499
#IT 7 KerTime:2.6803170 AccTime:21.4811669
#IT 8 KerTime:2.6521207 AccTime:24.1332876
#IT 9 KerTime:2.6497897 AccTime:26.7830773
#IT 10 KerTime:2.6530066 AccTime:29.4360839
#IT 11 KerTime:2.6535771 AccTime:32.0896610
#IT 12 KerTime:2.7356538 AccTime:34.8253148
#ERR  p: [1181, 1310], r: 3.2620702959560963e+34, e: 3.4928502967237790e+34
#SDC Ite:13 KerTime:2.7356538 AccTime:34.8253148 KerErr:1 AccErr:1
#IT 13 KerTime:2.7135020 AccTime:37.5388167
#IT 14 KerTime:2.6522442 AccTime:40.1910609
#IT 15 KerTime:2.6760697 AccTime:42.8671307
#IT 16 KerTime:2.6507726 AccTime:45.5179033
#IT 17 KerTime:2.6498727 AccTime:48.1677759
#IT 18 KerTime:2.6521968 AccTime:50.8199727
#IT 19 KerTime:2.6528795 AccTime:53.4728522
#IT 20 KerTime:2.7595982 AccTime:56.2324504
#IT 21 KerTime:2.6498191 AccTime:58.8822695
#IT 22 KerTime:2.7610136 AccTime:61.6432831
#IT 23 KerTime:2.6518646 AccTime:64.2951478
