#HEADER matrix_dim:2048 threads:4 block_size:16 block_offset:12 precision:Float
#BEGIN Y:2023 M:11 D:07 Time:11:28:44
#IT 0 KerTime:2.6574285 AccTime:2.6574285
#IT 1 KerTime:2.7483424 AccTime:5.4057710
#ERR  p: [360, 2000], r: 4.3100580921454414e+34, e: 4.3674187866297530e+34
#ERR  p: [361, 2000], r: 2.8743323727834359e+34, e: 2.8891698269182948e+34
#ERR  p: [362, 2000], r: -3.4687003148493920e+34, e: -3.5354460803595340e+34
#ERR  p: [363, 2000], r: -7.1239524990949100e+33, e: -6.5141147631220281e+33
#ERR  p: [360, 2001], r: 9.9986919065632629e+33, e: 9.8606665439431002e+33
#ERR  p: [361, 2001], r: -9.7263661429011471e+33, e: -9.7620683336341375e+33
#ERR  p: [362, 2001], r: -3.3581294912444847e+34, e: -3.3420684571747961e+34
#ERR  p: [363, 2001], r: 2.3137356825771929e+34, e: 2.2990611413515040e+34
#ERR  p: [360, 2002], r: 3.3437669109086957e+34, e: 3.3891814840139034e+34
#ERR  p: [361, 2002], r: -2.3590309182626135e+34, e: -2.3472831148778031e+34
#ERR  p: [362, 2002], r: -3.8861457041148033e+33, e: -4.4145873350796223e+33
#ERR  p: [363, 2002], r: -2.6265024714426835e+34, e: -2.5782203340304751e+34
#ERR  p: [360, 2003], r: -1.8848840375838100e+34, e: -1.8829142273932991e+34
#ERR  p: [361, 2003], r: 7.5425384025185149e+33, e: 7.5476337637202136e+33
#ERR  p: [362, 2003], r: 2.0229479001391945e+34, e: 2.0206562255384694e+34
#ERR  p: [363, 2003], r: -3.6683562747373695e+34, e: -3.6662621753669144e+34
#ERR  p: [360, 2004], r: -5.5692976325707502e+34, e: -5.5958291634927145e+34
#ERR  p: [361, 2004], r: 1.5341389814290989e+34, e: 1.5272758418513008e+34
#ERR  p: [362, 2004], r: -3.5239064984893314e+33, e: -3.2151803459120682e+33
#ERR  p: [363, 2004], r: -2.2172065652498918e+34, e: -2.2454142669850484e+34
#ERR  p: [360, 2005], r: -6.6599936173514173e+34, e: -6.6617069263657883e+34
#ERR  p: [361, 2005], r: -1.1040963143239196e+34, e: -1.1045394968579838e+34
#ERR  p: [362, 2005], r: -2.3121820678278897e+34, e: -2.3101884891886245e+34
#ERR  p: [363, 2005], r: 1.5484495682832379e+34, e: 1.5466283108974413e+34
#ERR  p: [360, 2006], r: -2.5466748983613972e+34, e: -2.4635318742668967e+34
#ERR  p: [361, 2006], r: 4.9740415923206108e+34, e: 4.9955490673871393e+34
#ERR  p: [362, 2006], r: 2.5191549961120674e+34, e: 2.4224089916898835e+34
#ERR  p: [363, 2006], r: 1.4386160617657290e+34, e: 1.5270104275068780e+34
#ERR  p: [360, 2007], r: 5.6187189224071090e+33, e: 6.2616158471291070e+33
#ERR  p: [361, 2007], r: 1.2344564760148312e+34, e: 1.2510867149145832e+34
#ERR  p: [362, 2007], r: -8.5761651039001182e+33, e: -9.3242491747901753e+33
#ERR  p: [363, 2007], r: 1.2328033308863695e+34, e: 1.3011534666874254e+34
#ERR  p: [360, 2008], r: -4.6138675182686748e+33, e: -5.3913706152223293e+33
#ERR  p: [361, 2008], r: -4.1610305993231318e+33, e: -4.3621512898655918e+33
#ERR  p: [362, 2008], r: -1.5930280366859123e+34, e: -1.5025566551468503e+34
#ERR  p: [363, 2008], r: 2.6150455839671051e+34, e: 2.5323848613119103e+34
#ERR  p: [360, 2009], r: 4.0903128412999407e+34, e: 4.0718794189389656e+34
#ERR  p: [361, 2009], r: 1.8518456462273539e+33, e: 1.8041626717941596e+33
#ERR  p: [362, 2009], r: -3.7894698908928468e+34, e: -3.7680208465961726e+34
#ERR  p: [363, 2009], r: -4.6571472637761349e+34, e: -4.6767448449500539e+34
#ERR  p: [360, 2010], r: -3.0601357836318101e+34, e: -3.0145191787121909e+34
#ERR  p: [361, 2010], r: 1.6378180690413006e+34, e: 1.6496181134957688e+34
#ERR  p: [362, 2010], r: 1.2627604894850443e+34, e: 1.2096800964805658e+34
#ERR  p: [363, 2010], r: -9.3170288895110433e+33, e: -8.8320448341403277e+33
#ERR  p: [360, 2011], r: -4.3673464909314588e+34, e: -4.3318166214519369e+34
#ERR  p: [361, 2011], r: -1.0435463149163970e+34, e: -1.0343556623737365e+34
#ERR  p: [362, 2011], r: 1.3966758911747796e+34, e: 1.3553333980347972e+34
#ERR  p: [363, 2011], r: -1.1499405764167633e+34, e: -1.1121665692340249e+34
#ERR  p: [360, 2012], r: 1.7532512735325130e+34, e: 1.8267854070420803e+34
#ERR  p: [361, 2012], r: 7.2280434493581819e+33, e: 7.4182572691845181e+33
#ERR  p: [362, 2012], r: -2.9771601290306210e+34, e: -3.0627250590179794e+34
#ERR  p: [363, 2012], r: 1.2256526178374454e+34, e: 1.3038305120223800e+34
#ERR  p: [360, 2013], r: -2.0150249600937642e+34, e: -1.9725633691582678e+34
#ERR  p: [361, 2013], r: -1.6917902740500803e+34, e: -1.6808067748455247e+34
#ERR  p: [362, 2013], r: 1.1632613064154897e+33, e: 6.6917962969606588e+32
#ERR  p: [363, 2013], r: -3.2775997585729157e+34, e: -3.2324565419243193e+34
#ERR  p: [360, 2014], r: -3.1089002224833240e+34, e: -3.0716045553317655e+34
#ERR  p: [361, 2014], r: -5.3357186493742432e+34, e: -5.3260706398840687e+34
#ERR  p: [362, 2014], r: -2.1945780116837864e+34, e: -2.2379754852889826e+34
#ERR  p: [363, 2014], r: -1.9413218477688344e+34, e: -1.9016706283105237e+34
#ERR  p: [360, 2015], r: -2.9613085544155796e+34, e: -2.9525142283764962e+34
#ERR  p: [361, 2015], r: 3.5712428497115257e+33, e: 3.5939912358734339e+33
#ERR  p: [362, 2015], r: -2.1439541868932658e+34, e: -2.1541872468460066e+34
#ERR  p: [363, 2015], r: 2.7446272051673102e+34, e: 2.7539766235200091e+34
#SDC Ite:2 KerTime:2.7483424 AccTime:5.4057710 KerErr:64 AccErr:64
#IT 2 KerTime:2.7702096 AccTime:8.1759806
#IT 3 KerTime:2.7190023 AccTime:10.8949829
