#HEADER matrix_dim:2048 threads:4 block_size:16 block_offset:12 precision:Float
#BEGIN Y:2023 M:11 D:01 Time:19:24:09
#IT 0 KerTime:2.6532574 AccTime:2.6532574
#IT 1 KerTime:2.7001926 AccTime:5.3534500
#IT 2 KerTime:2.7978854 AccTime:8.1513354
#IT 3 KerTime:2.6925353 AccTime:10.8438706
#IT 4 KerTime:2.6548654 AccTime:13.4987360
#IT 5 KerTime:2.6891049 AccTime:16.1878410
#IT 6 KerTime:2.6598056 AccTime:18.8476466
#IT 7 KerTime:2.6854739 AccTime:21.5331205
#IT 8 KerTime:2.6559254 AccTime:24.1890459
#IT 9 KerTime:2.6547495 AccTime:26.8437954
#IT 10 KerTime:2.6623907 AccTime:29.5061861
#IT 11 KerTime:2.6584188 AccTime:32.1646048
#IT 12 KerTime:2.7808301 AccTime:34.9454349
#IT 13 KerTime:2.6551895 AccTime:37.6006244
#IT 14 KerTime:2.7917762 AccTime:40.3924006
#IT 15 KerTime:2.6826824 AccTime:43.0750830
#ERR  p: [698, 1621], r: 3.6461227478378002e+33, e: 2.3775806760387804e+33
#ERR  p: [246, 1747], r: 3.1583210171436671e+34, e: 3.2618056243756971e+34
#ERR  p: [567, 1755], r: -2.1535769424066389e+34, e: -2.0470913209313734e+34
#SDC Ite:16 KerTime:2.6826824 AccTime:43.0750830 KerErr:3 AccErr:3
#IT 16 KerTime:2.6547243 AccTime:45.7298073
#IT 17 KerTime:2.6543170 AccTime:48.3841243
#IT 18 KerTime:2.6600310 AccTime:51.0441553
#IT 19 KerTime:2.6585459 AccTime:53.7027012
