#HEADER matrix_dim:2048 threads:4 block_size:16 block_offset:12 precision:Float
#BEGIN Y:2023 M:11 D:02 Time:10:52:29
#IT 0 KerTime:2.6576995 AccTime:2.6576995
#IT 1 KerTime:2.7226930 AccTime:5.3803925
#IT 2 KerTime:2.7029857 AccTime:8.0833782
#IT 3 KerTime:2.6903832 AccTime:10.7737614
#ERR  p: [428, 1424], r: -2.0706921526043334e+34, e: -1.8708704325450956e+34
#ERR  p: [94, 1428], r: -1.7259237471652883e+34, e: -1.8547269516687906e+34
#ERR  p: [205, 1428], r: 1.3156898538047300e+34, e: 1.0039822464368520e+34
#ERR  p: [249, 1428], r: 1.0556086479166888e+33, e: 1.9577015895016370e+32
#ERR  p: [540, 1488], r: 4.1201229326219483e+34, e: 4.2868883111941605e+34
#ERR  p: [924, 1488], r: -4.0977184462029537e+34, e: -4.1189946740701436e+34
#ERR  p: [925, 1488], r: 1.0510739807072836e+34, e: 1.1081295229719114e+34
#ERR  p: [926, 1488], r: -1.2389344765189382e+34, e: -1.1287552133484569e+34
#ERR  p: [430, 1492], r: -2.6383262843459060e+34, e: -2.7113221615263920e+34
#ERR  p: [545, 1492], r: -5.9632076771912796e+34, e: -6.3310313541279718e+34
#ERR  p: [574, 1492], r: -4.1169550440614171e+34, e: -4.2115200457223880e+34
#ERR  p: [633, 1492], r: -1.6180373965355713e+34, e: -1.8116757298925826e+34
#ERR  p: [470, 1493], r: -1.1750062625382098e+33, e: -5.8263988382477226e+32
#ERR  p: [502, 1493], r: -3.7159944357411417e+34, e: -3.7720800519849894e+34
#ERR  p: [504, 1493], r: -3.9607908888096292e+34, e: -3.8756245755149207e+34
#ERR  p: [505, 1493], r: 3.0196878259642153e+34, e: 3.2353562926723413e+34
#ERR  p: [921, 1493], r: 4.0514401004353346e+33, e: 1.6609317713088019e+33
#ERR  p: [934, 1493], r: 1.0769884913651670e+33, e: -6.5247053401581146e+32
#ERR  p: [828, 1496], r: 3.3479944761428552e+34, e: 4.0573702665025253e+34
#ERR  p: [598, 1499], r: -9.2654699248148465e+33, e: -8.4449484114960250e+33
#ERR  p: [46, 1500], r: 2.7809377196356054e+34, e: 2.7941903629321711e+34
#ERR  p: [71, 1500], r: -1.9478158336269177e+34, e: -1.8815987923075545e+34
#ERR  p: [449, 1500], r: -1.4523515016776160e+34, e: -1.6261161932319477e+34
#ERR  p: [577, 1500], r: 1.5060509265987392e+33, e: 2.7461561230128296e+33
#ERR  p: [578, 1500], r: 2.6595745347682081e+34, e: 2.7210040905736430e+34
#ERR  p: [590, 1500], r: 1.9628298180113786e+34, e: 2.0518649415168617e+34
#ERR  p: [673, 1500], r: 2.1791884362914063e+34, e: 2.4383781706086571e+34
#ERR  p: [674, 1500], r: 2.9181846655590655e+34, e: 3.1690547000482950e+34
#ERR  p: [675, 1500], r: -5.9428579236494908e+34, e: -5.3438737031770396e+34
#ERR  p: [685, 1500], r: -1.6939887936628492e+33, e: 5.8388064791477226e+32
#ERR  p: [742, 1500], r: -2.6677026014781481e+33, e: -2.6140403766552054e+33
#ERR  p: [102, 1501], r: -2.7575396625410803e+34, e: -2.7491011204692875e+34
#ERR  p: [313, 1501], r: -1.7201637359564973e+34, e: -1.6312222007179842e+34
#ERR  p: [486, 1501], r: 2.0958428852064788e+34, e: 2.4809041344261963e+34
#ERR  p: [488, 1501], r: 2.3506639291250915e+34, e: 2.2509632094171412e+34
#ERR  p: [598, 1501], r: -4.1778325405063326e+33, e: -4.5193653420646976e+33
#ERR  p: [662, 1501], r: 3.8141185150150580e+34, e: 3.5791874537076436e+34
#ERR  p: [663, 1501], r: -2.9209681118403967e+33, e: -3.1379217460003069e+33
#ERR  p: [664, 1501], r: -2.4909507606090208e+34, e: -2.5589032700694581e+34
#SDC Ite:4 KerTime:2.6903832 AccTime:10.7737614 KerErr:39 AccErr:39
#IT 4 KerTime:2.6567933 AccTime:13.4305547
#IT 5 KerTime:2.6903975 AccTime:16.1209522
#IT 6 KerTime:2.6605633 AccTime:18.7815155
#IT 7 KerTime:2.7284940 AccTime:21.5100095
#IT 8 KerTime:2.6571524 AccTime:24.1671619
#IT 9 KerTime:2.7202866 AccTime:26.8874484
#IT 10 KerTime:2.7041464 AccTime:29.5915948
#ERR  p: [358, 1428], r: 4.0075166880044480e+34, e: 4.1267278379075516e+34
#SDC Ite:11 KerTime:2.7041464 AccTime:29.5915948 KerErr:1 AccErr:40
#IT 11 KerTime:2.6904079 AccTime:32.2820027
#ERR  p: [873, 1242], r: 2.7000460132965494e+34, e: 2.8186550291645445e+34
#SDC Ite:12 KerTime:2.6904079 AccTime:32.2820027 KerErr:1 AccErr:41
#ABORT amount of errors equals of the last iteration
#END
