#HEADER matrix_dim:2048 threads:4 block_size:16 block_offset:12 precision:Float
#BEGIN Y:2023 M:11 D:10 Time:13:07:24
#IT 0 KerTime:2.6437017 AccTime:2.6437017
#IT 1 KerTime:2.7423869 AccTime:5.3860887
#IT 2 KerTime:2.7353213 AccTime:8.1214099
#IT 3 KerTime:2.6841603 AccTime:10.8055703
#ERR  p: [744, 476], r: 4.4385306428644506e+33, e: 1.1178583699466512e+34
#ERR  p: [745, 476], r: -3.1263044214956372e+34, e: -3.6787940899726081e+34
#SDC Ite:4 KerTime:2.6841603 AccTime:10.8055703 KerErr:2 AccErr:2
#IT 4 KerTime:2.6422313 AccTime:13.4478016
#IT 5 KerTime:2.6827448 AccTime:16.1305464
#IT 6 KerTime:2.6466712 AccTime:18.7772177
#ERR  p: [601, 475], r: -1.9336377063569822e+34, e: 6.5634986671692005e+33
#SDC Ite:7 KerTime:2.6466712 AccTime:18.7772177 KerErr:1 AccErr:3
#IT 7 KerTime:2.7120819 AccTime:21.4892995
#IT 8 KerTime:2.6422157 AccTime:24.1315152
#IT 9 KerTime:2.7548724 AccTime:26.8863876
#IT 10 KerTime:2.6454729 AccTime:29.5318605
#IT 11 KerTime:2.6783462 AccTime:32.2102067
#IT 12 KerTime:2.6504960 AccTime:34.8607027
#IT 13 KerTime:2.6766893 AccTime:37.5373920
#IT 14 KerTime:2.6472123 AccTime:40.1846043
#IT 15 KerTime:2.6780546 AccTime:42.8626588
#IT 16 KerTime:2.6438733 AccTime:45.5065321
#IT 17 KerTime:2.6742284 AccTime:48.1807605
#IT 18 KerTime:2.6452641 AccTime:50.8260246
#IT 19 KerTime:2.6698652 AccTime:53.4958898
#IT 20 KerTime:2.6421534 AccTime:56.1380432
#IT 21 KerTime:2.6421738 AccTime:58.7802170
#IT 22 KerTime:2.6489923 AccTime:61.4292093
#IT 23 KerTime:2.6458812 AccTime:64.0750905
#IT 24 KerTime:2.6810566 AccTime:66.7561470
#IT 25 KerTime:2.6767869 AccTime:69.4329340
#ERR  p: [1430, 746], r: -4.1402706543493258e+33, e: 3.6103105042353173e+34
#SDC Ite:26 KerTime:2.6767869 AccTime:69.4329340 KerErr:1 AccErr:4
#IT 26 KerTime:2.6447803 AccTime:72.0777143
