#HEADER matrix_dim:2048 threads:4 block_size:16 block_offset:12 precision:Float
#BEGIN Y:2023 M:11 D:09 Time:14:04:07
#IT 0 KerTime:2.6606066 AccTime:2.6606066
#IT 1 KerTime:2.7436571 AccTime:5.4042636
#IT 2 KerTime:2.7329132 AccTime:8.1371768
#IT 3 KerTime:2.7308613 AccTime:10.8680381
#IT 4 KerTime:2.6594838 AccTime:13.5275219
#IT 5 KerTime:2.7160265 AccTime:16.2435484
#IT 6 KerTime:2.6629064 AccTime:18.9064548
#IT 7 KerTime:2.7061312 AccTime:21.6125860
#IT 8 KerTime:2.6595543 AccTime:24.2721403
#ERR  p: [377, 1243], r: 2.3214416117337365e+34, e: 2.1756600595914351e+34
#SDC Ite:9 KerTime:2.6595543 AccTime:24.2721403 KerErr:1 AccErr:1
#IT 9 KerTime:2.7537211 AccTime:27.0258614
#ERR  p: [413, 1534], r: 2.1273615813707082e+34, e: 2.4812252560723870e+34
#ERR  p: [414, 1534], r: -2.8415350702496306e+33, e: -2.5038881624745825e+33
#ERR  p: [411, 1535], r: 4.0068309311196859e+33, e: 4.7336629758703210e+32
#ERR  p: [412, 1535], r: -1.2577842181151249e+34, e: -9.1104222676844901e+33
#SDC Ite:10 KerTime:2.7537211 AccTime:27.0258614 KerErr:4 AccErr:5
#IT 10 KerTime:2.6615633 AccTime:29.6874247
