#HEADER matrix_dim:2048 threads:4 block_size:16 block_offset:12 precision:Float
#BEGIN Y:2023 M:11 D:09 Time:12:41:50
#IT 0 KerTime:2.6556535 AccTime:2.6556535
#IT 1 KerTime:2.7448027 AccTime:5.4004562
#IT 2 KerTime:2.7822799 AccTime:8.1827362
#ERR  p: [759, 1183], r: 2.3025481708541630e+34, e: 1.9123124560642365e+34
#ERR  p: [760, 1183], r: 9.6790341244690903e+33, e: 1.3128262509058551e+34
#ERR  p: [377, 1361], r: 1.2737493118317688e+33, e: -1.8555353265144440e+33
#ERR  p: [390, 1361], r: 5.8996275719495982e+34, e: 5.6438869861698044e+34
#ERR  p: [582, 1361], r: 4.8263503938737078e+34, e: 4.9360630774433825e+34
#ERR  p: [583, 1361], r: -2.6091648736044839e+34, e: -2.4271347039958516e+34
#ERR  p: [344, 1457], r: -3.3947853909837405e+34, e: -3.2715531642450302e+34
#ERR  p: [345, 1457], r: 5.5910466297389433e+33, e: 1.3599000350457170e+33
#ERR  p: [831, 1498], r: -1.2155756621236585e+34, e: -1.5321532018120812e+34
#ERR  p: [1595, 1520], r: 4.6222393353723500e+34, e: 3.0089026447539532e+34
#SDC Ite:3 KerTime:2.7822799 AccTime:8.1827362 KerErr:10 AccErr:10
#IT 3 KerTime:2.6999032 AccTime:10.8826393
#IT 4 KerTime:2.6515522 AccTime:13.5341915
#IT 5 KerTime:2.6941098 AccTime:16.2283013
#IT 6 KerTime:2.7562078 AccTime:18.9845091
#IT 7 KerTime:2.7446953 AccTime:21.7292044
#IT 8 KerTime:2.6517775 AccTime:24.3809819
