#HEADER matrix_dim:2048 threads:4 block_size:16 block_offset:12 precision:Float
#BEGIN Y:2023 M:11 D:01 Time:01:06:19
#IT 0 KerTime:2.6502166 AccTime:2.6502166
#IT 1 KerTime:2.7154244 AccTime:5.3656410
#ERR  p: [216, 1617], r: 2.9170784423399601e+34, e: 2.8641728464690286e+34
#ERR  p: [390, 1617], r: -3.2912632122715182e+32, e: -1.7316834488890694e+33
#SDC Ite:2 KerTime:2.7154244 AccTime:5.3656410 KerErr:2 AccErr:2
#IT 2 KerTime:2.7212004 AccTime:8.0868414
#IT 3 KerTime:2.6899471 AccTime:10.7767885
#IT 4 KerTime:2.6521430 AccTime:13.4289315
#IT 5 KerTime:2.6928002 AccTime:16.1217317
#IT 6 KerTime:2.6568282 AccTime:18.7785599
#IT 7 KerTime:2.6984749 AccTime:21.4770348
#IT 8 KerTime:2.6524691 AccTime:24.1295039
#IT 9 KerTime:2.6839355 AccTime:26.8134394
#IT 10 KerTime:2.6679960 AccTime:29.4814354
#IT 11 KerTime:2.6809982 AccTime:32.1624336
#IT 12 KerTime:2.6527240 AccTime:34.8151576
#IT 13 KerTime:2.6819989 AccTime:37.4971564
#IT 14 KerTime:2.6573563 AccTime:40.1545127
#IT 15 KerTime:2.6561485 AccTime:42.8106613
#IT 16 KerTime:2.6544579 AccTime:45.4651192
