#HEADER matrix_dim:2048 threads:4 block_size:16 block_offset:12 precision:Float
#BEGIN Y:2023 M:11 D:06 Time:21:21:43
#IT 0 KerTime:2.6473291 AccTime:2.6473291
#IT 1 KerTime:2.6869176 AccTime:5.3342468
#IT 2 KerTime:2.7346822 AccTime:8.0689290
#IT 3 KerTime:2.6966750 AccTime:10.7656040
#IT 4 KerTime:2.6527142 AccTime:13.4183182
#IT 5 KerTime:2.6803676 AccTime:16.0986858
#IT 6 KerTime:2.6539254 AccTime:18.7526111
#IT 7 KerTime:2.6823767 AccTime:21.4349878
#IT 8 KerTime:2.6727981 AccTime:24.1077859
#IT 9 KerTime:2.6504950 AccTime:26.7582809
#IT 10 KerTime:2.6553030 AccTime:29.4135839
#IT 11 KerTime:2.6547178 AccTime:32.0683017
#IT 12 KerTime:2.7086208 AccTime:34.7769225
#IT 13 KerTime:2.6691083 AccTime:37.4460308
#IT 14 KerTime:2.8042350 AccTime:40.2502658
#IT 15 KerTime:2.6580142 AccTime:42.9082800
#IT 16 KerTime:2.7530916 AccTime:45.6613716
#IT 17 KerTime:2.6534927 AccTime:48.3148643
#IT 18 KerTime:2.6926805 AccTime:51.0075448
#IT 19 KerTime:2.6545784 AccTime:53.6621232
#IT 20 KerTime:2.7112724 AccTime:56.3733956
#IT 21 KerTime:2.6522536 AccTime:59.0256492
#IT 22 KerTime:2.7045213 AccTime:61.7301705
#IT 23 KerTime:2.6548890 AccTime:64.3850595
#IT 24 KerTime:2.6909186 AccTime:67.0759781
#IT 25 KerTime:2.6523172 AccTime:69.7282953
#IT 26 KerTime:2.6795072 AccTime:72.4078024
#IT 27 KerTime:2.6552244 AccTime:75.0630268
#IT 28 KerTime:2.6898429 AccTime:77.7528697
#IT 29 KerTime:2.6640607 AccTime:80.4169304
#IT 30 KerTime:2.6584359 AccTime:83.0753664
#IT 31 KerTime:2.6549017 AccTime:85.7302681
#IT 32 KerTime:2.6553375 AccTime:88.3856056
#IT 33 KerTime:2.6945364 AccTime:91.0801419
#ERR  p: [265, 123], r: -1.7917909466295494e+34, e: -2.9361501465851906e+34
#SDC Ite:34 KerTime:2.6945364 AccTime:91.0801419 KerErr:1 AccErr:1
#IT 34 KerTime:2.6833297 AccTime:93.7634716
#IT 35 KerTime:2.6548496 AccTime:96.4183211
#IT 36 KerTime:2.6740948 AccTime:99.0924160
#IT 37 KerTime:2.6518349 AccTime:101.7442509
#IT 38 KerTime:2.6514840 AccTime:104.3957349
#IT 39 KerTime:2.7000961 AccTime:107.0958310
#IT 40 KerTime:2.6541648 AccTime:109.7499957
#IT 41 KerTime:2.7620123 AccTime:112.5120081
#IT 42 KerTime:2.6520811 AccTime:115.1640892
#IT 43 KerTime:2.7367870 AccTime:117.9008763
#IT 44 KerTime:2.6558272 AccTime:120.5567035
#IT 45 KerTime:2.7702730 AccTime:123.3269765
#IT 46 KerTime:2.6547405 AccTime:125.9817170
#IT 47 KerTime:2.6932989 AccTime:128.6750159
#IT 48 KerTime:2.6543096 AccTime:131.3293255
#IT 49 KerTime:2.7026532 AccTime:134.0319786
#IT 50 KerTime:2.6649873 AccTime:136.6969660
#IT 51 KerTime:2.7508974 AccTime:139.4478634
#IT 52 KerTime:2.6547657 AccTime:142.1026291
#IT 53 KerTime:2.6911665 AccTime:144.7937956
#IT 54 KerTime:2.6522469 AccTime:147.4460425
#IT 55 KerTime:2.7071735 AccTime:150.1532159
#IT 56 KerTime:2.6568925 AccTime:152.8101084
#IT 57 KerTime:2.6794806 AccTime:155.4895890
#IT 58 KerTime:2.6517201 AccTime:158.1413091
#IT 59 KerTime:2.6511388 AccTime:160.7924479
#IT 60 KerTime:2.6544016 AccTime:163.4468495
#IT 61 KerTime:2.6549071 AccTime:166.1017566
#IT 62 KerTime:2.7003615 AccTime:168.8021180
#IT 63 KerTime:2.6507745 AccTime:171.4528926
#IT 64 KerTime:2.7044425 AccTime:174.1573351
#IT 65 KerTime:2.6562914 AccTime:176.8136266
#IT 66 KerTime:2.7013208 AccTime:179.5149474
#IT 67 KerTime:2.6994753 AccTime:182.2144227
