#HEADER matrix_dim:2048 threads:4 block_size:16 block_offset:12 precision:Float
#BEGIN Y:2023 M:11 D:11 Time:05:41:26
#IT 0 KerTime:2.6430758 AccTime:2.6430758
#IT 1 KerTime:2.6856078 AccTime:5.3286836
#IT 2 KerTime:2.6807810 AccTime:8.0094646
#IT 3 KerTime:2.6990068 AccTime:10.7084714
#IT 4 KerTime:2.6461014 AccTime:13.3545727
#IT 5 KerTime:2.6858748 AccTime:16.0404475
#IT 6 KerTime:2.6477502 AccTime:18.6881977
#IT 7 KerTime:2.6720664 AccTime:21.3602642
#IT 8 KerTime:2.6443836 AccTime:24.0046477
#IT 9 KerTime:2.6435565 AccTime:26.6482043
#IT 10 KerTime:2.7063213 AccTime:29.3545256
#IT 11 KerTime:2.6474123 AccTime:32.0019379
#IT 12 KerTime:2.7469271 AccTime:34.7488650
#IT 13 KerTime:2.6443130 AccTime:37.3931779
#IT 14 KerTime:2.7183524 AccTime:40.1115304
#IT 15 KerTime:2.6478747 AccTime:42.7594050
#ERR  p: [1049, 501], r: -3.3534995954975573e+34, e: 1.1211384158747418e+34
#SDC Ite:16 KerTime:2.6478747 AccTime:42.7594050 KerErr:1 AccErr:1
#IT 16 KerTime:2.6444190 AccTime:45.4038241
#IT 17 KerTime:2.6440950 AccTime:48.0479191
#IT 18 KerTime:2.7081616 AccTime:50.7560807
#IT 19 KerTime:2.6463921 AccTime:53.4024728
#IT 20 KerTime:2.8298764 AccTime:56.2323492
#ERR  p: [1945, 146], r: 3.1116821213396061e+34, e: 5.4507799766776543e+33
#SDC Ite:21 KerTime:2.8298764 AccTime:56.2323492 KerErr:1 AccErr:2
#IT 21 KerTime:2.6744256 AccTime:58.9067748
#IT 22 KerTime:2.6468506 AccTime:61.5536254
#IT 23 KerTime:2.6489043 AccTime:64.2025297
#ERR  p: [1880, 466], r: 2.6126833467841408e+34, e: 5.6630299957612978e+34
#SDC Ite:24 KerTime:2.6489043 AccTime:64.2025297 KerErr:1 AccErr:3
#IT 24 KerTime:2.6435235 AccTime:66.8460532
#IT 25 KerTime:2.6904923 AccTime:69.5365455
#IT 26 KerTime:2.6571827 AccTime:72.1937282
#IT 27 KerTime:2.7796036 AccTime:74.9733318
#IT 28 KerTime:2.9078198 AccTime:77.8811515
#ERR  p: [1228, 848], r: -5.0299568680150529e+34, e: -1.8037683878916473e+34
#ERR  p: [1229, 848], r: 1.2943169428204718e+34, e: 8.6091859165080164e+33
#ERR  p: [1245, 848], r: -6.6003533800787656e+33, e: -8.7883195540127288e+33
#ERR  p: [1310, 848], r: 3.2174415671878269e+34, e: 5.1648264738870693e+34
#ERR  p: [1539, 912], r: -5.9659697690069332e+33, e: -5.2593845430838202e+33
#ERR  p: [1628, 912], r: -2.3163707617448157e+34, e: 1.0592662965052624e+34
#ERR  p: [1542, 914], r: 6.2559814868343035e+34, e: -6.5152388126776993e+33
#ERR  p: [1543, 914], r: -8.8675935203084467e+33, e: 2.9942355311685000e+34
#ERR  p: [1912, 924], r: 1.8466492691184496e+34, e: 6.9280354895075861e+32
#ERR  p: [1292, 976], r: -1.5389471405416833e+34, e: 1.5935390583341293e+34
#SDC Ite:29 KerTime:2.9078198 AccTime:77.8811515 KerErr:10 AccErr:13
#IT 29 KerTime:2.6885241 AccTime:80.5696756
#IT 30 KerTime:2.6468532 AccTime:83.2165288
#IT 31 KerTime:2.7344908 AccTime:85.9510196
