#HEADER matrix_dim:2048 threads:4 block_size:16 block_offset:12 precision:Float
#BEGIN Y:2023 M:11 D:04 Time:23:19:48
#IT 0 KerTime:2.6895689 AccTime:2.6895689
#IT 1 KerTime:2.6845822 AccTime:5.3741512
#IT 2 KerTime:2.6928976 AccTime:8.0670488
#IT 3 KerTime:2.5860853 AccTime:10.6531341
#IT 4 KerTime:2.6383989 AccTime:13.2915331
#IT 5 KerTime:2.5882006 AccTime:15.8797337
#IT 6 KerTime:2.7231262 AccTime:18.6028600
#IT 7 KerTime:2.5901625 AccTime:21.1930224
#IT 8 KerTime:2.6209905 AccTime:23.8140129
#IT 9 KerTime:2.5891797 AccTime:26.4031926
#IT 10 KerTime:2.6059155 AccTime:29.0091082
#IT 11 KerTime:2.6549536 AccTime:31.6640617
#IT 12 KerTime:2.6442432 AccTime:34.3083049
#IT 13 KerTime:2.7550887 AccTime:37.0633936
#IT 14 KerTime:2.5893447 AccTime:39.6527383
#IT 15 KerTime:2.6533910 AccTime:42.3061294
#ERR  p: [1085, 1266], r: 1.9890705568181148e+34, e: 1.9977396033252224e+34
#SDC Ite:16 KerTime:2.6533910 AccTime:42.3061294 KerErr:1 AccErr:1
#IT 16 KerTime:2.5874872 AccTime:44.8936165
#IT 17 KerTime:2.7348295 AccTime:47.6284460
#IT 18 KerTime:2.5913033 AccTime:50.2197493
#IT 19 KerTime:2.7049922 AccTime:52.9247415
#IT 20 KerTime:2.5876204 AccTime:55.5123619
#IT 21 KerTime:2.6541092 AccTime:58.1664711
#IT 22 KerTime:2.5894996 AccTime:60.7559708
#IT 23 KerTime:2.6675446 AccTime:63.4235154
#IT 24 KerTime:2.5876186 AccTime:66.0111340
#IT 25 KerTime:2.6556246 AccTime:68.6667586
#IT 26 KerTime:2.5913457 AccTime:71.2581044
#IT 27 KerTime:2.6216748 AccTime:73.8797791
#IT 28 KerTime:2.5848732 AccTime:76.4646524
#IT 29 KerTime:2.5859695 AccTime:79.0506219
#IT 30 KerTime:2.5909999 AccTime:81.6416218
#IT 31 KerTime:2.5894804 AccTime:84.2311022
#IT 32 KerTime:2.6673966 AccTime:86.8984988
#IT 33 KerTime:2.5865202 AccTime:89.4850190
#IT 34 KerTime:2.7195238 AccTime:92.2045428
#IT 35 KerTime:2.5891359 AccTime:94.7936788
#IT 36 KerTime:2.6860079 AccTime:97.4796866
#IT 37 KerTime:2.5859833 AccTime:100.0656699
#IT 38 KerTime:2.6660259 AccTime:102.7316958
#IT 39 KerTime:2.5885011 AccTime:105.3201969
#IT 40 KerTime:2.6608812 AccTime:107.9810782
#IT 41 KerTime:2.5859983 AccTime:110.5670765
#IT 42 KerTime:2.6143281 AccTime:113.1814046
#IT 43 KerTime:2.5894122 AccTime:115.7708168
#IT 44 KerTime:2.5893010 AccTime:118.3601178
