#HEADER matrix_dim:2048 threads:4 block_size:16 block_offset:12 precision:Float
#BEGIN Y:2023 M:11 D:04 Time:10:10:29
#IT 0 KerTime:2.6648180 AccTime:2.6648180
#IT 1 KerTime:2.6353012 AccTime:5.3001192
#IT 2 KerTime:2.6708825 AccTime:7.9710017
#IT 3 KerTime:2.5970365 AccTime:10.5680382
#IT 4 KerTime:2.6708768 AccTime:13.2389150
#IT 5 KerTime:2.5987187 AccTime:15.8376338
#IT 6 KerTime:2.6460173 AccTime:18.4836510
#IT 7 KerTime:2.5975291 AccTime:21.0811801
#IT 8 KerTime:2.6219545 AccTime:23.7031346
#IT 9 KerTime:2.5989963 AccTime:26.3021309
#IT 10 KerTime:2.5989011 AccTime:28.9010320
#IT 11 KerTime:2.6623337 AccTime:31.5633657
#IT 12 KerTime:2.5961148 AccTime:34.1594806
#IT 13 KerTime:2.6471235 AccTime:36.8066041
#IT 14 KerTime:2.5987747 AccTime:39.4053788
#IT 15 KerTime:2.6826068 AccTime:42.0879856
#ERR  p: [728, 1230], r: 7.4429052743367097e+33, e: 2.1361893317908522e+34
#SDC Ite:16 KerTime:2.6826068 AccTime:42.0879856 KerErr:1 AccErr:1
#IT 16 KerTime:2.5952654 AccTime:44.6832510
