#HEADER matrix_dim:2048 threads:4 block_size:16 block_offset:12 precision:Float
#BEGIN Y:2023 M:11 D:06 Time:21:03:36
#IT 0 KerTime:2.7139014 AccTime:2.7139014
#IT 1 KerTime:2.6600379 AccTime:5.3739393
#IT 2 KerTime:2.7185404 AccTime:8.0924797
#ERR  p: [248, 1918], r: 4.7408547885285494e+34, e: 2.7782298495936725e+34
#SDC Ite:3 KerTime:2.7185404 AccTime:8.0924797 KerErr:1 AccErr:1
#IT 3 KerTime:2.6077544 AccTime:10.7002340
#IT 4 KerTime:2.6841057 AccTime:13.3843397
#ERR  p: [1581, 1648], r: 4.7412142863159579e+34, e: 2.2408237377313704e+33
#ERR  p: [647, 1716], r: -1.1676287588740885e+34, e: -1.8462204466888412e+34
#ERR  p: [667, 1936], r: 1.4863625425229386e+34, e: -3.0314248592706839e+33
#ERR  p: [668, 1936], r: -3.6209619879213366e+34, e: -5.3229119120798281e+34
#ERR  p: [669, 1936], r: -9.1831493880824473e+33, e: -5.2047520208580857e+34
#ERR  p: [679, 1940], r: -8.5691496976974879e+33, e: -1.5873882294549360e+34
#ERR  p: [694, 1940], r: 3.2493660600969340e+34, e: 5.5860469613022814e+34
#SDC Ite:5 KerTime:2.6841057 AccTime:13.3843397 KerErr:7 AccErr:8
#IT 5 KerTime:2.6104248 AccTime:15.9947646
#IT 6 KerTime:2.7382326 AccTime:18.7329972
#IT 7 KerTime:2.6241465 AccTime:21.3571437
#IT 8 KerTime:2.7239617 AccTime:24.0811054
#ERR  p: [1148, 1584], r: -3.0210993251970084e+34, e: -6.8472623778242936e+33
#ERR  p: [1181, 1584], r: 3.7436361512903371e+34, e: 8.3274004340357014e+33
#ERR  p: [1708, 1584], r: 2.0116375847642676e+34, e: 4.6105913099547060e+34
#ERR  p: [1209, 1585], r: 5.6046583994409057e+33, e: 1.9971409355222240e+34
#ERR  p: [1382, 1586], r: 2.6383463389745424e+34, e: 6.2984690745106249e+34
#ERR  p: [1833, 1586], r: -3.2491967098995598e+34, e: -1.4096701763851464e+32
#ERR  p: [1834, 1586], r: -1.7668795078369979e+34, e: 1.6462250436420915e+34
#ERR  p: [1257, 1588], r: -1.9021659281202418e+34, e: -3.8733581548909971e+34
#ERR  p: [1258, 1588], r: -1.7739141021102371e+34, e: 2.5897380662589843e+32
#ERR  p: [1817, 1588], r: 3.2025040874977938e+34, e: 8.4094207703085739e+33
#ERR  p: [1818, 1588], r: -1.8927324536388754e+34, e: -4.0746412631666113e+33
#SDC Ite:9 KerTime:2.7239617 AccTime:24.0811054 KerErr:11 AccErr:19
#IT 9 KerTime:2.6093596 AccTime:26.6904650
#IT 10 KerTime:2.6453161 AccTime:29.3357811
#IT 11 KerTime:2.6057157 AccTime:31.9414968
#IT 12 KerTime:2.6847819 AccTime:34.6262787
#IT 13 KerTime:2.6091535 AccTime:37.2354322
#IT 14 KerTime:2.6845300 AccTime:39.9199622
#ERR  p: [1941, 1649], r: 1.0906587475442854e+35, e: 9.1523868256942134e+34
#ERR  p: [2044, 1661], r: -1.1636495739294112e+35, e: -4.8554954638066114e+34
#ERR  p: [44, 1776], r: -2.0904380389949588e+34, e: -9.3765601880602380e+33
#ERR  p: [142, 1776], r: -7.0888269408322188e+34, e: -3.3741380366565075e+34
#ERR  p: [147, 1776], r: 4.4859168830702282e+34, e: 4.6849984387799774e+34
#ERR  p: [252, 1776], r: -1.2079279161489612e+34, e: -4.6000270391444544e+33
#ERR  p: [348, 1776], r: -1.2985899404540732e+34, e: -3.0018554234923133e+33
#ERR  p: [349, 1776], r: 3.1354372003414612e+34, e: 4.4763119538934208e+34
#ERR  p: [396, 1776], r: -2.7009737255619898e+34, e: -1.8052879592898701e+34
#ERR  p: [588, 1776], r: 4.3151900963723029e+34, e: 5.2831324420334474e+34
#ERR  p: [606, 1776], r: -9.3634714480248736e+34, e: -5.4474120370067745e+34
#ERR  p: [924, 1776], r: -3.1495581347815816e+34, e: -2.2214133330913914e+34
#ERR  p: [950, 1778], r: 2.3815515234572931e+34, e: 2.8755064351166942e+34
#ERR  p: [951, 1778], r: -1.6743339577621132e+34, e: 8.1873374221108749e+33
#ERR  p: [952, 1778], r: 3.9803052804129082e+34, e: 4.2128505836766119e+34
#ERR  p: [236, 1840], r: -6.6916328888754731e+34, e: -5.7000934253614863e+34
#ERR  p: [370, 1840], r: -5.6352466598716081e+34, e: -5.2105371622496741e+34
#ERR  p: [371, 1840], r: 2.0482408720518538e+34, e: 2.4693695043161509e+34
#ERR  p: [422, 1842], r: -6.4533040535422320e+32, e: 9.5409375802966686e+33
#ERR  p: [802, 1847], r: -3.2655739138552818e+34, e: -1.0752223532596195e+34
#SDC Ite:15 KerTime:2.6845300 AccTime:39.9199622 KerErr:20 AccErr:39
#IT 15 KerTime:2.6054907 AccTime:42.5254529
#IT 16 KerTime:2.7403759 AccTime:45.26