#HEADER matrix_dim:2048 threads:4 block_size:16 block_offset:12 precision:Float
#BEGIN Y:2023 M:11 D:07 Time:16:28:57
#IT 0 KerTime:2.6749583 AccTime:2.6749583
#IT 1 KerTime:2.6343651 AccTime:5.3093233
#IT 2 KerTime:2.6790349 AccTime:7.9883583
#IT 3 KerTime:2.5900307 AccTime:10.5783890
#IT 4 KerTime:2.6375361 AccTime:13.2159251
#IT 5 KerTime:2.5952162 AccTime:15.8111413
#IT 6 KerTime:2.6664950 AccTime:18.4776363
#IT 7 KerTime:2.5919516 AccTime:21.0695878
#IT 8 KerTime:2.6134716 AccTime:23.6830594
#IT 9 KerTime:2.5936220 AccTime:26.2766815
#IT 10 KerTime:2.5937744 AccTime:28.8704559
#IT 11 KerTime:2.6891160 AccTime:31.5595718
#IT 12 KerTime:2.5894832 AccTime:34.1490550
#IT 13 KerTime:2.7103848 AccTime:36.8594398
#IT 14 KerTime:2.5932375 AccTime:39.4526773
#IT 15 KerTime:2.6512002 AccTime:42.1038775
#ERR  p: [1590, 1749], r: -4.1739975879556324e+34, e: -4.2083538902779117e+34
#ERR  p: [1591, 1749], r: 4.8542788163360017e+34, e: 5.1424351096324911e+34
#SDC Ite:16 KerTime:2.6512002 AccTime:42.1038775 KerErr:2 AccErr:2
#IT 16 KerTime:2.5893546 AccTime:44.6932321
#IT 17 KerTime:2.6871306 AccTime:47.3803627
#IT 18 KerTime:2.5926888 AccTime:49.9730515
#IT 19 KerTime:2.6442168 AccTime:52.6172683
