#HEADER matrix_dim:2048 threads:4 block_size:16 block_offset:12 precision:Float
#BEGIN Y:2023 M:11 D:07 Time:16:57:53
#IT 0 KerTime:2.7328025 AccTime:2.7328025
#ERR  p: [1464, 444], r: -6.7735981368165974e+33, e: -6.3423672948617120e+33
#SDC Ite:1 KerTime:2.7328025 AccTime:2.7328025 KerErr:1 AccErr:1
#IT 1 KerTime:2.6400776 AccTime:5.3728801
#IT 2 KerTime:2.6488726 AccTime:8.0217526
#IT 3 KerTime:2.5902788 AccTime:10.6120314
#IT 4 KerTime:2.6884299 AccTime:13.3004613
#IT 5 KerTime:2.5936166 AccTime:15.8940779
#IT 6 KerTime:2.6334301 AccTime:18.5275080
#IT 7 KerTime:2.5915017 AccTime:21.1190097
#IT 8 KerTime:2.6956467 AccTime:23.8146565
#ERR  p: [520, 1820], r: -8.3409286427850120e+33, e: -6.2049906128221347e+33
#ERR  p: [1545, 348], r: 3.6346990371552747e+33, e: 2.2360598968721924e+34
#SDC Ite:9 KerTime:2.6956467 AccTime:23.8146565 KerErr:2 AccErr:3
#IT 9 KerTime:2.5870785 AccTime:26.4017349
#IT 10 KerTime:2.6318682 AccTime:29.0336032
#ERR  p: [1753, 1556], r: -1.3865770239222973e+34, e: -1.5832354357991493e+34
#SDC Ite:11 KerTime:2.6318682 AccTime:29.0336032 KerErr:1 AccErr:4
#IT 11 KerTime:2.5881129 AccTime:31.6217161
#ERR  p: [1800, 827], r: -2.3472390751609055e+33, e: -5.1671103494655469e+33
#SDC Ite:12 KerTime:2.5881129 AccTime:31.6217161 KerErr:1 AccErr:5
#ABORT amount of errors equals of the last iteration
#END
