#HEADER matrix_dim:2048 threads:4 block_size:16 block_offset:12 precision:Float
#BEGIN Y:2023 M:11 D:03 Time:00:55:03
#IT 0 KerTime:2.6833637 AccTime:2.6833637
#IT 1 KerTime:2.6352219 AccTime:5.3185855
#IT 2 KerTime:2.6544214 AccTime:7.9730070
#IT 3 KerTime:2.5903381 AccTime:10.5633451
#IT 4 KerTime:2.6613042 AccTime:13.2246493
#IT 5 KerTime:2.6057258 AccTime:15.8303752
#IT 6 KerTime:2.6281327 AccTime:18.4585079
#IT 7 KerTime:2.5909093 AccTime:21.0494172
#IT 8 KerTime:2.5904901 AccTime:23.6399073
#IT 9 KerTime:2.6316091 AccTime:26.2715164
#IT 10 KerTime:2.5969117 AccTime:28.8684281
#IT 11 KerTime:2.6870307 AccTime:31.5554588
#IT 12 KerTime:2.5909140 AccTime:34.1463728
#IT 13 KerTime:2.6865153 AccTime:36.8328880
#IT 14 KerTime:2.5951943 AccTime:39.4280823
#IT 15 KerTime:2.6744311 AccTime:42.1025134
#IT 16 KerTime:2.5921287 AccTime:44.6946421
#IT 17 KerTime:2.6798533 AccTime:47.3744955
#IT 18 KerTime:2.5964811 AccTime:49.9709766
#IT 19 KerTime:2.6559253 AccTime:52.6269018
#IT 20 KerTime:2.5910358 AccTime:55.2179376
#IT 21 KerTime:2.6264107 AccTime:57.8443483
#IT 22 KerTime:2.6546532 AccTime:60.4990016
#IT 23 KerTime:2.5949147 AccTime:63.0939163
#IT 24 KerTime:2.5919645 AccTime:65.6858808
#IT 25 KerTime:2.5910247 AccTime:68.2769054
#IT 26 KerTime:2.7014404 AccTime:70.9783458
#IT 27 KerTime:2.5945222 AccTime:73.5728680
#IT 28 KerTime:2.6854232 AccTime:76.2582912
#IT 29 KerTime:2.5906916 AccTime:78.8489829
#IT 30 KerTime:2.7057212 AccTime:81.5547041
#ERR  p: [1416, 1361], r: -1.5630750870833711e+34, e: -9.3490742053679847e+33
#ERR  p: [1417, 1361], r: -1.0342443715642047e+34, e: 4.4619277096069443e+33
#SDC Ite:31 KerTime:2.7057212 AccTime:81.5547041 KerErr:2 AccErr:2
#IT 31 KerTime:2.6399531 AccTime:84.1946571
#IT 32 KerTime:2.7023685 AccTime:86.8970257
#IT 33 KerTime:2.5897605 AccTime:89.4867862
#IT 34 KerTime:2.6467405 AccTime:92.1335267
#IT 35 KerTime:2.5932966 AccTime:94.7268233
#IT 36 KerTime:2.6935816 AccTime:97.4204049
#IT 37 KerTime:2.5891308 AccTime:100.0095358
#IT 38 KerTime:2.6628866 AccTime:102.6724224
#IT 39 KerTime:2.5933199 AccTime:105.2657423
#IT 40 KerTime:2.6371636 AccTime:107.9029059
#IT 41 KerTime:2.5889807 AccTime:110.4918865
#IT 42 KerTime:2.6016944 AccTime:113.0935809
#IT 43 KerTime:2.6732993 AccTime:115.7668802
#IT 44 KerTime:2.5931661 AccTime:118.3600463
#IT 45 KerTime:2.6426425 AccTime:121.0026888
#IT 46 KerTime:2.5915027 AccTime:123.5941915
#IT 47 KerTime:2.6349599 AccTime:126.2291514
#ERR  p: [1821, 1456], r: -1.9167682974416403e+34, e: -2.0755318791879196e+34
#SDC Ite:48 KerTime:2.6349599 AccTime:126.2291514 KerErr:1 AccErr:3
#IT 48 KerTime:2.5942048 AccTime:128.8233562
#IT 49 KerTime:2.6422857 AccTime:131.4656419
#IT 50 KerTime:2.5893830 AccTime:134.0550249
#IT 51 KerTime:2.6608551 AccTime:136.7158799
#IT 52 KerTime:2.5949653 AccTime:139.3108453
#IT 53 KerTime:2.6333272 AccTime:141.9441725
#ERR  p: [1575, 1268], r: 9.3172040580266022e+33, e: -1.9864208699580283e+33
#ERR  p: [1277, 1467], r: 9.6785092378924333e+32, e: 2.8720523348190801e+34
#ERR  p: [2007, 1468], r: -1.2030158938670808e+34, e: -3.1165311324734870e+34
#SDC Ite:54 KerTime:2.6333272 AccTime:141.9441725 KerErr:3 AccErr:6
#IT 54 KerTime:2.5886507 AccTime:144.5328233
#IT 55 KerTime:2.6768108 AccTime:147.2096340
#IT 56 KerTime:2.5929938 AccTime:149.8026279
#IT 57 KerTime:2.6499858 AccTime:152.4526137
