#HEADER matrix_dim:2048 threads:4 block_size:16 block_offset:12 precision:Float
#BEGIN Y:2023 M:11 D:04 Time:18:57:12
#IT 0 KerTime:2.6796737 AccTime:2.6796737
#IT 1 KerTime:2.6820039 AccTime:5.3616775
#ERR  p: [1292, 848], r: -5.3274858529369797e+34, e: -2.2233863619260044e+34
#SDC Ite:2 KerTime:2.6820039 AccTime:5.3616775 KerErr:1 AccErr:1
#IT 2 KerTime:2.6939671 AccTime:8.0556446
#ERR  p: [1820, 944], r: -2.9970904684870999e+34, e: -5.3164404567304598e+34
#ERR  p: [1821, 944], r: 7.5037616639039554e+34, e: 7.5233141840604444e+34
#SDC Ite:3 KerTime:2.6939671 AccTime:8.0556446 KerErr:2 AccErr:3
#IT 3 KerTime:2.6288625 AccTime:10.6845071
#IT 4 KerTime:2.6093309 AccTime:13.2938381
#IT 5 KerTime:2.6489526 AccTime:15.9427907
#IT 6 KerTime:2.6957927 AccTime:18.6385834
#ERR  p: [1276, 720], r: -6.8229213818018448e+34, e: -1.4386967754562904e+33
#SDC Ite:7 KerTime:2.6957927 AccTime:18.6385834 KerErr:1 AccErr:4
#IT 7 KerTime:2.6354824 AccTime:21.2740658
#IT 8 KerTime:2.6316546 AccTime:23.9057204
#IT 9 KerTime:2.6092863 AccTime:26.5150066
#IT 10 KerTime:2.6056692 AccTime:29.1206758
#IT 11 KerTime:2.6059619 AccTime:31.7266377
#IT 12 KerTime:2.6912974 AccTime:34.4179351
#IT 13 KerTime:2.6106416 AccTime:37.0285766
#IT 14 KerTime:2.7153820 AccTime:39.7439587
#IT 15 KerTime:2.6054181 AccTime:42.3493767
#IT 16 KerTime:2.6831013 AccTime:45.0324780
#ERR  p: [1228, 880], r: -6.2865378084119924e+34, e: 3.4070669322164888e+33
#ERR  p: [1230, 880], r: 7.1344756083988554e+33, e: -8.0879438353266713e+33
#ERR  p: [1516, 976], r: -6.5218756568163160e+34, e: 9.9074236939694139e+32
#ERR  p: [1517, 976], r: -5.5084395098874495e+33, e: -2.9483096888270674e+34
#ERR  p: [1570, 976], r: 5.5951265087264161e+34, e: 2.4966559310740714e+34
#SDC Ite:17 KerTime:2.6831013 AccTime:45.0324780 KerErr:5 AccErr:9
#IT 17 KerTime:2.6090469 AccTime:47.6415250
#IT 18 KerTime:2.7077452 AccTime:50.3492702
#IT 19 KerTime:2.6071627 AccTime:52.9564329
#IT 20 KerTime:2.6934667 AccTime:55.6498996
#ERR  p: [1604, 722], r: 5.8067672137227233e+34, e: 5.3125800645119523e+34
#ERR  p: [1605, 722], r: 4.6941537481345163e+34, e: 4.0692512722355628e+32
#ERR  p: [1326, 880], r: 1.7063468395900253e+34, e: 1.8057463839606679e+32
#ERR  p: [1846, 881], r: -3.3335115680352477e+34, e: -1.4421894994831302e+34
#SDC Ite:21 KerTime:2.6934667 AccTime:55.6498996 KerErr:4 AccErr:13
#IT 21 KerTime:2.6091827 AccTime:58.2590823
#IT 22 KerTime:2.7129696 AccTime:60.9720519
#ERR  p: [1560, 786], r: 5.0534578598238446e+33, e: -1.5001431672462595e+34
#ERR  p: [1561, 786], r: -1.5046621435656669e+34, e: -1.7023948398086107e+34
#SDC Ite:23 KerTime:2.7129696 AccTime:60.9720519 KerErr:2 AccErr:15
#IT 23 KerTime:2.6155457 AccTime:63.5875977
#IT 24 KerTime:2.6792288 AccTime:66.2668265
#IT 25 KerTime:2.6110230 AccTime:68.8778495
#IT 26 KerTime:2.7313835 AccTime:71.6092330
#ERR  p: [1524, 689], r: -1.2253691295684490e+34, e: 3.1668756160941429e+33
#ERR  p: [1671, 689], r: -1.3040753765621506e+34, e: 2.0288702981326387e+33
#ERR  p: [1309, 880], r: 8.6812185525439345e+32, e: -2.8192319092228515e+34
#ERR  p: [1310, 880], r: -8.9991450754931666e+33, e: -2.3793650737599073e+34
#ERR  p: [1311, 880], r: -3.6128532330760095e+34, e: -7.0271592053632254e+33
#ERR  p: [1548, 880], r: -3.7213517450551531e+34, e: 2.9343199760311111e+34
#ERR  p: [1628, 880], r: -4.8715119320348856e+34, e: 1.8304966274858540e+34
#ERR  p: [1629, 880], r: 2.6350596081702397e+34, e: 4.6804278403609318e+33
#ERR  p: [1644, 880], r: -7.3761959042637227e+34, e: -1.1384022324866000e+34
#ERR  p: [1645, 880], r: 4.4910731509218597e+34, e: 2.0389892509622584e+34
#ERR  p: [1709, 880], r: 2.3676608458644797e+34, e: -2.3651912173831074e+33
#ERR  p: [1729, 880], r: 9.7953515895303642e+33, e: -3.4443024973791400e+34
#ERR  p: [1804, 880], r: -4.4156395222160129e+34, e: 2.2511880193282755e+34
#ERR  p: [1846, 882], r: -9.1760256621263796e+33, e: 1.8055501549901907e+34
#ERR  p: [1639, 884], r: 7.8307778853856443e+34, e: 3.6298360372989499e+34
#ERR  p: [1640, 884], r: 5.2685930838600485e+34, e: 4.7073695008179113e+34
#ERR  p: [1896, 884], r: 4.6797129299882445e+34, e: 3.7907469498373736e+34
#ERR  p: [1897, 884], r: -2.9463289847642108e+34, e: -2.2551236783011715e+34
#SDC Ite:27 KerTime:2.7313835 AccTime:71.6092330 KerErr:18 AccErr:33
#IT 27 KerTime:2.6383501 AccTime:74.2475831
#IT 28 KerTime:2.6093392 AccTime:76.8569223
#IT 29 KerTime:2.6095053 AccTime:79.4664276
#IT 30 KerTime:2.6058369 AccTime:82.0722645
#IT 31 KerTime:2.6077463 AccTime:84.6800108
#ERR  p: [1143, 883], r: 8.8966355936300817e+33, e: 9.5251080410143264e+33
#SDC Ite:32 KerTime:2.6077463 AccTime:84.6800108 KerErr:1 AccErr:34
#IT 32 KerTime:2.6330541 AccTime:87.3130648
#IT 33 KerTime:2.6115448 AccTime:89.9246097
#ERR  p: [216, 623], r: 1.8337656866960959e+33, e: -1.7798489104525751e+33
#SDC Ite:34 KerTime:2.6115448 AccTime:89.9246097 KerErr:1 AccErr:35
#IT 34 KerTime:2.6054321 AccTime:92.5300417
#IT 35 KerTime:2.6453713 AccTime:95.1754131
#IT 36 KerTime:2.6088507 AccTime:97.7842637
#IT 37 KerTime:2.6327880 AccTime:100.4170517
#ERR  p: [1462, 1009], r: -7.9244113371670530e+33, e: 9.0740057855488321e+33
#ERR  p: [1654, 1009], r: 3.0060999485050111e+34, e: 4.8606344004976928e+34
#ERR  p: [1718, 1009], r: -9.6445098336834799e+33, e: 8.3655568408965750e+33
#ERR  p: [1750, 1009], r: -2.2533360928844435e+34, e: -3.1162676988331271e+33
#ERR  p: [1751, 1009], r: -2.4980765910631553e+34, e: -1.7548126873040637e+34
#SDC Ite:38 KerTime:2.6327880 AccTime:100.4170517 KerErr:5 AccErr:40
#IT 38 KerTime:2.6048042 AccTime:103.0218559
#IT 39 KerTime:2.6604243 AccTime:105.6822802
#ERR  p: [1622, 914], r: 3.6228936695586375e+34, e: 2.4293590346584395e+34
#SDC Ite:40 KerTime:2.6604243 AccTime:105.6822802 KerErr:1 AccErr:41
#IT 40 KerTime:2.6086919 AccTime:108.2909721
