#HEADER matrix_dim:2048 threads:4 block_size:16 block_offset:12 precision:Float
#BEGIN Y:2023 M:11 D:04 Time:16:24:30
#IT 0 KerTime:2.6856763 AccTime:2.6856763
#IT 1 KerTime:2.6564356 AccTime:5.3421119
#IT 2 KerTime:2.6803008 AccTime:8.0224126
#IT 3 KerTime:2.5984025 AccTime:10.6208151
#IT 4 KerTime:2.6493211 AccTime:13.2701362
#IT 5 KerTime:2.6030891 AccTime:15.8732252
#IT 6 KerTime:2.6706316 AccTime:18.5438568
#IT 7 KerTime:2.5985197 AccTime:21.1423765
#IT 8 KerTime:2.6000488 AccTime:23.7424253
#IT 9 KerTime:2.6126677 AccTime:26.3550930
#IT 10 KerTime:2.6016885 AccTime:28.9567815
#IT 11 KerTime:2.7470279 AccTime:31.7038094
#ERR  p: [230, 2033], r: -4.4021444902597551e+34, e: -6.2152029991762195e+33
#ERR  p: [231, 2033], r: -6.6393627276267068e+33, e: 1.1518056568799507e+34
#SDC Ite:12 KerTime:2.7470279 AccTime:31.7038094 KerErr:2 AccErr:2
#IT 12 KerTime:2.6207434 AccTime:34.3245528
#ERR  p: [750, 2032], r: 1.2129576665285777e+34, e: -4.5914366637268433e+33
#SDC Ite:13 KerTime:2.6207434 AccTime:34.3245528 KerErr:1 AccErr:3
#IT 13 KerTime:2.5996705 AccTime:36.9242234
#IT 14 KerTime:2.6405662 AccTime:39.5647896
#IT 15 KerTime:2.5965270 AccTime:42.1613166
#IT 16 KerTime:2.6217399 AccTime:44.7830565
#IT 17 KerTime:2.5992280 AccTime:47.3822845
#IT 18 KerTime:2.5996535 AccTime:49.9819380
#IT 19 KerTime:2.7448266 AccTime:52.7267646
#ERR  p: [566, 1937], r: 7.9147102200491931e+33, e: 2.7745073638955414e+34
#SDC Ite:20 KerTime:2.7448266 AccTime:52.7267646 KerErr:1 AccErr:4
#IT 20 KerTime:2.6324621 AccTime:55.3592267
#IT 21 KerTime:2.6340445 AccTime:57.9932712
