#HEADER matrix_dim:2048 threads:4 block_size:16 block_offset:12 precision:Float
#BEGIN Y:2023 M:11 D:07 Time:21:27:42
#IT 0 KerTime:2.6516103 AccTime:2.6516103
#IT 1 KerTime:231.2652361 AccTime:233.9168464
#ERR  p: [1233, 1392], r: -2.5098231565079264e+34, e: -2.9454661405568288e+34
#SDC Ite:2 KerTime:231.2652361 AccTime:233.9168464 KerErr:1 AccErr:1
#IT 2 KerTime:2.7043596 AccTime:236.6212060
#IT 3 KerTime:2.5972534 AccTime:239.2184594
#IT 4 KerTime:2.6583918 AccTime:241.8768512
#ERR  p: [1292, 1328], r: -7.4959730403527875e+34, e: -7.1952902793867772e+34
#SDC Ite:5 KerTime:2.6583918 AccTime:241.8768512 KerErr:1 AccErr:2
#IT 5 KerTime:2.6264015 AccTime:244.5032527
#IT 6 KerTime:2.5971891 AccTime:247.1004418
#IT 7 KerTime:2.6329716 AccTime:249.7334134
#IT 8 KerTime:2.6777794 AccTime:252.4111928
#IT 9 KerTime:2.6008589 AccTime:255.0120517
#IT 10 KerTime:2.6850949 AccTime:257.6971467
#IT 11 KerTime:2.6066284 AccTime:260.3037751
#ERR  p: [1085, 1520], r: -3.3248110778511422e+34, e: -3.3187738918675553e+34
#SDC Ite:12 KerTime:2.6066284 AccTime:260.3037751 KerErr:1 AccErr:3
#IT 12 KerTime:2.7138300 AccTime:263.0176051
#ERR  p: [622, 1136], r: -5.1281453201710121e+34, e: -5.0808560106703106e+34
#SDC Ite:13 KerTime:2.7138300 AccTime:263.0176051 KerErr:1 AccErr:4
#ABORT amount of errors equals of the last iteration
#END
