#HEADER matrix_dim:2048 threads:4 block_size:16 block_offset:12 precision:Float
#BEGIN Y:2023 M:11 D:08 Time:05:05:36
#IT 0 KerTime:2.6888407 AccTime:2.6888407
#IT 1 KerTime:2.6716933 AccTime:5.3605339
#IT 2 KerTime:2.7117966 AccTime:8.0723305
#IT 3 KerTime:2.5929601 AccTime:10.6652906
#IT 4 KerTime:2.6856087 AccTime:13.3508993
#IT 5 KerTime:2.5966925 AccTime:15.9475917
#IT 6 KerTime:2.7005141 AccTime:18.6481058
#IT 7 KerTime:2.6029947 AccTime:21.2511005
#IT 8 KerTime:2.6305478 AccTime:23.8816483
#IT 9 KerTime:2.5966616 AccTime:26.4783099
#IT 10 KerTime:2.5965474 AccTime:29.0748574
#IT 11 KerTime:2.6241908 AccTime:31.6990482
#IT 12 KerTime:2.5929318 AccTime:34.2919800
#IT 13 KerTime:2.7425486 AccTime:37.0345287
#IT 14 KerTime:2.5987750 AccTime:39.6333037
#IT 15 KerTime:2.6364566 AccTime:42.2697603
#IT 16 KerTime:2.5937131 AccTime:44.8634734
#IT 17 KerTime:2.6577721 AccTime:47.5212455
#IT 18 KerTime:2.5968608 AccTime:50.1181063
#IT 19 KerTime:2.6806033 AccTime:52.7987096
#IT 20 KerTime:2.5946762 AccTime:55.3933858
#IT 21 KerTime:2.6420799 AccTime:58.0354657
#IT 22 KerTime:2.6544547 AccTime:60.6899204
#IT 23 KerTime:2.6699119 AccTime:63.3598323
#IT 24 KerTime:2.5925076 AccTime:65.9523399
#IT 25 KerTime:2.6342147 AccTime:68.5865546
#ERR  p: [381, 690], r: 4.9823397519919486e+34, e: 4.9467920561758610e+34
#ERR  p: [598, 690], r: -6.3494260289657172e+33, e: -3.6060469149460145e+33
#ERR  p: [615, 690], r: 4.7342050698135241e+34, e: 4.7247769184743266e+34
#ERR  p: [616, 690], r: 9.3563285339981970e+33, e: 8.5655373886628532e+33
#ERR  p: [889, 818], r: 6.4830758925170258e+33, e: 1.3555641500581200e+34
#SDC Ite:26 KerTime:2.6342147 AccTime:68.5865546 KerErr:5 AccErr:5
#IT 26 KerTime:2.5961316 AccTime:71.1826863
#IT 27 KerTime:2.6594787 AccTime:73.8421649
#IT 28 KerTime:2.5929107 AccTime:76.4350757
#IT 29 KerTime:2.5912071 AccTime:79.0262828
#IT 30 KerTime:2.5958845 AccTime:81.6221673
#IT 31 KerTime:2.6449543 AccTime:84.2671216
#ERR  p: [518, 626], r: -3.5680502023502087e+33, e: 2.9609049859627725e+31
#ERR  p: [815, 626], r: 3.2462721384537500e+33, e: 4.7859049739831935e+33
#ERR  p: [424, 690], r: -6.4852479821099559e+34, e: -6.6277299288715460e+34
#ERR  p: [423, 850], r: -2.2354305281562197e+34, e: -2.0979194058283761e+34
#ERR  p: [424, 850], r: 2.4087945604168367e+33, e: -1.6229916944697933e+33
#SDC Ite:32 KerTime:2.6449543 AccTime:84.2671216 KerErr:5 AccErr:10
#IT 32 KerTime:2.5916012 AccTime:86.8587227
#IT 33 KerTime:2.6112929 AccTime:89.4700157
#IT 34 KerTime:2.5961902 AccTime:92.0662059
#IT 35 KerTime:2.6398293 AccTime:94.7060352
#ERR  p: [1564, 976], r: 8.9410479304794840e+33, e: 6.0466067072859043e+33
#ERR  p: [1565, 976], r: 7.9630969633947211e+33, e: 9.1893260899084617e+33
#SDC Ite:36 KerTime:2.6398293 AccTime:94.7060352 KerErr:2 AccErr:12
#IT 36 KerTime:2.5922660 AccTime:97.2983012
#IT 37 KerTime:2.6346206 AccTime:99.9329218
#ERR  p: [10, 754], r: -4.4365264179408476e+33, e: -5.5146731569552710e+33
#ERR  p: [11, 754], r: -1.3914925124362878e+34, e: -1.4069028852213279e+34
#ERR  p: [454, 850], r: 1.3941204115516828e+34, e: 1.6563272533326799e+34
#ERR  p: [694, 850], r: 1.2024567163513356e+34, e: 1.0467151938289597e+34
#SDC Ite:38 KerTime:2.6346206 AccTime:99.9329218 KerErr:4 AccErr:16
#IT 38 KerTime:2.5961685 AccTime:102.5290903
#IT 39 KerTime:2.6479275 AccTime:105.1770178
#IT 40 KerTime:2.5934839 AccTime:107.7705017
#IT 41 KerTime:2.6629610 AccTime:110.4334627
#IT 42 KerTime:2.5977365 AccTime:113.0311992
#IT 43 KerTime:2.6091310 AccTime:115.6403302
#IT 44 KerTime:2.7020566 AccTime:118.3423869
#ERR  p: [710, 851], r: -2.5518546870737751e+34, e: -2.1294170570119376e+34
#SDC Ite:45 KerTime:2.7020566 AccTime:118.3423869 KerErr:1 AccErr:17
#IT 45 KerTime:2.6221930 AccTime:120.9645799
