#HEADER matrix_dim:2048 threads:4 block_size:16 block_offset:12 precision:Float
#BEGIN Y:2023 M:11 D:04 Time:18:03:46
#IT 0 KerTime:2.6763253 AccTime:2.6763253
#ERR  p: [0, 336], r: 2.6984790287948219e+34, e: -2.0844412098566526e+34
#ERR  p: [1, 336], r: -8.7655117467289350e+34, e: -2.6125266235751673e+34
#ERR  p: [2, 336], r: -5.7823911839971627e+34, e: -2.4867727129764326e+34
#ERR  p: [3, 336], r: -1.8271275736689388e+34, e: -1.4748726020483113e+34
#ERR  p: [4, 336], r: 6.6851436071895391e+34, e: -2.8493913472239455e+34
#ERR  p: [5, 336], r: 1.0729864107194631e+35, e: -1.1288557340796468e+34
#ERR  p: [6, 336], r: -3.0953754799661234e+34, e: -2.0871812663396069e+34
#ERR  p: [7, 336], r: 1.2986675592945364e+34, e: -2.1866430636199750e+34
#ERR  p: [8, 336], r: -5.2449598181580591e+34, e: 9.4099375273994504e+33
#ERR  p: [9, 336], r: 1.5054049075892381e+34, e: -3.2879610072167245e+33
#ERR  p: [10, 336], r: 6.1519727357896401e+34, e: -7.9690780706945284e+32
#ERR  p: [11, 336], r: 7.3900964853768504e+34, e: 8.1535750834194447e+33
#ERR  p: [12, 336], r: 3.7486458470413171e+34, e: 5.1291303490602715e+33
#ERR  p: [13, 336], r: 6.6846231771970236e+34, e: -2.6057916726884371e+33
#ERR  p: [14, 336], r: 8.1357277018730674e+33, e: -1.9146828636514602e+34
#ERR  p: [15, 336], r: 3.0457078400619468e+34, e: 1.6773204881068892e+34
#ERR  p: [16, 336], r: 7.1090969710354776e+34, e: 2.2769943649752264e+34
#ERR  p: [17, 336], r: 1.5597846424589506e+34, e: -1.2694292105796727e+33
#ERR  p: [18, 336], r: 2.1684240524738042e+34, e: 1.6615254873516431e+34
#ERR  p: [19, 336], r: 4.1900655544895409e+34, e: 1.4932789135224260e+34
#ERR  p: [20, 336], r: 3.2848471547389080e+34, e: 6.4979824237060768e+34
#ERR  p: [21, 336], r: 1.3938007506747385e+35, e: 4.3776902227237117e+34
#ERR  p: [22, 336], r: -3.1537688640312069e+34, e: -4.6951877994493314e+33
#ERR  p: [23, 336], r: -6.6351778713239026e+34, e: -1.0291912860148477e+34
#ERR  p: [24, 336], r: 1.3928497898953603e+34, e: 2.3862945669238111e+34
#ERR  p: [25, 336], r: -7.7657974223715233e+34, e: -3.2757376491658226e+34
#ERR  p: [26, 336], r: -8.1534642877859287e+34, e: -4.9854103384653920e+34
#ERR  p: [27, 336], r: 4.5451577608862065e+34, e: 3.4838734983229050e+34
#ERR  p: [28, 336], r: 1.4681867354841389e+34, e: 1.3446389578294147e+34
#ERR  p: [29, 336], r: 9.2059391214416676e+34, e: 3.4800762410464010e+34
#ERR  p: [30, 336], r: -1.5497960756639686e+34, e: -2.0138064557130956e+34
#ERR  p: [31, 336], r: 9.7292740640534285e+33, e: 1.7771797879338719e+34
#ERR  p: [32, 336], r: 2.5918394075786693e+34, e: -3.6107583909415308e+34
#ERR  p: [33, 336], r: 1.1590098736973727e+35, e: 8.7773167429435603e+33
#ERR  p: [34, 336], r: 6.1739927180324328e+34, e: 4.1123612961636369e+34
#ERR  p: [35, 336], r: -3.6316872528336973e+34, e: -2.4092439945480992e+34
#ERR  p: [36, 336], r: 6.1828464651934018e+34, e: -3.7553792505029982e+34
#ERR  p: [37, 336], r: 7.0446295103736364e+34, e: -5.1622573150265384e+33
#ERR  p: [38, 336], r: 2.2189982111099487e+35, e: 3.5083448494314906e+34
#ERR  p: [39, 336], r: -1.3805076514976890e+35, e: -2.6697340610826154e+34
#ERR  p: [40, 336], r: -4.2231933251168334e+34, e: -1.8697671803820844e+34
#ERR  p: [41, 336], r: -2.0296177972768602e+34, e: -3.3409342565108029e+34
#ERR  p: [42, 336], r: 3.5685565198262764e+34, e: 2.1711118678871006e+34
#ERR  p: [43, 336], r: -2.8067747661955306e+34, e: 5.2130806338543899e+33
#ERR  p: [44, 336], r: 4.1812682573943633e+34, e: 2.8704209774353098e+34
#ERR  p: [45, 336], r: -9.6553826610485234e+34, e: -2.4344506820400203e+34
#ERR  p: [46, 336], r: -4.5624022656334519e+34, e: -2.3278004764365318e+33
#ERR  p: [47, 336], r: -3.1202830811445531e+34, e: -9.5412148788654685e+33
#ERR  p: [48, 336], r: -8.3886431846892081e+33, e: -1.2326926590468574e+34
#ERR  p: [49, 336], r: -5.5498684112421740e+34, e: -1.4774976539016160e+34
#ERR  p: [50, 336], r: -7.4966987208038166e+32, e: -2.8889060837929250e+33
#ERR  p: [51, 336], r: 7.7060678058280351e+34, e: 2.0891805395030527e+34
#ERR  p: [52, 336], r: -4.7151412883845449e+34, e: 8.1165173483434369e+33
#ERR  p: [53, 336], r: -4.2831893463567758e+34, e: 1.7860849096064713e+34
#ERR  p: [54, 336], r: -4.4428188671605352e+33, e: 1.4779597769182812e+34
#ERR  p: [55, 336], r: -7.1224380032508483e+34, e: -6.2140346313671420e+34
#ERR  p: [56, 336], r: 8.5559621700469886e+34, e: 1.3857971216975475e+34
#ERR  p: [57, 336], r: -6.3817358926090538e+34, e: -1.3866010399590595e+34
#ERR  p: [58, 336], r: -1.5168222800187625e+35, e: -2.2407437668048326e+34
#ERR  p: [59, 336], r: 1.4203661021185761e+34, e: -2.1348184679398486e+33
#ERR  p: [60, 336], r: 3.3061439324107501e+34, e: -2.0017719454151867e+34
#ERR  p: [61, 336], r: 1.0689562721627687e+35, e: 3.9517737335634745e+34
#ERR  p: [62, 336], r: -6.7111482708307835e+34, e: -1.4750808235629191e+34
#ERR  p: [63, 336], r: 5.0653020368407133e+34, e: 3.9006444578549136e+33
#ERR  p: [64, 336], r: -4.5491850274220097e+34, e: 3.3945942530416748e+34
#ERR  p: [65, 336], r: -1.1846680131628204e+34, e: -2.7422865081410294e+34
#ERR  p: [66, 336], r: -6.4009843746918944e+34, e: -2.5819423245525905e+34
#ERR  p: [67, 336], r: -8.9553552986895209e+34, e: -2.0884645149843301e+34
#ERR  p: [68, 336], r: -1.5201981920234953e+35, e: -2.5157868088531798e+34
#ERR  p: [69, 336], r: 7.9565476416168818e+34, e: 3.3487419443385758e+34
#ERR  p: [70, 336], r: 1.3531923807368531e+34, e: 1.8806637761958822e+34
#ERR  p: [71, 336], r: -2.4509865899087787e+34, e: -3.3665192584787295e+34
#ERR  p: [72, 336], r: -6.0600071606231607e+34, e: -3.4956601730249490e+34
#ERR  p: [73, 336], r: -5.6449491387235112e+34, e: 3.6164420212498978e+34
#ERR  p: [74, 336], r: -9.6820043140053477e+34, e: -4.6762189680213654e+34
#ERR  p: [75, 336], r: 9.8206882607264103e+34, e: 4.2374499377852595e+34
#ERR  p: [76, 336], r: 2.5130257073895577e+34, e: 1.8460040547699741e+34
#ERR  p: [77, 336], r: -8.2944270345313078e+34, e: -2.1123624522667186e+34
#ERR  p: [78, 336], r: 3.1450819911875336e+34, e: -1.5451204999295917e+34
#ERR  p: [79, 336], r: 5.0171154683995378e+34, e: 2.4871798405068526e+33
#ERR  p: [80, 336], r: -2.9111478429937556e+33, e: -1.4589546738471642e+34
#ERR  p: [81, 336], r: 4.8418414803493093e+34, e: -2.4692315977957745e+34
#ERR  p: [82, 336], r: 6.4343399262864154e+34, e: 4.6103605579313832e+34
#ERR  p: [83, 336], r: -3.1775543963580284e+34, e: -4.0980395678491443e+34
#ERR  p: [84, 336], r: 6.4554809711013154e+34, e: -3.7541271360502630e+33
#ERR  p: [85, 336], r: -3.9960939676739539e+34, e: -2.6567381665501975e+33
#ERR  p: [86, 336], r: 2.7879558493063221e+34, e: 6.0889009287280893e+31
#ERR  p: [87, 336], r: -7.6763344667884631e+34, e: -3.3580539769020882e+34
#ERR  p: [88, 336], r: -5.2476501094514341e+34, e: 3.5530503923791976e+33
#ERR  p: [89, 336], r: 1.2681846970787787e+35, e: 3.2693186824741200e+34
#ERR  p: [90, 336], r: -6.5587870673796804e+34, e: -4.8107944393400477e+34
#ERR  p: [91, 336], r: -9.1677541181658864e+34, e: 1.1533416928806960e+34
#ERR  p: [92, 336], r: 4.0328174589393548e+34, e: -2.6125590576041965e+34
#ERR  p: [93, 336], r: -7.8836862047246622e+33, e: -3.8543733540365243e+34
#ERR  p: [94, 336], r: -3.2831997041346270e+34, e: -2.1737145130256942e+34
#ERR  p: [95, 336], r: 2.1137085882654376e+34, e: 1.6350417409151953e+34
#ERR  p: [96, 336], r: 7.6946678635942639e+34, e: -1.3412260809351088e+34
#ERR  p: [97, 336], r: 1.2731279402084499e+35, e: -1.9001052531308473e+34
#ERR  p: [98, 336], r: -1.0563619653790950e+35, e: -5.8104597412719037e+34
#ERR  p: [99, 336], r: -3.3126916448665383e+34, e: 2.8679827307339333e+33
#ERR  p: [100, 336], r: -3.8105515145858612e+34, e: -4.3302092801049288e+34
#ERR  p: [101, 336], r: -3.4414047273351808e+34, e: 3.1753340271035661e+34
#ERR  p: [102, 336], r: 3.2715496980129202e+34, e: 2.1399581164464526e+34
#ERR  p: [103, 336], r: 5.9649386423254609e+32, e: 1.5676741581233202e+34
#ERR  p: [104, 336], r: -1.5869769857738854e+34, e: 2.1597421313902880e+34
#ERR  p: [105, 336], r: -1.6337025373806964e+35, e: -2.5766516164126926e+34
#ERR  p: [106, 336], r: 1.2061184439523386e+35, e: -3.0465679608012423e+34
#ERR  p: [107, 336], r: -5.8858086948790634e+34, e: 8.1120663349321863e+33
#ERR  p: [108, 336], r: -1.2420225179469356e+34, e: 4.8280494046806250e+33
#ERR  p: [109, 336], r: -5.4138544535978421e+34, e: -7.4402034702009693e+33
#ERR  p: [110, 336], r: -1.2008230316402914e+35, e: -5.0860170755395943e+32
#ERR  p: [111, 336], r: 4.6993238809145878e+34, e: 3.5463171746085224e+34
#ERR  p: [112, 336], r: 4.9506786927232014e+34, e: -1.2610679778633333e+34
#ERR  p: [113, 336], r: -6.7258252879365510e+34, e: -9.0335889001762233e+32
#ERR  p: [114, 336], r: -5.7120380612125431e+34, e: 1.1369417108282511e+34
#ERR  p: [115, 336], r: -4.9591669999845734e+34, e: -2.3030577069743329e+34
#ERR  p: [116, 336], r: -1.9922253232142296e+34, e: -3.7593515525010571e+33
#ERR  p: [117, 336], r: -1.5664432743422588e+34, e: -4.5152486343610560e+34
#ERR  p: [118, 336], r: -3.0540579932149346e+34, e: -3.3873966220652618e+34
#ERR  p: [119, 336], r: -1.1838755334672714e+35, e: -6.9416878636428371e+34
#ERR  p: [120, 336], r: 2.6339818575720379e+34, e: 1.6910629842770002e+34
#ERR  p: [121, 336], r: -3.7517092534625327e+34, e: 3.8413989996607900e+34
#ERR  p: [122, 336], r: 3.3295172307044895e+34, e: 7.6667365938698796e+33
#ERR  p: [123, 336], r: -1.1399214325028110e+35, e: -2.9043115667148100e+34
#ERR  p: [124, 336], r: -4.6121417060599070e+34, e: -1.5842018955878193e+34
#ERR  p: [125, 336], r: 7.8231001812619964e+34, e: 3.2798325072277708e+34
#ERR  p: [126, 336], r: -2.0377950102063598e+34, e: 6.3223912754177834e+33
#ERR  p: [127, 336], r: -8.1936859500143421e+34, e: -2.8829952295903471e+34
#ERR  p: [128, 336], r: -2.1144956705424152e+34, e: 2.3380517960048520e+34
#ERR  p: [129, 336], r: -8.1727627826463563e+34, e: -1.5303321920142925e+34
#ERR  p: [130, 336], r: 1.9585033413680801e+34, e: -2.8429122166463337e+34
#ERR  p: [131, 336], r: 4.5347382671635493e+34, e: 7.6414201010964740e+32
#ERR  p: [132, 336], r: -7.8980084282151705e+34, e: -7.3691512826761653e+33
#ERR  p: [133, 336], r: -1.0228097051123315e+34, e: -1.5578485042375082e+34
#ERR  p: [134, 336], r: 1.4854821938434012e+35, e: -2.2953633525571566e+33
#ERR  p: [135, 336], r: 7.9853876831241054e+34, e: -5.3335207487314940e+32
#ERR  p: [136, 336], r: 6.5711318054514342e+34, e: -1.5145319919108814e+34
#ERR  p: [137, 336], r: 3.1463404810314711e+34, e: -1.0011575148552106e+34
#ERR  p: [138, 336], r: -3.3442843698451170e+34, e: -2.7009400535929213e+33
#ERR  p: [139, 336], r: 2.4890012526351542e+34, e: 4.5023823521507513e+33
#ERR  p: [140, 336], r: 5.0641477815480836e+33, e: 3.1745481827666278e+34
#ERR  p: [141, 336], r: -3.2794883598968494e+34, e: -4.5043483247271404e+34
#ERR  p: [142, 336], r: -7.4986539233018639e+34, e: 3.7444201387172165e+33
#ERR  p: [143, 336], r: 5.2189502027566576e+34, e: 2.3728703451378005e+34
#ERR  p: [144, 336], r: -9.5278471071452493e+34, e: -1.3237516907225682e+34
#ERR  p: [145, 336], r: -3.0978842892497392e+34, e: 4.0629504050236081e+34
#ERR  p: [146, 336], r: -5.4035438985986421e+34, e: -5.8230273085507289e+34
#ERR  p: [147, 336], r: 2.4425742921658188e+34, e: 1.4364021297994710e+34
#ERR  p: [148, 336], r: 4.6707636138562426e+34, e: -2.5325693143777638e+34
#ERR  p: [149, 336], r: 3.4621065510241423e+34, e: -2.7263282230946015e+34
#ERR  p: [150, 336], r: -5.9291965125519531e+34, e: -1.0071607812817211e+34
#ERR  p: [151, 336], r: 7.3279484291726143e+34, e: -1.4099141743668896e+34
#ERR  p: [152, 336], r: -1.2230617826468266e+35, e: -1.5248629729207296e+34
#ERR  p: [153, 336], r: 2.2153969445004644e+34, e: 2.9334043955780557e+34
#ERR  p: [154, 336], r: -9.8578496113837063e+32, e: -8.2915007918664450e+33
#ERR  p: [155, 336], r: -6.8716229332993631e+34, e: -5.3949139709967758e+34
#ERR  p: [156, 336], r: 4.7459338089217295e+34, e: 3.6453666759588066e+33
#ERR  p: [157, 336], r: 8.1227534712913370e+33, e: -9.0103620501891314e+33
#ERR  p: [158, 336], r: -1.0448565506539767e+35, e: -1.3370616506429528e+34
#ERR  p: [159, 336], r: -3.8823399050520282e+34, e: 1.9177050466693676e+34
#ERR  p: [160, 336], r: 3.9058243703612954e+34, e: 6.4596087583683085e+34
#ERR  p: [161, 336], r: -8.8349341861920198e+33, e: 1.6551738027010757e+33
#ERR  p: [162, 336], r: -1.1769170229888467e+34, e: 1.3319789164296549e+34
#ERR  p: [163, 336], r: -8.2667714540536724e+34, e: -9.5053554697474889e+33
#ERR  p: [164, 336], r: -2.2184989746509057e+34, e: -1.2665443460606230e+33
#ERR  p: [165, 336], r: 9.2782033760589359e+33, e: -1.7168012432217904e+34
#ERR  p: [166, 336], r: -1.4936469530961056e+35, e: -5.1068037909667498e+33
#ERR  p: [167, 336], r: -5.9524757274027068e+34, e: 2.8214475743051645e+34
#ERR  p: [168, 336], r: -4.4895846518186229e+34, e: -1.9614438203433947e+34
#ERR  p: [169, 336], r: -4.9531748750184164e+34, e: 2.9254844265887196e+32
#ERR  p: [170, 336], r: 5.0458010149898586e+34, e: 1.7325111974963375e+34
#ERR  p: [171, 336], r: 6.7974111514122910e+33, e: -8.3860230845960606e+33
#ERR  p: [172, 336], r: 2.4736364360435597e+34, e: -1.5571132916481767e+34
#ERR  p: [173, 336], r: -2.3719755620774050e+34, e: 1.0930306159007554e+34
#ERR  p: [174, 336], r: -2.4782920809433042e+34, e: -8.4374483517680145e+33
#ERR  p: [175, 336], r: -3.3161796647212288e+34, e: 6.6125056184744105e+33
#ERR  p: [176, 336], r: -7.7891320969360370e+34, e: 2.2582541810725164e+34
#ERR  p: [177, 336], r: 7.1559138826171878e+34, e: 2.2363614590657623e+34
#ERR  p: [178, 336], r: -1.7382478611559876e+35, e: -4.0790495676465066e+33
#ERR  p: [179, 336], r: -4.1642228134054350e+34, e: 6.3642373625657471e+32
#ERR  p: [180, 336], r: -5.1776876805432130e+34, e: -2.1243036218856654e+34
#ERR  p: [181, 336], r: -3.1529481097851607e+34, e: 2.5655423425001456e+34
#ERR  p: [182, 336], r: 6.9118752964407508e+34, e: 5.1122595784108864e+34
#ERR  p: [183, 336], r: -7.5886764277826811e+33, e: 7.0408433945574860e+33
#ERR  p: [184, 336], r: -9.2155187966416735e+34, e: -2.6444721614649422e+34
#ERR  p: [185, 336], r: -6.4142600436731908e+34, e: -1.7147016969151624e+34
#ERR  p: [186, 336], r: -6.6709256182503387e+34, e: -9.9996785447745734e+33
#ERR  p: [187, 336], r: -7.4600886248460143e+34, e: -6.0843737820044226e+34
#ERR  p: [188, 336], r: -9.9055822272124759e+34, e: 7.7374013061623874e+33
#ERR  p: [189, 336], r: 6.9169765997546380e+34, e: -5.4151706314476104e+33
#ERR  p: [190, 336], r: 5.7633803864018650e+34, e: 9.0521004365536773e+33
#ERR  p: [191, 336], r: -8.5620340183516756e+33, e: -2.2120322234736867e+34
#ERR  p: [192, 336], r: -1.9969543531995029e+35, e: -4.7746277735043175e+34
#ERR  p: [193, 336], r: 1.4685766865965138e+34, e: 1.4425356275181144e+34
#ERR  p: [194, 336], r: 2.6134152169353663e+34, e: 3.2163903085064658e+34
#ERR  p: [195, 336], r: -1.2123208206547678e+35, e: -7.7526321776417311e+34
#ERR  p: [196, 336], r: 8.1985828694277433e+33, e: 2.8943340175861776e+34
#ERR  p: [197, 336], r: 1.2626770523263965e+34, e: -2.0677577395352114e+34
#ERR  p: [198, 336], r: -8.2474605797928519e+34, e: -1.3057465956151859e+34
#ERR  p: [199, 336], r: 6.8530394726056267e+34, e: 2.3941250328483069e+34
#ERR  p: [200, 336], r: -6.1133301898753391e+34, e: 3.2301886357723485e+34
#ERR  p: [201, 336], r: -4.2040780453822200e+34, e: 3.6136940419506921e+34
#ERR  p: [202, 336], r: 6.3451191117750394e+34, e: 1.7293997590015977e+34
#ERR  p: [203, 336], r: 5.7648748276172903e+34, e: 4.3433081712486153e+34
#ERR  p: [204, 336], r: 2.9145570060679436e+34, e: 2.8497335138508040e+34
#ERR  p: [205, 336], r: 9.8015893218003154e+34, e: 3.7480310860178080e+34
#ERR  p: [206, 336], r: 1.6957680972607145e+35, e: 2.4157686813191568e+34
#ERR  p: [207, 336], r: -1.1672498006692625e+35, e: -3.2490117616576905e+34
#ERR  p: [208, 336], r: 2.3653682428087252e+33, e: 1.9121766540419269e+34
#ERR  p: [209, 336], r: 7.4125212740124893e+33, e: -2.8904837764759923e+34
#ERR  p: [210, 336], r: -1.0303053082562006e+34, e: -2.1169839300213788e+34
#ERR  p: [211, 336], r: -1.2511068685784227e+35, e: -5.8206776983561652e+33
#ERR  p: [212, 336], r: -9.6663953756380062e+34, e: 3.0950147442386756e+33
#ERR  p: [213, 336], r: -6.5657843996577370e+34, e: 5.2416312449804286e+33
#ERR  p: [214, 336], r: 5.2600508024129636e+34, e: -1.0125897054270052e+34
#ERR  p: [215, 336], r: -1.3018412166556507e+35, e: -1.4960653927568535e+34
#ERR  p: [216, 336], r: -4.4191295227747662e+34, e: 2.7564291684288393e+33
#ERR  p: [217, 336], r: 7.6653271991351532e+34, e: -6.5589436667946500e+32
#ERR  p: [218, 336], r: -1.9798357717130537e+34, e: -1.4675915339132505e+34
#ERR  p: [219, 336], r: 7.7813227997862130e+33, e: 4.7737869646296348e+34
#ERR  p: [220, 336], r: -7.8080294992237362e+34, e: -3.3576885370024912e+34
#ERR  p: [221, 336], r: -1.5685792160860418e+34, e: -3.6816269919585088e+34
#ERR  p: [222, 336], r: 7.0592510677656439e+34, e: 3.5465110360186745e+34
#ERR  p: [223, 336], r: 7.6987550464279685e+34, e: 3.1222363029385376e+34
#ERR  p: [224, 336], r: -5.9925885747016671e+33, e: 1.1502698684672132e+34
#ERR  p: [225, 336], r: -9.0010382571952457e+34, e: 8.6440079318730749e+33
#ERR  p: [226, 336], r: 1.0463154629902745e+34, e: 8.8834447235414764e+33
#ERR  p: [227, 336], r: 6.9094845866368829e+34, e: -3.0097285983481644e+34
#ERR  p: [228, 336], r: -6.1715515002749620e+34, e: -2.7240033717008236e+34
#ERR  p: [229, 336], r: -2.3090555264646706e+34, e: -1.2077251415705263e+34
#ERR  p: [230, 336], r: -3.5675008045607739e+34, e: -1.9342466490623067e+34
#ERR  p: [231, 336], r: 1.0267833193268321e+35, e: 2.5648991088557330e+34
#ERR  p: [232, 336], r: -1.1581772414166496e+33, e: 3.7125753691466394e+33
#ERR  p: [233, 336], r: -3.3127114519071669e+34, e: -5.6802420664795138e+33
#ERR  p: [234, 336], r: -5.6448194026073941e+34, e: -4.4262759030335529e+34
#ERR  p: [235, 336], r: 1.0220018997190963e+35, e: 1.1568325599974768e+34
#ERR  p: [236, 336], r: 6.8284926071546447e+34, e: 3.9647565059314760e+34
#ERR  p: [237, 336], r: -8.5621399860190384e+34, e: -3.8421737025373748e+34
#ERR  p: [238, 336], r: 4.4199374024444039e+33, e: 2.3178090004824575e+34
#ERR  p: [239, 336], r: -6.2645757617630383e+33, e: 1.2013202873952716e+34
#ERR  p: [240, 336], r: -3.7566620039717057e+34, e: -4.8481658684220105e+34
#ERR  p: [241, 336], r: -7.0764366465670193e+34, e: -3.6488811877303378e+33
#ERR  p: [242, 336], r: -2.6558775506348863e+34, e: -3.0394131625501885e+34
#ERR  p: [243, 336], r: -6.4525822107053247e+34, e: 2.5564977049851188e+34
#ERR  p: [244, 336], r: 1.6200592002077322e+34, e: 2.0317355413020657e+34
#ERR  p: [245, 336], r: 1.7222431038404850e+34, e: -2.1621632945191223e+34
#ERR  p: [246, 336], r: -9.4340855285697746e+34, e: -3.0411856450984373e+34
#ERR  p: [247, 336], r: 4.6946776443591419e+34, e: 2.2751792972896261e+34
#ERR  p: [248, 336], r: 2.4875828209381410e+34, e: -1.0412517930535816e+34
#ERR  p: [249, 336], r: 7.6351239380566685e+34, e: 1.6618272971332209e+34
#ERR  p: [250, 336], r: 1.0105986893236213e+35, e: -1.2659782670291588e+34
#ERR  p: [251, 336], r: 3.3776666609444865e+34, e: 4.1329535002621197e+33
#ERR  p: [252, 336], r: -5.5165930781621987e+34, e: -3.2440732474589694e+33
#ERR  p: [253, 336], r: 1.5796482569473120e+34, e: 1.1011550925845815e+34
#ERR  p: [254, 336], r: -2.1399100843729283e+34, e: -2.1791668961347227e+34
#ERR  p: [255, 336], r: 8.9403980119588592e+34, e: 2.4892649338635219e+34
#ERR  p: [256, 336], r: -4.4091522212341418e+34, e: -1.5809323721500627e+34
#ERR  p: [257, 336], r: 1.4443489125700580e+35, e: -9.3962929522864469e+33
#ERR  p: [258, 336], r: -3.9643179037755572e+33, e: -1.7248563952634164e+34
#ERR  p: [259, 336], r: -3.6350881217096221e+34, e: -2.8991716396716971e+34
#ERR  p: [260, 336], r: 5.0257759731203743e+33, e: 8.3019149624469333e+33
#ERR  p: [261, 336], r: -6.5126886561967714e+34, e: 7.1346117818031768e+33
#ERR  p: [262, 336], r: 1.4078079927016510e+35, e: 2.6780693589551317e+34
#ERR  p: [263, 336], r: -2.8137168863478351e+34, e: -4.7484171166405360e+34
#ERR  p: [264, 336], r: 9.2776633866137996e+34, e: 1.6236510832317187e+34
#ERR  p: [265, 336], r: 1.6136726675450589e+34, e: 2.9040845285116050e+34
#ERR  p: [266, 336], r: -5.9721505560350772e+34, e: 4.4906750294052255e+34
#ERR  p: [267, 336], r: 4.1885894347866970e+34, e: 6.9703984166219514e+33
#ERR  p: [268, 336], r: 4.2326224668080623e+34, e: -6.0924124694435262e+34
#ERR  p: [269, 336], r: 1.2252189674416837e+35, e: 4.2160221860572610e+34
#ERR  p: [270, 336], r: 3.9201420134736584e+33, e: -1.3522927697103044e+34
#ERR  p: [271, 336], r: -6.8473419773688196e+34, e: 2.2542405318771454e+34
#ERR  p: [272, 336], r: -8.1571904873041777e+34, e: 3.2010647346141167e+33
#ERR  p: [273, 336], r: 1.5496126377089473e+35, e: 6.7273171294778938e+33
#ERR  p: [274, 336], r: 1.0481985926192346e+35, e: 4.3570473249806201e+34
#ERR  p: [275, 336], r: -1.3434960173087441e+35, e: 3.5588225972973755e+33
#ERR  p: [276, 336], r: 4.7061909819005116e+34, e: -3.1271390406701234e+34
#ERR  p: [277, 336], r: -6.6017911236403916e+34, e: -3.2957957440343558e+34
#ERR  p: [278, 336], r: 8.0490489972323640e+34, e: 4.8941454373611481e+34
#ERR  p: [279, 336], r: -7.6414002940558454e+34, e: -1.8648182674870333e+34
#ERR  p: [280, 336], r: -7.3955567913021303e+34, e: -6.1456419104287347e+34
#ERR  p: [281, 336], r: 3.4592020961039710e+34, e: -1.4091471467185484e+33
#ERR  p: [282, 336], r: 1.2540478674885538e+34, e: -5.6026526889892555e+34
#ERR  p: [283, 336], r: 5.5648771962784700e+34, e: 1.3683899516291401e+34
#ERR  p: [284, 336], r: 3.4336554702772621e+34, e: 6.7012739659014276e+33
#ERR  p: [285, 336], r: 8.8657471327398526e+33, e: -1.7988046197161247e+34
#ERR  p: [286, 336], r: -1.2349980747820186e+34, e: -1.0035057014187291e+34
#ERR  p: [287, 336], r: -5.7956792323788520e+34, e: -1.0551173404635975e+34
#ERR  p: [288, 336], r: 8.1330972030835899e+34, e: 3.0767251705102656e+34
#ERR  p: [289, 336], r: -9.2569432414122567e+34, e: 8.2365473955825277e+33
#ERR  p: [290, 336], r: 1.3783100603399495e+35, e: -4.9882385362791434e+33
#ERR  p: [291, 336], r: -3.0909736127744324e+34, e: -3.1317993897420171e+34
#ERR  p: [292, 336], r: 1.3457022245291569e+34, e: -1.9279675695950434e+34
#ERR  p: [293, 336], r: 2.5159676718929194e+33, e: -9.8491128495564497e+32
#ERR  p: [294, 336], r: -7.5658463375781801e+34, e: -2.8638237473779502e+34
#ERR  p: [295, 336], r: 1.9348736656922047e+34, e: -1.5701673693624410e+34
#ERR  p: [296, 336], r: -2.4376136188403944e+34, e: 3.8005858496816060e+34
#ERR  p: [297, 336], r: 3.5078303615511635e+34, e: 2.1043272310597251e+34
#ERR  p: [298, 336], r: 2.1108917795000476e+34, e: -2.6692955827207005e+34
#ERR  p: [299, 336], r: -1.2159242165211196e+35, e: -3.1103181590043215e+34
#ERR  p: [300, 336], r: -4.2184967044017886e+33, e: 5.8027752284780397e+33
#ERR  p: [301, 336], r: 3.7832561746596578e+34, e: -5.4861083095187805e+33
#ERR  p: [302, 336], r: 6.3848990769974359e+34, e: -1.5829141903589547e+34
#ERR  p: [303, 336], r: -2.9700768837138379e+34, e: -1.4923136916737952e+34
#ERR  p: [304, 336], r: -1.0680140512400678e+35, e: -3.8336351349104078e+34
#ERR  p: [305, 336], r: -3.6742181684113937e+34, e: -1.2192030740267725e+34
#ERR  p: [306, 336], r: 1.8069325378732599e+35, e: 4.3904949793140640e+34
#ERR  p: [307, 336], r: -8.4624996777850053e+34, e: -4.4446231647677936e+33
#ERR  p: [308, 336], r: -6.2037770602016233e+34, e: 2.6752020422361389e+33
#ERR  p: [309, 336], r: -8.9959270503610442e+34, e: -3.4282548330618757e+34
#ERR  p: [310, 336], r: 9.4663764517305101e+33, e: 1.1178683663124685e+33
#ERR  p: [311, 336], r: 2.8993094223980695e+33, e: -9.6877448895555218e+33
#ERR  p: [312, 336], r: -1.2748353071106323e+35, e: -3.6951098921023816e+34
#ERR  p: [313, 336], r: -4.9135938467603332e+33, e: -3.4949268173456763e+34
#ERR  p: [314, 336], r: -9.7503693050868749e+34, e: -2.5008976088246788e+34
#ERR  p: [315, 336], r: 5.5059750188572401e+34, e: 1.5737286752674572e+34
#ERR  p: [316, 336], r: 1.3006790880643712e+34, e: -2.3485022382284913e+34
#ERR  p: [317, 336], r: -5.0678130125193978e+33, e: -1.4389514197223714e+34
#ERR  p: [318, 336], r: 3.6279085646577826e+34, e: 3.3341241007666861e+34
#ERR  p: [319, 336], r: -4.7446017854394584e+34, e: -6.6574484126306466e+34
#ERR  p: [320, 336], r: 7.3654149320495942e+34, e: 1.2575196084317277e+32
#ERR  p: [321, 336], r: 9.7057202741019613e+34, e: -9.0857191742005504e+33
#ERR  p: [322, 336], r: -3.4000835267638740e+34, e: -2.5994467967080858e+34
#ERR  p: [323, 336], r: -8.8193017269639319e+34, e: -3.1169354436903176e+34
#ERR  p: [324, 336], r: -3.5576839400492408e+34, e: 6.3171944805041159e+31
#ERR  p: [325, 336], r: -1.0811777114066097e+34, e: 1.9151074770849351e+34
#ERR  p: [326, 336], r: -2.2654617155692438e+34, e: 1.0054322456048669e+34
#ERR  p: [327, 336], r: 1.9079581257700541e+34, e: 1.3045919689405444e+34
#ERR  p: [328, 336], r: 1.0226925712258144e+35, e: -4.1650375017452887e+33
#ERR  p: [329, 336], r: -4.5958816112319014e+34, e: -2.4956910806074523e+34
#ERR  p: [330, 336], r: 8.9857177588570577e+32, e: -1.3320263295331595e+34
#ERR  p: [331, 336], r: 5.4154875440976674e+34, e: -2.6442349721534151e+34
#ERR  p: [332, 336], r: -1.9077267547767117e+34, e: 1.6019325393884921e+34
#ERR  p: [333, 336], r: 1.1146331647623010e+33, e: -1.5178254075913962e+34
#ERR  p: [334, 336], r: -2.6349375782308672e+32, e: 4.1879406304121075e+33
#ERR  p: [335, 336], r: 1.3380894874987707e+35, e: 2.3107158516453601e+34
#ERR  p: [336, 336], r: 3.7905691816477323e+34, e: -3.6290667194615360e+33
#ERR  p: [337, 336], r: -2.9029520609636667e+34, e: -5.7294217104202041e+33
#ERR  p: [338, 336], r: 5.1349569614431760e+34, e: -1.8379867836935502e+34
#ERR  p: [339, 336], r: -6.7720604605453001e+32, e: 1.2528807376195155e+34
#ERR  p: [340, 336], r: -7.4379290648637923e+32, e: -1.2134313023876083e+34
#ERR  p: [341, 336], r: 1.9104524511552103e+34, e: -7.8741194041010648e+33
#ERR  p: [342, 336], r: 1.2521895956955825e+34, e: 3.5269595062142170e+34
#ERR  p: [343, 336], r: 2.4682249049558276e+34, e: -1.2452124418401662e+34
#ERR  p: [344, 336], r: -2.5083990302867325e+34, e: -6.0175163543027371e+33
#ERR  p: [345, 336], r: -7.0359025282726902e+34, e: 7.4627605946268079e+32
#ERR  p: [346, 336], r: -2.0563363190417586e+33, e: -1.8894718433694016e+34
#ERR  p: [347, 336], r: -3.0264125638456213e+34, e: -5.2196584282531327e+33
#ERR  p: [348, 336], r: -1.5504493366226995e+34, e: 9.1005397923508749e+33
#ERR  p: [349, 336], r: -6.7982739956196729e+34, e: -2.1670524149102760e+34
#ERR  p: [350, 336], r: 7.1741962762933700e+34, e: 2.6911405202419382e+34
#ERR  p: [351, 336], r: 4.3774327311955403e+34, e: -4.8144448769278924e+34
#ERR  p: [352, 336], r: -9.6496920982759364e+34, e: -9.8010219738803109e+33
#ERR  p: [353, 336], r: 1.5173206994373795e+34, e: 3.5273358399861597e+34
#ERR  p: [354, 336], r: 6.3549335004064939e+34, e: 3.1890526310309188e+34
#ERR  p: [355, 336], r: 4.9025475839957858e+34, e: 7.0024938690504839e+33
#ERR  p: [356, 336], r: -1.8054763242462477e+35, e: -4.9628397204931253e+34
#ERR  p: [357, 336], r: 1.1186258927710082e+34, e: 3.5659860611287043e+34
#ERR  p: [358, 336], r: 1.0224664738570393e+35, e: -2.8300714360008382e+33
#ERR  p: [359, 336], r: 2.5274662779478216e+34, e: 2.5000642275902319e+34
#ERR  p: [360, 336], r: 8.2844120996134891e+34, e: 2.4984710916051745e+33
#ERR  p: [361, 336], r: 1.4320533949942662e+35, e: 2.6651202585561988e+34
#ERR  p: [362, 336], r: 2.9390786175421241e+34, e: -2.4109639884386824e+34
#ERR  p: [363, 336], r: -1.2292932756989798e+35, e: -2.6674007916965703e+34
#ERR  p: [364, 336], r: 1.2023214095050417e+34, e: 2.6046704084978544e+34
#ERR  p: [365, 336], r: 3.2616204285458200e+34, e: -1.5896665033547358e+33
#ERR  p: [366, 336], r: 1.5770168915998070e+34, e: 5.9257973767920833e+33
#ERR  p: [367, 336], r: 2.8070677247058274e+31, e: -1.1615014508556416e+34
#ERR  p: [368, 336], r: 6.9339383589969106e+34, e: -1.8856238305512870e+34
#ERR  p: [369, 336], r: -7.9166315029901640e+34, e: -1.6471393861551077e+34
#ERR  p: [370, 336], r: -3.2307172361691233e+34, e: -5.1827814324228606e+33
#ERR  p: [371, 336], r: -4.7749120664343394e+33, e: -3.4600612264912350e+34
#ERR  p: [372, 336], r: -5.6244706394176367e+34, e: -1.3002950790641849e+32
#ERR  p: [373, 336], r: 3.1914016841524648e+32, e: -1.7101420542654645e+33
#ERR  p: [374, 336], r: 4.5571321072982061e+34, e: 2.7864250126537418e+34
#ERR  p: [375, 336], r: -5.8340117981073159e+34, e: -2.6080234928882628e+34
#ERR  p: [376, 336], r: 1.6102482778083877e+34, e: -3.3401256340771417e+33
#ERR  p: [377, 336], r: -3.9055054770071755e+34, e: 3.7043496289675998e+34
#ERR  p: [378, 336], r: 1.9380578950612546e+34, e: 2.2717558979049863e+34
#ERR  p: [379, 336], r: -1.1539000038384137e+34, e: -1.6873763988400083e+34
#ERR  p: [380, 336], r: -1.4671446375590684e+34, e: -2.1494157307585851e+34
#ERR  p: [381, 336], r: 5.1461682416149601e+34, e: -4.2934756377312059e+33
#ERR  p: [382, 336], r: -4.3515305689895488e+34, e: 3.0063670959654888e+34
#ERR  p: [383, 336], r: -3.9908069733541739e+34, e: 2.8011146567479099e+34
#ERR  p: [384, 336], r: -4.7040498408085636e+34, e: -4.0430656217605748e+34
#ERR  p: [385, 336], r: 8.8896454414042529e+34, e: -1.7358408848200034e+34
#ERR  p: [386, 336], r: -6.1049760753142257e+34, e: -3.8231757795184856e+34
#ERR  p: [387, 336], r: 7.1303316041173476e+34, e: 1.1560615709410099e+34
#ERR  p: [388, 336], r: -2.0219242475207095e+34, e: 2.6217106531386176e+34
#ERR  p: [389, 336], r: 8.2007417130622531e+34, e: 2.5358226208010058e+34
#ERR  p: [390, 336], r: -3.4232084942857328e+34, e: -1.2333908572290144e+34
#ERR  p: [391, 336], r: 7.5711496727064786e+33, e: 1.7348809861135416e+34
#ERR  p: [392, 336], r: 9.7612265344074234e+34, e: -2.0639498359743696e+34
#ERR  p: [393, 336], r: 2.3414244398478811e+34, e: -2.7408552637646096e+33
#ERR  p: [394, 336], r: 1.5937661955725374e+35, e: 2.7712141958030344e+34
#ERR  p: [395, 336], r: -1.3618145093164719e+34, e: -2.8726695717226678e+34
#ERR  p: [396, 336], r: -2.3944320419780497e+34, e: -4.0576423657231602e+34
#ERR  p: [397, 336], r: -1.0766675244614813e+34, e: 3.3970906829248977e+33
#ERR  p: [398, 336], r: 8.1819076933045653e+34, e: -2.5396300291858319e+34
#ERR  p: [399, 336], r: 2.8434247238225978e+34, e: 2.2708811694732273e+34
#ERR  p: [400, 336], r: -1.5140831148526365e+34, e: 2.3757188451681961e+34
#ERR  p: [401, 336], r: -7.6805434629220334e+34, e: -3.1040556679335846e+34
#ERR  p: [402, 336], r: -7.4000019863951962e+34, e: 3.0804771191813317e+34
#ERR  p: [403, 336], r: -1.1571858433258881e+35, e: -5.6614830658882068e+34
#ERR  p: [404, 336], r: -7.6363306820069639e+34, e: -3.4023947608172199e+34
#ERR  p: [405, 336], r: 4.5718690407018750e+34, e: 1.7427084809819430e+34
#ERR  p: [406, 336], r: -1.1449930252557554e+35, e: -6.9484321609768638e+34
#ERR  p: [407, 336], r: 1.1011380585296409e+35, e: 1.3368349838217597e+34
#ERR  p: [408, 336], r: 2.0101557705372430e+34, e: -2.7042295697623123e+33
#ERR  p: [409, 336], r: -5.4536765087815742e+34, e: 9.6462101443274384e+33
#ERR  p: [410, 336], r: 1.7632595235741196e+34, e: -2.5300399552894959e+34
#ERR  p: [411, 336], r: -1.8994423362398100e+34, e: -7.7130627860200171e+30
#ERR  p: [412, 336], r: 2.4222671237613814e+34, e: -1.8824292643829091e+33
#ERR  p: [413, 336], r: -1.0023307353892421e+35, e: -3.3167456509071901e+34
#ERR  p: [414, 336], r: 9.3021547923510216e+34, e: -3.2020254998786061e+34
#ERR  p: [415, 336], r: -1.1539401626132881e+35, e: -4.5555886436572251e+34
#ERR  p: [416, 336], r: 7.9913025606318110e+34, e: 8.2282593870195121e+33
#ERR  p: [417, 336], r: -5.2143500175706731e+34, e: -1.8422915963861611e+34
#ERR  p: [418, 336], r: -1.4720701533873771e+34, e: 1.7464076934073356e+34
#ERR  p: [419, 336], r: -9.2508020684653697e+34, e: -4.2109089985189967e+34
#ERR  p: [420, 336], r: -7.0370112273718742e+34, e: 2.5429460991690657e+33
#ERR  p: [421, 336], r: -5.5124717281834098e+34, e: -2.1534224474897361e+34
#ERR  p: [422, 336], r: -8.1988922306435607e+34, e: -2.8086225773951699e+33
#ERR  p: [423, 336], r: -2.5070286306632436e+35, e: -2.5663190260807933e+34
#ERR  p: [424, 336], r: 2.5754277888898551e+34, e: 1.2637804282834115e+34
#ERR  p: [425, 336], r: 6.8332051972961963e+34, e: 4.3401821250614118e+34
#ERR  p: [426, 336], r: 4.4007951356169340e+33, e: -5.0576377024694897e+34
#ERR  p: [427, 336], r: 1.5142546933420814e+34, e: -6.2810539816259660e+32
#ERR  p: [428, 336], r: -1.0916795033830786e+35, e: -8.8378163581914840e+34
#ERR  p: [429, 336], r: 8.5290216237360445e+34, e: 2.7397918113738615e+34
#ERR  p: [430, 336], r: -5.2450583581851862e+34, e: -1.0891531401097058e+34
#ERR  p: [431, 336], r: 5.8757967310173389e+34, e: -2.9193904191573295e+34
#ERR  p: [432, 336], r: -5.9668239476340401e+34, e: 5.2170364712499263e+33
#ERR  p: [433, 336], r: -1.7209040240999900e+35, e: -4.8806766497337231e+34
#ERR  p: [434, 336], r: -8.4130206999428158e+33, e: -2.8657492393150546e+34
#ERR  p: [435, 336], r: 4.6917590769225227e+34, e: 3.7709753142939311e+34
#ERR  p: [436, 336], r: 7.5111333492498920e+34, e: -3.7218450641608083e+33
#ERR  p: [437, 336], r: -1.8817768080852037e+34, e: 8.4669948856556584e+33
#ERR  p: [438, 336], r: 4.9197851562788112e+34, e: -1.0522076861952611e+34
#ERR  p: [439, 336], r: 8.9807270035886787e+33, e: -4.0252182402141975e+34
#ERR  p: [440, 336], r: -8.3322116879983840e+33, e: 6.8035296700564590e+32
#ERR  p: [441, 336], r: 2.0183552354389487e+33, e: -5.2918737842388493e+34
#ERR  p: [442, 336], r: -1.9083673639882411e+35, e: -4.5115759138525042e+34
#ERR  p: [443, 336], r: 5.0251843615755999e+34, e: -2.2241839666933160e+33
#ERR  p: [444, 336], r: -1.2182275772758156e+34, e: -8.4328840668431694e+33
#ERR  p: [445, 336], r: -2.7753657515187819e+34, e: 5.7291574875930692e+32
#ERR  p: [446, 336], r: 9.1834036609665165e+34, e: 3.0030115356950019e+34
#ERR  p: [447, 336], r: 3.4833842644193794e+34, e: -1.9508107819639608e+34
#ERR  p: [448, 336], r: 2.2784667708579524e+34, e: 3.4199933164157008e+34
#ERR  p: [449, 336], r: -2.4964865808766971e+34, e: -4.1461152787598019e+33
#ERR  p: [450, 336], r: 3.4145528175310494e+34, e: -3.0755278349042688e+34
#ERR  p: [451, 336], r: 5.8621511655523040e+34, e: 1.2182740000272888e+34
#ERR  p: [452, 336], r: 8.2465915458852735e+34, e: -3.0111740171380340e+33
#ERR  p: [453, 336], r: -9.5385419187326435e+34, e: -5.1277486841824250e+34
#ERR  p: [454, 336], r: -6.6509655682329169e+34, e: -1.2332383430161744e+34
#ERR  p: [455, 336], r: -1.9152269382987261e+34, e: 3.4199041847328723e+34
#ERR  p: [456, 336], r: -1.4506188312810306e+35, e: -3.5155330720636050e+34
#ERR  p: [457, 336], r: 1.3557966847150993e+35, e: 8.3864835982906747e+33
#ERR  p: [458, 336], r: 1.1788156268682979e+35, e: -1.7664406580930713e+34
#ERR  p: [459, 336], r: -3.9444889516082957e+34, e: 1.7741483203656699e+34
#ERR  p: [460, 336], r: -1.2098677681905214e+34, e: -1.5489706172457731e+33
#ERR  p: [461, 336], r: -6.5610529928275883e+34, e: 3.0218883881780489e+34
#ERR  p: [462, 336], r: -4.3347980762425518e+34, e: -7.8107435589658654e+34
#ERR  p: [463, 336], r: -3.1820327682441472e+34, e: 1.1967557548824185e+34
#ERR  p: [464, 336], r: 7.7583509654472138e+34, e: 1.5204430318044651e+34
#ERR  p: [465, 336], r: -9.0086512170548390e+33, e: -1.3390220524891651e+34
#ERR  p: [466, 336], r: 5.9433016013595707e+34, e: 5.1379810013711423e+34
#ERR  p: [467, 336], r: -5.6741610574185362e+34, e: -6.3018451845857640e+33
#ERR  p: [468, 336], r: -2.3472937611621410e+34, e: 6.4645284558784326e+33
#ERR  p: [469, 336], r: 1.7148409651695820e+34, e: -1.8450524502617754e+34
#ERR  p: [470, 336], r: -2.7003728294669207e+34, e: -2.9389213991571349e+34
#ERR  p: [471, 336], r: 2.7679854005925703e+34, e: -1.4111214134932007e+34
#ERR  p: [472, 336], r: 2.0161886237306924e+34, e: 4.4925849232978350e+34
#ERR  p: [473, 336], r: 4.0131698649878486e+34, e: 3.5727179790623382e+34
#ERR  p: [474, 336], r: 1.2499924254374565e+35, e: -2.7680906254959096e+34
#ERR  p: [475, 336], r: 5.8114906977366206e+34, e: 4.5320945224156515e+34
#ERR  p: [476, 336], r: -4.8942380352760866e+34, e: -4.7980689109122097e+34
#ERR  p: [477, 336], r: -5.8214699799813079e+34, e: -2.9787924767664227e+34
#ERR  p: [478, 336], r: -1.2284785130827237e+35, e: -9.6630374632814446e+33
#ERR  p: [479, 336], r: -3.8071762710687496e+33, e: 1.4232464172079813e+34
#ERR  p: [480, 336], r: -7.1771244996622957e+33, e: -3.6926751116331151e+34
#ERR  p: [481, 336], r: 6.5065984863795030e+34, e: 6.4305158985565618e+32
#ERR  p: [482, 336], r: -9.5140930981327730e+34, e: 3.1705790994126710e+34
#ERR  p: [483, 336], r: -1.2620157447574102e+34, e: 1.8804181688920880e+34
#ERR  p: [484, 336], r: 5.4138861448628478e+34, e: -5.0059104398249520e+33
#ERR  p: [485, 336], r: 4.1592076707182821e+34, e: -1.1096263162734113e+34
#ERR  p: [486, 336], r: 1.0818335225218215e+35, e: 7.9421999165615642e+33
#ERR  p: [487, 336], r: -5.0727866223182327e+34, e: -5.9320632103009262e+33
#ERR  p: [488, 336], r: -4.2423697590893875e+33, e: -3.0311354907865009e+33
#ERR  p: [489, 336], r: -3.2566812953770792e+34, e: -1.9231871403393390e+34
#ERR  p: [490, 336], r: 1.2151158911930679e+35, e: 3.2468461093529647e+34
#ERR  p: [491, 336], r: -1.5179960452464113e+35, e: -5.5329185362242786e+34
#ERR  p: [492, 336], r: 1.1267947124670414e+35, e: 3.3426899030745174e+34
#ERR  p: [493, 336], r: -1.1215777607946842e+34, e: 1.1812921506756891e+34
#ERR  p: [494, 336], r: -4.2823594313544389e+34, e: -2.3720755876325793e+34
#ERR  p: [495, 336], r: -1.5540261167782068e+34, e: 3.4984039433280211e+34
#ERR  p: [496, 336], r: 6.0343492439869201e+33, e: -1.9114532018829686e+34
#ERR  p: [497, 336], r: -3.2439136769879055e+34, e: -3.5579602482660093e+34
#ERR  p: [498, 336], r: 1.8069133250438502e+35, e: 2.3042869814333433e+34
#ERR  p: [499, 336], r: 7.8389309584843778e+34, e: 3.3201856386883563e+34
#ERR  p: [500, 336], r: 9.7304939301681403e+34, e: 1.9049641677850424e+34
#SDC Ite:1 KerTime:2.6763253 AccTime:2.6763253 KerErr:360448 AccErr:360448
#ABORT too many errors per iteration
#END
