#HEADER matrix_dim:2048 threads:4 block_size:16 block_offset:12 precision:Float
#BEGIN Y:2023 M:11 D:07 Time:14:12:33
#IT 0 KerTime:2.7204293 AccTime:2.7204293
#IT 1 KerTime:2.6964328 AccTime:5.4168621
#IT 2 KerTime:2.6763712 AccTime:8.0932333
#IT 3 KerTime:2.5965117 AccTime:10.6897450
#IT 4 KerTime:2.6688726 AccTime:13.3586176
#ERR  p: [761, 1389], r: -6.2482510464649820e+33, e: 2.1523518769437621e+34
#SDC Ite:5 KerTime:2.6688726 AccTime:13.3586176 KerErr:1 AccErr:1
#IT 5 KerTime:2.6212208 AccTime:15.9798384
#IT 6 KerTime:2.6397537 AccTime:18.6195921
#IT 7 KerTime:2.6446926 AccTime:21.2642846
#IT 8 KerTime:2.6770484 AccTime:23.9413330
#IT 9 KerTime:2.6019845 AccTime:26.5433175
#IT 10 KerTime:2.6295011 AccTime:29.1728187
#IT 11 KerTime:2.5958479 AccTime:31.7686665
#IT 12 KerTime:2.6241461 AccTime:34.3928126
#IT 13 KerTime:2.6485873 AccTime:37.0413999
#IT 14 KerTime:2.6259791 AccTime:39.6673790
#IT 15 KerTime:2.5969457 AccTime:42.2643247
#IT 16 KerTime:2.5957866 AccTime:44.8601113
#IT 17 KerTime:2.6493611 AccTime:47.5094724
#IT 18 KerTime:2.6002993 AccTime:50.1097717
#IT 19 KerTime:2.6529112 AccTime:52.7626829
#IT 20 KerTime:2.5958973 AccTime:55.3585802
#IT 21 KerTime:2.6395128 AccTime:57.9980930
#IT 22 KerTime:2.5987988 AccTime:60.5968918
#IT 23 KerTime:2.6424900 AccTime:63.2393818
#IT 24 KerTime:2.5956256 AccTime:65.8350074
#IT 25 KerTime:2.6440263 AccTime:68.4790337
#IT 26 KerTime:2.5998840 AccTime:71.0789177
#IT 27 KerTime:2.6279957 AccTime:73.7069133
#IT 28 KerTime:2.5950351 AccTime:76.3019485
