#HEADER matrix_dim:2048 threads:4 block_size:16 block_offset:12 precision:Float
#BEGIN Y:2023 M:11 D:08 Time:09:31:48
#IT 0 KerTime:2.6341147 AccTime:2.6341147
#IT 1 KerTime:2.6608840 AccTime:5.2949987
#IT 2 KerTime:2.6682195 AccTime:7.9632181
#IT 3 KerTime:2.5908817 AccTime:10.5540998
#IT 4 KerTime:2.6749217 AccTime:13.2290215
#IT 5 KerTime:2.5964149 AccTime:15.8254364
#IT 6 KerTime:2.6235699 AccTime:18.4490062
#IT 7 KerTime:2.5912674 AccTime:21.0402736
#IT 8 KerTime:2.6223179 AccTime:23.6625915
#IT 9 KerTime:2.5941936 AccTime:26.2567851
#IT 10 KerTime:2.5940988 AccTime:28.8508839
#IT 11 KerTime:2.6990541 AccTime:31.5499380
#ERR  p: [1662, 1718], r: 1.3354983799613432e+33, e: -3.1134853512235807e+32
#SDC Ite:12 KerTime:2.6990541 AccTime:31.5499380 KerErr:1 AccErr:1
#IT 12 KerTime:2.6171274 AccTime:34.1670654
#IT 13 KerTime:2.5916891 AccTime:36.7587545
#IT 14 KerTime:2.5917299 AccTime:39.3504844
#IT 15 KerTime:2.6829157 AccTime:42.0334001
#IT 16 KerTime:2.5878235 AccTime:44.6212236
#IT 17 KerTime:2.7204467 AccTime:47.3416703
#ERR  p: [844, 1855], r: 1.6131940799258712e+34, e: 1.9514844689333399e+34
#SDC Ite:18 KerTime:2.7204467 AccTime:47.3416703 KerErr:1 AccErr:2
#IT 18 KerTime:2.6562603 AccTime:49.9979306
#ERR  p: [1501, 702], r: -7.3163934968459245e+34, e: -7.8317936151878780e+33
#ERR  p: [1502, 702], r: -8.8106480309133114e+34, e: -4.7323164684895903e+34
#SDC Ite:19 KerTime:2.6562603 AccTime:49.9979306 KerErr:2 AccErr:4
#IT 19 KerTime:2.5864587 AccTime:52.5843893
#IT 20 KerTime:2.6293876 AccTime:55.2137769
#IT 21 KerTime:2.5905929 AccTime:57.8043698
#IT 22 KerTime:2.6141284 AccTime:60.4184982
#IT 23 KerTime:2.5885949 AccTime:63.0070931
#IT 24 KerTime:2.6303056 AccTime:65.6373987
#IT 25 KerTime:2.6576391 AccTime:68.2950378
#ERR  p: [1197, 573], r: 1.8973658156179127e+34, e: 8.9939667723088358e+33
#ERR  p: [647, 1971], r: 2.2290687542943321e+34, e: 2.1138601121262461e+34
#SDC Ite:26 KerTime:2.6576391 AccTime:68.2950378 KerErr:2 AccErr:6
#IT 26 KerTime:2.6200711 AccTime:70.9151089
#IT 27 KerTime:2.5883183 AccTime:73.5034272
#IT 28 KerTime:2.5889737 AccTime:76.0924010
#IT 29 KerTime:2.7489339 AccTime:78.8413349
#IT 30 KerTime:2.6408732 AccTime:81.4822080
#IT 31 KerTime:2.6418661 AccTime:84.1240741
#IT 32 KerTime:2.5883991 AccTime:86.7124732
#IT 33 KerTime:2.6752844 AccTime:89.3877575
#IT 34 KerTime:2.5918128 AccTime:91.9795703
#IT 35 KerTime:2.6751658 AccTime:94.6547361
#IT 36 KerTime:2.5881548 AccTime:97.2428909
