#HEADER matrix_dim:2048 threads:4 block_size:16 block_offset:12 precision:Float
#BEGIN Y:2023 M:11 D:05 Time:09:50:30
#IT 0 KerTime:2.6718161 AccTime:2.6718161
#IT 1 KerTime:2.6610758 AccTime:5.3328918
#IT 2 KerTime:2.7047871 AccTime:8.0376790
#IT 3 KerTime:2.5911359 AccTime:10.6288148
#IT 4 KerTime:2.6540297 AccTime:13.2828445
#IT 5 KerTime:2.5930605 AccTime:15.8759050
#IT 6 KerTime:2.6355002 AccTime:18.5114052
#IT 7 KerTime:2.6083988 AccTime:21.1198040
#IT 8 KerTime:2.6210826 AccTime:23.7408867
#IT 9 KerTime:2.5925443 AccTime:26.3334310
#IT 10 KerTime:2.5924981 AccTime:28.9259291
#IT 11 KerTime:2.6403831 AccTime:31.5663122
#ERR  p: [478, 768], r: -2.7480743730007043e+34, e: -2.7149059979401232e+34
#ERR  p: [479, 768], r: -2.1693950926406197e+34, e: -2.0376834718088202e+34
#ERR  p: [478, 769], r: 9.4561071201346183e+33, e: 9.4435160319950467e+33
#ERR  p: [479, 769], r: 1.4223419782152794e+34, e: 1.4173421859846137e+34
#ERR  p: [478, 770], r: -2.0175647178783621e+34, e: -2.0041716921813414e+34
#ERR  p: [479, 770], r: 3.7142422554095371e+34, e: 3.7674266353773156e+34
#ERR  p: [478, 771], r: -1.4220142954868806e+34, e: -1.4497738629278160e+34
#ERR  p: [479, 771], r: -1.6699934923963708e+34, e: -1.7802288342506318e+34
#ERR  p: [478, 772], r: 1.4787343560008621e+34, e: 1.4569438878413530e+34
#ERR  p: [479, 772], r: 2.8640439150139371e+33, e: 1.9987312551936920e+33
#ERR  p: [478, 773], r: -3.4337963478537328e+34, e: -3.4125008081219300e+34
#ERR  p: [479, 773], r: 1.1551280403573848e+34, e: 1.2396930861750123e+34
#ERR  p: [478, 774], r: -1.7969963607007405e+34, e: -1.8113423526400031e+34
#ERR  p: [479, 774], r: 2.5801331989791788e+32, e: -3.1165945150034984e+32
#ERR  p: [478, 775], r: -3.1942730241765853e+34, e: -3.1655567766732902e+34
#ERR  p: [479, 775], r: 1.6867649802546052e+34, e: 1.8007948559172838e+34
#ERR  p: [478, 776], r: -2.3841940302651517e+34, e: -2.3577645056024246e+34
#ERR  p: [479, 776], r: 2.7964045424864369e+34, e: 2.9013566038410358e+34
#ERR  p: [478, 777], r: 1.3044536910381563e+34, e: 1.3075648819448883e+34
#ERR  p: [479, 777], r: -4.3232248224032807e+34, e: -4.3108691904591812e+34
#ERR  p: [478, 778], r: 1.0392452160439039e+34, e: 1.0316918011002002e+34
#ERR  p: [479, 778], r: -2.3462717178657069e+34, e: -2.3762675001936074e+34
#ERR  p: [478, 779], r: -8.5350784929662561e+33, e: -8.2280656494033639e+33
#ERR  p: [479, 779], r: 9.4081808904837044e+33, e: 1.0627345093193243e+34
#ERR  p: [478, 780], r: 3.3888155489382907e+34, e: 3.3722925156459408e+34
#ERR  p: [479, 780], r: -3.5272121078792331e+33, e: -4.1833370408910150e+33
#ERR  p: [478, 781], r: -2.7354018284065477e+34, e: -2.7000210069077558e+34
#ERR  p: [479, 781], r: 3.4550495500361921e+34, e: 3.5955483168548470e+34
#ERR  p: [478, 782], r: -2.5593808673366144e+34, e: -2.5265100930614776e+34
#ERR  p: [479, 782], r: 7.5677143890974617e+33, e: 8.8730305529609881e+33
#ERR  p: [478, 783], r: -8.3064365384404231e+33, e: -8.3260306533822321e+33
#ERR  p: [479, 783], r: 4.9910771327892248e+34, e: 4.9832969272303240e+34
#SDC Ite:12 KerTime:2.6403831 AccTime:31.5663122 KerErr:32 AccErr:32
#IT 12 KerTime:2.6230257 AccTime:34.1893379
