#HEADER matrix_dim:2048 threads:4 block_size:16 block_offset:12 precision:Float
#BEGIN Y:2023 M:11 D:03 Time:21:42:07
#IT 0 KerTime:2.6950763 AccTime:2.6950763
#IT 1 KerTime:2.7517685 AccTime:5.4468448
#IT 2 KerTime:2.6815877 AccTime:8.1284326
#IT 3 KerTime:2.6129411 AccTime:10.7413736
#ERR  p: [1590, 1969], r: -4.7433715206284166e+33, e: -5.4888348724553065e+33
#SDC Ite:4 KerTime:2.6129411 AccTime:10.7413736 KerErr:1 AccErr:1
#IT 4 KerTime:2.7087598 AccTime:13.4501335
#ERR  p: [1833, 1649], r: 3.0498455308492543e+34, e: 3.2951294847052124e+34
#ERR  p: [1834, 1649], r: -1.2722185989731925e+33, e: 2.0699904881900665e+30
#SDC Ite:5 KerTime:2.7087598 AccTime:13.4501335 KerErr:2 AccErr:3
#IT 5 KerTime:2.6074471 AccTime:16.0575805
#IT 6 KerTime:2.6441080 AccTime:18.7016885
#IT 7 KerTime:2.6042670 AccTime:21.3059554
#IT 8 KerTime:2.7706969 AccTime:24.0766524
#ERR  p: [1622, 1778], r: 2.0731044025648849e+34, e: 1.9934164691200300e+34
#SDC Ite:9 KerTime:2.7706969 AccTime:24.0766524 KerErr:1 AccErr:4
#IT 9 KerTime:2.6281185 AccTime:26.7047708
#IT 10 KerTime:2.6041041 AccTime:29.3088749
#IT 11 KerTime:2.6039579 AccTime:31.9128328
