#HEADER matrix_dim:2048 threads:4 block_size:16 block_offset:12 precision:Float
#BEGIN Y:2023 M:11 D:08 Time:04:05:40
#IT 0 KerTime:2.7087950 AccTime:2.7087950
#ERR  p: [1499, 176], r: -2.4698315035388122e+34, e: -1.8563746498610795e+34
#ERR  p: [1500, 176], r: -3.3559833364953776e+33, e: 1.2475631661807652e+34
#ERR  p: [1501, 176], r: -8.2463122666124108e+33, e: -7.0713833753266563e+33
#ERR  p: [1398, 248], r: 1.7176067708053534e+34, e: -1.0882941335164457e+34
#ERR  p: [1865, 465], r: -6.2229775102109395e+34, e: -9.0271448033017233e+33
#ERR  p: [1866, 465], r: -5.1592022647005880e+34, e: -3.2435011953668156e+34
#SDC Ite:1 KerTime:2.7087950 AccTime:2.7087950 KerErr:6 AccErr:6
#IT 1 KerTime:2.7012397 AccTime:5.4100347
#ERR  p: [1788, 80], r: 1.7983037491762298e+34, e: 3.5345564966473035e+34
#ERR  p: [1789, 80], r: -1.3269568412782820e+34, e: -9.4078243637523902e+33
#SDC Ite:2 KerTime:2.7012397 AccTime:5.4100347 KerErr:2 AccErr:8
#IT 2 KerTime:2.5942952 AccTime:8.0043300
#ERR  p: [1289, 408], r: -1.0376972803445310e+33, e: 1.6130567923755144e+34
#SDC Ite:3 KerTime:2.5942952 AccTime:8.0043300 KerErr:1 AccErr:9
#IT 3 KerTime:2.6539122 AccTime:10.6582422
#IT 4 KerTime:2.5965763 AccTime:13.2548185
#IT 5 KerTime:2.6868331 AccTime:15.9416516
#ERR  p: [259, 1872], r: -1.3984598865653938e+34, e: -1.3979189067682260e+34
#ERR  p: [411, 1872], r: 1.1470992564385955e+34, e: 1.3187849514909513e+34
#ERR  p: [412, 1872], r: -2.3109924074501365e+34, e: -1.6853653652461892e+34
#ERR  p: [413, 1872], r: 9.0547452954476105e+33, e: 9.0704968445074777e+33
#SDC Ite:6 KerTime:2.6868331 AccTime:15.9416516 KerErr:4 AccErr:13
#IT 6 KerTime:2.6203967 AccTime:18.5620483
#ERR  p: [206, 2000], r: 2.9558923191556982e+34, e: 3.1340125789442515e+34
#ERR  p: [706, 2000], r: -4.0762115901064448e+33, e: -9.9655658690520255e+32
#SDC Ite:7 KerTime:2.6203967 AccTime:18.5620483 KerErr:2 AccErr:15
#IT 7 KerTime:2.7475507 AccTime:21.3095991
#ERR  p: [1797, 1560], r: 1.2841430564016089e+34, e: 1.3597447973647906e+34
#ERR  p: [1179, 208], r: -3.3683853292939483e+34, e: -2.3346090847555994e+34
#ERR  p: [185, 1820], r: 8.6793703080652814e+33, e: 4.4443214168832178e+33
#SDC Ite:8 KerTime:2.7475507 AccTime:21.3095991 KerErr:3 AccErr:18
#IT 8 KerTime:2.5955613 AccTime:23.9051604
