#HEADER matrix_dim:2048 threads:4 block_size:16 block_offset:12 precision:Float
#BEGIN Y:2023 M:11 D:06 Time:00:41:09
#IT 0 KerTime:2.7075059 AccTime:2.7075059
#IT 1 KerTime:2.6696462 AccTime:5.3771521
#IT 2 KerTime:2.6850415 AccTime:8.0621935
#IT 3 KerTime:2.5962124 AccTime:10.6584059
#ERR  p: [0, 590], r: -6.0767381678421104e+34, e: -6.1077143986811249e+34
#ERR  p: [1, 590], r: 2.9017468025414185e+34, e: 2.8546209011259026e+34
#ERR  p: [2, 590], r: 5.4303165802402591e+34, e: 5.5371131722533932e+34
#ERR  p: [3, 590], r: 1.9216397771872342e+33, e: 1.7982716246322103e+33
#ERR  p: [4, 590], r: 2.3880796764604607e+34, e: 2.4575853054941855e+34
#ERR  p: [5, 590], r: -2.2398180352434550e+34, e: -2.2922353875628922e+34
#ERR  p: [6, 590], r: -3.1801879899976041e+34, e: -3.2159753510052973e+34
#ERR  p: [7, 590], r: -3.5521012018540755e+33, e: -4.4364818520994333e+33
#ERR  p: [8, 590], r: 2.5018934077922800e+34, e: 2.5365047257626520e+34
#ERR  p: [9, 590], r: -2.9158811067339633e+33, e: -3.0541094915205688e+33
#ERR  p: [10, 590], r: 1.0598887327570151e+34, e: 1.0084175999066056e+34
#ERR  p: [11, 590], r: -2.3885726241841041e+34, e: -2.4698267993666629e+34
#ERR  p: [12, 590], r: -2.3580752285522852e+34, e: -2.4037864120909057e+34
#ERR  p: [13, 590], r: -1.4759983847200375e+34, e: -1.5001832765035324e+34
#ERR  p: [14, 590], r: 4.4463463773024789e+33, e: 5.0864133710946705e+33
#ERR  p: [15, 590], r: 1.0739408377309513e+34, e: 1.1256594966922159e+34
#ERR  p: [16, 590], r: -2.4559856393754209e+34, e: -2.4565692043099400e+34
#ERR  p: [17, 590], r: -1.1060075699505723e+34, e: -1.1078340266845340e+34
#ERR  p: [18, 590], r: 2.0756002134780882e+34, e: 2.0507235608006406e+34
#ERR  p: [19, 590], r: -8.3836617139711237e+33, e: -9.2833519686823238e+33
#ERR  p: [20, 590], r: -6.5352525892928260e+33, e: -5.5095480851926295e+33
#ERR  p: [21, 590], r: 5.2525622555273185e+34, e: 5.2067158889364080e+34
#ERR  p: [22, 590], r: 1.8835969513249650e+34, e: 1.8475216454641340e+34
#ERR  p: [23, 590], r: 8.0086302549496963e+33, e: 6.8715687115256424e+33
#ERR  p: [24, 590], r: -4.4552648068305006e+33, e: -4.8685201404449427e+33
#ERR  p: [25, 590], r: 1.7763435594373347e+34, e: 1.8768147730257361e+34
#ERR  p: [26, 590], r: -1.0551299674519982e+34, e: -1.0535372337974536e+34
#ERR  p: [27, 590], r: 3.7099077321559833e+34, e: 3.7048495091554632e+34
#ERR  p: [28, 590], r: 1.3338487010649915e+34, e: 1.4067670831990183e+34
#ERR  p: [29, 590], r: -1.3811409816217874e+34, e: -1.3154509313771479e+34
#ERR  p: [30, 590], r: 2.2342819673877707e+34, e: 2.1916255246900908e+34
#ERR  p: [31, 590], r: -3.8522738077298963e+34, e: -3.7885139535945107e+34
#ERR  p: [32, 590], r: -2.1874029112160884e+34, e: -2.1715968927944926e+34
#ERR  p: [33, 590], r: 3.8182638810306091e+34, e: 3.7750424424989993e+34
#ERR  p: [34, 590], r: -2.8159719179233974e+34, e: -2.8743962504894630e+34
#ERR  p: [35, 590], r: -7.8120348542208440e+33, e: -8.5184083923972391e+33
#ERR  p: [36, 590], r: 3.9623789182920245e+34, e: 4.0286671411636466e+34
#ERR  p: [37, 590], r: -3.1698214801086283e+34, e: -3.1650861118703539e+34
#ERR  p: [38, 590], r: 1.2870124776186685e+34, e: 1.3781095140535853e+34
#ERR  p: [39, 590], r: -2.4919732990814705e+31, e: -7.9938121126794503e+32
#ERR  p: [40, 590], r: -8.1824703061039195e+32, e: 2.3540095239782622e+32
#ERR  p: [41, 590], r: 6.5432144006554899e+33, e: 7.2913089940358809e+33
#ERR  p: [42, 590], r: -2.0986911376488666e+34, e: -2.1626443580183886e+34
#ERR  p: [43, 590], r: -2.4672919933422222e+34, e: -2.5106481197501062e+34
#ERR  p: [44, 590], r: -7.5665544392806513e+33, e: -8.2234190414659062e+33
#ERR  p: [45, 590], r: 7.2130872767735556e+33, e: 7.6100401780106485e+33
#ERR  p: [46, 590], r: -6.9560454922184689e+34, e: -6.9224973171538351e+34
#ERR  p: [47, 590], r: 2.8124224343457564e+33, e: 2.4749426484760117e+33
#ERR  p: [48, 590], r: 9.5582039037371064e+32, e: 1.5477589834323226e+33
#ERR  p: [49, 590], r: -3.3903921893723245e+33, e: -4.0495135562491967e+33
#ERR  p: [50, 590], r: -1.6498635970055591e+34, e: -1.7421881747834314e+34
#ERR  p: [51, 590], r: 4.6040209431961989e+33, e: 3.9912282443495428e+33
#ERR  p: [52, 590], r: -1.9138553007351979e+34, e: -1.8250231993961576e+34
#ERR  p: [53, 590], r: -4.4339803466620494e+34, e: -4.5360004708276047e+34
#ERR  p: [54, 590], r: -1.6902390113868518e+34, e: -1.7379192623519597e+34
#ERR  p: [55, 590], r: 3.1920746902548223e+34, e: 3.0915499976567237e+34
#ERR  p: [56, 590], r: -1.8726486096175251e+34, e: -1.9112537697426397e+34
#ERR  p: [57, 590], r: -2.9356453146371701e+34, e: -2.8771982039743816e+34
#ERR  p: [58, 590], r: -2.8639532359060594e+34, e: -2.9261121859826412e+34
#ERR  p: [59, 590], r: 1.5149323417195863e+34, e: 1.5391741787448883e+34
#ERR  p: [60, 590], r: -2.4835993774797285e+34, e: -2.5523684321900785e+34
#ERR  p: [61, 590], r: -1.1309290979544440e+33, e: -7.4166070951121507e+31
#ERR  p: [62, 590], r: 2.9937477827930215e+34, e: 3.0549446058710707e+34
#ERR  p: [63, 590], r: 3.4033462415314146e+34, e: 3.3112836118658551e+34
#ERR  p: [64, 590], r: -5.2770796580053655e+33, e: -6.3894381079454796e+33
#ERR  p: [65, 590], r: 2.8813643673825926e+34, e: 2.8963295769295057e+34
#ERR  p: [66, 590], r: 1.3820331650081003e+34, e: 1.4293744679904518e+34
#ERR  p: [67, 590], r: -2.0975579273369048e+34, e: -2.2093208871996439e+34
#ERR  p: [68, 590], r: 7.8829836737523677e+33, e: 8.0327521355851916e+33
#ERR  p: [69, 590], r: -1.7206496893189188e+33, e: -1.8618763648806735e+33
#ERR  p: [70, 590], r: 2.7688687946046044e+34, e: 2.7174873505100411e+34
#ERR  p: [71, 590], r: 3.0805712026243174e+34, e: 2.9993578794630550e+34
#ERR  p: [72, 590], r: -4.1595731106178791e+34, e: -4.1821006482767788e+34
#ERR  p: [73, 590], r: 1.2237417954898064e+33, e: 4.7664312487102050e+32
#ERR  p: [74, 590], r: -2.2157698120402972e+34, e: -2.3296394982618922e+34
#ERR  p: [75, 590], r: 1.2369629332123723e+34, e: 1.1422644816151664e+34
#ERR  p: [76, 590], r: -4.0790678891590880e+34, e: -4.1717935595096887e+34
#ERR  p: [77, 590], r: 9.4942486717150205e+33, e: 8.4939968337925511e+33
#ERR  p: [78, 590], r: -1.8521538932971360e+34, e: -1.8754430116682040e+34
#ERR  p: [79, 590], r: -7.7402231904819384e+32, e: -9.4735373158877564e+32
#ERR  p: [80, 590], r: 9.8192797325497114e+33, e: 9.7373107707884692e+33
#ERR  p: [81, 590], r: -3.2479154419588994e+34, e: -3.2441362586069690e+34
#ERR  p: [82, 590], r: -3.1529463766691057e+34, e: -3.0837930653705615e+34
#ERR  p: [83, 590], r: 9.1302294630555611e+32, e: 1.6042520676401011e+33
#ERR  p: [84, 590], r: 5.6949752860630649e+34, e: 5.7150754708929337e+34
#ERR  p: [85, 590], r: -3.9830604397643418e+34, e: -4.0378283926303741e+34
#ERR  p: [86, 590], r: -1.1126104945321127e+34, e: -1.0544226085135505e+34
#ERR  p: [87, 590], r: -2.5829035540445946e+33, e: -2.6172252868912769e+33
#ERR  p: [88, 590], r: 2.0583861930043102e+33, e: 1.6492513428106296e+33
#ERR  p: [89, 590], r: -3.2185443241748223e+34, e: -3.1497366457352466e+34
#ERR  p: [90, 590], r: 4.6070334702817998e+34, e: 4.5962579450038442e+34
#ERR  p: [91, 590], r: -2.2230340441908238e+34, e: -2.2185910773898285e+34
#ERR  p: [92, 590], r: -4.6132558520952639e+34, e: -4.5103335172290773e+34
#ERR  p: [93, 590], r: 3.9910052913484675e+34, e: 3.9738103042027935e+34
#ERR  p: [94, 590], r: -3.7034305822824343e+34, e: -3.6492350528905675e+34
#ERR  p: [95, 590], r: -8.7610266899666040e+33, e: -8.1315960769919524e+33
#ERR  p: [96, 590], r: -7.0878597382795251e+33, e: -6.2784697817939578e+33
#ERR  p: [97, 590], r: -3.2330358978627048e+34, e: -3.2540873158187606e+34
#ERR  p: [98, 590], r: -1.9398158937110438e+34, e: -1.8632418746410073e+34
#ERR  p: [99, 590], r: -3.6050512397724173e+34, e: -3.7010544801710300e+34
#ERR  p: [100, 590], r: -2.5222027116432851e+33, e: -2.5534334629543767e+33
#ERR  p: [101, 590], r: -1.4175495409411940e+34, e: -1.4583505591079929e+34
#ERR  p: [102, 590], r: -2.7506141307853021e+34, e: -2.6955020305883484e+34
#ERR  p: [103, 590], r: -4.6484905966694201e+34, e: -4.6639608857523616e+34
#ERR  p: [104, 590], r: -3.7047423035480611e+33, e: -3.7501474683089703e+33
#ERR  p: [105, 590], r: 3.0343227531086470e+34, e: 3.0115723862426760e+34
#ERR  p: [106, 590], r: 1.6963675573453380e+34, e: 1.6176179824502614e+34
#ERR  p: [107, 590], r: 1.0547614327023029e+33, e: 1.0449420923106913e+33
#ERR  p: [108, 590], r: 3.5420754349609131e+33, e: 3.5815360116531738e+33
#ERR  p: [109, 590], r: -4.5833578670304669e+33, e: -4.6072451580285176e+33
#ERR  p: [110, 590], r: -2.5564551198477674e+34, e: -2.4913251136769007e+34
#ERR  p: [111, 590], r: -7.6778001877949770e+34, e: -7.6798541779081593e+34
#ERR  p: [112, 590], r: 2.9170370951426479e+34, e: 2.9381187188356623e+34
#ERR  p: [113, 590], r: -4.4065503188595718e+33, e: -4.7471880897695334e+33
#ERR  p: [114, 590], r: 9.8466431591780754e+32, e: 1.7237757974031242e+32
#ERR  p: [115, 590], r: 2.4158580605899932e+34, e: 2.5039929540989080e+34
#ERR  p: [116, 590], r: 3.2513608766762385e+34, e: 3.3123888447329291e+34
#ERR  p: [117, 590], r: -4.1427663414685251e+34, e: -4.0542189663385204e+34
#ERR  p: [118, 590], r: -6.5836312860280987e+32, e: -1.6893146415595174e+33
#ERR  p: [119, 590], r: -1.7098365925607708e+34, e: -1.6856928003865802e+34
#ERR  p: [120, 590], r: -4.4525197366903872e+34, e: -4.4323007096167470e+34
#ERR  p: [121, 590], r: 2.5685436043313891e+34, e: 2.5634274457370305e+34
#ERR  p: [122, 590], r: 7.3145531751835229e+33, e: 8.3237788404507720e+33
#ERR  p: [123, 590], r: 6.7118786554539619e+34, e: 6.7953574088871165e+34
#ERR  p: [124, 590], r: -1.0982485331663433e+34, e: -1.0046889864052800e+34
#ERR  p: [125, 590], r: -2.4706346790363005e+34, e: -2.4138191733452902e+34
#ERR  p: [126, 590], r: 2.8469446825303019e+34, e: 2.8823933431432466e+34
#ERR  p: [127, 590], r: -3.3434254870458608e+34, e: -3.3688918943580239e+34
#ERR  p: [128, 590], r: 1.3543842694066771e+34, e: 1.2798449285852100e+34
#ERR  p: [129, 590], r: -2.5002962175535940e+34, e: -2.4523057388146412e+34
#ERR  p: [130, 590], r: 1.6579217201032795e+34, e: 1.5861604405239727e+34
#ERR  p: [131, 590], r: -3.3595815949105664e+34, e: -3.2578362934337324e+34
#ERR  p: [132, 590], r: -4.0125667406007088e+34, e: -3.9353029413407825e+34
#ERR  p: [133, 590], r: -9.9000726512736324e+33, e: -9.9079484258035660e+33
#ERR  p: [134, 590], r: -2.0802327088990980e+34, e: -2.1470869179566814e+34
#ERR  p: [135, 590], r: 8.0541870673654180e+33, e: 7.8978699027247744e+33
#ERR  p: [136, 590], r: 5.1656619596195830e+33, e: 4.3512230646837903e+33
#ERR  p: [137, 590], r: -2.3256847750123911e+34, e: -2.3130152014743288e+34
#ERR  p: [138, 590], r: 1.7863605988532202e+34, e: 1.8773486965646799e+34
#ERR  p: [139, 590], r: 1.5798951331396465e+33, e: 1.7614130431600225e+33
#ERR  p: [140, 590], r: -2.1523939669050978e+34, e: -2.0813515591066041e+34
#ERR  p: [141, 590], r: 1.9631425216653021e+34, e: 1.9761550045942465e+34
#ERR  p: [142, 590], r: -1.4806140441565130e+34, e: -1.4570800612456744e+34
#ERR  p: [143, 590], r: 5.0028747013636145e+34, e: 5.0597011009269705e+34
#ERR  p: [144, 590], r: 2.4461172146612516e+33, e: 2.9046322550819868e+33
#ERR  p: [145, 590], r: 1.8402338924528610e+34, e: 1.7512964424164775e+34
#ERR  p: [146, 590], r: -3.3519984694059199e+34, e: -3.4412809333312522e+34
#ERR  p: [147, 590], r: 1.4587694780172871e+34, e: 1.5399610134338581e+34
#ERR  p: [148, 590], r: 3.1501402141880536e+34, e: 3.2470466556393289e+34
#ERR  p: [149, 590], r: 6.4182233087089629e+33, e: 7.2180687474916400e+33
#ERR  p: [150, 590], r: 3.1406887895761176e+34, e: 3.1382545042828668e+34
#ERR  p: [151, 590], r: 3.0667320233371383e+34, e: 3.1679833867382974e+34
#ERR  p: [152, 590], r: 6.5281189598164440e+33, e: 5.9022164759537557e+33
#ERR  p: [153, 590], r: 3.6766878587897680e+34, e: 3.7301223026454821e+34
#ERR  p: [154, 590], r: -2.6465816112918845e+34, e: -2.5427077957115032e+34
#ERR  p: [155, 590], r: -1.3220091663232701e+34, e: -1.2152578829155739e+34
#ERR  p: [156, 590], r: -6.7196425202043441e+33, e: -6.3160592121168387e+33
#ERR  p: [157, 590], r: -3.0027822691997262e+34, e: -3.0515996918849216e+34
#ERR  p: [158, 590], r: -3.6382829973630098e+34, e: -3.6371683561516372e+34
#ERR  p: [159, 590], r: 3.1263516489081359e+33, e: 2.1932741513374091e+33
#ERR  p: [160, 590], r: 8.3914328825677377e+33, e: 8.4577493304722555e+33
#ERR  p: [161, 590], r: 2.4047651274859647e+34, e: 2.3196255536961049e+34
#ERR  p: [162, 590], r: -3.0005608476962306e+33, e: -3.5165775839717521e+33
#ERR  p: [163, 590], r: -2.8596833331225563e+34, e: -2.8365185039314325e+34
#ERR  p: [164, 590], r: -2.3530697417974387e+34, e: -2.3828087753611914e+34
#ERR  p: [165, 590], r: -2.1187096184361426e+34, e: -2.1495476951667729e+34
#ERR  p: [166, 590], r: -4.0572286461620310e+34, e: -3.9959213988324776e+34
#ERR  p: [167, 590], r: -1.6870817691106584e+34, e: -1.6852986402780717e+34
#ERR  p: [168, 590], r: -2.7881727364012049e+33, e: -2.0067812697841550e+33
#ERR  p: [169, 590], r: 1.1612656232781577e+34, e: 1.0821858897746037e+34
#ERR  p: [170, 590], r: -1.4045675113372160e+34, e: -1.3839590283272166e+34
#ERR  p: [171, 590], r: -5.8812847667994989e+33, e: -5.6142363415248566e+33
#ERR  p: [172, 590], r: -1.0754101487635791e+34, e: -1.0341701570588495e+34
#ERR  p: [173, 590], r: -2.0864330553798628e+34, e: -2.0677682620255453e+34
#ERR  p: [174, 590], r: 6.3543685045725641e+33, e: 7.3916935518215324e+33
#ERR  p: [175, 590], r: 2.0346059528711568e+34, e: 2.0177310970196420e+34
#ERR  p: [176, 590], r: 1.5706766578946030e+32, e: 1.0068464992542475e+33
#ERR  p: [177, 590], r: 2.4896657788482425e+34, e: 2.4111838465896594e+34
#ERR  p: [178, 590], r: -1.8327615625817305e+34, e: -1.8208892224289680e+34
#ERR  p: [179, 590], r: 1.4221283097644988e+34, e: 1.3946142258333537e+34
#ERR  p: [180, 590], r: 1.4172407986953962e+34, e: 1.3588773727792634e+34
#ERR  p: [181, 590], r: 2.6973128892778151e+34, e: 2.7651079327652554e+34
#ERR  p: [182, 590], r: -4.2445973083960776e+34, e: -4.3387317545113851e+34
#ERR  p: [183, 590], r: -2.8848865543823673e+34, e: -2.9894206871797034e+34
#ERR  p: [184, 590], r: -4.2247204479492958e+34, e: -4.2061201512710251e+34
#ERR  p: [185, 590], r: 1.4218434597614592e+34, e: 1.4816666645719174e+34
#ERR  p: [186, 590], r: -2.1566636221005931e+34, e: -2.1947713779179228e+34
#ERR  p: [187, 590], r: -2.4313989122551740e+34, e: -2.4374180243141874e+34
#ERR  p: [188, 590], r: -4.9140135084336509e+33, e: -5.3318058922920739e+33
#ERR  p: [189, 590], r: 8.2805821607199479e+33, e: 7.6735081258847707e+33
#ERR  p: [190, 590], r: -5.1717708223314446e+34, e: -5.1159327940954539e+34
#ERR  p: [191, 590], r: 6.6711796435464000e+33, e: 7.3323943670297038e+33
#ERR  p: [192, 590], r: -1.1391567569405444e+34, e: -1.2009185758525235e+34
#ERR  p: [193, 590], r: -1.9965724734561842e+34, e: -1.9285760171243521e+34
#ERR  p: [194, 590], r: 7.5892099799396131e+33, e: 8.0907712903763992e+33
#ERR  p: [195, 590], r: 8.1186212274402024e+32, e: 1.3126509585962923e+33
#ERR  p: [196, 590], r: 1.3777626432545775e+34, e: 1.4777269203968916e+34
#ERR  p: [197, 590], r: -1.9936284044547557e+34, e: -2.1050865834798227e+34
#ERR  p: [198, 590], r: 2.8419327584872511e+34, e: 2.9231896571378963e+34
#ERR  p: [199, 590], r: -4.8741373552702020e+34, e: -4.7664672727653482e+34
#ERR  p: [200, 590], r: 7.5163574562156763e+34, e: 7.4586169617273119e+34
#ERR  p: [201, 590], r: -2.1952534317692206e+34, e: -2.1623829050820916e+34
#ERR  p: [202, 590], r: 5.7319587137882146e+32, e: -1.8884380705910954e+32
#ERR  p: [203, 590], r: -4.4474897387227629e+34, e: -4.4223694594455839e+34
#ERR  p: [204, 590], r: 2.4355311561063086e+34, e: 2.3688324323176594e+34
#ERR  p: [205, 590], r: -8.7631732779947249e+33, e: -8.1451267616213416e+33
#ERR  p: [206, 590], r: 2.0572481237776942e+34, e: 2.0619131770217372e+34
#ERR  p: [207, 590], r: -2.4712548869959825e+34, e: -2.4474953514099861e+34
#ERR  p: [208, 590], r: -4.6092934536175192e+34, e: -4.5999232378721603e+34
#ERR  p: [209, 590], r: 9.6262285541533331e+33, e: 9.7347141915560681e+33
#ERR  p: [210, 590], r: -6.8863763313055545e+33, e: -6.6259422196608140e+33
#ERR  p: [211, 590], r: 1.3825778586253859e+34, e: 1.3277017097999200e+34
#ERR  p: [212, 590], r: 2.3485024858164992e+34, e: 2.4211086594726182e+34
#ERR  p: [213, 590], r: -4.8302563422856610e+32, e: -2.2659254479079601e+32
#ERR  p: [214, 590], r: -7.1724234223631094e+33, e: -7.5770342206832217e+33
#ERR  p: [215, 590], r: -2.2384982673675728e+33, e: -3.0035563531062914e+33
#ERR  p: [216, 590], r: 1.7964989563929556e+34, e: 1.7670810444753936e+34
#ERR  p: [217, 590], r: -1.9220364750728232e+34, e: -1.9982513677374630e+34
#ERR  p: [218, 590], r: -2.0580909133564397e+34, e: -1.9570402200356488e+34
#ERR  p: [219, 590], r: 2.2126487176132509e+34, e: 2.1068773875406530e+34
#ERR  p: [220, 590], r: 8.5006185750626886e+32, e: 1.1615845166322777e+33
#ERR  p: [221, 590], r: 9.7322995895094420e+33, e: 8.9052677495240187e+33
#ERR  p: [222, 590], r: 2.6036023138319589e+34, e: 2.5813669300223307e+34
#ERR  p: [223, 590], r: 2.2417499644687637e+34, e: 2.3383055737129055e+34
#ERR  p: [224, 590], r: 1.2750807163440203e+33, e: 5.4125709573651111e+32
#ERR  p: [225, 590], r: -1.9627788148817601e+34, e: -2.0223138272510726e+34
#ERR  p: [226, 590], r: 1.9265852857471773e+34, e: 1.9887220766970559e+34
#ERR  p: [227, 590], r: -1.9649127759214802e+34, e: -1.9924387440770024e+34
#ERR  p: [228, 590], r: 2.1267688556798983e+34, e: 2.1878884312994961e+34
#ERR  p: [229, 590], r: 1.9097105227411655e+33, e: 1.4935126056533421e+33
#ERR  p: [230, 590], r: -1.5241291839624432e+33, e: -1.2717733274153120e+33
#ERR  p: [231, 590], r: -2.4506818090711066e+34, e: -2.4103895842604539e+34
#ERR  p: [232, 590], r: -2.1998796136960300e+34, e: -2.2438049449339775e+34
#ERR  p: [233, 590], r: -4.4838465521485273e+34, e: -4.4758177682297381e+34
#ERR  p: [234, 590], r: 5.4549007695834255e+32, e: 8.5366163239800583e+32
#ERR  p: [235, 590], r: 4.6732578154473948e+34, e: 4.6585401939083388e+34
#ERR  p: [236, 590], r: 1.2759067318352334e+33, e: 1.0371638055588514e+33
#ERR  p: [237, 590], r: 4.5750173698097856e+34, e: 4.5666092810629593e+34
#ERR  p: [238, 590], r: -2.1609065377912398e+34, e: -2.1994361835739580e+34
#ERR  p: [239, 590], r: 3.7244406530411780e+34, e: 3.7832997501490406e+34
#ERR  p: [240, 590], r: 1.3089692011254536e+34, e: 1.3983249511011116e+34
#ERR  p: [241, 590], r: 4.3574461892612779e+33, e: 3.9432883973581968e+33
#ERR  p: [242, 590], r: 3.0729856012395923e+34, e: 3.0757343233028216e+34
#ERR  p: [243, 590], r: -1.0404073941527850e+34, e: -1.0843975934487910e+34
#ERR  p: [244, 590], r: -2.9850448167288375e+32, e: 1.7161067588597513e+32
#ERR  p: [245, 590], r: 3.0917943670204787e+34, e: 3.0701274452768902e+34
#ERR  p: [246, 590], r: 2.9043128665518512e+33, e: 2.0453137009319615e+33
#ERR  p: [247, 590], r: 2.3833620107647480e+33, e: 2.0020467681039080e+33
#ERR  p: [248, 590], r: 2.1764345148800121e+34, e: 2.2769715868785035e+34
#ERR  p: [249, 590], r: 2.7348856074101657e+34, e: 2.7800204060664949e+34
#ERR  p: [250, 590], r: 6.7856592318768500e+32, e: 5.7846361573099058e+32
#ERR  p: [251, 590], r: -4.1537862361102357e+34, e: -4.0666575402652521e+34
#ERR  p: [252, 590], r: -1.2914175015574596e+33, e: -7.8309951438625389e+32
#ERR  p: [253, 590], r: -2.5536685168193360e+34, e: -2.5158281560504919e+34
#ERR  p: [254, 590], r: 4.4082445635973377e+34, e: 4.4689174904507614e+34
#ERR  p: [255, 590], r: 7.1319687798193025e+33, e: 7.3142257400431319e+33
#ERR  p: [256, 590], r: -2.7236478353215408e+34, e: -2.7338187506843095e+34
#ERR  p: [257, 590], r: -3.9526462337031628e+34, e: -3.9813505969820808e+34
#ERR  p: [258, 590], r: -2.2422946580860493e+34, e: -2.2165905662863434e+34
#ERR  p: [259, 590], r: -4.0979334144907756e+33, e: -4.5954144745580771e+33
#ERR  p: [260, 590], r: 5.5692378400668527e+33, e: 5.1645391480039512e+33
#ERR  p: [261, 590], r: -4.0592073695208248e+34, e: -4.0204410296025952e+34
#ERR  p: [262, 590], r: 2.6604648612444622e+34, e: 2.7255092019646103e+34
#ERR  p: [263, 590], r: 8.4212591909042600e+33, e: 9.2779539311410199e+33
#ERR  p: [264, 590], r: 3.0613568876865612e+34, e: 3.1497240187468459e+34
#ERR  p: [265, 590], r: -4.8196942378704782e+34, e: -4.8529839310549092e+34
#ERR  p: [266, 590], r: 4.3508670331284918e+34, e: 4.4058934678747270e+34
#ERR  p: [267, 590], r: 1.7212409913786834e+34, e: 1.6595185389599537e+34
#ERR  p: [268, 590], r: 4.7217305956256532e+34, e: 4.7480957474063375e+34
#ERR  p: [269, 590], r: 1.5765841077620728e+34, e: 1.5885505313578210e+34
#ERR  p: [270, 590], r: -6.2325591661150084e+34, e: -6.2659370006302365e+34
#ERR  p: [271, 590], r: -8.7452720460566386e+33, e: -9.6768603017601051e+33
#ERR  p: [272, 590], r: -4.2994545786359444e+33, e: -5.2913877689794259e+33
#ERR  p: [273, 590], r: 7.2644846902946257e+33, e: 7.9331295298937203e+33
#ERR  p: [274, 590], r: -4.0025978570523515e+34, e: -4.0793219144551494e+34
#ERR  p: [275, 590], r: -1.8936456820058562e+34, e: -2.0006150904484745e+34
#ERR  p: [276, 590], r: -1.1600901992108563e+34, e: -1.0965540408405695e+34
#ERR  p: [277, 590], r: -8.9755598418647015e+33, e: -7.9925395103190649e+33
#ERR  p: [278, 590], r: 5.0104791194369367e+34, e: 5.0607469126721588e+34
#ERR  p: [279, 590], r: -6.2951206942923658e+34, e: -6.3311833731647961e+34
#ERR  p: [280, 590], r: -2.9351704408381002e+34, e: -2.9506199325283817e+34
#ERR  p: [281, 590], r: 4.2338302011103891e+34, e: 4.1205973112450025e+34
#ERR  p: [282, 590], r: -1.3055709319236113e+34, e: -1.2032480076244468e+34
#ERR  p: [283, 590], r: -5.5007117929862144e+34, e: -5.4614710744449307e+34
#ERR  p: [284, 590], r: 2.3358529669070733e+34, e: 2.2548505887285052e+34
#ERR  p: [285, 590], r: -5.0648422659101227e+33, e: -3.9695246795807915e+33
#ERR  p: [286, 590], r: 1.1184879862506318e+34, e: 1.0936910569117142e+34
#ERR  p: [287, 590], r: -3.5777847438491293e+33, e: -3.9787114326123283e+33
#ERR  p: [288, 590], r: 3.3220621081999051e+34, e: 3.3344058559196275e+34
#ERR  p: [289, 590], r: 3.0654628872088629e+34, e: 2.9858187768413987e+34
#ERR  p: [290, 590], r: -2.8039287420452135e+34, e: -2.8662352545744781e+34
#ERR  p: [291, 590], r: -9.0404186153729608e+33, e: -9.6777868998795102e+33
#ERR  p: [292, 590], r: -2.4888529474184478e+34, e: -2.4018042225000020e+34
#ERR  p: [293, 590], r: 2.4864904626474755e+34, e: 2.5101059020128992e+34
#ERR  p: [294, 590], r: 1.6719680067590310e+34, e: 1.5602785805346254e+34
#ERR  p: [295, 590], r: -3.7671602306808614e+34, e: -3.8214344930592268e+34
#ERR  p: [296, 590], r: -1.3514973932350636e+34, e: -1.3154619490434976e+34
#ERR  p: [297, 590], r: 2.5201156375825529e+34, e: 2.5503892136552690e+34
#ERR  p: [298, 590], r: -1.7435812906066412e+33, e: -1.7495531133561538e+33
#ERR  p: [299, 590], r: 2.0687317507581211e+34, e: 2.0055534808531917e+34
#ERR  p: [300, 590], r: -2.3949821825315081e+34, e: -2.3804561941105334e+34
#ERR  p: [301, 590], r: -2.9801202912525602e+34, e: -3.0582645134684263e+34
#ERR  p: [302, 590], r: -1.0276427468197056e+34, e: -1.0711107830071410e+34
#ERR  p: [303, 590], r: 2.2378511961090383e+34, e: 2.2214257124917842e+34
#ERR  p: [304, 590], r: 2.7150052807312739e+34, e: 2.7413753842721153e+34
#ERR  p: [305, 590], r: -2.2147334086394074e+34, e: -2.1924009703306992e+34
#ERR  p: [306, 590], r: -1.3856936299102633e+34, e: -1.3265116780401549e+34
#ERR  p: [307, 590], r: 1.9596675001810241e+34, e: 2.0427966593470845e+34
#ERR  p: [308, 590], r: 1.3904450913690484e+34, e: 1.2774097767339318e+34
#ERR  p: [309, 590], r: -2.0598273718495453e+34, e: -2.1065055103528516e+34
#ERR  p: [310, 590], r: -1.6273264034143531e+34, e: -1.6392239975439170e+34
#ERR  p: [311, 590], r: 4.0097043756418731e+34, e: 3.9997070194726123e+34
#ERR  p: [312, 590], r: 5.3810598126351213e+33, e: 6.1151260694903304e+33
#ERR  p: [313, 590], r: -7.2157581324083138e+33, e: -6.6527417646012836e+33
#ERR  p: [314, 590], r: -5.0241430064145530e+34, e: -5.0405471974631314e+34
#ERR  p: [315, 590], r: -1.5952547194345749e+33, e: -5.0480780818981201e+32
#ERR  p: [316, 590], r: -1.1947538820448901e+34, e: -1.2614719176981521e+34
#ERR  p: [317, 590], r: -5.2647559649142795e+34, e: -5.1590695575283766e+34
#ERR  p: [318, 590], r: -2.0764893020143030e+34, e: -2.0459904208544369e+34
#ERR  p: [319, 590], r: -1.0334120425787912e+34, e: -1.0568870995437598e+34
#ERR  p: [320, 590], r: 6.2313137984354873e+34, e: 6.1183106702413921e+34
#ERR  p: [321, 590], r: 2.5324248467751792e+33, e: 1.6798060241177664e+33
#ERR  p: [322, 590], r: 8.9915995214687124e+32, e: 1.6520323751088842e+33
#ERR  p: [323, 590], r: 9.6563624905896178e+32, e: 8.2776686688374898e+32
#ERR  p: [324, 590], r: -4.0974654112589237e+34, e: -4.0990484889811619e+34
#ERR  p: [325, 590], r: 8.4487111302454329e+33, e: 9.2426404535803652e+33
#ERR  p: [326, 590], r: 3.1120247831424803e+34, e: 3.0684433516474464e+34
#ERR  p: [327, 590], r: -2.1498964228758396e+33, e: -3.1052729343742139e+33
#ERR  p: [328, 590], r: 7.8306243808207729e+33, e: 7.6653915720171961e+33
#ERR  p: [329, 590], r: -9.9243641296945098e+33, e: -9.9599672852243573e+33
#ERR  p: [330, 590], r: 6.3681832964409693e+33, e: 7.0854061411216615e+33
#ERR  p: [331, 590], r: -6.5094960088354544e+33, e: -5.6791947692062784e+33
#ERR  p: [332, 590], r: 1.1944005739576781e+34, e: 1.2245904652837385e+34
#ERR  p: [333, 590], r: 1.1128755374945237e+34, e: 1.1255295129880910e+34
#ERR  p: [334, 590], r: -1.3453526921590647e+33, e: -1.8678277616195380e+33
#ERR  p: [335, 590], r: -2.6114369887525883e+34, e: -2.6000746798960113e+34
#ERR  p: [336, 590], r: 3.1511521063761655e+34, e: 3.2570237095919455e+34
#ERR  p: [337, 590], r: -4.4006827306613669e+34, e: -4.5019224574261568e+34
#ERR  p: [338, 590], r: 5.5044750069116380e+33, e: 5.9225025993775253e+33
#ERR  p: [339, 590], r: 6.0660884172721462e+34, e: 6.1033038659091590e+34
#ERR  p: [340, 590], r: 3.3331045333503307e+34, e: 3.2754492091366691e+34
#ERR  p: [341, 590], r: 2.7744177370366971e+34, e: 2.6949617935552043e+34
#ERR  p: [342, 590], r: -2.5394486090730746e+33, e: -1.7413619736012123e+33
#ERR  p: [343, 590], r: -2.8949428364974982e+34, e: -2.8485190946722650e+34
#ERR  p: [344, 590], r: 4.0360685370705260e+34, e: 3.9396741076194992e+34
#ERR  p: [345, 590], r: 2.1583527912841980e+33, e: 1.3999882473378955e+33
#ERR  p: [346, 590], r: 8.1145805911519749e+33, e: 8.5361103159890004e+33
#ERR  p: [347, 590], r: -4.6392922070015140e+34, e: -4.5411250474142305e+34
#ERR  p: [348, 590], r: 3.2128941182475160e+34, e: 3.3026096135985903e+34
#ERR  p: [349, 590], r: -2.8573062406591205e+34, e: -2.8304691861354606e+34
#ERR  p: [350, 590], r: -1.6363690602253171e+34, e: -1.6425637121819011e+34
#ERR  p: [351, 590], r: -7.9358616635604231e+33, e: -8.0353474768775534e+33
#ERR  p: [352, 590], r: -1.3708972753847087e+34, e: -1.2887611917181630e+34
#ERR  p: [353, 590], r: -1.6312973436783688e+34, e: -1.6806869422497219e+34
#ERR  p: [354, 590], r: -1.0656045495064036e+34, e: -1.1739829813017365e+34
#ERR  p: [355, 590], r: 2.0873067934595904e+34, e: 2.1452696219790105e+34
#ERR  p: [356, 590], r: 3.1011536888934918e+34, e: 3.0993925953936045e+34
#ERR  p: [357, 590], r: -2.1254633241144680e+34, e: -2.0508688949612527e+34
#ERR  p: [358, 590], r: 2.8224448588008128e+34, e: 2.7437935763448554e+34
#ERR  p: [359, 590], r: -7.8320944346174243e+33, e: -7.4807138200465441e+33
#ERR  p: [360, 590], r: -4.9535467522062178e+34, e: -4.8958597367275505e+34
#ERR  p: [361, 590], r: -2.1061091219522725e+34, e: -2.1879934086148275e+34
#ERR  p: [362, 590], r: 3.1805096068198104e+34, e: 3.2648405581760091e+34
#ERR  p: [363, 590], r: 4.3796894958871576e+33, e: 5.0395746717682688e+33
#ERR  p: [364, 590], r: -9.2844729233878967e+33, e: -9.0753699954721246e+33
#ERR  p: [365, 590], r: -4.7257182480801992e+34, e: -4.6204002516499876e+34
#ERR  p: [366, 590], r: 7.0110529864821030e+33, e: 7.2593589995619646e+33
#ERR  p: [367, 590], r: 9.7103880508140907e+33, e: 9.7923594884554115e+33
#ERR  p: [368, 590], r: 2.0613291169112024e+34, e: 2.1633457748446477e+34
#ERR  p: [369, 590], r: -1.3383937979192278e+34, e: -1.4377152127991410e+34
#ERR  p: [370, 590], r: -4.7366522296831834e+34, e: -4.6721842738453265e+34
#ERR  p: [371, 590], r: 2.1048971786538121e+34, e: 2.0503359617743404e+34
#ERR  p: [372, 590], r: -5.0035583537503098e+33, e: -4.4537186197214332e+33
#ERR  p: [373, 590], r: -2.1563632978470625e+34, e: -2.1218039733583404e+34
#ERR  p: [374, 590], r: 8.7430988423176732e+33, e: 9.0916705709394148e+33
#ERR  p: [375, 590], r: 1.1643546550581866e+34, e: 1.0834755757075312e+34
#ERR  p: [376, 590], r: -1.2124061642410761e+34, e: -1.2896020005928456e+34
#ERR  p: [377, 590], r: -6.7570897112167111e+34, e: -6.6709013546255687e+34
#ERR  p: [378, 590], r: 6.3833622982326670e+33, e: 6.0969203043025800e+33
#ERR  p: [379, 590], r: 1.9288450214948889e+34, e: 2.0038290303784672e+34
#ERR  p: [380, 590], r: 1.5077901704569332e+34, e: 1.4225683974484647e+34
#ERR  p: [381, 590], r: -1.4262443366011188e+34, e: -1.5254573079335906e+34
#ERR  p: [382, 590], r: 1.6558178410065140e+34, e: 1.6012638041792701e+34
#ERR  p: [383, 590], r: -6.7219416224453049e+34, e: -6.7815618050893203e+34
#ERR  p: [384, 590], r: 2.3908335978718549e+34, e: 2.3764603712517281e+34
#ERR  p: [385, 590], r: 1.0587735963696268e+33, e: 4.0782835922471987e+32
#ERR  p: [386, 590], r: -1.1833156874639050e+34, e: -1.2657798252408613e+34
#ERR  p: [387, 590], r: -1.6611617805681011e+34, e: -1.6545546469904272e+34
#ERR  p: [388, 590], r: -1.5994949116571352e+34, e: -1.5812813474471373e+34
#ERR  p: [389, 590], r: 1.0526870165784724e+34, e: 1.1193738561427444e+34
#ERR  p: [390, 590], r: -2.3339779829235717e+34, e: -2.3293089682714030e+34
#ERR  p: [391, 590], r: 6.8445370528278068e+33, e: 7.2387312046873523e+33
#ERR  p: [392, 590], r: 3.5726717420018709e+31, e: -5.5547236120762513e+32
#ERR  p: [393, 590], r: -2.9442437985620385e+34, e: -2.8918021826178312e+34
#ERR  p: [394, 590], r: -2.6137191312150109e+33, e: -3.1381043421561015e+33
#ERR  p: [395, 590], r: 1.1480036954312974e+34, e: 1.1703405903241471e+34
#ERR  p: [396, 590], r: 3.1821384883235021e+34, e: 3.1596411564015611e+34
#ERR  p: [397, 590], r: -1.1540696016237958e+34, e: -1.2342850213193902e+34
#ERR  p: [398, 590], r: 1.3488790262579711e+34, e: 1.2988216828294274e+34
#ERR  p: [399, 590], r: -1.9739591465525620e+34, e: -1.8857133336161273e+34
#ERR  p: [400, 590], r: -5.4410678418934448e+34, e: -5.3979796057100621e+34
#ERR  p: [401, 590], r: -5.5343836382607728e+33, e: -4.4993914890158378e+33
#ERR  p: [402, 590], r: 3.3538051190992530e+34, e: 3.3751363115041872e+34
#ERR  p: [403, 590], r: 2.9039139403741915e+34, e: 2.9548923111919634e+34
#ERR  p: [404, 590], r: -3.8613129983087503e+34, e: -3.8162351448942282e+34
#ERR  p: [405, 590], r: -2.2555651277191807e+34, e: -2.2691450823621335e+34
#ERR  p: [406, 590], r: -2.0399874639129362e+33, e: -2.0672010997965467e+33
#ERR  p: [407, 590], r: -8.2625237103968725e+33, e: -7.3119739271116718e+33
#ERR  p: [408, 590], r: -1.2043652485099018e+34, e: -1.1591121027858169e+34
#ERR  p: [409, 590], r: -2.6005866764220093e+32, e: -5.7776359932440092e+32
#ERR  p: [410, 590], r: -1.0339459661177350e+34, e: -1.0892489566687465e+34
#ERR  p: [411, 590], r: 1.5427450167882070e+34, e: 1.5157356410110785e+34
#ERR  p: [412, 590], r: -2.6176534284538637e+34, e: -2.5861290377654537e+34
#ERR  p: [413, 590], r: -1.6645892651548705e+34, e: -1.7016071385616134e+34
#ERR  p: [414, 590], r: 1.2005755426676375e+34, e: 1.2953797143441983e+34
#ERR  p: [415, 590], r: 1.2957300513753161e+34, e: 1.3306018319299538e+34
#ERR  p: [416, 590], r: 1.2088623132906138e+34, e: 1.1770471304869756e+34
#ERR  p: [417, 590], r: 5.1206696478617755e+34, e: 5.1129894678580490e+34
#ERR  p: [418, 590], r: 1.2233828547754156e+34, e: 1.1416349891051898e+34
#ERR  p: [419, 590], r: 1.6527322754585951e+34, e: 1.5755977171387702e+34
#ERR  p: [420, 590], r: 1.6467373032303478e+34, e: 1.7015069892124352e+34
#ERR  p: [421, 590], r: 1.6484481363646402e+34, e: 1.5553305341976018e+34
#ERR  p: [422, 590], r: 2.5048286874194295e+33, e: 3.0344305776860688e+33
#ERR  p: [423, 590], r: -3.5822270916801049e+34, e: -3.4741846368114341e+34
#ERR  p: [424, 590], r: -2.1656352211533021e+34, e: -2.1223964514611424e+34
#ERR  p: [425, 590], r: -3.6236421281063894e+34, e: -3.6388073887636511e+34
#ERR  p: [426, 590], r: -3.0965842046204816e+34, e: -3.1359412895254582e+34
#ERR  p: [427, 590], r: -3.1077915233841401e+34, e: -3.0798220013125419e+34
#ERR  p: [428, 590], r: -4.9132988456489715e+34, e: -4.9448643359466858e+34
#ERR  p: [429, 590], r: 7.0190271772451598e+31, e: 9.8488946626245257e+32
#ERR  p: [430, 590], r: 3.6090666220838434e+34, e: 3.5450522474763806e+34
#ERR  p: [431, 590], r: 4.5751971187034898e+34, e: 4.6701322644362071e+34
#ERR  p: [432, 590], r: -1.6165699424130024e+34, e: -1.6820822244680004e+34
#ERR  p: [433, 590], r: 7.5124935977650588e+33, e: 7.6277055823712509e+33
#ERR  p: [434, 590], r: 2.4572790391284663e+34, e: 2.4816382328694926e+34
#ERR  p: [435, 590], r: -6.7230295241518289e+33, e: -7.3839756146466077e+33
#ERR  p: [436, 590], r: 8.8608826473554807e+34, e: 8.8223906349499568e+34
#ERR  p: [437, 590], r: -4.6140481337204065e+34, e: -4.5890655133755961e+34
#ERR  p: [438, 590], r: 1.9640444847779254e+34, e: 1.9246047054783246e+34
#ERR  p: [439, 590], r: -5.2883863833541785e+33, e: -5.2235208011757031e+33
#ERR  p: [440, 590], r: 3.6494079312170537e+33, e: 4.6804216506607354e+33
#ERR  p: [441, 590], r: -3.6586862299144957e+34, e: -3.5491166522133624e+34
#ERR  p: [442, 590], r: 2.4772596389505402e+34, e: 2.5442401178921307e+34
#ERR  p: [443, 590], r: 9.4726911838709049e+33, e: 8.9698634607739298e+33
#ERR  p: [444, 590], r: -7.6534869216294082e+33, e: -7.4305190652736398e+33
#ERR  p: [445, 590], r: -2.1495954487037883e+33, e: -2.2250157076572108e+33
#ERR  p: [446, 590], r: 1.4747015187348821e+34, e: 1.5360351341872723e+34
#ERR  p: [447, 590], r: 5.3673688147706447e+33, e: 5.1702441946749979e+33
#ERR  p: [448, 590], r: -2.2939789023142218e+34, e: -2.2255255223138895e+34
#ERR  p: [449, 590], r: -1.8910611107918362e+34, e: -1.9246644979822221e+34
#ERR  p: [450, 590], r: 2.4378876987650922e+34, e: 2.4819187500823946e+34
#ERR  p: [451, 590], r: -1.4790548586770331e+34, e: -1.4133073680145708e+34
#ERR  p: [452, 590], r: 5.5234958318212540e+34, e: 5.6064506890297830e+34
#ERR  p: [453, 590], r: -3.4347507996240218e+34, e: -3.5209398989791879e+34
#ERR  p: [454, 590], r: -7.9527131223451953e+33, e: -9.0174158325329795e+33
#ERR  p: [455, 590], r: 2.7178901761988245e+34, e: 2.6590095389342783e+34
#ERR  p: [456, 590], r: 3.1348785798987336e+33, e: 3.4294067981654327e+33
#ERR  p: [457, 590], r: -2.1523283560830157e+34, e: -2.1981484783450933e+34
#ERR  p: [458, 590], r: 4.5979426576033076e+33, e: 5.4182834316763934e+33
#ERR  p: [459, 590], r: 2.7889466965137661e+34, e: 2.8145997851838534e+34
#ERR  p: [460, 590], r: 1.1241721117350145e+34, e: 1.1870906618197019e+34
#ERR  p: [461, 590], r: 5.9788381557153047e+33, e: 5.5430164131247294e+33
#ERR  p: [462, 590], r: 2.6617461291851225e+34, e: 2.6610551110551934e+34
#ERR  p: [463, 590], r: -2.7133251485099558e+34, e: -2.6994463551415195e+34
#ERR  p: [464, 590], r: 1.3495288209845920e+34, e: 1.3958787815834837e+34
#ERR  p: [465, 590], r: -1.9000035254081191e+32, e: 3.5380442379654851e+32
#ERR  p: [466, 590], r: -4.1155809306178103e+34, e: -4.1171684649241899e+34
#ERR  p: [467, 590], r: -4.3933155018995718e+34, e: -4.4035913945776719e+34
#ERR  p: [468, 590], r: -2.7357576123738383e+34, e: -2.6310947338124165e+34
#ERR  p: [469, 590], r: -8.7333036417568276e+33, e: -8.5464217375462280e+33
#ERR  p: [470, 590], r: 1.3407023085044872e+34, e: 1.2823698310893365e+34
#ERR  p: [471, 590], r: 2.5177075966181350e+34, e: 2.4063355782198022e+34
#ERR  p: [472, 590], r: -3.0286193157596514e+34, e: -3.1243175277325842e+34
#ERR  p: [473, 590], r: -1.3591441488577294e+34, e: -1.3977854568319911e+34
#ERR  p: [474, 590], r: 8.7277223890897094e+33, e: 9.6134251592970240e+33
#ERR  p: [475, 590], r: -5.0499500948255275e+34, e: -5.0654793098543390e+34
#ERR  p: [476, 590], r: -3.9047370876247911e+33, e: -4.9154606603395755e+33
#ERR  p: [477, 590], r: 3.8181410773787120e+34, e: 3.7636568603696838e+34
#ERR  p: [478, 590], r: 2.8983283549169359e+33, e: 2.8526161810262839e+33
#ERR  p: [479, 590], r: 6.2814606449288713e+33, e: 7.1198029240832254e+33
#ERR  p: [480, 590], r: -1.6604923025948556e+32, e: 4.0900548545957536e+32
#ERR  p: [481, 590], r: 1.7042867835706505e+34, e: 1.7302513379546221e+34
#ERR  p: [482, 590], r: -3.6129455834029402e+34, e: -3.6848288000761165e+34
#ERR  p: [483, 590], r: 1.1729234284221121e+34, e: 1.2040142925087644e+34
#ERR  p: [484, 590], r: -1.9683840835856403e+34, e: -1.9313253581576010e+34
#ERR  p: [485, 590], r: -9.6203062490053918e+33, e: -1.0372538037997075e+34
#ERR  p: [486, 590], r: -1.0225504804681052e+34, e: -1.1191590735459284e+34
#ERR  p: [487, 590], r: -1.5687168750184103e+34, e: -1.5010362171906000e+34
#ERR  p: [488, 590], r: 3.6354146902919856e+34, e: 3.6334929121749989e+34
#ERR  p: [489, 590], r: -1.3268804603778581e+34, e: -1.4150173345908357e+34
#ERR  p: [490, 590], r: -1.6232013705639473e+33, e: -2.5246371207305398e+33
#ERR  p: [491, 590], r: 5.7200047005413602e+33, e: 4.7991221502976337e+33
#ERR  p: [492, 590], r: 3.8733423092584942e+34, e: 3.8283993913082542e+34
#ERR  p: [493, 590], r: -2.2249216551627261e+34, e: -2.1760354030113465e+34
#ERR  p: [494, 590], r: 7.6404936267710728e+34, e: 7.5711511582345258e+34
#ERR  p: [495, 590], r: -5.9089145052788142e+32, e: -1.7301932785667796e+33
#ERR  p: [496, 590], r: 2.7853923230729699e+33, e: 2.1924891426099973e+33
#ERR  p: [497, 590], r: -1.1272710470353576e+34, e: -1.1893851836825173e+34
#ERR  p: [498, 590], r: -5.1969762718833264e+33, e: -4.7413942209006680e+33
#ERR  p: [499, 590], r: -2.1659093010779999e+34, e: -2.1464681955250466e+34
#ERR  p: [500, 590], r: -1.7504033924721370e+34, e: -1.8378428112669813e+34
#SDC Ite:4 KerTime:2.5962124 AccTime:10.6584059 KerErr:2048 AccErr:2048
#ABORT too many errors per iteration
#END
