#HEADER matrix_dim:2048 threads:4 block_size:16 block_offset:12 precision:Float
#BEGIN Y:2023 M:11 D:07 Time:18:52:29
#IT 0 KerTime:2.6992431 AccTime:2.6992431
#IT 1 KerTime:2.6825078 AccTime:5.3817509
#IT 2 KerTime:2.6369358 AccTime:8.0186868
#IT 3 KerTime:2.5868010 AccTime:10.6054878
#IT 4 KerTime:2.6229242 AccTime:13.2284119
#IT 5 KerTime:2.5924710 AccTime:15.8208830
#IT 6 KerTime:2.6800955 AccTime:18.5009785
#IT 7 KerTime:2.5867639 AccTime:21.0877423
#IT 8 KerTime:2.6118748 AccTime:23.6996171
#IT 9 KerTime:2.6065873 AccTime:26.3062044
#IT 10 KerTime:2.5902131 AccTime:28.8964176
#IT 11 KerTime:2.6370426 AccTime:31.5334602
#IT 12 KerTime:2.5874893 AccTime:34.1209495
#IT 13 KerTime:2.6707663 AccTime:36.7917157
#IT 14 KerTime:2.5903783 AccTime:39.3820941
#IT 15 KerTime:2.6734026 AccTime:42.0554967
#IT 16 KerTime:2.5866619 AccTime:44.6421586
#IT 17 KerTime:2.6326014 AccTime:47.2747600
#IT 18 KerTime:2.5898610 AccTime:49.8646210
#IT 19 KerTime:2.6366366 AccTime:52.5012575
#IT 20 KerTime:2.5876510 AccTime:55.0889086
#IT 21 KerTime:2.6253174 AccTime:57.7142259
#IT 22 KerTime:2.5909005 AccTime:60.3051264
#IT 23 KerTime:2.5909301 AccTime:62.8960566
#IT 24 KerTime:2.5872442 AccTime:65.4833008
#IT 25 KerTime:2.6097763 AccTime:68.0930771
#ERR  p: [264, 1969], r: 5.4242868218969079e+34, e: 5.3644200415970669e+34
#ERR  p: [425, 1969], r: -4.8887288926162569e+33, e: -7.9648282225396617e+33
#ERR  p: [91, 2034], r: -2.1574383249771779e+34, e: -1.9277584815224081e+34
#SDC Ite:26 KerTime:2.6097763 AccTime:68.0930771 KerErr:3 AccErr:3
#IT 26 KerTime:2.5894375 AccTime:70.6825145
