#HEADER matrix_dim:2048 threads:4 block_size:16 block_offset:12 precision:Float
#BEGIN Y:2023 M:11 D:04 Time:23:05:55
#IT 0 KerTime:2.7139211 AccTime:2.7139211
#ERR  p: [1542, 892], r: 5.0279350643428920e+34, e: 5.2180167959670364e+34
#SDC Ite:1 KerTime:2.7139211 AccTime:2.7139211 KerErr:1 AccErr:1
#IT 1 KerTime:2.6875955 AccTime:5.4015166
#IT 2 KerTime:2.7788284 AccTime:8.1803450
#IT 3 KerTime:2.5919451 AccTime:10.7722901
#IT 4 KerTime:2.6923509 AccTime:13.4646410
#IT 5 KerTime:2.5930918 AccTime:16.0577328
#IT 6 KerTime:2.6530306 AccTime:18.7107634
#IT 7 KerTime:2.6296956 AccTime:21.3404590
#ERR  p: [1304, 756], r: -3.4581419242543270e+34, e: -3.7032783156576022e+34
#ERR  p: [1305, 756], r: 3.7381946620536542e+34, e: 3.3609361489015525e+34
#ERR  p: [1688, 756], r: -5.4270480471545339e+33, e: -2.9008757260327753e+33
#ERR  p: [1721, 756], r: 1.1518877323045553e+34, e: 1.2228483122664522e+34
#ERR  p: [1751, 756], r: 1.2780790071191694e+33, e: 1.3245921282152390e+33
#ERR  p: [1767, 756], r: 2.3024526018831302e+34, e: 2.3207656964722867e+34
#ERR  p: [1662, 816], r: -1.7660352327302053e+34, e: -1.6848934625032136e+34
#ERR  p: [1661, 820], r: 1.8959466411568760e+34, e: 1.5387945025348395e+34
#ERR  p: [1663, 822], r: -9.4357603376489238e+33, e: -1.1970268637510220e+34
#ERR  p: [1566, 958], r: -3.2542504763159384e+34, e: -3.2640138618177743e+34
#SDC Ite:8 KerTime:2.6296956 AccTime:21.3404590 KerErr:10 AccErr:11
#IT 8 KerTime:2.7501411 AccTime:24.0906002
#IT 9 KerTime:2.5933514 AccTime:26.6839516
#IT 10 KerTime:2.7826071 AccTime:29.4665586
#IT 11 KerTime:2.5925773 AccTime:32.0591359
#IT 12 KerTime:2.6857921 AccTime:34.7449281
#IT 13 KerTime:2.5936232 AccTime:37.3385513
#IT 14 KerTime:2.6717395 AccTime:40.0102908
#IT 15 KerTime:2.5940938 AccTime:42.6043846
#IT 16 KerTime:2.6525677 AccTime:45.2569523
#IT 17 KerTime:2.5949198 AccTime:47.8518721
#IT 18 KerTime:2.6297903 AccTime:50.4816625
#IT 19 KerTime:2.5886192 AccTime:53.0702817
#IT 20 KerTime:2.6190071 AccTime:55.6892888
#IT 21 KerTime:2.5951860 AccTime:58.2844747
#IT 22 KerTime:2.5935839 AccTime:60.8780587
#IT 23 KerTime:2.7615210 AccTime:63.6395797
#ERR  p: [1624, 690], r: -1.2635304881894798e+34, e: -2.5118085647429323e+34
#SDC Ite:24 KerTime:2.7615210 AccTime:63.6395797 KerErr:1 AccErr:12
#IT 24 KerTime:2.5953461 AccTime:66.2349258
#IT 25 KerTime:2.5941576 AccTime:68.8290834
#IT 26 KerTime:2.6047679 AccTime:71.4338513
#IT 27 KerTime:2.6998244 AccTime:74.1336757
#IT 28 KerTime:2.6388461 AccTime:76.7725218
#IT 29 KerTime:2.6913995 AccTime:79.4639213
#IT 30 KerTime:2.6096849 AccTime:82.0736062
#IT 31 KerTime:2.6990011 AccTime:84.7726073
#ERR  p: [1654, 1010], r: -2.5135164268211304e+34, e: -2.4039478394720285e+34
#ERR  p: [1703, 1010], r: 2.7376727056146128e+34, e: 2.6770156243936920e+34
#ERR  p: [1704, 1010], r: -4.3106270493874969e+34, e: -4.2335068511721277e+34
#SDC Ite:32 KerTime:2.6990011 AccTime:84.7726073 KerErr:3 AccErr:15
#IT 32 KerTime:2.5912541 AccTime:87.3638614
#IT 33 KerTime:2.7497569 AccTime:90.1136183
#ERR  p: [1623, 754], r: -3.0092230236361202e+34, e: -3.0702093969074909e+34
#SDC Ite:34 KerTime:2.7497569 AccTime:90.1136183 KerErr:1 AccErr:16
#IT 34 KerTime:2.6446958 AccTime:92.7583142
#IT 35 KerTime:2.6025185 AccTime:95.3608326
#IT 36 KerTime:2.6092798 AccTime:97.9701124
#IT 37 KerTime:2.7554728 AccTime:100.7255852
#IT 38 KerTime:2.5933151 AccTime:103.3189003
