#HEADER matrix_dim:2048 threads:4 block_size:16 block_offset:12 precision:Float
#BEGIN Y:2023 M:11 D:06 Time:05:14:43
#IT 0 KerTime:2.7308239 AccTime:2.7308239
#IT 1 KerTime:2.6589662 AccTime:5.3897902
#IT 2 KerTime:2.7072876 AccTime:8.0970778
#IT 3 KerTime:2.5922836 AccTime:10.6893614
#IT 4 KerTime:2.6772298 AccTime:13.3665913
#IT 5 KerTime:2.5943344 AccTime:15.9609256
#IT 6 KerTime:2.6985195 AccTime:18.6594452
#IT 7 KerTime:2.6034894 AccTime:21.2629346
#IT 8 KerTime:2.6214906 AccTime:23.8844252
#IT 9 KerTime:2.6576252 AccTime:26.5420503
#IT 10 KerTime:2.6540146 AccTime:29.1960649
#IT 11 KerTime:2.6551201 AccTime:31.8511850
#IT 12 KerTime:2.5908247 AccTime:34.4420096
#IT 13 KerTime:2.6505339 AccTime:37.0925435
#IT 14 KerTime:2.5934261 AccTime:39.6859696
#IT 15 KerTime:2.7049258 AccTime:42.3908954
#IT 16 KerTime:2.5913859 AccTime:44.9822813
#IT 17 KerTime:2.6327700 AccTime:47.6150513
#IT 18 KerTime:2.5939519 AccTime:50.2090031
#IT 19 KerTime:2.6284032 AccTime:52.8374064
#IT 20 KerTime:2.5921427 AccTime:55.4295491
#IT 21 KerTime:2.6313633 AccTime:58.0609124
#IT 22 KerTime:2.5941024 AccTime:60.6550148
#IT 23 KerTime:2.6016712 AccTime:63.2566860
#IT 24 KerTime:2.5994422 AccTime:65.8561282
#ERR  p: [1964, 604], r: -5.5929323838007867e+34, e: -6.2872107526173479e+34
#SDC Ite:25 KerTime:2.5994422 AccTime:65.8561282 KerErr:1 AccErr:1
#IT 25 KerTime:2.6264681 AccTime:68.4825963
#IT 26 KerTime:2.5915653 AccTime:71.0741616
#IT 27 KerTime:2.6081629 AccTime:73.6823246
#IT 28 KerTime:2.6346866 AccTime:76.3170111
#IT 29 KerTime:2.5913019 AccTime:78.9083131
#IT 30 KerTime:2.6668018 AccTime:81.5751148
#IT 31 KerTime:2.5948690 AccTime:84.1699838
#IT 32 KerTime:2.6995997 AccTime:86.8695835
#IT 33 KerTime:2.5879028 AccTime:89.4574863
#IT 34 KerTime:2.6445419 AccTime:92.1020282
#IT 35 KerTime:2.5932972 AccTime:94.6953254
#IT 36 KerTime:2.6559508 AccTime:97.3512761
#IT 37 KerTime:2.5902125 AccTime:99.9414886
#IT 38 KerTime:2.6207554 AccTime:102.5622440
#IT 39 KerTime:2.5916067 AccTime:105.1538507
#IT 40 KerTime:2.6202887 AccTime:107.7741394
#IT 41 KerTime:2.5896633 AccTime:110.3638027
#IT 42 KerTime:2.5875618 AccTime:112.9513644
#IT 43 KerTime:2.5911096 AccTime:115.5424740
#IT 44 KerTime:2.6190634 AccTime:118.1615374
#IT 45 KerTime:2.6392409 AccTime:120.8007783
#IT 46 KerTime:2.5878913 AccTime:123.3886696
#IT 47 KerTime:2.6393225 AccTime:126.0279921
#IT 48 KerTime:2.6412082 AccTime:128.6692003
#IT 49 KerTime:2.6372250 AccTime:131.3064253
#IT 50 KerTime:2.6320874 AccTime:133.9385127
#IT 51 KerTime:2.6490257 AccTime:136.5875384
#IT 52 KerTime:2.5909344 AccTime:139.1784728
#IT 53 KerTime:2.6458139 AccTime:141.8242867
#IT 54 KerTime:2.6130991 AccTime:144.4373858
#IT 55 KerTime:2.6102659 AccTime:147.0476517
#IT 56 KerTime:2.5993485 AccTime:149.6470002
#IT 57 KerTime:2.5925728 AccTime:152.2395730
#IT 58 KerTime:2.6673703 AccTime:154.9069433
#ERR  p: [1466, 991], r: 3.6528126996041023e+34, e: 2.8976242146225903e+34
#SDC Ite:59 KerTime:2.6673703 AccTime:154.9069433 KerErr:1 AccErr:2
#IT 59 KerTime:2.6157102 AccTime:157.5226535
#IT 60 KerTime:2.5934976 AccTime:160.1161511
#IT 61 KerTime:2.5930457 AccTime:162.7091967
#IT 62 KerTime:2.6560035 AccTime:165.3652002
#IT 63 KerTime:2.5914058 AccTime:167.9566060
#IT 64 KerTime:2.7595803 AccTime:170.7161862
#IT 65 KerTime:2.5936009 AccTime:173.3097872
#IT 66 KerTime:2.6410766 AccTime:175.9508638
#IT 67 KerTime:2.5903121 AccTime:178.5411759
