#HEADER matrix_dim:2048 threads:4 block_size:16 block_offset:12 precision:Float
#BEGIN Y:2023 M:11 D:02 Time:13:28:49
#IT 0 KerTime:2.6703311 AccTime:2.6703311
#IT 1 KerTime:2.6589127 AccTime:5.3292439
#IT 2 KerTime:2.6935224 AccTime:8.0227663
#IT 3 KerTime:2.5963368 AccTime:10.6191031
#IT 4 KerTime:2.7090888 AccTime:13.3281918
#IT 5 KerTime:2.5961556 AccTime:15.9243474
#ERR  p: [0, 1152], r: 1.3168219499706565e+34, e: 1.3391499316952233e+34
#ERR  p: [1, 1152], r: 2.3538184479331985e+34, e: 2.3263505391655188e+34
#ERR  p: [2, 1152], r: -1.4411035784806690e+34, e: -1.4282533894908750e+34
#ERR  p: [3, 1152], r: -2.2422439025444386e+34, e: -2.2318417399823314e+34
#ERR  p: [4, 1152], r: -2.1728021821652419e+33, e: -1.8832257240556843e+33
#ERR  p: [5, 1152], r: -8.9452544507329758e+33, e: -8.6165343285812144e+33
#ERR  p: [6, 1152], r: 1.0387812361171797e+34, e: 1.0032826246236498e+34
#ERR  p: [7, 1152], r: 2.5891293092446657e+34, e: 2.6253152869450088e+34
#ERR  p: [8, 1152], r: 7.9555610034055714e+33, e: 8.0143408723509198e+33
#ERR  p: [9, 1152], r: -4.0577727827062989e+33, e: -3.8101761092689479e+33
#ERR  p: [10, 1152], r: -3.5243789273568236e+32, e: -6.3681747856031992e+32
#ERR  p: [11, 1152], r: 4.7951196425626162e+34, e: 4.7986839195237267e+34
#ERR  p: [0, 1153], r: 3.2620185500624542e+34, e: 3.3721526284215016e+34
#ERR  p: [1, 1153], r: -2.5923482009348156e+34, e: -2.7278335581823726e+34
#ERR  p: [2, 1153], r: -6.0784762356572671e+34, e: -6.0150922201178085e+34
#ERR  p: [3, 1153], r: 1.1348452593717213e+34, e: 1.1861549029440060e+34
#ERR  p: [4, 1153], r: -2.5079303461878590e+34, e: -2.3650958341030804e+34
#ERR  p: [5, 1153], r: 1.5534564167721276e+34, e: 1.7155993272376482e+34
#ERR  p: [6, 1153], r: 1.8404637779181563e+34, e: 1.6653657011475103e+34
#ERR  p: [7, 1153], r: -1.0858701231255209e+34, e: -9.0737996685322911e+33
#ERR  p: [8, 1153], r: -6.9284631977911592e+33, e: -6.6385376405905231e+33
#ERR  p: [9, 1153], r: 1.7099055458209590e+34, e: 1.8320337776326346e+34
#ERR  p: [10, 1153], r: -1.7322410789797655e+34, e: -1.8725141693292587e+34
#ERR  p: [11, 1153], r: 4.1272955572095678e+34, e: 4.1448743057674202e+34
#ERR  p: [0, 1154], r: -2.6091193174110382e+34, e: -2.5460913334268780e+34
#ERR  p: [1, 1154], r: 2.4852025098306030e+34, e: 2.4076658685860182e+34
#ERR  p: [2, 1154], r: 2.9396822371052797e+34, e: 2.9759558609604042e+34
#ERR  p: [3, 1154], r: -1.5929793856423684e+34, e: -1.5636155717045231e+34
#ERR  p: [4, 1154], r: 9.4024201365108899e+33, e: 1.0219839372091262e+34
#ERR  p: [5, 1154], r: 2.9520438111615678e+34, e: 3.0448353399222585e+34
#ERR  p: [6, 1154], r: 5.7193869684617568e+33, e: 4.7173240242618129e+33
#ERR  p: [7, 1154], r: -2.3282505295378140e+34, e: -2.2261028975482122e+34
#ERR  p: [8, 1154], r: -7.0428097385158869e+34, e: -7.0262178757573528e+34
#ERR  p: [9, 1154], r: 9.7973001071521994e+33, e: 1.0496222484232136e+34
#ERR  p: [10, 1154], r: -6.4621252428801679e+34, e: -6.5424021881957148e+34
#ERR  p: [11, 1154], r: 9.6630244649110321e+33, e: 9.7636219483834407e+33
#ERR  p: [0, 1155], r: 2.5438194658667815e+34, e: 2.4207345539927461e+34
#ERR  p: [1, 1155], r: -1.8889246738720375e+34, e: -1.7375072759068855e+34
#ERR  p: [2, 1155], r: 1.2248854663951002e+34, e: 1.1540475662910965e+34
#ERR  p: [3, 1155], r: 2.6448210129680128e+34, e: 2.5874776496442512e+34
#ERR  p: [4, 1155], r: 6.0658566748967919e+33, e: 4.4695493969438146e+33
#ERR  p: [5, 1155], r: -7.3152971771471334e+33, e: -9.1273913307729945e+33
#ERR  p: [6, 1155], r: -4.2050688925896640e+34, e: -4.0093805305275961e+34
#ERR  p: [7, 1155], r: 9.5638473628911986e+32, e: -1.0384070842145562e+33
#ERR  p: [8, 1155], r: -5.4202704492334504e+34, e: -5.4526717966456902e+34
#ERR  p: [9, 1155], r: -1.2178855344429610e+34, e: -1.3543754800323981e+34
#ERR  p: [10, 1155], r: -1.9253774276508466e+34, e: -1.7686084148958639e+34
#ERR  p: [11, 1155], r: 1.9808185723102423e+34, e: 1.9611734542388148e+34
#ERR  p: [0, 1156], r: -6.0176061049555853e+33, e: -5.5913480681385092e+33
#ERR  p: [1, 1156], r: -4.8237757261800021e+32, e: -1.0067541179788159e+33
#ERR  p: [2, 1156], r: 1.2064982191975905e+33, e: 1.4518183209026958e+33
#ERR  p: [3, 1156], r: -4.4711849014267165e+34, e: -4.4513253721404847e+34
#ERR  p: [4, 1156], r: 2.4934303545077094e+34, e: 2.5487127952540688e+34
#ERR  p: [5, 1156], r: -3.1707265380713499e+33, e: -2.5431749633338286e+33
#ERR  p: [6, 1156], r: 8.7986291186598975e+33, e: 8.1209336994335874e+33
#ERR  p: [7, 1156], r: 1.2871547169291824e+34, e: 1.3562369704694716e+34
#ERR  p: [8, 1156], r: 6.4608400135313818e+33, e: 6.5730493745722872e+33
#ERR  p: [9, 1156], r: 7.4380008034890689e+34, e: 7.4852693155971104e+34
#ERR  p: [10, 1156], r: -2.7410342079972883e+34, e: -2.7953253063601879e+34
#ERR  p: [11, 1156], r: 3.3410040763290186e+34, e: 3.3478077947849310e+34
#ERR  p: [0, 1157], r: -4.0581962200967365e+34, e: -4.1283423593067876e+34
#ERR  p: [1, 1157], r: 1.4364361731505514e+34, e: 1.5227297546450331e+34
#ERR  p: [2, 1157], r: -7.0430598024038226e+34, e: -7.0834305126129659e+34
#ERR  p: [3, 1157], r: 3.2847664410483466e+34, e: 3.2520858143632440e+34
#ERR  p: [4, 1157], r: -1.5478996753177874e+34, e: -1.6388748984528385e+34
#ERR  p: [5, 1157], r: 2.4087045002789787e+34, e: 2.3054315807936665e+34
#ERR  p: [6, 1157], r: 1.0595489182162313e+34, e: 1.1710732032393962e+34
#ERR  p: [7, 1157], r: -3.2339878737529153e+34, e: -3.3476728593206489e+34
#ERR  p: [8, 1157], r: -4.1242254040151381e+33, e: -4.3088864437952597e+33
#ERR  p: [9, 1157], r: -4.7761784790945283e+33, e: -5.5540483157848211e+33
#ERR  p: [10, 1157], r: 9.8178183443333350e+33, e: 1.0711257620816164e+34
#ERR  p: [11, 1157], r: 3.4504798181751740e+34, e: 3.4392843836358928e+34
#ERR  p: [0, 1158], r: 3.4968500809907101e+34, e: 3.3863163955869813e+34
#ERR  p: [1, 1158], r: -4.4530035236577400e+34, e: -4.3170276945666181e+34
#ERR  p: [2, 1158], r: 1.1982478440117692e+34, e: 1.1346335716250035e+34
#ERR  p: [3, 1158], r: 4.1151729674778638e+33, e: 3.6002146699359313e+33
#ERR  p: [4, 1158], r: -5.8328095107411620e+33, e: -7.2663341727133180e+33
#ERR  p: [5, 1158], r: -2.8371122199742738e+33, e: -4.4644168975409374e+33
#ERR  p: [6, 1158], r: -4.7085306266777590e+33, e: -2.9511995360547752e+33
#ERR  p: [7, 1158], r: 8.8882887829152000e+33, e: 7.0969115558467798e+33
#ERR  p: [8, 1158], r: 4.3428872716352582e+34, e: 4.3137892434238475e+34
#ERR  p: [9, 1158], r: 1.2170954811098891e+34, e: 1.0945240667641493e+34
#ERR  p: [10, 1158], r: 1.7863162805998137e+34, e: 1.9270981643054533e+34
#ERR  p: [11, 1158], r: -1.8310743741021885e+34, e: -1.8487165051900523e+34
#ERR  p: [0, 1159], r: 1.8684701906029252e+34, e: 1.7834039028633910e+34
#ERR  p: [1, 1159], r: 1.7432519366591893e+34, e: 1.8478994647641239e+34
#ERR  p: [2, 1159], r: -5.8012509529076676e+34, e: -5.8502090055813258e+34
#ERR  p: [3, 1159], r: 1.0195568938651053e+34, e: 9.7992572903543096e+33
#ERR  p: [4, 1159], r: 3.6852043910840357e+34, e: 3.5748801651349540e+34
#ERR  p: [5, 1159], r: 5.5642148983574523e+33, e: 4.3118401687289947e+33
#ERR  p: [6, 1159], r: -4.1215200717502858e+34, e: -3.9862758652223816e+34
#ERR  p: [7, 1159], r: 3.9167834821470771e+33, e: 2.5381441297566777e+33
#ERR  p: [8, 1159], r: 8.3140053038406139e+32, e: 6.0746460491757181e+32
#ERR  p: [9, 1159], r: -3.1584861583449078e+34, e: -3.2528171893384538e+34
#ERR  p: [10, 1159], r: 2.8589804307682500e+33, e: 3.9424379325512077e+33
#ERR  p: [11, 1159], r: 1.7993613213517913e+34, e: 1.7857840901769250e+34
#ERR  p: [0, 1160], r: 2.1823623288611281e+33, e: 1.6376377630745787e+33
#ERR  p: [1, 1160], r: 2.5500678444210705e+34, e: 2.6170785290996196e+34
#ERR  p: [2, 1160], r: -1.5869842896201172e+34, e: -1.6183343783509959e+34
#ERR  p: [3, 1160], r: 2.9329925329269854e+33, e: 2.6792123489934039e+33
#ERR  p: [4, 1160], r: 2.7987613327332284e+34, e: 2.7281145705712904e+34
#ERR  p: [5, 1160], r: 1.0228145949754867e+34, e: 9.4261861093850906e+33
#ERR  p: [6, 1160], r: -2.2657234160935487e+34, e: -2.1791196068252220e+34
#ERR  p: [7, 1160], r: 1.1487548929213863e+33, e: 2.6593961785570481e+32
#ERR  p: [8, 1160], r: -1.0720253731081650e+34, e: -1.0863651753472312e+34
#ERR  p: [9, 1160], r: -2.5215828441171139e+34, e: -2.5819878807460362e+34
#ERR  p: [10, 1160], r: 3.7721620036155901e+34, e: 3.8415416103533156e+34
#ERR  p: [11, 1160], r: -4.1001673391886680e+34, e: -4.1088616396725771e+34
#ERR  p: [0, 1161], r: 6.7233229159411395e+33, e: 7.5077460977143993e+33
#ERR  p: [1, 1161], r: 4.0704455748884634e+33, e: 3.1054564589850380e+33
#ERR  p: [2, 1161], r: -3.4975363949484899e+34, e: -3.4523911975958306e+34
#ERR  p: [3, 1161], r: 4.1823824034297201e+34, e: 4.2189273837414560e+34
#ERR  p: [4, 1161], r: 3.8970944172042549e+34, e: 3.9988283296327275e+34
#ERR  p: [5, 1161], r: -1.6629400814345345e+34, e: -1.5474548834616721e+34
#ERR  p: [6, 1161], r: -2.6277111960970417e+34, e: -2.7524247418867609e+34
#ERR  p: [7, 1161], r: -2.6530703978018027e+34, e: -2.5259416309954378e+34
#ERR  p: [8, 1161], r: -3.8406176119079930e+34, e: -3.8199677817006815e+34
#ERR  p: [9, 1161], r: -4.4328290624255140e+34, e: -4.3458434724490717e+34
#ERR  p: [10, 1161], r: 2.1679137735896108e+34, e: 2.0680048323670527e+34
#ERR  p: [11, 1161], r: -2.8905231429692415e+34, e: -2.8780031125879249e+34
#ERR  p: [0, 1162], r: -1.7356048096545117e+34, e: -1.6339164534194849e+34
#ERR  p: [1, 1162], r: -2.9241542600165075e+33, e: -4.1751112388149735e+33
#ERR  p: [2, 1162], r: 6.1153928455687964e+33, e: 6.7006314750210385e+33
#ERR  p: [3, 1162], r: -4.0361244919603017e+34, e: -3.9887485266568502e+34
#ERR  p: [4, 1162], r: -1.9241374759589974e+33, e: -6.0531940957199516e+32
#ERR  p: [5, 1162], r: -2.1016334735342401e+34, e: -1.9519246804113098e+34
#ERR  p: [6, 1162], r: -6.0212512194012611e+34, e: -6.1829232174758375e+34
#ERR  p: [7, 1162], r: -5.7474282910556336e+34, e: -5.5826252950336966e+34
#ERR  p: [8, 1162], r: -8.3968692962502594e+33, e: -8.1291820939153459e+33
#ERR  p: [9, 1162], r: 3.0106330373408663e+33, e: 4.1382682863357817e+33
#ERR  p: [10, 1162], r: 6.9947548868948913e+33, e: 5.6995879744434461e+33
#ERR  p: [11, 1162], r: -9.8088996053203034e+33, e: -9.6466007144098329e+33
#ERR  p: [0, 1163], r: 4.3132777265996148e+34, e: 4.2562874237750573e+34
#ERR  p: [1, 1163], r: -6.9584950041742029e+33, e: -6.2574000423253206e+33
#ERR  p: [2, 1163], r: -9.7342954583377798e+32, e: -1.3014243898650230e+33
#ERR  p: [3, 1163], r: -1.4838257557944350e+34, e: -1.5103768461690200e+34
#ERR  p: [4, 1163], r: -1.8759467294701892e+34, e: -1.9498591774557621e+34
#ERR  p: [5, 1163], r: -9.5732967139535688e+32, e: -1.7963682918218091e+33
#ERR  p: [6, 1163], r: 7.5178873025162252e+33, e: 8.4239653278301378e+33
#ERR  p: [7, 1163], r: 6.5525329943012106e+34, e: 6.4601697927941127e+34
#ERR  p: [8, 1163], r: -2.0873194204479911e+34, e: -2.1023225109601063e+34
#ERR  p: [9, 1163], r: 4.1316793504766852e+33, e: 3.4997035327812629e+33
#ERR  p: [10, 1163], r: 9.6450638118510601e+33, e: 1.0370931191826082e+34
#ERR  p: [11, 1163], r: -2.0022517709744137e+34, e: -2.0113479067950748e+34
#ERR  p: [0, 1164], r: -2.0910037775929123e+34, e: -2.1644799755086410e+34
#ERR  p: [1, 1164], r: -1.3370825718296167e+34, e: -1.2466938846851790e+34
#ERR  p: [2, 1164], r: -2.5218200334286410e+34, e: -2.5641070748185982e+34
#ERR  p: [3, 1164], r: 2.2752612489202268e+34, e: 2.2410297309539075e+34
#ERR  p: [4, 1164], r: -2.8418111927753932e+34, e: -2.9371033604154404e+34
#ERR  p: [5, 1164], r: -8.4957825622992202e+33, e: -9.5775218033076498e+33
#ERR  p: [6, 1164], r: 4.4247373911527290e+34, e: 4.5415543650198546e+34
#ERR  p: [7, 1164], r: 2.4689998554204203e+34, e: 2.3499196795734731e+34
#ERR  p: [8, 1164], r: -7.9342981452908057e+33, e: -8.1277213246689892e+33
#ERR  p: [9, 1164], r: -1.6821614526305147e+34, e: -1.7636396949601841e+34
#ERR  p: [10, 1164], r: 1.0044950012011240e+34, e: 1.0980783164109416e+34
#ERR  p: [11, 1164], r: -1.5273150845505461e+34, e: -1.5390423381307044e+34
#ERR  p: [0, 1165], r: 3.1561065900013934e+34, e: 3.0769685495219891e+34
#ERR  p: [1, 1165], r: 2.4726272673235343e+34, e: 2.5699811003050073e+34
#ERR  p: [2, 1165], r: 1.6616475482395167e+34, e: 1.6161022486661604e+34
#ERR  p: [3, 1165], r: 2.0711655408753562e+34, e: 2.0342968392433472e+34
#ERR  p: [4, 1165], r: -2.5761341574762714e+34, e: -2.6787687950773280e+34
#ERR  p: [5, 1165], r: 2.4382764119374278e+34, e: 2.3217679327280921e+34
#ERR  p: [6, 1165], r: -5.7387421609759838e+33, e: -4.4805596356532188e+33
#ERR  p: [7, 1165], r: 2.8161687503896437e+34, e: 2.6879134581475291e+34
#ERR  p: [8, 1165], r: 5.3449234763303536e+34, e: 5.3240904309972278e+34
#ERR  p: [9, 1165], r: -6.4275425213247033e+33, e: -7.3051064547437361e+33
#ERR  p: [10, 1165], r: -3.2123979518797704e+34, e: -3.1116033883531076e+34
#ERR  p: [11, 1165], r: -5.7604316132282872e+34, e: -5.7730625630371238e+34
#ERR  p: [0, 1166], r: 4.8327696700504202e+33, e: 5.6693023903523489e+33
#ERR  p: [1, 1166], r: -6.4097603792183963e+34, e: -6.5126688491561428e+34
#ERR  p: [2, 1166], r: 1.8097915851527903e+33, e: 2.2912363699511889e+33
#ERR  p: [3, 1166], r: 1.2698446013598549e+34, e: 1.3088175534706412e+34
#ERR  p: [4, 1166], r: -2.4664222166706202e+34, e: -2.3579306371556967e+34
#ERR  p: [5, 1166], r: 1.1017231832686095e+34, e: 1.2248802670469352e+34
#ERR  p: [6, 1166], r: -3.4020238739814500e+34, e: -3.5350217145140669e+34
#ERR  p: [7, 1166], r: -3.2199080389220991e+34, e: -3.0843337975797214e+34
#ERR  p: [8, 1166], r: 2.3081810456209194e+34, e: 2.3302025133917591e+34
#ERR  p: [9, 1166], r: -3.3390748705717962e+34, e: -3.2463105764919698e+34
#ERR  p: [10, 1166], r: -1.7806624846463935e+34, e: -1.8872085175955762e+34
#ERR  p: [11, 1166], r: 5.3061809048608783e+34, e: 5.3195328309485947e+34
#ERR  p: [0, 1167], r: 5.1984636568405278e+33, e: 5.6412054842507083e+33
#ERR  p: [1, 1167], r: 2.8786728381491783e+34, e: 2.8242074378287473e+34
#ERR  p: [2, 1167], r: 1.3866219611457234e+34, e: 1.4121024809743344e+34
#ERR  p: [3, 1167], r: -7.0967066767702781e+33, e: -6.8904411074245480e+33
#ERR  p: [4, 1167], r: 7.3826355445540813e+33, e: 7.9568317488558978e+33
#ERR  p: [5, 1167], r: 4.0313846671378859e+34, e: 4.0965661716143868e+34
#ERR  p: [6, 1167], r: -3.4799680450869675e+34, e: -3.5503573157207342e+34
#ERR  p: [7, 1167], r: -6.3577302545432475e+34, e: -6.2859772691622040e+34
#ERR  p: [8, 1167], r: -3.6779790302507426e+34, e: -3.6663240723688786e+34
#ERR  p: [9, 1167], r: -1.4970035037186239e+34, e: -1.4479077921125972e+34
#ERR  p: [10, 1167], r: 5.4065954207954805e+33, e: 4.8426964017404398e+33
#ERR  p: [11, 1167], r: -3.0302387889190445e+34, e: -3.0231726271748036e+34
#SDC Ite:6 KerTime:2.5961556 AccTime:15.9243474 KerErr:192 AccErr:192
#IT 6 KerTime:2.6813833 AccTime:18.6057307
#IT 7 KerTime:2.5933029 AccTime:21.1990336
#IT 8 KerTime:2.6901782 AccTime:23.8892119
#IT 9 KerTime:2.5988602 AccTime:26.4880721
#IT 10 KerTime:2.6841924 AccTime:29.1722644
#IT 11 KerTime:2.5934014 AccTime:31.7656658
#IT 12 KerTime:2.6387299 AccTime:34.4043957
#IT 13 KerTime:2.5957080 AccTime:37.0001037
#IT 14 KerTime:2.6085147 AccTime:39.6086184
#IT 15 KerTime:2.6610570 AccTime:42.2696755
#IT 16 KerTime:2.5936573 AccTime:44.8633327
#IT 17 KerTime:2.6837905 AccTime:47.5471233
#IT 18 KerTime:2.5965738 AccTime:50.1436970
#IT 19 KerTime:2.7230987 AccTime:52.8667957
#IT 20 KerTime:2.5935875 AccTime:55.4603832
#IT 21 KerTime:2.6751226 AccTime:58.1355058
#IT 22 KerTime:2.5957686 AccTime:60.7312744
