#HEADER matrix_dim:2048 threads:4 block_size:16 block_offset:12 precision:Float
#BEGIN Y:2023 M:11 D:05 Time:10:54:15
#IT 0 KerTime:2.6568623 AccTime:2.6568623
#IT 1 KerTime:2.6328928 AccTime:5.2897551
#IT 2 KerTime:2.6327736 AccTime:7.9225287
#IT 3 KerTime:2.5913120 AccTime:10.5138407
#IT 4 KerTime:2.6487537 AccTime:13.1625945
#IT 5 KerTime:2.5950930 AccTime:15.7576874
#IT 6 KerTime:2.6325255 AccTime:18.3902129
#IT 7 KerTime:2.5911930 AccTime:20.9814059
#IT 8 KerTime:2.6120281 AccTime:23.5934341
#ERR  p: [208, 208], r: -8.6073772861106205e+33, e: -9.7070759422389827e+33
#ERR  p: [209, 208], r: 3.0016525251198744e+34, e: 2.6677315692750674e+34
#ERR  p: [210, 208], r: 4.0765776489760615e+34, e: 3.7982481237114195e+34
#ERR  p: [211, 208], r: -1.3596136995146303e+34, e: -1.2489091783854802e+34
#ERR  p: [212, 208], r: 1.6435793181901308e+34, e: 1.5917135919521991e+34
#ERR  p: [213, 208], r: -1.5220230146766051e+34, e: -1.3329520610945371e+34
#ERR  p: [214, 208], r: -4.4365087153982858e+34, e: -4.4588985941248169e+34
#ERR  p: [215, 208], r: 1.3877948474359443e+33, e: 2.5823203295435863e+33
#ERR  p: [216, 208], r: 8.0937992917124912e+33, e: 1.0124013528500279e+34
#ERR  p: [217, 208], r: -5.0220776272530093e+34, e: -4.7985244728466667e+34
#ERR  p: [218, 208], r: -1.9615970773202582e+34, e: -1.9595005020697245e+34
#ERR  p: [219, 208], r: -3.2966278873287634e+34, e: -2.9495312880578342e+34
#ERR  p: [220, 208], r: 2.0009727313258240e+34, e: 1.9186581367056134e+34
#ERR  p: [221, 208], r: 7.1242236079635135e+33, e: 7.4329509984808159e+33
#ERR  p: [222, 208], r: 9.3648115181174000e+33, e: 7.3770561487970221e+33
#ERR  p: [223, 208], r: 6.0853344234749081e+33, e: 9.4656931088288246e+33
#ERR  p: [208, 209], r: 9.6203638132172186e+33, e: 1.1310587721735591e+34
#ERR  p: [209, 209], r: 2.3655666227000207e+33, e: 4.0739121164834722e+32
#ERR  p: [210, 209], r: -2.8909348818263078e+34, e: -3.0361125668174458e+34
#ERR  p: [211, 209], r: -2.0089084221536590e+34, e: -2.1868193462815693e+34
#ERR  p: [212, 209], r: -2.6182421927365479e+34, e: -2.7105454779457444e+34
#ERR  p: [213, 209], r: 6.6716042569798749e+33, e: 7.6684827082952917e+33
#ERR  p: [214, 209], r: 8.7742088944749344e+33, e: 9.5116572035174711e+33
#ERR  p: [215, 209], r: 6.1276318635611953e+34, e: 5.9757851479904191e+34
#ERR  p: [216, 209], r: -2.4683118083465854e+34, e: -2.5399459514838575e+34
#ERR  p: [217, 209], r: 3.4418044581738660e+32, e: -1.7641512117844169e+32
#ERR  p: [218, 209], r: 1.3416750817873576e+34, e: 1.2984302461890054e+34
#ERR  p: [219, 209], r: 3.3536372544299259e+34, e: 3.6071386542666603e+34
#ERR  p: [220, 209], r: -5.8414478563352953e+33, e: -6.7336423841086225e+33
#ERR  p: [221, 209], r: -3.6201959506250268e+34, e: -3.4206419969962864e+34
#ERR  p: [222, 209], r: 5.7521119134002659e+33, e: 2.2207694185799571e+33
#ERR  p: [223, 209], r: 1.2865967773534764e+34, e: 1.6626646397757935e+34
#ERR  p: [208, 210], r: 7.6520818596848193e+33, e: 2.1010485468656778e+33
#ERR  p: [209, 210], r: -5.2845561968726295e+33, e: -1.0645152860658364e+34
#ERR  p: [210, 210], r: 2.6626852304989244e+34, e: 2.3044493991664975e+34
#ERR  p: [211, 210], r: -5.7465226141228924e+33, e: -1.4637073422974877e+33
#ERR  p: [212, 210], r: 2.7238867577491229e+34, e: 2.5820742889607783e+34
#ERR  p: [213, 210], r: -3.2455587755061118e+33, e: -3.7841939142394165e+32
#ERR  p: [214, 210], r: 3.2796062117885894e+34, e: 3.3750593116337437e+34
#ERR  p: [215, 210], r: -1.8069235256697739e+34, e: -1.7765486861018442e+34
#ERR  p: [216, 210], r: -7.4798973985906354e+33, e: -3.7524416806867759e+33
#ERR  p: [217, 210], r: 1.4351546576218831e+34, e: 1.3980570608766103e+34
#ERR  p: [218, 210], r: 2.0429063408345652e+34, e: 2.3265946609412658e+34
#ERR  p: [219, 210], r: 5.0213462522777995e+34, e: 4.9880763661339970e+34
#ERR  p: [220, 210], r: -4.7521553241771660e+33, e: -5.0486556582976992e+32
#ERR  p: [221, 210], r: 1.8734073430676031e+34, e: 1.6792057469927169e+34
#ERR  p: [222, 210], r: -1.0368699804905270e+34, e: -1.3492039855182835e+34
#ERR  p: [223, 210], r: 9.2912834505140252e+33, e: 1.3829631055656115e+34
#ERR  p: [208, 211], r: 3.0669919907453882e+34, e: 3.1695261076152548e+34
#ERR  p: [209, 211], r: 4.3092851223849116e+34, e: 4.0230174304123560e+34
#ERR  p: [210, 211], r: -2.3026323507768344e+34, e: -2.3604362277952103e+34
#ERR  p: [211, 211], r: -9.7525634300125044e+33, e: -1.0051092670486174e+34
#ERR  p: [212, 211], r: -1.4663678301844169e+32, e: 4.4752739411704800e+32
#ERR  p: [213, 211], r: 3.2893624172381975e+34, e: 3.4238918371874183e+34
#ERR  p: [214, 211], r: 3.3853936350816980e+34, e: 3.1159478151269757e+34
#ERR  p: [215, 211], r: -1.9298778348696647e+34, e: -1.8444920348059909e+34
#ERR  p: [216, 211], r: 1.5935537898205968e+34, e: 1.4351994710513053e+34
#ERR  p: [217, 211], r: -1.1457689815466299e+33, e: -1.4993443864359106e+33
#ERR  p: [218, 211], r: 5.2143009951451174e+34, e: 5.0488884374478363e+34
#ERR  p: [219, 211], r: 1.4424218608285040e+34, e: 1.6007781603018584e+34
#ERR  p: [220, 211], r: -2.2605513026094144e+34, e: -2.2481585324641363e+34
#ERR  p: [221, 211], r: -1.5614822296348226e+34, e: -1.3588115143691734e+34
#ERR  p: [222, 211], r: 2.5319037978126440e+34, e: 2.6224038995606174e+34
#ERR  p: [223, 211], r: -2.6411116494342981e+34, e: -2.2027796120320599e+34
#ERR  p: [208, 212], r: -4.5227886795523354e+34, e: -4.5668499366065964e+34
#ERR  p: [209, 212], r: 1.4345849576158040e+34, e: 1.2322000827052258e+34
#ERR  p: [210, 212], r: -1.6284971233095053e+34, e: -1.4731450567234886e+34
#ERR  p: [211, 212], r: -1.9275013613762485e+34, e: -2.0615041616327574e+34
#ERR  p: [212, 212], r: -5.0989475139924350e+33, e: -7.5341835451933779e+33
#ERR  p: [213, 212], r: -5.2781331449787973e+33, e: -4.8987552784794390e+33
#ERR  p: [214, 212], r: -4.3885593362686373e+33, e: -4.9722109265905156e+33
#ERR  p: [215, 212], r: -1.8474104784486062e+34, e: -1.5030962732099748e+34
#ERR  p: [216, 212], r: -2.8210890668697874e+34, e: -2.6581013861214585e+34
#ERR  p: [217, 212], r: -3.1247879449475126e+34, e: -3.0748855916118875e+34
#ERR  p: [218, 212], r: 3.8710459304856198e+34, e: 3.6766482447085109e+34
#ERR  p: [219, 212], r: 1.5156044193669143e+34, e: 1.3815023363192548e+34
#ERR  p: [220, 212], r: -5.2790102254966310e+33, e: -6.4169500873785579e+33
#ERR  p: [221, 212], r: -2.0858658312538622e+34, e: -1.9885672103981413e+34
#ERR  p: [222, 212], r: 9.4489122126262916e+33, e: 1.0655941508100736e+34
#ERR  p: [223, 212], r: 4.1224571923600249e+34, e: 4.1944434056444697e+34
#ERR  p: [208, 213], r: -3.8002746315557296e+34, e: -3.7098545007342940e+34
#ERR  p: [209, 213], r: -3.7829955882813882e+33, e: -2.8790604371754786e+33
#ERR  p: [210, 213], r: -9.9142829649845893e+33, e: -7.5569232657750111e+33
#ERR  p: [211, 213], r: -3.4900342307224126e+34, e: -3.4529762480583969e+34
#ERR  p: [212, 213], r: -2.8788236192459633e+34, e: -3.0392507448170343e+34
#ERR  p: [213, 213], r: -3.4669671368973905e+31, e: 3.8614277553503921e+33
#ERR  p: [214, 213], r: 2.0163098180605385e+34, e: 2.1089383101180553e+34
#ERR  p: [215, 213], r: 1.0679784233257372e+34, e: 1.3031260003460227e+34
#ERR  p: [216, 213], r: 2.8378718199823793e+34, e: 2.6935106802411540e+34
#ERR  p: [217, 213], r: -4.3318220683881098e+34, e: -4.5580080736700045e+34
#ERR  p: [218, 213], r: 4.0950615792906394e+34, e: 4.1437215360028377e+34
#ERR  p: [219, 213], r: -1.9468074076709158e+34, e: -1.9450118994379363e+34
#ERR  p: [220, 213], r: 1.1024432929894618e+34, e: 9.0274610969817607e+33
#ERR  p: [221, 213], r: 2.8641630667427183e+32, e: 2.2306388955431598e+33
#ERR  p: [222, 213], r: -1.3276364703598496e+34, e: -1.5323578333005751e+34
#ERR  p: [223, 213], r: 3.1844986210083997e+33, e: 3.5438936593936135e+33
#ERR  p: [208, 214], r: 4.4856480024936954e+34, e: 4.3577242305941014e+34
#ERR  p: [209, 214], r: -8.4558880876231899e+33, e: -1.0831356373727435e+34
#ERR  p: [210, 214], r: -2.7168456023936755e+34, e: -2.3471338193090653e+34
#ERR  p: [211, 214], r: 6.2686052565909122e+33, e: 5.5660934723670678e+33
#ERR  p: [212, 214], r: 8.7134904114280651e+33, e: 6.7512551760175552e+33
#ERR  p: [213, 214], r: -4.9363552312926538e+34, e: -5.1022788106381519e+34
#ERR  p: [214, 214], r: -5.3791998077260951e+33, e: -8.0545900168482053e+33
#ERR  p: [215, 214], r: -1.0039520406998934e+34, e: -7.0797060462107720e+33
#ERR  p: [216, 214], r: 1.6467078402574128e+34, e: 1.9527237707066685e+34
#ERR  p: [217, 214], r: 9.0670423728278518e+33, e: 6.0119351016356190e+33
#ERR  p: [218, 214], r: -1.4186703718527629e+34, e: -1.1750218605827048e+34
#ERR  p: [219, 214], r: -5.5047504485703790e+34, e: -5.5877815628853281e+34
#ERR  p: [220, 214], r: -1.4958810634850039e+34, e: -1.4622801521746965e+34
#ERR  p: [221, 214], r: 3.6961458003272556e+34, e: 3.7543507699183599e+34
#ERR  p: [222, 214], r: 1.6992648322132815e+34, e: 1.7227193393735980e+34
#ERR  p: [223, 214], r: 1.6825517751249014e+33, e: -8.3429607213594990e+32
#ERR  p: [208, 215], r: -3.3784755309661556e+34, e: -3.0400573865466326e+34
#ERR  p: [209, 215], r: -5.4735704528008982e+33, e: -5.3225120574471389e+33
#ERR  p: [210, 215], r: 2.4380815601752443e+34, e: 2.4741194802468889e+34
#ERR  p: [211, 215], r: 1.5238164184115178e+34, e: 1.2238052399168198e+34
#ERR  p: [212, 215], r: -3.9387020771006523e+34, e: -4.0016567750344867e+34
#ERR  p: [213, 215], r: 9.3788454253727588e+33, e: 6.3581120352513631e+33
#ERR  p: [214, 215], r: -8.5681822475567864e+33, e: -9.5388163700393531e+33
#ERR  p: [215, 215], r: 4.7500158543042711e+33, e: 4.6791041729739259e+33
#ERR  p: [216, 215], r: -3.7561394075841214e+33, e: -1.2514431797488954e+33
#ERR  p: [217, 215], r: 1.9028183225209452e+34, e: 2.0425571179494828e+34
#ERR  p: [218, 215], r: 3.2607494139341788e+34, e: 3.2700139096001827e+34
#ERR  p: [219, 215], r: -2.4939670015147396e+33, e: 3.9985618011422694e+32
#ERR  p: [220, 215], r: 4.8755510208980640e+32, e: -3.1972524982631373e+33
#ERR  p: [221, 215], r: -3.4406129408860538e+34, e: -3.3769942119151467e+34
#ERR  p: [222, 215], r: -4.8803988559889075e+34, e: -4.8949664391952021e+34
#ERR  p: [223, 215], r: 1.4958558095082025e+34, e: 1.1494982604407266e+34
#ERR  p: [208, 216], r: -9.7016494320767752e+33, e: -1.0446265413946774e+34
#ERR  p: [209, 216], r: -2.0663133110973732e+34, e: -1.9434767299952185e+34
#ERR  p: [210, 216], r: 2.7395271397934623e+34, e: 2.8476240640238617e+34
#ERR  p: [211, 216], r: -1.4543663728855569e+34, e: -1.5203015352579748e+34
#ERR  p: [212, 216], r: 7.4035233068369435e+33, e: 5.4712895482785149e+33
#ERR  p: [213, 216], r: -7.7142543033078293e+31, e: 4.0491554820928334e+33
#ERR  p: [214, 216], r: 1.4038945671318605e+33, e: -8.9304375464027690e+32
#ERR  p: [215, 216], r: -6.3328852931308056e+33, e: -5.6373437302981575e+33
#ERR  p: [216, 216], r: 9.1663202122183822e+33, e: 5.9499427782883250e+33
#ERR  p: [217, 216], r: -3.1720958235488034e+34, e: -3.4133272568921569e+34
#ERR  p: [218, 216], r: 2.5917730539925636e+34, e: 2.6561684665441183e+34
#ERR  p: [219, 216], r: 2.8525295252235339e+34, e: 2.5529782414534305e+34
#ERR  p: [220, 216], r: -7.1846969788826043e+34, e: -7.2794360349130988e+34
#ERR  p: [221, 216], r: 3.1983438662017713e+34, e: 3.4041707095975787e+34
#ERR  p: [222, 216], r: -4.3039991184171630e+34, e: -4.2750070578731151e+34
#ERR  p: [223, 216], r: -1.7677913744699355e+34, e: -1.4546740009853193e+34
#ERR  p: [208, 217], r: 9.0829195728017065e+33, e: 1.2024366617226991e+34
#ERR  p: [209, 217], r: 1.2217725423723132e+34, e: 1.4016760547874572e+34
#ERR  p: [210, 217], r: -2.2764484334179015e+34, e: -2.4845639803583396e+34
#ERR  p: [211, 217], r: 2.4972649975733998e+34, e: 2.8808783521231691e+34
#ERR  p: [212, 217], r: 3.9917809845770837e+34, e: 4.3774604610524203e+34
#ERR  p: [213, 217], r: -4.2858898506554749e+33, e: -2.2860490917015734e+33
#ERR  p: [214, 217], r: 5.3260944083328230e+34, e: 5.6461078506002823e+34
#ERR  p: [215, 217], r: -3.3296014106271609e+34, e: -3.4759051258780329e+34
#ERR  p: [216, 217], r: 2.0532025357293096e+34, e: 2.2054196429598400e+34
#ERR  p: [217, 217], r: -2.5297913769296074e+34, e: -2.6697385176667568e+34
#ERR  p: [218, 217], r: 3.2701552823526691e+34, e: 3.4886982458320159e+34
#ERR  p: [219, 217], r: 1.8171367785818861e+34, e: 1.8555881865541215e+34
#ERR  p: [220, 217], r: 2.1690147974605512e+34, e: 2.1289634757815434e+34
#ERR  p: [221, 217], r: 2.6453147034556798e+34, e: 2.6739742533051757e+34
#ERR  p: [222, 217], r: -4.7103061421791041e+33, e: -6.8081509002231113e+33
#ERR  p: [223, 217], r: 2.4052645124978125e+34, e: 2.1934519814240525e+34
#ERR  p: [208, 218], r: -2.3160456786904994e+34, e: -2.6069477229941238e+34
#ERR  p: [209, 218], r: -1.8229038460489010e+34, e: -1.9383338318960113e+34
#ERR  p: [210, 218], r: -7.0530519592249184e+33, e: -7.5518464736739017e+33
#ERR  p: [211, 218], r: 2.3095561494165576e+34, e: 2.3785138661888947e+34
#ERR  p: [212, 218], r: -3.2473395522526238e+34, e: -3.1136321244894885e+34
#ERR  p: [213, 218], r: -7.3114088074837380e+33, e: -9.0482287790808123e+33
#ERR  p: [214, 218], r: -2.4228157787867927e+34, e: -2.4056267337533074e+34
#ERR  p: [215, 218], r: 5.1045373084458242e+34, e: 5.2175632147366422e+34
#ERR  p: [216, 218], r: -3.4745547808831804e+34, e: -3.2849291063695087e+34
#ERR  p: [217, 218], r: -1.3613697174603566e+34, e: -1.5220889968806990e+34
#ERR  p: [218, 218], r: 1.2878336032467265e+34, e: 1.4953134679769915e+34
#ERR  p: [219, 218], r: -3.0818742583096692e+34, e: -3.3298247350102480e+34
#ERR  p: [220, 218], r: 3.0113317306990389e+34, e: 3.0036876985444596e+34
#ERR  p: [221, 218], r: -7.8942575936901397e+33, e: -9.0477329840950785e+33
#ERR  p: [222, 218], r: -1.8451430674726511e+34, e: -1.9159601701839948e+34
#ERR  p: [223, 218], r: 1.0717984586989640e+34, e: 1.1203068915503538e+34
#ERR  p: [208, 219], r: -1.6562643659786842e+34, e: -1.4679541265507571e+34
#ERR  p: [209, 219], r: 1.2235869756136433e+33, e: -1.5028329014666168e+33
#ERR  p: [210, 219], r: 3.3953253804288768e+34, e: 3.2084875468836757e+34
#ERR  p: [211, 219], r: -1.2637476847693724e+33, e: -1.2091631946171621e+33
#ERR  p: [212, 219], r: 9.4836704740793269e+33, e: 8.7636894989911069e+33
#ERR  p: [213, 219], r: 2.3519892677311504e+34, e: 2.4244865026638123e+34
#ERR  p: [214, 219], r: 8.3271856514388854e+33, e: 7.2719655619520272e+33
#ERR  p: [215, 219], r: 9.9092358834444228e+33, e: 1.0406590673627717e+34
#ERR  p: [216, 219], r: 5.0103271004001124e+33, e: 9.4610557854416616e+33
#ERR  p: [217, 219], r: -1.2108911732209986e+34, e: -1.0747639440630722e+34
#ERR  p: [218, 219], r: 1.6799435592561310e+34, e: 1.8346103022363993e+34
#ERR  p: [219, 219], r: -4.1480253583434172e+34, e: -3.4254942267742693e+34
#ERR  p: [220, 219], r: 3.0340282471733010e+33, e: 4.5808857007720140e+32
#ERR  p: [221, 219], r: -1.8280076252428668e+34, e: -1.6373613929608082e+34
#ERR  p: [222, 219], r: -4.3042739411058844e+34, e: -4.6950178302819375e+34
#ERR  p: [223, 219], r: -9.3879504743617027e+33, e: -9.5374837275870624e+33
#ERR  p: [208, 220], r: -2.9400662461054660e+34, e: -2.9840685772138570e+34
#ERR  p: [209, 220], r: -7.8534606607254703e+32, e: 7.5605330989295672e+31
#ERR  p: [210, 220], r: 3.5295567044166377e+34, e: 3.5586760251967241e+34
#ERR  p: [211, 220], r: -4.1162140131539008e+34, e: -4.0181879787310958e+34
#ERR  p: [212, 220], r: 2.1530812712149091e+34, e: 1.9662647302383838e+34
#ERR  p: [213, 220], r: -9.8659401685104559e+33, e: -5.9079487573056667e+33
#ERR  p: [214, 220], r: -9.4704313243291894e+33, e: -9.2948740955979725e+33
#ERR  p: [215, 220], r: 3.2975365353175989e+34, e: 3.1699328947121640e+34
#ERR  p: [216, 220], r: -4.0187480228048686e+34, e: -4.2525835071775155e+34
#ERR  p: [217, 220], r: 3.8403583872637667e+34, e: 3.6681252751260389e+34
#ERR  p: [218, 220], r: 1.4828857879226056e+34, e: 1.4965843372213219e+34
#ERR  p: [219, 220], r: -2.6867619263229858e+34, e: -2.9690120076920446e+34
#ERR  p: [220, 220], r: 8.8166941300651812e+34, e: 9.0713106662893039e+34
#ERR  p: [221, 220], r: 1.0695754897704193e+34, e: 1.0893934242713311e+34
#ERR  p: [222, 220], r: 2.3503589006994116e+34, e: 2.3670255350363185e+34
#ERR  p: [223, 220], r: -4.4301249062036990e+34, e: -4.2794180858210968e+34
#ERR  p: [208, 221], r: 1.1368489891193086e+34, e: 6.7684749219640149e+33
#ERR  p: [209, 221], r: 9.4125341066318515e+33, e: 7.6796507843597047e+33
#ERR  p: [210, 221], r: 9.4216564867813454e+33, e: 8.9278056858792483e+33
#ERR  p: [211, 221], r: -2.8262062158161775e+34, e: -2.4782514765100156e+34
#ERR  p: [212, 221], r: -1.9706825668565815e+34, e: -1.9486804109503546e+34
#ERR  p: [213, 221], r: 3.4435723603439695e+34, e: 3.3785522832485913e+34
#ERR  p: [214, 221], r: -9.3366861393948559e+33, e: -1.0331100471062075e+34
#ERR  p: [215, 221], r: 8.3966538946834238e+33, e: 1.0377406856171584e+34
#ERR  p: [216, 221], r: 1.8937246625803626e+34, e: 1.8926417126339958e+34
#ERR  p: [217, 221], r: -2.0334690287390771e+34, e: -2.0067423984669214e+34
#ERR  p: [218, 221], r: -1.2999337243667175e+34, e: -1.2976734934429902e+34
#ERR  p: [219, 221], r: 1.8929602655546049e+33, e: 3.5590813267655861e+33
#ERR  p: [220, 221], r: -1.4875673986146741e+33, e: 3.5946838633254140e+31
#ERR  p: [221, 221], r: 2.9628423621242542e+34, e: 2.9137988915878853e+34
#ERR  p: [222, 221], r: 1.2945002817402900e+34, e: 1.3154671483916626e+34
#ERR  p: [223, 221], r: -3.2985335722252393e+34, e: -2.9284533781849377e+34
#ERR  p: [208, 222], r: -7.1820973048001050e+33, e: -7.5891437501475113e+33
#ERR  p: [209, 222], r: -2.8374439879048023e+34, e: -3.1715298373628421e+34
#ERR  p: [210, 222], r: 1.5158964494221817e+34, e: 1.4774960445795649e+34
#ERR  p: [211, 222], r: -6.9032513109510731e+33, e: -9.4763121584858146e+33
#ERR  p: [212, 222], r: 2.8422754202901253e+34, e: 2.3316469418295973e+34
#ERR  p: [213, 222], r: -2.5386570083149536e+34, e: -2.5196848344488816e+34
#ERR  p: [214, 222], r: 1.4616158426011150e+33, e: 1.5289672083784754e+33
#ERR  p: [215, 222], r: 3.4724218101954917e+34, e: 3.4753522618564880e+34
#ERR  p: [216, 222], r: 9.4024814145428345e+33, e: 1.0052029791095913e+34
#ERR  p: [217, 222], r: -2.3392186782858824e+34, e: -2.3661186201635380e+34
#ERR  p: [218, 222], r: -2.2309942462314366e+34, e: -2.2600105704002545e+34
#ERR  p: [219, 222], r: -8.9524148506627073e+32, e: 1.4950236662137948e+33
#ERR  p: [220, 222], r: -4.9610750369671239e+33, e: -6.3489147597294923e+33
#ERR  p: [221, 222], r: 6.2440388316873096e+34, e: 6.3246891397187050e+34
#ERR  p: [222, 222], r: 5.4220778416908071e+34, e: 5.0689712911171552e+34
#ERR  p: [223, 222], r: -2.7764608332775337e+34, e: -2.3951827288178723e+34
#ERR  p: [208, 223], r: -3.6762186795148788e+34, e: -4.1577191716150453e+34
#ERR  p: [209, 223], r: 8.5468612062601743e+33, e: 1.1162291170609478e+34
#ERR  p: [210, 223], r: -1.9308810614775015e+34, e: -1.9273110899922103e+34
#ERR  p: [211, 223], r: 4.4709694998598808e+34, e: 4.4383393811283811e+34
#ERR  p: [212, 223], r: -1.7955672827193895e+34, e: -1.5679068908507059e+34
#ERR  p: [213, 223], r: 5.1504482955067853e+33, e: 4.0281033832697560e+33
#ERR  p: [214, 223], r: 1.2155189335213582e+33, e: 7.4328937437539990e+32
#ERR  p: [215, 223], r: -3.4233961659956885e+34, e: -3.5157016794969557e+34
#ERR  p: [216, 223], r: -1.2439783394150026e+34, e: -1.6085032775290110e+34
#ERR  p: [217, 223], r: 1.2151587239184271e+34, e: 1.3145878395817582e+34
#ERR  p: [218, 223], r: -2.9958829817727810e+34, e: -2.9495033106129463e+34
#ERR  p: [219, 223], r: -8.9513092154651205e+33, e: -1.3732210126324513e+34
#ERR  p: [220, 223], r: -6.6422420523640807e+34, e: -6.4397457628499668e+34
#ERR  p: [221, 223], r: 1.2131101807414177e+34, e: 1.0499343331071174e+34
#ERR  p: [222, 223], r: -6.0629560266422414e+32, e: 1.7365951307374390e+33
#ERR  p: [223, 223], r: -2.0097801795293238e+34, e: -1.8862071478977982e+34
#SDC Ite:9 KerTime:2.6120281 AccTime:23.5934341 KerErr:256 AccErr:256
#IT 9 KerTime:2.5948502 AccTime:26.1882842
#IT 10 KerTime:2.6245485 AccTime:28.8128327
#IT 11 KerTime:2.6394422 AccTime:31.4522749
#ERR  p: [198, 2035], r: -2.2133328032789600e+34, e: -2.1730425591723701e+34
#SDC Ite:12 KerTime:2.6394422 AccTime:31.4522749 KerErr:1 AccErr:257
#IT 12 KerTime:2.6510970 AccTime:34.1033720
#IT 13 KerTime:2.5926666 AccTime:36.6960385
#IT 14 KerTime:2.6190767 AccTime:39.3151152
#IT 15 KerTime:2.6293095 AccTime:41.9444247
#IT 16 KerTime:2.6144613 AccTime:44.5588860
#IT 17 KerTime:2.5915456 AccTime:47.1504316
#IT 18 KerTime:2.5921812 AccTime:49.7426127
#IT 19 KerTime:2.6756359 AccTime:52.4182487
#ERR  p: [1020, 1679], r: 3.1608847909650272e+34, e: 3.1965627180732475e+34
#ERR  p: [1021, 1679], r: -2.2634678893419707e+34, e: -2.3355308549088513e+34
#ERR  p: [1022, 1679], r: 5.4166586353748314e+34, e: 5.5334196543521813e+34
#ERR  p: [1023, 1679], r: 4.6357695248257235e+34, e: -2.6590862912167140e+34
#SDC Ite:20 KerTime:2.6756359 AccTime:52.4182487 KerErr:4 AccErr:261
#IT 20 KerTime:2.6224777 AccTime:55.0407263
#IT 21 KerTime:2.5946334 AccTime:57.6353597
#IT 22 KerTime:2.6020058 AccTime:60.2373655
#IT 23 KerTime:2.6976613 AccTime:62.9350268
#IT 24 KerTime:2.5907729 AccTime:65.5257997
#IT 25 KerTime:2.6440177 AccTime:68.1698174
#IT 26 KerTime:2.5945664 AccTime:70.7643838
#IT 27 KerTime:2.6380431 AccTime:73.4024269
#IT 28 KerTime:2.5924548 AccTime:75.9948818
#IT 29 KerTime:2.6786507 AccTime:78.6735325
#IT 30 KerTime:2.5943074 AccTime:81.2678399
