#HEADER matrix_dim:2048 threads:4 block_size:16 block_offset:12 precision:Float
#BEGIN Y:2023 M:11 D:03 Time:22:19:54
#IT 0 KerTime:2.6854375 AccTime:2.6854375
#IT 1 KerTime:2.6377776 AccTime:5.3232151
#IT 2 KerTime:2.7417450 AccTime:8.0649601
#ERR  p: [1074, 848], r: 9.7148136864545360e+33, e: -1.2192126061650750e+34
#SDC Ite:3 KerTime:2.7417450 AccTime:8.0649601 KerErr:1 AccErr:1
#IT 3 KerTime:2.5955624 AccTime:10.6605225
#IT 4 KerTime:2.6950614 AccTime:13.3555839
#IT 5 KerTime:2.5990045 AccTime:15.9545883
#IT 6 KerTime:2.6868642 AccTime:18.6414525
#IT 7 KerTime:2.5953484 AccTime:21.2368009
#IT 8 KerTime:2.6726369 AccTime:23.9094378
#IT 9 KerTime:2.6008439 AccTime:26.5102817
#IT 10 KerTime:2.6345306 AccTime:29.1448123
#IT 11 KerTime:2.5958935 AccTime:31.7407057
#IT 12 KerTime:2.6493477 AccTime:34.3900534
#ERR  p: [1032, 1909], r: 7.7299659906984315e+34, e: 5.1264291638945508e+33
#SDC Ite:13 KerTime:2.6493477 AccTime:34.3900534 KerErr:1 AccErr:2
#IT 13 KerTime:2.6588254 AccTime:37.0488788
#IT 14 KerTime:2.6878605 AccTime:39.7367393
#IT 15 KerTime:2.5956828 AccTime:42.3324221
#IT 16 KerTime:2.6746826 AccTime:45.0071047
#ERR  p: [1814, 1713], r: -8.1438919164321545e+33, e: -8.4313341659139841e+33
#SDC Ite:17 KerTime:2.6746826 AccTime:45.0071047 KerErr:1 AccErr:3
#IT 17 KerTime:2.5975946 AccTime:47.6046993
#IT 18 KerTime:2.6405731 AccTime:50.2452724
