#HEADER matrix_dim:2048 threads:4 block_size:16 block_offset:12 precision:Float
#BEGIN Y:2023 M:11 D:07 Time:22:47:25
#IT 0 KerTime:2.6625201 AccTime:2.6625201
#IT 1 KerTime:2.6544690 AccTime:5.3169892
#IT 2 KerTime:2.6785392 AccTime:7.9955284
#IT 3 KerTime:2.5904302 AccTime:10.5859586
#IT 4 KerTime:2.6528808 AccTime:13.2388394
#IT 5 KerTime:2.5956279 AccTime:15.8344673
#IT 6 KerTime:2.6466275 AccTime:18.4810948
#IT 7 KerTime:2.5920434 AccTime:21.0731383
#IT 8 KerTime:2.6205319 AccTime:23.6936702
#IT 9 KerTime:2.5936240 AccTime:26.2872942
#IT 10 KerTime:2.5932632 AccTime:28.8805574
#IT 11 KerTime:2.6959771 AccTime:31.5765345
#IT 12 KerTime:2.5908262 AccTime:34.1673607
#IT 13 KerTime:2.7062205 AccTime:36.8735812
#IT 14 KerTime:2.5937766 AccTime:39.4673577
#IT 15 KerTime:2.6881616 AccTime:42.1555194
#IT 16 KerTime:2.5902162 AccTime:44.7457355
#IT 17 KerTime:2.6575532 AccTime:47.4032887
#ERR  p: [515, 1936], r: 4.8339587733551557e+34, e: 3.7609019486062581e+34
#ERR  p: [958, 1936], r: -6.3853987095972914e+34, e: -4.7204733437217549e+34
#SDC Ite:18 KerTime:2.6575532 AccTime:47.4032887 KerErr:2 AccErr:2
#IT 18 KerTime:2.5917565 AccTime:49.9950453
#IT 19 KerTime:2.6386281 AccTime:52.6336734
#ERR  p: [910, 1945], r: 5.3422762653503457e+34, e: 3.1200439111289632e+34
#SDC Ite:20 KerTime:2.6386281 AccTime:52.6336734 KerErr:1 AccErr:3
#IT 20 KerTime:2.5962779 AccTime:55.2299512
#IT 21 KerTime:2.7031184 AccTime:57.9330697
#IT 22 KerTime:2.5934153 AccTime:60.5264850
#IT 23 KerTime:2.6469829 AccTime:63.1734679
#ERR  p: [729, 1886], r: 7.0843693663387600e+33, e: -6.9121322927929065e+33
#SDC Ite:24 KerTime:2.6469829 AccTime:63.1734679 KerErr:1 AccErr:4
#IT 24 KerTime:2.6334306 AccTime:65.8068986
#IT 25 KerTime:2.7019459 AccTime:68.5088445
#ERR  p: [473, 1817], r: 1.7828985757393547e+34, e: -1.5412953890022038e+33
#SDC Ite:26 KerTime:2.7019459 AccTime:68.5088445 KerErr:1 AccErr:5
#IT 26 KerTime:2.6161840 AccTime:71.1250285
