#HEADER matrix_dim:2048 threads:4 block_size:16 block_offset:12 precision:Float
#BEGIN Y:2023 M:11 D:06 Time:12:14:48
#IT 0 KerTime:2.6344083 AccTime:2.6344083
#IT 1 KerTime:2.6302358 AccTime:5.2646441
#IT 2 KerTime:2.6368214 AccTime:7.9014655
#IT 3 KerTime:2.5895863 AccTime:10.4910518
#IT 4 KerTime:2.6239140 AccTime:13.1149657
#IT 5 KerTime:2.5925924 AccTime:15.7075581
#IT 6 KerTime:2.6162906 AccTime:18.3238487
#IT 7 KerTime:2.5881499 AccTime:20.9119986
#IT 8 KerTime:2.6281792 AccTime:23.5401778
#IT 9 KerTime:2.6546658 AccTime:26.1948437
#IT 10 KerTime:2.5905984 AccTime:28.7854420
#IT 11 KerTime:2.6329970 AccTime:31.4184390
#IT 12 KerTime:2.6096288 AccTime:34.0280678
#ERR  p: [873, 1533], r: -1.1913373996502199e+33, e: -4.0669601547078554e+33
#SDC Ite:13 KerTime:2.6096288 AccTime:34.0280678 KerErr:1 AccErr:1
#IT 13 KerTime:2.6980979 AccTime:36.7261657
#IT 14 KerTime:2.5871755 AccTime:39.3133412
#IT 15 KerTime:2.6597242 AccTime:41.9730654
#IT 16 KerTime:2.6351081 AccTime:44.6081735
#IT 17 KerTime:2.6704923 AccTime:47.2786658
#IT 18 KerTime:2.5883410 AccTime:49.8670068
#IT 19 KerTime:2.6548480 AccTime:52.5218548
#ERR  p: [1484, 1211], r: -5.0086147817377729e+34, e: -1.7536469191690686e+34
#ERR  p: [1485, 1211], r: -8.3939100748627501e+36, e: -1.3972020156914759e+34
#ERR  p: [1486, 1211], r: -inf, e: 4.0041554332097803e+34
#ERR  p: [1487, 1211], r: -inf, e: 5.3190346838767863e+34
#SDC Ite:20 KerTime:2.6548480 AccTime:52.5218548 KerErr:4 AccErr:5
#IT 20 KerTime:2.6284553 AccTime:55.1503101
#IT 21 KerTime:2.6318561 AccTime:57.7821662
#IT 22 KerTime:2.5886907 AccTime:60.3708569
#IT 23 KerTime:2.6554424 AccTime:63.0262993
#IT 24 KerTime:2.5847358 AccTime:65.6110351
#IT 25 KerTime:2.6601919 AccTime:68.2712270
#IT 26 KerTime:2.6224395 AccTime:70.8936665
#IT 27 KerTime:2.6268135 AccTime:73.5204800
#IT 28 KerTime:2.5855278 AccTime:76.1060077
#IT 29 KerTime:2.6107522 AccTime:78.7167599
#IT 30 KerTime:2.5879188 AccTime:81.3046787
#IT 31 KerTime:2.6247207 AccTime:83.9293994
#IT 32 KerTime:2.6877848 AccTime:86.6171842
#IT 33 KerTime:2.5853562 AccTime:89.2025404
#IT 34 KerTime:2.6518235 AccTime:91.8543639
#IT 35 KerTime:2.5884169 AccTime:94.4427809
#IT 36 KerTime:2.6695730 AccTime:97.1123539
