#HEADER matrix_dim:2048 threads:4 block_size:16 block_offset:12 precision:Float
#BEGIN Y:2023 M:11 D:02 Time:09:53:16
#IT 0 KerTime:194.2155319 AccTime:194.2155319
#IT 1 KerTime:2.6423524 AccTime:196.8578843
#IT 2 KerTime:2.6454359 AccTime:199.5033202
#IT 3 KerTime:2.5901401 AccTime:202.0934603
#IT 4 KerTime:2.6480795 AccTime:204.7415398
#IT 5 KerTime:2.5946102 AccTime:207.3361500
#IT 6 KerTime:2.6247781 AccTime:209.9609280
#IT 7 KerTime:2.5898731 AccTime:212.5508012
#IT 8 KerTime:2.6063856 AccTime:215.1571868
#IT 9 KerTime:2.6611079 AccTime:217.8182947
#IT 10 KerTime:2.5930674 AccTime:220.4113620
#IT 11 KerTime:2.7045036 AccTime:223.1158656
#IT 12 KerTime:2.5993897 AccTime:225.7152553
#IT 13 KerTime:2.6401315 AccTime:228.3553868
#IT 14 KerTime:2.5929939 AccTime:230.9483808
#IT 15 KerTime:2.7163908 AccTime:233.6647716
#IT 16 KerTime:2.5892726 AccTime:236.2540442
#IT 17 KerTime:2.6605737 AccTime:238.9146180
#IT 18 KerTime:2.5927820 AccTime:241.5074000
#IT 19 KerTime:2.6421196 AccTime:244.1495196
#IT 20 KerTime:2.5910324 AccTime:246.7405520
#IT 21 KerTime:2.6288040 AccTime:249.3693560
#IT 22 KerTime:2.5924952 AccTime:251.9618512
#IT 23 KerTime:2.5928092 AccTime:254.5546604
#IT 24 KerTime:2.5897503 AccTime:257.1444107
#IT 25 KerTime:2.5911305 AccTime:259.7355412
#IT 26 KerTime:2.6552635 AccTime:262.3908047
#IT 27 KerTime:2.5939078 AccTime:264.9847125
#IT 28 KerTime:2.6471088 AccTime:267.6318213
#IT 29 KerTime:2.5897087 AccTime:270.2215300
#IT 30 KerTime:2.6389939 AccTime:272.8605239
#IT 31 KerTime:2.5934599 AccTime:275.4539838
#IT 32 KerTime:2.6760136 AccTime:278.1299974
#IT 33 KerTime:2.5901498 AccTime:280.7201472
#IT 34 KerTime:2.6577964 AccTime:283.3779436
#IT 35 KerTime:2.5921106 AccTime:285.9700542
#IT 36 KerTime:2.6168848 AccTime:288.5869390
#IT 37 KerTime:2.5910853 AccTime:291.1780244
#IT 38 KerTime:2.5899058 AccTime:293.7679302
#ERR  p: [185, 259], r: 3.2362916801660254e+34, e: -2.0732826659305420e+34
#SDC Ite:39 KerTime:2.5899058 AccTime:293.7679302 KerErr:1 AccErr:1
#IT 39 KerTime:2.6024161 AccTime:296.3703462
#IT 40 KerTime:2.6186619 AccTime:298.9890081
#IT 41 KerTime:2.5932502 AccTime:301.5822583
#IT 42 KerTime:2.5889158 AccTime:304.1711741
#IT 43 KerTime:2.6529554 AccTime:306.8241296
#IT 44 KerTime:2.5919397 AccTime:309.4160692
