#HEADER matrix_dim:2048 threads:4 block_size:16 block_offset:12 precision:Float
#BEGIN Y:2023 M:11 D:04 Time:21:05:12
#IT 0 KerTime:2.6921066 AccTime:2.6921066
#IT 1 KerTime:2.6522325 AccTime:5.3443391
#IT 2 KerTime:2.6242307 AccTime:7.9685699
#ERR  p: [1560, 1362], r: -7.6972026696187046e+34, e: -6.2371603416530243e+34
#SDC Ite:3 KerTime:2.6242307 AccTime:7.9685699 KerErr:1 AccErr:1
#IT 3 KerTime:2.5911021 AccTime:10.5596719
#IT 4 KerTime:2.6252938 AccTime:13.1849657
#IT 5 KerTime:2.5931900 AccTime:15.7781557
#IT 6 KerTime:2.6258408 AccTime:18.4039964
#IT 7 KerTime:2.5918789 AccTime:20.9958753
#IT 8 KerTime:2.6296712 AccTime:23.6255465
#IT 9 KerTime:2.6307224 AccTime:26.2562690
#IT 10 KerTime:2.6527774 AccTime:28.9090464
#IT 11 KerTime:2.6180421 AccTime:31.5270885
#IT 12 KerTime:2.6117178 AccTime:34.1388063
#IT 13 KerTime:2.5954336 AccTime:36.7342400
#ERR  p: [1710, 1393], r: -5.4807294600480855e+34, e: -6.3545051731529012e+34
#SDC Ite:14 KerTime:2.5954336 AccTime:36.7342400 KerErr:1 AccErr:2
#IT 14 KerTime:2.6474690 AccTime:39.3817089
#IT 15 KerTime:2.5907020 AccTime:41.9724109
#IT 16 KerTime:2.6217397 AccTime:44.5941506
#IT 17 KerTime:2.5944134 AccTime:47.1885640
#IT 18 KerTime:2.5925814 AccTime:49.7811454
#IT 19 KerTime:2.6391739 AccTime:52.4203193
#IT 20 KerTime:2.5930659 AccTime:55.0133851
#IT 21 KerTime:2.6246701 AccTime:57.6380552
#IT 22 KerTime:2.5926328 AccTime:60.2306880
#IT 23 KerTime:2.6807196 AccTime:62.9114076
#IT 24 KerTime:2.5897859 AccTime:65.5011935
