#HEADER matrix_dim:2048 threads:4 block_size:16 block_offset:12 precision:Float
#BEGIN Y:2023 M:11 D:06 Time:01:39:14
#IT 0 KerTime:2.6554072 AccTime:2.6554072
#IT 1 KerTime:2.6828168 AccTime:5.3382240
#IT 2 KerTime:2.6612449 AccTime:7.9994689
#ERR  p: [1351, 946], r: 1.2060129467021907e+34, e: 1.0719794455327076e+34
#ERR  p: [1352, 946], r: 8.3512400643422396e+33, e: 9.2848195465988966e+33
#SDC Ite:3 KerTime:2.6612449 AccTime:7.9994689 KerErr:2 AccErr:2
#IT 3 KerTime:2.6144350 AccTime:10.6139039
#IT 4 KerTime:2.7073705 AccTime:13.3212744
#IT 5 KerTime:2.6195178 AccTime:15.9407922
#IT 6 KerTime:2.6549181 AccTime:18.5957103
#IT 7 KerTime:2.6251245 AccTime:21.2208348
#IT 8 KerTime:2.7077403 AccTime:23.9285751
#IT 9 KerTime:2.6033350 AccTime:26.5319101
#IT 10 KerTime:2.6691460 AccTime:29.2010561
#IT 11 KerTime:2.6008864 AccTime:31.8019425
#IT 12 KerTime:2.6443018 AccTime:34.4462443
#IT 13 KerTime:2.6105956 AccTime:37.0568399
#IT 14 KerTime:2.6025211 AccTime:39.6593611
#IT 15 KerTime:2.6155076 AccTime:42.2748687
#IT 16 KerTime:2.6013530 AccTime:44.8762216
#IT 17 KerTime:2.7555801 AccTime:47.6318018
#IT 18 KerTime:2.6035917 AccTime:50.2353934
#IT 19 KerTime:2.7450713 AccTime:52.9804647
#IT 20 KerTime:2.6003307 AccTime:55.5807954
#IT 21 KerTime:2.7034105 AccTime:58.2842059
#IT 22 KerTime:2.6037114 AccTime:60.8879173
#IT 23 KerTime:2.6497582 AccTime:63.5376755
#IT 24 KerTime:2.5998765 AccTime:66.1375520
#IT 25 KerTime:2.6655311 AccTime:68.8030831
#IT 26 KerTime:2.6033683 AccTime:71.4064514
#IT 27 KerTime:2.6901538 AccTime:74.0966052
#IT 28 KerTime:2.6011073 AccTime:76.6977125
#IT 29 KerTime:2.6239779 AccTime:79.3216904
#IT 30 KerTime:2.6234807 AccTime:81.9451711
#IT 31 KerTime:2.6031272 AccTime:84.5482983
