#HEADER matrix_dim:2048 threads:4 block_size:16 block_offset:12 precision:Float
#BEGIN Y:2023 M:11 D:02 Time:19:06:58
#IT 0 KerTime:2.6434392 AccTime:2.6434392
#IT 1 KerTime:2.6298514 AccTime:5.2732906
#IT 2 KerTime:2.6677600 AccTime:7.9410506
#IT 3 KerTime:2.6171361 AccTime:10.5581866
#IT 4 KerTime:2.6325085 AccTime:13.1906951
#IT 5 KerTime:2.5944325 AccTime:15.7851276
#IT 6 KerTime:2.6348956 AccTime:18.4200232
#IT 7 KerTime:2.6179419 AccTime:21.0379651
#IT 8 KerTime:2.6128355 AccTime:23.6508006
#IT 9 KerTime:2.6325450 AccTime:26.2833456
#IT 10 KerTime:2.5936663 AccTime:28.8770118
#IT 11 KerTime:2.7601786 AccTime:31.6371905
#IT 12 KerTime:2.5932365 AccTime:34.2304269
#IT 13 KerTime:2.6604908 AccTime:36.8909178
#IT 14 KerTime:2.5960025 AccTime:39.4869202
#IT 15 KerTime:2.6419630 AccTime:42.1288832
#IT 16 KerTime:2.5968056 AccTime:44.7256888
#IT 17 KerTime:2.6307860 AccTime:47.3564748
#IT 18 KerTime:2.5933963 AccTime:49.9498711
#IT 19 KerTime:2.6469835 AccTime:52.5968547
#IT 20 KerTime:2.6125019 AccTime:55.2093566
#IT 21 KerTime:2.6257915 AccTime:57.8351480
#IT 22 KerTime:2.5933925 AccTime:60.4285405
#ERR  p: [1959, 796], r: -9.6012902520619291e+33, e: -7.9832339150437567e+33
#SDC Ite:23 KerTime:2.5933925 AccTime:60.4285405 KerErr:1 AccErr:1
#IT 23 KerTime:2.6289697 AccTime:63.0575103
#IT 24 KerTime:2.5922371 AccTime:65.6497474
#IT 25 KerTime:2.6224060 AccTime:68.2721533
#IT 26 KerTime:2.6132196 AccTime:70.8853729
#IT 27 KerTime:2.5904634 AccTime:73.4758364
