#HEADER matrix_dim:2048 threads:4 block_size:16 block_offset:12 precision:Float
#BEGIN Y:2023 M:11 D:10 Time:15:40:08
#IT 0 KerTime:2.6881481 AccTime:2.6881481
#IT 1 KerTime:2.6539904 AccTime:5.3421385
#IT 2 KerTime:2.6800687 AccTime:8.0222072
#IT 3 KerTime:2.5876755 AccTime:10.6098828
#IT 4 KerTime:2.6382952 AccTime:13.2481780
#IT 5 KerTime:2.5901492 AccTime:15.8383272
#IT 6 KerTime:2.6392282 AccTime:18.4775554
#ERR  p: [1344, 1008], r: 3.2664644879195437e+34, e: 3.3840296727464134e+34
#ERR  p: [1345, 1008], r: -1.2704419074288101e+34, e: -1.3541354434587807e+34
#ERR  p: [1346, 1008], r: 3.0358169467360645e+34, e: 3.0230527945790008e+34
#ERR  p: [1347, 1008], r: -7.8706680272715371e+30, e: 1.2717847009894229e+33
#ERR  p: [1348, 1008], r: 2.5838363728126971e+34, e: 2.4085715455187594e+34
#ERR  p: [1349, 1008], r: 6.9366693475690771e+32, e: -2.7330068012867927e+32
#ERR  p: [1350, 1008], r: 2.7503583723731858e+34, e: 2.7457049557655120e+34
#ERR  p: [1351, 1008], r: 1.2004326843871040e+34, e: 1.0860707932058891e+34
#ERR  p: [1352, 1008], r: -3.2796513347030214e+33, e: -3.1171345663456366e+33
#ERR  p: [1353, 1008], r: 1.7063183669691218e+34, e: 1.8303307435205897e+34
#ERR  p: [1354, 1008], r: 9.4555531419670381e+33, e: 8.5214951958851972e+33
#ERR  p: [1355, 1008], r: -4.3752722163419775e+33, e: -4.9186734242265309e+33
#ERR  p: [1356, 1008], r: -2.5750286770211895e+34, e: -2.6337065397073008e+34
#ERR  p: [1357, 1008], r: 4.9420512410014137e+34, e: 4.8699555938174960e+34
#ERR  p: [1358, 1008], r: -8.1909590156958043e+33, e: -8.5824996430811415e+33
#ERR  p: [1359, 1008], r: 1.0849332501037898e+34, e: 1.2106074373639944e+34
#ERR  p: [1344, 1009], r: 3.9910788249868010e+34, e: 4.1148351955381448e+34
#ERR  p: [1345, 1009], r: 1.4238603116734630e+34, e: 1.3357593377216246e+34
#ERR  p: [1346, 1009], r: 1.9780356831019288e+33, e: 1.8436721471179722e+33
#ERR  p: [1347, 1009], r: -2.6946372056769037e+34, e: -2.5599324934181200e+34
#ERR  p: [1348, 1009], r: -3.9153191228746065e+34, e: -4.0998135359254403e+34
#ERR  p: [1349, 1009], r: -4.3093491238849426e+33, e: -5.3272391314871501e+33
#ERR  p: [1350, 1009], r: -9.0392389358867743e+31, e: -1.3937520083331167e+32
#ERR  p: [1351, 1009], r: -5.0203905625674712e+34, e: -5.1407752796278172e+34
#ERR  p: [1352, 1009], r: -5.3497058862901209e+33, e: -5.1786324763811956e+33
#ERR  p: [1353, 1009], r: -2.0925871029031583e+34, e: -1.9620442212624481e+34
#ERR  p: [1354, 1009], r: 6.0575067693318120e+33, e: 5.0742515386637211e+33
#ERR  p: [1355, 1009], r: 1.2999811374702221e+34, e: 1.2427793944869547e+34
#ERR  p: [1356, 1009], r: 6.4679544549371549e+34, e: 6.4061861987369715e+34
#ERR  p: [1357, 1009], r: 3.1341252314878265e+34, e: 3.0582333173794363e+34
#ERR  p: [1358, 1009], r: -9.7470125068763487e+33, e: -1.0159174739436102e+34
#ERR  p: [1359, 1009], r: 3.6748255017946671e+34, e: 3.8071177165048914e+34
#ERR  p: [1344, 1010], r: -8.4233339784101023e+32, e: -2.3123341178132149e+33
#ERR  p: [1345, 1010], r: -1.0999786781652486e+34, e: -9.9533133575131984e+33
#ERR  p: [1346, 1010], r: 9.1274724158455677e+33, e: 9.2870701215903175e+33
#ERR  p: [1347, 1010], r: 3.0965380294570163e+33, e: 1.4964940294954560e+33
#ERR  p: [1348, 1010], r: 3.3443452764950498e+34, e: 3.5634903740095050e+34
#ERR  p: [1349, 1010], r: -1.4330106073708428e+33, e: -2.2394799538187261e+32
#ERR  p: [1350, 1010], r: 6.6845190664397197e+33, e: 6.7427022482861325e+33
#ERR  p: [1351, 1010], r: -1.9616896752351968e+34, e: -1.8186953450913464e+34
#ERR  p: [1352, 1010], r: -6.8669462434189508e+32, e: -8.8989629209039382e+32
#ERR  p: [1353, 1010], r: -2.1765281031469820e+34, e: -2.3315892538237666e+34
#ERR  p: [1354, 1010], r: 1.8477457435597457e+33, e: 3.0156671205106203e+33
#ERR  p: [1355, 1010], r: 2.1432421237826689e+34, e: 2.2111872056028705e+34
#ERR  p: [1356, 1010], r: 6.4938509226189657e+33, e: 7.2275389887921731e+33
#ERR  p: [1357, 1010], r: -2.0002783707577889e+34, e: -1.9101330626250746e+34
#ERR  p: [1358, 1010], r: 8.0304724690028476e+33, e: 8.5200480439792726e+33
#ERR  p: [1359, 1010], r: 4.4852335401685427e+34, e: 4.3280943833418137e+34
#ERR  p: [1344, 1011], r: 2.2066791231558089e+34, e: 2.1509663744517939e+34
#ERR  p: [1345, 1011], r: 3.3626977375774556e+34, e: 3.4023588605560806e+34
#ERR  p: [1346, 1011], r: -8.0121627168517972e+33, e: -7.9516769665323135e+33
#ERR  p: [1347, 1011], r: -1.2952752322048827e+34, e: -1.3559162202052927e+34
#ERR  p: [1348, 1011], r: 2.9440504323279021e+33, e: 3.7746054496651316e+33
#ERR  p: [1349, 1011], r: -2.2508915945858686e+33, e: -1.7926600424341297e+33
#ERR  p: [1350, 1011], r: 5.7230611744983559e+33, e: 5.7451126004181463e+33
#ERR  p: [1351, 1011], r: 5.9886597243989870e+34, e: 6.0428547586148381e+34
#ERR  p: [1352, 1011], r: -5.7547821500650044e+33, e: -5.8317974947590462e+33
#ERR  p: [1353, 1011], r: -1.1655640296310654e+33, e: -1.7532390798231261e+33
#ERR  p: [1354, 1011], r: 1.2721897549702771e+34, e: 1.3164539103969769e+34
#ERR  p: [1355, 1011], r: 6.7043618835354211e+34, e: 6.7301130170566199e+34
#ERR  p: [1356, 1011], r: -1.5596566394588885e+34, e: -1.5318500302964603e+34
#ERR  p: [1357, 1011], r: -1.8412077798817668e+34, e: -1.8070432344715728e+34
#ERR  p: [1358, 1011], r: 1.7498006394670090e+34, e: 1.7683553799518339e+34
#ERR  p: [1359, 1011], r: 6.7761612916679378e+33, e: 6.1806130975685270e+33
#ERR  p: [1344, 1012], r: 1.1159664261846114e+34, e: 1.2746442186861682e+34
#ERR  p: [1345, 1012], r: -1.7111761984257825e+33, e: -2.8407839501307942e+33
#ERR  p: [1346, 1012], r: 1.2205916249460874e+33, e: 1.0483149373189768e+33
#ERR  p: [1347, 1012], r: 9.4177201469414277e+32, e: 2.6689244482969227e+33
#ERR  p: [1348, 1012], r: 3.8698684019202516e+34, e: 3.6333139060453183e+34
#ERR  p: [1349, 1012], r: 1.5706070856643952e+34, e: 1.4400957714946868e+34
#ERR  p: [1350, 1012], r: 3.0243006381386004e+34, e: 3.0180198255552821e+34
#ERR  p: [1351, 1012], r: -1.2389349716949539e+34, e: -1.3932898775793262e+34
#ERR  p: [1352, 1012], r: 4.9398675147721143e+34, e: 4.9618018315641884e+34
#ERR  p: [1353, 1012], r: 1.8274871643018502e+33, e: 3.5012819063313517e+33
#ERR  p: [1354, 1012], r: 5.8099789253606453e+34, e: 5.6839090924638850e+34
#ERR  p: [1355, 1012], r: 2.2842088319361737e+34, e: 2.2108653411926563e+34
#ERR  p: [1356, 1012], r: -2.1958538326882740e+34, e: -2.2750507991135483e+34
#ERR  p: [1357, 1012], r: -1.1031830859569388e+34, e: -1.2004897534229150e+34
#ERR  p: [1358, 1012], r: -1.6740967684505862e+34, e: -1.7269434383756476e+34
#ERR  p: [1359, 1012], r: -1.6823790824894211e+34, e: -1.5127572810705618e+34
#ERR  p: [1344, 1013], r: -3.5351752190789383e+34, e: -3.5759819317699180e+34
#ERR  p: [1345, 1013], r: 2.1425414497204333e+34, e: 2.1715914458583198e+34
#ERR  p: [1346, 1013], r: 3.9322045012164551e+33, e: 3.9765078993424003e+33
#ERR  p: [1347, 1013], r: 6.2433896559307083e+34, e: 6.1989723673211489e+34
#ERR  p: [1348, 1013], r: -3.2235040071482153e+34, e: -3.1626691577376531e+34
#ERR  p: [1349, 1013], r: 5.7504976395890377e+32, e: 9.1068501917011322e+32
#ERR  p: [1350, 1013], r: -4.4980536472153821e+34, e: -4.4964383830521225e+34
#ERR  p: [1351, 1013], r: 2.2448678402517079e+34, e: 2.2845628827874093e+34
#ERR  p: [1352, 1013], r: -2.1554051322566556e+34, e: -2.1610461774276712e+34
#ERR  p: [1353, 1013], r: 1.0615853295808557e+34, e: 1.0185406688868559e+34
#ERR  p: [1354, 1013], r: 2.1842350226555571e+34, e: 2.2166561771084255e+34
#ERR  p: [1355, 1013], r: 1.7614193876027239e+33, e: 1.9500344078683230e+33
#ERR  p: [1356, 1013], r: 1.9938878766869899e+34, e: 2.0142549613893287e+34
#ERR  p: [1357, 1013], r: 3.7713957187312724e+34, e: 3.7964204290374185e+34
#ERR  p: [1358, 1013], r: 3.1279386880384998e+33, e: 3.2638453162814256e+33
#ERR  p: [1359, 1013], r: 1.5726170051121789e+34, e: 1.5289954643598721e+34
#ERR  p: [1344, 1014], r: 1.6131737777092269e+34, e: 1.5791507288455232e+34
#ERR  p: [1345, 1014], r: -1.4396142128194048e+34, e: -1.4153936683627785e+34
#ERR  p: [1346, 1014], r: 3.1922616192007544e+34, e: 3.1959556322779820e+34
#ERR  p: [1347, 1014], r: -1.7908052987702704e+34, e: -1.8278380274574847e+34
#ERR  p: [1348, 1014], r: -4.5111743261037600e+34, e: -4.4604534468141594e+34
#ERR  p: [1349, 1014], r: 1.4648358793858012e+32, e: 4.2632240969911890e+32
#ERR  p: [1350, 1014], r: -1.9026578854918538e+34, e: -1.9013115019051270e+34
#ERR  p: [1351, 1014], r: -2.0534110048319253e+34, e: -2.0203146778816306e+34
#ERR  p: [1352, 1014], r: 4.0902053881045307e+34, e: 4.0855012159552463e+34
#ERR  p: [1353, 1014], r: -1.1968748447141978e+34, e: -1.2327633454231006e+34
#ERR  p: [1354, 1014], r: -1.1970263685750063e+34, e: -1.1699949574651786e+34
#ERR  p: [1355, 1014], r: 8.6750802268591379e+33, e: 8.8323382259296384e+33
#ERR  p: [1356, 1014], r: 2.4504555136319253e+34, e: 2.4674365847388107e+34
#ERR  p: [1357, 1014], r: -3.7332203713877977e+34, e: -3.7123561299656819e+34
#ERR  p: [1358, 1014], r: 1.7797309347668312e+34, e: 1.7910620475344182e+34
#ERR  p: [1359, 1014], r: 1.1851326120595642e+34, e: 1.1487629240573911e+34
#ERR  p: [1344, 1015], r: -3.3467699058559941e+34, e: -3.4724143825552560e+34
#ERR  p: [1345, 1015], r: 1.0699164184572385e+34, e: 1.1593613001157250e+34
#ERR  p: [1346, 1015], r: 3.2759419092723047e+34, e: 3.2895830181531981e+34
#ERR  p: [1347, 1015], r: 2.1270785882777275e+34, e: 1.9903190193477341e+34
#ERR  p: [1348, 1015], r: -2.0538478738717891e+34, e: -1.8665383851716203e+34
#ERR  p: [1349, 1015], r: -1.3515324269381753e+34, e: -1.2481910493686907e+34
#ERR  p: [1350, 1015], r: 2.5540181110864302e+34, e: 2.5589911638122474e+34
#ERR  p: [1351, 1015], r: 5.1897318467734283e+33, e: 6.4119376681594914e+33
#ERR  p: [1352, 1015], r: 2.8862903783869170e+34, e: 2.8689220796357431e+34
#ERR  p: [1353, 1015], r: 1.3436718790707250e+34, e: 1.2111373994948125e+34
#ERR  p: [1354, 1015], r: 1.6605681883192637e+34, e: 1.7603934447951661e+34
#ERR  p: [1355, 1015], r: -2.1707454376354722e+34, e: -2.1126711945125164e+34
#ERR  p: [1356, 1015], r: 2.7229402287950853e+34, e: 2.7856503097771570e+34
#ERR  p: [1357, 1015], r: -3.5342091306722800e+34, e: -3.4571597426271579e+34
#ERR  p: [1358, 1015], r: -5.9269560886688544e+33, e: -5.5085075965896102e+33
#ERR  p: [1359, 1015], r: 2.9270875589395942e+33, e: 1.5839823469218521e+33
#ERR  p: [1344, 1016], r: -1.8492717212976718e+34, e: -1.6999177217900006e+34
#ERR  p: [1345, 1016], r: 9.6457935775042189e+33, e: 8.5825627780231450e+33
#ERR  p: [1346, 1016], r: 3.2925107463461081e+34, e: 3.2762952173595167e+34
#ERR  p: [1347, 1016], r: 3.2950537227748081e+34, e: 3.4576200087337642e+34
#ERR  p: [1348, 1016], r: -2.0730759299439814e+34, e: -2.2957310826458263e+34
#ERR  p: [1349, 1016], r: 1.6567280983174005e+34, e: 1.5338858226910651e+34
#ERR  p: [1350, 1016], r: -1.0383796483684355e+34, e: -1.0442910596440311e+34
#ERR  p: [1351, 1016], r: 1.5128850364826161e+34, e: 1.3676008886480996e+34
#ERR  p: [1352, 1016], r: 4.9780605027611488e+33, e: 5.1845191907530074e+33
#ERR  p: [1353, 1016], r: -1.7989721130034400e+34, e: -1.6414281497838646e+34
#ERR  p: [1354, 1016], r: 7.0959496764362551e+32, e: -4.7703125775896270e+32
#ERR  p: [1355, 1016], r: 9.1049338605203184e+33, e: 8.4146015493729832e+33
#ERR  p: [1356, 1016], r: -2.8163435475231908e+34, e: -2.8908878401048150e+34
#ERR  p: [1357, 1016], r: 3.4223800648114430e+34, e: 3.3307905758288985e+34
#ERR  p: [1358, 1016], r: -9.0059370335187058e+33, e: -9.5033537207039645e+33
#ERR  p: [1359, 1016], r: -8.7693047950093054e+33, e: -7.1727595230837754e+33
#ERR  p: [1344, 1017], r: -2.7311190510466360e+34, e: -2.5709209443828328e+34
#ERR  p: [1345, 1017], r: -2.6044092031495652e+34, e: -2.7184531913286915e+34
#ERR  p: [1346, 1017], r: -1.9616285209972561e+34, e: -1.9790213309612078e+34
#ERR  p: [1347, 1017], r: -2.5943445030421672e+34, e: -2.4199737160446013e+34
#ERR  p: [1348, 1017], r: -8.6461673944776043e+34, e: -8.8849888061524770e+34
#ERR  p: [1349, 1017], r: -1.5977553583139314e+34, e: -1.7295172395113259e+34
#ERR  p: [1350, 1017], r: -8.0714965639647258e+33, e: -8.1349088045370801e+33
#ERR  p: [1351, 1017], r: -1.5547957441006305e+33, e: -3.1131323061986270e+33
#ERR  p: [1352, 1017], r: 7.3795184115351607e+33, e: 7.6009685534027652e+33
#ERR  p: [1353, 1017], r: 1.3645392153429390e+34, e: 1.5335224872895348e+34
#ERR  p: [1354, 1017], r: -3.1200817920941653e+34, e: -3.2473608448212995e+34
#ERR  p: [1355, 1017], r: -1.8290024338584365e+34, e: -1.9030475890162208e+34
#ERR  p: [1356, 1017], r: -1.9673325773162713e+34, e: -2.0472891437496512e+34
#ERR  p: [1357, 1017], r: -4.7406492904820281e+33, e: -5.7230463192178844e+33
#ERR  p: [1358, 1017], r: 2.3647947670855262e+33, e: 1.8312661310142738e+33
#ERR  p: [1359, 1017], r: -1.3619324231052138e+33, e: 3.5055003417577216e+32
#ERR  p: [1344, 1018], r: -6.1176186617594315e+33, e: -5.5234773865146686e+33
#ERR  p: [1345, 1018], r: 2.8362902277881883e+34, e: 2.7939940256419404e+34
#ERR  p: [1346, 1018], r: 4.7246100441570310e+34, e: 4.7181598813763384e+34
#ERR  p: [1347, 1018], r: 4.1200055759062241e+33, e: 4.7667104041890639e+33
#ERR  p: [1348, 1018], r: 1.4517483772904762e+34, e: 1.3631742626556229e+34
#ERR  p: [1349, 1018], r: -4.2449919636806018e+34, e: -4.2938593991433843e+34
#ERR  p: [1350, 1018], r: 6.8139562200373401e+33, e: 6.7904378351709964e+33
#ERR  p: [1351, 1018], r: 1.4514939806124030e+34, e: 1.3936983977922904e+34
#ERR  p: [1352, 1018], r: -1.3168463373894304e+34, e: -1.3086331004047876e+34
#ERR  p: [1353, 1018], r: -1.5782426998267074e+34, e: -1.5155704998098379e+34
#ERR  p: [1354, 1018], r: -4.7287571432886370e+34, e: -4.7759607873386200e+34
#ERR  p: [1355, 1018], r: -3.0848017389145713e+34, e: -3.1122637055700624e+34
#ERR  p: [1356, 1018], r: 3.1925386701815465e+34, e: 3.1628845593044888e+34
#ERR  p: [1357, 1018], r: -5.2564583004189575e+34, e: -5.2928933516552048e+34
#ERR  p: [1358, 1018], r: -8.7237857397647819e+33, e: -8.9216611704942553e+33
#ERR  p: [1359, 1018], r: -3.3013684549152028e+34, e: -3.2378561887876742e+34
#ERR  p: [1344, 1019], r: -2.6159866659849699e+34, e: -2.7867491053560267e+34
#ERR  p: [1345, 1019], r: -1.3464365705604610e+34, e: -1.2248720966426759e+34
#ERR  p: [1346, 1019], r: -3.5155442135239586e+34, e: -3.4970043283196050e+34
#ERR  p: [1347, 1019], r: 8.1402245190657715e+33, e: 6.2815268747209730e+33
#ERR  p: [1348, 1019], r: 1.5853577602025001e+34, e: 1.8399288640271811e+34
#ERR  p: [1349, 1019], r: -3.0670449745790696e+34, e: -2.9265942398339389e+34
#ERR  p: [1350, 1019], r: -4.2759637379354749e+34, e: -4.2692045853209767e+34
#ERR  p: [1351, 1019], r: -4.0329679924481319e+34, e: -3.8668579793327174e+34
#ERR  p: [1352, 1019], r: 6.3603839028114596e+34, e: 6.3367778717903345e+34
#ERR  p: [1353, 1019], r: -2.9353437524436002e+34, e: -3.1154709606238430e+34
#ERR  p: [1354, 1019], r: 5.3274972419853411e+33, e: 6.6842176280401537e+33
#ERR  p: [1355, 1019], r: 3.4616207833527267e+34, e: 3.5405503547295154e+34
#ERR  p: [1356, 1019], r: 1.9297495842815947e+34, e: 2.0149790325183067e+34
#ERR  p: [1357, 1019], r: -2.6812079083367319e+33, e: -1.6340294773450716e+33
#ERR  p: [1358, 1019], r: -2.2175437801165931e+34, e: -2.1606715767717835e+34
#ERR  p: [1359, 1019], r: 7.2110093944176151e+33, e: 5.3855950059690433e+33
#ERR  p: [1344, 1020], r: -3.3896288755441012e+34, e: -3.4552956525160020e+34
#ERR  p: [1345, 1020], r: -5.3357800512001918e+34, e: -5.2890329594366972e+34
#ERR  p: [1346, 1020], r: 5.6307390726005622e+34, e: 5.6378696072268460e+34
#ERR  p: [1347, 1020], r: 1.9489548622570641e+34, e: 1.8774786802688049e+34
#ERR  p: [1348, 1020], r: 3.1421584719907572e+34, e: 3.2400542751214294e+34
#ERR  p: [1349, 1020], r: 5.1188449242438689e+34, e: 5.1728547626298429e+34
#ERR  p: [1350, 1020], r: -4.1413654885200698e+34, e: -4.1387663096135862e+34
#ERR  p: [1351, 1020], r: -1.2215904413925343e+34, e: -1.1577128591594126e+34
#ERR  p: [1352, 1020], r: 1.5795276815874856e+34, e: 1.5704503624554216e+34
#ERR  p: [1353, 1020], r: -1.6600735074795653e+34, e: -1.7293409568497316e+34
#ERR  p: [1354, 1020], r: -4.7442056446268871e+34, e: -4.6920329092592126e+34
#ERR  p: [1355, 1020], r: -4.4486668959061193e+33, e: -4.1451462811940512e+33
#ERR  p: [1356, 1020], r: 1.7739492596073528e+34, e: 1.8067239697354411e+34
#ERR  p: [1357, 1020], r: -1.5276888186484064e+34, e: -1.4874193719344765e+34
#ERR  p: [1358, 1020], r: -3.1942501841828605e+33, e: -2.9755510545675579e+33
#ERR  p: [1359, 1020], r: -1.3653832428617237e+34, e: -1.4355791472613541e+34
#ERR  p: [1344, 1021], r: -8.8976042817108225e+32, e: -8.2288443136880744e+32
#ERR  p: [1345, 1021], r: 3.0903905430159290e+34, e: 3.0856299208008532e+34
#ERR  p: [1346, 1021], r: -2.5072940450076664e+34, e: -2.5080202206347112e+34
#ERR  p: [1347, 1021], r: 4.0450339464230386e+34, e: 4.0523130338540366e+34
#ERR  p: [1348, 1021], r: -4.8055336893491006e+34, e: -4.8155035632494893e+34
#ERR  p: [1349, 1021], r: 3.2044483342264934e+33, e: 3.1494441824009654e+33
#ERR  p: [1350, 1021], r: -2.8200950010182412e+34, e: -2.8203599201866483e+34
#ERR  p: [1351, 1021], r: -3.0492013068528101e+34, e: -3.0557069293472627e+34
#ERR  p: [1352, 1021], r: -5.6142066309639138e+34, e: -5.6132821373425755e+34
#ERR  p: [1353, 1021], r: 4.8720412751956840e+34, e: 4.8790955527155478e+34
#ERR  p: [1354, 1021], r: -5.1537206662066323e+34, e: -5.1590339048552452e+34
#ERR  p: [1355, 1021], r: 1.5330245878057342e+34, e: 1.5299336991156465e+34
#ERR  p: [1356, 1021], r: -5.2982348153367133e+34, e: -5.3015723016826267e+34
#ERR  p: [1357, 1021], r: -2.0951753879372961e+34, e: -2.0992764356994407e+34
#ERR  p: [1358, 1021], r: -1.4112137638201314e+34, e: -1.4134410655388136e+34
#ERR  p: [1359, 1021], r: 1.3462134937653818e+34, e: 1.3533623499042470e+34
#ERR  p: [1344, 1022], r: 9.6871599628869595e+33, e: 1.1361645320715877e+34
#ERR  p: [1345, 1022], r: -6.9626130117148857e+33, e: -8.1546607568338980e+33
#ERR  p: [1346, 1022], r: -6.1271613225522629e+33, e: -6.3089602449615567e+33
#ERR  p: [1347, 1022], r: 2.6849560193936763e+34, e: 2.8672179313776628e+34
#ERR  p: [1348, 1022], r: -1.7429955592770533e+34, e: -1.9926262919929542e+34
#ERR  p: [1349, 1022], r: 7.9846990170802510e+33, e: 6.6074449195938119e+33
#ERR  p: [1350, 1022], r: -3.3636588742239567e+34, e: -3.3702868051942907e+34
#ERR  p: [1351, 1022], r: 2.3760624973231018e+34, e: 2.2131760800699864e+34
#ERR  p: [1352, 1022], r: -2.3786631617576325e+34, e: -2.3555161589030745e+34
#ERR  p: [1353, 1022], r: -4.7091570862346394e+34, e: -4.5325268110773699e+34
#ERR  p: [1354, 1022], r: -1.8803270565051966e+34, e: -2.0133661204411218e+34
#ERR  p: [1355, 1022], r: 4.2122558772817392e+34, e: 4.1348588756735858e+34
#ERR  p: [1356, 1022], r: -2.3720008160542064e+34, e: -2.4555766239864410e+34
#ERR  p: [1357, 1022], r: 1.5402697556796558e+34, e: 1.4375841149489807e+34
#ERR  p: [1358, 1022], r: 5.0530370221074895e+34, e: 4.9972693088657302e+34
#ERR  p: [1359, 1022], r: -1.3835545933163821e+34, e: -1.2045567578339793e+34
#ERR  p: [1344, 1023], r: -2.4197612855338600e+34, e: -2.5972187522253800e+34
#ERR  p: [1345, 1023], r: -1.4118155264732280e+34, e: -1.2854857261682178e+34
#ERR  p: [1346, 1023], r: 1.2424881071957108e+34, e: 1.2617547869971288e+34
#ERR  p: [1347, 1023], r: 2.4625098309704627e+34, e: 2.2693535514647491e+34
#ERR  p: [1348, 1023], r: -2.1079588519589727e+34, e: -1.8434072279495651e+34
#ERR  p: [1349, 1023], r: 8.0500888668653637e+32, e: 2.2645869252404827e+33
#ERR  p: [1350, 1023], r: -1.2436157467774959e+34, e: -1.2365916749945906e+34
#ERR  p: [1351, 1023], r: 2.6377607933359604e+34, e: 2.8103831138220396e+34
#ERR  p: [1352, 1023], r: 7.7157153201421939e+34, e: 7.6911852906757463e+34
#ERR  p: [1353, 1023], r: -3.0620328029480110e+34, e: -3.2492214687003455e+34
#ERR  p: [1354, 1023], r: -7.3439783909473167e+33, e: -5.9340686731645686e+33
#ERR  p: [1355, 1023], r: -3.2661067232481902e+34, e: -3.1840832921252195e+34
#ERR  p: [1356, 1023], r: -2.8806206130069899e+34, e: -2.7920499646042467e+34
#ERR  p: [1357, 1023], r: 9.6255538768319226e+33, e: 1.0713787970256463e+34
#ERR  p: [1358, 1023], r: 4.8730420259234423e+33, e: 5.4640544077189114e+33
#ERR  p: [1359, 1023], r: 2.7409562177748133e+34, e: 2.5512587427388631e+34
#SDC Ite:7 KerTime:2.6392282 AccTime:18.4775554 KerErr:256 AccErr:256
#IT 7 KerTime:2.5851872 AccTime:21.0627426
#IT 8 KerTime:2.6495482 AccTime:23.7122908
#IT 9 KerTime:2.5880062 AccTime:26.3002970
#IT 10 KerTime:2.6279699 AccTime:28.9282669
