#HEADER matrix_dim:2048 threads:4 block_size:16 block_offset:12 precision:Float
#BEGIN Y:2023 M:11 D:03 Time:02:19:44
#IT 0 KerTime:2.7172251 AccTime:2.7172251
#IT 1 KerTime:2.6567026 AccTime:5.3739277
#IT 2 KerTime:2.6979717 AccTime:8.0718994
#IT 3 KerTime:2.6002937 AccTime:10.6721932
#IT 4 KerTime:2.6514728 AccTime:13.3236660
#IT 5 KerTime:2.6228622 AccTime:15.9465281
#IT 6 KerTime:2.6521435 AccTime:18.5986716
#IT 7 KerTime:2.6368838 AccTime:21.2355554
#IT 8 KerTime:2.6339343 AccTime:23.8694898
#IT 9 KerTime:2.6044567 AccTime:26.4739465
#IT 10 KerTime:2.6023400 AccTime:29.0762866
#IT 11 KerTime:2.6573364 AccTime:31.7336230
#ERR  p: [1302, 659], r: -2.1530037761684498e+34, e: -2.6691475250920020e+34
#ERR  p: [1350, 659], r: 1.6876416893904272e+34, e: 1.3771460253210095e+34
#ERR  p: [1398, 659], r: 5.0876423979656730e+34, e: 4.6134499610934238e+34
#ERR  p: [1414, 851], r: 3.4649013244568330e+34, e: 3.5181315082060651e+34
#ERR  p: [1577, 851], r: 1.4856069039229588e+34, e: -5.7464607171209281e+33
#SDC Ite:12 KerTime:2.6573364 AccTime:31.7336230 KerErr:5 AccErr:5
#IT 12 KerTime:2.6408253 AccTime:34.3744483
#IT 13 KerTime:2.6031737 AccTime:36.9776219
#IT 14 KerTime:2.6014243 AccTime:39.5790462
