#HEADER matrix_dim:2048 threads:4 block_size:16 block_offset:12 precision:Float
#BEGIN Y:2023 M:11 D:04 Time:08:23:48
#IT 0 KerTime:2.6749373 AccTime:2.6749373
#IT 1 KerTime:2.6830537 AccTime:5.3579911
#IT 2 KerTime:2.6971326 AccTime:8.0551237
#IT 3 KerTime:2.5872253 AccTime:10.6423489
#IT 4 KerTime:2.6345243 AccTime:13.2768732
#IT 5 KerTime:2.5890489 AccTime:15.8659221
#IT 6 KerTime:2.6231633 AccTime:18.4890855
#IT 7 KerTime:2.5930384 AccTime:21.0821238
#ERR  p: [1304, 1493], r: 2.4124336708533220e+34, e: -7.7513764112658800e+33
#SDC Ite:8 KerTime:2.5930384 AccTime:21.0821238 KerErr:1 AccErr:1
#IT 8 KerTime:2.6292993 AccTime:23.7114231
#IT 9 KerTime:2.5862916 AccTime:26.2977147
#IT 10 KerTime:2.6208460 AccTime:28.9185607
#IT 11 KerTime:2.5866001 AccTime:31.5051608
#IT 12 KerTime:2.6069744 AccTime:34.1121352
#ERR  p: [426, 666], r: 1.4439959015884554e+34, e: 1.5254691921579677e+34
#SDC Ite:13 KerTime:2.6069744 AccTime:34.1121352 KerErr:1 AccErr:2
#IT 13 KerTime:2.5857635 AccTime:36.6978986
#IT 14 KerTime:2.6167583 AccTime:39.3146570
#ERR  p: [1061, 1465], r: 1.2346947794723937e+34, e: -4.3885519086284016e+33
#SDC Ite:15 KerTime:2.6167583 AccTime:39.3146570 KerErr:1 AccErr:3
#IT 15 KerTime:2.5831125 AccTime:41.8977695
#IT 16 KerTime:2.6265089 AccTime:44.5242784
#IT 17 KerTime:2.5858649 AccTime:47.1101432
