#HEADER matrix_dim:2048 threads:4 block_size:16 block_offset:12 precision:Float
#BEGIN Y:2023 M:11 D:01 Time:09:31:36
#IT 0 KerTime:2.6558543 AccTime:2.6558543
#IT 1 KerTime:2.6776959 AccTime:5.3335501
#IT 2 KerTime:2.6796283 AccTime:8.0131784
#IT 3 KerTime:2.5990630 AccTime:10.6122414
#IT 4 KerTime:2.6508038 AccTime:13.2630452
#IT 5 KerTime:2.6054406 AccTime:15.8684858
#ERR  p: [616, 1606], r: 4.4086015855046677e+33, e: -7.5262582530618729e+33
#SDC Ite:6 KerTime:2.6054406 AccTime:15.8684858 KerErr:1 AccErr:1
#IT 6 KerTime:2.6559877 AccTime:18.5244735
#IT 7 KerTime:2.5979456 AccTime:21.1224191
#IT 8 KerTime:2.6851766 AccTime:23.8075957
#IT 9 KerTime:2.6047556 AccTime:26.4123513
#IT 10 KerTime:2.6425725 AccTime:29.0549238
#IT 11 KerTime:2.5985722 AccTime:31.6534960
#IT 12 KerTime:2.6546344 AccTime:34.3081305
#IT 13 KerTime:2.6019230 AccTime:36.9100534
#IT 14 KerTime:2.6015614 AccTime:39.5116148
#IT 15 KerTime:2.6454851 AccTime:42.1570999
#IT 16 KerTime:2.5997993 AccTime:44.7568992
#IT 17 KerTime:2.7541520 AccTime:47.5110512
#IT 18 KerTime:2.6017233 AccTime:50.1127744
#IT 19 KerTime:2.6567020 AccTime:52.7694764
#IT 20 KerTime:2.6004599 AccTime:55.3699363
#IT 21 KerTime:2.6868792 AccTime:58.0568155
#IT 22 KerTime:2.6018365 AccTime:60.6586520
