#HEADER matrix_dim:2048 threads:4 block_size:16 block_offset:12 precision:Float
#BEGIN Y:2023 M:11 D:06 Time:07:53:39
#IT 0 KerTime:2.6744436 AccTime:2.6744436
#IT 1 KerTime:2.6803143 AccTime:5.3547578
#IT 2 KerTime:2.6756684 AccTime:8.0304263
#IT 3 KerTime:2.5819752 AccTime:10.6124015
#IT 4 KerTime:2.6935331 AccTime:13.3059346
#IT 5 KerTime:2.5860221 AccTime:15.8919566
#IT 6 KerTime:2.6614994 AccTime:18.5534560
#IT 7 KerTime:2.5884752 AccTime:21.1419312
#IT 8 KerTime:2.6192480 AccTime:23.7611792
#IT 9 KerTime:2.5852515 AccTime:26.3464307
#IT 10 KerTime:2.5874948 AccTime:28.9339255
#IT 11 KerTime:2.7474209 AccTime:31.6813464
#IT 12 KerTime:2.5852277 AccTime:34.2665741
#IT 13 KerTime:2.7119776 AccTime:36.9785517
#IT 14 KerTime:2.5865896 AccTime:39.5651413
#IT 15 KerTime:2.7649751 AccTime:42.3301164
#IT 16 KerTime:2.5825338 AccTime:44.9126502
#IT 17 KerTime:2.7328226 AccTime:47.6454728
#IT 18 KerTime:2.5848872 AccTime:50.2303600
#IT 19 KerTime:2.6769019 AccTime:52.9072619
#ERR  p: [1829, 1048], r: 1.2128993595527274e+34, e: -7.4816088506949474e+33
#ERR  p: [1830, 1048], r: -1.7367640167072985e+34, e: -1.8615481250792570e+34
#SDC Ite:20 KerTime:2.6769019 AccTime:52.9072619 KerErr:2 AccErr:2
#IT 20 KerTime:2.5816814 AccTime:55.4889433
#IT 21 KerTime:2.7451689 AccTime:58.2341122
#IT 22 KerTime:2.5846962 AccTime:60.8188084
#IT 23 KerTime:2.6865430 AccTime:63.5053513
