#HEADER matrix_dim:2048 threads:4 block_size:16 block_offset:12 precision:Float
#BEGIN Y:2023 M:11 D:06 Time:18:49:01
#IT 0 KerTime:2.6566961 AccTime:2.6566961
#IT 1 KerTime:2.6677175 AccTime:5.3244136
#IT 2 KerTime:2.6339141 AccTime:7.9583276
#IT 3 KerTime:2.6533076 AccTime:10.6116353
#ERR  p: [1432, 532], r: 7.6911332971940963e+33, e: 1.8066004233195204e+34
#ERR  p: [1433, 532], r: 2.2468423546143681e+34, e: 4.4383214309978114e+33
#ERR  p: [1934, 989], r: 2.8338079104214133e+34, e: 1.3431478590520955e+34
#SDC Ite:4 KerTime:2.6533076 AccTime:10.6116353 KerErr:3 AccErr:3
#IT 4 KerTime:2.6467177 AccTime:13.2583530
#IT 5 KerTime:2.5917338 AccTime:15.8500868
#IT 6 KerTime:2.6271041 AccTime:18.4771909
#IT 7 KerTime:2.6015528 AccTime:21.0787437
#IT 8 KerTime:2.6479690 AccTime:23.7267127
#IT 9 KerTime:2.5904927 AccTime:26.3172054
#IT 10 KerTime:2.6265413 AccTime:28.9437467
#IT 11 KerTime:2.6315643 AccTime:31.5753110
#ERR  p: [1591, 1332], r: -3.3587637498236125e+33, e: -4.2254616645478180e+33
#SDC Ite:12 KerTime:2.6315643 AccTime:31.5753110 KerErr:1 AccErr:4
#IT 12 KerTime:2.6379668 AccTime:34.2132778
#IT 13 KerTime:2.5902223 AccTime:36.8035001
#IT 14 KerTime:2.6924288 AccTime:39.4959289
#IT 15 KerTime:2.5910257 AccTime:42.0869546
#IT 16 KerTime:2.6121809 AccTime:44.6991356
#IT 17 KerTime:2.5885926 AccTime:47.2877282
#IT 18 KerTime:2.5888461 AccTime:49.8765743
#IT 19 KerTime:2.7263803 AccTime:52.6029546
#IT 20 KerTime:2.5887132 AccTime:55.1916678
#IT 21 KerTime:2.6518995 AccTime:57.8435673
#IT 22 KerTime:2.5901386 AccTime:60.4337059
#IT 23 KerTime:2.6304571 AccTime:63.0641630
#IT 24 KerTime:2.5858864 AccTime:65.6500494
#IT 25 KerTime:2.6431193 AccTime:68.2931687
#IT 26 KerTime:2.5906319 AccTime:70.8838006
#IT 27 KerTime:2.6475870 AccTime:73.5313876
#IT 28 KerTime:2.5854214 AccTime:76.1168090
#IT 29 KerTime:2.6189857 AccTime:78.7357946
#IT 30 KerTime:2.5884662 AccTime:81.3242608
#IT 31 KerTime:2.6312497 AccTime:83.9555105
#IT 32 KerTime:2.5888858 AccTime:86.5443964
#IT 33 KerTime:2.5863778 AccTime:89.1307742
#IT 34 KerTime:2.7023798 AccTime:91.8331540
#IT 35 KerTime:2.6147572 AccTime:94.4479112
#IT 36 KerTime:2.6461092 AccTime:97.0940204
#ERR  p: [1366, 758], r: -3.3022342701786790e+34, e: -2.2750834188335835e+33
#SDC Ite:37 KerTime:2.6461092 AccTime:97.0940204 KerErr:1 AccErr:5
#IT 37 KerTime:2.5852561 AccTime:99.6792765
