#HEADER matrix_dim:2048 threads:4 block_size:16 block_offset:12 precision:Float
#BEGIN Y:2023 M:11 D:02 Time:17:49:27
#IT 0 KerTime:2.6427049 AccTime:2.6427049
#IT 1 KerTime:2.6444963 AccTime:5.2872013
#IT 2 KerTime:2.6313772 AccTime:7.9185785
#IT 3 KerTime:2.6104906 AccTime:10.5290690
#IT 4 KerTime:2.6370853 AccTime:13.1661543
#IT 5 KerTime:2.5970241 AccTime:15.7631784
#ERR  p: [297, 1918], r: -1.7447988665322803e+34, e: -3.1355297982563997e+34
#SDC Ite:6 KerTime:2.5970241 AccTime:15.7631784 KerErr:1 AccErr:1
#IT 6 KerTime:2.6914574 AccTime:18.4546358
#IT 7 KerTime:2.6488285 AccTime:21.1034643
#IT 8 KerTime:2.6871638 AccTime:23.7906282
#IT 9 KerTime:2.5938071 AccTime:26.3844352
#IT 10 KerTime:2.6371010 AccTime:29.0215362
#IT 11 KerTime:2.6397540 AccTime:31.6612903
#IT 12 KerTime:2.6116611 AccTime:34.2729514
#IT 13 KerTime:2.5936021 AccTime:36.8665535
#IT 14 KerTime:2.5916372 AccTime:39.4581907
#IT 15 KerTime:2.6686161 AccTime:42.1268068
#IT 16 KerTime:2.5872878 AccTime:44.7140946
#IT 17 KerTime:2.6419237 AccTime:47.3560183
#ERR  p: [1734, 1663], r: -5.0563804505655914e+34, e: -1.2756729468588144e+34
#SDC Ite:18 KerTime:2.6419237 AccTime:47.3560183 KerErr:1 AccErr:2
#IT 18 KerTime:2.5951189 AccTime:49.9511372
