#HEADER matrix_dim:2048 threads:4 block_size:16 block_offset:12 precision:Float
#BEGIN Y:2023 M:11 D:03 Time:01:38:49
#IT 0 KerTime:2.6590043 AccTime:2.6590043
#IT 1 KerTime:2.6657213 AccTime:5.3247256
#IT 2 KerTime:2.6526866 AccTime:7.9774123
#IT 3 KerTime:2.5858502 AccTime:10.5632625
#IT 4 KerTime:2.6281215 AccTime:13.1913840
#ERR  p: [1304, 1435], r: 3.6502048551173437e+34, e: -2.7023859675588066e+34
#SDC Ite:5 KerTime:2.6281215 AccTime:13.1913840 KerErr:1 AccErr:1
#IT 5 KerTime:2.5860863 AccTime:15.7774702
#IT 6 KerTime:2.6721897 AccTime:18.4496600
#IT 7 KerTime:2.5816316 AccTime:21.0312916
#IT 8 KerTime:2.6858373 AccTime:23.7171289
#IT 9 KerTime:2.5870429 AccTime:26.3041717
#IT 10 KerTime:2.6383865 AccTime:28.9425582
#ERR  p: [1342, 1495], r: 4.8985231647220730e+33, e: 5.0116783119529924e+33
#ERR  p: [1343, 1495], r: -1.7773696879358983e+34, e: -2.1905215297630561e+34
#ERR  p: [1759, 1501], r: -1.7397127898808763e+34, e: -1.6300394728044509e+34
#SDC Ite:11 KerTime:2.6383865 AccTime:28.9425582 KerErr:3 AccErr:4
#IT 11 KerTime:2.5843497 AccTime:31.5269079
#IT 12 KerTime:2.6718199 AccTime:34.1987279
#IT 13 KerTime:2.5869284 AccTime:36.7856563
#IT 14 KerTime:2.6621583 AccTime:39.4478146
#ERR  p: [1912, 1245], r: -1.0836975383565751e+34, e: -1.1365966969393023e+34
#ERR  p: [1926, 1245], r: -7.6244077101065946e+32, e: -4.3259161659456891e+33
#SDC Ite:15 KerTime:2.6621583 AccTime:39.4478146 KerErr:2 AccErr:6
#IT 15 KerTime:2.5843391 AccTime:42.0321537
#IT 16 KerTime:2.6621013 AccTime:44.6942550
#ERR  p: [1864, 1173], r: -3.8166654528518838e+34, e: -4.4416085331841259e+34
#ERR  p: [1806, 1181], r: -1.8153051224997595e+34, e: -1.6726419413164180e+34
#ERR  p: [1807, 1181], r: 3.9410318802545874e+34, e: 3.9575747205875658e+34
#ERR  p: [1865, 1181], r: 2.0586834533562437e+33, e: 2.1591299081438594e+33
#ERR  p: [1958, 1181], r: 2.7683560398403324e+34, e: 2.9810957880035171e+34
#ERR  p: [1959, 1181], r: -1.2731019929852265e+34, e: -1.6038805618343115e+34
#ERR  p: [1720, 1183], r: 1.2098766813588043e+34, e: 1.0656866249310082e+34
#SDC Ite:17 KerTime:2.6621013 AccTime:44.6942550 KerErr:7 AccErr:13
#IT 17 KerTime:2.5868611 AccTime:47.2811162
#IT 18 KerTime:2.7129819 AccTime:49.9940981
