#HEADER matrix_dim:2048 threads:4 block_size:16 block_offset:12 precision:Float
#BEGIN Y:2023 M:11 D:04 Time:15:14:05
#IT 0 KerTime:2.6353066 AccTime:2.6353066
#IT 1 KerTime:2.6545022 AccTime:5.2898087
#IT 2 KerTime:2.6687983 AccTime:7.9586070
#IT 3 KerTime:2.5897929 AccTime:10.5483999
#IT 4 KerTime:2.6578329 AccTime:13.2062328
#IT 5 KerTime:2.5946929 AccTime:15.8009257
#IT 6 KerTime:2.6458891 AccTime:18.4468148
#IT 7 KerTime:2.6287029 AccTime:21.0755177
#IT 8 KerTime:2.6613781 AccTime:23.7368958
#IT 9 KerTime:2.6679658 AccTime:26.4048616
#IT 10 KerTime:2.5947439 AccTime:28.9996055
#IT 11 KerTime:2.6476864 AccTime:31.6472919
#IT 12 KerTime:2.5901619 AccTime:34.2374537
#IT 13 KerTime:2.6967464 AccTime:36.9342002
#ERR  p: [1384, 1841], r: -2.6736895270961400e+34, e: -2.7047969795793188e+34
#ERR  p: [1385, 1841], r: -9.1804969777542744e+34, e: -6.6366322032820551e+34
#SDC Ite:14 KerTime:2.6967464 AccTime:36.9342002 KerErr:2 AccErr:2
#IT 14 KerTime:2.5931655 AccTime:39.5273657
#IT 15 KerTime:2.5900971 AccTime:42.1174628
#IT 16 KerTime:2.5897803 AccTime:44.7072431
#IT 17 KerTime:2.6505541 AccTime:47.3577972
#IT 18 KerTime:2.6332370 AccTime:49.9910342
#IT 19 KerTime:2.6832455 AccTime:52.6742797
#IT 20 KerTime:2.5897722 AccTime:55.2640519
#IT 21 KerTime:2.6525361 AccTime:57.9165880
#IT 22 KerTime:2.5937177 AccTime:60.5103056
#IT 23 KerTime:2.6289002 AccTime:63.1392058
#IT 24 KerTime:2.5885568 AccTime:65.7277626
#IT 25 KerTime:2.6264413 AccTime:68.3542039
#IT 26 KerTime:2.5933711 AccTime:70.9475750
#IT 27 KerTime:2.6154218 AccTime:73.5629968
#IT 28 KerTime:2.5889188 AccTime:76.1519157
#IT 29 KerTime:2.5918570 AccTime:78.7437727
#IT 30 KerTime:2.6462000 AccTime:81.3899726
#IT 31 KerTime:2.6407737 AccTime:84.0307463
#IT 32 KerTime:2.6345456 AccTime:86.6652920
#IT 33 KerTime:2.5910670 AccTime:89.2563590
#IT 34 KerTime:2.6923317 AccTime:91.9486907
#IT 35 KerTime:2.5946200 AccTime:94.5433107
#IT 36 KerTime:2.6267676 AccTime:97.1700783
#IT 37 KerTime:2.5898427 AccTime:99.7599210
#IT 38 KerTime:2.6221875 AccTime:102.3821085
#IT 39 KerTime:2.5932111 AccTime:104.9753196
#IT 40 KerTime:2.6198767 AccTime:107.5951963
#IT 41 KerTime:2.5905951 AccTime:110.1857913
#IT 42 KerTime:2.5898059 AccTime:112.7755973
#IT 43 KerTime:2.5940916 AccTime:115.3696888
#IT 44 KerTime:2.5932609 AccTime:117.9629497
#IT 45 KerTime:2.6805077 AccTime:120.6434574
#ERR  p: [1494, 1777], r: -4.3123646220266379e+34, e: -1.1912788605606122e+34
#SDC Ite:46 KerTime:2.6805077 AccTime:120.6434574 KerErr:1 AccErr:3
#IT 46 KerTime:2.5883657 AccTime:123.2318231
#IT 47 KerTime:2.6519530 AccTime:125.8837762
#IT 48 KerTime:2.5931387 AccTime:128.4769149
#IT 49 KerTime:2.6392574 AccTime:131.1161723
#IT 50 KerTime:2.5896007 AccTime:133.7057730
#IT 51 KerTime:2.6584147 AccTime:136.3641877
#IT 52 KerTime:2.5927803 AccTime:138.9569680
#IT 53 KerTime:2.6334708 AccTime:141.5904388
#IT 54 KerTime:2.5902077 AccTime:144.1806465
#IT 55 KerTime:2.6387521 AccTime:146.8193986
#IT 56 KerTime:2.5931280 AccTime:149.4125266
#IT 57 KerTime:2.6401209 AccTime:152.0526475
#IT 58 KerTime:2.5898153 AccTime:154.6424627
#IT 59 KerTime:2.6142764 AccTime:157.2567391
#IT 60 KerTime:2.5933216 AccTime:159.8500607
#IT 61 KerTime:2.6245254 AccTime:162.4745861
#IT 62 KerTime:2.6408651 AccTime:165.1154512
#IT 63 KerTime:2.5903283 AccTime:167.7057795
#IT 64 KerTime:2.6669624 AccTime:170.3727418
#IT 65 KerTime:2.5934043 AccTime:172.9661462
#IT 66 KerTime:2.6737325 AccTime:175.6398787
#IT 67 KerTime:2.5914564 AccTime:178.2313351
#IT 68 KerTime:2.6337619 AccTime:180.8650970
#IT 69 KerTime:2.5950279 AccTime:183.4601249
#IT 70 KerTime:2.6405629 AccTime:186.1006878
#IT 71 KerTime:2.5891575 AccTime:188.6898453
#IT 72 KerTime:2.6460832 AccTime:191.3359285
#IT 73 KerTime:2.5958828 AccTime:193.9318113
#IT 74 KerTime:2.5936008 AccTime:196.5254121
#IT 75 KerTime:2.5904448 AccTime:199.1158569
#IT 76 KerTime:2.6017108 AccTime:201.7175676
#IT 77 KerTime:2.6960311 AccTime:204.4135987
#IT 78 KerTime:2.5934650 AccTime:207.0070637
#IT 79 KerTime:2.6336492 AccTime:209.6407130
#IT 80 KerTime:2.5895584 AccTime:212.2302714
#IT 81 KerTime:2.6532130 AccTime:214.8834844
#IT 82 KerTime:2.5926712 AccTime:217.4761556
#IT 83 KerTime:2.6396013 AccTime:220.1157569
#IT 84 KerTime:2.5905936 AccTime:222.7063505
#IT 85 KerTime:2.6232396 AccTime:225.3295901
#IT 86 KerTime:2.5931051 AccTime:227.9226952
