#HEADER matrix_dim:2048 threads:4 block_size:16 block_offset:12 precision:Float
#BEGIN Y:2023 M:11 D:04 Time:20:08:38
#IT 0 KerTime:2.6655087 AccTime:2.6655087
#IT 1 KerTime:2.6571921 AccTime:5.3227009
#IT 2 KerTime:2.6361779 AccTime:7.9588788
#IT 3 KerTime:2.5959608 AccTime:10.5548396
#IT 4 KerTime:2.6579929 AccTime:13.2128325
#ERR  p: [226, 880], r: 3.5055005583972285e+34, e: 1.0131040076163263e+34
#ERR  p: [1211, 880], r: 1.4094036478946883e+34, e: 2.8878056169950023e+34
#ERR  p: [1212, 880], r: 3.8935189987827909e+34, e: -7.7922457637228476e+33
#SDC Ite:5 KerTime:2.6579929 AccTime:13.2128325 KerErr:3 AccErr:3
#IT 5 KerTime:2.6078549 AccTime:15.8206874
#IT 6 KerTime:2.6709411 AccTime:18.4916285
#IT 7 KerTime:2.6177289 AccTime:21.1093574
#IT 8 KerTime:2.6390604 AccTime:23.7484178
#IT 9 KerTime:2.6000405 AccTime:26.3484583
#IT 10 KerTime:2.6567152 AccTime:29.0051736
#IT 11 KerTime:2.5952378 AccTime:31.6004113
#IT 12 KerTime:2.6242034 AccTime:34.2246147
#ERR  p: [1481, 1009], r: 3.6541593307788369e+34, e: 2.7838221199271403e+34
#SDC Ite:13 KerTime:2.6242034 AccTime:34.2246147 KerErr:1 AccErr:4
#IT 13 KerTime:2.5995718 AccTime:36.8241865
#IT 14 KerTime:2.6284144 AccTime:39.4526009
#IT 15 KerTime:2.5956300 AccTime:42.0482309
#IT 16 KerTime:2.6495242 AccTime:44.6977551
#ERR  p: [1638, 1269], r: -1.6580913178886616e+34, e: -1.4723973409397602e+34
#ERR  p: [1814, 1277], r: -4.1987573790933714e+34, e: -3.9627218276829065e+34
#ERR  p: [1414, 1333], r: -1.1627336963707463e+34, e: -1.1835538671274635e+34
#ERR  p: [1494, 1333], r: 3.4243959263714153e+34, e: 3.3064757003412786e+34
#ERR  p: [1495, 1333], r: -2.3917140208277947e+34, e: -2.5147885340055001e+34
#ERR  p: [1609, 1397], r: -4.9737662744558737e+34, e: 1.0785205969062876e+34
#ERR  p: [1610, 1397], r: -1.2538103067950149e+34, e: -1.1854024829881284e+34
#ERR  p: [1582, 1398], r: 2.6043787498245987e+34, e: 2.9494901884485299e+34
#SDC Ite:17 KerTime:2.6495242 AccTime:44.6977551 KerErr:8 AccErr:12
#IT 17 KerTime:2.5985235 AccTime:47.2962786
#IT 18 KerTime:2.6686069 AccTime:49.9648855
#IT 19 KerTime:2.5957180 AccTime:52.5606035
#IT 20 KerTime:2.6209389 AccTime:55.1815425
#IT 21 KerTime:2.5984131 AccTime:57.7799555
#IT 22 KerTime:2.5988179 AccTime:60.3787734
#IT 23 KerTime:2.5956193 AccTime:62.9743928
#IT 24 KerTime:2.5965942 AccTime:65.5709870
#IT 25 KerTime:2.6598396 AccTime:68.2308266
#IT 26 KerTime:2.6008721 AccTime:70.8316987
#IT 27 KerTime:2.6374005 AccTime:73.4690991
#IT 28 KerTime:2.5956108 AccTime:76.0647099
#IT 29 KerTime:2.6707914 AccTime:78.7355013
