#HEADER matrix_dim:2048 threads:4 block_size:16 block_offset:12 precision:Float
#BEGIN Y:2023 M:11 D:02 Time:09:03:19
#IT 0 KerTime:2.7262121 AccTime:2.7262121
#IT 1 KerTime:2.6301193 AccTime:5.3563314
#IT 2 KerTime:2.6785410 AccTime:8.0348724
#IT 3 KerTime:2.5954233 AccTime:10.6302957
#IT 4 KerTime:2.6345001 AccTime:13.2647958
#IT 5 KerTime:2.5986665 AccTime:15.8634622
#IT 6 KerTime:2.6230994 AccTime:18.4865617
#IT 7 KerTime:2.5937014 AccTime:21.0802631
#IT 8 KerTime:2.6406647 AccTime:23.7209278
#IT 9 KerTime:2.5981741 AccTime:26.3191020
#IT 10 KerTime:2.5964477 AccTime:28.9155497
#IT 11 KerTime:2.6978061 AccTime:31.6133558
#IT 12 KerTime:2.5935067 AccTime:34.2068624
#IT 13 KerTime:2.6909423 AccTime:36.8978047
#IT 14 KerTime:2.5966636 AccTime:39.4944683
#IT 15 KerTime:2.6423307 AccTime:42.1367990
#IT 16 KerTime:2.5938585 AccTime:44.7306575
#IT 17 KerTime:2.6564259 AccTime:47.3870834
#IT 18 KerTime:2.5957889 AccTime:49.9828723
#IT 19 KerTime:2.6227007 AccTime:52.6055730
#IT 20 KerTime:2.6110374 AccTime:55.2166104
#IT 21 KerTime:2.6236209 AccTime:57.8402313
#IT 22 KerTime:2.5955810 AccTime:60.4358123
#IT 23 KerTime:2.5965795 AccTime:63.0323918
#IT 24 KerTime:2.5954316 AccTime:65.6278235
#IT 25 KerTime:2.5953855 AccTime:68.2232090
#IT 26 KerTime:2.6494538 AccTime:70.8726628
#ERR  p: [823, 1945], r: 3.5019568312407701e+34, e: 3.3430469249818473e+34
#SDC Ite:27 KerTime:2.6494538 AccTime:70.8726628 KerErr:1 AccErr:1
#IT 27 KerTime:2.5952139 AccTime:73.4678767
#IT 28 KerTime:2.5958220 AccTime:76.0636988
