#HEADER matrix_dim:2048 threads:4 block_size:16 block_offset:12 precision:Float
#BEGIN Y:2023 M:11 D:05 Time:20:30:26
#IT 0 KerTime:2.7152029 AccTime:2.7152029
#ERR  p: [0, 368], r: -9.1796596351117018e+32, e: 3.1755142711732861e+34
#ERR  p: [1, 368], r: 4.1338370799651596e+33, e: 4.8353135749341497e+34
#ERR  p: [2, 368], r: -4.0956967663247967e+32, e: 7.3898558298332133e+33
#ERR  p: [3, 368], r: -6.2106869939129064e+33, e: 1.5646883705425678e+34
#ERR  p: [4, 368], r: -6.0093707088442393e+33, e: -9.7221571467675768e+33
#ERR  p: [5, 368], r: 1.1066048760195275e+34, e: -1.3839814350419277e+34
#ERR  p: [6, 368], r: -1.4166259138778831e+34, e: -2.3662436521075058e+34
#ERR  p: [7, 368], r: -2.1920489001835264e+34, e: -9.3620688619603633e+33
#ERR  p: [8, 368], r: -1.6366436353260306e+34, e: -3.9349516139576333e+34
#ERR  p: [9, 368], r: -1.0778960561564681e+32, e: -2.4572943895849534e+34
#ERR  p: [10, 368], r: 5.1589612996719411e+33, e: 1.1106024319943878e+34
#ERR  p: [11, 368], r: 2.5399556074161640e+34, e: 6.3046459001306432e+34
#ERR  p: [12, 368], r: 7.4971016702866040e+33, e: 4.0905478023193970e+34
#ERR  p: [13, 368], r: 5.4879020846357050e+33, e: 1.2579993720939527e+34
#ERR  p: [14, 368], r: -7.3359918207838671e+33, e: -2.6972175678947901e+34
#ERR  p: [15, 368], r: -1.0290103610781061e+34, e: 2.9490470059144657e+34
#ERR  p: [16, 368], r: -1.5164209955653279e+33, e: -1.9549346078228282e+34
#ERR  p: [17, 368], r: 4.0082496104047069e+33, e: -1.6964795909188933e+34
#ERR  p: [18, 368], r: -1.2964008910826049e+34, e: -1.6511093360670920e+34
#ERR  p: [19, 368], r: -1.5649032769333878e+34, e: -1.1461107613172261e+34
#ERR  p: [20, 368], r: -3.7366666107661623e+33, e: 2.3670589594173792e+33
#ERR  p: [21, 368], r: 1.5143282269804150e+34, e: 3.4740729746198905e+34
#ERR  p: [22, 368], r: 2.1725445358945656e+33, e: -1.3802240394346887e+34
#ERR  p: [23, 368], r: 1.7982746575853066e+34, e: 1.3058167868154134e+34
#ERR  p: [24, 368], r: 1.4484231465509517e+34, e: 4.9340655373959916e+34
#ERR  p: [25, 368], r: -7.4737584539358192e+33, e: -1.4664598091293358e+34
#ERR  p: [26, 368], r: 2.0710557355938716e+33, e: 1.0667854205098779e+34
#ERR  p: [27, 368], r: 5.1529056064847668e+33, e: 5.9102661810592089e+33
#ERR  p: [28, 368], r: 5.9705371487818766e+33, e: 2.0439380400633057e+34
#ERR  p: [29, 368], r: 1.5876668897577791e+34, e: 2.5150754885066064e+34
#ERR  p: [30, 368], r: -5.8617246952087702e+33, e: 3.1012799587774990e+34
#ERR  p: [31, 368], r: 5.9685750138196093e+33, e: 4.1455473737667797e+33
#ERR  p: [32, 368], r: 3.0715440200638445e+33, e: -6.8846995415223424e+33
#ERR  p: [33, 368], r: 1.5942999581792761e+33, e: -1.1357951307638650e+33
#ERR  p: [34, 368], r: 1.4828415934632031e+34, e: -2.4418288356226621e+33
#ERR  p: [35, 368], r: 2.8558088283876009e+33, e: -3.8006734958363874e+34
#ERR  p: [36, 368], r: 1.5229815516490237e+34, e: 4.8790925816594536e+34
#ERR  p: [37, 368], r: -1.4182578902316731e+34, e: -2.5401445170661589e+34
#ERR  p: [38, 368], r: 5.5192312521799198e+33, e: 3.1272348572291641e+34
#ERR  p: [39, 368], r: 1.2178285892011539e+34, e: 1.0497129894280932e+34
#ERR  p: [40, 368], r: 8.2250073185363094e+33, e: 3.3788897457033005e+34
#ERR  p: [41, 368], r: -6.1868684085870361e+33, e: -6.2719705965877095e+33
#ERR  p: [42, 368], r: 1.3758421030776302e+34, e: 5.5198675533601125e+33
#ERR  p: [43, 368], r: -3.1677926201782435e+32, e: -3.8491888611519972e+34
#ERR  p: [44, 368], r: 2.3357839517498832e+31, e: -1.9784961967965430e+34
#ERR  p: [45, 368], r: 5.3393146176003594e+33, e: -1.1301216515638201e+34
#ERR  p: [46, 368], r: 5.7411487164123545e+33, e: 1.3131731217048628e+34
#ERR  p: [47, 368], r: -6.2645510029622526e+33, e: -4.6194667210663625e+33
#ERR  p: [48, 368], r: -1.3839816826299355e+33, e: 2.5785825552859700e+34
#ERR  p: [49, 368], r: 1.1919490812978813e+34, e: 2.2579939660762586e+34
#ERR  p: [50, 368], r: 1.1915909452445160e+34, e: -1.7602465941580059e+33
#ERR  p: [51, 368], r: 1.3700730549065525e+34, e: 2.6550038125551586e+32
#ERR  p: [52, 368], r: 1.7871388917559189e+34, e: 2.0136585218784010e+34
#ERR  p: [53, 368], r: -3.0084208384906633e+33, e: -1.8330924639542315e+34
#ERR  p: [54, 368], r: -4.8152113475032160e+33, e: -4.0224775647612236e+33
#ERR  p: [55, 368], r: -7.3192325885320216e+33, e: -2.7037133487659303e+33
#ERR  p: [56, 368], r: -4.9785773427275505e+33, e: 1.3046872903235694e+34
#ERR  p: [57, 368], r: -2.0924618233711826e+34, e: -6.7191042638752628e+34
#ERR  p: [58, 368], r: -1.1058049191661413e+34, e: -5.5705370581380827e+34
#ERR  p: [59, 368], r: -2.8684785257196671e+33, e: -2.9921332613937855e+34
#ERR  p: [60, 368], r: -2.0441190268970492e+34, e: -2.2225393633511253e+34
#ERR  p: [61, 368], r: -2.1060335766613751e+33, e: -2.0984583120759780e+33
#ERR  p: [62, 368], r: 1.1051172434743183e+34, e: 1.3305963849937810e+34
#ERR  p: [63, 368], r: 1.9141472998419643e+33, e: -1.7299402436227497e+34
#ERR  p: [64, 368], r: -8.8529233118728953e+33, e: 2.4721474417643073e+34
#ERR  p: [65, 368], r: -5.3397881296653860e+33, e: -1.2687678411136845e+34
#ERR  p: [66, 368], r: 1.9257483144866165e+34, e: 1.2727858230991930e+34
#ERR  p: [67, 368], r: -9.1073193709760213e+33, e: -2.3572619019464747e+34
#ERR  p: [68, 368], r: -4.4882741684930354e+33, e: 8.0339677927037698e+33
#ERR  p: [69, 368], r: 4.3795152558266282e+33, e: -3.1084424322567963e+34
#ERR  p: [70, 368], r: 2.6483746436447854e+33, e: 5.7847630771124335e+34
#ERR  p: [71, 368], r: 1.4687571782542416e+34, e: 5.1475440881746218e+33
#ERR  p: [72, 368], r: -1.0171227323658584e+34, e: 5.6546773667282314e+33
#ERR  p: [73, 368], r: -2.1841356779674044e+33, e: -8.9727893320567808e+33
#ERR  p: [74, 368], r: -1.1677420303876831e+34, e: -3.7788389570114797e+34
#ERR  p: [75, 368], r: 1.1463995727283914e+34, e: 5.4192515007871146e+33
#ERR  p: [76, 368], r: 4.0733754694764420e+33, e: -3.6805546882964798e+34
#ERR  p: [77, 368], r: 1.7839822684497451e+34, e: -3.5344531286540231e+33
#ERR  p: [78, 368], r: -1.6061707509069895e+34, e: -2.0329265634138622e+34
#ERR  p: [79, 368], r: 3.3492925800680499e+33, e: 2.6301625649628346e+34
#ERR  p: [80, 368], r: 1.9802945522916128e+34, e: 6.8957736579377737e+34
#ERR  p: [81, 368], r: -2.8941738281450941e+33, e: 3.6747946770876889e+33
#ERR  p: [82, 368], r: 2.2098990051979902e+34, e: 2.5600736185825985e+34
#ERR  p: [83, 368], r: 5.2817900198548463e+33, e: 5.2342239069613606e+34
#ERR  p: [84, 368], r: -5.2552136909777104e+32, e: -1.2186252345649350e+33
#ERR  p: [85, 368], r: -1.0168039009087405e+34, e: -1.5374904564974562e+34
#ERR  p: [86, 368], r: -1.2013087745529062e+33, e: -2.1732487999829151e+34
#ERR  p: [87, 368], r: -6.4280717406914978e+33, e: 1.4984341910220261e+34
#ERR  p: [88, 368], r: -2.4738926896316918e+34, e: -7.5192730525962012e+34
#ERR  p: [89, 368], r: 1.7034259200673315e+34, e: 1.5209130157403798e+32
#ERR  p: [90, 368], r: 5.0211070822622095e+33, e: 3.1156566516297358e+34
#ERR  p: [91, 368], r: -1.2111174686601800e+34, e: -1.5869190501800468e+34
#ERR  p: [92, 368], r: -1.2023727840166720e+34, e: -1.2350962434271339e+34
#ERR  p: [93, 368], r: -1.0142894589979460e+34, e: -3.5010313472674004e+34
#ERR  p: [94, 368], r: -5.4970188940550222e+33, e: 1.9537485374711889e+34
#ERR  p: [95, 368], r: 3.1042265655560080e+33, e: -1.2349629482334038e+33
#ERR  p: [96, 368], r: -8.9663873251436165e+33, e: -4.8296953078598569e+34
#ERR  p: [97, 368], r: -2.3146366553377848e+34, e: 9.0738977752804044e+32
#ERR  p: [98, 368], r: -5.2946262201221964e+33, e: -2.8638111203895495e+34
#ERR  p: [99, 368], r: -1.6893285683849594e+33, e: -2.0635310408590793e+34
#ERR  p: [100, 368], r: -1.4832390960098177e+34, e: -1.5217493061339191e+34
#ERR  p: [101, 368], r: -2.1703422405646769e+33, e: -4.6517859930539978e+34
#ERR  p: [102, 368], r: -1.4160159808205272e+34, e: -5.8103621915968080e+34
#ERR  p: [103, 368], r: -3.1064094871242819e+34, e: -1.2085065293233232e+34
#ERR  p: [104, 368], r: 7.9912959995496028e+32, e: 2.7335072849704253e+34
#ERR  p: [105, 368], r: 2.4808093082191871e+34, e: 3.9817393101544164e+34
#ERR  p: [106, 368], r: -1.6320981670897825e+34, e: -2.0585927742483660e+34
#ERR  p: [107, 368], r: 7.0961372243522068e+33, e: 2.0753255145833708e+34
#ERR  p: [108, 368], r: 3.7219967118156208e+33, e: 1.0653877862055247e+34
#ERR  p: [109, 368], r: 1.2974349423974199e+34, e: 1.2216829155134689e+34
#ERR  p: [110, 368], r: -7.4058199950948277e+32, e: 2.0930649477583224e+34
#ERR  p: [111, 368], r: 1.9234524308897578e+34, e: 1.8599518013985985e+34
#ERR  p: [112, 368], r: -1.3281125820989588e+34, e: -6.4686712222199011e+33
#ERR  p: [113, 368], r: -8.7981376564643012e+33, e: -4.0843935072080937e+34
#ERR  p: [114, 368], r: -7.4206118311392389e+33, e: -1.3103959270207300e+34
#ERR  p: [115, 368], r: 1.9136780277215722e+34, e: 5.9717299040097280e+33
#ERR  p: [116, 368], r: -6.3078163883652570e+33, e: -1.8809933158343400e+34
#ERR  p: [117, 368], r: 2.0573325512883735e+33, e: 1.9183495182538195e+34
#ERR  p: [118, 368], r: 5.3171505391369939e+33, e: 1.8145871172769740e+34
#ERR  p: [119, 368], r: 1.3265597101136792e+34, e: 3.2403078052414750e+34
#ERR  p: [120, 368], r: -2.3551230510435994e+33, e: -3.2227367319118662e+33
#ERR  p: [121, 368], r: -1.3826093023023837e+34, e: -5.4280099265650587e+33
#ERR  p: [122, 368], r: -2.0121816594115335e+34, e: -3.8617438014424216e+34
#ERR  p: [123, 368], r: 9.7194541046917972e+32, e: -1.1766184318513711e+34
#ERR  p: [124, 368], r: -1.7157700391690656e+34, e: -3.9835707186485352e+34
#ERR  p: [125, 368], r: -4.6993565625316249e+33, e: -2.6132990981596813e+34
#ERR  p: [126, 368], r: -1.6686618402961116e+34, e: 1.1545858226201778e+34
#ERR  p: [127, 368], r: 7.1475525880038465e+33, e: -1.5058021006508428e+33
#ERR  p: [128, 368], r: 3.9345420414956357e+33, e: 9.0352724986296515e+33
#ERR  p: [129, 368], r: 6.4997552776363374e+33, e: -1.3424281207132549e+34
#ERR  p: [130, 368], r: 1.7760572239062479e+34, e: -1.8969425639184810e+34
#ERR  p: [131, 368], r: -6.7457915276541692e+33, e: 2.6682378867511351e+34
#ERR  p: [132, 368], r: -4.9812095127360810e+33, e: -4.2293973854177160e+34
#ERR  p: [133, 368], r: 1.9190652951845344e+34, e: 9.0208517351120161e+33
#ERR  p: [134, 368], r: -9.4089892653293578e+33, e: -3.3369265494276204e+34
#ERR  p: [135, 368], r: -8.2869507432520516e+33, e: 1.9506294237482055e+34
#ERR  p: [136, 368], r: -6.7831587477399984e+33, e: -1.0864825320629554e+34
#ERR  p: [137, 368], r: -1.0439430746989880e+34, e: -2.9926375981657904e+34
#ERR  p: [138, 368], r: -1.1824576712226763e+34, e: -4.8249648913817396e+34
#ERR  p: [139, 368], r: -1.8871568954959380e+34, e: -5.4304175961474648e+34
#ERR  p: [140, 368], r: 1.3050622623614690e+34, e: 4.3612389899536404e+34
#ERR  p: [141, 368], r: 4.6076505833913836e+33, e: -1.5910821187381596e+34
#ERR  p: [142, 368], r: 7.8555694915823930e+33, e: 3.2845502967174874e+34
#ERR  p: [143, 368], r: 1.8682693967285531e+34, e: -2.5654928248985742e+34
#ERR  p: [144, 368], r: 1.3085402549018412e+34, e: -3.0781532581395852e+34
#ERR  p: [145, 368], r: -1.1094037346543478e+34, e: -1.1951931031708286e+34
#ERR  p: [146, 368], r: 1.8180280954101716e+34, e: -2.7370133168526874e+33
#ERR  p: [147, 368], r: 4.6823642880673840e+33, e: -1.1782299821945128e+34
#ERR  p: [148, 368], r: 1.0450153783610170e+34, e: 6.8105945938606606e+33
#ERR  p: [149, 368], r: -1.6510455821550688e+34, e: -4.4558358066736210e+33
#ERR  p: [150, 368], r: -1.0981741329699823e+34, e: -2.5099595775002556e+34
#ERR  p: [151, 368], r: -8.5699388844725324e+33, e: -1.3346583138506842e+34
#ERR  p: [152, 368], r: 6.2609498353879714e+33, e: -3.7532861414845745e+34
#ERR  p: [153, 368], r: 1.8814490015628009e+34, e: 1.7540769795387164e+34
#ERR  p: [154, 368], r: -5.0685251375269967e+33, e: 1.6398921137831193e+34
#ERR  p: [155, 368], r: -8.2876644156846996e+33, e: -2.7378296764115942e+34
#ERR  p: [156, 368], r: -1.1202936455919334e+34, e: -2.6684037707163993e+34
#ERR  p: [157, 368], r: -2.0883612707850537e+34, e: -2.5070704730365714e+34
#ERR  p: [158, 368], r: 6.1255581902013883e+33, e: -7.5380446801759090e+33
#ERR  p: [159, 368], r: -1.1353561572259344e+34, e: -6.4109369174317331e+34
#ERR  p: [160, 368], r: -1.8904349607199657e+34, e: -1.3892904646944069e+34
#ERR  p: [161, 368], r: -4.5161395798073297e+33, e: -1.0566896481074938e+34
#ERR  p: [162, 368], r: -1.4969251421141372e+33, e: 2.3001151235009515e+34
#ERR  p: [163, 368], r: 1.2433953315535011e+33, e: -4.1968796716417833e+34
#ERR  p: [164, 368], r: 2.2546983221036731e+34, e: 1.7802122458541054e+34
#ERR  p: [165, 368], r: 6.7414810204373775e+33, e: 4.9473748783463566e+34
#ERR  p: [166, 368], r: 4.8874510290107045e+33, e: 3.4076218388390984e+34
#ERR  p: [167, 368], r: 1.9434690547669749e+34, e: 1.8826337101803970e+34
#ERR  p: [168, 368], r: -4.1311337284043702e+33, e: 1.7925832282546921e+34
#ERR  p: [169, 368], r: 2.8864862205011319e+33, e: -2.1901813438402605e+34
#ERR  p: [170, 368], r: -2.9135406572956903e+34, e: -6.2771056956646692e+34
#ERR  p: [171, 368], r: 1.1085550029634138e+34, e: 5.2309443562092858e+34
#ERR  p: [172, 368], r: -7.7708281631031712e+32, e: 4.2557417398057403e+34
#ERR  p: [173, 368], r: -2.1873476990903363e+34, e: 1.8350108996331120e+34
#ERR  p: [174, 368], r: -1.2899036865804195e+34, e: -3.0520166300901530e+34
#ERR  p: [175, 368], r: -3.0570489801438520e+33, e: -3.9823377303694069e+34
#ERR  p: [176, 368], r: -1.7296860326356824e+33, e: 3.2308930236547018e+34
#ERR  p: [177, 368], r: -8.6430188177816859e+33, e: 1.9586599407830497e+34
#ERR  p: [178, 368], r: 7.8659230031009563e+33, e: -1.0521143455162990e+34
#ERR  p: [179, 368], r: -9.9717072895869202e+33, e: -2.3966439932402448e+34
#ERR  p: [180, 368], r: -7.0492452936041159e+33, e: -3.8201141062133250e+34
#ERR  p: [181, 368], r: 7.4601671102445050e+33, e: 6.3864651949411358e+33
#ERR  p: [182, 368], r: -1.1716790510946224e+34, e: -6.4056377912995681e+33
#ERR  p: [183, 368], r: -5.1103511081493221e+33, e: -2.5145151968448258e+34
#ERR  p: [184, 368], r: -2.3732647528343168e+33, e: -9.0552862752447782e+33
#ERR  p: [185, 368], r: 2.0237603601869775e+34, e: 3.3813136323002213e+34
#ERR  p: [186, 368], r: 4.6110351114587898e+33, e: -1.4142290143738188e+34
#ERR  p: [187, 368], r: 8.7766649675128766e+33, e: 5.0361643945480455e+34
#ERR  p: [188, 368], r: -5.4671758735279695e+33, e: -1.0837932311216119e+34
#ERR  p: [189, 368], r: 1.7878248343316869e+34, e: 4.8257879977138604e+33
#ERR  p: [190, 368], r: 1.2486926626726092e+34, e: 1.5168751648172407e+34
#ERR  p: [191, 368], r: 1.3788219485461940e+33, e: 2.0078540686221997e+34
#ERR  p: [192, 368], r: -8.2687431211542422e+32, e: -3.1933445691471213e+34
#ERR  p: [193, 368], r: -4.7366866444162756e+33, e: 5.0945580262011369e+34
#ERR  p: [194, 368], r: -1.4221383370788170e+34, e: -1.9118000726819763e+34
#ERR  p: [195, 368], r: 9.4791241392850513e+33, e: -1.2363006352913546e+34
#ERR  p: [196, 368], r: -1.2214521634901462e+34, e: -3.7359926143117734e+34
#ERR  p: [197, 368], r: -9.9845694865950953e+33, e: 1.1372666700885635e+34
#ERR  p: [198, 368], r: 5.0983433992532637e+33, e: 1.1369210372295950e+34
#ERR  p: [199, 368], r: -5.4862463398331608e+33, e: 2.1272954753726103e+34
#ERR  p: [200, 368], r: 5.8030624305671539e+33, e: -2.0375006280650178e+34
#ERR  p: [201, 368], r: 4.2715811207113948e+33, e: 2.9383068857216336e+34
#ERR  p: [202, 368], r: -1.7451638112558616e+34, e: -2.6324559726796147e+34
#ERR  p: [203, 368], r: 1.3890758058915949e+34, e: 2.1225726103287327e+33
#ERR  p: [204, 368], r: -9.2711582592953628e+33, e: -5.7165902143250033e+34
#ERR  p: [205, 368], r: -4.6340310856285550e+33, e: 1.8848300943465981e+33
#ERR  p: [206, 368], r: -4.9226354513222638e+33, e: 1.1359285807000999e+34
#ERR  p: [207, 368], r: 9.9821876899595103e+33, e: 2.1203432041119836e+34
#ERR  p: [208, 368], r: 1.5867167707776276e+34, e: -5.3623953906628157e+33
#ERR  p: [209, 368], r: 9.9488095769077733e+32, e: 5.9225403565487235e+33
#ERR  p: [210, 368], r: 7.6508847716668303e+33, e: -4.4845714898355329e+34
#ERR  p: [211, 368], r: 1.1597971788035574e+34, e: 4.4949073607085363e+33
#ERR  p: [212, 368], r: 8.9553052859119338e+33, e: -6.1376788611260315e+32
#ERR  p: [213, 368], r: 9.7655915109859437e+33, e: 3.8308554643461964e+34
#ERR  p: [214, 368], r: -1.5600975937008819e+34, e: -1.6868460653271784e+34
#ERR  p: [215, 368], r: 2.3752336964668002e+33, e: -1.5684691632165493e+34
#ERR  p: [216, 368], r: 5.2805768386163467e+33, e: -4.9394472960257789e+33
#ERR  p: [217, 368], r: -2.5972477200222992e+33, e: 1.3323793900323637e+34
#ERR  p: [218, 368], r: 1.5603830626739411e+34, e: -2.5137697093531682e+34
#ERR  p: [219, 368], r: 1.7004312193182962e+34, e: 4.0042105215415285e+33
#ERR  p: [220, 368], r: -6.2838071602733367e+33, e: 1.9032870066198186e+34
#ERR  p: [221, 368], r: -1.4413985795920307e+34, e: -1.4912283896413537e+34
#ERR  p: [222, 368], r: -3.1474839043487570e+33, e: 1.0461265533402795e+34
#ERR  p: [223, 368], r: -1.9268183898565748e+34, e: -2.9458625289574080e+34
#ERR  p: [224, 368], r: -2.9196068110761965e+34, e: -1.2300192037380167e+34
#ERR  p: [225, 368], r: -2.3341228219081681e+34, e: -4.0187897413841925e+33
#ERR  p: [226, 368], r: -2.6647823009254739e+33, e: -2.8828419726134836e+34
#ERR  p: [227, 368], r: -3.0109833743719840e+33, e: -5.0672150874804230e+32
#ERR  p: [228, 368], r: 7.8744982137530861e+33, e: 5.5422199225034532e+34
#ERR  p: [229, 368], r: 3.3265008660047668e+33, e: 2.2421522949815315e+34
#ERR  p: [230, 368], r: -2.4524342369907190e+34, e: -1.8763176163059591e+34
#ERR  p: [231, 368], r: 1.4378473010013328e+34, e: 2.1514254335668619e+33
#ERR  p: [232, 368], r: 8.7147184479470362e+33, e: -9.7032637058880034e+33
#ERR  p: [233, 368], r: -5.4113899625676328e+33, e: 9.2705863309972130e+33
#ERR  p: [234, 368], r: 1.4137748141734050e+34, e: 2.7087279343800656e+34
#ERR  p: [235, 368], r: 1.8218537015135752e+34, e: -5.1777259947874289e+33
#ERR  p: [236, 368], r: -2.1295703758858031e+33, e: -4.1726843811619584e+34
#ERR  p: [237, 368], r: -1.4884671643837277e+34, e: 1.8724431115710037e+34
#ERR  p: [238, 368], r: 9.8903127320039065e+33, e: 4.5796226924469331e+33
#ERR  p: [239, 368], r: 1.7787020828001812e+34, e: 3.3904048782577272e+33
#ERR  p: [240, 368], r: 1.7415963156506490e+34, e: 2.0340070374801505e+34
#ERR  p: [241, 368], r: -1.5409513654652864e+34, e: -1.3100844613068458e+34
#ERR  p: [242, 368], r: -3.0487550913656497e+33, e: 3.1707291377454324e+34
#ERR  p: [243, 368], r: 4.6870043968196354e+33, e: 6.7842506108546481e+33
#ERR  p: [244, 368], r: 1.2141946162158317e+34, e: 6.4855418690752823e+33
#ERR  p: [245, 368], r: 1.7782341414653313e+34, e: 4.3905162718827397e+34
#ERR  p: [246, 368], r: 6.5327705195140588e+33, e: 2.7698668218642762e+34
#ERR  p: [247, 368], r: -6.7800020006398207e+33, e: 5.2288699400854553e+33
#ERR  p: [248, 368], r: -1.0536087867317243e+34, e: 1.3009521776370376e+34
#ERR  p: [249, 368], r: -1.0988262797826778e+34, e: -1.9455648872534851e+34
#ERR  p: [250, 368], r: 1.9881961997683675e+34, e: 3.1739386210912836e+34
#ERR  p: [251, 368], r: 1.4730875234601628e+33, e: -2.3528211634375502e+34
#ERR  p: [252, 368], r: -1.9880506180197475e+33, e: -6.5158930639884616e+33
#ERR  p: [253, 368], r: 2.6341648251098443e+34, e: 2.7163407704456550e+34
#ERR  p: [254, 368], r: -3.2478127548326407e+33, e: 3.3302555381439193e+34
#ERR  p: [255, 368], r: 1.0994693896330866e+34, e: 4.9387578253208989e+34
#ERR  p: [256, 368], r: -1.0406439644942924e+34, e: 5.4571194676188347e+33
#ERR  p: [257, 368], r: -9.6085973478863160e+32, e: -2.9152004873003642e+34
#ERR  p: [258, 368], r: -8.6985458445313070e+32, e: -1.5886251791421899e+34
#ERR  p: [259, 368], r: -7.0353716995838446e+33, e: 2.4923899896986940e+34
#ERR  p: [260, 368], r: -1.2016260585849751e+34, e: -2.9894912497619427e+34
#ERR  p: [261, 368], r: 3.4023169562857508e+33, e: 2.2895933759310494e+34
#ERR  p: [262, 368], r: 3.7847314897014762e+33, e: -2.0072531725271306e+34
#ERR  p: [263, 368], r: 6.3298647194349493e+33, e: -1.4789236370328688e+32
#ERR  p: [264, 368], r: 6.5917354604952804e+33, e: 4.1661029967371017e+34
#ERR  p: [265, 368], r: 1.2391530967298760e+34, e: 1.8124985886366956e+34
#ERR  p: [266, 368], r: -1.8126941831629027e+34, e: -5.2366052084209300e+34
#ERR  p: [267, 368], r: -2.4862495595158306e+34, e: -1.0691365162324887e+34
#ERR  p: [268, 368], r: 3.0718528861036462e+33, e: 1.9416492829092254e+34
#ERR  p: [269, 368], r: 9.0647676580056649e+33, e: 7.1545863157190582e+34
#ERR  p: [270, 368], r: -2.3339533479167899e+33, e: 1.0814031402877636e+34
#ERR  p: [271, 368], r: -1.2175519096023736e+34, e: 4.7820521950959276e+33
#ERR  p: [272, 368], r: 2.6985882151062869e+34, e: 3.1424263622152586e+34
#ERR  p: [273, 368], r: 9.6821394970576376e+33, e: 4.3869029724960735e+34
#ERR  p: [274, 368], r: 1.3643248041281347e+34, e: 2.2852987143467605e+34
#ERR  p: [275, 368], r: 2.0056328328097099e+34, e: 1.0420440746787242e+34
#ERR  p: [276, 368], r: -3.0699724551839717e+33, e: -3.1450302452938914e+34
#ERR  p: [277, 368], r: 9.5542949533205579e+33, e: 1.8962394139761669e+34
#ERR  p: [278, 368], r: -4.0799241722842617e+33, e: -2.6867156273655165e+34
#ERR  p: [279, 368], r: -7.1406944001862055e+33, e: -5.7917797212551030e+34
#ERR  p: [280, 368], r: -2.4266093222431788e+34, e: -7.5828595951260869e+34
#ERR  p: [281, 368], r: 1.1218523668438987e+33, e: -1.7876478089060691e+34
#ERR  p: [282, 368], r: 9.3558055043315989e+33, e: 3.4447746477101234e+34
#ERR  p: [283, 368], r: 1.1939192628704039e+34, e: 2.7356958391658779e+32
#ERR  p: [284, 368], r: -6.1904294204812929e+32, e: -1.2492102454030344e+34
#ERR  p: [285, 368], r: -6.2956344394086692e+33, e: 2.2809540399848846e+33
#ERR  p: [286, 368], r: -3.7225274786074644e+33, e: -8.7509696650874496e+33
#ERR  p: [287, 368], r: 1.0410740248639402e+34, e: 2.8870925016353719e+33
#ERR  p: [288, 368], r: -1.7960149218375951e+34, e: -3.0116258652523731e+34
#ERR  p: [289, 368], r: 5.0622571376230850e+32, e: 1.0092625558804198e+34
#ERR  p: [290, 368], r: 2.4741090815505589e+34, e: 3.0918268010495079e+34
#ERR  p: [291, 368], r: -3.6857634448057770e+33, e: -3.3358995543710292e+34
#ERR  p: [292, 368], r: -1.3534365025126002e+34, e: -1.9229988496593637e+34
#ERR  p: [293, 368], r: -1.4533642372123796e+32, e: -5.7643266677678947e+33
#ERR  p: [294, 368], r: 8.2441792959247221e+33, e: -2.3037945288857156e+34
#ERR  p: [295, 368], r: -6.7488480016111648e+33, e: 1.3795117287360839e+34
#ERR  p: [296, 368], r: 7.1155926900096158e+33, e: -4.3895897975573385e+34
#ERR  p: [297, 368], r: -1.8532689058905203e+34, e: -2.5664267268642111e+34
#ERR  p: [298, 368], r: 2.4903917068872795e+34, e: 2.0373633405146610e+34
#ERR  p: [299, 368], r: 1.6963980106703044e+34, e: 3.2263388898381788e+34
#ERR  p: [300, 368], r: -4.5982747350188459e+33, e: 8.0316621293806008e+33
#ERR  p: [301, 368], r: -6.4650236318941467e+33, e: -2.1752089542411195e+34
#ERR  p: [302, 368], r: 2.6122085348820729e+33, e: -1.3064545735236532e+34
#ERR  p: [303, 368], r: -4.7382365453454609e+33, e: -2.3345900204789944e+34
#ERR  p: [304, 368], r: -4.4236360577967788e+33, e: 5.0242969442584381e+33
#ERR  p: [305, 368], r: -6.8380434383517354e+33, e: 3.8652833196027464e+33
#ERR  p: [306, 368], r: 3.5857970012683941e+32, e: -3.9892904968060494e+34
#ERR  p: [307, 368], r: 8.6827368860021180e+33, e: -9.3377897629398788e+33
#ERR  p: [308, 368], r: 2.1854793071375438e+33, e: -8.4389939199070623e+33
#ERR  p: [309, 368], r: -1.0124967980270568e+34, e: 1.9536949965644898e+33
#ERR  p: [310, 368], r: 1.6151043452004924e+34, e: 5.0031638841567915e+34
#ERR  p: [311, 368], r: -1.1692875985267309e+34, e: -3.5179641387127537e+34
#ERR  p: [312, 368], r: 1.4890836585232918e+34, e: 1.1416471209175748e+34
#ERR  p: [313, 368], r: -1.4502223686040491e+34, e: -5.9402998443523115e+34
#ERR  p: [314, 368], r: 2.4777082684207772e+34, e: 3.9858963128063367e+34
#ERR  p: [315, 368], r: 1.2628615053922500e+34, e: 1.2680219822400150e+34
#ERR  p: [316, 368], r: -4.5173502851657508e+33, e: -5.1554898063167751e+33
#ERR  p: [317, 368], r: 1.7987731450906258e+33, e: 1.7450787647751627e+34
#ERR  p: [318, 368], r: 1.3191542290046701e+34, e: 2.6186796807464313e+34
#ERR  p: [319, 368], r: -6.6873397128192314e+33, e: 4.2020540753149903e+33
#ERR  p: [320, 368], r: -4.1129239399114921e+33, e: -3.2336405077778918e+34
#ERR  p: [321, 368], r: 1.6426197908656807e+34, e: 1.4471182339555410e+34
#ERR  p: [322, 368], r: -8.1557662372889798e+33, e: 1.5395808420477935e+33
#ERR  p: [323, 368], r: 9.9276836659098535e+33, e: 3.6414162236024411e+34
#ERR  p: [324, 368], r: 1.1583502744856407e+34, e: 9.8215532094318590e+33
#ERR  p: [325, 368], r: -1.7291734635624163e+34, e: 1.1740285374951822e+34
#ERR  p: [326, 368], r: -9.8851622824704597e+33, e: -1.3151122309823995e+34
#ERR  p: [327, 368], r: -1.2357897374371416e+34, e: -2.7764628139815966e+34
#ERR  p: [328, 368], r: -1.1860505445986943e+34, e: -1.1511926289724965e+34
#ERR  p: [329, 368], r: -9.9289562682702389e+33, e: 2.2525205379865622e+34
#ERR  p: [330, 368], r: -2.3758029941423666e+33, e: 1.8267326707964068e+34
#ERR  p: [331, 368], r: -2.5175720421838332e+33, e: 2.1836135767558358e+34
#ERR  p: [332, 368], r: 1.3294264078626524e+34, e: 1.0775280165827886e+34
#ERR  p: [333, 368], r: -6.5775783782060128e+33, e: -3.7969533622243309e+33
#ERR  p: [334, 368], r: -1.0450325857275630e+34, e: -1.1010282037305547e+34
#ERR  p: [335, 368], r: 1.0198605605567420e+34, e: 1.8863098969210589e+34
#ERR  p: [336, 368], r: -1.9041322720786427e+34, e: -2.2252261884123903e+34
#ERR  p: [337, 368], r: 1.9864819004019651e+34, e: 1.0884150802582838e+34
#ERR  p: [338, 368], r: 3.5592094535596522e+33, e: -2.8930052127480087e+34
#ERR  p: [339, 368], r: -6.1667531208886879e+33, e: -2.5148197300944900e+34
#ERR  p: [340, 368], r: -6.8359024210537913e+33, e: -5.1888083435041214e+34
#ERR  p: [341, 368], r: -2.5567559392773137e+33, e: -5.8898649292117858e+33
#ERR  p: [342, 368], r: 1.0011386981666135e+34, e: 1.7924047173010271e+34
#ERR  p: [343, 368], r: 9.3175525381476610e+33, e: 9.8811810673041179e+33
#ERR  p: [344, 368], r: -2.2165120808878527e+34, e: -7.3487567157049544e+34
#ERR  p: [345, 368], r: -3.2615625548489834e+33, e: -3.3529397990117925e+34
#ERR  p: [346, 368], r: 8.4672882774449690e+33, e: 1.6757376579726589e+34
#ERR  p: [347, 368], r: -2.0288203163035526e+33, e: 2.6510312629690919e+34
#ERR  p: [348, 368], r: 7.3066854472638446e+33, e: 1.1221712292495176e+34
#ERR  p: [349, 368], r: 2.9597048030946854e+33, e: -3.6960509741202463e+34
#ERR  p: [350, 368], r: -3.0264643097392634e+34, e: -3.5186972468040185e+34
#ERR  p: [351, 368], r: 1.4194381422651277e+34, e: -3.4076567487482063e+34
#ERR  p: [352, 368], r: -2.1723369333499774e+34, e: -2.9389944376194527e+34
#ERR  p: [353, 368], r: 6.4240341992533685e+33, e: 2.1482243372647768e+34
#ERR  p: [354, 368], r: 6.6905051254996841e+33, e: -6.0623198802045536e+33
#ERR  p: [355, 368], r: -2.9631301831833880e+32, e: 2.3879751943211450e+33
#ERR  p: [356, 368], r: 6.5301368020804792e+32, e: 5.4124657324617718e+33
#ERR  p: [357, 368], r: -4.9165067196727717e+33, e: -1.8113426002280109e+34
#ERR  p: [358, 368], r: 2.0839948086784863e+34, e: 1.9071111271951751e+34
#ERR  p: [359, 368], r: -7.8216350792255021e+33, e: -5.0147410994041884e+34
#ERR  p: [360, 368], r: -5.0156418864737744e+33, e: -3.6456207631518699e+34
#ERR  p: [361, 368], r: -7.5362484291789059e+33, e: -2.0415969716550131e+34
#ERR  p: [362, 368], r: -4.8077444026712564e+33, e: -4.6128873792425706e+33
#ERR  p: [363, 368], r: 4.2611072195240110e+32, e: -1.6483984949690649e+34
#ERR  p: [364, 368], r: 6.3185258076451148e+33, e: -1.6078711853449519e+34
#ERR  p: [365, 368], r: 4.3128073093846864e+33, e: 2.7960321701226199e+34
#ERR  p: [366, 368], r: -1.4284387091147560e+34, e: 2.2081353120240203e+32
#ERR  p: [367, 368], r: -2.8915786106467362e+34, e: -4.2277786550223464e+34
#ERR  p: [368, 368], r: -6.0191937630559688e+33, e: -4.8255902986895866e+34
#ERR  p: [369, 368], r: 8.8751783789291482e+33, e: -6.5772001875240111e+34
#ERR  p: [370, 368], r: 1.2424133356173380e+33, e: -3.9936794894213317e+34
#ERR  p: [371, 368], r: -1.1654227497240820e+34, e: -2.5144485956707123e+34
#ERR  p: [372, 368], r: 1.2214397840897533e+34, e: -7.2723963650856985e+33
#ERR  p: [373, 368], r: 1.0992303434115006e+34, e: -6.5073840831284335e+33
#ERR  p: [374, 368], r: -1.5671337972961722e+34, e: 1.2099575188433696e+34
#ERR  p: [375, 368], r: 6.9781906301992333e+32, e: 1.2760750297835743e+34
#ERR  p: [376, 368], r: 4.2837410962322853e+33, e: -2.5218910911868960e+34
#ERR  p: [377, 368], r: -4.5196565674589395e+33, e: -5.2281537917727287e+33
#ERR  p: [378, 368], r: -1.0228657837961112e+34, e: -1.9252788876237195e+34
#ERR  p: [379, 368], r: -1.0070998746317883e+34, e: 3.0854887956363746e+33
#ERR  p: [380, 368], r: -3.6002536650471688e+33, e: 3.7008054066351258e+34
#ERR  p: [381, 368], r: -6.2112805861617438e+33, e: 1.0166781262007491e+34
#ERR  p: [382, 368], r: 1.3681828442605676e+34, e: 3.8792851642110876e+34
#ERR  p: [383, 368], r: -1.2315350613161216e+34, e: 9.3835390750317093e+32
#ERR  p: [384, 368], r: -2.3078015551018764e+33, e: 1.5717783007355631e+34
#ERR  p: [385, 368], r: 1.2187702901890383e+34, e: 2.8957497258151044e+34
#ERR  p: [386, 368], r: 3.5746991783012105e+33, e: -1.2509818613932557e+34
#ERR  p: [387, 368], r: -6.0870638257097898e+33, e: -1.7475482075655292e+34
#ERR  p: [388, 368], r: 2.9128162766817025e+33, e: 2.6594584159925232e+34
#ERR  p: [389, 368], r: -1.0086581935532407e+34, e: -5.7648094643832160e+34
#ERR  p: [390, 368], r: 2.0759032611997053e+34, e: 1.2014199415684341e+34
#ERR  p: [391, 368], r: 1.5722360909620908e+34, e: -2.8791170110352739e+34
#ERR  p: [392, 368], r: 1.1064211657176975e+34, e: 3.5146558677517674e+34
#ERR  p: [393, 368], r: 7.4428786586258650e+33, e: -1.2966378328061241e+34
#ERR  p: [394, 368], r: 1.6235506243975307e+33, e: -3.1394453407036574e+33
#ERR  p: [395, 368], r: 5.1570406357009898e+33, e: 2.8070042802788141e+34
#ERR  p: [396, 368], r: -1.4793418131781394e+34, e: -3.0820978302807641e+34
#ERR  p: [397, 368], r: -8.7292951919096215e+33, e: -1.5116472202373346e+34
#ERR  p: [398, 368], r: 7.8599462285912864e+33, e: 3.3708020358386412e+34
#ERR  p: [399, 368], r: -2.7814299864922272e+33, e: -1.6872529762180915e+34
#ERR  p: [400, 368], r: -8.6606836031722686e+33, e: 2.0318538883698214e+34
#ERR  p: [401, 368], r: -1.5306049102049470e+34, e: -7.1793212242620076e+33
#ERR  p: [402, 368], r: -1.6564283001883866e+33, e: -2.5139053875814739e+34
#ERR  p: [403, 368], r: 8.9847224550654722e+33, e: -1.4931161244072600e+34
#ERR  p: [404, 368], r: 2.3905847719239586e+34, e: 4.6241007020154195e+34
#ERR  p: [405, 368], r: 2.0077801636018543e+34, e: 2.0861530333429764e+34
#ERR  p: [406, 368], r: -9.5749413172957594e+33, e: 2.9325623487633338e+33
#ERR  p: [407, 368], r: -2.2180473741245744e+34, e: -9.8242290168267743e+33
#ERR  p: [408, 368], r: -8.3187849903322948e+33, e: -5.6099177876978096e+33
#ERR  p: [409, 368], r: 2.5845139592932000e+33, e: -1.3743080477809478e+34
#ERR  p: [410, 368], r: 1.0418888369977978e+34, e: -1.4642167546236536e+33
#ERR  p: [411, 368], r: -1.2303661983310284e+34, e: -4.3295635705804375e+34
#ERR  p: [412, 368], r: 1.8307236656890589e+34, e: 9.8743216415464376e+33
#ERR  p: [413, 368], r: 2.6656020648194886e+34, e: -1.6195797460305169e+34
#ERR  p: [414, 368], r: -2.4172694979257844e+33, e: 5.1933633438786720e+33
#ERR  p: [415, 368], r: -2.0920188884251263e+34, e: -3.0822320229810227e+34
#ERR  p: [416, 368], r: 1.5594350481918564e+34, e: 3.4545125316471501e+34
#ERR  p: [417, 368], r: 6.9065077122244133e+33, e: 3.7594713850968599e+34
#ERR  p: [418, 368], r: -3.2166086192323937e+33, e: 6.4820644955049296e+33
#ERR  p: [419, 368], r: -2.5231130617996746e+33, e: 1.4514277508203012e+34
#ERR  p: [420, 368], r: -2.7424315947136336e+34, e: -3.9412797158504523e+34
#ERR  p: [421, 368], r: -8.7832409050015605e+33, e: 6.9445403250813584e+32
#ERR  p: [422, 368], r: 3.8574737748649146e+33, e: -3.4742641125619562e+34
#ERR  p: [423, 368], r: -3.6045632438089310e+33, e: 5.0555410034249520e+33
#ERR  p: [424, 368], r: -1.1406707576085904e+33, e: 2.6407635406952511e+34
#ERR  p: [425, 368], r: 3.3026479278428062e+33, e: 2.0394692003154894e+34
#ERR  p: [426, 368], r: 5.7776914684320197e+33, e: 5.0705145071701283e+33
#ERR  p: [427, 368], r: 1.2719171605736265e+34, e: 2.4885154849637386e+34
#ERR  p: [428, 368], r: 6.7039033505448698e+33, e: 1.6167132958695516e+34
#ERR  p: [429, 368], r: 2.3063387432544549e+34, e: -5.2092219747519373e+33
#ERR  p: [430, 368], r: 7.9856370661450195e+32, e: 3.2815455686541339e+34
#ERR  p: [431, 368], r: 2.0177358011917913e+33, e: 3.4502205935309477e+34
#ERR  p: [432, 368], r: 4.3630955286305567e+33, e: -1.4446271272144870e+34
#ERR  p: [433, 368], r: -2.2888985201869985e+33, e: 2.9597673190666693e+34
#ERR  p: [434, 368], r: -4.2697789894992051e+33, e: -1.5543887094157135e+34
#ERR  p: [435, 368], r: 5.6936204844840709e+33, e: 3.4575796518884835e+34
#ERR  p: [436, 368], r: 1.0227708956920999e+34, e: 8.9682584715129963e+33
#ERR  p: [437, 368], r: 2.3003561194780994e+33, e: 1.6658556778150595e+34
#ERR  p: [438, 368], r: -1.6542552511919260e+33, e: 1.9116759072960360e+34
#ERR  p: [439, 368], r: 1.1809378522364457e+34, e: 3.8929831564367862e+33
#ERR  p: [440, 368], r: -4.4198290826909664e+33, e: -1.1907297103591852e+34
#ERR  p: [441, 368], r: -2.7828938505886822e+33, e: -3.6093632325172562e+34
#ERR  p: [442, 368], r: 1.8959999963725692e+34, e: 9.1803448349234462e+33
#ERR  p: [443, 368], r: 8.8388658837567902e+33, e: 4.6321652005043422e+33
#ERR  p: [444, 368], r: -1.1786122580786441e+34, e: -1.0317946120204629e+34
#ERR  p: [445, 368], r: 4.7455431769423330e+33, e: 2.9661419675049654e+34
#ERR  p: [446, 368], r: 2.5931016112427246e+34, e: 9.7521029163178902e+33
#ERR  p: [447, 368], r: -2.7817255446766066e+34, e: -8.7242004496779425e+33
#ERR  p: [448, 368], r: -6.0045514082713013e+33, e: 1.0030549983989262e+33
#ERR  p: [449, 368], r: 7.2409403086874570e+33, e: -6.3973504017065721e+33
#ERR  p: [450, 368], r: 1.0108840716408778e+34, e: -3.8221477941098630e+34
#ERR  p: [451, 368], r: 2.1027575230899112e+34, e: 2.2088259587719376e+34
#ERR  p: [452, 368], r: -6.5353732884466563e+33, e: -3.4869002617189578e+34
#ERR  p: [453, 368], r: 4.9914516096511086e+30, e: 4.1162204504421051e+34
#ERR  p: [454, 368], r: 2.8338137287395979e+33, e: -1.2115823151449317e+34
#ERR  p: [455, 368], r: 1.9852958300503258e+34, e: 4.9217094102758764e+34
#ERR  p: [456, 368], r: -1.1114824835683158e+34, e: -3.4385223696447106e+33
#ERR  p: [457, 368], r: 2.2806216530843364e+33, e: -1.6941455478203237e+33
#ERR  p: [458, 368], r: -2.1259243329850978e+34, e: -1.3038291502883368e+34
#ERR  p: [459, 368], r: 1.4179976752354153e+34, e: 5.4003815807682876e+33
#ERR  p: [460, 368], r: 8.3666220883003801e+33, e: 3.8568994944806901e+34
#ERR  p: [461, 368], r: 1.0745674829788376e+34, e: 3.5652284418246616e+34
#ERR  p: [462, 368], r: 8.9935152336795065e+32, e: 2.6228613184051334e+33
#ERR  p: [463, 368], r: -9.5970484505173177e+33, e: -1.1062368364458480e+33
#ERR  p: [464, 368], r: -6.6568628669920646e+33, e: -3.0342989846598927e+34
#ERR  p: [465, 368], r: -3.0919746729872006e+33, e: 4.2970204790336995e+33
#ERR  p: [466, 368], r: 8.0139967250199984e+32, e: 3.4690518898205490e+34
#ERR  p: [467, 368], r: -8.6129257333666976e+33, e: -1.4271284733771764e+34
#ERR  p: [468, 368], r: 4.3641743933747939e+33, e: 4.2695016909304052e+34
#ERR  p: [469, 368], r: 7.3517099454626736e+33, e: 3.0463658670898289e+33
#ERR  p: [470, 368], r: 2.0306903485268971e+34, e: 2.1228591934478272e+34
#ERR  p: [471, 368], r: 2.2417581348730230e+34, e: -3.4176120149561315e+33
#ERR  p: [472, 368], r: -1.3220667305350969e+33, e: 5.3175243970288581e+34
#ERR  p: [473, 368], r: -1.0863664132872705e+34, e: -3.8395716144717989e+33
#ERR  p: [474, 368], r: 2.1841471289127678e+34, e: -6.9493583877142571e+33
#ERR  p: [475, 368], r: 1.0849521905863908e+34, e: 3.6915180090783951e+33
#ERR  p: [476, 368], r: 3.6322847445936584e+33, e: -4.6438330948596167e+33
#ERR  p: [477, 368], r: -2.0870044266049949e+33, e: -1.6248088047564584e+34
#ERR  p: [478, 368], r: -9.9583691046336399e+33, e: 1.3261577509829233e+34
#ERR  p: [479, 368], r: 9.1675934335487872e+33, e: -1.9275028469042957e+34
#ERR  p: [480, 368], r: 9.2714015145130824e+33, e: 2.5025623905895098e+34
#ERR  p: [481, 368], r: 1.0095474058834594e+34, e: -1.7196132240210271e+34
#ERR  p: [482, 368], r: 7.8658580112488938e+33, e: 7.7817767523986190e+34
#ERR  p: [483, 368], r: -7.1088217769647445e+33, e: -3.2388128688500340e+34
#ERR  p: [484, 368], r: 2.4492519883257320e+34, e: -2.6716701993040577e+33
#ERR  p: [485, 368], r: -5.6401006227656461e+33, e: 1.7003445635155462e+34
#ERR  p: [486, 368], r: 8.2496373735579313e+33, e: 2.1898489259912114e+33
#ERR  p: [487, 368], r: -1.3772042085028559e+34, e: -2.3625474107382076e+34
#ERR  p: [488, 368], r: -1.3354067723984361e+34, e: -3.9819898692183678e+34
#ERR  p: [489, 368], r: -6.0812027985937931e+33, e: 1.4558878011938386e+34
#ERR  p: [490, 368], r: 1.2305997976164415e+34, e: 2.2102929177184908e+34
#ERR  p: [491, 368], r: 1.4950911339459359e+33, e: 7.5634366872917111e+33
#ERR  p: [492, 368], r: -3.6533702677977964e+33, e: -2.8319730356951845e+34
#ERR  p: [493, 368], r: -1.0103021779254117e+34, e: -1.0870391099046181e+34
#ERR  p: [494, 368], r: 1.6734343467355646e+34, e: 4.6485891366965472e+34
#ERR  p: [495, 368], r: -2.9558501672973605e+33, e: 3.1798849422759870e+34
#ERR  p: [496, 368], r: -7.8780894778070530e+33, e: -1.0275089255014588e+34
#ERR  p: [497, 368], r: -1.9225098942923469e+33, e: 7.0421159969178714e+33
#ERR  p: [498, 368], r: 1.5279476719106210e+34, e: 6.1254461566278330e+33
#ERR  p: [499, 368], r: 2.6886630927383183e+33, e: 1.1446347654083862e+34
#ERR  p: [500, 368], r: -1.1644215038203080e+34, e: -3.1560023554500856e+34
#SDC Ite:1 KerTime:2.7152029 AccTime:2.7152029 KerErr:32768 AccErr:32768
#ABORT too many errors per iteration
#END
