#HEADER matrix_dim:2048 threads:4 block_size:16 block_offset:12 precision:Float
#BEGIN Y:2023 M:10 D:31 Time:03:20:36
#IT 0 KerTime:2.6660099 AccTime:2.6660099
#IT 1 KerTime:2.6825601 AccTime:5.3485700
#IT 2 KerTime:2.6776406 AccTime:8.0262106
#IT 3 KerTime:2.6049018 AccTime:10.6311124
#IT 4 KerTime:2.6688327 AccTime:13.2999450
#IT 5 KerTime:2.6346697 AccTime:15.9346148
#IT 6 KerTime:2.6574837 AccTime:18.5920985
#IT 7 KerTime:2.6052519 AccTime:21.1973504
#IT 8 KerTime:2.6326192 AccTime:23.8299696
#IT 9 KerTime:2.6538993 AccTime:26.4838689
#IT 10 KerTime:2.6085637 AccTime:29.0924326
#IT 11 KerTime:2.6067210 AccTime:31.6991536
#IT 12 KerTime:2.6042203 AccTime:34.3033739
#IT 13 KerTime:2.6549660 AccTime:36.9583399
#IT 14 KerTime:2.6086209 AccTime:39.5669608
#IT 15 KerTime:2.6966403 AccTime:42.2636011
#IT 16 KerTime:2.6043937 AccTime:44.8679947
#IT 17 KerTime:2.6481744 AccTime:47.5161691
#IT 18 KerTime:2.6086500 AccTime:50.1248191
#IT 19 KerTime:2.6719464 AccTime:52.7967655
#ERR  p: [842, 1905], r: -1.9208078195838325e+34, e: -5.5487691204872886e+33
#SDC Ite:20 KerTime:2.6719464 AccTime:52.7967655 KerErr:1 AccErr:1
#IT 20 KerTime:2.6029462 AccTime:55.3997117
#IT 21 KerTime:2.6671590 AccTime:58.0668707
#IT 22 KerTime:2.6069645 AccTime:60.6738352
