#HEADER matrix_dim:2048 threads:4 block_size:16 block_offset:12 precision:Float
#BEGIN Y:2023 M:11 D:04 Time:14:37:42
#IT 0 KerTime:2.6865663 AccTime:2.6865663
#IT 1 KerTime:2.6457968 AccTime:5.3323631
#IT 2 KerTime:2.6853399 AccTime:8.0177029
#IT 3 KerTime:2.5829649 AccTime:10.6006678
#IT 4 KerTime:2.6318161 AccTime:13.2324839
#ERR  p: [24, 817], r: -6.5829526472985624e+34, e: -6.0460214092353301e+34
#SDC Ite:5 KerTime:2.6318161 AccTime:13.2324839 KerErr:1 AccErr:1
#IT 5 KerTime:2.6105920 AccTime:15.8430759
#IT 6 KerTime:2.6588588 AccTime:18.5019347
#IT 7 KerTime:2.5816897 AccTime:21.0836244
#IT 8 KerTime:2.6451718 AccTime:23.7287962
#IT 9 KerTime:2.6236365 AccTime:26.3524328
#IT 10 KerTime:2.6281525 AccTime:28.9805853
#IT 11 KerTime:2.5916061 AccTime:31.5721914
#IT 12 KerTime:2.6056626 AccTime:34.1778540
#IT 13 KerTime:2.5845649 AccTime:36.7624189
#IT 14 KerTime:2.5848215 AccTime:39.3472404
#IT 15 KerTime:2.7019587 AccTime:42.0491991
#IT 16 KerTime:2.5833302 AccTime:44.6325292
#IT 17 KerTime:2.6847632 AccTime:47.3172924
#IT 18 KerTime:2.5849481 AccTime:49.9022406
