#HEADER matrix_dim:2048 threads:4 block_size:16 block_offset:12 precision:Float
#BEGIN Y:2023 M:11 D:01 Time:10:30:24
#IT 0 KerTime:2.6897848 AccTime:2.6897848
#ERR  p: [325, 1907], r: 1.2338870235967599e+34, e: 4.3927331749050919e+34
#ERR  p: [326, 1907], r: -5.2953657655016655e+34, e: -3.3433314036028751e+34
#ERR  p: [459, 2000], r: -1.6558668634320697e+34, e: -1.7131812589589120e+34
#ERR  p: [460, 2000], r: -3.1555433272835186e+34, e: -1.9118950226829895e+33
#ERR  p: [461, 2000], r: -2.7721500784727342e+33, e: -1.2771104428324326e+34
#ERR  p: [508, 2000], r: -1.6435207636262726e+34, e: 1.5567294064419943e+34
#ERR  p: [509, 2000], r: -6.8748319214691987e+33, e: -1.5652128857372130e+34
#ERR  p: [510, 2000], r: -5.8870306654918420e+33, e: -1.2497494920841471e+34
#SDC Ite:1 KerTime:2.6897848 AccTime:2.6897848 KerErr:8 AccErr:8
#IT 1 KerTime:2.6901153 AccTime:5.3799001
#IT 2 KerTime:2.7756551 AccTime:8.1555553
#ERR  p: [1922, 1689], r: -4.6801363054816801e+33, e: 1.5558226153632177e+34
#ERR  p: [148, 1937], r: -4.9315262747874094e+34, e: 3.7992447892370481e+33
#ERR  p: [149, 1937], r: -1.8982556469181510e+34, e: -1.4791473327979677e+34
#ERR  p: [518, 1938], r: -8.4149637706284781e+34, e: -5.9967677364802906e+34
#SDC Ite:3 KerTime:2.7756551 AccTime:8.1555553 KerErr:4 AccErr:12
#IT 3 KerTime:2.6753902 AccTime:10.8309455
#ERR  p: [1231, 735], r: 7.5700095299302968e+33, e: 5.9126294085942047e+33
#ERR  p: [1446, 916], r: -1.5065649812000524e+34, e: -1.2925377753960109e+34
#SDC Ite:4 KerTime:2.6753902 AccTime:10.8309455 KerErr:2 AccErr:14
#IT 4 KerTime:2.5974773 AccTime:13.4284228
#IT 5 KerTime:2.6748194 AccTime:16.1032422
#ERR  p: [1049, 857], r: 3.5427068462779506e+34, e: 3.2042312614406047e+34
#SDC Ite:6 KerTime:2.6748194 AccTime:16.1032422 KerErr:1 AccErr:15
#IT 6 KerTime:2.5940446 AccTime:18.6972868
#IT 7 KerTime:2.7543666 AccTime:21.4516534
#ERR  p: [1972, 735], r: -1.2597373161151055e+34, e: -1.2556625126817937e+34
#ERR  p: [760, 2002], r: -1.9202763719249672e+34, e: -2.0077685269654851e+34
#ERR  p: [760, 2004], r: -1.4348579233944664e+34, e: -1.3594416258491696e+34
#ERR  p: [761, 2004], r: -7.3657967127577098e+34, e: -3.1284933470731016e+34
#SDC Ite:8 KerTime:2.7543666 AccTime:21.4516534 KerErr:4 AccErr:19
#IT 8 KerTime:2.6161900 AccTime:24.0678434
#ERR  p: [1759, 916], r: -5.3810416149165438e+34, e: -5.2271938930662668e+34
#SDC Ite:9 KerTime:2.6161900 AccTime:24.0678434 KerErr:1 AccErr:20
#IT 9 KerTime:2.7690373 AccTime:26.8368806
#ERR  p: [1375, 529], r: 2.8007836315814050e+34, e: 2.6120029749385495e+34
#SDC Ite:10 KerTime:2.7690373 AccTime:26.8368806 KerErr:1 AccErr:21
#ABORT amount of errors equals of the last iteration
#END
