#HEADER matrix_dim:2048 threads:4 block_size:16 block_offset:12 precision:Float
#BEGIN Y:2023 M:11 D:08 Time:00:00:06
#IT 0 KerTime:2.6920164 AccTime:2.6920164
#IT 1 KerTime:2.9740187 AccTime:5.6660351
#IT 2 KerTime:2.7193112 AccTime:8.3853463
#IT 3 KerTime:2.5939911 AccTime:10.9793374
#IT 4 KerTime:2.6419652 AccTime:13.6213026
#IT 5 KerTime:2.6020773 AccTime:16.2233800
#IT 6 KerTime:2.6366703 AccTime:18.8600502
#IT 7 KerTime:2.6119731 AccTime:21.4720233
#IT 8 KerTime:2.6397700 AccTime:24.1117933
#IT 9 KerTime:2.5955748 AccTime:26.7073681
#IT 10 KerTime:2.6127999 AccTime:29.3201680
#IT 11 KerTime:2.5927597 AccTime:31.9129276
#IT 12 KerTime:2.5895529 AccTime:34.5024806
#IT 13 KerTime:2.7201814 AccTime:37.2226620
#IT 14 KerTime:2.5921685 AccTime:39.8148305
#IT 15 KerTime:2.6619502 AccTime:42.4767807
#IT 16 KerTime:2.5894026 AccTime:45.0661833
#IT 17 KerTime:2.6502824 AccTime:47.7164657
#IT 18 KerTime:2.6039804 AccTime:50.3204461
#ERR  p: [1878, 986], r: -2.5524342906001685e+34, e: -5.5949585202630851e+33
#ERR  p: [1558, 988], r: 2.4344026499664960e+34, e: -2.6589273397156697e+34
#SDC Ite:19 KerTime:2.6039804 AccTime:50.3204461 KerErr:2 AccErr:2
