#HEADER matrix_dim:2048 threads:4 block_size:16 block_offset:12 precision:Float
#BEGIN Y:2023 M:11 D:03 Time:01:56:23
#IT 0 KerTime:2.6446878 AccTime:2.6446878
#IT 1 KerTime:2.7040084 AccTime:5.3486963
#IT 2 KerTime:2.6721912 AccTime:8.0208875
#IT 3 KerTime:2.5919299 AccTime:10.6128174
#IT 4 KerTime:2.6379571 AccTime:13.2507744
#IT 5 KerTime:2.5958182 AccTime:15.8465926
#IT 6 KerTime:2.6395825 AccTime:18.4861751
#IT 7 KerTime:2.5928792 AccTime:21.0790543
#IT 8 KerTime:2.6413902 AccTime:23.7204446
#IT 9 KerTime:2.5987096 AccTime:26.3191542
#IT 10 KerTime:2.5964820 AccTime:28.9156362
#IT 11 KerTime:2.6687830 AccTime:31.5844192
#IT 12 KerTime:2.5912295 AccTime:34.1756487
#IT 13 KerTime:2.6390742 AccTime:36.8147229
#IT 14 KerTime:2.6619500 AccTime:39.4766730
#IT 15 KerTime:2.6387651 AccTime:42.1154381
#IT 16 KerTime:2.5918647 AccTime:44.7073028
#IT 17 KerTime:2.6288411 AccTime:47.3361439
#IT 18 KerTime:2.5960782 AccTime:49.9322221
#IT 19 KerTime:2.6422752 AccTime:52.5744973
#IT 20 KerTime:2.5929085 AccTime:55.1674058
#IT 21 KerTime:2.6188388 AccTime:57.7862446
#IT 22 KerTime:2.5961273 AccTime:60.3823719
#IT 23 KerTime:2.5966416 AccTime:62.9790135
#IT 24 KerTime:2.5930027 AccTime:65.5720162
#IT 25 KerTime:2.5947232 AccTime:68.1667394
#IT 26 KerTime:2.6819758 AccTime:70.8487153
#IT 27 KerTime:2.5958966 AccTime:73.4446119
#IT 28 KerTime:2.6442223 AccTime:76.0888342
#IT 29 KerTime:2.5910486 AccTime:78.6798828
#IT 30 KerTime:2.6357297 AccTime:81.3156125
#IT 31 KerTime:2.5992519 AccTime:83.9148644
#IT 32 KerTime:2.6338949 AccTime:86.5487592
#IT 33 KerTime:2.5918525 AccTime:89.1406117
#IT 34 KerTime:2.6349496 AccTime:91.7755613
#IT 35 KerTime:2.5964222 AccTime:94.3719835
#IT 36 KerTime:2.5963339 AccTime:96.9683174
#IT 37 KerTime:2.5925137 AccTime:99.5608311
#IT 38 KerTime:2.5926183 AccTime:102.1534494
#IT 39 KerTime:2.6896459 AccTime:104.8430953
#IT 40 KerTime:2.5965231 AccTime:107.4396185
#IT 41 KerTime:2.6398925 AccTime:110.0795110
#IT 42 KerTime:2.5918280 AccTime:112.6713390
#IT 43 KerTime:2.6326583 AccTime:115.3039973
#IT 44 KerTime:2.5962575 AccTime:117.9002547
#IT 45 KerTime:2.6390058 AccTime:120.5392605
#IT 46 KerTime:2.5896344 AccTime:123.1288950
#IT 47 KerTime:2.6240796 AccTime:125.7529746
#IT 48 KerTime:2.5957653 AccTime:128.3487398
#IT 49 KerTime:2.6204266 AccTime:130.9691665
#IT 50 KerTime:2.5916988 AccTime:133.5608653
#IT 51 KerTime:2.5921485 AccTime:136.1530137
#IT 52 KerTime:2.7236058 AccTime:138.8766195
#IT 53 KerTime:2.5979313 AccTime:141.4745508
#IT 54 KerTime:2.6876701 AccTime:144.1622209
#IT 55 KerTime:2.5916736 AccTime:146.7538945
#IT 56 KerTime:2.6367130 AccTime:149.3906076
#IT 57 KerTime:2.5985427 AccTime:151.9891502
#IT 58 KerTime:2.6719709 AccTime:154.6611211
#IT 59 KerTime:2.5924695 AccTime:157.2535905
#IT 60 KerTime:2.6267424 AccTime:159.8803330
#IT 61 KerTime:2.5959450 AccTime:162.4762780
#IT 62 KerTime:2.6343522 AccTime:165.1106302
#IT 63 KerTime:2.6536497 AccTime:167.7642799
#IT 64 KerTime:2.5913525 AccTime:170.3556325
#IT 65 KerTime:2.5978158 AccTime:172.9534482
#IT 66 KerTime:2.5944138 AccTime:175.5478621
#IT 67 KerTime:2.6420237 AccTime:178.1898857
#IT 68 KerTime:2.5916818 AccTime:180.7815675
#IT 69 KerTime:2.6696950 AccTime:183.4512625
#IT 70 KerTime:2.5960097 AccTime:186.0472723
#IT 71 KerTime:2.6766787 AccTime:188.7239510
#IT 72 KerTime:2.5913454 AccTime:191.3152964
#IT 73 KerTime:2.6289677 AccTime:193.9442642
#IT 74 KerTime:2.5964383 AccTime:196.5407025
#IT 75 KerTime:2.6636615 AccTime:199.2043640
#IT 76 KerTime:2.5924351 AccTime:201.7967990
#IT 77 KerTime:2.6173378 AccTime:204.4141368
#IT 78 KerTime:2.5971865 AccTime:207.0113233
#IT 79 KerTime:2.6378142 AccTime:209.6491376
#IT 80 KerTime:2.6419333 AccTime:212.2910708
#IT 81 KerTime:2.6393025 AccTime:214.9303733
#IT 82 KerTime:2.6612984 AccTime:217.5916717
#IT 83 KerTime:2.5969416 AccTime:220.1886133
#IT 84 KerTime:2.6886242 AccTime:222.8772375
#IT 85 KerTime:2.6193289 AccTime:225.4965664
#IT 86 KerTime:2.6487824 AccTime:228.1453488
#IT 87 KerTime:2.5971162 AccTime:230.7424650
#IT 88 KerTime:2.7999360 AccTime:233.5424010
#IT 89 KerTime:2.5917231 AccTime:236.1341240
#IT 90 KerTime:2.6275548 AccTime:238.7616789
#IT 91 KerTime:2.5963431 AccTime:241.3580220
#IT 92 KerTime:2.6254176 AccTime:243.9834396
#IT 93 KerTime:2.5919447 AccTime:246.5753843
#IT 94 KerTime:2.5943614 AccTime:249.1697456
#IT 95 KerTime:2.7033699 AccTime:251.8731155
#IT 96 KerTime:2.6166293 AccTime:254.4897448
#IT 97 KerTime:2.6390538 AccTime:257.1287986
#IT 98 KerTime:2.6141162 AccTime:259.7429149
#IT 99 KerTime:2.6403568 AccTime:262.3832717
#ERR  p: [72, 1911], r: 2.3605417002865574e+34, e: 2.0448171012852022e+34
#SDC Ite:100 KerTime:2.6403568 AccTime:262.3832717 KerErr:1 AccErr:1
#IT 100 KerTime:2.5968695 AccTime:264.9801412
#IT 101 KerTime:2.6436678 AccTime:267.6238089
#IT 102 KerTime:2.5921084 AccTime:270.2159173
#IT 103 KerTime:2.6369110 AccTime:272.8528283
#IT 104 KerTime:2.5972629 AccTime:275.4500912
#IT 105 KerTime:2.6346286 AccTime:278.0847199
#IT 106 KerTime:2.5930031 AccTime:280.6777230
#IT 107 KerTime:2.6470350 AccTime:283.3247580
#IT 108 KerTime:2.5965327 AccTime:285.9212906
#IT 109 KerTime:2.6212964 AccTime:288.5425870
#IT 110 KerTime:2.5941748 AccTime:291.1367618
#IT 111 KerTime:2.6310527 AccTime:293.7678145
#IT 112 KerTime:2.5952278 AccTime:296.3630423
#IT 113 KerTime:2.5954237 AccTime:298.9584660
#IT 114 KerTime:2.7000681 AccTime:301.6585341
#IT 115 KerTime:2.5915756 AccTime:304.2501097
#IT 116 KerTime:2.6417030 AccTime:306.8918127
#ERR  p: [14, 2002], r: 1.4794402294112626e+34, e: 1.7632506104058368e+34
#SDC Ite:117 KerTime:2.6417030 AccTime:306.8918127 KerErr:1 AccErr:2
#IT 117 KerTime:2.5958475 AccTime:309.4876601
#IT 118 KerTime:2.6455563 AccTime:312.1332164
#IT 119 KerTime:2.5924983 AccTime:314.7257147
#IT 120 KerTime:2.6944076 AccTime:317.4201224
#IT 121 KerTime:2.5970795 AccTime:320.0172019
#IT 122 KerTime:2.6828197 AccTime:322.7000216
#IT 123 KerTime:2.6118656 AccTime:325.3118872
#IT 124 KerTime:2.6308822 AccTime:327.9427694
#IT 125 KerTime:2.5956560 AccTime:330.5384254
#IT 126 KerTime:2.6252390 AccTime:333.1636644
#IT 127 KerTime:2.5921795 AccTime:335.7558438
#IT 128 KerTime:2.6277656 AccTime:338.3836094
#IT 129 KerTime:2.5949407 AccTime:340.9785501
#IT 130 KerTime:2.5967223 AccTime:343.5752724
#IT 131 KerTime:2.5923401 AccTime:346.1676125
#IT 132 KerTime:2.5942653 AccTime:348.7618778
#IT 133 KerTime:2.6448142 AccTime:351.4066920
#IT 134 KerTime:2.5963770 AccTime:354.0030690
#IT 135 KerTime:2.6637646 AccTime:356.6668336
#IT 136 KerTime:2.6269185 AccTime:359.2937521
#IT 137 KerTime:2.6604369 AccTime:361.9541890
#IT 138 KerTime:2.5981906 AccTime:364.5523796
#IT 139 KerTime:2.6557793 AccTime:367.2081589
#IT 140 KerTime:2.5918180 AccTime:369.7999769
#IT 141 KerTime:2.6303246 AccTime:372.4303015
#IT 142 KerTime:2.5953034 AccTime:375.0256049
#IT 143 KerTime:2.6047715 AccTime:377.6303764
#IT 144 KerTime:2.5938180 AccTime:380.2241944
#IT 145 KerTime:2.5918284 AccTime:382.8160228
#IT 146 KerTime:2.6513059 AccTime:385.4673286
#IT 147 KerTime:2.5965761 AccTime:388.0639047
#IT 148 KerTime:2.6882874 AccTime:390.7521922
#IT 149 KerTime:2.6451817 AccTime:393.3973739
#IT 150 KerTime:2.6777011 AccTime:396.0750750
#IT 151 KerTime:2.5950155 AccTime:398.6700904
#IT 152 KerTime:2.6663256 AccTime:401.3364161
#IT 153 KerTime:2.5929988 AccTime:403.9294148
#IT 154 KerTime:2.6470128 AccTime:406.5764276
#IT 155 KerTime:2.5963006 AccTime:409.1727282
#IT 156 KerTime:2.6307427 AccTime:411.8034708
#IT 157 KerTime:2.5915693 AccTime:414.3950401
#IT 158 KerTime:2.5925704 AccTime:416.9876105
#IT 159 KerTime:2.5962206 AccTime:419.5838311
#IT 160 KerTime:2.5993347 AccTime:422.1831658
#IT 161 KerTime:2.6410097 AccTime:424.8241756
#IT 162 KerTime:2.5927271 AccTime:427.4169026
#IT 163 KerTime:2.6387270 AccTime:430.0556297
#IT 164 KerTime:2.5971024 AccTime:432.6527321
#IT 165 KerTime:2.6972906 AccTime:435.3500227
#IT 166 KerTime:2.5949790 AccTime:437.9450017
#IT 167 KerTime:2.6432156 AccTime:440.5882173
#IT 168 KerTime:2.5965972 AccTime:443.1848145
#IT 169 KerTime:2.6407222 AccTime:445.8255367
#IT 170 KerTime:2.5946295 AccTime:448.4201662
#IT 171 KerTime:2.5928095 AccTime:451.0129758
