#HEADER matrix_dim:2048 threads:4 block_size:16 block_offset:12 precision:Float
#BEGIN Y:2023 M:10 D:30 Time:22:38:11
#IT 0 KerTime:2.6492686 AccTime:2.6492686
#IT 1 KerTime:2.6724771 AccTime:5.3217457
#ERR  p: [248, 944], r: 6.7326811236681174e+33, e: 7.1932913776053431e+33
#ERR  p: [249, 944], r: 7.9252667537341992e+33, e: 7.7815796723443647e+33
#ERR  p: [250, 944], r: -9.2995299880857248e+33, e: -9.3372574487229861e+33
#ERR  p: [251, 944], r: -3.4603117855551864e+34, e: -3.4330944358514580e+34
#ERR  p: [248, 945], r: -8.7924536547739223e+32, e: 1.1168743004609223e+33
#ERR  p: [249, 945], r: 1.2350756936224818e+34, e: 1.1728063192943957e+34
#ERR  p: [250, 945], r: -1.6721917025241299e+34, e: -1.6885414242109798e+34
#ERR  p: [251, 945], r: -2.8737730714736868e+34, e: -2.7558211541785443e+34
#ERR  p: [248, 946], r: 7.8166059478159053e+33, e: 5.3095130680646228e+33
#ERR  p: [249, 946], r: 3.1912045422012086e+33, e: 3.9732979208205333e+33
#ERR  p: [250, 946], r: -1.9417680013589929e+34, e: -1.9212330519873270e+34
#ERR  p: [251, 946], r: -7.4407165963472531e+33, e: -8.9221681069403427e+33
#ERR  p: [248, 947], r: -1.2085774632875743e+34, e: -1.2426992997664129e+34
#ERR  p: [249, 947], r: 2.5701922928757094e+34, e: 2.5808365965095008e+34
#ERR  p: [250, 947], r: 1.7687642715468099e+34, e: 1.7715590449795006e+34
#ERR  p: [251, 947], r: 2.0417607511222105e+34, e: 2.0215981741143617e+34
#ERR  p: [248, 948], r: -5.7952547427393810e+33, e: -6.9713683426427315e+33
#ERR  p: [249, 948], r: -2.5935158259798695e+34, e: -2.5568267494475609e+34
#ERR  p: [250, 948], r: 3.0580993722671856e+34, e: 3.0677325264768887e+34
#ERR  p: [251, 948], r: 1.7626333735022491e+34, e: 1.6931366576368071e+34
#ERR  p: [248, 949], r: -2.1057706691455318e+33, e: 9.2119234473855770e+32
#ERR  p: [249, 949], r: -1.1412556842771528e+34, e: -1.2356825318297395e+34
#ERR  p: [250, 949], r: 1.4674772720476244e+34, e: 1.4426840565288247e+34
#ERR  p: [251, 949], r: 1.3268366373004674e+34, e: 1.5057015180226509e+34
#ERR  p: [248, 950], r: 2.0122403377693956e+34, e: 2.0644767032550894e+34
#ERR  p: [249, 950], r: 1.2649836131560940e+33, e: 1.1020298519648415e+33
#ERR  p: [250, 950], r: -2.7614728456338978e+34, e: -2.7657516615856838e+34
#ERR  p: [251, 950], r: 1.0892878279859800e+34, e: 1.1201546249255217e+34
#ERR  p: [248, 951], r: -1.1103845545474736e+34, e: -1.4139658283214667e+34
#ERR  p: [249, 951], r: -4.1413791058605019e+34, e: -4.0466761976791546e+34
#ERR  p: [250, 951], r: 4.2249348591641001e+34, e: 4.2498006179692019e+34
#ERR  p: [251, 951], r: 3.5097845736971794e+34, e: 3.3303966633083978e+34
#ERR  p: [248, 952], r: 4.1267996384298301e+34, e: 3.9681942654205715e+34
#ERR  p: [249, 952], r: 2.4127614773757247e+34, e: 2.4622389696898671e+34
#ERR  p: [250, 952], r: -1.5310385606007087e+34, e: -1.5180476178284479e+34
#ERR  p: [251, 952], r: 2.0050435114540081e+33, e: 1.0678362459122253e+33
#ERR  p: [248, 953], r: 2.1869584907419849e+34, e: 1.9294662198066023e+34
#ERR  p: [249, 953], r: 2.9736911734525355e+34, e: 3.0540166460176224e+34
#ERR  p: [250, 953], r: -2.9443906182506977e+34, e: -2.9232995862133848e+34
#ERR  p: [251, 953], r: -2.1987082748308582e+34, e: -2.3508615043553614e+34
#ERR  p: [248, 954], r: -2.2661205472581514e+34, e: -1.9783664606804259e+34
#ERR  p: [249, 954], r: 5.6341572726370370e+33, e: 4.7364997154703435e+33
#ERR  p: [250, 954], r: -3.2723201918933714e+34, e: -3.2958895798893336e+34
#ERR  p: [251, 954], r: 1.2486244521764445e+34, e: 1.4186600969504369e+34
#ERR  p: [248, 955], r: -2.1560642115335711e+34, e: -2.1286180905105828e+34
#ERR  p: [249, 955], r: 2.9605063692701226e+33, e: 2.8748854843929886e+33
#ERR  p: [250, 955], r: 3.5233734415084151e+34, e: 3.5211253423970728e+34
#ERR  p: [251, 955], r: 1.5167371345028604e+34, e: 1.5329551393695303e+34
#ERR  p: [248, 956], r: -7.4058283511900929e+33, e: -5.9998243342312901e+33
#ERR  p: [249, 956], r: -3.4867747345989742e+34, e: -3.5306354453668710e+34
#ERR  p: [250, 956], r: 3.0623086159887638e+34, e: 3.0507928025673154e+34
#ERR  p: [251, 956], r: 2.3951000344232481e+34, e: 2.4781816566917999e+34
#ERR  p: [248, 957], r: -4.4711119867584026e+33, e: -1.8624049652774484e+33
#ERR  p: [249, 957], r: -1.1027746895379785e+34, e: -1.1841541442525130e+34
#ERR  p: [250, 957], r: 2.4473551547005370e+33, e: 2.2336811331897036e+33
#ERR  p: [251, 957], r: -5.0000921216403107e+33, e: -3.4585930915016445e+33
#ERR  p: [248, 958], r: 8.4490695138868061e+33, e: 6.8232358185718233e+33
#ERR  p: [249, 958], r: 3.7521931642238894e+33, e: 4.2593765793490901e+33
#ERR  p: [250, 958], r: -1.7853228337182872e+34, e: -1.7720060651276865e+34
#ERR  p: [251, 958], r: 2.7455029239511007e+34, e: 2.6494313492623194e+34
#ERR  p: [248, 959], r: -1.3189858072623254e+33, e: -4.2312654369369976e+33
#ERR  p: [249, 959], r: -3.2179468943118632e+34, e: -3.1270979410608191e+34
#ERR  p: [250, 959], r: 9.8638288617734547e+33, e: 1.0102368765883394e+34
#ERR  p: [251, 959], r: -4.5639521665626372e+34, e: -4.7360406873037764e+34
#SDC Ite:2 KerTime:2.6724771 AccTime:5.3217457 KerErr:64 AccErr:64
#IT 2 KerTime:2.6449890 AccTime:7.9667347
#IT 3 KerTime:2.6078168 AccTime:10.5745514
#IT 4 KerTime:2.6618293 AccTime:13.2363807
#IT 5 KerTime:2.6005366 AccTime:15.8369173
#IT 6 KerTime:2.6900807 AccTime:18.5269980
#IT 7 KerTime:2.5954954 AccTime:21.1224933
#IT 8 KerTime:2.6380644 AccTime:23.7605577
#IT 9 KerTime:2.6023228 AccTime:26.3628805
#IT 10 KerTime:2.6294916 AccTime:28.9923720
#IT 11 KerTime:2.5953091 AccTime:31.5876811
#IT 12 KerTime:2.6295980 AccTime:34.2172791
#IT 13 KerTime:2.6008735 AccTime:36.8181526
#IT 14 KerTime:2.6338594 AccTime:39.4520120
#IT 15 KerTime:2.5971667 AccTime:42.0491787
#IT 16 KerTime:2.5954224 AccTime:44.6446011
#IT 17 KerTime:2.6488128 AccTime:47.2934140
#ERR  p: [921, 614], r: -5.8546904104205409e+32, e: -2.5176919985736400e+34
#SDC Ite:18 KerTime:2.6488128 AccTime:47.2934140 KerErr:1 AccErr:65
#IT 18 KerTime:2.5991839 AccTime:49.8925979
#IT 19 KerTime:2.5957181 AccTime:52.4883160
#IT 20 KerTime:2.5955463 AccTime:55.0838624
#IT 21 KerTime:2.7372178 AccTime:57.8210802
#IT 22 KerTime:2.5993668 AccTime:60.4204470
