#HEADER matrix_dim:2048 threads:4 block_size:16 block_offset:12 precision:Float
#BEGIN Y:2023 M:11 D:03 Time:03:58:21
#IT 0 KerTime:2.7429692 AccTime:2.7429692
#IT 1 KerTime:2.6932157 AccTime:5.4361848
#IT 2 KerTime:2.6977362 AccTime:8.1339211
#IT 3 KerTime:2.6060809 AccTime:10.7400020
#IT 4 KerTime:2.6663992 AccTime:13.4064012
#IT 5 KerTime:2.6452010 AccTime:16.0516021
#IT 6 KerTime:2.6384575 AccTime:18.6900596
#IT 7 KerTime:2.6041880 AccTime:21.2942476
#IT 8 KerTime:2.6307724 AccTime:23.9250199
#IT 9 KerTime:2.6490777 AccTime:26.5740977
#IT 10 KerTime:2.6078561 AccTime:29.1819537
#IT 11 KerTime:2.6182895 AccTime:31.8002432
#IT 12 KerTime:2.6044431 AccTime:34.4046863
#IT 13 KerTime:2.7710680 AccTime:37.1757544
#IT 14 KerTime:2.6074648 AccTime:39.7832191
#IT 15 KerTime:2.7677936 AccTime:42.5510127
#IT 16 KerTime:2.6044965 AccTime:45.1555092
#IT 17 KerTime:2.7244059 AccTime:47.8799151
#IT 18 KerTime:2.6080563 AccTime:50.4879715
#IT 19 KerTime:2.7212514 AccTime:53.2092229
#IT 20 KerTime:2.6044285 AccTime:55.8136514
#IT 21 KerTime:2.6578833 AccTime:58.4715347
#IT 22 KerTime:2.6081339 AccTime:61.0796686
#IT 23 KerTime:2.6515364 AccTime:63.7312050
#IT 24 KerTime:2.6040999 AccTime:66.3353049
#IT 25 KerTime:2.6408512 AccTime:68.9761561
#IT 26 KerTime:2.6071979 AccTime:71.5833540
#IT 27 KerTime:2.6267282 AccTime:74.2100822
#ERR  p: [153, 1901], r: 6.0729723542426043e+34, e: 7.3761637178227013e+34
#SDC Ite:28 KerTime:2.6267282 AccTime:74.2100822 KerErr:1 AccErr:1
#IT 28 KerTime:2.6038517 AccTime:76.8139339
#IT 29 KerTime:2.6539784 AccTime:79.4679122
#IT 30 KerTime:2.6072031 AccTime:82.0751154
#IT 31 KerTime:2.6062586 AccTime:84.6813740
#IT 32 KerTime:2.7322032 AccTime:87.4135772
#IT 33 KerTime:2.6054320 AccTime:90.0190092
#IT 34 KerTime:2.7270033 AccTime:92.7460125
