#HEADER matrix_dim:2048 threads:4 block_size:16 block_offset:12 precision:Float
#BEGIN Y:2023 M:11 D:05 Time:17:52:11
#IT 0 KerTime:2.7079239 AccTime:2.7079239
#ERR  p: [1592, 849], r: 3.6612418333315964e+34, e: 2.9854409575414088e+34
#SDC Ite:1 KerTime:2.7079239 AccTime:2.7079239 KerErr:1 AccErr:1
#IT 1 KerTime:2.7488421 AccTime:5.4567660
#IT 2 KerTime:2.7306260 AccTime:8.1873920
#ERR  p: [1568, 566], r: -7.2610116495144105e+33, e: -1.6255894497452318e+34
#ERR  p: [1569, 566], r: -7.5407780517826511e+34, e: -1.4787255666265832e+34
#ERR  p: [1577, 785], r: 3.3091798565630936e+34, e: 5.3035941053547876e+34
#SDC Ite:3 KerTime:2.7306260 AccTime:8.1873920 KerErr:3 AccErr:4
#IT 3 KerTime:2.6226178 AccTime:10.8100098
#IT 4 KerTime:2.5928565 AccTime:13.4028662
#IT 5 KerTime:2.6332822 AccTime:16.0361484
#ERR  p: [1798, 1311], r: -7.3720926282095074e+33, e: -6.1835922002730673e+33
#ERR  p: [1799, 1311], r: 3.1306817774745503e+34, e: 3.0433129212619453e+34
#ERR  p: [1526, 1343], r: 9.0437468171685795e+33, e: 9.7214249052343395e+33
#SDC Ite:6 KerTime:2.6332822 AccTime:16.0361484 KerErr:3 AccErr:7
#IT 6 KerTime:2.5997282 AccTime:18.6358766
#IT 7 KerTime:2.6285618 AccTime:21.2644385
#IT 8 KerTime:2.5943998 AccTime:23.8588382
#ERR  p: [1739, 976], r: -1.0218095733545929e+34, e: -1.4076056018846282e+33
#SDC Ite:9 KerTime:2.5943998 AccTime:23.8588382 KerErr:1 AccErr:8
#IT 9 KerTime:2.6402138 AccTime:26.4990520
