#HEADER matrix_dim:2048 threads:4 block_size:16 block_offset:12 precision:Float
#BEGIN Y:2023 M:11 D:06 Time:12:35:35
#IT 0 KerTime:2.6507444 AccTime:2.6507444
#ERR  p: [1485, 944], r: -4.7640082286713118e+34, e: -4.6510972032161394e+34
#SDC Ite:1 KerTime:2.6507444 AccTime:2.6507444 KerErr:1 AccErr:1
#IT 1 KerTime:2.6753912 AccTime:5.3261356
#IT 2 KerTime:2.7366373 AccTime:8.0627729
#IT 3 KerTime:2.5958008 AccTime:10.6585737
#IT 4 KerTime:2.6462465 AccTime:13.3048201
#IT 5 KerTime:2.6003813 AccTime:15.9052014
#IT 6 KerTime:2.6641205 AccTime:18.5693219
#IT 7 KerTime:2.5974075 AccTime:21.1667294
#IT 8 KerTime:2.6773411 AccTime:23.8440705
#IT 9 KerTime:2.5987539 AccTime:26.4428244
#IT 10 KerTime:2.6532112 AccTime:29.0960356
#IT 11 KerTime:2.5961005 AccTime:31.6921361
#IT 12 KerTime:2.6333796 AccTime:34.3255157
#IT 13 KerTime:2.6009838 AccTime:36.9264996
#IT 14 KerTime:2.5991832 AccTime:39.5256828
#IT 15 KerTime:2.5955383 AccTime:42.1212211
#IT 16 KerTime:2.5958087 AccTime:44.7170298
#IT 17 KerTime:2.6848703 AccTime:47.4019001
#IT 18 KerTime:2.5995832 AccTime:50.0014833
#IT 19 KerTime:2.6499315 AccTime:52.6514147
#IT 20 KerTime:2.6041659 AccTime:55.2555806
#IT 21 KerTime:2.6466855 AccTime:57.9022662
#ERR  p: [1708, 944], r: -1.4112116593220646e+34, e: -1.3932063166266745e+34
#SDC Ite:22 KerTime:2.6466855 AccTime:57.9022662 KerErr:1 AccErr:2
#IT 22 KerTime:2.5987405 AccTime:60.5010066
