#HEADER matrix_dim:2048 threads:4 block_size:16 block_offset:12 precision:Float
#BEGIN Y:2023 M:11 D:06 Time:02:07:50
#IT 0 KerTime:2.6620231 AccTime:2.6620231
#IT 1 KerTime:2.6637603 AccTime:5.3257835
#IT 2 KerTime:2.6501021 AccTime:7.9758856
#IT 3 KerTime:2.6007582 AccTime:10.5766438
#IT 4 KerTime:2.6694002 AccTime:13.2460440
#IT 5 KerTime:2.6083664 AccTime:15.8544104
#IT 6 KerTime:2.6369959 AccTime:18.4914064
#IT 7 KerTime:2.5984210 AccTime:21.0898274
#IT 8 KerTime:2.6254494 AccTime:23.7152768
#IT 9 KerTime:2.6343090 AccTime:26.3495858
#IT 10 KerTime:2.6023020 AccTime:28.9518878
#IT 11 KerTime:2.6929540 AccTime:31.6448417
#IT 12 KerTime:2.5991688 AccTime:34.2440105
#IT 13 KerTime:2.6813184 AccTime:36.9253290
#IT 14 KerTime:2.6027032 AccTime:39.5280322
#IT 15 KerTime:2.6600258 AccTime:42.1880580
#IT 16 KerTime:2.5988761 AccTime:44.7869341
#IT 17 KerTime:2.6892551 AccTime:47.4761893
#IT 18 KerTime:2.6025976 AccTime:50.0787869
#IT 19 KerTime:2.6465180 AccTime:52.7253049
#IT 20 KerTime:2.6002079 AccTime:55.3255128
#ERR  p: [313, 2014], r: -2.2168074533812262e+34, e: 6.7079606990236276e+32
#SDC Ite:21 KerTime:2.6002079 AccTime:55.3255128 KerErr:1 AccErr:1
#IT 21 KerTime:2.6703208 AccTime:57.9958335
#IT 22 KerTime:2.6023963 AccTime:60.5982298
#IT 23 KerTime:2.6473477 AccTime:63.2455775
#IT 24 KerTime:2.5985935 AccTime:65.8441710
#IT 25 KerTime:2.6346709 AccTime:68.4788420
#IT 26 KerTime:2.6026571 AccTime:71.0814991
#IT 27 KerTime:2.6297963 AccTime:73.7112954
#IT 28 KerTime:2.5991694 AccTime:76.3104648
#IT 29 KerTime:2.5991572 AccTime:78.9096220
#IT 30 KerTime:2.6015583 AccTime:81.5111803
#IT 31 KerTime:2.6423787 AccTime:84.1535590
#IT 32 KerTime:2.8054995 AccTime:86.9590585
#IT 33 KerTime:2.5983574 AccTime:89.5574159
#IT 34 KerTime:2.6948732 AccTime:92.2522891
#IT 35 KerTime:2.6020553 AccTime:94.8543444
#IT 36 KerTime:2.7125757 AccTime:97.5669201
#IT 37 KerTime:2.5987247 AccTime:100.1656448
#IT 38 KerTime:2.6512480 AccTime:102.8168929
#IT 39 KerTime:2.6037118 AccTime:105.4206047
#IT 40 KerTime:2.6425377 AccTime:108.0631423
#IT 41 KerTime:2.5984646 AccTime:110.6616069
#IT 42 KerTime:2.6316704 AccTime:113.2932773
#IT 43 KerTime:2.6041500 AccTime:115.8974273
#IT 44 KerTime:2.6016247 AccTime:118.4990520
#IT 45 KerTime:2.6009277 AccTime:121.0999796
#IT 46 KerTime:2.5986276 AccTime:123.6986072
#IT 47 KerTime:2.6675930 AccTime:126.3662003
#IT 48 KerTime:2.6019055 AccTime:128.9681057
