#HEADER matrix_dim:2048 threads:4 block_size:16 block_offset:12 precision:Float
#BEGIN Y:2023 M:11 D:01 Time:23:26:18
#IT 0 KerTime:2.6875507 AccTime:2.6875507
#IT 1 KerTime:2.6478048 AccTime:5.3353556
#IT 2 KerTime:2.7477649 AccTime:8.0831205
#IT 3 KerTime:2.5974716 AccTime:10.6805920
#IT 4 KerTime:2.6707936 AccTime:13.3513857
#IT 5 KerTime:2.5996188 AccTime:15.9510045
#IT 6 KerTime:2.6436512 AccTime:18.5946557
#IT 7 KerTime:2.5958815 AccTime:21.1905372
#IT 8 KerTime:2.6334847 AccTime:23.8240219
#IT 9 KerTime:2.6441619 AccTime:26.4681839
#ERR  p: [1560, 1425], r: -2.7233546911202381e+34, e: -2.0972935033445134e+34
#SDC Ite:10 KerTime:2.6441619 AccTime:26.4681839 KerErr:1 AccErr:1
#IT 10 KerTime:2.6503183 AccTime:29.1185021
#IT 11 KerTime:2.5950463 AccTime:31.7135485
#IT 12 KerTime:2.6200373 AccTime:34.3335857
#IT 13 KerTime:2.6008286 AccTime:36.9344144
#ERR  p: [1892, 1148], r: 2.0467144919834149e+34, e: 2.0489645717988200e+34
#ERR  p: [1893, 1148], r: 1.4787082354660332e+34, e: 1.4747359334679742e+34
#ERR  p: [1894, 1148], r: -7.8630621236701677e+33, e: -7.8508139449214782e+33
#ERR  p: [1895, 1148], r: 6.4305686657507364e+33, e: 6.4402642121384195e+33
#ERR  p: [1896, 1148], r: -1.2535377123983643e+34, e: -1.2614890012706943e+34
#ERR  p: [1897, 1148], r: 1.4097969414451693e+34, e: 1.4144208950799080e+34
#ERR  p: [1898, 1148], r: -1.5494727257257073e+34, e: -1.5411790226385110e+34
#ERR  p: [1899, 1148], r: 1.1453526468371678e+34, e: 1.1533044308855135e+34
#SDC Ite:14 KerTime:2.6008286 AccTime:36.9344144 KerErr:8 AccErr:9
#IT 14 KerTime:2.6574775 AccTime:39.5918919
#IT 15 KerTime:2.5955932 AccTime:42.1874851
#IT 16 KerTime:2.6311247 AccTime:44.8186098
#IT 17 KerTime:2.6010446 AccTime:47.4196544
#IT 18 KerTime:2.5990458 AccTime:50.0187002
