#HEADER matrix_dim:2048 threads:4 block_size:16 block_offset:12 precision:Float
#BEGIN Y:2023 M:11 D:07 Time:03:17:04
#IT 0 KerTime:2.6984014 AccTime:2.6984014
#IT 1 KerTime:2.6907553 AccTime:5.3891568
#IT 2 KerTime:2.6379966 AccTime:8.0271533
#ERR  p: [1427, 880], r: 2.0845110296748683e+34, e: -3.9292575849529363e+33
#SDC Ite:3 KerTime:2.6379966 AccTime:8.0271533 KerErr:1 AccErr:1
#IT 3 KerTime:2.5975236 AccTime:10.6246769
#IT 4 KerTime:2.6949391 AccTime:13.3196160
#IT 5 KerTime:2.6154646 AccTime:15.9350807
#IT 6 KerTime:2.6944483 AccTime:18.6295290
#IT 7 KerTime:2.6539696 AccTime:21.2834986
#ERR  p: [1708, 688], r: 1.0562412662252647e+34, e: -2.2793413135987055e+33
#ERR  p: [1852, 688], r: 4.1248929631813228e+34, e: 2.7395226832093208e+34
#ERR  p: [1853, 688], r: -5.6496191437277114e+33, e: -1.6500799889244262e+33
#SDC Ite:8 KerTime:2.6539696 AccTime:21.2834986 KerErr:3 AccErr:4
#IT 8 KerTime:2.6487128 AccTime:23.9322114
#IT 9 KerTime:2.5997594 AccTime:26.5319708
#IT 10 KerTime:2.6510558 AccTime:29.1830266
#IT 11 KerTime:2.6556483 AccTime:31.8386748
#IT 12 KerTime:2.6660263 AccTime:34.5047012
#IT 13 KerTime:2.6000288 AccTime:37.1047300
#IT 14 KerTime:2.6440485 AccTime:39.7487785
#IT 15 KerTime:2.5939970 AccTime:42.3427755
#IT 16 KerTime:2.6346897 AccTime:44.9774653
#ERR  p: [1112, 953], r: -1.8251546686283297e+34, e: -1.5533867207479159e+34
#SDC Ite:17 KerTime:2.6346897 AccTime:44.9774653 KerErr:1 AccErr:5
#IT 17 KerTime:2.6056820 AccTime:47.5831472
#IT 18 KerTime:2.6444390 AccTime:50.2275863
#IT 19 KerTime:2.5937895 AccTime:52.8213758
#IT 20 KerTime:2.6348991 AccTime:55.4562748
#IT 21 KerTime:2.6274138 AccTime:58.0836886
#IT 22 KerTime:2.6223520 AccTime:60.7060406
#IT 23 KerTime:2.5962363 AccTime:63.3022769
#IT 24 KerTime:2.5942372 AccTime:65.8965142
#IT 25 KerTime:2.6523270 AccTime:68.5488411
#ERR  p: [1832, 690], r: -7.9914785957053974e+33, e: 9.1356409631947922e+33
#ERR  p: [1833, 690], r: -2.2623431589192780e+33, e: 5.1856166245978339e+33
#SDC Ite:26 KerTime:2.6523270 AccTime:68.5488411 KerErr:2 AccErr:7
#IT 26 KerTime:2.6254690 AccTime:71.1743102
