#HEADER matrix_dim:2048 threads:4 block_size:16 block_offset:12 precision:Float
#BEGIN Y:2023 M:11 D:05 Time:00:12:36
#IT 0 KerTime:2.7226044 AccTime:2.7226044
#IT 1 KerTime:2.6635145 AccTime:5.3861188
#ERR  p: [1592, 2005], r: -1.8898692221220122e+34, e: -5.9136841335076758e+34
#SDC Ite:2 KerTime:2.6635145 AccTime:5.3861188 KerErr:1 AccErr:1
#IT 2 KerTime:2.7239420 AccTime:8.1100608
#IT 3 KerTime:2.5970747 AccTime:10.7071356
#ERR  p: [244, 1661], r: -1.2807093821146430e+34, e: -1.2051888500180384e+34
#ERR  p: [245, 1661], r: 3.9397071358597473e+35, e: -1.4615028496240292e+34
#ERR  p: [246, 1661], r: inf, e: 2.8889167919742648e+34
#ERR  p: [247, 1661], r: 1.3360312230262207e+38, e: 5.2362561093298515e+33
#SDC Ite:4 KerTime:2.5970747 AccTime:10.7071356 KerErr:4 AccErr:5
#IT 4 KerTime:2.6014327 AccTime:13.3085683
#IT 5 KerTime:2.6047621 AccTime:15.9133304
#IT 6 KerTime:2.6808912 AccTime:18.5942216
#IT 7 KerTime:2.6514118 AccTime:21.2456334
#IT 8 KerTime:2.6948690 AccTime:23.9405024
#IT 9 KerTime:2.6012722 AccTime:26.5417746
#IT 10 KerTime:2.6484715 AccTime:29.1902461
#IT 11 KerTime:2.5978373 AccTime:31.7880834
#IT 12 KerTime:2.6840286 AccTime:34.4721120
#IT 13 KerTime:2.6031406 AccTime:37.0752526
#IT 14 KerTime:2.6645508 AccTime:39.7398034
#IT 15 KerTime:2.5979744 AccTime:42.3377778
#IT 16 KerTime:2.6245370 AccTime:44.9623148
#IT 17 KerTime:2.6019120 AccTime:47.5642268
#IT 18 KerTime:2.6265420 AccTime:50.1907688
#IT 19 KerTime:2.6005703 AccTime:52.7913392
#IT 20 KerTime:2.5983712 AccTime:55.3897103
#IT 21 KerTime:2.7079384 AccTime:58.0976487
#ERR  p: [1200, 304], r: -1.3190839140104387e+34, e: -1.3115725890280708e+34
#ERR  p: [1201, 304], r: -3.9769945335718434e+34, e: -4.1847394412645195e+34
#ERR  p: [1202, 304], r: -9.8073967461126110e+33, e: -9.1748242413182531e+33
#ERR  p: [1203, 304], r: 1.0788158456056571e+34, e: 1.1625243607101031e+34
#ERR  p: [1200, 305], r: 1.4328569171149655e+34, e: 1.4346526729359529e+34
#ERR  p: [1201, 305], r: 1.1951469280073632e+34, e: 1.1454856015973870e+34
#ERR  p: [1202, 305], r: 2.1880520869726896e+34, e: 2.2031737721405684e+34
#ERR  p: [1203, 305], r: -1.7160277782852449e+34, e: -1.6960172203142203e+34
#ERR  p: [1200, 306], r: -3.6004463504142836e+34, e: -3.6006223854878699e+34
#ERR  p: [1201, 306], r: -2.6455504072391598e+34, e: -2.6406877787648468e+34
#ERR  p: [1202, 306], r: -1.5682809963305779e+34, e: -1.5697615726175632e+34
#ERR  p: [1203, 306], r: -1.0255664737858161e+34, e: -1.0275258852799970e+34
#ERR  p: [1200, 307], r: 1.1241675313568692e+34, e: 1.1299742129051412e+34
#ERR  p: [1201, 307], r: -1.6354294637354995e+34, e: -1.7960212353317954e+34
#ERR  p: [1202, 307], r: -1.5085762623818794e+34, e: -1.4596761453020597e+34
#ERR  p: [1203, 307], r: 4.8137626481722423e+33, e: 5.4608487619871820e+33
#ERR  p: [1200, 308], r: 4.7429837359111105e+33, e: 4.8193720639752541e+33
#ERR  p: [1201, 308], r: -6.5229542739725454e+33, e: -8.6356499796978396e+33
#ERR  p: [1202, 308], r: 3.1403966976238482e+33, e: 3.7836996666787318e+33
#ERR  p: [1203, 308], r: -2.1867161020822929e+34, e: -2.1015874221647787e+34
#ERR  p: [1200, 309], r: -1.0518221761927771e+33, e: -1.0432308723201366e+33
#ERR  p: [1201, 309], r: -2.9222560027602673e+34, e: -2.9460180142263423e+34
#ERR  p: [1202, 309], r: 8.6199615655799760e+33, e: 8.6923166849961279e+33
#ERR  p: [1203, 309], r: 3.1597555420611910e+34, e: 3.1693297703250242e+34
#ERR  p: [1200, 310], r: 1.9095366231141469e+34, e: 1.9039441051926713e+34
#ERR  p: [1201, 310], r: -3.8790494604276077e+34, e: -3.7243881643835123e+34
#ERR  p: [1202, 310], r: 3.7052845212852681e+34, e: 3.6581908063107737e+34
#ERR  p: [1203, 310], r: -4.0050779461270558e+34, e: -4.0673968380567133e+34
#ERR  p: [1200, 311], r: -1.8638786709972157e+34, e: -1.8698101369014476e+34
#ERR  p: [1201, 311], r: 2.8033795918437865e+34, e: 2.9674284347937908e+34
#ERR  p: [1202, 311], r: -2.7642537541381485e+34, e: -2.8142061202513607e+34
#ERR  p: [1203, 311], r: -8.8027277833874664e+32, e: -1.5412876518769582e+33
#ERR  p: [1200, 312], r: -2.5902219151233390e+34, e: -2.5976668865196013e+34
#ERR  p: [1201, 312], r: 3.6911082509253916e+33, e: 5.7501411128577235e+33
#ERR  p: [1202, 312], r: 4.3636696233237753e+33, e: 3.7367049869073802e+33
#ERR  p: [1203, 312], r: -4.2583119509153046e+33, e: -5.0879768893642879e+33
#ERR  p: [1200, 313], r: 4.4835712342837903e+34, e: 4.4862323101922381e+34
#ERR  p: [1201, 313], r: 3.1077432437226079e+34, e: 3.0341635540195949e+34
#ERR  p: [1202, 313], r: -7.8993201494807972e+32, e: -5.6588560333308392e+32
#ERR  p: [1203, 313], r: -2.8517137227376449e+34, e: -2.8220655539727757e+34
#ERR  p: [1200, 314], r: -1.2005031231753393e+34, e: -1.1970760099705817e+34
#ERR  p: [1201, 314], r: -2.1387105204748608e+34, e: -2.2334936471707538e+34
#ERR  p: [1202, 314], r: -3.2155391009354531e+34, e: -3.1866782620355695e+34
#ERR  p: [1203, 314], r: -7.2915866639866926e+34, e: -7.2533947282466915e+34
#ERR  p: [1200, 315], r: -6.2163728525133442e+34, e: -6.2176731847306095e+34
#ERR  p: [1201, 315], r: 1.6531077426725104e+34, e: 1.6890728718698450e+34
#ERR  p: [1202, 315], r: -1.3434506591857047e+34, e: -1.3544019719492389e+34
#ERR  p: [1203, 315], r: 2.3600524663830318e+34, e: 2.3455606451071414e+34
#ERR  p: [1200, 316], r: -7.3922945717106055e+34, e: -7.3879835693177981e+34
#ERR  p: [1201, 316], r: -7.5817903863141561e+33, e: -8.7742157031451505e+33
#ERR  p: [1202, 316], r: -1.7825293601226378e+33, e: -1.4194390707201572e+33
#ERR  p: [1203, 316], r: 1.2625876730555601e+34, e: 1.3106350970363199e+34
#ERR  p: [1200, 317], r: 1.2460699629053792e+34, e: 1.2501598692071702e+34
#ERR  p: [1201, 317], r: -7.3325645837851055e+33, e: -8.4636703976801575e+33
#ERR  p: [1202, 317], r: -4.5748470292603799e+34, e: -4.5404055566633978e+34
#ERR  p: [1203, 317], r: -1.4465652461399922e+34, e: -1.4009885028896381e+34
#ERR  p: [1200, 318], r: 1.3512496814332026e+34, e: 1.3464910399221896e+34
#ERR  p: [1201, 318], r: 2.5404688573564517e+34, e: 2.6720772339889748e+34
#ERR  p: [1202, 318], r: 3.0182225382367151e+33, e: 2.6174790645993304e+33
#ERR  p: [1203, 318], r: -6.1783824534117387e+34, e: -6.2314128336386301e+34
#ERR  p: [1200, 319], r: -1.1386076067391174e+34, e: -1.1422352662302393e+34
#ERR  p: [1201, 319], r: -1.2915169700396162e+34, e: -1.1911829202075675e+34
#ERR  p: [1202, 319], r: -5.5304055179445293e+34, e: -5.5609568877620610e+34
#ERR  p: [1203, 319], r: 7.2767873384050438e+33, e: 6.8725002614052046e+33
#SDC Ite:22 KerTime:2.7079384 AccTime:58.0976487 KerErr:64 AccErr:69
#IT 22 KerTime:2.6237922 AccTime:60.7214409
#IT 23 KerTime:2.5968379 AccTime:63.3182788
#IT 24 KerTime:2.5980101 AccTime:65.9162889
#IT 25 KerTime:2.7244730 AccTime:68.6407619
#IT 26 KerTime:2.6011991 AccTime:71.2419611
#IT 27 KerTime:2.6956645 AccTime:73.9376256
#ERR  p: [760, 1873], r: -2.0436201370612172e+34, e: -1.8578184593288980e+34
#ERR  p: [761, 1873], r: 2.9886256820864743e+34, e: 3.0992524605811574e+34
#SDC Ite:28 KerTime:2.6956645 AccTime:73.9376256 KerErr:2 AccErr:71
#IT 28 KerTime:2.5978054 AccTime:76.5354310
#IT 29 KerTime:2.6015538 AccTime:79.1369848
#IT 30 KerTime:2.6037080 AccTime:81.7406929
#IT 31 KerTime:2.6524734 AccTime:84.3931663
#IT 32 KerTime:2.5984806 AccTime:86.9916469
#IT 33 KerTime:2.6572362 AccTime:89.6488831
#IT 34 KerTime:2.6030207 AccTime:92.2519038
#IT 35 KerTime:2.6822253 AccTime:94.9341291
#IT 36 KerTime:2.6009642 AccTime:97.5350933
#IT 37 KerTime:2.6647968 AccTime:100.1998901
#IT 38 KerTime:2.6001011 AccTime:102.7999912
#IT 39 KerTime:2.6327069 AccTime:105.4326981
#IT 40 KerTime:2.5968938 AccTime:108.0295918
#IT 41 KerTime:2.6243281 AccTime:110.6539200
#IT 42 KerTime:2.6035151 AccTime:113.2574351
#IT 43 KerTime:2.6018650 AccTime:115.8593001
#IT 44 KerTime:2.6647580 AccTime:118.5240581
#IT 45 KerTime:2.5970748 AccTime:121.1211329
#IT 46 KerTime:2.7015100 AccTime:123.8226429
#IT 47 KerTime:2.6014823 AccTime:126.4241252
#IT 48 KerTime:2.7137606 AccTime:129.1378858
#ERR  p: [1320, 1297], r: -1.4775352872788103e+34, e: -1.3428824447076727e+34
#SDC Ite:49 KerTime:2.7137606 AccTime:129.1378858 KerErr:1 AccErr:72
#IT 49 KerTime:2.5959857 AccTime:131.7338715
#ERR  p: [14, 1950], r: 1.3556582335011057e+34, e: 1.4394484526481445e+34
#SDC Ite:50 KerTime:2.5959857 AccTime:131.7338715 KerErr:1 AccErr:73
#ABORT amount of errors equals of the last iteration
#END
