#HEADER matrix_dim:2048 threads:4 block_size:16 block_offset:12 precision:Float
#BEGIN Y:2023 M:11 D:05 Time:03:05:57
#IT 0 KerTime:2.6822103 AccTime:2.6822103
#IT 1 KerTime:2.6343550 AccTime:5.3165653
#IT 2 KerTime:2.6664897 AccTime:7.9830550
#IT 3 KerTime:2.5943832 AccTime:10.5774382
#ERR  p: [815, 2034], r: 4.3518143048465530e+34, e: 4.2749511029833394e+34
#SDC Ite:4 KerTime:2.5943832 AccTime:10.5774382 KerErr:1 AccErr:1
#IT 4 KerTime:2.6531065 AccTime:13.2305447
#IT 5 KerTime:2.5977581 AccTime:15.8283028
#IT 6 KerTime:2.6506727 AccTime:18.4789755
#ERR  p: [1496, 1879], r: 3.9547187929169344e+34, e: 3.3625410143684820e+34
#ERR  p: [402, 1008], r: -5.5638823876629002e+34, e: -5.4414134747524133e+34
#SDC Ite:7 KerTime:2.6506727 AccTime:18.4789755 KerErr:2 AccErr:3
#IT 7 KerTime:2.6306294 AccTime:21.1096049
#ERR  p: [59, 1904], r: -2.5299498332546360e+34, e: -2.2595049956882104e+34
#ERR  p: [235, 2032], r: 3.0611350488315212e+34, e: 3.1225140966833532e+34
#SDC Ite:8 KerTime:2.6306294 AccTime:21.1096049 KerErr:2 AccErr:5
#ABORT amount of errors equals of the last iteration
#END
