#HEADER matrix_dim:2048 threads:4 block_size:16 block_offset:12 precision:Float
#BEGIN Y:2023 M:11 D:02 Time:17:44:03
#IT 0 KerTime:2.7378726 AccTime:2.7378726
#IT 1 KerTime:2.6286795 AccTime:5.3665521
#IT 2 KerTime:2.6494574 AccTime:8.0160095
#IT 3 KerTime:2.5972996 AccTime:10.6133091
#IT 4 KerTime:2.6498343 AccTime:13.2631435
#IT 5 KerTime:2.6135750 AccTime:15.8767185
#IT 6 KerTime:2.6365794 AccTime:18.5132979
#IT 7 KerTime:2.6165355 AccTime:21.1298334
#IT 8 KerTime:2.6289934 AccTime:23.7588268
#IT 9 KerTime:2.6006223 AccTime:26.3594491
#IT 10 KerTime:2.6011588 AccTime:28.9606079
#IT 11 KerTime:2.7243745 AccTime:31.6849824
#IT 12 KerTime:2.5972976 AccTime:34.2822800
#ERR  p: [1207, 442], r: -2.9400905097302360e+34, e: -2.9068164145903000e+34
#SDC Ite:13 KerTime:2.5972976 AccTime:34.2822800 KerErr:1 AccErr:1
#IT 13 KerTime:2.6011235 AccTime:36.8834035
#IT 14 KerTime:2.6030482 AccTime:39.4864516
#ERR  p: [1847, 179], r: 1.6917147597076839e+34, e: 3.4053286787103262e+34
#SDC Ite:15 KerTime:2.6030482 AccTime:39.4864516 KerErr:1 AccErr:2
#IT 15 KerTime:2.5971005 AccTime:42.0835522
#IT 16 KerTime:2.6299191 AccTime:44.7134713
#IT 17 KerTime:2.6017644 AccTime:47.3152357
#IT 18 KerTime:2.6031401 AccTime:49.9183758
#IT 19 KerTime:2.5974631 AccTime:52.5158389
