#HEADER matrix_dim:2048 threads:4 block_size:16 block_offset:12 precision:Float
#BEGIN Y:2023 M:10 D:30 Time:20:38:27
#IT 0 KerTime:2.6565014 AccTime:2.6565014
#IT 1 KerTime:2.6360361 AccTime:5.2925375
#IT 2 KerTime:2.7211109 AccTime:8.0136484
#IT 3 KerTime:2.5971604 AccTime:10.6108088
#ERR  p: [1232, 416], r: 5.0320232375286280e+33, e: 7.6181715871586945e+33
#ERR  p: [1233, 416], r: -5.6305830921556122e+34, e: -5.8946158954945553e+34
#ERR  p: [1234, 416], r: 9.9783178893967042e+33, e: 1.0001221018063523e+34
#ERR  p: [1235, 416], r: -6.5344318350467798e+34, e: -6.5747401530779432e+34
#ERR  p: [1236, 416], r: -4.1374050707463880e+34, e: -4.3737862550158213e+34
#ERR  p: [1237, 416], r: 2.6712424910204846e+33, e: 3.1385487626302050e+33
#ERR  p: [1238, 416], r: -2.8907552567266075e+33, e: -2.8600815784331944e+33
#ERR  p: [1239, 416], r: -8.2570990571447239e+33, e: -1.0400825586864765e+34
#ERR  p: [1240, 416], r: 7.8538591226756153e+32, e: -1.5839233900274811e+32
#ERR  p: [1241, 416], r: 1.3946587916747680e+34, e: 1.4588457351237071e+34
#ERR  p: [1242, 416], r: -1.8489231173826090e+34, e: -1.6232924520023377e+34
#ERR  p: [1243, 416], r: -1.7696001286613354e+34, e: -1.5149345700116570e+34
#ERR  p: [1244, 416], r: 3.4676802522570208e+34, e: 3.4376569876602482e+34
#ERR  p: [1245, 416], r: 1.3229935762425098e+34, e: 1.2229910467529818e+34
#ERR  p: [1246, 416], r: -3.2820612944745002e+34, e: -3.4697874737918924e+34
#ERR  p: [1247, 416], r: -1.3600348467159952e+34, e: -1.1226798988116599e+34
#ERR  p: [1232, 417], r: -2.3951682449194127e+33, e: -4.4137343943925547e+33
#ERR  p: [1233, 417], r: 1.4088280057764206e+34, e: 1.5035143255612415e+34
#ERR  p: [1234, 417], r: 4.5234502347093295e+34, e: 4.2309458008188542e+34
#ERR  p: [1235, 417], r: -1.7245500051036933e+34, e: -1.5649931513802399e+34
#ERR  p: [1236, 417], r: -1.7899545244782715e+33, e: -5.1971817699298477e+33
#ERR  p: [1237, 417], r: -7.6254543884098104e+33, e: -8.9223339909056069e+33
#ERR  p: [1238, 417], r: 2.0181549676890933e+34, e: 2.1774917156735618e+34
#ERR  p: [1239, 417], r: 1.3837478357565145e+34, e: 1.5456599941987122e+34
#ERR  p: [1240, 417], r: 3.4675918633382158e+34, e: 3.3521371186903198e+34
#ERR  p: [1241, 417], r: 5.3187963804192239e+33, e: 7.9098321173243890e+33
#ERR  p: [1242, 417], r: 7.0847674878553942e+34, e: 7.0954157528973113e+34
#ERR  p: [1243, 417], r: 3.2271769752447750e+34, e: 3.2267030917977365e+34
#ERR  p: [1244, 417], r: -3.0803439168331046e+34, e: -2.9930171505818353e+34
#ERR  p: [1245, 417], r: 3.4723935696883455e+32, e: 1.6421239804056964e+32
#ERR  p: [1246, 417], r: 2.0776223885322609e+34, e: 1.7937488725956832e+34
#ERR  p: [1247, 417], r: 2.5850463354070947e+34, e: 2.8373479237577537e+34
#ERR  p: [1232, 418], r: 1.9150078229117726e+34, e: 1.9730372526053062e+34
#ERR  p: [1233, 418], r: -7.6142052272728242e+33, e: -7.9746735596720983e+33
#ERR  p: [1234, 418], r: 2.5368275805248977e+34, e: 2.5892778620493800e+34
#ERR  p: [1235, 418], r: -1.8516348869356656e+33, e: -1.9816885346728501e+33
#ERR  p: [1236, 418], r: -3.9340768855258743e+34, e: -3.7720921837973744e+34
#ERR  p: [1237, 418], r: -3.7657950304055375e+34, e: -4.0918939383181160e+34
#ERR  p: [1238, 418], r: -8.7765597426095373e+33, e: -8.0954717487055657e+33
#ERR  p: [1239, 418], r: 1.1452319476833374e+34, e: 1.0821952981189023e+34
#ERR  p: [1240, 418], r: 2.8080372174475938e+34, e: 3.0155951961943378e+34
#ERR  p: [1241, 418], r: 2.7712599995844880e+34, e: 2.7629796662497159e+34
#ERR  p: [1242, 418], r: -1.0383162039414222e+34, e: -1.1790230065836790e+34
#ERR  p: [1243, 418], r: -1.0809205912604501e+34, e: -1.1176398735297174e+34
#ERR  p: [1244, 418], r: -2.5261052866686313e+34, e: -2.6021663033863879e+34
#ERR  p: [1245, 418], r: -2.1800247885819475e+34, e: -1.9518596885592473e+34
#ERR  p: [1246, 418], r: 1.8156319386701308e+34, e: 1.8949046670258094e+34
#ERR  p: [1247, 418], r: -2.0215308301762246e+34, e: -2.2645414309440390e+34
#ERR  p: [1232, 419], r: 8.9132933147987058e+33, e: 9.0640917427442151e+33
#ERR  p: [1233, 419], r: -1.5905941227746733e+34, e: -1.5078125771716442e+34
#ERR  p: [1234, 419], r: 1.8607836971049983e+34, e: 1.9322390817005976e+34
#ERR  p: [1235, 419], r: 1.9121419917208269e+34, e: 1.6971402795178599e+34
#ERR  p: [1236, 419], r: 4.6323450112950484e+33, e: 3.2584896781864672e+33
#ERR  p: [1237, 419], r: 1.1695386527666980e+34, e: 1.0908611259819078e+34
#ERR  p: [1238, 419], r: -4.7277658009051773e+34, e: -4.4678152286397817e+34
#ERR  p: [1239, 419], r: 1.9967826756748548e+34, e: 2.4239576546790296e+34
#ERR  p: [1240, 419], r: 8.9139122848183485e+33, e: 1.0845019517941027e+34
#ERR  p: [1241, 419], r: 2.1554487077460384e+34, e: 2.1222449276003338e+34
#ERR  p: [1242, 419], r: -3.1949407690337758e+34, e: -3.4149563859838565e+34
#ERR  p: [1243, 419], r: -1.2310986874522735e+34, e: -1.0876776393768815e+34
#ERR  p: [1244, 419], r: 1.4274923349032233e+33, e: 3.5831128377782136e+33
#ERR  p: [1245, 419], r: -1.0134756991131217e+34, e: -8.5588543693607711e+33
#ERR  p: [1246, 419], r: -2.0932278606674924e+34, e: -1.6222572865414873e+34
#ERR  p: [1247, 419], r: 2.3045298652690511e+34, e: 2.3967266876348690e+34
#ERR  p: [1232, 420], r: 1.5589340538579576e+34, e: 1.7246687235534607e+34
#ERR  p: [1233, 420], r: 1.2248484519879256e+34, e: 9.3823042298425221e+33
#ERR  p: [1234, 420], r: -2.2997598347096766e+34, e: -2.3902324541887779e+34
#ERR  p: [1235, 420], r: 1.1993345077782539e+34, e: 1.2848405118197423e+34
#ERR  p: [1236, 420], r: 4.9541323597418017e+32, e: 8.8368570165580398e+32
#ERR  p: [1237, 420], r: -3.5360524233907759e+34, e: -3.4726307744741230e+34
#ERR  p: [1238, 420], r: -4.1184265833861156e+33, e: -6.2289781769633676e+33
#ERR  p: [1239, 420], r: 2.9398399506662847e+34, e: 2.4541619061095457e+34
#ERR  p: [1240, 420], r: 1.1608934985023486e+34, e: 9.7830600828802997e+33
#ERR  p: [1241, 420], r: 1.8320424432129096e+34, e: 1.9916829816830187e+34
#ERR  p: [1242, 420], r: -6.4187205892227439e+34, e: -6.4002317071480089e+34
#ERR  p: [1243, 420], r: -1.8723220410351616e+34, e: -1.9443587622732093e+34
#ERR  p: [1244, 420], r: 2.2122540623287267e+34, e: 2.0329844990077008e+34
#ERR  p: [1245, 420], r: 4.8098411636127960e+33, e: 3.1816080310166684e+33
#ERR  p: [1246, 420], r: -3.5678895177331095e+34, e: -3.7249157744282557e+34
#ERR  p: [1247, 420], r: -1.1025887509440779e+34, e: -1.2648916032626741e+34
#ERR  p: [1232, 421], r: -5.5863311923353013e+34, e: -4.9621132972780726e+34
#ERR  p: [1233, 421], r: 1.1919420250396573e+34, e: 9.7884550255715054e+33
#ERR  p: [1234, 421], r: 4.2713576106373018e+34, e: 4.5301405578576434e+34
#ERR  p: [1235, 421], r: -1.6494144723593064e+34, e: -1.9128254584165164e+34
#ERR  p: [1236, 421], r: -2.9043469717999335e+34, e: -3.1119896256453646e+34
#ERR  p: [1237, 421], r: 4.5780225930491548e+34, e: 4.5517109202781676e+34
#ERR  p: [1238, 421], r: 2.3558013802881258e+34, e: 2.3625545907904354e+34
#ERR  p: [1239, 421], r: -6.2224851814573157e+33, e: -7.9434335238107121e+33
#ERR  p: [1240, 421], r: 1.1145858754528003e+34, e: 1.2867073253989846e+34
#ERR  p: [1241, 421], r: 2.8189310897933051e+34, e: 2.9558829108113996e+34
#ERR  p: [1242, 421], r: -8.7456520936486992e+33, e: -8.5409611840329402e+33
#ERR  p: [1243, 421], r: 2.7371282595853351e+34, e: 3.1278974027381896e+34
#ERR  p: [1244, 421], r: 1.1885245677672061e+33, e: 1.9959328917348874e+33
#ERR  p: [1245, 421], r: -2.2333567310024088e+34, e: -2.0937901330333358e+34
#ERR  p: [1246, 421], r: -4.0651554238215832e+34, e: -4.0253313879337882e+34
#ERR  p: [1247, 421], r: -1.6692459004066464e+34, e: -1.7128736308591496e+34
#ERR  p: [1232, 422], r: 1.7813475606641340e+34, e: 1.2151514200721954e+34
#ERR  p: [1233, 422], r: -2.2221333190182397e+32, e: 2.3421782215378020e+33
#ERR  p: [1234, 422], r: 7.7026189048785860e+33, e: 4.2971495342827950e+33
#ERR  p: [1235, 422], r: -1.5495673043447087e+34, e: -1.2407668753650884e+34
#ERR  p: [1236, 422], r: -1.2834126717784305e+34, e: -1.2889239808333290e+34
#ERR  p: [1237, 422], r: -2.3134846283372258e+34, e: -2.3737876587069110e+34
#ERR  p: [1238, 422], r: -5.2516016140568331e+34, e: -5.2550445728940936e+34
#ERR  p: [1239, 422], r: 1.1545604448493724e+34, e: 1.3690232817532385e+34
#ERR  p: [1240, 422], r: 6.8060487542424008e+34, e: 6.6712707559332914e+34
#ERR  p: [1241, 422], r: -5.4015161528142926e+33, e: -7.6601006162892904e+33
#ERR  p: [1242, 422], r: -1.0143985834124090e+34, e: -8.5085543896845275e+33
#ERR  p: [1243, 422], r: -2.5511438619032174e+34, e: -2.8341877104254660e+34
#ERR  p: [1244, 422], r: 2.1886834363927252e+34, e: 2.0554729177613590e+34
#ERR  p: [1245, 422], r: -2.8460612885182678e+34, e: -2.8746884043387344e+34
#ERR  p: [1246, 422], r: 2.7011336674150655e+34, e: 2.4467055456649220e+34
#ERR  p: [1247, 422], r: -1.8673356185569201e+34, e: -1.7287676668175386e+34
#ERR  p: [1232, 423], r: 3.1591306299293598e+34, e: 3.7267476780983902e+34
#ERR  p: [1233, 423], r: -2.1889248347003858e+34, e: -2.7862942861855932e+34
#ERR  p: [1234, 423], r: 5.0353993476037671e+34, e: 5.1082605369079789e+34
#ERR  p: [1235, 423], r: -1.9995373398502726e+34, e: -2.3427770131348043e+34
#ERR  p: [1236, 423], r: -7.0350164107925697e+33, e: -6.7877527432257864e+33
#ERR  p: [1237, 423], r: -1.3023602106377208e+34, e: -1.3266706295411992e+34
#ERR  p: [1238, 423], r: 6.1206243801748164e+33, e: 7.1133804911594129e+33
#ERR  p: [1239, 423], r: -1.8908879229803402e+34, e: -2.3207362334993517e+34
#ERR  p: [1240, 423], r: 2.4282352326907763e+34, e: 2.6409358619487196e+34
#ERR  p: [1241, 423], r: 3.4567158173290702e+34, e: 3.6909687350829641e+34
#ERR  p: [1242, 423], r: -1.6221353494476177e+34, e: -1.7286878196850047e+34
#ERR  p: [1243, 423], r: 2.4049839952849104e+34, e: 2.4209658011920847e+34
#ERR  p: [1244, 423], r: 2.9549561888979906e+34, e: 2.8138295388914101e+34
#ERR  p: [1245, 423], r: -4.9721301510029522e+33, e: -4.3790234841460221e+33
#ERR  p: [1246, 423], r: 2.0276702700070565e+34, e: 2.3431033341291599e+34
#ERR  p: [1247, 423], r: -3.5162899486036241e+34, e: -3.6672280161855648e+34
#ERR  p: [1232, 424], r: -7.7227360494869931e+33, e: -8.3041395406975291e+33
#ERR  p: [1233, 424], r: -2.0982212156099539e+34, e: -1.8621679616569272e+34
#ERR  p: [1234, 424], r: -2.7979527102995672e+34, e: -2.8123405446121576e+34
#ERR  p: [1235, 424], r: -7.0147387053610673e+34, e: -6.9927647744877361e+34
#ERR  p: [1236, 424], r: -1.1145171697806200e+34, e: -1.0227015091528980e+34
#ERR  p: [1237, 424], r: -2.2332027312615217e+34, e: -2.1473231169161771e+34
#ERR  p: [1238, 424], r: -4.3116629576123709e+34, e: -4.3086319852201846e+34
#ERR  p: [1239, 424], r: 1.7101206997997868e+33, e: 3.5217880735971042e+33
#ERR  p: [1240, 424], r: 1.4468965188945050e+34, e: 1.5302346423391968e+34
#ERR  p: [1241, 424], r: 2.7041465658826782e+34, e: 2.8926320976201681e+34
#ERR  p: [1242, 424], r: -1.2475134009911859e+34, e: -1.5261026460760700e+34
#ERR  p: [1243, 424], r: 1.3239985359664017e+34, e: 1.1630254788380058e+34
#ERR  p: [1244, 424], r: -9.1692863165525099e+33, e: -7.8280767002199236e+33
#ERR  p: [1245, 424], r: -7.2244620888245293e+33, e: -6.3542682314293820e+33
#ERR  p: [1246, 424], r: 7.8190620208538475e+33, e: 1.0049752600393647e+34
#ERR  p: [1247, 424], r: -2.2476821731370193e+34, e: -2.3489142246735655e+34
#ERR  p: [1232, 425], r: -1.8130587565044722e+34, e: -1.7386191936501716e+34
#ERR  p: [1233, 425], r: -5.7404671066267240e+34, e: -5.7877207634542941e+34
#ERR  p: [1234, 425], r: -2.0637622571099168e+33, e: 4.0538853414979330e+32
#ERR  p: [1235, 425], r: 7.4230621787044994e+32, e: 1.4682634258695726e+33
#ERR  p: [1236, 425], r: -3.3676277099899057e+34, e: -3.0222077767081846e+34
#ERR  p: [1237, 425], r: 1.7742888265601288e+34, e: 1.7040030477136463e+34
#ERR  p: [1238, 425], r: 5.0630775823841214e+33, e: 6.5344658783978601e+33
#ERR  p: [1239, 425], r: 2.9784747594553401e+33, e: 2.1196204328200469e+33
#ERR  p: [1240, 425], r: 6.2209767515194465e+33, e: 8.2991116472279715e+33
#ERR  p: [1241, 425], r: 3.5005515217081734e+34, e: 3.2698396076426513e+34
#ERR  p: [1242, 425], r: -1.5647875295397146e+34, e: -1.5297066609124416e+34
#ERR  p: [1243, 425], r: -5.6130361586567695e+33, e: -3.5409863572113517e+33
#ERR  p: [1244, 425], r: 2.6076508729364379e+34, e: 2.3945139936086504e+34
#ERR  p: [1245, 425], r: 1.6802164012407895e+34, e: 1.6994260120063965e+34
#ERR  p: [1246, 425], r: 6.6473103026789190e+33, e: 4.2997625162207167e+33
#ERR  p: [1247, 425], r: -6.5811826406303922e+33, e: -7.1884590786619926e+33
#ERR  p: [1232, 426], r: -3.9098330677965094e+33, e: -3.6347646479773568e+33
#ERR  p: [1233, 426], r: -2.8431194478089100e+34, e: -3.1071896369370395e+34
#ERR  p: [1234, 426], r: -1.0070413200679301e+34, e: -9.0639988972412687e+33
#ERR  p: [1235, 426], r: 1.5554436819171925e+34, e: 1.4217652219509764e+34
#ERR  p: [1236, 426], r: -3.5019432139003380e+34, e: -3.2774408070718714e+34
#ERR  p: [1237, 426], r: 3.3518803699261721e+34, e: 3.2628071178674789e+34
#ERR  p: [1238, 426], r: 9.2699172244059792e+33, e: 1.2713667724321602e+34
#ERR  p: [1239, 426], r: 1.7152779580034497e+34, e: 1.7322330323695101e+34
#ERR  p: [1240, 426], r: 3.2124281576167290e+34, e: 3.4437273504368880e+34
#ERR  p: [1241, 426], r: -6.7735900902063420e+32, e: -3.6856569819623984e+30
#ERR  p: [1242, 426], r: 8.6796389410538063e+33, e: 5.7961801029187468e+33
#ERR  p: [1243, 426], r: 6.0732459389912864e+33, e: 6.5841326517440092e+33
#ERR  p: [1244, 426], r: 2.2087786694624369e+34, e: 2.2498208383488887e+34
#ERR  p: [1245, 426], r: -1.1443595713376530e+34, e: -1.0364235793123607e+34
#ERR  p: [1246, 426], r: 3.4444584778240899e+34, e: 3.6825547042239493e+34
#ERR  p: [1247, 426], r: -5.5597234043069171e+34, e: -5.5268392602793559e+34
#ERR  p: [1232, 427], r: -1.2259753488056871e+33, e: 9.1192234023937895e+32
#ERR  p: [1233, 427], r: -1.8142398750959544e+34, e: -1.8348949046514310e+34
#ERR  p: [1234, 427], r: 2.9440298825232500e+34, e: 2.7685023643529759e+34
#ERR  p: [1235, 427], r: -6.9866426658174542e+33, e: -6.5393365534824285e+33
#ERR  p: [1236, 427], r: 1.6211891918755919e+34, e: 1.5519200093893706e+34
#ERR  p: [1237, 427], r: -5.0056557336618691e+33, e: -3.1406724487675990e+33
#ERR  p: [1238, 427], r: 4.4395297842701579e+34, e: 4.7728585096001708e+34
#ERR  p: [1239, 427], r: 7.6753525327493020e+34, e: 7.8017660178009678e+34
#ERR  p: [1240, 427], r: -3.7104714900498739e+34, e: -3.2925132222261866e+34
#ERR  p: [1241, 427], r: -1.0266845812292987e+34, e: -7.8621720447819216e+33
#ERR  p: [1242, 427], r: -7.6689178442191005e+33, e: -1.1482119169459052e+34
#ERR  p: [1243, 427], r: 2.1906888992563675e+34, e: 2.1566430722959410e+34
#ERR  p: [1244, 427], r: 3.9975379009357764e+34, e: 3.8683801504050227e+34
#ERR  p: [1245, 427], r: -3.5414351104755927e+33, e: -7.5262398387037885e+32
#ERR  p: [1246, 427], r: -2.6741646484832178e+33, e: -4.3227510627502462e+33
#ERR  p: [1247, 427], r: -5.0599878078400690e+34, e: -5.1416854131446999e+34
#ERR  p: [1232, 428], r: -1.1812816281853552e+34, e: -1.2908488538004139e+34
#ERR  p: [1233, 428], r: 1.9446547537366025e+34, e: 1.6616495289435795e+34
#ERR  p: [1234, 428], r: -3.1217181012380927e+34, e: -3.0125590244539865e+34
#ERR  p: [1235, 428], r: -2.8235840112249632e+33, e: -4.9023094043322273e+33
#ERR  p: [1236, 428], r: -3.7541091240226914e+34, e: -3.6574567078674775e+34
#ERR  p: [1237, 428], r: -3.7289462596081610e+34, e: -3.9729259198387281e+34
#ERR  p: [1238, 428], r: 1.8297232863433124e+34, e: 1.7555419577812067e+34
#ERR  p: [1239, 428], r: -5.2861847069943094e+34, e: -5.4348385276157608e+34
#ERR  p: [1240, 428], r: 9.1375275838146632e+33, e: 8.3797052576055676e+33
#ERR  p: [1241, 428], r: 3.9149591299111823e+34, e: 3.5564883375592990e+34
#ERR  p: [1242, 428], r: 9.2403874027088658e+33, e: 1.2198315761847177e+34
#ERR  p: [1243, 428], r: -4.1513712626815978e+34, e: -4.3001629898234255e+34
#ERR  p: [1244, 428], r: 1.8249154986127398e+34, e: 1.6707369991839656e+34
#ERR  p: [1245, 428], r: -6.5360355863676740e+33, e: -7.8412131009468004e+33
#ERR  p: [1246, 428], r: 4.7365814195129363e+32, e: 2.9045706675650324e+33
#ERR  p: [1247, 428], r: -7.5924837123735032e+33, e: -8.4627926981923041e+33
#ERR  p: [1232, 429], r: -4.1446727691290246e+33, e: -4.6238112716342346e+33
#ERR  p: [1233, 429], r: 1.4700039076678059e+34, e: 1.4166920198759810e+34
#ERR  p: [1234, 429], r: -4.1581227400678524e+34, e: -4.2463467652595957e+34
#ERR  p: [1235, 429], r: 4.1942537532304512e+34, e: 4.3580659020449441e+34
#ERR  p: [1236, 429], r: -2.0437371223949296e+34, e: -1.9052477798480427e+34
#ERR  p: [1237, 429], r: -5.6279279583593529e+33, e: -3.0337351648690002e+33
#ERR  p: [1238, 429], r: -5.7201079447406366e+34, e: -5.6791965023223334e+34
#ERR  p: [1239, 429], r: 1.4815808753271949e+34, e: 1.2797456457940594e+34
#ERR  p: [1240, 429], r: -1.7300614379525957e+34, e: -1.7722716032661132e+34
#ERR  p: [1241, 429], r: 4.0481419186856685e+34, e: 4.2024246526657504e+34
#ERR  p: [1242, 429], r: -2.8942107187582648e+34, e: -2.7909011562477898e+34
#ERR  p: [1243, 429], r: 7.2320995598969005e+33, e: 6.8101520302966161e+33
#ERR  p: [1244, 429], r: -1.3176408473066438e+34, e: -1.3625961446572766e+34
#ERR  p: [1245, 429], r: -3.3493752744626742e+34, e: -3.4001011055124319e+34
#ERR  p: [1246, 429], r: -2.0412265799952589e+34, e: -2.6177314186763387e+34
#ERR  p: [1247, 429], r: -3.2853002407932864e+34, e: -3.0988293326757296e+34
#ERR  p: [1232, 430], r: -3.4886252073696980e+34, e: -3.4117669572666416e+34
#ERR  p: [1233, 430], r: 4.4469267235928959e+34, e: 4.3947317053045142e+34
#ERR  p: [1234, 430], r: 6.1800696418912808e+33, e: 7.4289803058048081e+33
#ERR  p: [1235, 430], r: 2.5387830306109529e+34, e: 2.4023739225060811e+34
#ERR  p: [1236, 430], r: 1.6102548388905959e+34, e: 1.6549033746994938e+34
#ERR  p: [1237, 430], r: -2.8029312099615573e+34, e: -2.7736494714483166e+34
#ERR  p: [1238, 430], r: -4.1687525598031841e+33, e: -1.4728947142990441e+33
#ERR  p: [1239, 430], r: 9.7423510436584196e+33, e: 1.1164858658250955e+34
#ERR  p: [1240, 430], r: 1.1195079250489990e+34, e: 1.4507908306700889e+34
#ERR  p: [1241, 430], r: 2.9337241554902031e+33, e: 4.8943952536610759e+33
#ERR  p: [1242, 430], r: 2.7689705532758336e+34, e: 2.8543195865203406e+34
#ERR  p: [1243, 430], r: 5.1472091015999912e+34, e: 4.8723438277412854e+34
#ERR  p: [1244, 430], r: 1.4862215411524640e+34, e: 1.4578474602760274e+34
#ERR  p: [1245, 430], r: 5.6499032509667274e+33, e: 6.0070786628615024e+33
#ERR  p: [1246, 430], r: 2.1287186112417728e+34, e: 2.3608360824278994e+34
#ERR  p: [1247, 430], r: 1.0189090179455453e+34, e: 1.2976356124777881e+34
#ERR  p: [1232, 431], r: -1.8831962301342483e+34, e: -2.1106318120917977e+34
#ERR  p: [1233, 431], r: -7.3951115042699994e+33, e: -9.7023445354088340e+33
#ERR  p: [1234, 431], r: -2.7167648887031141e+34, e: -2.8912740773970720e+34
#ERR  p: [1235, 431], r: -3.2425234703237880e+34, e: -3.3127864710735476e+34
#ERR  p: [1236, 431], r: 5.3393455661013415e+33, e: 3.8597884132533684e+33
#ERR  p: [1237, 431], r: -2.4182058448229989e+33, e: -6.7746404823296757e+33
#ERR  p: [1238, 431], r: -7.9347629917755573e+33, e: -7.8143429934240916e+33
#ERR  p: [1239, 431], r: 8.0546011583085589e+32, e: -3.1270179701342813e+32
#ERR  p: [1240, 431], r: -4.0992923631689011e+34, e: -4.4096464068978245e+34
#ERR  p: [1241, 431], r: 5.3538591751219233e+33, e: 4.3335548749580995e+33
#ERR  p: [1242, 431], r: 1.0565339152505517e+34, e: 1.2979605717381005e+34
#ERR  p: [1243, 431], r: 1.6344352740899494e+34, e: 1.6694128985179460e+34
#ERR  p: [1244, 431], r: 5.0731649367942383e+34, e: 5.0096496996106155e+34
#ERR  p: [1245, 431], r: -7.7667336764232348e+33, e: -9.9055437272772542e+33
#ERR  p: [1246, 431], r: 9.1332028402874197e+33, e: 9.4737898556557706e+33
#ERR  p: [1247, 431], r: -3.1545113804667703e+34, e: -3.1049878367831665e+34
#SDC Ite:4 KerTime:2.5971604 AccTime:10.6108088 KerErr:256 AccErr:256
#IT 4 KerTime:2.7120893 AccTime:13.3228981
#IT 5 KerTime:2.6024242 AccTime:15.9253223
#IT 6 KerTime:2.6504778 AccTime:18.5758001
#IT 7 KerTime:2.5973392 AccTime:21.1731393
#IT 8 KerTime:2.6727821 AccTime:23.8459214
#IT 9 KerTime:2.6023678 AccTime:26.4482892
#ERR  p: [1280, 352], r: -3.6473360528703038e+34, e: -3.8173661269141193e+34
#ERR  p: [1281, 352], r: -4.9339610552566759e+34, e: -5.2947255029133471e+34
#ERR  p: [1282, 352], r: -1.5404136043122208e+34, e: -1.6988835466811816e+34
#ERR  p: [1283, 352], r: 4.3060843665163373e+33, e: 4.9583698284962756e+33
#ERR  p: [1284, 352], r: -1.1203864910948798e+34, e: -1.2733456195849579e+34
#ERR  p: [1285, 352], r: 1.9893572637312132e+34, e: 2.1948949243338435e+34
#ERR  p: [1286, 352], r: -1.4240450123273243e+34, e: -1.3006632424318684e+34
#ERR  p: [1287, 352], r: 3.6085734267721921e+34, e: 3.6011066676312384e+34
#ERR  p: [1288, 352], r: 1.9954788772254795e+34, e: 1.8028687768650986e+34
#ERR  p: [1289, 352], r: -1.0545283285929055e+34, e: -1.1247955383387987e+34
#ERR  p: [1290, 352], r: -7.0392724486476329e+33, e: -4.3736997230070753e+33
#ERR  p: [1291, 352], r: 4.9946300207019738e+34, e: 5.0987595946944714e+34
#ERR  p: [1292, 352], r: 3.3510004421462480e+34, e: 3.5110631181697534e+34
#ERR  p: [1293, 352], r: 1.2852756477435511e+34, e: 1.6318453797337604e+34
#ERR  p: [1294, 352], r: -6.4816000204021898e+34, e: -6.4588506438882502e+34
#ERR  p: [1295, 352], r: 2.3527347552228081e+33, e: 4.1229463024695465e+33
#ERR  p: [1280, 353], r: 2.9650845191234078e+34, e: 2.7951670976231673e+34
#ERR  p: [1281, 353], r: 7.9318519757731777e+33, e: 6.9376400473023817e+33
#ERR  p: [1282, 353], r: 1.7294569518314127e+34, e: 1.9765315859541971e+34
#ERR  p: [1283, 353], r: -2.4853302033456553e+33, e: -3.8661452353550988e+33
#ERR  p: [1284, 353], r: 1.1707078871338031e+34, e: 1.2521731310930600e+34
#ERR  p: [1285, 353], r: 4.1563544665157371e+34, e: 4.1642812441752893e+34
#ERR  p: [1286, 353], r: -4.2541512344432665e+34, e: -4.3339429072634135e+34
#ERR  p: [1287, 353], r: 2.2939868251304732e+34, e: 2.4952389849051053e+34
#ERR  p: [1288, 353], r: 6.7496483298465628e+33, e: 6.0218881395514734e+33
#ERR  p: [1289, 353], r: 3.0790480411999807e+34, e: 2.9010585078795758e+34
#ERR  p: [1290, 353], r: 6.1277769501337995e+34, e: 6.2918049956911438e+34
#ERR  p: [1291, 353], r: -3.1959977222393177e+34, e: -3.1029150299813871e+34
#ERR  p: [1292, 353], r: 2.6786878337987587e+34, e: 2.6654696052352851e+34
#ERR  p: [1293, 353], r: -4.1255233222493269e+34, e: -3.9085941374051926e+34
#ERR  p: [1294, 353], r: -3.1282742316861481e+34, e: -2.9743262366926889e+34
#ERR  p: [1295, 353], r: 1.7286256750950325e+34, e: 1.8488587445005662e+34
#ERR  p: [1280, 354], r: -1.0271044285936223e+34, e: -9.5008691750451187e+33
#ERR  p: [1281, 354], r: 2.1539064820450967e+34, e: 2.3766804769907130e+34
#ERR  p: [1282, 354], r: -4.6291821982886781e+34, e: -4.6719371810134852e+34
#ERR  p: [1283, 354], r: 2.3644633086400076e+33, e: 1.4534709708551418e+33
#ERR  p: [1284, 354], r: -4.7811423091670528e+34, e: -4.6386831405021856e+34
#ERR  p: [1285, 354], r: -6.1784086977405716e+34, e: -5.8006706066172506e+34
#ERR  p: [1286, 354], r: -1.6473093553225016e+34, e: -2.2232306290690623e+34
#ERR  p: [1287, 354], r: -6.9308907982081978e+33, e: -4.5665602586374036e+33
#ERR  p: [1288, 354], r: -1.4992413279276401e+34, e: -1.8165572988494967e+34
#ERR  p: [1289, 354], r: 5.2027320740959837e+33, e: 2.5484239838429035e+33
#ERR  p: [1290, 354], r: 2.9737060287330069e+34, e: 3.1952636237960215e+34
#ERR  p: [1291, 354], r: 1.7064900692525706e+34, e: 2.1183062975713435e+34
#ERR  p: [1292, 354], r: -9.3154938438623294e+33, e: -1.0546085471074512e+34
#ERR  p: [1293, 354], r: -1.7738681745347796e+34, e: -1.9151104481410294e+34
#ERR  p: [1294, 354], r: -1.8815045850705648e+34, e: -1.7687884113775760e+34
#ERR  p: [1295, 354], r: -7.8759069895177928e+33, e: -9.9956156255656388e+33
#ERR  p: [1280, 355], r: 1.1656838312783673e+34, e: 1.3097958974836884e+34
#ERR  p: [1281, 355], r: 1.4539468350062431e+34, e: 1.2636831261963237e+34
#ERR  p: [1282, 355], r: 2.5713594227447476e+34, e: 2.5098593043570735e+34
#ERR  p: [1283, 355], r: -2.0092358572940500e+34, e: -2.1362650937212565e+34
#ERR  p: [1284, 355], r: -1.0056759959986022e+34, e: -1.0700416979892141e+34
#ERR  p: [1285, 355], r: 2.9885372931676694e+34, e: 3.1175185134488210e+34
#ERR  p: [1286, 355], r: -3.0683616476048535e+34, e: -3.0662824035148698e+34
#ERR  p: [1287, 355], r: -1.3450443831922807e+34, e: -1.7088691424200693e+34
#ERR  p: [1288, 355], r: 1.3503076090633064e+34, e: 1.4247152330645935e+34
#ERR  p: [1289, 355], r: -1.9682380066610047e+34, e: -1.8143340823329440e+34
#ERR  p: [1290, 355], r: 6.1301478528970389e+33, e: 5.8307112023745732e+33
#ERR  p: [1291, 355], r: -4.0719333931246785e+34, e: -4.2228085733526235e+34
#ERR  p: [1292, 355], r: 1.9469168415703886e+34, e: 1.8040387539962272e+34
#ERR  p: [1293, 355], r: 2.8394863413816153e+34, e: 3.0193572959737261e+34
#ERR  p: [1294, 355], r: -2.4254367454379677e+34, e: -2.4741662743803739e+34
#ERR  p: [1295, 355], r: -2.7172724441192211e+34, e: -2.4200950341684513e+34
#ERR  p: [1280, 356], r: 1.3481168265757830e+34, e: 1.3778338248068365e+34
#ERR  p: [1281, 356], r: -1.5838860970837976e+34, e: -1.4228237844785693e+34
#ERR  p: [1282, 356], r: -2.0183385541969194e+34, e: -1.8638995921838796e+34
#ERR  p: [1283, 356], r: 2.1352116067478246e+34, e: 2.1047523396692157e+34
#ERR  p: [1284, 356], r: -2.3734828778692389e+34, e: -2.1612400388378233e+34
#ERR  p: [1285, 356], r: 1.3854321769739662e+34, e: 1.4776651471889313e+34
#ERR  p: [1286, 356], r: 6.3807514826898141e+33, e: 2.6330938212848565e+33
#ERR  p: [1287, 356], r: -3.2280024336629705e+34, e: -2.9857836193442830e+34
#ERR  p: [1288, 356], r: 5.2194665475470435e+33, e: 3.5245372289393473e+33
#ERR  p: [1289, 356], r: 3.4930496050701040e+34, e: 3.4115807710847331e+34
#ERR  p: [1290, 356], r: -6.2322135332560399e+34, e: -6.0510989441004631e+34
#ERR  p: [1291, 356], r: -1.7521844168066569e+34, e: -1.3177682313366862e+34
#ERR  p: [1292, 356], r: -8.3011499155026549e+33, e: -7.7497466632041608e+33
#ERR  p: [1293, 356], r: -2.0035834230746730e+34, e: -1.8841040115650563e+34
#ERR  p: [1294, 356], r: 2.6973970692004865e+34, e: 2.9277207652696886e+34
#ERR  p: [1295, 356], r: -4.4344377036095634e+33, e: -5.8824806168774486e+33
#ERR  p: [1280, 357], r: 2.7390661309228324e+31, e: 1.0628908301977851e+33
#ERR  p: [1281, 357], r: -1.6587794887565003e+34, e: -2.0017754116472967e+34
#ERR  p: [1282, 357], r: 2.3188644062629502e+33, e: 1.0434520767309064e+33
#ERR  p: [1283, 357], r: -8.1646924039422471e+33, e: -8.9390090432347810e+33
#ERR  p: [1284, 357], r: -8.6562226862407037e+33, e: -8.9174181310096047e+33
#ERR  p: [1285, 357], r: -1.4956806409926436e+34, e: -1.6553172180546269e+34
#ERR  p: [1286, 357], r: -6.4685330371630159e+32, e: 2.4093729879001928e+33
#ERR  p: [1287, 357], r: -8.1193844174744218e+33, e: -1.1109380375390381e+34
#ERR  p: [1288, 357], r: -1.3486232678458547e+34, e: -1.3689831724959656e+34
#ERR  p: [1289, 357], r: 3.8147065365337186e+34, e: 3.9901132317561584e+34
#ERR  p: [1290, 357], r: 4.6589645597538058e+34, e: 4.5355087610440006e+34
#ERR  p: [1291, 357], r: -2.7763271976502929e+33, e: -6.5726377595092248e+33
#ERR  p: [1292, 357], r: -1.1458938742223433e+34, e: -1.2486755791000670e+34
#ERR  p: [1293, 357], r: 6.1740788786591670e+34, e: 6.3338543525935582e+34
#ERR  p: [1294, 357], r: 2.2342094241014686e+32, e: -3.8993334793533104e+33
#ERR  p: [1295, 357], r: -5.6147343029056592e+32, e: -1.6261286345293425e+32
#ERR  p: [1280, 358], r: 7.2244862286552954e+33, e: 6.2386520594003632e+33
#ERR  p: [1281, 358], r: 4.0575616520325988e+34, e: 3.9315759990585099e+34
#ERR  p: [1282, 358], r: 3.5450302121436814e+34, e: 3.5897703555154864e+34
#ERR  p: [1283, 358], r: 1.6122632418618315e+33, e: 2.6700930636940081e+33
#ERR  p: [1284, 358], r: 1.5809808993996027e+34, e: 1.4800877958458128e+34
#ERR  p: [1285, 358], r: -4.2172321486516586e+33, e: -5.2486503650031767e+33
#ERR  p: [1286, 358], r: -5.6951887069258377e+34, e: -5.5058670704858145e+34
#ERR  p: [1287, 358], r: -2.9710347398192350e+33, e: -4.0934013160069518e+33
#ERR  p: [1288, 358], r: -3.3598935558004663e+34, e: -3.3706309525252120e+34
#ERR  p: [1289, 358], r: 4.4148868546721274e+34, e: 4.3339478590235706e+34
#ERR  p: [1290, 358], r: 1.1263763877689661e+34, e: 1.0426837182970230e+34
#ERR  p: [1291, 358], r: 1.1352093375372751e+34, e: 1.0479803685491094e+34
#ERR  p: [1292, 358], r: -5.7005851351450905e+34, e: -5.6521628629204350e+34
#ERR  p: [1293, 358], r: -7.2246483988004418e+33, e: -4.4556352603872567e+33
#ERR  p: [1294, 358], r: 3.7707695686594019e+34, e: 3.6536488043066356e+34
#ERR  p: [1295, 358], r: 6.7115711511482034e+33, e: 6.8674426573747042e+33
#ERR  p: [1280, 359], r: 1.4077042038087573e+34, e: 1.5336804484385476e+34
#ERR  p: [1281, 359], r: -7.7078083495232703e+33, e: -1.0930009053398126e+34
#ERR  p: [1282, 359], r: -3.7017321285485348e+34, e: -3.6297181854072099e+34
#ERR  p: [1283, 359], r: -2.5614384474759107e+33, e: -3.1793884045262297e+33
#ERR  p: [1284, 359], r: 2.8600277280414855e+34, e: 2.7254062053533418e+34
#ERR  p: [1285, 359], r: 8.2850034635702557e+33, e: 9.2536612147801033e+33
#ERR  p: [1286, 359], r: -8.3721030678243161e+33, e: -6.9082476369496289e+33
#ERR  p: [1287, 359], r: -1.1804789478638826e+34, e: -1.4001793852799611e+34
#ERR  p: [1288, 359], r: 2.8049163706085553e+34, e: 2.7736908186456288e+34
#ERR  p: [1289, 359], r: 7.1081378150930393e+33, e: 7.9560970314425819e+33
#ERR  p: [1290, 359], r: 4.8358488602071367e+34, e: 4.7199697497137736e+34
#ERR  p: [1291, 359], r: 1.4173407004565665e+34, e: 1.1667487073001606e+34
#ERR  p: [1292, 359], r: 1.0721820963171386e+34, e: 1.0847090591626752e+34
#ERR  p: [1293, 359], r: -3.7638111076985788e+34, e: -3.6231608170191153e+34
#ERR  p: [1294, 359], r: -9.9265924217652235e+33, e: -1.0435369065720984e+34
#ERR  p: [1295, 359], r: -3.0682757345661271e+34, e: -2.7819312903111358e+34
#ERR  p: [1280, 360], r: 7.3291478692766779e+33, e: 1.9033903746130989e+33
#ERR  p: [1281, 360], r: 3.7295951877767544e+34, e: 3.5735563120569422e+34
#ERR  p: [1282, 360], r: 2.6156202357333414e+34, e: 2.7642889116352642e+34
#ERR  p: [1283, 360], r: -3.1417350964973216e+34, e: -3.5087248970235512e+34
#ERR  p: [1284, 360], r: -4.4817420540817422e+34, e: -4.7323793558435860e+34
#ERR  p: [1285, 360], r: 3.7914174181626506e+34, e: 3.8460472169202987e+34
#ERR  p: [1286, 360], r: -3.4234724231021084e+33, e: -1.4044019678054626e+33
#ERR  p: [1287, 360], r: -1.7845933156531364e+34, e: -1.8103043399170623e+34
#ERR  p: [1288, 360], r: 6.1436995825070959e+33, e: 6.7887220502765469e+33
#ERR  p: [1289, 360], r: 1.5802418491961493e+34, e: 1.4410496042949562e+34
#ERR  p: [1290, 360], r: 1.7862561167139045e+34, e: 1.7724097573744975e+34
#ERR  p: [1291, 360], r: -9.7856585190227597e+33, e: -1.1462568382418618e+34
#ERR  p: [1292, 360], r: -3.2611646190233551e+34, e: -3.2375833468030157e+34
#ERR  p: [1293, 360], r: 1.7068601204788140e+33, e: 2.7135979904946143e+33
#ERR  p: [1294, 360], r: -1.6009029446578184e+34, e: -1.5393812861134607e+34
#ERR  p: [1295, 360], r: -2.9973244391545249e+34, e: -2.8582339529245610e+34
#ERR  p: [1280, 361], r: 4.7067074504849015e+33, e: 5.6594211529587730e+33
#ERR  p: [1281, 361], r: -1.2483891197749764e+34, e: -1.4538302210545424e+34
#ERR  p: [1282, 361], r: 2.5178595537579573e+33, e: -6.7314537061191659e+31
#ERR  p: [1283, 361], r: -2.8073145080526590e+34, e: -2.8932216046668758e+34
#ERR  p: [1284, 361], r: 4.4123698749842523e+34, e: 4.2949527477860812e+34
#ERR  p: [1285, 361], r: -1.1700273914942079e+34, e: -1.0685923177912188e+34
#ERR  p: [1286, 361], r: 1.0302310937508454e+34, e: 1.1424188527380653e+34
#ERR  p: [1287, 361], r: 1.9326695134522571e+34, e: 1.8272544625229656e+34
#ERR  p: [1288, 361], r: 3.3030389312042145e+34, e: 3.2630861495523339e+34
#ERR  p: [1289, 361], r: -3.8811462832661492e+34, e: -3.6667108048371514e+34
#ERR  p: [1290, 361], r: 6.4757763790753795e+33, e: 5.6901622989843272e+33
#ERR  p: [1291, 361], r: 2.5873209264352776e+34, e: 2.4042476685495434e+34
#ERR  p: [1292, 361], r: 2.4837838305455820e+34, e: 2.5604043961610956e+34
#ERR  p: [1293, 361], r: 2.1222347764920117e+34, e: 2.1683911232687592e+34
#ERR  p: [1294, 361], r: -2.0043450037868413e+34, e: -2.3229895319588589e+34
#ERR  p: [1295, 361], r: 3.4447053230679234e+34, e: 3.5710192777404308e+34
#ERR  p: [1280, 362], r: 2.2603002483694473e+34, e: 2.2341601540879051e+34
#ERR  p: [1281, 362], r: -5.4021801838513653e+34, e: -5.1963018421499237e+34
#ERR  p: [1282, 362], r: -1.0901262847745880e+34, e: -9.2107486422882952e+33
#ERR  p: [1283, 362], r: 1.0270892019311391e+34, e: 7.6831584874610199e+33
#ERR  p: [1284, 362], r: -2.0262514669280315e+34, e: -1.8608314815905147e+34
#ERR  p: [1285, 362], r: 1.2980240780621158e+33, e: -8.6946208008942478e+32
#ERR  p: [1286, 362], r: -3.9880022964011690e+34, e: -4.1894931310153753e+34
#ERR  p: [1287, 362], r: -1.9886495334107538e+34, e: -1.9016748373066573e+34
#ERR  p: [1288, 362], r: 2.1599835296979486e+34, e: 2.3073865357037060e+34
#ERR  p: [1289, 362], r: -2.9037408763566994e+34, e: -2.8227592955707912e+34
#ERR  p: [1290, 362], r: -2.2982049820203342e+34, e: -2.3459132104303299e+34
#ERR  p: [1291, 362], r: 1.2750267421583074e+34, e: 1.1392068935121355e+34
#ERR  p: [1292, 362], r: -3.2653124609189847e+34, e: -3.3572978431260927e+34
#ERR  p: [1293, 362], r: 2.9660231252611940e+34, e: 2.8040498125810556e+34
#ERR  p: [1294, 362], r: 4.8681218332373026e+33, e: 5.5848098878210235e+33
#ERR  p: [1295, 362], r: 1.3976567110679054e+34, e: 1.3492109179825035e+34
#ERR  p: [1280, 363], r: 3.2155920847691345e+34, e: 2.9878492460938346e+34
#ERR  p: [1281, 363], r: -9.9986337233814165e+33, e: -9.9790792225208647e+33
#ERR  p: [1282, 363], r: -3.3043991797193813e+34, e: -3.0425097457644570e+34
#ERR  p: [1283, 363], r: -2.6596970908320974e+34, e: -2.7239422174628829e+34
#ERR  p: [1284, 363], r: 9.1684921780173084e+33, e: 1.0180371986728785e+34
#ERR  p: [1285, 363], r: -3.2153769307903067e+34, e: -3.0935294637795410e+34
#ERR  p: [1286, 363], r: 6.6978603462430982e+33, e: 4.6076026132148613e+33
#ERR  p: [1287, 363], r: -1.4215766836829932e+34, e: -1.2887173686407723e+34
#ERR  p: [1288, 363], r: -1.9745789831302322e+34, e: -1.8420030325630037e+34
#ERR  p: [1289, 363], r: 1.5847749380320046e+34, e: 1.4086002248091921e+34
#ERR  p: [1290, 363], r: 1.4093830980900362e+34, e: 1.8230254117607588e+34
#ERR  p: [1291, 363], r: -3.0562927225738525e+34, e: -2.7058551707248999e+34
#ERR  p: [1292, 363], r: -3.4049627436347134e+33, e: -3.9952515494772202e+33
#ERR  p: [1293, 363], r: -7.6473498338846509e+32, e: 2.9255686065113910e+33
#ERR  p: [1294, 363], r: 2.8380458743519028e+34, e: 3.4055529934454447e+34
#ERR  p: [1295, 363], r: 2.9406849685371009e+34, e: 3.3542884108905900e+34
#ERR  p: [1280, 364], r: 5.1163125940995067e+34, e: 4.8046502953370665e+34
#ERR  p: [1281, 364], r: 1.8326427203379591e+34, e: 1.3896931665891865e+34
#ERR  p: [1282, 364], r: -5.7463651481498953e+34, e: -5.7884699647660696e+34
#ERR  p: [1283, 364], r: -1.3545791211688606e+34, e: -1.4216445227971461e+34
#ERR  p: [1284, 364], r: -2.0001080302083832e+34, e: -2.5894271576181178e+34
#ERR  p: [1285, 364], r: 2.2019006746041673e+34, e: 2.5471126339592885e+34
#ERR  p: [1286, 364], r: 1.3995034700185113e+34, e: 1.8074247675916805e+34
#ERR  p: [1287, 364], r: -2.4564292551884988e+33, e: -5.1100125315485775e+33
#ERR  p: [1288, 364], r: -8.9643323446784027e+33, e: -1.0367578231229678e+34
#ERR  p: [1289, 364], r: -3.5095265869929924e+34, e: -3.5236227626323271e+34
#ERR  p: [1290, 364], r: -2.9557880846043904e+34, e: -3.1584883866369785e+34
#ERR  p: [1291, 364], r: -9.3110669702818449e+33, e: -1.1589574840749102e+34
#ERR  p: [1292, 364], r: -2.0908133824148702e+34, e: -1.7471955184483368e+34
#ERR  p: [1293, 364], r: 7.8609161546120665e+33, e: 9.0836988560564366e+33
#ERR  p: [1294, 364], r: -2.6667008603983583e+34, e: -2.6660695109783228e+34
#ERR  p: [1295, 364], r: -1.8976297444342884e+34, e: -1.6772313564240607e+34
#ERR  p: [1280, 365], r: 7.3865591955085963e+33, e: 1.3674122265861125e+34
#ERR  p: [1281, 365], r: -3.6803613220623434e+34, e: -3.7220932711386850e+34
#ERR  p: [1282, 365], r: 1.0265200589980777e+34, e: 8.5439836146388554e+33
#ERR  p: [1283, 365], r: -9.1036207156236464e+32, e: -7.6033395180630066e+32
#ERR  p: [1284, 365], r: -8.5723819591400621e+33, e: -7.0254632275094044e+33
#ERR  p: [1285, 365], r: 2.3661723467612430e+34, e: 2.5647329773024609e+34
#ERR  p: [1286, 365], r: 2.2528109587197786e+34, e: 2.0240835863312349e+34
#ERR  p: [1287, 365], r: -1.2831309166254892e+34, e: -1.5043032647482780e+34
#ERR  p: [1288, 365], r: -6.0587440904010778e+33, e: -8.4218014086414670e+33
#ERR  p: [1289, 365], r: 1.4000737889946101e+34, e: 1.5752017001202028e+34
#ERR  p: [1290, 365], r: -1.1934431511312948e+34, e: -1.4267525109872454e+34
#ERR  p: [1291, 365], r: 4.3655983339049819e+33, e: 4.6714004721094530e+33
#ERR  p: [1292, 365], r: -1.7061146020386554e+34, e: -1.8950485156583744e+34
#ERR  p: [1293, 365], r: -7.7485142938950522e+33, e: -7.2726080528324163e+33
#ERR  p: [1294, 365], r: 6.9724558729672437e+32, e: -4.1899197870499150e+33
#ERR  p: [1295, 365], r: 3.3143863847803200e+34, e: 3.2075536449180388e+34
#ERR  p: [1280, 366], r: 3.7592025045203272e+34, e: 3.5588466133341376e+34
#ERR  p: [1281, 366], r: -9.0241954111581259e+33, e: -9.4573320618034912e+33
#ERR  p: [1282, 366], r: 2.2853180262113734e+34, e: 2.1604658311372542e+34
#ERR  p: [1283, 366], r: -6.6347000264687385e+33, e: -7.4337952735876086e+33
#ERR  p: [1284, 366], r: -5.1940398781101414e+33, e: -8.2058043926469145e+33
#ERR  p: [1285, 366], r: 3.8219876046687795e+34, e: 3.9952635574956013e+34
#ERR  p: [1286, 366], r: 3.9319179180973606e+34, e: 4.2299178154102316e+34
#ERR  p: [1287, 366], r: 3.0756427157399144e+34, e: 3.1250964396053025e+34
#ERR  p: [1288, 366], r: -2.1182085003082399e+34, e: -1.9762329948167214e+34
#ERR  p: [1289, 366], r: -1.0581471987097484e+34, e: -1.0865150898859886e+34
#ERR  p: [1290, 366], r: 2.3259124631341166e+33, e: 4.9619770310282483e+32
#ERR  p: [1291, 366], r: -2.0863820522502442e+34, e: -2.2743253662505271e+34
#ERR  p: [1292, 366], r: -1.8796782521306071e+34, e: -1.8296107575937413e+34
#ERR  p: [1293, 366], r: 6.1089437969341392e+33, e: 4.3851215767795418e+33
#ERR  p: [1294, 366], r: 2.0714146144112604e+34, e: 1.8790532162047719e+34
#ERR  p: [1295, 366], r: 4.5180865500041158e+33, e: 6.6269170974417513e+33
#ERR  p: [1280, 367], r: -5.1188013487544860e+34, e: -5.0667048704932315e+34
#ERR  p: [1281, 367], r: -2.4995225050290406e+34, e: -2.4987544870286679e+34
#ERR  p: [1282, 367], r: 2.6513048477177739e+34, e: 2.6370492254013792e+34
#ERR  p: [1283, 367], r: 1.8711589963682530e+34, e: 2.0731791741432578e+34
#ERR  p: [1284, 367], r: -1.0536459249329029e+34, e: -1.0837862986573919e+34
#ERR  p: [1285, 367], r: -8.6677726668072363e+33, e: -8.7987417712034724e+33
#ERR  p: [1286, 367], r: -5.7669402067788340e+34, e: -5.7098741420238723e+34
#ERR  p: [1287, 367], r: -1.4603097230141660e+34, e: -1.5242438791070830e+34
#ERR  p: [1288, 367], r: 1.2949050881331363e+34, e: 1.5816950670082665e+34
#ERR  p: [1289, 367], r: 4.7516592197064224e+33, e: 4.6776279294770781e+33
#ERR  p: [1290, 367], r: 2.0209425610695562e+34, e: 2.2010427821569426e+34
#ERR  p: [1291, 367], r: 3.6498909135233809e+34, e: 3.5602303827100508e+34
#ERR  p: [1292, 367], r: -3.8922310459659184e+34, e: -3.9711185273813714e+34
#ERR  p: [1293, 367], r: -2.6457932910748676e+34, e: -2.6890432022273809e+34
#ERR  p: [1294, 367], r: -1.5657750343090525e+34, e: -1.2310546167868750e+34
#ERR  p: [1295, 367], r: -1.4128702513866991e+34, e: -9.9344681962951571e+33
#ERR  p: [1728, 432], r: -2.7244255092542199e+34, e: -2.8791363228998867e+34
#ERR  p: [1729, 432], r: 2.6483335440354812e+34, e: 2.4891307411632634e+34
#ERR  p: [1730, 432], r: 3.1065950543361707e+32, e: 2.3110554804951381e+33
#ERR  p: [1731, 432], r: -6.7362358684909253e+33, e: -8.3311328232541468e+33
#ERR  p: [1732, 432], r: -9.7039916146311032e+33, e: -1.1143312311867193e+34
#ERR  p: [1733, 432], r: -5.5460694208496150e+34, e: -5.6417750604627835e+34
#ERR  p: [1734, 432], r: -7.0475356984098628e+33, e: -5.3944908430913481e+33
#ERR  p: [1735, 432], r: -6.1933768783435790e+34, e: -6.3775036232027450e+34
#ERR  p: [1736, 432], r: 4.4090036684294275e+34, e: 4.2258994620427112e+34
#ERR  p: [1737, 432], r: 4.6127017501336797e+34, e: 4.3779823765729831e+34
#ERR  p: [1738, 432], r: -4.1354424406081049e+34, e: -4.2600834431115220e+34
#ERR  p: [1739, 432], r: -6.9816537674591341e+33, e: -4.9938993265937856e+33
#ERR  p: [1740, 432], r: 8.1721930826402772e+33, e: 7.7394340037068940e+33
#ERR  p: [1741, 432], r: -7.4361436458421329e+33, e: -7.3730681249604642e+33
#ERR  p: [1742, 432], r: -4.1228981466020183e+34, e: -4.2834285163723657e+34
#ERR  p: [1743, 432], r: -3.2590930501616149e+34, e: -3.2740305298516481e+34
#ERR  p: [1728, 433], r: 2.0307022946482762e+33, e: 5.6067269972465515e+33
#ERR  p: [1729, 433], r: -1.1330326675661997e+34, e: -8.4492935810339167e+33
#ERR  p: [1730, 433], r: -4.3597861435235351e+34, e: -4.5690069233310472e+34
#ERR  p: [1731, 433], r: -3.7830132908239500e+34, e: -3.7054563473627209e+34
#ERR  p: [1732, 433], r: -1.3691616834496306e+34, e: -1.2698462106819060e+34
#ERR  p: [1733, 433], r: -1.3548669422279944e+34, e: -1.2527324324028091e+34
#ERR  p: [1734, 433], r: 2.5077426435294024e+33, e: 6.6672773470575627e+32
#ERR  p: [1735, 433], r: 3.4468234384751407e+34, e: 3.2935001080255049e+34
#ERR  p: [1736, 433], r: -4.9618988860632684e+34, e: -4.8651454540008488e+34
#ERR  p: [1737, 433], r: -2.9297044403886395e+34, e: -2.7970596603552267e+34
#ERR  p: [1738, 433], r: -4.8516964734140524e+34, e: -4.8129024036389429e+34
#ERR  p: [1739, 433], r: 5.7783785251538231e+33, e: 5.7188385610243534e+33
#ERR  p: [1740, 433], r: 1.8235808754563862e+34, e: 1.9230753543537915e+34
#ERR  p: [1741, 433], r: 1.0031563547396427e+34, e: 8.5844487796729963e+33
#ERR  p: [1742, 433], r: 1.1629307764250005e+33, e: -5.0358627085604716e+32
#ERR  p: [1743, 433], r: 5.8958449223655578e+34, e: 5.5207931611274861e+34
#ERR  p: [1728, 434], r: 8.6557553638758735e+33, e: 9.4755539202117523e+33
#ERR  p: [1729, 434], r: 4.1520239665673110e+33, e: 6.5410461486766816e+33
#ERR  p: [1730, 434], r: -9.0419400436812425e+33, e: -7.5337700732202566e+33
#ERR  p: [1731, 434], r: 6.2716681678361121e+34, e: 6.2971776554616424e+34
#ERR  p: [1732, 434], r: 6.3494969629299683e+34, e: 6.4851613263072059e+34
#ERR  p: [1733, 434], r: 5.9242641880534283e+33, e: 5.5073581692631337e+33
#ERR  p: [1734, 434], r: 1.1842737292603080e+34, e: 9.8323752812552918e+33
#ERR  p: [1735, 434], r: -9.1750012667438709e+33, e: -8.9351875223335070e+33
#ERR  p: [1736, 434], r: 7.8840761558370371e+33, e: 9.8186471451896365e+33
#ERR  p: [1737, 434], r: -5.9408891038110114e+33, e: -5.7125263047640373e+33
#ERR  p: [1738, 434], r: 9.3992999086418711e+33, e: 1.0508599408744911e+34
#ERR  p: [1739, 434], r: -1.5876189814782588e+34, e: -1.4742640307249987e+34
#ERR  p: [1740, 434], r: -1.2263339800350680e+34, e: -1.4482416645411925e+34
#ERR  p: [1741, 434], r: -2.5558797872145095e+33, e: -2.0036509836523170e+33
#ERR  p: [1742, 434], r: -3.2771112674334137e+34, e: -3.3656648322636148e+34
#ERR  p: [1743, 434], r: 1.3458246567990422e+34, e: 1.2839146564643607e+34
#ERR  p: [1728, 435], r: -2.0293159874952825e+34, e: -1.9382305876967349e+34
#ERR  p: [1729, 435], r: -4.8820269947285756e+34, e: -4.9693290021790592e+34
#ERR  p: [1730, 435], r: 2.8125495088907890e+34, e: 2.7827919062264470e+34
#ERR  p: [1731, 435], r: 1.6036855862781241e+34, e: 1.7558031631294959e+34
#ERR  p: [1732, 435], r: -7.6908925178564553e+33, e: -6.7686643267900255e+33
#ERR  p: [1733, 435], r: -2.6348026118180841e+34, e: -2.6194318531143011e+34
#ERR  p: [1734, 435], r: 3.0983787225014297e+34, e: 3.0532377341449041e+34
#ERR  p: [1735, 435], r: -2.6488938356972617e+34, e: -2.7118792345440704e+34
#ERR  p: [1736, 435], r: 3.4560067252745675e+34, e: 3.3913501073747235e+34
#ERR  p: [1737, 435], r: -8.5593297383358567e+33, e: -9.5532495129573813e+33
#ERR  p: [1738, 435], r: 2.6031051571121819e+34, e: 2.6080574124453392e+34
#ERR  p: [1739, 435], r: -2.7955146492891966e+33, e: -3.1767803743484652e+33
#ERR  p: [1740, 435], r: 3.4774594833913596e+34, e: 3.5739527004575214e+34
#ERR  p: [1741, 435], r: 2.0188805862431205e+33, e: -1.2309066829521804e+33
#ERR  p: [1742, 435], r: 1.4241816809076615e+34, e: 1.4349126403442028e+34
#ERR  p: [1743, 435], r: 1.2811049039571947e+34, e: 1.1593901441186404e+34
#ERR  p: [1728, 436], r: 2.0547436472842160e+34, e: 1.9327520840528774e+34
#ERR  p: [1729, 436], r: 1.8928500579426075e+34, e: 1.7164567245088572e+34
#ERR  p: [1730, 436], r: 1.7109189235371180e+34, e: 1.5900278890007042e+34
#ERR  p: [1731, 436], r: -4.6091335117644435e+34, e: -4.6288821216231554e+34
#ERR  p: [1732, 436], r: -8.1267297346975216e+33, e: -7.0487216449674982e+33
#ERR  p: [1733, 436], r: 7.3697826320962008e+33, e: 8.6203496597822920e+33
#ERR  p: [1734, 436], r: -9.7083485445993681e+33, e: -8.7125384355378546e+33
#ERR  p: [1735, 436], r: 3.1910627980667104e+34, e: 3.2852635977681236e+34
#ERR  p: [1736, 436], r: 3.9301792313121842e+33, e: 2.3460173830846358e+33
#ERR  p: [1737, 436], r: -1.4011331871317295e+33, e: -2.1076524927477505e+33
#ERR  p: [1738, 436], r: -3.8775693793166381e+34, e: -3.8439533651378514e+34
#ERR  p: [1739, 436], r: -2.9775887038722216e+34, e: -2.9496934582029806e+34
#ERR  p: [1740, 436], r: -1.6543576907301768e+33, e: -2.6852027408435059e+33
#ERR  p: [1741, 436], r: -1.1611438099782921e+34, e: -1.3514260878888007e+34
#ERR  p: [1742, 436], r: 2.7593921160158669e+34, e: 2.7124009024766253e+34
#ERR  p: [1743, 436], r: -1.2625756650371790e+33, e: -2.2678981053605613e+33
#ERR  p: [1728, 437], r: 2.9956555102905623e+32, e: 1.7552282947237528e+33
#ERR  p: [1729, 437], r: 1.0088012375247801e+34, e: 8.0480660728411714e+33
#ERR  p: [1730, 437], r: -2.8280009812851334e+34, e: -2.4870745227580104e+34
#ERR  p: [1731, 437], r: -8.9554167005154694e+33, e: -7.9477037979762270e+33
#ERR  p: [1732, 437], r: -3.3662842974592732e+34, e: -3.1104476475324308e+34
#ERR  p: [1733, 437], r: -6.9958333802571167e+34, e: -7.1579084516084844e+34
#ERR  p: [1734, 437], r: 1.0095582997558051e+34, e: 1.0392262755613028e+34
#ERR  p: [1735, 437], r: -3.7277637792826356e+34, e: -3.7659200623495053e+34
#ERR  p: [1736, 437], r: 1.0996507478488419e+34, e: 1.4907087024128617e+34
#ERR  p: [1737, 437], r: -2.0077301508242672e+33, e: -4.9320991934375907e+33
#ERR  p: [1738, 437], r: -1.4276880222749334e+34, e: -1.6535546390266924e+34
#ERR  p: [1739, 437], r: 6.7025990569194787e+34, e: 6.3376325455934572e+34
#ERR  p: [1740, 437], r: 2.2627389902468395e+33, e: 4.7987421027055731e+33
#ERR  p: [1741, 437], r: 9.7153979941530787e+33, e: 7.5617140937270455e+33
#ERR  p: [1742, 437], r: 1.6483521960115956e+34, e: 1.9216804435175247e+34
#ERR  p: [1743, 437], r: -1.8937675572027239e+33, e: 1.5552559483102348e+33
#ERR  p: [1728, 438], r: -9.5083876491312135e+32, e: -3.5236604579065234e+33
#ERR  p: [1729, 438], r: 8.8653299469466134e+33, e: 9.0770647353859063e+33
#ERR  p: [1730, 438], r: 2.3007771738339614e+34, e: 2.2452100068785664e+34
#ERR  p: [1731, 438], r: 1.1332656478815932e+34, e: 1.0219862273981989e+34
#ERR  p: [1732, 438], r: -1.0834287815740462e+34, e: -1.1417105034475862e+34
#ERR  p: [1733, 438], r: 1.4260384671725856e+34, e: 1.6851567723495696e+34
#ERR  p: [1734, 438], r: -2.7319979884745286e+34, e: -2.8661015570502353e+34
#ERR  p: [1735, 438], r: -1.4157388060457312e+34, e: -1.4485872974001609e+34
#ERR  p: [1736, 438], r: 1.1993642183391968e+34, e: 1.1007540000118530e+34
#ERR  p: [1737, 438], r: 3.2844554705104781e+34, e: 3.2577927179443496e+34
#ERR  p: [1738, 438], r: -1.3331481507967599e+34, e: -1.3517366870446574e+34
#ERR  p: [1739, 438], r: -3.2676076017518198e+34, e: -2.8707557164219326e+34
#ERR  p: [1740, 438], r: 2.2916377101119253e+34, e: 2.2384409507437539e+34
#ERR  p: [1741, 438], r: -3.0572236534833951e+34, e: -3.0452359373189712e+34
#ERR  p: [1742, 438], r: -2.7001347735973661e+33, e: -1.7851081439669742e+33
#ERR  p: [1743, 438], r: 7.5660437890144461e+33, e: 5.5486050934320833e+33
#ERR  p: [1728, 439], r: 1.0231753925999364e+34, e: 8.8870316548053057e+33
#ERR  p: [1729, 439], r: -1.5472524802652490e+34, e: -1.5545112654796027e+34
#ERR  p: [1730, 439], r: -1.8220538764179277e+34, e: -1.4862745249861454e+34
#ERR  p: [1731, 439], r: -1.1549343027412366e+34, e: -9.7735793190894326e+33
#ERR  p: [1732, 439], r: 3.0299505964778989e+34, e: 2.9460172714623187e+34
#ERR  p: [1733, 439], r: -1.7948262518118732e+34, e: -2.0640541943196813e+34
#ERR  p: [1734, 439], r: 2.3220719708017406e+34, e: 2.5985081905702996e+34
#ERR  p: [1735, 439], r: -7.4743922792359333e+33, e: -6.9095969915924500e+33
#ERR  p: [1736, 439], r: -3.1609471212460052e+33, e: -4.1994704944530018e+33
#ERR  p: [1737, 439], r: -8.3004312913098497e+33, e: -1.0992141263969859e+34
#ERR  p: [1738, 439], r: -3.0247232708680125e+34, e: -3.1211375073596679e+34
#ERR  p: [1739, 439], r: -2.1032073905001875e+34, e: -2.3653191584861675e+34
#ERR  p: [1740, 439], r: -7.4182263206835360e+33, e: -8.6326281680619440e+33
#ERR  p: [1741, 439], r: -1.1504289437622614e+34, e: -1.0296594749377054e+34
#ERR  p: [1742, 439], r: -4.8122727873349623e+33, e: -4.6897092958054739e+33
#ERR  p: [1743, 439], r: 3.3932293003543588e+34, e: 3.8340835167926369e+34
#ERR  p: [1728, 440], r: -6.9796452097453936e+33, e: -9.8078702581776376e+33
#ERR  p: [1729, 440], r: 1.4915399791492419e+34, e: 1.3076125426364008e+34
#ERR  p: [1730, 440], r: 2.4811338960974877e+34, e: 2.6042386150121516e+34
#ERR  p: [1731, 440], r: -7.0000495564429149e+32, e: 3.9348945449218222e+32
#ERR  p: [1732, 440], r: -8.9203433833224360e+33, e: -9.6754694761259680e+33
#ERR  p: [1733, 440], r: 4.4328478791141111e+33, e: 4.2149357698787842e+33
#ERR  p: [1734, 440], r: 3.4728139895999373e+34, e: 3.4970112607838250e+34
#ERR  p: [1735, 440], r: 3.0260592557584092e+34, e: 3.2446235118064317e+34
#ERR  p: [1736, 440], r: 1.0209983512468492e+34, e: 9.5098491920900948e+33
#ERR  p: [1737, 440], r: -1.8195196893635066e+34, e: -1.9416677282158108e+34
#ERR  p: [1738, 440], r: 2.9135156509068968e+34, e: 2.9027403732169489e+34
#ERR  p: [1739, 440], r: 4.6804553845268059e+33, e: 5.3000805839352878e+33
#ERR  p: [1740, 440], r: 1.0583467546440812e+34, e: 1.1202383096721774e+34
#ERR  p: [1741, 440], r: 3.0559000479933912e+34, e: 3.0243201975912211e+34
#ERR  p: [1742, 440], r: 2.5529908684418312e+34, e: 2.9110912691339603e+34
#ERR  p: [1743, 440], r: -3.3511398960916735e+33, e: -1.9965478384494024e+33
#ERR  p: [1728, 441], r: -1.3864596672065731e+34, e: -1.3207417633110497e+34
#ERR  p: [1729, 441], r: -3.0472144130897571e+34, e: -3.2061678948380628e+34
#ERR  p: [1730, 441], r: -1.4801043842423392e+34, e: -1.1119014024776100e+34
#ERR  p: [1731, 441], r: 7.6185819642817176e+33, e: 8.6208510254982026e+33
#ERR  p: [1732, 441], r: 2.8129919486608296e+34, e: 2.8093415110729849e+34
#ERR  p: [1733, 441], r: -4.7099691749004106e+34, e: -4.8650503802058316e+34
#ERR  p: [1734, 441], r: -4.1166101539664721e+34, e: -4.0960979826915291e+34
#ERR  p: [1735, 441], r: -2.9512847063294780e+34, e: -2.9150987286291349e+34
#ERR  p: [1736, 441], r: -6.1232234352872961e+33, e: -5.4138819358667143e+33
#ERR  p: [1737, 441], r: 4.3224214612147864e+33, e: 2.6017315388445909e+33
#ERR  p: [1738, 441], r: 2.8739924344486481e+34, e: 2.8259880907812554e+34
#ERR  p: [1739, 441], r: 1.0970384467779419e+34, e: 1.1939575152176179e+34
#ERR  p: [1740, 441], r: -4.3491146052088794e+34, e: -4.3658059983465721e+34
#ERR  p: [1741, 441], r: 3.2604859802938189e+34, e: 3.1031591517571342e+34
#ERR  p: [1742, 441], r: -8.5896930031644190e+32, e: -7.1329346825349549e+32
#ERR  p: [1743, 441], r: -1.5957890143555305e+34, e: -1.5260343117859015e+34
#ERR  p: [1728, 442], r: -7.6705240714200733e+32, e: 1.3878524116477711e+33
#ERR  p: [1729, 442], r: 3.3923818066034640e+34, e: 3.4555781504329669e+34
#ERR  p: [1730, 442], r: -8.1897823536884635e+33, e: -6.0025094261765001e+33
#ERR  p: [1731, 442], r: 1.8133025068982075e+34, e: 1.8444682663572366e+34
#ERR  p: [1732, 442], r: 6.7942574991622115e+33, e: 7.0946015597334733e+33
#ERR  p: [1733, 442], r: 1.5392832412623493e+34, e: 1.4301179747780466e+34
#ERR  p: [1734, 442], r: 5.5301963060778900e+33, e: 6.7816818852731309e+33
#ERR  p: [1735, 442], r: -1.7361388569874594e+34, e: -1.7805695153494432e+34
#ERR  p: [1736, 442], r: -1.8420240775436716e+34, e: -1.8891200208102367e+34
#ERR  p: [1737, 442], r: 2.3555721137928502e+34, e: 2.0566341055182087e+34
#ERR  p: [1738, 442], r: 8.2795701447378321e+33, e: 8.1536926877231768e+33
#ERR  p: [1739, 442], r: -1.2312276808043671e+34, e: -1.1788132995410241e+34
#ERR  p: [1740, 442], r: 3.9103799897058656e+34, e: 3.8013184625968551e+34
#ERR  p: [1741, 442], r: -1.2713477081555552e+34, e: -1.4601531235991964e+34
#ERR  p: [1742, 442], r: -1.3135888219700549e+34, e: -1.5241119146988952e+34
#ERR  p: [1743, 442], r: -1.5516538522809242e+33, e: -3.2992203813590348e+33
#ERR  p: [1728, 443], r: -3.1897901957063251e+34, e: -3.6526624136833330e+34
#ERR  p: [1729, 443], r: -4.0735803485529438e+34, e: -4.2130744032357147e+34
#ERR  p: [1730, 443], r: 4.2047605217258780e+33, e: 6.0183618673495690e+33
#ERR  p: [1731, 443], r: 8.9560746656463496e+33, e: 1.0322968442944009e+34
#ERR  p: [1732, 443], r: 1.0963395058317613e+34, e: 1.0996864005219733e+34
#ERR  p: [1733, 443], r: -2.7791017307633412e+33, e: -1.8746009958019830e+33
#ERR  p: [1734, 443], r: 4.1953584909215095e+34, e: 4.1488550257577463e+34
#ERR  p: [1735, 443], r: 3.7048712969001547e+34, e: 3.6848958964262458e+34
#ERR  p: [1736, 443], r: -2.8526028112738596e+34, e: -2.9290936407732561e+34
#ERR  p: [1737, 443], r: -1.5602659535462247e+34, e: -1.6044831910454357e+34
#ERR  p: [1738, 443], r: -3.1372339465144800e+34, e: -3.2752786209992556e+34
#ERR  p: [1739, 443], r: 1.6295267180401789e+34, e: 1.8281291909547246e+34
#ERR  p: [1740, 443], r: -1.2518428486905787e+34, e: -1.2907144135121475e+34
#ERR  p: [1741, 443], r: -4.2217904914643152e+34, e: -4.1524604023281610e+34
#ERR  p: [1742, 443], r: -2.0289670121982079e+34, e: -1.9739004681946999e+34
#ERR  p: [1743, 443], r: -1.2487148217993124e+34, e: -1.1189400819529788e+34
#ERR  p: [1728, 444], r: 1.0223402782494345e+34, e: 7.8485906046109216e+33
#ERR  p: [1729, 444], r: 4.9760757753931645e+33, e: 6.0933389437689274e+33
#ERR  p: [1730, 444], r: -1.7873880890858270e+34, e: -1.5260804869493668e+34
#ERR  p: [1731, 444], r: -1.2693578433364079e+34, e: -1.1422521022147736e+34
#ERR  p: [1732, 444], r: -6.1235927128010149e+34, e: -6.0222509797769880e+34
#ERR  p: [1733, 444], r: -3.9373413334094698e+34, e: -3.7834554830059828e+34
#ERR  p: [1734, 444], r: -2.8901123944642066e+34, e: -2.8459204109417971e+34
#ERR  p: [1735, 444], r: 5.1857223137286879e+32, e: 1.7014534173572351e+33
#ERR  p: [1736, 444], r: 1.3717617289141417e+34, e: 1.4678939626648479e+34
#ERR  p: [1737, 444], r: -1.7985523275361183e+34, e: -1.8665905024472742e+34
#ERR  p: [1738, 444], r: -3.5738816426992664e+34, e: -3.7962894549812621e+34
#ERR  p: [1739, 444], r: 2.5035106526596024e+34, e: 2.6295143795582648e+34
#ERR  p: [1740, 444], r: 6.5202877511279247e+33, e: 3.8008999150695727e+33
#ERR  p: [1741, 444], r: -1.5464611889921377e+34, e: -1.5013868018097256e+34
#ERR  p: [1742, 444], r: 2.4941815365235478e+34, e: 2.5421118513765913e+34
#ERR  p: [1743, 444], r: -6.3226460434778684e+34, e: -6.1891703580900872e+34
#ERR  p: [1728, 445], r: -3.5397858029612528e+34, e: -3.3598507230751070e+34
#ERR  p: [1729, 445], r: -1.1003430039188103e+34, e: -1.2919633712177825e+34
#ERR  p: [1730, 445], r: 4.1756831671131234e+33, e: 2.9381835249967189e+33
#ERR  p: [1731, 445], r: -5.5047960047638247e+34, e: -5.5089772710405150e+34
#ERR  p: [1732, 445], r: 1.3503383099762807e+34, e: 1.2195987196633281e+34
#ERR  p: [1733, 445], r: -3.4636656127096183e+34, e: -3.6448143690102794e+34
#ERR  p: [1734, 445], r: 1.5102133142898304e+34, e: 1.3458832113629004e+34
#ERR  p: [1735, 445], r: 1.0728979970418573e+34, e: 1.0009293625059703e+34
#ERR  p: [1736, 445], r: 3.9142617982870528e+33, e: 3.8854722647334320e+33
#ERR  p: [1737, 445], r: -4.1693018337986151e+34, e: -4.0017055498720346e+34
#ERR  p: [1738, 445], r: -1.2950759238585577e+34, e: -1.0236383821746292e+34
#ERR  p: [1739, 445], r: 1.7660920541780085e+34, e: 1.7283475099682051e+34
#ERR  p: [1740, 445], r: -3.9729519165795531e+31, e: 3.7924614967917839e+33
#ERR  p: [1741, 445], r: 3.1743697956069667e+33, e: 4.0782739982118943e+33
#ERR  p: [1742, 445], r: -7.6834574499805073e+33, e: -8.2230358990237474e+33
#ERR  p: [1743, 445], r: -3.7560318924917094e+34, e: -3.8266360695162961e+34
#ERR  p: [1728, 446], r: 7.5218706840776357e+32, e: 3.3293710299858499e+33
#ERR  p: [1729, 446], r: -1.5959504417366533e+34, e: -1.2463519656463284e+34
#ERR  p: [1730, 446], r: -1.1107279591143714e+34, e: -9.5937252004818561e+33
#ERR  p: [1731, 446], r: -2.8690567675120173e+34, e: -2.8480766549022244e+34
#ERR  p: [1732, 446], r: -1.2047249938853182e+34, e: -1.1567260971540983e+34
#ERR  p: [1733, 446], r: -5.5681453579821834e+34, e: -5.5492727144952699e+34
#ERR  p: [1734, 446], r: -4.5799824997193514e+34, e: -4.7136047572077839e+34
#ERR  p: [1735, 446], r: -6.9319281919611190e+33, e: -7.8955283391404661e+33
#ERR  p: [1736, 446], r: -1.7616778075859247e+33, e: 4.7637155177490227e+32
#ERR  p: [1737, 446], r: 6.1089753644051410e+33, e: 5.3900565418706278e+33
#ERR  p: [1738, 446], r: -4.2008158257906951e+34, e: -4.2628574191515527e+34
#ERR  p: [1739, 446], r: 8.8317539182310957e+33, e: 9.7843982960627672e+33
#ERR  p: [1740, 446], r: -1.8182671416317576e+34, e: -1.8497514230628948e+34
#ERR  p: [1741, 446], r: -1.4696842715496624e+34, e: -1.4538133850700081e+34
#ERR  p: [1742, 446], r: -1.1162289932669438e+34, e: -1.1677108342986932e+34
#ERR  p: [1743, 446], r: -8.5436710347789359e+33, e: -1.0237697276127973e+34
#ERR  p: [1728, 447], r: -4.2532851715917824e+34, e: -4.4489876461702982e+34
#ERR  p: [1729, 447], r: 2.2499854224771117e+33, e: 1.8583420460685138e+33
#ERR  p: [1730, 447], r: -3.1764635235954101e+34, e: -3.3137218585672316e+34
#ERR  p: [1731, 447], r: -5.8204949784063667e+34, e: -5.8937919226044069e+34
#ERR  p: [1732, 447], r: -2.4012543295345514e+34, e: -2.2873908330131528e+34
#SDC Ite:10 KerTime:2.6023678 AccTime:26.4482892 KerErr:512 AccErr:768
#ABORT too many errors per iteration
#END
