#HEADER matrix_dim:2048 threads:4 block_size:16 block_offset:12 precision:Float
#BEGIN Y:2023 M:11 D:05 Time:11:10:24
#IT 0 KerTime:2.6871322 AccTime:2.6871322
#IT 1 KerTime:2.7107371 AccTime:5.3978693
#IT 2 KerTime:2.7365286 AccTime:8.1343980
#IT 3 KerTime:2.5977838 AccTime:10.7321817
#IT 4 KerTime:2.7260277 AccTime:13.4582094
#IT 5 KerTime:2.6010300 AccTime:16.0592394
#IT 6 KerTime:2.7042457 AccTime:18.7634850
#IT 7 KerTime:2.6169436 AccTime:21.3804286
#IT 8 KerTime:2.6546760 AccTime:24.0351046
#IT 9 KerTime:2.6023842 AccTime:26.6374888
#IT 10 KerTime:2.6336384 AccTime:29.2711273
#IT 11 KerTime:2.5995590 AccTime:31.8706863
#IT 12 KerTime:2.6022002 AccTime:34.4728865
#IT 13 KerTime:2.7562133 AccTime:37.2290998
#IT 14 KerTime:2.6041023 AccTime:39.8332020
#IT 15 KerTime:2.7125252 AccTime:42.5457272
#IT 16 KerTime:2.6138152 AccTime:45.1595424
#IT 17 KerTime:2.7674492 AccTime:47.9269916
#IT 18 KerTime:2.6024863 AccTime:50.5294779
#IT 19 KerTime:2.7366123 AccTime:53.2660902
#IT 20 KerTime:2.6011423 AccTime:55.8672325
#IT 21 KerTime:2.6601482 AccTime:58.5273807
#IT 22 KerTime:2.6042246 AccTime:61.1316053
#IT 23 KerTime:2.6629716 AccTime:63.7945769
#IT 24 KerTime:2.6178588 AccTime:66.4124358
#IT 25 KerTime:2.6409133 AccTime:69.0533490
#IT 26 KerTime:2.6017835 AccTime:71.6551325
#IT 27 KerTime:2.6017436 AccTime:74.2568762
#IT 28 KerTime:2.6460225 AccTime:76.9028987
#IT 29 KerTime:2.5998319 AccTime:79.5027306
#IT 30 KerTime:2.7515196 AccTime:82.2542501
#IT 31 KerTime:2.6024702 AccTime:84.8567204
#IT 32 KerTime:2.7333595 AccTime:87.5900799
#IT 33 KerTime:2.5984888 AccTime:90.1885687
#IT 34 KerTime:2.6778043 AccTime:92.8663730
#IT 35 KerTime:2.6021035 AccTime:95.4684765
#IT 36 KerTime:2.6975438 AccTime:98.1660203
#IT 37 KerTime:2.5982277 AccTime:100.7642480
#IT 38 KerTime:2.6713890 AccTime:103.4356369
#IT 39 KerTime:2.6020834 AccTime:106.0377203
#IT 40 KerTime:2.6535210 AccTime:108.6912413
#IT 41 KerTime:2.6003866 AccTime:111.2916279
#IT 42 KerTime:2.6135241 AccTime:113.9051520
#IT 43 KerTime:2.7180229 AccTime:116.6231749
#IT 44 KerTime:2.6022784 AccTime:119.2254532
#IT 45 KerTime:2.6975629 AccTime:121.9230161
#IT 46 KerTime:2.6013054 AccTime:124.5243215
#IT 47 KerTime:2.7058518 AccTime:127.2301734
#IT 48 KerTime:2.6033441 AccTime:129.8335175
#IT 49 KerTime:2.6876709 AccTime:132.5211884
#IT 50 KerTime:2.5991862 AccTime:135.1203746
#IT 51 KerTime:2.6649315 AccTime:137.7853061
#ERR  p: [1068, 720], r: 6.6693084971770202e+33, e: 1.5546382162306314e+33
#ERR  p: [1069, 720], r: -3.3345878331054024e+34, e: 1.3610742211729792e+33
#SDC Ite:52 KerTime:2.6649315 AccTime:137.7853061 KerErr:2 AccErr:2
#IT 52 KerTime:2.6007939 AccTime:140.3861000
#IT 53 KerTime:2.7143008 AccTime:143.1004008
#IT 54 KerTime:2.5982935 AccTime:145.6986943
#IT 55 KerTime:2.6606418 AccTime:148.3593361
#IT 56 KerTime:2.6008736 AccTime:150.9602097
#IT 57 KerTime:2.7289575 AccTime:153.6891672
