#HEADER matrix_dim:2048 threads:4 block_size:16 block_offset:12 precision:Float
#BEGIN Y:2023 M:11 D:03 Time:01:18:46
#IT 0 KerTime:2.6717189 AccTime:2.6717189
#IT 1 KerTime:2.7186281 AccTime:5.3903470
#IT 2 KerTime:2.6555624 AccTime:8.0459094
#IT 3 KerTime:2.6029124 AccTime:10.6488218
#IT 4 KerTime:2.6648471 AccTime:13.3136690
#IT 5 KerTime:2.6086248 AccTime:15.9222938
#IT 6 KerTime:2.6411796 AccTime:18.5634734
#IT 7 KerTime:2.6536069 AccTime:21.2170802
#IT 8 KerTime:2.6973977 AccTime:23.9144779
#IT 9 KerTime:2.6064315 AccTime:26.5209094
#IT 10 KerTime:2.6495626 AccTime:29.1704720
#ERR  p: [1438, 720], r: 2.1220201176891996e+34, e: 1.7153570623719600e+34
#ERR  p: [1531, 720], r: 3.7953218810465567e+34, e: 3.2845884252706974e+34
#ERR  p: [1532, 720], r: -2.4360929332961363e+34, e: 3.5224274696273951e+33
#ERR  p: [1272, 721], r: 3.1250236487309925e+34, e: 1.0779133873170181e+34
#ERR  p: [1449, 721], r: -2.1221862492424717e+34, e: 5.5326399997154394e+33
#SDC Ite:11 KerTime:2.6495626 AccTime:29.1704720 KerErr:5 AccErr:5
#IT 11 KerTime:2.6152246 AccTime:31.7856966
#IT 12 KerTime:2.6473870 AccTime:34.4330836
#ERR  p: [1913, 796], r: -2.4897843116070041e+33, e: -3.4548291348121973e+33
#ERR  p: [1613, 976], r: -4.3709290894051507e+34, e: 3.0985337125943483e+34
#ERR  p: [1649, 976], r: -1.6841632635710411e+33, e: 6.0139164246684952e+33
#SDC Ite:13 KerTime:2.6473870 AccTime:34.4330836 KerErr:3 AccErr:8
#IT 13 KerTime:2.6069617 AccTime:37.0400453
#IT 14 KerTime:2.6683989 AccTime:39.7084442
