#HEADER matrix_dim:2048 threads:4 block_size:16 block_offset:12 precision:Float
#BEGIN Y:2023 M:11 D:10 Time:09:16:42
#IT 0 KerTime:2.6442412 AccTime:2.6442412
#IT 1 KerTime:2.6856406 AccTime:5.3298818
#ERR  p: [160, 816], r: -4.0286998227806837e+34, e: -4.0800344727417620e+34
#ERR  p: [161, 816], r: 2.0887049229399593e+34, e: 2.1235291665970885e+34
#ERR  p: [162, 816], r: 3.6071867482371866e+33, e: 3.2006422875757105e+33
#ERR  p: [163, 816], r: 2.5202728559675421e+34, e: 2.4862619389162235e+34
#ERR  p: [160, 817], r: 8.1381249727591435e+31, e: -3.0859291928053504e+32
#ERR  p: [161, 817], r: 1.9077615408918156e+32, e: 4.5532641636454590e+32
#ERR  p: [162, 817], r: 5.1077520530368424e+33, e: 4.7989132479160043e+33
#ERR  p: [163, 817], r: 1.6185121465406372e+34, e: 1.5926748523927042e+34
#ERR  p: [160, 818], r: 8.6093938904346164e+33, e: 8.4715220323793250e+33
#ERR  p: [161, 818], r: -3.7214891563995138e+34, e: -3.7121362718147049e+34
#ERR  p: [162, 818], r: -7.8367237113943320e+32, e: -8.9285868260440374e+32
#ERR  p: [163, 818], r: -1.9943679498342248e+34, e: -2.0035024617961037e+34
#ERR  p: [160, 819], r: 1.2307701381658472e+34, e: 1.3280061192555803e+34
#ERR  p: [161, 819], r: -1.9818294741463228e+34, e: -2.0477921187876128e+34
#ERR  p: [162, 819], r: -7.8967891810704783e+33, e: -7.1267347693332039e+33
#ERR  p: [163, 819], r: -8.9236982008288994e+33, e: -8.2794791561449447e+33
#ERR  p: [160, 820], r: -1.1178176417193588e+34, e: -1.1714885321225764e+34
#ERR  p: [161, 820], r: -1.9353255138065439e+34, e: -1.8989162117231137e+34
#ERR  p: [162, 820], r: 4.1558518628597873e+34, e: 4.1133471916109237e+34
#ERR  p: [163, 820], r: 2.7235141377972980e+34, e: 2.6879550529328490e+34
#ERR  p: [160, 821], r: 3.8098478694675313e+34, e: 3.8114814551433723e+34
#ERR  p: [161, 821], r: -1.2659989406278148e+34, e: -1.2671071445509831e+34
#ERR  p: [162, 821], r: 8.4271233128703548e+33, e: 8.4400610242209263e+33
#ERR  p: [163, 821], r: 1.4151231784641946e+34, e: 1.4162051380585300e+34
#ERR  p: [160, 822], r: 1.8043710171027714e+34, e: 1.8205380188398227e+34
#ERR  p: [161, 822], r: 1.9370149305781567e+34, e: 1.9260477721821196e+34
#ERR  p: [162, 822], r: 3.5511880663325977e+32, e: 4.8315120777130111e+32
#ERR  p: [163, 822], r: -2.7389861599962946e+34, e: -2.7282750076003817e+34
#ERR  p: [160, 823], r: -7.7053875577764478e+33, e: -7.3294771613271278e+33
#ERR  p: [161, 823], r: 4.6194529799319265e+34, e: 4.5939524054746791e+34
#ERR  p: [162, 823], r: -3.9534771390575312e+34, e: -3.9237074045808042e+34
#ERR  p: [163, 823], r: 3.4097731310393686e+34, e: 3.4346785039257276e+34
#ERR  p: [160, 824], r: 1.1645638669248258e+34, e: 1.0834411609744391e+34
#ERR  p: [161, 824], r: -1.1015335927515930e+33, e: -5.5121477592751288e+32
#ERR  p: [162, 824], r: -1.6872601562703194e+34, e: -1.7515050353130971e+34
#ERR  p: [163, 824], r: -1.8017771613384567e+34, e: -1.8555235660840708e+34
#ERR  p: [160, 825], r: 1.7212912517442784e+34, e: 1.8093355280423175e+34
#ERR  p: [161, 825], r: 7.1912023537890490e+33, e: 6.5939303281849334e+33
#ERR  p: [162, 825], r: -3.7090186436197685e+34, e: -3.6392924136710431e+34
#ERR  p: [163, 825], r: -5.6021248313565042e+34, e: -5.5437930967053771e+34
#ERR  p: [160, 826], r: 1.4317005573242691e+34, e: 1.3511787474689515e+34
#ERR  p: [161, 826], r: -3.4494052862210743e+34, e: -3.3947809343995990e+34
#ERR  p: [162, 826], r: -1.5049728665155275e+34, e: -1.5687416338191960e+34
#ERR  p: [163, 826], r: -7.3177792469259006e+33, e: -7.8512596033356209e+33
#ERR  p: [160, 827], r: 7.5150437542459866e+33, e: 6.5463593873252944e+33
#ERR  p: [161, 827], r: 2.8985350909034965e+33, e: 3.5556658501971978e+33
#ERR  p: [162, 827], r: -3.5683319575031501e+34, e: -3.6450468541496572e+34
#ERR  p: [163, 827], r: 4.2842635069288637e+33, e: 3.6424782523621440e+33
#ERR  p: [160, 828], r: 2.3644409638222985e+34, e: 2.3076011945065181e+34
#ERR  p: [161, 828], r: 3.4167067713024040e+33, e: 3.8022953829788571e+33
#ERR  p: [162, 828], r: 3.2390636136049912e+33, e: 2.7889238565200413e+33
#ERR  p: [163, 828], r: 4.3460271827509017e+34, e: 4.3083685515798247e+34
#ERR  p: [160, 829], r: 6.1139902595042861e+33, e: 6.7997248613457154e+33
#ERR  p: [161, 829], r: 9.2974310607491164e+33, e: 8.8322478563067705e+33
#ERR  p: [162, 829], r: 2.7835403647741990e+34, e: 2.8378468135935857e+34
#ERR  p: [163, 829], r: -1.0712371766851520e+34, e: -1.0258051486253904e+34
#ERR  p: [160, 830], r: -4.7645083564471831e+34, e: -4.7127084886193413e+34
#ERR  p: [161, 830], r: 5.4826720355577321e+34, e: 5.4475323647785930e+34
#ERR  p: [162, 830], r: 1.4705895771003918e+34, e: 1.5116121865342229e+34
#ERR  p: [163, 830], r: -2.7756720178845011e+34, e: -2.7413528537634004e+34
#ERR  p: [160, 831], r: 1.2851758697763847e+34, e: 1.2265524764520019e+34
#ERR  p: [161, 831], r: -4.4042059080131731e+34, e: -4.3644373318391381e+34
#ERR  p: [162, 831], r: 1.1396749586409893e+34, e: 1.0932486171416736e+34
#ERR  p: [163, 831], r: -2.0176413463667938e+34, e: -2.0564810961293530e+34
#SDC Ite:2 KerTime:2.6856406 AccTime:5.3298818 KerErr:64 AccErr:64
#IT 2 KerTime:2.7073984 AccTime:8.0372802
#IT 3 KerTime:2.5954254 AccTime:10.6327056
