#HEADER matrix_dim:2048 threads:4 block_size:16 block_offset:12 precision:Float
#BEGIN Y:2023 M:11 D:06 Time:12:45:25
#IT 0 KerTime:2.6848896 AccTime:2.6848896
#IT 1 KerTime:2.6333251 AccTime:5.3182148
#IT 2 KerTime:2.6572217 AccTime:7.9754365
#IT 3 KerTime:2.5935774 AccTime:10.5690138
#IT 4 KerTime:2.6744984 AccTime:13.2435123
#IT 5 KerTime:2.5969760 AccTime:15.8404882
#IT 6 KerTime:2.6562508 AccTime:18.4967390
#IT 7 KerTime:2.5962804 AccTime:21.0930194
#ERR  p: [12, 960], r: -1.5021257282191751e+34, e: -1.5242298903846391e+34
#ERR  p: [13, 960], r: 3.8780799057888394e+34, e: 3.8639049971630060e+34
#ERR  p: [14, 960], r: 1.5361391211505723e+34, e: 1.4482693943980725e+34
#ERR  p: [15, 960], r: 7.2668411091594054e+32, e: 6.3965441158847351e+32
#ERR  p: [12, 961], r: 1.0182943188190381e+34, e: 9.9075064812095411e+33
#ERR  p: [13, 961], r: 7.5622922117253917e+33, e: 7.3856579751599965e+33
#ERR  p: [14, 961], r: 4.2310923729195055e+34, e: 4.1215978143847529e+34
#ERR  p: [15, 961], r: 2.4602934231241262e+34, e: 2.4494490683799863e+34
#ERR  p: [12, 962], r: -2.3109602210091150e+34, e: -2.2942708085754853e+34
#ERR  p: [13, 962], r: -9.0821316239667013e+32, e: -8.0118458042017401e+32
#ERR  p: [14, 962], r: -6.8539472540364347e+33, e: -6.1904955729021422e+33
#ERR  p: [15, 962], r: 2.4626549175430670e+34, e: 2.4692259032715938e+34
#ERR  p: [12, 963], r: 2.7472049677111141e+33, e: 2.1421133391063475e+33
#ERR  p: [13, 963], r: 6.0104326138099383e+34, e: 5.9716286405145145e+34
#ERR  p: [14, 963], r: 2.6227465613634916e+34, e: 2.3822073840901065e+34
#ERR  p: [15, 963], r: -1.5703551648664006e+34, e: -1.5941790733344399e+34
#ERR  p: [12, 964], r: 1.7096204482299116e+34, e: 1.7249226250555182e+34
#ERR  p: [13, 964], r: 3.6165363522808914e+34, e: 3.6263492553842987e+34
#ERR  p: [14, 964], r: 1.9855258393096250e+34, e: 2.0463557369600300e+34
#ERR  p: [15, 964], r: 5.2437238588228366e+34, e: 5.2497481702300150e+34
#ERR  p: [12, 965], r: -5.7839183068296251e+33, e: -5.1669487982904202e+33
#ERR  p: [13, 965], r: -1.9711298345927753e+34, e: -1.9315645281731910e+34
#ERR  p: [14, 965], r: 1.9096294686170933e+34, e: 2.1548906443763286e+34
#ERR  p: [15, 965], r: -9.0169949329196225e+33, e: -8.7740801487108487e+33
#ERR  p: [12, 966], r: -1.2907643024957307e+34, e: -1.2741872950176680e+34
#ERR  p: [13, 966], r: -4.0752196287529655e+34, e: -4.0645891900476140e+34
#ERR  p: [14, 966], r: 1.8415558886208138e+34, e: 1.9074534176160375e+34
#ERR  p: [15, 966], r: -8.1290632516715745e+33, e: -8.0637965769203707e+33
#ERR  p: [12, 967], r: 1.4021707356271556e+34, e: 1.4071626050415700e+34
#ERR  p: [13, 967], r: 6.6847586078373214e+33, e: 6.7167704993132020e+33
#ERR  p: [14, 967], r: 2.9184124465262940e+34, e: 2.9382566253560387e+34
#ERR  p: [15, 967], r: -2.4872156479224889e+34, e: -2.4852502943161195e+34
#ERR  p: [12, 968], r: 2.3149822881967532e+34, e: 2.3670879272142985e+34
#ERR  p: [13, 968], r: -4.0746407679905956e+34, e: -4.0412262904502046e+34
#ERR  p: [14, 968], r: -3.7632478449807039e+34, e: -3.5561152224314584e+34
#ERR  p: [15, 968], r: 2.0559801017954542e+34, e: 2.0764952441264915e+34
#ERR  p: [12, 969], r: -1.8819685959457900e+33, e: -1.1763990998249107e+33
#ERR  p: [13, 969], r: -3.0243323913006081e+33, e: -2.5718578793015659e+33
#ERR  p: [14, 969], r: 5.4479547499199972e+34, e: 5.7284363101489330e+34
#ERR  p: [15, 969], r: -6.3512428607158734e+32, e: -3.5732562818141709e+32
#ERR  p: [12, 970], r: -1.1142869129333129e+34, e: -1.0651231146251255e+34
#ERR  p: [13, 970], r: -1.3776959182864601e+34, e: -1.3461680613659400e+34
#ERR  p: [14, 970], r: -6.4657769184080519e+33, e: -4.5113855805714640e+33
#ERR  p: [15, 970], r: 3.6744564099719541e+33, e: 3.8680250473047537e+33
#ERR  p: [12, 971], r: 1.5766448906180017e+34, e: 1.5258394600237180e+34
#ERR  p: [13, 971], r: -3.0232123650500647e+33, e: -3.3490208522294268e+33
#ERR  p: [14, 971], r: 1.6700012295216164e+33, e: -3.4964192778570388e+32
#ERR  p: [15, 971], r: 3.0696332596132075e+34, e: 3.0496296341064029e+34
#ERR  p: [12, 972], r: 4.9659964675933030e+34, e: 4.9068595767406246e+34
#ERR  p: [13, 972], r: 1.4600819420469375e+34, e: 1.4221578965314377e+34
#ERR  p: [14, 972], r: -2.4946494778583976e+34, e: -2.7297360244347463e+34
#ERR  p: [15, 972], r: 1.2532050779098083e+34, e: 1.2299211588869053e+34
#ERR  p: [12, 973], r: 2.9872235911979797e+34, e: 3.0231003314765093e+34
#ERR  p: [13, 973], r: -1.7976621248538682e+34, e: -1.7746542664597258e+34
#ERR  p: [14, 973], r: -3.2915315357750333e+33, e: -1.8653243373750931e+33
#ERR  p: [15, 973], r: 1.4315462790468731e+33, e: 1.5728039031096100e+33
#ERR  p: [12, 974], r: 2.5455097491964218e+34, e: 2.5136253655445875e+34
#ERR  p: [13, 974], r: 5.5124009180131627e+33, e: 5.3079328376044750e+33
#ERR  p: [14, 974], r: 2.0370352864042504e+34, e: 1.9102865671899460e+34
#ERR  p: [15, 974], r: 6.8056047670473111e+32, e: 5.5502527142531197e+32
#ERR  p: [12, 975], r: 1.2424419320322455e+34, e: 1.1805360168996936e+34
#ERR  p: [13, 975], r: -7.2801885786629804e+33, e: -7.6771823319213697e+33
#ERR  p: [14, 975], r: -3.9500747846535592e+34, e: -4.1961671133551707e+34
#ERR  p: [15, 975], r: -4.0102002944216109e+34, e: -4.0345740958551007e+34
#SDC Ite:8 KerTime:2.5962804 AccTime:21.0930194 KerErr:64 AccErr:64
#IT 8 KerTime:2.6718428 AccTime:23.7648623
#IT 9 KerTime:2.5963704 AccTime:26.3612327
#IT 10 KerTime:2.6565824 AccTime:29.0178151
#IT 11 KerTime:2.6315741 AccTime:31.6493892
#IT 12 KerTime:2.6239994 AccTime:34.2733887
#IT 13 KerTime:2.5958321 AccTime:36.8692208
#IT 14 KerTime:2.5966915 AccTime:39.4659122
#IT 15 KerTime:2.6134911 AccTime:42.0794033
#IT 16 KerTime:2.5946485 AccTime:44.6740518
#IT 17 KerTime:2.6383667 AccTime:47.3124185
#IT 18 KerTime:2.5967268 AccTime:49.9091453
#IT 19 KerTime:2.6483761 AccTime:52.5575214
#IT 20 KerTime:2.5925004 AccTime:55.1500218
#IT 21 KerTime:2.6816375 AccTime:57.8316593
#IT 22 KerTime:2.5979133 AccTime:60.4295725
#IT 23 KerTime:2.6695645 AccTime:63.0991370
#IT 24 KerTime:2.5924399 AccTime:65.6915770
#IT 25 KerTime:2.6392646 AccTime:68.3308416
#IT 26 KerTime:2.5963228 AccTime:70.9271644
