#HEADER matrix_dim:2048 threads:4 block_size:16 block_offset:12 precision:Float
#BEGIN Y:2023 M:11 D:03 Time:20:13:21
#IT 0 KerTime:2.6783083 AccTime:2.6783083
#IT 1 KerTime:2.6648118 AccTime:5.3431201
#IT 2 KerTime:2.6901460 AccTime:8.0332661
#IT 3 KerTime:2.5919233 AccTime:10.6251895
#IT 4 KerTime:2.6795453 AccTime:13.3047347
#IT 5 KerTime:2.6174266 AccTime:15.9221613
#IT 6 KerTime:2.6482545 AccTime:18.5704158
#IT 7 KerTime:2.5922734 AccTime:21.1626892
#IT 8 KerTime:2.6292725 AccTime:23.7919617
#IT 9 KerTime:2.6419006 AccTime:26.4338623
#IT 10 KerTime:2.5957460 AccTime:29.0296083
#IT 11 KerTime:2.6471154 AccTime:31.6767237
#IT 12 KerTime:2.5962099 AccTime:34.2729335
#IT 13 KerTime:2.6795611 AccTime:36.9524947
#IT 14 KerTime:2.5967859 AccTime:39.5492806
#IT 15 KerTime:2.7435430 AccTime:42.2928236
#IT 16 KerTime:2.6279909 AccTime:44.9208145
#IT 17 KerTime:2.7109143 AccTime:47.6317288
#IT 18 KerTime:2.5956106 AccTime:50.2273394
#IT 19 KerTime:2.6860045 AccTime:52.9133439
#IT 20 KerTime:2.6302609 AccTime:55.5436048
#IT 21 KerTime:2.6429754 AccTime:58.1865802
#IT 22 KerTime:2.5958145 AccTime:60.7823947
#IT 23 KerTime:2.6362324 AccTime:63.4186271
#IT 24 KerTime:2.6189828 AccTime:66.0376099
#IT 25 KerTime:2.5915203 AccTime:68.6291302
#IT 26 KerTime:2.5981655 AccTime:71.2272957
#IT 27 KerTime:2.5953888 AccTime:73.8226846
#IT 28 KerTime:2.6653086 AccTime:76.4879932
#IT 29 KerTime:2.5923248 AccTime:79.0803180
#IT 30 KerTime:2.6402338 AccTime:81.7205518
#IT 31 KerTime:2.5962568 AccTime:84.3168086
#IT 32 KerTime:2.6680637 AccTime:86.9848723
#IT 33 KerTime:2.5935011 AccTime:89.5783734
#IT 34 KerTime:2.6755278 AccTime:92.2539011
#IT 35 KerTime:2.5961526 AccTime:94.8500537
#IT 36 KerTime:2.6384721 AccTime:97.4885257
#IT 37 KerTime:2.5921056 AccTime:100.0806314
#IT 38 KerTime:2.6171878 AccTime:102.6978191
#IT 39 KerTime:2.5957665 AccTime:105.2935856
#IT 40 KerTime:2.6355533 AccTime:107.9291389
#IT 41 KerTime:2.6901930 AccTime:110.6193319
#IT 42 KerTime:2.5958162 AccTime:113.2151481
#IT 43 KerTime:2.6394788 AccTime:115.8546270
#IT 44 KerTime:2.6336539 AccTime:118.4882809
#IT 45 KerTime:2.6360906 AccTime:121.1243715
#IT 46 KerTime:2.5920599 AccTime:123.7164313
#IT 47 KerTime:2.6389779 AccTime:126.3554092
#IT 48 KerTime:2.6223146 AccTime:128.9777238
#ERR  p: [1883, 496], r: 2.9798528962040746e+34, e: 2.9798593334922789e+34
#SDC Ite:49 KerTime:2.6223146 AccTime:128.9777238 KerErr:1 AccErr:1
#IT 49 KerTime:2.6915600 AccTime:131.6692838
#IT 50 KerTime:2.6295789 AccTime:134.2988627
#IT 51 KerTime:2.6313706 AccTime:136.9302333
#IT 52 KerTime:2.5952506 AccTime:139.5254839
#IT 53 KerTime:2.6740966 AccTime:142.1995805
#IT 54 KerTime:2.5936692 AccTime:144.7932497
#IT 55 KerTime:2.6468137 AccTime:147.4400634
#IT 56 KerTime:2.5968522 AccTime:150.0369156
#IT 57 KerTime:2.6184984 AccTime:152.6554140
#IT 58 KerTime:2.5943945 AccTime:155.2498085
#IT 59 KerTime:2.5914313 AccTime:157.8412399
#IT 60 KerTime:2.6923471 AccTime:160.5335869
#IT 61 KerTime:2.5948200 AccTime:163.1284069
#IT 62 KerTime:2.6404635 AccTime:165.7688704
#IT 63 KerTime:2.5928210 AccTime:168.3616914
#IT 64 KerTime:2.8958622 AccTime:171.2575537
#IT 65 KerTime:2.7143526 AccTime:173.9719063
#IT 66 KerTime:3.2537093 AccTime:177.2256155
#IT 67 KerTime:2.5925292 AccTime:179.8181447
#IT 68 KerTime:2.6643240 AccTime:182.4824687
#IT 69 KerTime:2.5955032 AccTime:185.0779718
#IT 70 KerTime:2.6764942 AccTime:187.7544660
#IT 71 KerTime:2.5926865 AccTime:190.3471526
#IT 72 KerTime:2.6288066 AccTime:192.9759592
#IT 73 KerTime:2.5955523 AccTime:195.5715115
#IT 74 KerTime:2.6461734 AccTime:198.2176849
#IT 75 KerTime:2.6325974 AccTime:200.8502823
#IT 76 KerTime:2.6488911 AccTime:203.4991734
#IT 77 KerTime:2.5950426 AccTime:206.0942160
#IT 78 KerTime:2.5960635 AccTime:208.6902795
#IT 79 KerTime:2.7233891 AccTime:211.4136686
#IT 80 KerTime:2.5927759 AccTime:214.0064445
#IT 81 KerTime:2.6910115 AccTime:216.6974560
#IT 82 KerTime:2.5954102 AccTime:219.2928662
#IT 83 KerTime:2.6535919 AccTime:221.9464581
#IT 84 KerTime:2.5929441 AccTime:224.5394022
#IT 85 KerTime:2.6652817 AccTime:227.2046839
#IT 86 KerTime:2.5955656 AccTime:229.8002495
#IT 87 KerTime:2.6597243 AccTime:232.4599738
#IT 88 KerTime:2.6509594 AccTime:235.1109333
#IT 89 KerTime:2.6362633 AccTime:237.7471965
#IT 90 KerTime:2.6175785 AccTime:240.3647751
#IT 91 KerTime:2.6196972 AccTime:242.9844723
#IT 92 KerTime:2.5919254 AccTime:245.5763977
#IT 93 KerTime:2.5923581 AccTime:248.1687557
#IT 94 KerTime:2.7067358 AccTime:250.8754915
#IT 95 KerTime:2.5962822 AccTime:253.4717737
#IT 96 KerTime:2.6354768 AccTime:256.1072505
#IT 97 KerTime:2.5944995 AccTime:258.7017500
#IT 98 KerTime:2.6373544 AccTime:261.3391044
#IT 99 KerTime:2.5952525 AccTime:263.9343569
#IT 100 KerTime:2.6452468 AccTime:266.5796036
#IT 101 KerTime:2.5933725 AccTime:269.1729762
#IT 102 KerTime:2.6383737 AccTime:271.8113499
#IT 103 KerTime:2.5949859 AccTime:274.4063358
#IT 104 KerTime:2.6190710 AccTime:277.0254069
#IT 105 KerTime:2.5913189 AccTime:279.6167258
#IT 106 KerTime:2.5923608 AccTime:282.2090866
#IT 107 KerTime:2.7161214 AccTime:284.9252080
#IT 108 KerTime:2.5949911 AccTime:287.5201992
#IT 109 KerTime:2.6377668 AccTime:290.1579660
#IT 110 KerTime:2.5909710 AccTime:292.7489370
#IT 111 KerTime:2.6400121 AccTime:295.3889490
#IT 112 KerTime:2.5948363 AccTime:297.9837853
#IT 113 KerTime:2.6690845 AccTime:300.6528698
#IT 114 KerTime:2.5918169 AccTime:303.2446867
#ERR  p: [12, 1696], r: -3.1643208173380677e+34, e: -3.1647649902241633e+34
#ERR  p: [13, 1696], r: -7.1063582762865665e+33, e: -7.0972816999185261e+33
#ERR  p: [14, 1696], r: -2.8146317240368670e+34, e: -2.8127866982023161e+34
#ERR  p: [15, 1696], r: -1.1248399803862090e+34, e: -1.1230353113969388e+34
#ERR  p: [12, 1697], r: 4.8568701962202378e+33, e: 4.7297585129864149e+33
#ERR  p: [13, 1697], r: -5.5413148645407317e+33, e: -5.2816557033605839e+33
#ERR  p: [14, 1697], r: 9.3716517558044714e+33, e: 9.8994474915537933e+33
#ERR  p: [15, 1697], r: -2.5889072228016179e+34, e: -2.5372905700995904e+34
#ERR  p: [12, 1698], r: 9.1284250107057978e+33, e: 8.9358510581945640e+33
#ERR  p: [13, 1698], r: -1.8109163774724850e+34, e: -1.7715768713160663e+34
#ERR  p: [14, 1698], r: -1.3855700834943426e+34, e: -1.3056063370087349e+34
#ERR  p: [15, 1698], r: -1.1782314677225600e+34, e: -1.1000298050888711e+34
#ERR  p: [12, 1699], r: -1.6457844607821099e+34, e: -1.6369487875457144e+34
#ERR  p: [13, 1699], r: 2.8347611242516630e+34, e: 2.8167117108908743e+34
#ERR  p: [14, 1699], r: -2.5117083844452531e+33, e: -2.8785993045108447e+33
#ERR  p: [15, 1699], r: 2.3247543392788642e+34, e: 2.2888738851802167e+34
#ERR  p: [12, 1700], r: -2.3134010673845740e+33, e: -2.3791629181514920e+33
#ERR  p: [13, 1700], r: 1.0472696671725556e+34, e: 1.0607037924788806e+34
#ERR  p: [14, 1700], r: 1.3888292082357692e+34, e: 1.4161359372103340e+34
#ERR  p: [15, 1700], r: -2.7031227894701892e+34, e: -2.6764179469427250e+34
#ERR  p: [12, 1701], r: -1.0399038001448037e+34, e: -1.0309495322526447e+34
#ERR  p: [13, 1701], r: -2.0527276619302397e+34, e: -2.0710194639507205e+34
#ERR  p: [14, 1701], r: 2.5478737194954411e+34, e: 2.5106924380035126e+34
#ERR  p: [15, 1701], r: 1.4983802168363132e+34, e: 1.4620184516503916e+34
#ERR  p: [12, 1702], r: 1.4570229303128613e+33, e: 1.4919427429410233e+33
#ERR  p: [13, 1702], r: -1.9518614216753023e+34, e: -1.9589946797696725e+34
#ERR  p: [14, 1702], r: -1.8817774270552233e+34, e: -1.8962766759713494e+34
#ERR  p: [15, 1702], r: -1.2088905383235095e+34, e: -1.2230699035334843e+34
#ERR  p: [12, 1703], r: -4.4968761186500138e+34, e: -4.4886992771025260e+34
#ERR  p: [13, 1703], r: -4.0027793390621107e+34, e: -4.0194836067762119e+34
#ERR  p: [14, 1703], r: -2.2543776337364962e+33, e: -2.5939284932919653e+33
#ERR  p: [15, 1703], r: 7.1601523417236931e+33, e: 6.8280922573459398e+33
#ERR  p: [12, 1704], r: 7.1612646308489910e+33, e: 7.2508716826526240e+33
#ERR  p: [13, 1704], r: -2.6224744621428567e+34, e: -2.6407803766797853e+34
#ERR  p: [14, 1704], r: -7.0963489120989246e+32, e: -1.0817311943981742e+33
#ERR  p: [15, 1704], r: -1.4909184094555167e+34, e: -1.5273079044983183e+34
#ERR  p: [12, 1705], r: -4.3350639857629903e+34, e: -4.3169440098199624e+34
#ERR  p: [13, 1705], r: -6.2946465632573195e+33, e: -6.6647955867638053e+33
#ERR  p: [14, 1705], r: -5.0516460726793484e+34, e: -5.1268850972110196e+34
#ERR  p: [15, 1705], r: 3.9196267209323058e+33, e: 3.1838205393518811e+33
#ERR  p: [12, 1706], r: -2.6328496376121075e+34, e: -2.6163072924551448e+34
#ERR  p: [13, 1706], r: -4.1469935972176748e+33, e: -4.4849264691417979e+33
#ERR  p: [14, 1706], r: 8.1961107031692904e+33, e: 7.5092074859307757e+33
#ERR  p: [15, 1706], r: 2.2926037985185836e+34, e: 2.2254272298747703e+34
#ERR  p: [12, 1707], r: -2.1370100860368984e+34, e: -2.1543744233799466e+34
#ERR  p: [13, 1707], r: 3.2197401742527720e+34, e: 3.2552126033144710e+34
#ERR  p: [14, 1707], r: 5.1066239801760436e+34, e: 5.1787275501762127e+34
#ERR  p: [15, 1707], r: -9.4865882987519225e+33, e: -8.7814502247347342e+33
#ERR  p: [12, 1708], r: -1.1854170906805919e+34, e: -1.1747435716618734e+34
#ERR  p: [13, 1708], r: -1.1409443423572725e+34, e: -1.1627486754452216e+34
#ERR  p: [14, 1708], r: -5.5195611632003893e+33, e: -5.9627684560653412e+33
#ERR  p: [15, 1708], r: -4.3165755988642711e+33, e: -4.7500155448192612e+33
#ERR  p: [12, 1709], r: -9.7996082463554470e+33, e: -9.8316498483922705e+33
#ERR  p: [13, 1709], r: 7.2016567574208141e+33, e: 7.2671115990579892e+33
#ERR  p: [14, 1709], r: 5.8923712626153230e+34, e: 5.9056756518055309e+34
#ERR  p: [15, 1709], r: -1.9532494000473491e+34, e: -1.9402376598824283e+34
#ERR  p: [12, 1710], r: 2.7089304613704927e+34, e: 2.7138351798061413e+34
#ERR  p: [13, 1710], r: 2.4633719324138211e+33, e: 2.3631804932742981e+33
#ERR  p: [14, 1710], r: 3.6761502214307063e+33, e: 3.4724967055678684e+33
#ERR  p: [15, 1710], r: -3.1722084760923784e+34, e: -3.1921249506204173e+34
#ERR  p: [12, 1711], r: -2.8881698189545600e+34, e: -2.8926273934480188e+34
#ERR  p: [13, 1711], r: -1.1253794127583276e+33, e: -1.0343214952286522e+33
#ERR  p: [14, 1711], r: -5.2214689155605876e+33, e: -5.0363749062517259e+33
#ERR  p: [15, 1711], r: -2.1031128118811861e+34, e: -2.0850111574507396e+34
#SDC Ite:115 KerTime:2.5918169 AccTime:303.2446867 KerErr:64 AccErr:65
#IT 115 KerTime:2.7260929 AccTime:305.9707797
#IT 116 KerTime:2.5938715 AccTime:308.5646512
