#HEADER matrix_dim:2048 threads:4 block_size:16 block_offset:12 precision:Float
#BEGIN Y:2023 M:11 D:01 Time:14:58:31
#IT 0 KerTime:2.6425468 AccTime:2.6425468
#IT 1 KerTime:2.6449323 AccTime:5.2874791
#IT 2 KerTime:2.6520673 AccTime:7.9395464
#IT 3 KerTime:2.5911187 AccTime:10.5306651
#IT 4 KerTime:2.6542026 AccTime:13.1848676
#IT 5 KerTime:2.5926700 AccTime:15.7775376
#IT 6 KerTime:2.6348504 AccTime:18.4123880
#IT 7 KerTime:2.6139701 AccTime:21.0263581
#IT 8 KerTime:2.6134966 AccTime:23.6398547
#IT 9 KerTime:2.6326257 AccTime:26.2724804
#IT 10 KerTime:2.5937505 AccTime:28.8662309
#IT 11 KerTime:2.6428005 AccTime:31.5090313
#IT 12 KerTime:2.5888631 AccTime:34.0978944
#IT 13 KerTime:2.6881079 AccTime:36.7860023
#IT 14 KerTime:2.5920684 AccTime:39.3780708
#IT 15 KerTime:2.7062737 AccTime:42.0843444
#IT 16 KerTime:2.5901947 AccTime:44.6745391
#IT 17 KerTime:2.6869660 AccTime:47.3615051
#IT 18 KerTime:2.5926060 AccTime:49.9541111
#IT 19 KerTime:2.6371466 AccTime:52.5912577
#IT 20 KerTime:2.5901900 AccTime:55.1814478
#IT 21 KerTime:2.6240970 AccTime:57.8055448
#IT 22 KerTime:2.6471976 AccTime:60.4527424
#IT 23 KerTime:2.5939892 AccTime:63.0467316
#IT 24 KerTime:2.5885762 AccTime:65.6353078
#IT 25 KerTime:2.5905406 AccTime:68.2258484
#IT 26 KerTime:2.6996437 AccTime:70.9254921
#IT 27 KerTime:2.6064778 AccTime:73.5319699
#IT 28 KerTime:2.7228528 AccTime:76.2548227
#IT 29 KerTime:2.5902092 AccTime:78.8450319
#IT 30 KerTime:2.6385769 AccTime:81.4836088
#IT 31 KerTime:2.5948449 AccTime:84.0784537
#IT 32 KerTime:2.6288379 AccTime:86.7072916
#IT 33 KerTime:2.5915312 AccTime:89.2988228
#IT 34 KerTime:2.6471405 AccTime:91.9459633
#IT 35 KerTime:2.5934795 AccTime:94.5394428
#IT 36 KerTime:2.6179265 AccTime:97.1573693
#IT 37 KerTime:2.5911983 AccTime:99.7485676
#ERR  p: [40, 1347], r: -2.6755251445863924e+34, e: -2.3430397040111407e+34
#SDC Ite:38 KerTime:2.5911983 AccTime:99.7485676 KerErr:1 AccErr:1
#IT 38 KerTime:2.6466019 AccTime:102.3951695
#IT 39 KerTime:2.5931762 AccTime:104.9883457
#IT 40 KerTime:2.6180316 AccTime:107.6063773
#IT 41 KerTime:2.5900376 AccTime:110.1964149
#IT 42 KerTime:2.5895061 AccTime:112.7859210
#IT 43 KerTime:2.6527874 AccTime:115.4387084
#IT 44 KerTime:2.5932544 AccTime:118.0319627
#IT 45 KerTime:2.6416804 AccTime:120.6736431
#IT 46 KerTime:2.5893246 AccTime:123.2629677
#IT 47 KerTime:2.6522956 AccTime:125.9152633
#IT 48 KerTime:2.5933096 AccTime:128.5085729
#IT 49 KerTime:2.6557191 AccTime:131.1642920
#IT 50 KerTime:2.5884253 AccTime:133.7527173
#IT 51 KerTime:2.6235586 AccTime:136.3762758
#IT 52 KerTime:2.5945423 AccTime:138.9708181
#IT 53 KerTime:2.6303315 AccTime:141.6011496
#IT 54 KerTime:2.5887217 AccTime:144.1898713
#IT 55 KerTime:2.5895296 AccTime:146.7794009
#IT 56 KerTime:2.5920727 AccTime:149.3714736
#IT 57 KerTime:2.5950007 AccTime:151.9664743
#IT 58 KerTime:2.6777886 AccTime:154.6442628
#IT 59 KerTime:2.5903142 AccTime:157.2345770
#IT 60 KerTime:2.6430224 AccTime:159.8775994
#IT 61 KerTime:2.5934098 AccTime:162.4710092
#IT 62 KerTime:2.6580926 AccTime:165.1291018
#IT 63 KerTime:2.5878992 AccTime:167.7170011
#IT 64 KerTime:2.6287676 AccTime:170.3457687
#IT 65 KerTime:2.5952541 AccTime:172.9410227
#IT 66 KerTime:2.6203110 AccTime:175.5613338
#IT 67 KerTime:2.5882164 AccTime:178.1495501
#IT 68 KerTime:2.5894806 AccTime:180.7390307
#IT 69 KerTime:2.5944774 AccTime:183.3335081
#IT 70 KerTime:2.6312213 AccTime:185.9647293
#IT 71 KerTime:2.7037238 AccTime:188.6684532
#IT 72 KerTime:2.5896520 AccTime:191.2581052
#IT 73 KerTime:2.6428981 AccTime:193.9010033
#IT 74 KerTime:2.6191028 AccTime:196.5201060
#IT 75 KerTime:2.6656819 AccTime:199.1857879
#IT 76 KerTime:2.5890092 AccTime:201.7747971
#IT 77 KerTime:2.6484292 AccTime:204.4232263
#ERR  p: [0, 368], r: -1.3329952652019082e+33, e: 3.1755142711732861e+34
#ERR  p: [16, 368], r: 3.8996828879293987e+33, e: -1.9549346078228282e+34
#ERR  p: [32, 368], r: -4.8881275632421740e+33, e: -6.8846995415223424e+33
#ERR  p: [48, 368], r: -7.4101648551477096e+33, e: 2.5785825552859700e+34
#ERR  p: [64, 368], r: 2.1175626669897447e+33, e: 2.4721474417643073e+34
#ERR  p: [80, 368], r: 1.4989221869855124e+34, e: 6.8957736579377737e+34
#ERR  p: [96, 368], r: -1.8665880265671957e+34, e: -4.8296953078598569e+34
#ERR  p: [112, 368], r: 4.3717672986057508e+33, e: -6.4686712222199011e+33
#ERR  p: [128, 368], r: 1.3469163651711870e+33, e: 9.0352724986296515e+33
#ERR  p: [144, 368], r: 9.1597869836610536e+33, e: -3.0781532581395852e+34
#ERR  p: [160, 368], r: -3.9075716608297448e+32, e: -1.3892904646944069e+34
#ERR  p: [176, 368], r: -3.0657310404956226e+32, e: 3.2308930236547018e+34
#ERR  p: [192, 368], r: -8.2353199780335762e+33, e: -3.1933445691471213e+34
#ERR  p: [208, 368], r: -7.3643573598740327e+33, e: -5.3623953906628157e+33
#ERR  p: [224, 368], r: -6.2863337958935182e+33, e: -1.2300192037380167e+34
#ERR  p: [240, 368], r: 9.6116703792913370e+33, e: 2.0340070374801505e+34
#ERR  p: [256, 368], r: -5.8529396537199815e+33, e: 5.4571194676188347e+33
#ERR  p: [272, 368], r: 5.8795490201219159e+32, e: 3.1424263622152586e+34
#ERR  p: [288, 368], r: -2.6108854864650866e+33, e: -3.0116258652523731e+34
#ERR  p: [304, 368], r: 3.3502708621840952e+33, e: 5.0242969442584381e+33
#ERR  p: [320, 368], r: -2.5697924382430202e+34, e: -3.2336405077778918e+34
#ERR  p: [336, 368], r: -1.4629200433810031e+34, e: -2.2252261884123903e+34
#ERR  p: [352, 368], r: -6.3784222211346462e+32, e: -2.9389944376194527e+34
#ERR  p: [368, 368], r: -2.6036372237410668e+34, e: -4.8255902986895866e+34
#ERR  p: [384, 368], r: -1.3293747857630142e+34, e: 1.5717783007355631e+34
#ERR  p: [400, 368], r: -5.6024686382539147e+32, e: 2.0318538883698214e+34
#ERR  p: [416, 368], r: 1.6249266566481984e+34, e: 3.4545125316471501e+34
#ERR  p: [432, 368], r: 7.0031583333665703e+32, e: -1.4446271272144870e+34
#ERR  p: [448, 368], r: -5.8366260798822788e+33, e: 1.0030549983989262e+33
#ERR  p: [464, 368], r: -1.1357296437357868e+34, e: -3.0342989846598927e+34
#ERR  p: [480, 368], r: 5.6037020907605577e+33, e: 2.5025623905895098e+34
#ERR  p: [496, 368], r: -3.7072776047485176e+33, e: -1.0275089255014588e+34
#ERR  p: [512, 368], r: -5.9478463268317952e+33, e: 2.6143332732685003e+34
#ERR  p: [528, 368], r: 9.8154107056994298e+32, e: 3.2326699627870921e+33
#ERR  p: [544, 368], r: -1.4478090044974622e+34, e: -2.0134170926222393e+33
#ERR  p: [560, 368], r: 8.3124535460013697e+33, e: -1.8005719029162085e+34
#ERR  p: [576, 368], r: -5.1545399968216334e+33, e: 3.0229192827457638e+33
#ERR  p: [592, 368], r: -1.4531864922341140e+34, e: 1.3248230040325658e+33
#ERR  p: [608, 368], r: 1.2761723318706621e+34, e: 2.1355139117054181e+34
#ERR  p: [624, 368], r: -4.9471720418709197e+33, e: -3.9671397880951082e+34
#ERR  p: [640, 368], r: -3.8369932948549772e+33, e: -2.3637608395647151e+34
#ERR  p: [656, 368], r: -3.3367144902988908e+33, e: -3.2448666432301474e+34
#ERR  p: [672, 368], r: -2.6227133845704388e+33, e: 3.1876188488774185e+34
#ERR  p: [688, 368], r: 2.7180931055197644e+32, e: -1.4433806453889306e+34
#ERR  p: [704, 368], r: 4.9566105609579461e+32, e: 1.3064025800420032e+34
#ERR  p: [720, 368], r: 3.9119381848333142e+33, e: -3.7289838929853553e+34
#ERR  p: [736, 368], r: 5.5419022670893726e+33, e: -1.7318245740535479e+33
#ERR  p: [752, 368], r: 6.0201557972089985e+32, e: -3.4420355815792006e+34
#ERR  p: [768, 368], r: 4.6999872929816408e+33, e: 3.5482139463367155e+34
#ERR  p: [784, 368], r: 5.5071935232379087e+33, e: -2.0888406011682650e+33
#ERR  p: [800, 368], r: 1.1418529903461080e+34, e: 2.5509701170187037e+33
#ERR  p: [816, 368], r: -1.2256347915008797e+34, e: -2.8202069107977926e+34
#ERR  p: [832, 368], r: 1.3453673617485302e+34, e: -2.9617721629602920e+33
#ERR  p: [848, 368], r: -2.1824348102504283e+34, e: 3.6490793200336254e+34
#ERR  p: [864, 368], r: -1.1091013059027504e+34, e: -4.5172976727140812e+34
#ERR  p: [880, 368], r: 2.4493770202696998e+33, e: 4.2724732422007058e+34
#ERR  p: [896, 368], r: 6.8949476733950615e+32, e: -6.6185176742752000e+33
#ERR  p: [912, 368], r: -1.7025281659508417e+34, e: -4.7999159174508235e+34
#ERR  p: [928, 368], r: -3.6008426150208588e+31, e: 1.5321108642627377e+34
#ERR  p: [944, 368], r: 2.7283523788528371e+33, e: -2.3161380290174301e+34
#ERR  p: [960, 368], r: 1.9001489524142341e+34, e: 4.6890826505575877e+34
#ERR  p: [976, 368], r: -2.5959921393374540e+33, e: 3.0172617110752238e+34
#ERR  p: [992, 368], r: -4.7351333391519822e+33, e: -6.4147948337701621e+33
#ERR  p: [1008, 368], r: 2.2069121034712024e+34, e: 1.9608498567125456e+34
#ERR  p: [1024, 368], r: 1.5062359367376104e+34, e: 3.7634481436790603e+34
#ERR  p: [1040, 368], r: 3.8661665898207765e+33, e: 3.2780714137278834e+33
#ERR  p: [1056, 368], r: -4.7545207181072306e+33, e: 1.1057188823334109e+34
#ERR  p: [1072, 368], r: 6.8944699832824023e+33, e: -1.9759293281250847e+34
#ERR  p: [1088, 368], r: 4.9215166630117596e+33, e: -7.4430265924605596e+33
#ERR  p: [1104, 368], r: 1.0621487625154860e+33, e: 2.1073146279625286e+34
#ERR  p: [1120, 368], r: -2.1516094224052007e+33, e: -9.2633282885468828e+33
#ERR  p: [1136, 368], r: -1.2780962144857155e+34, e: 4.1200607880319762e+34
#ERR  p: [1152, 368], r: -2.9920249416403481e+33, e: -2.2855163442056669e+34
#ERR  p: [1168, 368], r: 7.1036843258017101e+33, e: 1.0133007162885687e+34
#ERR  p: [1184, 368], r: 8.6840611723591435e+32, e: 2.8938192821178428e+34
#ERR  p: [1200, 368], r: -1.6160714549076832e+33, e: -1.2115657267484052e+34
#ERR  p: [1216, 368], r: 3.5515357727411319e+33, e: -5.6507030840261097e+34
#ERR  p: [1232, 368], r: -2.5405274738173119e+33, e: -8.5052942745910695e+33
#ERR  p: [1248, 368], r: 2.8926975846482463e+32, e: -3.3569202714141107e+34
#ERR  p: [1264, 368], r: 1.1083785965078156e+34, e: 2.0457912363021159e+34
#ERR  p: [1280, 368], r: 1.8688407060566833e+31, e: 3.0620072394861997e+33
#ERR  p: [1296, 368], r: 1.6986488641982341e+33, e: -3.0881438675356320e+33
#ERR  p: [1312, 368], r: -3.1633103487810010e+33, e: 2.6105487667744010e+33
#ERR  p: [1328, 368], r: 9.9604732932154152e+32, e: 1.6476473129532265e+34
#ERR  p: [1344, 368], r: 1.6661428799041737e+33, e: -1.9697912500282960e+34
#ERR  p: [1360, 368], r: -4.0716191420457059e+33, e: 7.2709442614196168e+33
#ERR  p: [1376, 368], r: -2.3963037454204472e+32, e: 1.1604379365678915e+34
#ERR  p: [1392, 368], r: 6.5679793911413940e+33, e: -1.1797733220414899e+34
#ERR  p: [1408, 368], r: -8.8688685985489106e+32, e: -1.1596587771071653e+34
#ERR  p: [1424, 368], r: -7.8149526788934396e+33, e: -1.7095704354523245e+34
#ERR  p: [1440, 368], r: -1.3370563275007839e+34, e: -4.2518387624498814e+34
#ERR  p: [1456, 368], r: -2.9126921731927641e+33, e: 1.1642141488637277e+34
#ERR  p: [1472, 368], r: 4.4997266612814743e+33, e: -9.5243114265990463e+32
#ERR  p: [1488, 368], r: 1.1000065318161325e+34, e: 2.0891944044314927e+34
#ERR  p: [1504, 368], r: 2.7087656915512638e+33, e: 9.6795268246047258e+33
#ERR  p: [1520, 368], r: -2.8835294007172988e+33, e: -5.4637548262294044e+34
#ERR  p: [1536, 368], r: 1.4194730173571720e+32, e: 4.6543227797825014e+34
#ERR  p: [1552, 368], r: 1.5242670285858177e+34, e: 1.4142474596804041e+32
#ERR  p: [1568, 368], r: 7.8073343958916774e+33, e: 6.7475521259780409e+34
#ERR  p: [1584, 368], r: 1.0991833016900077e+34, e: 1.3711117484965149e+33
#ERR  p: [1600, 368], r: -4.0747328707295184e+33, e: 1.6510036159877370e+34
#ERR  p: [1616, 368], r: -4.0243029073491499e+33, e: -6.7944772335191846e+33
#ERR  p: [1632, 368], r: -1.1449186250593943e+34, e: -1.6040842029707740e+34
#ERR  p: [1648, 368], r: 9.2787115504450626e+33, e: 2.4518491865281527e+34
#ERR  p: [1664, 368], r: 3.0974442015657732e+33, e: -2.3470731602471403e+34
#ERR  p: [1680, 368], r: -6.2205818486469145e+33, e: -2.4293268482174181e+34
#ERR  p: [1696, 368], r: -2.4028889674594258e+33, e: -2.0570142769042732e+34
#ERR  p: [1712, 368], r: 5.5374500157380827e+33, e: -1.7838669543350857e+33
#ERR  p: [1728, 368], r: -1.1849631690166870e+33, e: 1.2247471884927120e+34
#ERR  p: [1744, 368], r: -4.3315042272830233e+33, e: 1.4858369131822580e+34
#ERR  p: [1760, 368], r: 1.6124843689013489e+34, e: -1.1484189005204737e+34
#ERR  p: [1776, 368], r: -1.4066587634455808e+34, e: -3.0152691227879900e+34
#ERR  p: [1792, 368], r: -7.9026130699852964e+33, e: -2.7719661205828964e+34
#ERR  p: [1808, 368], r: -3.8218604063297429e+33, e: -1.4912761741268701e+34
#ERR  p: [1824, 368], r: -1.2323689377265843e+34, e: -2.7112080234547699e+34
#ERR  p: [1840, 368], r: -6.9032463591909160e+33, e: -5.6265429510434005e+34
#ERR  p: [1856, 368], r: -1.0533765491803544e+34, e: -2.1828621471519896e+34
#ERR  p: [1872, 368], r: -8.2125363105805484e+33, e: 2.7362800230704167e+34
#ERR  p: [1888, 368], r: 2.9454087620360080e+33, e: -1.1208919420129201e+34
#ERR  p: [1904, 368], r: 2.5284402272737294e+33, e: 9.0558433482624566e+33
#ERR  p: [1920, 368], r: -1.2960436215872671e+34, e: -1.2148581520768886e+34
#ERR  p: [1936, 368], r: -3.7312113184980415e+33, e: -5.9348714772800451e+33
#ERR  p: [1952, 368], r: 8.5088465435337989e+33, e: 6.5257835859323321e+33
#ERR  p: [1968, 368], r: -5.2236569745800245e+33, e: 3.0747538747917075e+34
#ERR  p: [1984, 368], r: 1.1489150668882193e+34, e: -3.3859833897164136e+34
#ERR  p: [2000, 368], r: -8.7018287067729870e+32, e: 1.2039903847917557e+33
#ERR  p: [2016, 368], r: 2.1390318897090593e+34, e: 2.3872772437269959e+34
#ERR  p: [2032, 368], r: -1.8447889237759125e+33, e: -2.0209153263886919e+34
#ERR  p: [0, 369], r: -5.5589796499313144e+33, e: -3.8952458013435901e+33
#ERR  p: [1, 369], r: 1.9357247494692134e+34, e: 5.1901304634660782e+34
#ERR  p: [16, 369], r: 2.0402697761388952e+34, e: 4.4886467884448603e+34
#ERR  p: [17, 369], r: 1.1842162269454832e+33, e: 2.5496278805311085e+34
#ERR  p: [32, 369], r: -2.2223973097316173e+33, e: 1.6660523864873019e+34
#ERR  p: [33, 369], r: -1.5201649904716416e+33, e: 1.1617936047049130e+34
#ERR  p: [48, 369], r: 2.2254622945263830e+33, e: -2.8060560182087215e+34
#ERR  p: [49, 369], r: 1.4100487384491599e+34, e: 3.6692418970414743e+34
#ERR  p: [64, 369], r: -2.9358738383684222e+33, e: 3.0588460976988825e+34
#ERR  p: [65, 369], r: 1.1466949452217649e+34, e: 1.2032825461515428e+34
#ERR  p: [80, 369], r: -1.3458416165775804e+34, e: -3.6021836754654167e+34
#ERR  p: [81, 369], r: 4.8067716912853879e+33, e: -1.7727656651357920e+34
#ERR  p: [96, 369], r: 8.8685572566290304e+33, e: 1.8875617637857862e+33
#ERR  p: [97, 369], r: 2.2453516581675616e+33, e: -3.7637816447256438e+34
#ERR  p: [112, 369], r: 6.4332104297945714e+33, e: 1.0419723979504496e+34
#ERR  p: [113, 369], r: 1.3529933199785360e+34, e: 1.4549157706749917e+34
#ERR  p: [128, 369], r: 1.4551512268704638e+34, e: 5.3846430300788329e+32
#ERR  p: [129, 369], r: -9.2575632017839308e+33, e: -7.8248289645268584e+33
#ERR  p: [144, 369], r: -7.2667433118963018e+33, e: 2.7030033901534002e+33
#ERR  p: [145, 369], r: 1.4131940965009762e+34, e: 2.9953320984552990e+32
#ERR  p: [160, 369], r: -1.6373957457968984e+33, e: -1.5427247145715627e+34
#ERR  p: [161, 369], r: 4.6855919072348108e+33, e: 8.5878512578709722e+33
#ERR  p: [176, 369], r: 2.0371315362423048e+33, e: 1.4630853083762477e+34
#ERR  p: [177, 369], r: 5.4300457189596635e+33, e: -3.1657865383445815e+34
#ERR  p: [192, 369], r: -4.7248759227289685e+32, e: 2.3785458050419082e+34
#ERR  p: [193, 369], r: -5.0021282235199254e+33, e: 8.6402637822242563e+33
#ERR  p: [208, 369], r: 1.2585272297267040e+34, e: 1.9957247321172815e+34
#ERR  p: [209, 369], r: -9.5023299442914754e+33, e: 8.4849361959025165e+32
#ERR  p: [224, 369], r: 7.0331904492346238e+33, e: 8.2105197062565526e+33
#ERR  p: [225, 369], r: -7.0377114062580940e+33, e: 7.8892556969614071e+33
#ERR  p: [240, 369], r: -4.9667992717087795e+33, e: 7.5710667307238465e+33
#ERR  p: [241, 369], r: -3.6388705856026566e+33, e: -2.4471650690075047e+34
#ERR  p: [256, 369], r: 9.1039428895188704e+33, e: 2.6712819813077378e+34
#ERR  p: [257, 369], r: -3.3435299691851764e+33, e: -2.5631271214834999e+34
#ERR  p: [272, 369], r: -1.9741642732170716e+34, e: -1.0878614734727154e+34
#ERR  p: [273, 369], r: -2.1319186862433255e+34, e: -3.0077446756412056e+34
#ERR  p: [288, 369], r: -1.8353271933131494e+34, e: 5.2032234124975761e+34
#ERR  p: [289, 369], r: -2.7601658285404203e+34, e: -7.9649161162824510e+33
#ERR  p: [304, 369], r: 2.1796418008822936e+33, e: -4.0709903304027509e+34
#ERR  p: [305, 369], r: 7.5678697505723920e+33, e: -1.9016183872408658e+34
#ERR  p: [320, 369], r: 3.1480536662518381e+32, e: -4.1424038726250223e+34
#ERR  p: [321, 369], r: -1.3124609348002620e+34, e: -1.5239668281262910e+34
#ERR  p: [336, 369], r: 2.2709240950440895e+33, e: 1.2392723103556592e+34
#ERR  p: [337, 369], r: -2.9651560720576785e+33, e: -2.1236720248776220e+34
#ERR  p: [352, 369], r: 8.7150081259162289e+33, e: -5.3315081677126258e+34
#ERR  p: [353, 369], r: -4.3558371766952167e+33, e: -5.5148124252096906e+33
#ERR  p: [368, 369], r: -5.0917247528332244e+33, e: -6.8255445767450905e+33
#ERR  p: [369, 369], r: -2.1235252051889628e+34, e: -3.0041771800359930e+34
#ERR  p: [384, 369], r: -4.5303050181918625e+32, e: -1.3672005388393947e+34
#ERR  p: [385, 369], r: -2.4849068897492217e+34, e: 1.8137042493894566e+33
#ERR  p: [400, 369], r: -3.2008056956608962e+33, e: 9.0753508074015156e+33
#ERR  p: [401, 369], r: 1.6606331801713262e+34, e: 2.1399133030170305e+34
#ERR  p: [416, 369], r: -5.8813175722105399e+33, e: -9.4438546085957912e+32
#ERR  p: [417, 369], r: 1.1956070703199656e+34, e: -3.1508772836874441e+34
#ERR  p: [432, 369], r: 8.4675649570437493e+33, e: -7.5934431159039494e+33
#ERR  p: [433, 369], r: -1.0651077641686383e+34, e: 2.4426493113321995e+34
#ERR  p: [448, 369], r: 5.5066259277298964e+33, e: -3.2517530560806841e+34
#ERR  p: [449, 369], r: -1.2806686538873505e+34, e: -6.0888516587145257e+34
#ERR  p: [464, 369], r: 8.5411963926404044e+33, e: 1.0454586846890851e+34
#ERR  p: [465, 369], r: -4.1270231485039231e+33, e: -8.2302772292835472e+33
#ERR  p: [480, 369], r: 2.3568714556580841e+34, e: 6.2311414771820188e+34
#ERR  p: [481, 369], r: 8.0129543795069202e+33, e: 6.0703271239666593e+34
#ERR  p: [496, 369], r: -3.8108548098954861e+33, e: 2.3959138562050743e+34
#ERR  p: [497, 369], r: -2.5423060841687551e+33, e: 1.9245210207316690e+34
#ERR  p: [512, 369], r: 5.5708236412571773e+33, e: -6.3487216410833638e+33
#ERR  p: [513, 369], r: 4.9620427965928353e+33, e: 1.9792898401557288e+34
#ERR  p: [528, 369], r: -9.9920800688134397e+33, e: 1.7281264138771887e+34
#ERR  p: [529, 369], r: -1.1602776233328041e+34, e: -8.8211608653149307e+33
#ERR  p: [544, 369], r: 2.1164325515278811e+34, e: 6.6177476755707645e+34
#ERR  p: [545, 369], r: -3.0308461223023180e+33, e: 3.7816074861153375e+34
#ERR  p: [560, 369], r: -1.5123858990587762e+34, e: 6.0606647543720290e+34
#ERR  p: [561, 369], r: 1.1112747572297237e+34, e: 1.7686762540100167e+34
#ERR  p: [576, 369], r: 6.9212837645333236e+33, e: -1.7990518363419700e+34
#ERR  p: [577, 369], r: 8.2583221419035379e+33, e: 2.9749031167509959e+34
#ERR  p: [592, 369], r: 1.8601670791714302e+34, e: 2.0365394914185166e+34
#ERR  p: [593, 369], r: -1.2223610590669895e+34, e: -2.1108291397340598e+34
#ERR  p: [608, 369], r: -1.8701711047426528e+32, e: 2.9427466338785267e+34
#ERR  p: [609, 369], r: 4.2566961296790274e+33, e: -4.4674829655332375e+34
#ERR  p: [624, 369], r: -1.0456093419918661e+34, e: -3.8421477057965498e+34
#ERR  p: [625, 369], r: -2.0023390766956843e+33, e: 2.0894655133000962e+34
#ERR  p: [640, 369], r: -7.4116479073147735e+33, e: 5.9118334131489442e+33
#ERR  p: [641, 369], r: -1.0949043619442178e+34, e: -1.6922798793356177e+34
#ERR  p: [656, 369], r: 8.1878604517774730e+33, e: 2.0293250244575692e+34
#ERR  p: [657, 369], r: 6.6723717798042319e+33, e: -5.7679860185240223e+34
#ERR  p: [672, 369], r: 7.8439409018233658e+33, e: 9.8259701794920292e+33
#ERR  p: [673, 369], r: 8.7355842367942011e+32, e: -1.9586975122632421e+33
#ERR  p: [688, 369], r: -7.9487151949883232e+33, e: 3.1859520864085247e+34
#ERR  p: [689, 369], r: -2.5509360736676233e+33, e: -2.7616184273825177e+34
#ERR  p: [704, 369], r: 6.5972170589892361e+33, e: -4.6304959002583678e+34
#ERR  p: [705, 369], r: -9.6785550416738868e+33, e: -1.8014415557938064e+34
#ERR  p: [720, 369], r: -9.7514895170284243e+33, e: -6.9888697199481286e+33
#ERR  p: [721, 369], r: -1.7933625115094222e+34, e: -7.0148893626638484e+33
#ERR  p: [736, 369], r: 3.4697642624161558e+33, e: -2.7993163631498420e+33
#ERR  p: [737, 369], r: 9.2668926274049952e+32, e: -2.5033524439225817e+34
#ERR  p: [752, 369], r: -6.6478735653967938e+33, e: -6.8745651453907327e+33
#ERR  p: [753, 369], r: -3.7907457118973344e+32, e: 3.5611202140102892e+34
#ERR  p: [768, 369], r: 9.8269654832836146e+33, e: 2.7728092815436536e+33
#ERR  p: [769, 369], r: -3.7517165573087645e+31, e: -4.2634008129317970e+33
#ERR  p: [784, 369], r: -4.3932613420228530e+33, e: 3.2274522931095121e+34
#ERR  p: [785, 369], r: 7.2152183905511854e+33, e: 8.7287882554635342e+33
#ERR  p: [800, 369], r: 5.2054229688851279e+32, e: 2.3026452253532430e+34
#ERR  p: [801, 369], r: 1.4903311307008797e+34, e: -7.7995285649739635e+33
#ERR  p: [816, 369], r: -1.5434760203814050e+34, e: -3.9460046853923967e+34
#ERR  p: [817, 369], r: -9.6325569036341600e+33, e: -1.3262202669549072e+34
#ERR  p: [832, 369], r: -1.1359409601004928e+34, e: 9.1895804865865348e+33
#ERR  p: [833, 369], r: 2.9292285762375382e+33, e: -2.0679454112451670e+34
#ERR  p: [848, 369], r: -7.1588562185025613e+33, e: 1.6163399331537032e+34
#ERR  p: [849, 369], r: -5.4226917361562887e+33, e: -1.8247816772944930e+34
#ERR  p: [864, 369], r: 7.1294860910705157e+33, e: -5.0066844618345152e+33
#ERR  p: [865, 369], r: -1.7027566896820938e+34, e: -2.5422569379491955e+34
#ERR  p: [880, 369], r: 3.2458543336904912e+33, e: -5.7700898976207878e+33
#ERR  p: [881, 369], r: -5.5366125493015062e+32, e: -2.1813365098475743e+34
#ERR  p: [896, 369], r: -3.5303193373778394e+33, e: -4.3359137078059558e+34
#ERR  p: [897, 369], r: 8.2610598463004175e+33, e: 2.6973000147014065e+34
#ERR  p: [912, 369], r: 4.6818595180163654e+33, e: 5.5392815480262054e+33
#ERR  p: [913, 369], r: -5.9255287438035584e+33, e: 5.8332868604203104e+34
#ERR  p: [928, 369], r: 5.0002196294643571e+33, e: -4.6333094903796556e+34
#ERR  p: [929, 369], r: -8.6092639067304914e+33, e: 2.4279239836163989e+33
#ERR  p: [944, 369], r: -3.3277124998182173e+33, e: -7.5956470205558892e+34
#ERR  p: [945, 369], r: -7.8709032358790013e+33, e: 2.9692004221660239e+33
#ERR  p: [960, 369], r: 4.7486590720212143e+33, e: -1.3726704697484801e+33
#ERR  p: [961, 369], r: 2.4550450525335719e+34, e: 1.4181593502045459e+34
#ERR  p: [976, 369], r: 2.7066240552833001e+33, e: -8.0392445121212238e+33
#ERR  p: [977, 369], r: -1.7615535184059804e+34, e: -2.3550051372548574e+34
#ERR  p: [992, 369], r: 5.9169312502307214e+33, e: 9.9519522424400041e+33
#ERR  p: [993, 369], r: -2.3463658013086926e+34, e: -1.8176219272832821e+34
#ERR  p: [1008, 369], r: -2.5363359635867965e+33, e: 1.6583173657398351e+34
#ERR  p: [1009, 369], r: -6.8348545048105362e+33, e: -3.1938892627644068e+34
#ERR  p: [1024, 369], r: -1.0076968712157336e+34, e: 1.1442609075165220e+34
#ERR  p: [1025, 369], r: -1.6554293754221862e+34, e: -6.7458565195062317e+33
#ERR  p: [1040, 369], r: -1.5215075364442466e+34, e: -3.5522679523773673e+34
#ERR  p: [1041, 369], r: 1.5773548492305319e+34, e: 3.0407479095005460e+34
#ERR  p: [1056, 369], r: -2.1725810551257245e+33, e: -1.3318371722951567e+34
#ERR  p: [1057, 369], r: 2.0280642444245591e+33, e: -5.1100926881661212e+34
#ERR  p: [1072, 369], r: 2.1280498760325508e+34, e: 7.5841104097417809e+34
#ERR  p: [1073, 369], r: -4.7568464979560380e+32, e: -2.0574672391646477e+34
#ERR  p: [1088, 369], r: 3.0568731926582734e+33, e: 1.1366629267314040e+34
#ERR  p: [1089, 369], r: -1.0899211581100784e+34, e: -1.9871201822862206e+34
#ERR  p: [1104, 369], r: -1.5736089664656583e+34, e: -1.4030077068877165e+34
#ERR  p: [1105, 369], r: 2.3928705044124951e+34, e: 6.1357958305322745e+34
#ERR  p: [1120, 369], r: 7.5474072206930243e+33, e: 1.3729484182358006e+34
#ERR  p: [1121, 369], r: -8.4576218226482091e+33, e: -2.3573166188962111e+34
#ERR  p: [1136, 369], r: -5.3639578257348987e+32, e: 6.3117987176776341e+34
#ERR  p: [1137, 369], r: -2.8732185981300908e+33, e: -5.3941646458909964e+33
#ERR  p: [1152, 369], r: 3.8084142111080349e+32, e: -5.3493736231835767e+34
#ERR  p: [1153, 369], r: 4.7396932912866899e+32, e: 3.8319748097297182e+34
#ERR  p: [1168, 369], r: 1.4025858169223280e+34, e: -1.7717020270540380e+34
#ERR  p: [1169, 369], r: 4.0948178288969041e+33, e: -3.5701136008076896e+34
#ERR  p: [1184, 369], r: -7.0932868674117522e+33, e: -4.9110769908664621e+34
#ERR  p: [1185, 369], r: -3.9603490680096082e+33, e: -2.3658957909564667e+34
#ERR  p: [1200, 369], r: -7.0304050841462317e+33, e: -3.3904800831151138e+34
#ERR  p: [1201, 369], r: 8.0174084877682690e+33, e: -2.9932418366989656e+33
#ERR  p: [1216, 369], r: 1.1578626499041662e+34, e: -2.4471732394117640e+34
#ERR  p: [1217, 369], r: -1.5319533982897406e+34, e: -3.6331107600848715e+33
#ERR  p: [1232, 369], r: 2.6825108402280798e+33, e: 1.8446355120565441e+34
#ERR  p: [1233, 369], r: -2.2263185467030557e+34, e: 4.7869522712564290e+33
#ERR  p: [1248, 369], r: -3.2276296899171416e+33, e: -4.1499680576470678e+32
#ERR  p: [1249, 369], r: 6.4244074381752130e+33, e: 3.3248199910194251e+34
#ERR  p: [1264, 369], r: -7.0340662918124182e+33, e: -1.0676306859687019e+34
#ERR  p: [1265, 369], r: 2.5349206576883825e+34, e: -1.4106519866303037e+34
#ERR  p: [1280, 369], r: 6.7144211986036482e+32, e: 8.5051099762677208e+32
#ERR  p: [1281, 369], r: 6.8527056001770314e+33, e: 1.7756716055840105e+34
#ERR  p: [1296, 369], r: 6.9807785438513594e+33, e: 1.3237655556510082e+34
#ERR  p: [1297, 369], r: 4.3252637715449857e+33, e: 4.7047163477257149e+34
#ERR  p: [1312, 369], r: 5.1054878607049894e+33, e: 1.1955641138006024e+33
#ERR  p: [1313, 369], r: -3.4790813086368274e+33, e: -1.8800110104131670e+34
#ERR  p: [1328, 369], r: -8.3552020914379725e+33, e: 1.6004481873843869e+33
#ERR  p: [1329, 369], r: 1.3043186936768722e+33, e: -1.6471565935216538e+32
#ERR  p: [1344, 369], r: -1.7988900375788354e+34, e: -3.1211075492107172e+34
#ERR  p: [1345, 369], r: 1.7790207285662932e+33, e: 1.1480050571653406e+34
#ERR  p: [1360, 369], r: -4.6122427219671127e+33, e: 1.6451497689239683e+34
#ERR  p: [1361, 369], r: -6.1028122799195587e+33, e: 3.9874647828361113e+34
#ERR  p: [1376, 369], r: 1.4688209631147657e+33, e: 2.4680283200775891e+34
#ERR  p: [1377, 369], r: -7.5780522716230290e+32, e: -1.7868147990536340e+34
#ERR  p: [1392, 369], r: 7.5767228787633414e+33, e: -1.0549180321172725e+34
#ERR  p: [1393, 369], r: 1.3585235695160356e+34, e: -3.7552805866818671e+33
#ERR  p: [1408, 369], r: 1.7509796535604244e+34, e: 3.7447686188382753e+34
#ERR  p: [1409, 369], r: -1.4416141049528703e+34, e: -2.9565776427614466e+34
#ERR  p: [1424, 369], r: -6.6858380915515782e+33, e: -1.9523439707026157e+34
#ERR  p: [1425, 369], r: 1.1300876082127397e+34, e: -1.5400220438777948e+34
#ERR  p: [1440, 369], r: -1.1160071544119039e+34, e: 3.5745040789510191e+34
#ERR  p: [1441, 369], r: -2.0855291115631766e+34, e: 1.8301472808067676e+34
#ERR  p: [1456, 369], r: 2.2099374432362100e+33, e: 3.7250757162813314e+34
#ERR  p: [1457, 369], r: -6.1867699923539129e+33, e: -1.3145277994898528e+34
#ERR  p: [1472, 369], r: 1.2778645959043652e+34, e: 4.4025302323759964e+34
#ERR  p: [1473, 369], r: 1.4749659427272735e+34, e: -9.5135413482572635e+32
#ERR  p: [1488, 369], r: -6.9740491017978040e+33, e: -2.1868411959232626e+33
#ERR  p: [1489, 369], r: 5.2868259599346593e+33, e: -5.6900497702347562e+34
#ERR  p: [1504, 369], r: -1.6995146485132093e+34, e: -4.8990892747020382e+34
#ERR  p: [1505, 369], r: -1.1566166632546254e+32, e: 4.1266479753007672e+32
#ERR  p: [1520, 369], r: -5.8340796372214688e+33, e: -5.9849256020644866e+34
#ERR  p: [1521, 369], r: -1.0920686126962268e+34, e: 2.9118337855695236e+34
#ERR  p: [1536, 369], r: 5.0200241942128446e+33, e: -1.7300441067920457e+34
#ERR  p: [1537, 369], r: 6.6302124938263289e+33, e: -1.7204193705746097e+34
#ERR  p: [1552, 369], r: 9.5925398728942404e+33, e: 2.8230499638920155e+34
#ERR  p: [1553, 369], r: 7.9181151741272475e+33, e: -1.4218185771666696e+34
#ERR  p: [1568, 369], r: 9.4808677778303848e+33, e: -2.3772427493565564e+34
#ERR  p: [1569, 369], r: -5.4471063896110749e+33, e: 2.8910807111629357e+34
#ERR  p: [1584, 369], r: 8.2505584009471596e+33, e: 5.0678348621610912e+34
#ERR  p: [1585, 369], r: 5.5636565873997346e+33, e: 2.8389537795767147e+34
#ERR  p: [1600, 369], r: 2.2537810085345626e+34, e: 8.3385006709859616e+34
#ERR  p: [1601, 369], r: -7.3346071848499264e+33, e: -2.5350758953693089e+33
#ERR  p: [1616, 369], r: 1.4389645418867878e+34, e: 5.9766576481301074e+34
#ERR  p: [1617, 369], r: -1.2484792418098364e+34, e: -3.8871161253115991e+34
#ERR  p: [1632, 369], r: 6.2176052218224528e+33, e: 3.8996089210120514e+33
#ERR  p: [1633, 369], r: -3.4160978595455805e+32, e: -6.1050826619516081e+33
#ERR  p: [1648, 369], r: -1.6006252128100047e+33, e: 2.8537340408817586e+34
#ERR  p: [1649, 369], r: 6.0016874339904146e+33, e: -3.2110334943684701e+34
#ERR  p: [1664, 369], r: -4.5491542027150315e+33, e: 2.1828695747922253e+34
#ERR  p: [1665, 369], r: 2.1498317405087869e+33, e: 1.8814457829186988e+34
#ERR  p: [1680, 369], r: 3.6652483024747396e+33, e: 3.3279321722781885e+34
#ERR  p: [1681, 369], r: 1.0797665061845759e+32, e: -2.4809276552869428e+34
#ERR  p: [1696, 369], r: 6.9264162639362008e+33, e: 2.8685549066200910e+34
#ERR  p: [1697, 369], r: 1.2560035651626168e+34, e: -6.4931384881263570e+33
#ERR  p: [1712, 369], r: 7.8147323255664469e+33, e: 1.8381508107487555e+34
#ERR  p: [1713, 369], r: -1.0878169076313011e+33, e: -1.4803221378952495e+34
#ERR  p: [1728, 369], r: 1.5750519093754493e+34, e: 1.5942908593199873e+34
#ERR  p: [1729, 369], r: 1.0184098805217054e+34, e: 1.6871319056822494e+34
#ERR  p: [1744, 369], r: 7.1239308351442225e+33, e: -3.1888830332455367e+34
#ERR  p: [1745, 369], r: 2.8366981290311328e+33, e: -1.3381785201463961e+34
#ERR  p: [1760, 369], r: 5.2781158138182473e+33, e: 3.2851150449634094e+34
#ERR  p: [1761, 369], r: 2.2537079700722448e+34, e: 2.5505588114406511e+33
#ERR  p: [1776, 369], r: -6.9947963578862074e+33, e: 1.2195011699882324e+34
#ERR  p: [1777, 369], r: -1.2848350648835694e+34, e: -6.2363272080065852e+33
#ERR  p: [1792, 369], r: -4.8807871977792313e+33, e: -2.2473702122471193e+34
#ERR  p: [1793, 369], r: 5.5286296929581744e+33, e: -2.3383489016142805e+34
#ERR  p: [1808, 369], r: 1.2739102440368759e+34, e: -8.6351968936434612e+33
#ERR  p: [1809, 369], r: 1.4970702286867414e+34, e: 7.7661456549045742e+33
#ERR  p: [1824, 369], r: -1.7231294689086133e+34, e: 2.3992851692625611e+33
#ERR  p: [1825, 369], r: -1.9861112611542031e+34, e: -4.4567416074003661e+34
#ERR  p: [1840, 369], r: -1.3619788458566870e+33, e: 7.6348992519395382e+32
#ERR  p: [1841, 369], r: 9.6486037013933967e+33, e: -9.7563589541729533e+33
#ERR  p: [1856, 369], r: 1.1165010924875788e+34, e: -1.7303445548395803e+34
#ERR  p: [1857, 369], r: -2.7955031983438332e+33, e: 9.8013568366609376e+33
#ERR  p: [1872, 369], r: 1.5950380799277000e+34, e: 6.4990935986853393e+33
#ERR  p: [1873, 369], r: 6.6186557045895803e+33, e: 3.6754868093636533e+34
#ERR  p: [1888, 369], r: -1.9807351661000955e+33, e: -3.3183269955133732e+34
#ERR  p: [1889, 369], r: 4.3913397495968723e+33, e: 1.0984854748898625e+34
#ERR  p: [1904, 369], r: -8.5490016045880987e+33, e: -1.8302023691385158e+34
#ERR  p: [1905, 369], r: 8.5651790050214801e+33, e: -1.9146327270798691e+34
#ERR  p: [1920, 369], r: 5.0626505704418204e+32, e: 2.1066154394283402e+34
#ERR  p: [1921, 369], r: -1.3364758574163630e+34, e: 2.6787125307025424e+33
#ERR  p: [1936, 369], r: 1.4844592097125373e+34, e: 2.9177575762455120e+34
#ERR  p: [1937, 369], r: -1.0188575196399110e+34, e: -5.5086346092376408e+34
#ERR  p: [1952, 369], r: -1.2338818242485949e+34, e: -7.9808539753182306e+33
#ERR  p: [1953, 369], r: 2.4538799033685965e+34, e: -8.1439624790143937e+33
#ERR  p: [1968, 369], r: -1.5605254257784590e+34, e: -1.9577974679576796e+34
#ERR  p: [1969, 369], r: -7.5319391599021535e+33, e: -3.4584145186509776e+32
#ERR  p: [1984, 369], r: 4.2951532785981949e+32, e: -1.2128795525120988e+34
#ERR  p: [1985, 369], r: -1.0106369169120345e+34, e: -5.2801596528231075e+33
#ERR  p: [2000, 369], r: 5.7163181151043684e+33, e: 6.7245695215606999e+33
#ERR  p: [2001, 369], r: 5.1161059819069500e+32, e: -2.2427970141539913e+34
#ERR  p: [2016, 369], r: -1.4677425625980433e+34, e: -2.2864435612950917e+34
#ERR  p: [2017, 369], r: 2.7469010534314696e+34, e: 3.7593473435049235e+34
#ERR  p: [2032, 369], r: -1.9336030749843832e+33, e: 1.8907813363429577e+33
#ERR  p: [2033, 369], r: -2.1967973286892153e+33, e: 1.5481661109627426e+33
#ERR  p: [0, 370], r: -7.1025677038862747e+33, e: -1.1094662506263317e+34
#ERR  p: [1, 370], r: -2.9954729141347677e+33, e: -4.5499155358391920e+33
#ERR  p: [2, 370], r: -5.7179769547570108e+33, e: 6.4615580187541673e+33
#ERR  p: [16, 370], r: -8.9461773350322630e+33, e: -2.5462198316029559e+34
#ERR  p: [17, 370], r: 7.9595583117924238e+33, e: 1.0507606580833404e+34
#ERR  p: [18, 370], r: 1.4789670887282477e+34, e: 1.7911342194387085e+34
#ERR  p: [32, 370], r: -2.1649140282349154e+33, e: 3.3039386660247671e+34
#ERR  p: [33, 370], r: -1.0571974511116087e+34, e: -3.8464072098837229e+33
#ERR  p: [34, 370], r: -6.5969558536409468e+33, e: 1.9723249419067014e+34
#ERR  p: [48, 370], r: -3.5164794772236387e+33, e: 4.6280611197891013e+34
#ERR  p: [49, 370], r: -5.6662440594852944e+33, e: 2.8648383630341485e+34
#ERR  p: [50, 370], r: 1.9476417792573941e+34, e: 4.4967992425735742e+33
#ERR  p: [64, 370], r: -2.2150318759828791e+33, e: 9.1854259598146931e+33
#ERR  p: [65, 370], r: -4.4938001007146480e+32, e: 3.1546658753836731e+34
#ERR  p: [66, 370], r: -9.4094256391932059e+33, e: -2.4437753415919335e+34
#ERR  p: [80, 370], r: 1.1252175520981910e+34, e: 4.3824691664513690e+34
#ERR  p: [81, 370], r: -9.8240142342299583e+33, e: 2.8120639888073813e+34
#ERR  p: [82, 370], r: 1.7696003762493433e+34, e: 1.0210970150679802e+34
#ERR  p: [96, 370], r: 1.0533951182809436e+34, e: 5.9584728041290209e+34
#ERR  p: [97, 370], r: -1.0582936470163959e+34, e: -2.6237374085709357e+34
#ERR  p: [98, 370], r: -8.9003339394974468e+33, e: -2.1524148571432608e+32
#ERR  p: [112, 370], r: 6.7407011182126277e+33, e: 8.9091109343759801e+33
#ERR  p: [113, 370], r: -9.9743193430698124e+33, e: -3.4586577738686972e+33
#ERR  p: [114, 370], r: 1.3423847309148780e+33, e: -1.9011901837812770e+34
#ERR  p: [128, 370], r: -1.2771619411380668e+34, e: -9.4276623528819384e+33
#ERR  p: [129, 370], r: -4.8997883394422226e+33, e: -8.9255407507833718e+34
#ERR  p: [130, 370], r: -1.7076789868663003e+34, e: -5.2809625807325880e+34
#ERR  p: [144, 370], r: 2.0865884787517950e+33, e: 1.6900161821797804e+34
#ERR  p: [145, 370], r: -1.0732735880497765e+34, e: -2.6253739653028709e+34
#ERR  p: [146, 370], r: 1.5326392170715047e+34, e: -3.6985671491470958e+33
#ERR  p: [160, 370], r: 5.1898810185481622e+32, e: 1.0118825940765654e+33
#ERR  p: [161, 370], r: -1.3558278312864878e+34, e: -2.5713730400851798e+34
#ERR  p: [162, 370], r: 6.9178274359436388e+33, e: -5.1961264260463570e+33
#ERR  p: [176, 370], r: -1.5889712452801722e+33, e: -1.5255709508291970e+34
#ERR  p: [177, 370], r: 1.2430890032907800e+34, e: 3.8390033380967649e+34
#ERR  p: [178, 370], r: 1.2493256833116977e+33, e: 5.2397854763818541e+33
#ERR  p: [192, 370], r: 6.1433226297651335e+33, e: 1.2447615840778584e+34
#ERR  p: [193, 370], r: -1.5068467673014948e+33, e: -2.9206085521559863e+34
#ERR  p: [194, 370], r: 1.1468193581957131e+34, e: 4.2311196076003698e+34
#ERR  p: [208, 370], r: -4.6098114077299562e+33, e: 5.4827435884920028e+32
#ERR  p: [209, 370], r: 1.0714059079125066e+34, e: 3.1235636222486594e+34
#ERR  p: [210, 370], r: -1.6499555759504780e+34, e: -9.5283161626261345e+33
#ERR  p: [224, 370], r: 5.9074795780307775e+33, e: -1.8508651977162399e+34
#ERR  p: [225, 370], r: 9.8244023284322743e+33, e: 1.2824424362726406e+33
#ERR  p: [226, 370], r: -1.8441632379315567e+34, e: -3.1575010056616445e+33
#ERR  p: [240, 370], r: 9.1804432511565694e+33, e: 3.4190859063669046e+34
#ERR  p: [241, 370], r: -1.1638060000327753e+34, e: 9.1535712867238017e+33
#ERR  p: [242, 370], r: -8.8415392152716269e+33, e: -9.1359541620247314e+32
#ERR  p: [256, 370], r: -2.5480756584643496e+33, e: 2.6674604604064639e+34
#ERR  p: [257, 370], r: -2.7834079051899954e+33, e: -1.9780767827112331e+34
#ERR  p: [258, 370], r: 7.7160728372255395e+33, e: -3.6614824888752335e+33
#ERR  p: [272, 370], r: 5.9340354035260128e+32, e: -1.9425680820063830e+34
#ERR  p: [273, 370], r: -1.0533442389453290e+34, e: 7.7877829898812238e+33
#ERR  p: [274, 370], r: 4.5480595542352934e+33, e: -2.3823821812236536e+34
#ERR  p: [288, 370], r: 8.1682403400948390e+33, e: 3.1971009744023288e+34
#ERR  p: [289, 370], r: -2.2679690393248124e+34, e: 3.2652361419155628e+33
#ERR  p: [290, 370], r: -2.4166612360874815e+34, e: 2.9291285506823640e+34
#ERR  p: [304, 370], r: 6.4472666199706372e+33, e: 9.5027793165257360e+33
#ERR  p: [305, 370], r: 1.6024357620144616e+34, e: 2.6660740913564682e+33
#ERR  p: [306, 370], r: 2.5024049246165127e+34, e: 2.5123728178128386e+34
#ERR  p: [320, 370], r: -8.4349080988074009e+33, e: 1.3852320020696137e+34
#ERR  p: [321, 370], r: 1.8150613721060242e+34, e: -5.1076025717770987e+33
#ERR  p: [322, 370], r: -1.0593884811871399e+34, e: 6.9074974452858220e+33
#ERR  p: [336, 370], r: 1.1649606267074168e+34, e: -2.0148261469234549e+34
#ERR  p: [337, 370], r: 3.7424740969754599e+33, e: -3.2946323279854354e+34
#ERR  p: [338, 370], r: 1.5938771397588582e+34, e: 4.5395701947248880e+34
#ERR  p: [352, 370], r: -3.0370933867105716e+33, e: -4.3801713640474494e+33
#ERR  p: [353, 370], r: 6.2152958446791659e+33, e: 2.5420945202160413e+34
#ERR  p: [354, 370], r: -4.4276714328398393e+33, e: -2.9443596697497156e+34
#ERR  p: [368, 370], r: 7.4005237781217550e+33, e: 5.8059244241439778e+34
#ERR  p: [369, 370], r: -1.2001650417506105e+34, e: 1.7771651802414084e+34
#ERR  p: [370, 370], r: -3.1448024643266629e+34, e: 1.6142445958432087e+34
#ERR  p: [384, 370], r: 1.9748146869137122e+34, e: -2.2862469764168531e+34
#ERR  p: [385, 370], r: -3.8304860630384736e+33, e: 1.9309963136951590e+34
#ERR  p: [386, 370], r: -2.6465415020346116e+34, e: -1.8048346256474837e+34
#ERR  p: [400, 370], r: 9.1350281828753460e+33, e: -2.3717960607717086e+34
#ERR  p: [401, 370], r: -2.4078901833211368e+34, e: -1.7754782393498742e+34
#ERR  p: [402, 370], r: 1.1479373418451917e+34, e: 6.3801201332697786e+33
#ERR  p: [416, 370], r: 3.5310500314860276e+33, e: 7.4966071132409095e+33
#ERR  p: [417, 370], r: 1.2752937967732822e+33, e: 1.3899652658098214e+34
#ERR  p: [418, 370], r: -1.4535310109470471e+33, e: -9.7812403110225502e+33
#ERR  p: [432, 370], r: -9.3401593349175759e+32, e: 2.3081661903404479e+34
#ERR  p: [433, 370], r: 1.1957914305403162e+33, e: 5.5434818785795007e+33
#ERR  p: [434, 370], r: -2.6000665094917520e+34, e: 1.9629782470220889e+34
#ERR  p: [448, 370], r: -7.7248615925344461e+33, e: 8.3700406597188667e+32
#ERR  p: [449, 370], r: -1.2797439126780044e+34, e: 2.4450608185287274e+34
#ERR  p: [450, 370], r: 3.2831661559595624e+33, e: 2.6461176313651603e+34
#ERR  p: [464, 370], r: 8.2319725881673486e+33, e: -7.2835130666384813e+33
#ERR  p: [465, 370], r: -1.3765967513255786e+33, e: 2.2094459191436117e+34
#ERR  p: [466, 370], r: 6.9829481885127119e+32, e: -3.1937105042227340e+34
#ERR  p: [480, 370], r: -6.2212367189276964e+33, e: 1.3655483840629644e+34
#ERR  p: [481, 370], r: 2.9642149900398138e+34, e: 7.7806264585141150e+33
#ERR  p: [482, 370], r: -7.0199881282006550e+32, e: 2.0061129059569448e+34
#ERR  p: [496, 370], r: 8.6071185566424098e+32, e: 9.1341015847559409e+33
#ERR  p: [497, 370], r: 5.7063570305782586e+33, e: 3.7010445766507157e+34
#ERR  p: [498, 370], r: -2.2479794953859546e+33, e: -6.1638346772460726e+34
#ERR  p: [512, 370], r: -8.1967915701908973e+33, e: -2.1096340324201337e+34
#ERR  p: [513, 370], r: -4.5143931558969079e+33, e: 1.3928528847454585e+34
#ERR  p: [514, 370], r: -3.4199056083639174e+33, e: 3.2596759342291125e+33
#ERR  p: [528, 370], r: 1.1253063123990078e+34, e: 2.9990899892385537e+34
#ERR  p: [529, 370], r: 9.8685779092491632e+32, e: -1.5393551655786318e+34
#ERR  p: [530, 370], r: -9.9220343265405747e+33, e: 2.3374414915654843e+34
#ERR  p: [544, 370], r: -1.2361533204266797e+34, e: -1.7321739826296362e+34
#ERR  p: [545, 370], r: 5.7736520700838315e+33, e: 2.8825178799111987e+34
#ERR  p: [546, 370], r: 6.4372950129541935e+33, e: 5.3632380564475572e+34
#ERR  p: [560, 370], r: 4.0237059107652045e+33, e: 1.1782567835963633e+33
#ERR  p: [561, 370], r: -1.0262091503572112e+34, e: -3.9065389093519710e+33
#ERR  p: [562, 370], r: -3.0130727076732879e+33, e: 1.7301709956460725e+34
#ERR  p: [576, 370], r: 3.6127126030875467e+33, e: 5.9390544766727904e+33
#ERR  p: [577, 370], r: 5.8670787858786795e+33, e: 2.9741073688937433e+34
#ERR  p: [578, 370], r: -1.0204069872900825e+34, e: -1.5609003978163585e+34
#ERR  p: [592, 370], r: 3.8401475660750764e+33, e: 2.9274583219813601e+34
#ERR  p: [593, 370], r: 7.6428734427025950e+33, e: 1.4098807499858289e+34
#ERR  p: [594, 370], r: -1.6358093875335561e+34, e: -2.9690333002607203e+33
#ERR  p: [608, 370], r: -1.0520534388663661e+34, e: 1.7945189950941226e+34
#ERR  p: [609, 370], r: 5.8759189156992164e+33, e: 2.4804592187760772e+34
#ERR  p: [610, 370], r: -2.5242091029619569e+33, e: 2.1850698894180512e+34
#SDC Ite:78 KerTime:2.6484292 AccTime:204.4232263 KerErr:156672 AccErr:156673
#ABORT too many errors per iteration
#END
