#HEADER matrix_dim:2048 threads:4 block_size:16 block_offset:12 precision:Float
#BEGIN Y:2023 M:11 D:04 Time:10:07:44
#IT 0 KerTime:2.6703877 AccTime:2.6703877
#IT 1 KerTime:2.6580523 AccTime:5.3284400
#IT 2 KerTime:2.6906314 AccTime:8.0190714
#IT 3 KerTime:2.5911809 AccTime:10.6102523
#IT 4 KerTime:2.6503521 AccTime:13.2606044
#ERR  p: [781, 336], r: -1.4533763922361404e+34, e: -1.1684310678135494e+34
#ERR  p: [1207, 337], r: 1.2939045849933859e+34, e: 7.9330199722002435e+33
#ERR  p: [1864, 2044], r: -1.7027427009596499e+34, e: -2.5479442820776804e+34
#SDC Ite:5 KerTime:2.6503521 AccTime:13.2606044 KerErr:3 AccErr:3
#IT 5 KerTime:2.5892050 AccTime:15.8498094
#ERR  p: [347, 80], r: -4.1629695229096625e+33, e: 5.6276494218505137e+33
#ERR  p: [545, 80], r: -4.1470867522056311e+32, e: -2.0693145729286167e+34
#ERR  p: [546, 80], r: -3.9799331556370990e+34, e: -6.8425433503945377e+32
#ERR  p: [547, 80], r: 1.0448801179374746e+33, e: -9.3627980086435024e+33
#ERR  p: [763, 80], r: 1.3038858479421361e+34, e: 1.9907323675268514e+34
#ERR  p: [764, 80], r: -4.1297813408084529e+34, e: -2.1090507150736224e+34
#SDC Ite:6 KerTime:2.5892050 AccTime:15.8498094 KerErr:6 AccErr:9
#IT 6 KerTime:2.6951931 AccTime:18.5450025
#ERR  p: [108, 464], r: -8.5202768152985326e+34, e: -6.8932641058901344e+34
#SDC Ite:7 KerTime:2.6951931 AccTime:18.5450025 KerErr:1 AccErr:10
#IT 7 KerTime:2.6226543 AccTime:21.1676568
#ERR  p: [854, 210], r: 4.0233412755266330e+34, e: 1.6573457066030000e+34
#SDC Ite:8 KerTime:2.6226543 AccTime:21.1676568 KerErr:1 AccErr:11
#ABORT amount of errors equals of the last iteration
#END
