#HEADER matrix_dim:2048 threads:4 block_size:16 block_offset:12 precision:Float
#BEGIN Y:2023 M:11 D:05 Time:03:57:45
#IT 0 KerTime:2.6565451 AccTime:2.6565451
#ERR  p: [1483, 80], r: -1.4452798929972022e+34, e: -1.4452789026451708e+34
#SDC Ite:1 KerTime:2.6565451 AccTime:2.6565451 KerErr:1 AccErr:1
#IT 1 KerTime:2.6455608 AccTime:5.3021058
#IT 2 KerTime:2.7121170 AccTime:8.0142228
#IT 3 KerTime:2.5952181 AccTime:10.6094409
#ERR  p: [11, 80], r: 6.4417423125453262e+33, e: 6.4417472643054834e+33
#ERR  p: [1371, 464], r: -9.8084688021866321e+33, e: -9.8084663263065536e+33
#SDC Ite:4 KerTime:2.5952181 AccTime:10.6094409 KerErr:2 AccErr:3
#IT 4 KerTime:2.5982634 AccTime:13.2077042
#ERR  p: [1115, 192], r: 8.7079196812512809e+33, e: 8.7079295847715951e+33
#SDC Ite:5 KerTime:2.5982634 AccTime:13.2077042 KerErr:1 AccErr:4
#IT 5 KerTime:2.6398722 AccTime:15.8475764
#IT 6 KerTime:2.5947553 AccTime:18.4423318
#ERR  p: [1931, 448], r: 4.5187465577360608e+34, e: 4.5187485384401236e+34
#SDC Ite:7 KerTime:2.5947553 AccTime:18.4423318 KerErr:1 AccErr:5
#IT 7 KerTime:2.6618222 AccTime:21.1041539
#ERR  p: [1227, 144], r: 1.6780554531082130e+34, e: 1.6780574338122758e+34
#SDC Ite:8 KerTime:2.6618222 AccTime:21.1041539 KerErr:1 AccErr:6
#ABORT amount of errors equals of the last iteration
#END
