#HEADER matrix_dim:2048 threads:4 block_size:16 block_offset:12 precision:Float
#BEGIN Y:2023 M:11 D:02 Time:11:41:30
#IT 0 KerTime:2.6378722 AccTime:2.6378722
#IT 1 KerTime:2.6381586 AccTime:5.2760308
#IT 2 KerTime:2.7305405 AccTime:8.0065712
#ERR  p: [774, 210], r: 2.6565363823237939e+34, e: 9.2885898477310452e+32
#ERR  p: [776, 210], r: 3.6721136703446085e+34, e: 8.3439950202623219e+33
#SDC Ite:3 KerTime:2.7305405 AccTime:8.0065712 KerErr:2 AccErr:2
#IT 3 KerTime:2.5994322 AccTime:10.6060034
#ERR  p: [864, 352], r: 8.6868338485621330e+33, e: 8.1485075758686300e+33
#ERR  p: [865, 352], r: 5.6281904016476814e+33, e: 6.1763230163623836e+33
#ERR  p: [866, 352], r: -2.2826042140572520e+34, e: -2.2425900305794228e+34
#ERR  p: [867, 352], r: -1.5662726862048453e+34, e: -1.5055185504848445e+34
#ERR  p: [868, 352], r: 9.2788891948407000e+33, e: 9.9583301095224024e+33
#ERR  p: [869, 352], r: 3.2237100003707523e+34, e: 3.2597652516029469e+34
#ERR  p: [870, 352], r: -2.3615545828267007e+34, e: -2.3034129957656078e+34
#ERR  p: [871, 352], r: 2.2630142771630756e+33, e: 1.5613111772698944e+33
#ERR  p: [872, 352], r: 1.4880914495818046e+34, e: 1.5001890948217170e+34
#ERR  p: [873, 352], r: -2.3791025685745768e+33, e: -2.7477066429120345e+33
#ERR  p: [874, 352], r: -2.8347891016965509e+34, e: -2.8000713208828002e+34
#ERR  p: [875, 352], r: 1.8789217469725998e+34, e: 1.8670499019958530e+34
#ERR  p: [876, 352], r: 2.7182890404794823e+34, e: 2.7512004191879077e+34
#ERR  p: [877, 352], r: 2.4344737077247510e+34, e: 2.4801133383291008e+34
#ERR  p: [878, 352], r: 3.0737640179362949e+34, e: 3.0227965409908687e+34
#ERR  p: [879, 352], r: -3.3089941655572008e+34, e: -3.3868893142371626e+34
#SDC Ite:4 KerTime:2.5994322 AccTime:10.6060034 KerErr:16 AccErr:18
#IT 4 KerTime:2.6034029 AccTime:13.2094063
#IT 5 KerTime:2.6034499 AccTime:15.8128562
#IT 6 KerTime:2.6390312 AccTime:18.4518874
#IT 7 KerTime:2.6009932 AccTime:21.0528806
#ERR  p: [1408, 256], r: 1.3746894571070516e+34, e: 1.3592860167862315e+34
#ERR  p: [1409, 256], r: 2.7610289203358100e+34, e: 2.8456104307559601e+34
#ERR  p: [1410, 256], r: 8.7673965104387470e+33, e: 7.8557421842178733e+33
#ERR  p: [1411, 256], r: 2.3911864107830513e+34, e: 2.4558608550194610e+34
#ERR  p: [1412, 256], r: -1.5683742132155361e+34, e: -1.6265762117505461e+34
#ERR  p: [1413, 256], r: -3.2851202443115744e+34, e: -3.3892542748882134e+34
#ERR  p: [1414, 256], r: -6.2232638457420262e+33, e: -6.4837610923287702e+33
#ERR  p: [1415, 256], r: -5.0707639520880443e+33, e: -6.0596973042313275e+33
#ERR  p: [1416, 256], r: 8.9690742739988854e+33, e: 9.5963682024657304e+33
#ERR  p: [1417, 256], r: 1.4287923885839799e+34, e: 1.3585283974821888e+34
#ERR  p: [1418, 256], r: 5.3658735379456928e+32, e: 2.0505718512488262e+32
#ERR  p: [1419, 256], r: -3.1297884799422020e+33, e: -4.1837762001199515e+33
#ERR  p: [1420, 256], r: -1.7750580825005407e+34, e: -1.7733343747898397e+34
#ERR  p: [1421, 256], r: -6.0359895145389732e+33, e: -5.7718725312773588e+33
#ERR  p: [1422, 256], r: -5.9963017758495036e+33, e: -6.9193692902625688e+33
#ERR  p: [1423, 256], r: 2.0100764185807248e+34, e: 2.0894694747082220e+34
#SDC Ite:8 KerTime:2.6009932 AccTime:21.0528806 KerErr:16 AccErr:34
#IT 8 KerTime:2.6040778 AccTime:23.6569584
#ERR  p: [1632, 272], r: -4.0305198422264411e+33, e: -3.7682610069637940e+33
#ERR  p: [1633, 272], r: -2.8873871313647218e+33, e: -2.6550988244531738e+33
#ERR  p: [1634, 272], r: -2.0783461192277281e+33, e: -1.8475841923846189e+33
#ERR  p: [1635, 272], r: -1.6934603789570802e+34, e: -1.6730977508388829e+34
#ERR  p: [1636, 272], r: 1.1260243176217933e+34, e: 1.1569468218631028e+34
#ERR  p: [1637, 272], r: -1.3454782811760502e+34, e: -1.3596205081848464e+34
#ERR  p: [1638, 272], r: 3.9972217310497429e+33, e: 4.3040241248059566e+33
#ERR  p: [1639, 272], r: -2.4115824632823093e+34, e: -2.4378240686470730e+34
#ERR  p: [1640, 272], r: 1.2468756142829461e+34, e: 1.2579784509072888e+34
#ERR  p: [1641, 272], r: 3.3648804115577216e+33, e: 3.1288696189480424e+33
#ERR  p: [1642, 272], r: 1.9448030589533088e+34, e: 1.9602542837596454e+34
#ERR  p: [1643, 272], r: -1.3991267648645568e+34, e: -1.4255721351597868e+34
#ERR  p: [1644, 272], r: 1.1153708532317112e+34, e: 1.1299839926314515e+34
#ERR  p: [1645, 272], r: -4.1445222356202475e+34, e: -4.1328870847790120e+34
#ERR  p: [1646, 272], r: 2.2886282778764225e+34, e: 2.3135836635403686e+34
#ERR  p: [1647, 272], r: -1.8529488983903651e+34, e: -1.8461106414073565e+34
#SDC Ite:9 KerTime:2.6040778 AccTime:23.6569584 KerErr:16 AccErr:50
#ABORT amount of errors equals of the last iteration
#END
