#HEADER matrix_dim:2048 threads:4 block_size:16 block_offset:12 precision:Float
#BEGIN Y:2023 M:11 D:04 Time:13:05:37
#IT 0 KerTime:2.6594060 AccTime:2.6594060
#IT 1 KerTime:2.6516250 AccTime:5.3110310
#IT 2 KerTime:2.6324141 AccTime:7.9434451
#IT 3 KerTime:2.5931779 AccTime:10.5366230
#IT 4 KerTime:2.6725918 AccTime:13.2092148
#IT 5 KerTime:2.5976391 AccTime:15.8068539
#IT 6 KerTime:2.6684716 AccTime:18.4753255
#IT 7 KerTime:2.5977347 AccTime:21.0730602
#IT 8 KerTime:2.6184703 AccTime:23.6915305
#IT 9 KerTime:2.5976898 AccTime:26.2892203
#IT 10 KerTime:2.5997040 AccTime:28.8889243
#IT 11 KerTime:2.7691311 AccTime:31.6580554
#ERR  p: [602, 1629], r: 4.8641590633775462e+34, e: 1.7433821679513221e+34
#ERR  p: [603, 1629], r: 5.9547540322510076e+33, e: 1.9146452612227669e+33
#SDC Ite:12 KerTime:2.7691311 AccTime:31.6580554 KerErr:2 AccErr:2
#IT 12 KerTime:2.6304321 AccTime:34.2884875
#IT 13 KerTime:2.5986093 AccTime:36.8870968
#IT 14 KerTime:2.5981469 AccTime:39.4852438
#IT 15 KerTime:2.5952438 AccTime:42.0804876
#IT 16 KerTime:2.5962850 AccTime:44.6767726
#IT 17 KerTime:2.7579178 AccTime:47.4346904
#IT 18 KerTime:2.5978770 AccTime:50.0325674
#IT 19 KerTime:2.6844112 AccTime:52.7169786
#ERR  p: [823, 1757], r: 2.3061072484671085e+34, e: 2.7594002864201262e+34
#SDC Ite:20 KerTime:2.6844112 AccTime:52.7169786 KerErr:1 AccErr:3
#IT 20 KerTime:2.5950626 AccTime:55.3120412
#IT 21 KerTime:2.7022800 AccTime:58.0143212
