#HEADER matrix_dim:2048 threads:4 block_size:16 block_offset:12 precision:Float
#BEGIN Y:2023 M:11 D:04 Time:18:05:58
#IT 0 KerTime:2.6971332 AccTime:2.6971332
#IT 1 KerTime:2.6488318 AccTime:5.3459650
#IT 2 KerTime:2.6598145 AccTime:8.0057795
#IT 3 KerTime:2.5900111 AccTime:10.5957906
#IT 4 KerTime:2.6332287 AccTime:13.2290193
#IT 5 KerTime:2.5933561 AccTime:15.8223754
#IT 6 KerTime:2.6806340 AccTime:18.5030094
#ERR  p: [1558, 977], r: -1.1094419870015617e+34, e: -7.8809497382678218e+33
#SDC Ite:7 KerTime:2.6806340 AccTime:18.5030094 KerErr:1 AccErr:1
#IT 7 KerTime:2.6119676 AccTime:21.1149770
#IT 8 KerTime:2.6304611 AccTime:23.7454380
#ERR  p: [1822, 784], r: -1.8738365368792233e+34, e: -2.0036148667516708e+34
#SDC Ite:9 KerTime:2.6304611 AccTime:23.7454380 KerErr:1 AccErr:2
#IT 9 KerTime:2.5905082 AccTime:26.3359462
#IT 10 KerTime:2.7411338 AccTime:29.0770800
#ERR  p: [1398, 1297], r: -2.6887327268655281e+34, e: -2.4394566639708825e+34
#SDC Ite:11 KerTime:2.7411338 AccTime:29.0770800 KerErr:1 AccErr:3
#IT 11 KerTime:2.5872376 AccTime:31.6643176
#ERR  p: [1453, 784], r: 2.4723740776369994e+33, e: 1.4436599865587953e+33
#ERR  p: [1547, 784], r: -1.6296344188235967e+34, e: -1.1658221091807554e+34
#ERR  p: [1757, 784], r: 4.8352298901874940e+34, e: 4.6992708970809064e+34
#ERR  p: [1758, 784], r: 2.1394458568581963e+34, e: 1.9729503492145484e+34
#SDC Ite:12 KerTime:2.5872376 AccTime:31.6643176 KerErr:4 AccErr:7
#IT 12 KerTime:2.5921237 AccTime:34.2564413
#IT 13 KerTime:2.5917762 AccTime:36.8482175
#ERR  p: [744, 1246], r: -1.8472941120849134e+34, e: -1.2619148526442084e+34
#SDC Ite:14 KerTime:2.5917762 AccTime:36.8482175 KerErr:1 AccErr:8
#IT 14 KerTime:2.5905481 AccTime:39.4387655
#IT 15 KerTime:2.6160361 AccTime:42.0548017
#ERR  p: [1230, 1360], r: -1.3311915865646694e+33, e: 7.4282839645327100e+32
#SDC Ite:16 KerTime:2.6160361 AccTime:42.0548017 KerErr:1 AccErr:9
#IT 16 KerTime:2.5930657 AccTime:44.6478674
#IT 17 KerTime:2.6543302 AccTime:47.3021976
#IT 18 KerTime:2.5888650 AccTime:49.8910626
#IT 19 KerTime:2.6201991 AccTime:52.5112617
#IT 20 KerTime:2.5919456 AccTime:55.1032074
#IT 21 KerTime:2.6108794 AccTime:57.7140868
#IT 22 KerTime:2.6468579 AccTime:60.3609446
#ERR  p: [1550, 528], r: -8.7739947308481380e+33, e: -4.9070166713316100e+33
#ERR  p: [1278, 784], r: -2.2578336528411712e+33, e: -2.6245415125234535e+33
#SDC Ite:23 KerTime:2.6468579 AccTime:60.3609446 KerErr:2 AccErr:11
#IT 23 KerTime:2.6251622 AccTime:62.9861069
#IT 24 KerTime:2.5917216 AccTime:65.5778285
#IT 25 KerTime:2.6164071 AccTime:68.1942355
#IT 26 KerTime:2.5916950 AccTime:70.7859305
#IT 27 KerTime:2.5908622 AccTime:73.3767927
#IT 28 KerTime:2.6964456 AccTime:76.0732383
#IT 29 KerTime:2.5927494 AccTime:78.6659877
#IT 30 KerTime:2.6484422 AccTime:81.3144299
#ERR  p: [1830, 1233], r: 7.4034292233939578e+33, e: 6.9058924560248885e+33
#ERR  p: [1789, 1488], r: -3.5583385627420149e+34, e: -3.6721116896405456e+34
#ERR  p: [1790, 1488], r: 8.4523054891494980e+33, e: 7.1087245986716606e+33
#SDC Ite:31 KerTime:2.6484422 AccTime:81.3144299 KerErr:3 AccErr:14
#IT 31 KerTime:2.5885867 AccTime:83.9030166
#IT 32 KerTime:2.6415765 AccTime:86.5445931
#ERR  p: [1436, 592], r: 2.2285715356775532e+33, e: 4.3337953448107307e+33
#ERR  p: [1437, 592], r: 1.6832163013379898e+34, e: 1.6736549476505652e+34
#ERR  p: [1438, 592], r: 2.5215897765813339e+34, e: 2.5313199852901170e+34
#ERR  p: [1452, 592], r: -1.0865486380610533e+34, e: -1.0031276964277333e+34
#ERR  p: [1547, 592], r: 2.7904416329052071e+34, e: 2.9213453740673689e+34
#ERR  p: [1745, 592], r: -3.7661911712181088e+34, e: -3.7854490616452479e+34
#ERR  p: [1874, 592], r: 1.0798489065684408e+34, e: 8.6288790666529683e+33
#ERR  p: [1493, 593], r: 3.6560191499968573e+33, e: 7.4143162870694531e+33
#ERR  p: [1814, 593], r: -8.8152611525727064e+32, e: -1.1874062436842167e+33
#ERR  p: [1518, 604], r: -2.7328558809217534e+34, e: -2.4303409686976007e+34
#ERR  p: [1740, 656], r: -9.7432863073580997e+33, e: -1.0130969513581024e+34
#ERR  p: [1741, 656], r: 1.6226906893492411e+34, e: 1.7162368663578802e+34
#ERR  p: [1742, 656], r: 4.7775116786198367e+34, e: 4.7985378425990910e+34
#ERR  p: [1742, 784], r: 9.7494636281541338e+33, e: 1.1020008532194212e+34
#ERR  p: [1855, 784], r: -3.2968155590387191e+34, e: -3.1114885075174619e+34
#ERR  p: [1734, 785], r: -1.4607192335791616e+34, e: -1.3879617836502419e+34
#SDC Ite:33 KerTime:2.6415765 AccTime:86.5445931 KerErr:16 AccErr:30
#IT 33 KerTime:2.6229618 AccTime:89.1675549
#IT 34 KerTime:2.5884175 AccTime:91.7559723
#IT 35 KerTime:2.5890223 AccTime:94.3449946
#ERR  p: [1246, 1040], r: -3.1222835922480383e+34, e: -3.4173104527625615e+34
#SDC Ite:36 KerTime:2.5890223 AccTime:94.3449946 KerErr:1 AccErr:31
#IT 36 KerTime:2.5924950 AccTime:96.9374896
#IT 37 KerTime:2.6654706 AccTime:99.6029602
#ERR  p: [1437, 1232], r: 1.3534365025126002e+34, e: 1.1495013552908249e+34
#ERR  p: [1438, 1232], r: -4.3675237639450844e+34, e: -4.6430674289453187e+34
#ERR  p: [1717, 1233], r: -4.9358214315477140e+34, e: -5.0232447571220475e+34
#ERR  p: [1720, 1233], r: -3.0116654793336303e+34, e: -3.1203660231271852e+34
#ERR  p: [1596, 1424], r: 5.5112347784961559e+32, e: 1.6253919054634628e+33
#ERR  p: [1597, 1424], r: 1.2827443079512203e+34, e: 1.8342604603812972e+34
#ERR  p: [1598, 1424], r: -2.3776814753064792e+34, e: -2.2269454395389499e+34
#SDC Ite:38 KerTime:2.6654706 AccTime:99.6029602 KerErr:7 AccErr:38
#IT 38 KerTime:2.5894100 AccTime:102.1923701
#IT 39 KerTime:2.6542588 AccTime:104.8466290
#IT 40 KerTime:2.5921093 AccTime:107.4387383
#IT 41 KerTime:2.6318385 AccTime:110.0705768
#ERR  p: [1698, 976], r: 2.0305193890074718e+34, e: 2.1224536442909573e+34
#ERR  p: [1741, 976], r: -2.0622370221360143e+34, e: -2.1655394045942614e+34
#ERR  p: [1734, 977], r: -9.3084765807496402e+33, e: -7.4365435004748221e+33
#SDC Ite:42 KerTime:2.6318385 AccTime:110.0705768 KerErr:3 AccErr:41
#IT 42 KerTime:2.5907132 AccTime:112.6612900
#IT 43 KerTime:2.6428143 AccTime:115.3041044
#IT 44 KerTime:2.5919073 AccTime:117.8960117
#IT 45 KerTime:2.6336857 AccTime:120.5296974
#ERR  p: [1693, 784], r: -5.7738389990297636e+33, e: -5.2561114296199497e+33
#SDC Ite:46 KerTime:2.6336857 AccTime:120.5296974 KerErr:1 AccErr:42
#IT 46 KerTime:2.5885700 AccTime:123.1182674
#IT 47 KerTime:2.6296710 AccTime:125.7479384
#IT 48 KerTime:2.5920366 AccTime:128.3399749
#IT 49 KerTime:2.6277242 AccTime:130.9676991
#IT 50 KerTime:2.5895906 AccTime:133.5572897
#IT 51 KerTime:2.5905970 AccTime:136.1478867
#IT 52 KerTime:2.5917457 AccTime:138.7396324
#IT 53 KerTime:2.5937219 AccTime:141.3333543
