#HEADER matrix_dim:2048 threads:4 block_size:16 block_offset:12 precision:Float
#BEGIN Y:2023 M:11 D:05 Time:12:16:58
#IT 0 KerTime:2.7045669 AccTime:2.7045669
#IT 1 KerTime:2.6674587 AccTime:5.3720256
#IT 2 KerTime:2.6697201 AccTime:8.0417457
#IT 3 KerTime:2.5954035 AccTime:10.6371492
#IT 4 KerTime:2.6481349 AccTime:13.2852841
#IT 5 KerTime:2.5994796 AccTime:15.8847637
#IT 6 KerTime:2.7264566 AccTime:18.6112203
#IT 7 KerTime:2.6097243 AccTime:21.2209447
#IT 8 KerTime:2.6281519 AccTime:23.8490965
#IT 9 KerTime:2.5991354 AccTime:26.4482319
#IT 10 KerTime:2.5995204 AccTime:29.0477524
#IT 11 KerTime:2.5957031 AccTime:31.6434554
#IT 12 KerTime:2.5984192 AccTime:34.2418746
#IT 13 KerTime:2.6666006 AccTime:36.9084752
#IT 14 KerTime:2.6506191 AccTime:39.5590943
#IT 15 KerTime:2.6473010 AccTime:42.2063953
#IT 16 KerTime:2.5971299 AccTime:44.8035252
#ERR  p: [1559, 2033], r: -9.2888521362768688e+33, e: -2.1744775792659097e+34
#ERR  p: [1560, 2033], r: 3.4893999102462828e+34, e: 1.5694081407363473e+34
#ERR  p: [1561, 2033], r: -6.9196574827037144e+34, e: -7.0103390664614471e+34
#SDC Ite:17 KerTime:2.5971299 AccTime:44.8035252 KerErr:3 AccErr:3
#IT 17 KerTime:2.6594756 AccTime:47.4630008
#IT 18 KerTime:2.5989217 AccTime:50.0619225
#IT 19 KerTime:2.6476107 AccTime:52.7095332
#IT 20 KerTime:2.6719091 AccTime:55.3814423
#IT 21 KerTime:2.6475759 AccTime:58.0290182
#IT 22 KerTime:2.5992764 AccTime:60.6282946
#IT 23 KerTime:2.6396692 AccTime:63.2679638
#IT 24 KerTime:2.6272450 AccTime:65.8952087
#IT 25 KerTime:2.6487775 AccTime:68.5439862
#IT 26 KerTime:2.5991564 AccTime:71.1431426
#IT 27 KerTime:2.6415166 AccTime:73.7846592
#IT 28 KerTime:2.6252706 AccTime:76.4099298
#IT 29 KerTime:2.5948677 AccTime:79.0047975
