#HEADER matrix_dim:2048 threads:4 block_size:16 block_offset:12 precision:Float
#BEGIN Y:2023 M:11 D:03 Time:11:08:34
#IT 0 KerTime:2.6937380 AccTime:2.6937380
#IT 1 KerTime:2.6499331 AccTime:5.3436712
#IT 2 KerTime:2.6513616 AccTime:7.9950327
#IT 3 KerTime:2.5983886 AccTime:10.5934214
#IT 4 KerTime:2.6411959 AccTime:13.2346173
#IT 5 KerTime:2.5990839 AccTime:15.8337012
#IT 6 KerTime:2.6324217 AccTime:18.4661230
#IT 7 KerTime:2.5960151 AccTime:21.0621380
#IT 8 KerTime:2.5957725 AccTime:23.6579105
#IT 9 KerTime:2.6364404 AccTime:26.2943509
#ERR  p: [262, 1756], r: -2.8478221344301473e+34, e: -1.7174901568536527e+34
#SDC Ite:10 KerTime:2.6364404 AccTime:26.2943509 KerErr:1 AccErr:1
#IT 10 KerTime:2.6245613 AccTime:28.9189122
#IT 11 KerTime:2.5939923 AccTime:31.5129045
#IT 12 KerTime:2.5919687 AccTime:34.1048732
#IT 13 KerTime:2.5960057 AccTime:36.7008789
#IT 14 KerTime:2.5947294 AccTime:39.2956084
#IT 15 KerTime:2.6903402 AccTime:41.9859485
#IT 16 KerTime:2.5978485 AccTime:44.5837970
#IT 17 KerTime:2.7406624 AccTime:47.3244594
#IT 18 KerTime:2.5955934 AccTime:49.9200528
#IT 19 KerTime:2.6615103 AccTime:52.5815630
#IT 20 KerTime:2.5931719 AccTime:55.1747350
#IT 21 KerTime:2.6314363 AccTime:57.8061713
#IT 22 KerTime:2.5955647 AccTime:60.4017360
#IT 23 KerTime:2.6569428 AccTime:63.0586788
#IT 24 KerTime:2.6493411 AccTime:65.7080199
#IT 25 KerTime:2.6199675 AccTime:68.3279874
#IT 26 KerTime:2.5957298 AccTime:70.9237173
#IT 27 KerTime:2.5950182 AccTime:73.5187355
#IT 28 KerTime:2.5956773 AccTime:76.1144127
#IT 29 KerTime:2.5919676 AccTime:78.7063804
#IT 30 KerTime:2.6426681 AccTime:81.3490484
#IT 31 KerTime:2.5948312 AccTime:83.9438796
#IT 32 KerTime:2.6415500 AccTime:86.5854297
#IT 33 KerTime:2.5934339 AccTime:89.1788636
#IT 34 KerTime:2.6680198 AccTime:91.8468834
#IT 35 KerTime:2.5957069 AccTime:94.4425903
#IT 36 KerTime:2.6639849 AccTime:97.1065752
#IT 37 KerTime:2.6148717 AccTime:99.7214470
#IT 38 KerTime:2.6347252 AccTime:102.3561722
#IT 39 KerTime:2.5961071 AccTime:104.9522793
#IT 40 KerTime:2.6161084 AccTime:107.5683876
#IT 41 KerTime:2.5918335 AccTime:110.1602211
#IT 42 KerTime:2.5916591 AccTime:112.7518802
#IT 43 KerTime:2.7129073 AccTime:115.4647875
#IT 44 KerTime:2.5966140 AccTime:118.0614015
#IT 45 KerTime:2.6705025 AccTime:120.7319039
#IT 46 KerTime:2.5938090 AccTime:123.3257129
#IT 47 KerTime:2.6792483 AccTime:126.0049612
#IT 48 KerTime:2.5954833 AccTime:128.6004446
#IT 49 KerTime:2.6573376 AccTime:131.2577821
#IT 50 KerTime:2.5946112 AccTime:133.8523933
#IT 51 KerTime:2.6453795 AccTime:136.4977729
#IT 52 KerTime:2.5971507 AccTime:139.0949236
#IT 53 KerTime:2.6218295 AccTime:141.7167531
#IT 54 KerTime:2.5923223 AccTime:144.3090754
#IT 55 KerTime:2.5919622 AccTime:146.9010376
#IT 56 KerTime:2.5966315 AccTime:149.4976690
#IT 57 KerTime:2.5953461 AccTime:152.0930151
#IT 58 KerTime:2.6443046 AccTime:154.7373197
#IT 59 KerTime:2.5914899 AccTime:157.3288096
