#HEADER matrix_dim:2048 threads:4 block_size:16 block_offset:12 precision:Float
#BEGIN Y:2023 M:11 D:08 Time:15:08:07
#IT 0 KerTime:2.7044495 AccTime:2.7044495
#IT 1 KerTime:2.6559186 AccTime:5.3603681
#IT 2 KerTime:2.6783430 AccTime:8.0387111
#IT 3 KerTime:2.5949989 AccTime:10.6337100
#IT 4 KerTime:2.6606224 AccTime:13.2943325
#IT 5 KerTime:2.6006670 AccTime:15.8949995
#IT 6 KerTime:2.6369263 AccTime:18.5319257
#IT 7 KerTime:2.5954683 AccTime:21.1273940
#IT 8 KerTime:2.6240957 AccTime:23.7514897
#IT 9 KerTime:2.6262130 AccTime:26.3777027
#IT 10 KerTime:2.5986637 AccTime:28.9763664
#IT 11 KerTime:2.6715793 AccTime:31.6479458
#IT 12 KerTime:2.5948542 AccTime:34.2428000
#IT 13 KerTime:2.7074065 AccTime:36.9502065
#IT 14 KerTime:2.6001349 AccTime:39.5503414
#IT 15 KerTime:2.6442024 AccTime:42.1945438
#IT 16 KerTime:2.5950853 AccTime:44.7896291
#IT 17 KerTime:2.6475280 AccTime:47.4371571
#IT 18 KerTime:2.5985458 AccTime:50.0357029
#IT 19 KerTime:2.6551960 AccTime:52.6908990
#IT 20 KerTime:2.5968855 AccTime:55.2877844
#IT 21 KerTime:2.6364934 AccTime:57.9242779
#IT 22 KerTime:2.5982757 AccTime:60.5225536
#IT 23 KerTime:2.6200984 AccTime:63.1426520
#IT 24 KerTime:2.6209930 AccTime:65.7636451
#IT 25 KerTime:2.5949703 AccTime:68.3586153
#IT 26 KerTime:2.6975912 AccTime:71.0562065
#IT 27 KerTime:2.5987754 AccTime:73.6549819
#IT 28 KerTime:2.6986979 AccTime:76.3536798
#IT 29 KerTime:2.5950897 AccTime:78.9487695
#IT 30 KerTime:2.6530132 AccTime:81.6017827
#IT 31 KerTime:2.5992592 AccTime:84.2010419
#IT 32 KerTime:2.6712642 AccTime:86.8723061
#IT 33 KerTime:2.5947125 AccTime:89.4670186
#IT 34 KerTime:2.6470298 AccTime:92.1140485
#IT 35 KerTime:2.5985808 AccTime:94.7126293
#IT 36 KerTime:2.6265396 AccTime:97.3391688
#IT 37 KerTime:2.5947206 AccTime:99.9338895
#IT 38 KerTime:2.5972083 AccTime:102.5310978
#IT 39 KerTime:2.5986415 AccTime:105.1297392
#IT 40 KerTime:2.5994507 AccTime:107.7291899
#IT 41 KerTime:2.7093381 AccTime:110.4385280
#IT 42 KerTime:2.5982749 AccTime:113.0368029
#IT 43 KerTime:2.6571826 AccTime:115.6939854
#IT 44 KerTime:2.6006463 AccTime:118.2946317
#IT 45 KerTime:2.6766323 AccTime:120.9712640
#IT 46 KerTime:2.5967356 AccTime:123.5679996
#IT 47 KerTime:2.6351784 AccTime:126.2031781
#IT 48 KerTime:2.6271710 AccTime:128.8303491
#IT 49 KerTime:2.6385555 AccTime:131.4689046
#IT 50 KerTime:2.6365429 AccTime:134.1054475
#IT 51 KerTime:2.6254794 AccTime:136.7309269
#IT 52 KerTime:2.6002587 AccTime:139.3311856
#IT 53 KerTime:2.5987133 AccTime:141.9298989
#IT 54 KerTime:2.5978364 AccTime:144.5277353
#IT 55 KerTime:2.5947808 AccTime:147.1225161
#IT 56 KerTime:2.6644923 AccTime:149.7870084
#IT 57 KerTime:2.5983618 AccTime:152.3853702
#IT 58 KerTime:2.6608771 AccTime:155.0462473
#IT 59 KerTime:2.5950953 AccTime:157.6413426
#IT 60 KerTime:2.6730762 AccTime:160.3144189
#IT 61 KerTime:2.6005441 AccTime:162.9149630
#IT 62 KerTime:2.6571811 AccTime:165.5721441
#IT 63 KerTime:2.6634750 AccTime:168.2356191
#ERR  p: [1950, 336], r: -4.5454657603679807e+34, e: -2.6848520324303763e+34
#ERR  p: [1912, 402], r: 4.1311893738091361e+34, e: 1.3861931387161149e+34
#ERR  p: [1094, 466], r: 2.4648245312559185e+34, e: 2.2921673008607315e+33
#ERR  p: [1095, 466], r: -7.0198820986362902e+34, e: -4.5150109498735132e+34
#ERR  p: [1206, 466], r: -3.9465330382011638e+33, e: -3.1708358481768188e+34
#ERR  p: [1207, 466], r: 8.3645862959057753e+33, e: 3.1310251820414481e+34
#SDC Ite:64 KerTime:2.6634750 AccTime:168.2356191 KerErr:6 AccErr:6
#IT 64 KerTime:2.6422143 AccTime:170.8778334
#IT 65 KerTime:2.5982082 AccTime:173.4760416
#IT 66 KerTime:2.6605259 AccTime:176.1365675
#IT 67 KerTime:2.5953384 AccTime:178.7319059
#IT 68 KerTime:2.6258651 AccTime:181.3577710
#IT 69 KerTime:2.6364026 AccTime:183.9941735
#IT 70 KerTime:2.6243051 AccTime:186.6184786
#IT 71 KerTime:2.5946916 AccTime:189.2131703
#IT 72 KerTime:2.5951792 AccTime:191.8083495
#IT 73 KerTime:2.5986807 AccTime:194.4070302
#IT 74 KerTime:2.5985780 AccTime:197.0056082
#IT 75 KerTime:2.6918840 AccTime:199.6974922
#IT 76 KerTime:2.5949955 AccTime:202.2924877
#IT 77 KerTime:2.6586864 AccTime:204.9511741
#IT 78 KerTime:2.6003086 AccTime:207.5514827
#IT 79 KerTime:2.6360584 AccTime:210.1875411
#IT 80 KerTime:2.5947597 AccTime:212.7823008
#IT 81 KerTime:2.6291967 AccTime:215.4114975
#IT 82 KerTime:2.5982763 AccTime:218.0097738
#IT 83 KerTime:2.6788062 AccTime:220.6885799
#IT 84 KerTime:2.5966418 AccTime:223.2852218
#IT 85 KerTime:2.6173500 AccTime:225.9025718
#IT 86 KerTime:2.5987846 AccTime:228.5013564
#IT 87 KerTime:2.5980533 AccTime:231.0994097
#IT 88 KerTime:2.6487987 AccTime:233.7482083
#IT 89 KerTime:2.5951046 AccTime:236.3433129
#IT 90 KerTime:2.6546171 AccTime:238.9979300
#IT 91 KerTime:2.6428612 AccTime:241.6407912
#IT 92 KerTime:2.7139290 AccTime:244.3547201
#IT 93 KerTime:2.5948984 AccTime:246.9496186
#IT 94 KerTime:2.6748663 AccTime:249.6244848
#IT 95 KerTime:2.5979333 AccTime:252.2224182
#IT 96 KerTime:2.6596424 AccTime:254.8820606
#IT 97 KerTime:2.5939375 AccTime:257.4759982
#IT 98 KerTime:2.6289683 AccTime:260.1049665
#IT 99 KerTime:2.5974047 AccTime:262.7023712
#IT 100 KerTime:2.6303566 AccTime:265.3327279
#IT 101 KerTime:2.5940137 AccTime:267.9267416
#IT 102 KerTime:2.6162274 AccTime:270.5429690
#IT 103 KerTime:2.7091695 AccTime:273.2521385
#IT 104 KerTime:2.5980285 AccTime:275.8501669
#IT 105 KerTime:2.6930194 AccTime:278.5431863
#IT 106 KerTime:2.5967131 AccTime:281.1398994
#IT 107 KerTime:2.6775414 AccTime:283.8174408
#ERR  p: [1638, 210], r: 3.6741943999626394e+34, e: 1.6613211034511571e+34
#SDC Ite:108 KerTime:2.6775414 AccTime:283.8174408 KerErr:1 AccErr:7
#IT 108 KerTime:2.5974736 AccTime:286.4149144
#IT 109 KerTime:2.6489254 AccTime:289.0638398
#IT 110 KerTime:2.6490494 AccTime:291.7128892
#IT 111 KerTime:2.6809396 AccTime:294.3938287
#IT 112 KerTime:2.6279101 AccTime:297.0217388
#IT 113 KerTime:2.6672791 AccTime:299.6890179
