#HEADER matrix_dim:2048 threads:4 block_size:16 block_offset:12 precision:Float
#BEGIN Y:2023 M:11 D:07 Time:13:59:25
#IT 0 KerTime:2.6765262 AccTime:2.6765262
#IT 1 KerTime:2.6657744 AccTime:5.3423006
#IT 2 KerTime:2.6943567 AccTime:8.0366573
#IT 3 KerTime:2.6022123 AccTime:10.6388696
#IT 4 KerTime:2.6669065 AccTime:13.3057761
#IT 5 KerTime:2.6071258 AccTime:15.9129019
#IT 6 KerTime:2.6552748 AccTime:18.5681767
#IT 7 KerTime:2.6194274 AccTime:21.1876042
#IT 8 KerTime:2.6452759 AccTime:23.8328801
#IT 9 KerTime:2.6065001 AccTime:26.4393802
#IT 10 KerTime:2.6068982 AccTime:29.0462784
#IT 11 KerTime:2.6029341 AccTime:31.6492125
#IT 12 KerTime:2.6030063 AccTime:34.2522188
#IT 13 KerTime:2.7155752 AccTime:36.9677940
#ERR  p: [73, 1643], r: -6.9085045095077806e+33, e: -4.8715277776673885e+34
#SDC Ite:14 KerTime:2.7155752 AccTime:36.9677940 KerErr:1 AccErr:1
#IT 14 KerTime:2.6066430 AccTime:39.5744370
#IT 15 KerTime:2.6017990 AccTime:42.1762361
#IT 16 KerTime:2.6042934 AccTime:44.7805294
#IT 17 KerTime:2.6669142 AccTime:47.4474437
#IT 18 KerTime:2.6067120 AccTime:50.0541557
#IT 19 KerTime:2.6974278 AccTime:52.7515834
#ERR  p: [716, 1854], r: -4.6056544050780359e+33, e: -1.0039077224464870e+34
#ERR  p: [717, 1854], r: -1.1905471142033906e+34, e: -1.1760228588984709e+34
#SDC Ite:20 KerTime:2.6974278 AccTime:52.7515834 KerErr:2 AccErr:3
