#HEADER matrix_dim:2048 threads:4 block_size:16 block_offset:12 precision:Float
#BEGIN Y:2023 M:11 D:05 Time:08:05:34
#IT 0 KerTime:2.7001701 AccTime:2.7001701
#IT 1 KerTime:2.6521109 AccTime:5.3522809
#IT 2 KerTime:2.6297972 AccTime:7.9820781
#IT 3 KerTime:2.5930047 AccTime:10.5750828
#IT 4 KerTime:2.6447783 AccTime:13.2198611
#IT 5 KerTime:2.5970782 AccTime:15.8169393
#IT 6 KerTime:2.6261136 AccTime:18.4430529
#IT 7 KerTime:2.6027730 AccTime:21.0458259
#IT 8 KerTime:2.6056220 AccTime:23.6514479
#IT 9 KerTime:2.6543473 AccTime:26.3057951
#ERR  p: [1398, 1117], r: -1.8402614985157370e+34, e: -1.1071996443114022e+32
#ERR  p: [1399, 1117], r: 1.6557033315528801e+33, e: 6.9953398135634536e+33
#SDC Ite:10 KerTime:2.6543473 AccTime:26.3057951 KerErr:2 AccErr:2
#IT 10 KerTime:2.6275458 AccTime:28.9333409
#IT 11 KerTime:2.5909967 AccTime:31.5243377
#IT 12 KerTime:2.6145377 AccTime:34.1388754
#IT 13 KerTime:2.5957696 AccTime:36.7346450
#IT 14 KerTime:2.5956247 AccTime:39.3302697
#IT 15 KerTime:2.7116708 AccTime:42.0419405
#ERR  p: [1192, 1234], r: -3.8659822605489269e+34, e: -3.5583462379702585e+34
#ERR  p: [1193, 1234], r: 2.8243510388733044e+34, e: 1.6530507974307033e+34
#SDC Ite:16 KerTime:2.7116708 AccTime:42.0419405 KerErr:2 AccErr:4
#IT 16 KerTime:2.6154646 AccTime:44.6574051
#IT 17 KerTime:2.5963462 AccTime:47.2537512
#IT 18 KerTime:2.6245880 AccTime:49.8783392
#IT 19 KerTime:2.6512201 AccTime:52.5295593
#IT 20 KerTime:2.6140514 AccTime:55.1436108
#IT 21 KerTime:2.6901854 AccTime:57.8337962
#ERR  p: [1849, 1909], r: -3.4741001474037528e+33, e: -8.1197205181950878e+33
#SDC Ite:22 KerTime:2.6901854 AccTime:57.8337962 KerErr:1 AccErr:5
#IT 22 KerTime:2.5965760 AccTime:60.4303722
#IT 23 KerTime:2.7065807 AccTime:63.1369529
#IT 24 KerTime:2.6487206 AccTime:65.7856736
