#HEADER matrix_dim:2048 threads:4 block_size:16 block_offset:12 precision:Float
#BEGIN Y:2023 M:11 D:05 Time:19:30:14
#IT 0 KerTime:2.6869650 AccTime:2.6869650
#IT 1 KerTime:2.6639009 AccTime:5.3508659
#IT 2 KerTime:2.6994003 AccTime:8.0502661
#IT 3 KerTime:2.6009422 AccTime:10.6512083
#IT 4 KerTime:2.6776114 AccTime:13.3288197
#IT 5 KerTime:2.6043313 AccTime:15.9331510
#IT 6 KerTime:2.6623225 AccTime:18.5954735
#IT 7 KerTime:2.6009438 AccTime:21.1964173
#IT 8 KerTime:2.6386572 AccTime:23.8350744
#IT 9 KerTime:2.6045862 AccTime:26.4396607
#IT 10 KerTime:2.6041456 AccTime:29.0438063
#IT 11 KerTime:2.6303479 AccTime:31.6741541
#IT 12 KerTime:2.6037444 AccTime:34.2778985
#IT 13 KerTime:2.7120726 AccTime:36.9899711
#ERR  p: [313, 1501], r: 1.0428530684943972e+32, e: -3.0758848568115987e+34
#SDC Ite:14 KerTime:2.7120726 AccTime:36.9899711 KerErr:1 AccErr:1
#IT 14 KerTime:2.6224515 AccTime:39.6124227
#IT 15 KerTime:2.6029491 AccTime:42.2153718
#IT 16 KerTime:2.6023386 AccTime:44.8177104
#IT 17 KerTime:2.7393418 AccTime:47.5570522
#IT 18 KerTime:2.6069979 AccTime:50.1640501
#IT 19 KerTime:2.6902276 AccTime:52.8542777
#IT 20 KerTime:2.6021414 AccTime:55.4564191
