#HEADER matrix_dim:2048 threads:4 block_size:16 block_offset:12 precision:Float
#BEGIN Y:2023 M:11 D:06 Time:13:38:33
#IT 0 KerTime:2.6522668 AccTime:2.6522668
#IT 1 KerTime:2.6245659 AccTime:5.2768327
#IT 2 KerTime:2.6889181 AccTime:7.9657508
#IT 3 KerTime:2.5895293 AccTime:10.5552801
#IT 4 KerTime:2.6625896 AccTime:13.2178697
#IT 5 KerTime:2.5931370 AccTime:15.8110067
#IT 6 KerTime:2.6774761 AccTime:18.4884828
#IT 7 KerTime:2.5895324 AccTime:21.0780152
#IT 8 KerTime:2.6730033 AccTime:23.7510185
#IT 9 KerTime:2.5924934 AccTime:26.3435119
#IT 10 KerTime:2.5929997 AccTime:28.9365116
#IT 11 KerTime:2.7173773 AccTime:31.6538888
#IT 12 KerTime:2.5898561 AccTime:34.2437449
#IT 13 KerTime:2.6380201 AccTime:36.8817651
#IT 14 KerTime:2.5945595 AccTime:39.4763246
#IT 15 KerTime:2.6875454 AccTime:42.1638700
#IT 16 KerTime:2.5912774 AccTime:44.7551474
#IT 17 KerTime:2.6258444 AccTime:47.3809919
#IT 18 KerTime:2.5927503 AccTime:49.9737421
#IT 19 KerTime:2.6561212 AccTime:52.6298634
#IT 20 KerTime:2.5910812 AccTime:55.2209446
#IT 21 KerTime:2.6261576 AccTime:57.8471022
#IT 22 KerTime:2.5946083 AccTime:60.4417105
#IT 23 KerTime:2.6226152 AccTime:63.0643257
#IT 24 KerTime:2.5898194 AccTime:65.6541452
#IT 25 KerTime:2.5890900 AccTime:68.2432351
#IT 26 KerTime:2.6937195 AccTime:70.9369547
#IT 27 KerTime:2.5927662 AccTime:73.5297209
#IT 28 KerTime:2.7237126 AccTime:76.2534334
#IT 29 KerTime:2.5895301 AccTime:78.8429635
#IT 30 KerTime:2.6322954 AccTime:81.4752589
#IT 31 KerTime:2.5931801 AccTime:84.0684390
#IT 32 KerTime:2.6275264 AccTime:86.6959654
#IT 33 KerTime:2.5893740 AccTime:89.2853394
#IT 34 KerTime:2.6253313 AccTime:91.9106707
#IT 35 KerTime:2.5928126 AccTime:94.5034834
#IT 36 KerTime:2.6161270 AccTime:97.1196103
#IT 37 KerTime:2.5894312 AccTime:99.7090415
#IT 38 KerTime:2.5914402 AccTime:102.3004817
#IT 39 KerTime:2.7444084 AccTime:105.0448901
#IT 40 KerTime:2.5929529 AccTime:107.6378430
#IT 41 KerTime:2.7259817 AccTime:110.3638247
#IT 42 KerTime:2.5896862 AccTime:112.9535108
#IT 43 KerTime:2.6330143 AccTime:115.5865252
#IT 44 KerTime:2.5944970 AccTime:118.1810221
#IT 45 KerTime:2.6866936 AccTime:120.8677158
#ERR  p: [1849, 1986], r: 1.0056818143167869e+34, e: -1.0749877636221750e+34
#SDC Ite:46 KerTime:2.6866936 AccTime:120.8677158 KerErr:1 AccErr:1
