#HEADER matrix_dim:2048 threads:4 block_size:16 block_offset:12 precision:Float
#BEGIN Y:2023 M:11 D:02 Time:12:33:59
#IT 0 KerTime:2.7039374 AccTime:2.7039374
#IT 1 KerTime:2.6678683 AccTime:5.3718057
#IT 2 KerTime:2.6275993 AccTime:7.9994050
#ERR  p: [72, 1109], r: 1.4710583849932692e+34, e: 1.0422374409128606e+34
#SDC Ite:3 KerTime:2.6275993 AccTime:7.9994050 KerErr:1 AccErr:1
#IT 3 KerTime:2.5844019 AccTime:10.5838069
#IT 4 KerTime:2.6466338 AccTime:13.2304407
#IT 5 KerTime:2.5867195 AccTime:15.8171602
#IT 6 KerTime:2.6292214 AccTime:18.4463817
#IT 7 KerTime:2.6076460 AccTime:21.0540277
#IT 8 KerTime:2.6467193 AccTime:23.7007470
#IT 9 KerTime:2.6215805 AccTime:26.3223275
#IT 10 KerTime:2.6230006 AccTime:28.9453281
#IT 11 KerTime:2.5849540 AccTime:31.5302821
#IT 12 KerTime:2.6132999 AccTime:34.1435820
#IT 13 KerTime:2.6034733 AccTime:36.7470553
#IT 14 KerTime:2.5867223 AccTime:39.3337776
#IT 15 KerTime:2.6956562 AccTime:42.0294338
#IT 16 KerTime:2.5854283 AccTime:44.6148620
#IT 17 KerTime:2.6865087 AccTime:47.3013707
#IT 18 KerTime:2.5895965 AccTime:49.8909672
#ERR  p: [105, 1492], r: -4.6292554843390038e+34, e: -1.9982377503970309e+34
#SDC Ite:19 KerTime:2.5895965 AccTime:49.8909672 KerErr:1 AccErr:2
#IT 19 KerTime:2.5833758 AccTime:52.4743430
#IT 20 KerTime:2.5833240 AccTime:55.0576670
#IT 21 KerTime:2.6372149 AccTime:57.6948819
#IT 22 KerTime:2.5891950 AccTime:60.2840769
#IT 23 KerTime:2.6317517 AccTime:62.9158286
