#HEADER matrix_dim:2048 threads:4 block_size:16 block_offset:12 precision:Float
#BEGIN Y:2023 M:11 D:07 Time:16:16:56
#IT 0 KerTime:2.6651094 AccTime:2.6651094
#ERR  p: [1232, 48], r: -1.5078003215652553e+34, e: -1.6448033933009762e+34
#ERR  p: [1233, 48], r: 3.1469965892522923e+34, e: 3.1976686937043451e+34
#ERR  p: [1234, 48], r: -1.6609599344446956e+33, e: -3.1909058891667310e+33
#ERR  p: [1235, 48], r: -3.9047889573124372e+34, e: -3.6276211149806605e+34
#ERR  p: [1236, 48], r: -3.1729935157682912e+33, e: -5.9936463944652364e+33
#ERR  p: [1237, 48], r: -2.9956611429177410e+34, e: -3.0950791171207185e+34
#ERR  p: [1238, 48], r: 1.9198737938241916e+34, e: 2.1621675035152559e+34
#ERR  p: [1239, 48], r: -2.1059583408554875e+34, e: -2.1252910028609994e+34
#ERR  p: [1240, 48], r: -4.0535088839319863e+34, e: -4.3613137615320133e+34
#ERR  p: [1241, 48], r: -1.4472471035136306e+34, e: -1.6754635780479612e+34
#ERR  p: [1242, 48], r: 2.2457829255287476e+34, e: 2.6178559554442908e+34
#ERR  p: [1243, 48], r: -3.6069797027656161e+34, e: -3.3651189007062899e+34
#ERR  p: [1244, 48], r: -1.3734117791925052e+34, e: -1.5606118339932011e+34
#ERR  p: [1245, 48], r: -2.3206872729707980e+33, e: -7.0564791962236800e+33
#ERR  p: [1246, 48], r: 1.1984352681337170e+34, e: 1.3360313131482556e+34
#ERR  p: [1247, 48], r: 2.7354238637392470e+34, e: 3.1187500161999021e+34
#ERR  p: [1232, 49], r: 7.9668918685851504e+33, e: 1.0393255583524535e+34
#ERR  p: [1233, 49], r: 9.8976017229552188e+33, e: 1.1715134147173661e+34
#ERR  p: [1234, 49], r: 2.8219947438025286e+34, e: 2.6050818997669128e+34
#ERR  p: [1235, 49], r: -1.3690818363170967e+34, e: -1.5760218353962294e+34
#ERR  p: [1236, 49], r: -1.1501383682865401e+33, e: -3.8065297568832328e+33
#ERR  p: [1237, 49], r: -3.2745242203393151e+34, e: -3.3204290177000798e+34
#ERR  p: [1238, 49], r: 2.1241265964600476e+34, e: 2.2252289118804767e+34
#ERR  p: [1239, 49], r: -6.9457287475190724e+33, e: -4.9651125784052532e+33
#ERR  p: [1240, 49], r: -9.0132736851615306e+33, e: -1.0626342361761422e+34
#ERR  p: [1241, 49], r: 1.0159788757695587e+34, e: 7.4155133750874421e+33
#ERR  p: [1242, 49], r: -3.7803316651108500e+34, e: -3.7709401567968154e+34
#ERR  p: [1243, 49], r: 1.2120623882921665e+34, e: 1.1209741412315286e+34
#ERR  p: [1244, 49], r: 1.0557276449029652e+34, e: 1.1926940736135232e+34
#ERR  p: [1245, 49], r: 3.9435375327911030e+33, e: 3.4245361230808644e+33
#ERR  p: [1246, 49], r: 6.8606884565203632e+33, e: 1.1006851705456687e+34
#ERR  p: [1247, 49], r: 3.4885630008827239e+33, e: 4.4194474876738567e+33
#ERR  p: [1232, 50], r: -2.1655238684467684e+33, e: -7.4663011031391641e+33
#ERR  p: [1233, 50], r: -3.2194975380050721e+34, e: -3.6869743977522059e+34
#ERR  p: [1234, 50], r: 1.8205903837034845e+34, e: 1.8722218916859834e+34
#ERR  p: [1235, 50], r: 2.3693117627008707e+34, e: 2.3917731943616725e+34
#ERR  p: [1236, 50], r: 1.7449845575381731e+34, e: 1.6759226062145282e+34
#ERR  p: [1237, 50], r: -2.9369094990052883e+34, e: -2.8184871644952174e+34
#ERR  p: [1238, 50], r: -9.9316432171255078e+33, e: -1.1843231230678755e+34
#ERR  p: [1239, 50], r: -1.5365953020550490e+34, e: -1.8209422062626494e+34
#ERR  p: [1240, 50], r: -1.9349757957454458e+34, e: -1.5089569289439597e+34
#ERR  p: [1241, 50], r: 3.5594678116458510e+34, e: 3.4326571954295824e+34
#ERR  p: [1242, 50], r: -2.4766506962452157e+33, e: -1.0643291617809298e+33
#ERR  p: [1243, 50], r: -2.8774569334425922e+34, e: -2.6300499124192597e+34
#ERR  p: [1244, 50], r: -4.5605483266306181e+34, e: -4.7859281853589301e+34
#ERR  p: [1245, 50], r: 1.2021862264527517e+34, e: 1.0713625800111316e+34
#ERR  p: [1246, 50], r: 3.7259243860752635e+33, e: 4.4998439561001966e+33
#ERR  p: [1247, 50], r: -5.3349719239425463e+34, e: -5.1050359506936483e+34
#ERR  p: [1232, 51], r: 2.6666894713499969e+34, e: 2.8085564095000701e+34
#ERR  p: [1233, 51], r: 1.2712203241255127e+34, e: 1.5693920475158366e+34
#ERR  p: [1234, 51], r: 2.0968627002108421e+34, e: 2.2750255451367469e+34
#ERR  p: [1235, 51], r: 1.3808815093895531e+34, e: 1.2864440155526286e+34
#ERR  p: [1236, 51], r: -2.4800306439344766e+34, e: -2.8809865480826027e+34
#ERR  p: [1237, 51], r: -6.6937141136695197e+34, e: -6.6297076618783084e+34
#ERR  p: [1238, 51], r: -1.1747011103185259e+34, e: -1.1134660348932628e+34
#ERR  p: [1239, 51], r: 1.2422646590186198e+34, e: 1.0902942732379190e+34
#ERR  p: [1240, 51], r: 3.5438524359903053e+34, e: 3.7917932567585776e+34
#ERR  p: [1241, 51], r: 4.1558573097959601e+34, e: 4.1680841959759740e+34
#ERR  p: [1242, 51], r: -1.7645136806279196e+34, e: -1.8776854162553655e+34
#ERR  p: [1243, 51], r: 1.9605585694213017e+34, e: 1.9434239937495449e+34
#ERR  p: [1244, 51], r: 5.1177549180392781e+33, e: 5.3060375514043291e+33
#ERR  p: [1245, 51], r: -2.3002656570097286e+34, e: -2.1769442985881898e+34
#ERR  p: [1246, 51], r: 7.3830039864582736e+32, e: -5.3573944223891125e+31
#ERR  p: [1247, 51], r: -1.6234631639337552e+34, e: -1.8072160509010570e+34
#ERR  p: [1232, 52], r: -3.1440886681000110e+34, e: -3.5593680336786846e+34
#ERR  p: [1233, 52], r: 2.8113172633756843e+34, e: 2.6999665375460272e+34
#ERR  p: [1234, 52], r: 5.3619293062380247e+33, e: 3.2362079954193697e+33
#ERR  p: [1235, 52], r: -3.6608474256350801e+34, e: -4.0229998516637981e+34
#ERR  p: [1236, 52], r: -1.9430423368354332e+34, e: -2.1982378576159297e+34
#ERR  p: [1237, 52], r: -4.1721445155108261e+33, e: 6.4743134434339540e+32
#ERR  p: [1238, 52], r: 2.2224041802988354e+34, e: 2.4692286267396802e+34
#ERR  p: [1239, 52], r: 7.3090102986576226e+33, e: 4.5608527360862784e+33
#ERR  p: [1240, 52], r: 3.1800134404520649e+34, e: 3.2877100148737594e+34
#ERR  p: [1241, 52], r: 1.4630578261073756e+34, e: 1.5226267580337645e+34
#ERR  p: [1242, 52], r: -1.7609305869782120e+34, e: -1.6570211187246993e+34
#ERR  p: [1243, 52], r: -4.2785562938627483e+33, e: -1.1394595880226546e+33
#ERR  p: [1244, 52], r: -1.8025194301860122e+34, e: -1.4884042770297320e+34
#ERR  p: [1245, 52], r: -2.4263275670902375e+34, e: -2.4893825381672540e+34
#ERR  p: [1246, 52], r: 1.4110364908065057e+34, e: 1.3334877177495359e+34
#ERR  p: [1247, 52], r: -7.8684279747704502e+33, e: -6.9667062604547828e+33
#ERR  p: [1232, 53], r: -1.2517573070338640e+34, e: -1.3919864505119626e+34
#ERR  p: [1233, 53], r: -4.0852723827389844e+33, e: -7.7474323343007168e+33
#ERR  p: [1234, 53], r: 1.6398000110441965e+34, e: 1.6581398451382015e+34
#ERR  p: [1235, 53], r: -3.2660203769304500e+33, e: -4.1873646788088300e+33
#ERR  p: [1236, 53], r: -2.2732245899675945e+34, e: -2.1821161644843162e+34
#ERR  p: [1237, 53], r: -4.0635313702840447e+33, e: -4.5080335484300890e+33
#ERR  p: [1238, 53], r: -4.1809747418110487e+33, e: -4.3500321663659977e+33
#ERR  p: [1239, 53], r: 1.9851967948471829e+34, e: 1.9047703063748904e+34
#ERR  p: [1240, 53], r: 1.6488120288391882e+33, e: 3.7410315873446826e+33
#ERR  p: [1241, 53], r: -1.4350604503848935e+34, e: -1.5094059297962085e+34
#ERR  p: [1242, 53], r: 5.8916488008083961e+34, e: 5.9076093141468946e+34
#ERR  p: [1243, 53], r: 1.5268176802427613e+34, e: 1.6601965587194703e+34
#ERR  p: [1244, 53], r: -3.2664798383760308e+34, e: -3.3078017817113611e+34
#ERR  p: [1245, 53], r: -4.5416473343168050e+33, e: -4.9550803123268845e+33
#ERR  p: [1246, 53], r: -6.9966427454548015e+33, e: -6.7504721789427072e+33
#ERR  p: [1247, 53], r: -1.1223226293163222e+34, e: -1.0559321525974551e+34
#ERR  p: [1232, 54], r: -2.3280805603704201e+33, e: -3.0034585558431878e+33
#ERR  p: [1233, 54], r: -1.5889451866423452e+34, e: -1.6877664737463871e+34
#ERR  p: [1234, 54], r: 5.5194408354285708e+34, e: 5.6712360526937127e+34
#ERR  p: [1235, 54], r: 1.8578152406847959e+34, e: 1.8055018753286586e+34
#ERR  p: [1236, 54], r: 6.4412446606495335e+33, e: 7.4782138001372073e+33
#ERR  p: [1237, 54], r: 3.5725541376981388e+33, e: 6.4268857941338624e+33
#ERR  p: [1238, 54], r: -1.7297239754978865e+34, e: -1.8074064460790991e+34
#ERR  p: [1239, 54], r: 6.3293398328582923e+33, e: 3.1203615665430438e+33
#ERR  p: [1240, 54], r: -5.5794120978677275e+34, e: -5.2829918120449846e+34
#ERR  p: [1241, 54], r: 3.0114986050163346e+34, e: 3.0230723540316215e+34
#ERR  p: [1242, 54], r: 3.2460714064763799e+34, e: 3.2099824832751168e+34
#ERR  p: [1243, 54], r: -4.0589639905091013e+34, e: -4.1181751577641367e+34
#ERR  p: [1244, 54], r: -9.9802391723376751e+33, e: -1.0705710411500126e+34
#ERR  p: [1245, 54], r: 2.6859018055836903e+34, e: 2.7510169564740856e+34
#ERR  p: [1246, 54], r: 3.0380375635785346e+34, e: 3.1458056909344998e+34
#ERR  p: [1247, 54], r: -2.9349104115328483e+33, e: -1.6748468363203892e+33
#ERR  p: [1232, 55], r: 3.3179570990296348e+34, e: 3.1835955437497410e+34
#ERR  p: [1233, 55], r: -2.7270333537409785e+34, e: -2.8319133669852909e+34
#ERR  p: [1234, 55], r: -1.9252504150028159e+34, e: -1.7834889493440899e+34
#ERR  p: [1235, 55], r: -3.1333443389110453e+34, e: -3.0574276660018694e+34
#ERR  p: [1236, 55], r: 3.4468592768392780e+33, e: -8.3330432742197740e+32
#ERR  p: [1237, 55], r: -3.7831601105126093e+34, e: -3.7739325054597760e+34
#ERR  p: [1238, 55], r: 1.2482538129286825e+34, e: 1.3897041842555361e+34
#ERR  p: [1239, 55], r: -2.7656919928757902e+34, e: -2.9907234952770474e+34
#ERR  p: [1240, 55], r: 1.2329803563119873e+34, e: 1.3202484442053945e+34
#ERR  p: [1241, 55], r: 1.7051418287557849e+34, e: 1.8647313640962754e+34
#ERR  p: [1242, 55], r: -2.2889837833072043e+33, e: -1.0191952606311290e+33
#ERR  p: [1243, 55], r: -1.0484152568849103e+34, e: -8.6290053365369754e+33
#ERR  p: [1244, 55], r: 1.3992092116711732e+34, e: 1.2940098098967251e+34
#ERR  p: [1245, 55], r: -1.4095473727332493e+34, e: -1.7008418440293272e+34
#ERR  p: [1246, 55], r: -3.1728846389418361e+34, e: -3.4348896964964297e+34
#ERR  p: [1247, 55], r: -9.7778619726553404e+33, e: -9.5712683491991997e+33
#ERR  p: [1232, 56], r: -1.1804569125311833e+34, e: -1.3752980284303643e+34
#ERR  p: [1233, 56], r: -4.9453476277380228e+34, e: -5.3827549239309148e+34
#ERR  p: [1234, 56], r: 2.7364132254186438e+34, e: 2.6522541001398980e+34
#ERR  p: [1235, 56], r: 1.2800241204058966e+33, e: 2.9662389601070434e+33
#ERR  p: [1236, 56], r: 3.6760629466579367e+34, e: 3.6858070202951598e+34
#ERR  p: [1237, 56], r: -2.1197338900246474e+34, e: -1.8866763271726874e+34
#ERR  p: [1238, 56], r: -4.0185212321896715e+34, e: -3.7308994814021455e+34
#ERR  p: [1239, 56], r: 1.4442892933777660e+34, e: 1.2093433767898801e+34
#ERR  p: [1240, 56], r: -3.0472639306913285e+34, e: -3.0154080196603978e+34
#ERR  p: [1241, 56], r: 1.6019805714620163e+34, e: 1.6582580684119533e+34
#ERR  p: [1242, 56], r: 3.9673467716696767e+34, e: 4.0035495853545541e+34
#ERR  p: [1243, 56], r: -2.1457972320237539e+34, e: -1.9859157904219999e+34
#ERR  p: [1244, 56], r: -2.4844248358979240e+34, e: -2.6637820453737313e+34
#ERR  p: [1245, 56], r: -2.4829308898585144e+34, e: -2.5267599093614054e+34
#ERR  p: [1246, 56], r: -2.7225997952842818e+34, e: -2.9090662468176972e+34
#ERR  p: [1247, 56], r: -4.6392326001886224e+33, e: -3.1151099154113854e+33
#ERR  p: [1232, 57], r: -2.6982358973711063e+34, e: -2.3368413382344388e+34
#ERR  p: [1233, 57], r: 5.7744455896490134e+33, e: 6.1303830615045031e+33
#ERR  p: [1234, 57], r: 9.6900486959686319e+33, e: 1.0906737018599600e+34
#ERR  p: [1235, 57], r: 2.2573603883641524e+34, e: 2.0017531287265895e+34
#ERR  p: [1236, 57], r: -2.9101098302708148e+34, e: -2.7611195375466857e+34
#ERR  p: [1237, 57], r: 3.3685923128685168e+34, e: 3.0409556358391381e+34
#ERR  p: [1238, 57], r: 2.4897886443971416e+33, e: 1.1614433914677991e+33
#ERR  p: [1239, 57], r: -3.2591376160030292e+34, e: -2.7452290916144107e+34
#ERR  p: [1240, 57], r: -5.3743520345322535e+33, e: -6.1539441553022021e+33
#ERR  p: [1241, 57], r: 1.3652296763998504e+32, e: 2.5896452207560379e+32
#ERR  p: [1242, 57], r: 4.0898736201740022e+34, e: 3.9989055770911789e+34
#ERR  p: [1243, 57], r: 2.7899015196660669e+33, e: 3.8441102121408289e+33
#ERR  p: [1244, 57], r: 2.0924709841274733e+34, e: 2.3063736531635627e+34
#ERR  p: [1245, 57], r: 4.4167804077562183e+34, e: 4.1986033793524843e+34
#ERR  p: [1246, 57], r: -4.2844287719241083e+33, e: -4.4788330187834255e+33
#ERR  p: [1247, 57], r: -3.0494907372339951e+34, e: -3.2136824384645329e+34
#ERR  p: [1232, 58], r: -1.4295788518909379e+34, e: -1.6756387465635200e+34
#ERR  p: [1233, 58], r: -2.9541280070117087e+34, e: -3.2046781577947868e+34
#ERR  p: [1234, 58], r: -1.9369266654533556e+34, e: -1.8612833297048539e+34
#ERR  p: [1235, 58], r: -3.7173930603975263e+34, e: -3.9334252338891944e+34
#ERR  p: [1236, 58], r: -1.6074407535932924e+34, e: -1.6492336093195668e+34
#ERR  p: [1237, 58], r: -2.8226867522844891e+34, e: -2.6459346638273540e+34
#ERR  p: [1238, 58], r: -6.9716146927105493e+33, e: -5.2168476853939353e+33
#ERR  p: [1239, 58], r: 1.2065530599413309e+34, e: 1.0396408616804595e+34
#ERR  p: [1240, 58], r: -1.1670779993506105e+34, e: -1.0771542824849283e+34
#ERR  p: [1241, 58], r: 6.8843811433442382e+34, e: 6.9089126583387330e+34
#ERR  p: [1242, 58], r: 3.7924780851883103e+34, e: 3.8417362145274913e+34
#ERR  p: [1243, 58], r: 2.3307937535545218e+34, e: 2.7229189362264096e+34
#ERR  p: [1244, 58], r: -1.0270633908813200e+34, e: -9.1475239496318926e+33
#ERR  p: [1245, 58], r: -4.8964372357558771e+33, e: -6.8599029835654366e+33
#ERR  p: [1246, 58], r: -1.0963864237592503e+34, e: -1.2440079261819415e+34
#ERR  p: [1247, 58], r: -2.4633414790888546e+34, e: -2.4118293085261428e+34
#ERR  p: [1232, 59], r: 2.3500162388965374e+34, e: 2.2185509681325557e+34
#ERR  p: [1233, 59], r: -9.0484639876882765e+33, e: -1.1260134237494476e+34
#ERR  p: [1234, 59], r: -2.9787635089695034e+34, e: -2.9122351257302600e+34
#ERR  p: [1235, 59], r: -2.5711601453469237e+33, e: -2.8586486628377216e+33
#ERR  p: [1236, 59], r: -1.0306838084232121e+34, e: -1.1508670507421645e+34
#ERR  p: [1237, 59], r: 2.1045157074307063e+33, e: 4.6320559522958752e+33
#ERR  p: [1238, 59], r: 5.4730532414524847e+34, e: 5.4096939847138118e+34
#ERR  p: [1239, 59], r: -4.1194132215974260e+33, e: -8.5316034405334771e+32
#ERR  p: [1240, 59], r: -2.3746173261212400e+34, e: -2.3550717384289710e+34
#ERR  p: [1241, 59], r: 1.1326080541327248e+34, e: 1.0034885559491850e+34
#ERR  p: [1242, 59], r: -2.8271997864917079e+34, e: -2.8602319881479676e+34
#ERR  p: [1243, 59], r: -1.1661874252863486e+34, e: -6.8291451253493521e+33
#ERR  p: [1244, 59], r: -3.8904092934041060e+34, e: -3.9466942179942787e+34
#ERR  p: [1245, 59], r: -2.5901679409376261e+34, e: -2.7666543674623307e+34
#ERR  p: [1246, 59], r: -2.1761542452551178e+34, e: -2.0881124448371573e+34
#ERR  p: [1247, 59], r: -1.4182528146775120e+34, e: -1.1469320107392880e+34
#ERR  p: [1232, 60], r: 3.5828554700440462e+34, e: 3.8465119396110465e+34
#ERR  p: [1233, 60], r: -3.6629234510809617e+34, e: -3.5099972517959287e+34
#ERR  p: [1234, 60], r: 8.3287726905692492e+33, e: 8.7021292167175235e+33
#ERR  p: [1235, 60], r: 7.4399360751524837e+33, e: 4.8449865908131178e+33
#ERR  p: [1236, 60], r: -3.1186353829522643e+34, e: -2.6910709480117303e+34
#ERR  p: [1237, 60], r: -3.2601868939803275e+34, e: -3.2399609344424672e+34
#ERR  p: [1238, 60], r: 2.8789994067315418e+34, e: 2.8841021955734761e+34
#ERR  p: [1239, 60], r: 3.5897728313955650e+34, e: 3.6117296786963541e+34
#ERR  p: [1240, 60], r: -4.2311691870989432e+33, e: -4.1019090589269406e+33
#ERR  p: [1241, 60], r: 1.1179527009776448e+34, e: 1.2290719320199555e+34
#ERR  p: [1242, 60], r: -1.1965856619210207e+34, e: -1.2313038141167831e+34
#ERR  p: [1243, 60], r: -2.1300687086486174e+34, e: -2.3122608008143883e+34
#ERR  p: [1244, 60], r: 2.0992046351771622e+34, e: 2.3664570729702786e+34
#ERR  p: [1245, 60], r: -3.0036198594303067e+34, e: -2.9266828763407518e+34
#ERR  p: [1246, 60], r: 1.7334974643256362e+34, e: 1.7626633316511998e+34
#ERR  p: [1247, 60], r: -2.8578719792570739e+34, e: -2.8737017661274239e+34
#ERR  p: [1232, 61], r: -3.9902305884718827e+34, e: -4.0813286152588310e+34
#ERR  p: [1233, 61], r: -3.2320693142800308e+34, e: -3.5571684618168824e+34
#ERR  p: [1234, 61], r: -2.0782874099213650e+34, e: -2.0322528764444831e+34
#ERR  p: [1235, 61], r: -3.5880874998260819e+34, e: -3.7865342398836855e+34
#ERR  p: [1236, 61], r: 3.7872862884575514e+33, e: 6.1800974955421647e+33
#ERR  p: [1237, 61], r: -3.5503877690457006e+34, e: -3.0490029888585166e+34
#ERR  p: [1238, 61], r: -4.0057516330964349e+34, e: -3.7061035424152593e+34
#ERR  p: [1239, 61], r: 1.4767069815985244e+34, e: 1.3802606824598515e+34
#ERR  p: [1240, 61], r: 1.8366324772905720e+34, e: 1.9121213181221709e+34
#ERR  p: [1241, 61], r: 6.6358655470157256e+33, e: 1.0367394397133844e+34
#ERR  p: [1242, 61], r: 2.8824873646892303e+33, e: 2.4386338671237715e+33
#ERR  p: [1243, 61], r: 3.8173178472525872e+34, e: 3.9682281849776479e+34
#ERR  p: [1244, 61], r: -2.7442872668325224e+34, e: -2.6675490969132767e+34
#ERR  p: [1245, 61], r: 1.6642696290367270e+34, e: 1.5499549033710089e+34
#ERR  p: [1246, 61], r: 4.1077573971575345e+34, e: 3.6821303383784822e+34
#ERR  p: [1247, 61], r: -1.7340713733278489e+34, e: -1.6178416782153603e+34
#ERR  p: [1232, 62], r: 3.3325244346479216e+34, e: 3.4912714279976744e+34
#ERR  p: [1233, 62], r: -4.2917852306075617e+33, e: -2.4822116776441905e+33
#ERR  p: [1234, 62], r: -1.3712391944235593e+34, e: -1.4842244962810888e+34
#ERR  p: [1235, 62], r: -1.6105550393501226e+34, e: -1.6782208418974615e+34
#ERR  p: [1236, 62], r: 3.5590072979512369e+34, e: 3.9991301394143053e+34
#ERR  p: [1237, 62], r: 1.8105514327489036e+34, e: 1.5535810773340837e+34
#ERR  p: [1238, 62], r: 8.7411360883853862e+33, e: 7.2711862786972971e+33
#ERR  p: [1239, 62], r: -6.3363287471440818e+34, e: -6.3803612839894314e+34
#ERR  p: [1240, 62], r: -2.0356666198968165e+34, e: -2.0552520692583505e+34
#ERR  p: [1241, 62], r: -4.4311781455891230e+34, e: -4.4737479324840529e+34
#ERR  p: [1242, 62], r: -1.1617554761517030e+34, e: -1.1378746224418566e+34
#ERR  p: [1243, 62], r: -3.3078668973574275e+34, e: -3.5256935887300437e+34
#ERR  p: [1244, 62], r: 4.0067795566080555e+33, e: 6.8124149846884298e+33
#ERR  p: [1245, 62], r: -7.6793722478508655e+33, e: -5.9977947315368817e+33
#ERR  p: [1246, 62], r: -4.6232990120459783e+34, e: -4.4877584426726691e+34
#ERR  p: [1247, 62], r: 8.3510995581477807e+33, e: 6.4541805150900461e+33
#ERR  p: [1232, 63], r: 7.1617314889863065e+32, e: -1.3826478022376055e+33
#ERR  p: [1233, 63], r: 3.9002751803411948e+34, e: 3.7028329048314674e+34
#ERR  p: [1234, 63], r: -6.4018026530578620e+33, e: -7.4451645149084055e+33
#ERR  p: [1235, 63], r: -5.6234718693939413e+34, e: -5.4527663752646916e+34
#ERR  p: [1236, 63], r: -1.9326545343777818e+34, e: -1.8600414282574428e+34
#ERR  p: [1237, 63], r: -2.1965655244168591e+33, e: -4.6000731524109178e+33
#ERR  p: [1238, 63], r: 3.6160374005480574e+33, e: 5.2774881782183296e+33
#ERR  p: [1239, 63], r: 1.3807018842898528e+34, e: 1.1712067769696351e+34
#ERR  p: [1240, 63], r: -6.0732589373616989e+33, e: -9.0517575271627952e+33
#ERR  p: [1241, 63], r: -6.6165369702123434e+33, e: -7.6806306139007991e+33
#ERR  p: [1242, 63], r: -8.3365249805802641e+32, e: -9.1334365014698348e+32
#ERR  p: [1243, 63], r: 2.8018338999107347e+34, e: 2.8521445258713162e+34
#ERR  p: [1244, 63], r: 2.1198351535198609e+34, e: 2.0447867717542397e+34
#ERR  p: [1245, 63], r: -2.3517228630346962e+34, e: -2.3008752186850728e+34
#ERR  p: [1246, 63], r: 2.1816799144144721e+34, e: 2.1087053298026618e+34
#ERR  p: [1247, 63], r: -9.6330409381895205e+33, e: -1.1935332731661548e+34
#SDC Ite:1 KerTime:2.6651094 AccTime:2.6651094 KerErr:256 AccErr:256
#IT 1 KerTime:2.7320476 AccTime:5.3971570
#IT 2 KerTime:2.6461871 AccTime:8.0433441
#IT 3 KerTime:2.5970594 AccTime:10.6404035
#IT 4 KerTime:2.7310907 AccTime:13.3714942
#IT 5 KerTime:2.6154704 AccTime:15.9869646
#IT 6 KerTime:2.6732140 AccTime:18.6601786
#ERR  p: [1496, 818], r: 1.5060091461224133e+34, e: 1.5110059672969848e+34
#SDC Ite:7 KerTime:2.6732140 AccTime:18.6601786 KerErr:1 AccErr:257
#IT 7 KerTime:2.6416653 AccTime:21.3018439
#ERR  p: [1600, 16], r: 4.4895955456909687e+34, e: 4.5159616878236844e+34
#ERR  p: [1601, 16], r: -4.4358517406194371e+32, e: -4.0641231056228231e+32
#ERR  p: [1602, 16], r: 4.0083570017031149e+34, e: 4.4316693601967114e+34
#ERR  p: [1603, 16], r: -2.7483405301091506e+34, e: -2.7398527180237943e+34
#ERR  p: [1604, 16], r: 1.6645022379701088e+34, e: 1.6146781224449665e+34
#ERR  p: [1605, 16], r: 6.8775430101552336e+33, e: 5.8000975641730654e+33
#ERR  p: [1606, 16], r: -1.3182145087208486e+34, e: -1.1726887149906636e+34
#ERR  p: [1607, 16], r: 3.1137782014141242e+34, e: 3.1653111693694960e+34
#ERR  p: [1608, 16], r: -2.9256761835008049e+34, e: -2.8400993692890694e+34
#ERR  p: [1609, 16], r: 2.7807473244575633e+34, e: 2.4829534203672294e+34
#ERR  p: [1610, 16], r: 7.5015997254193474e+33, e: 9.1494179978919992e+33
#ERR  p: [1611, 16], r: -2.9379379795899266e+34, e: -2.9353388006834430e+34
#ERR  p: [1612, 16], r: -2.4223773004248778e+34, e: -2.5099882977091671e+34
#ERR  p: [1613, 16], r: 1.9769909855027759e+34, e: 1.9082192073243394e+34
#ERR  p: [1614, 16], r: -2.4516548299419849e+34, e: -2.4810489734107927e+34
#ERR  p: [1615, 16], r: 3.5867675462591939e+33, e: 1.8986331257846301e+33
#ERR  p: [1600, 17], r: -1.4059413771928149e+34, e: -1.7447648231812000e+34
#ERR  p: [1601, 17], r: 3.1590215055148968e+33, e: 1.3695816546079581e+33
#ERR  p: [1602, 17], r: -2.1472478501617885e+34, e: -2.1879966272589297e+34
#ERR  p: [1603, 17], r: 1.1040328079999043e+34, e: 1.6383042080947280e+34
#ERR  p: [1604, 17], r: -4.5440421293228025e+34, e: -4.5519461288856318e+34
#ERR  p: [1605, 17], r: -1.7239541845627852e+34, e: -1.2279398358540290e+34
#ERR  p: [1606, 17], r: -9.7113220765737316e+33, e: -5.5765676830394614e+33
#ERR  p: [1607, 17], r: -1.9758357398581148e+34, e: -1.7366184349586786e+34
#ERR  p: [1608, 17], r: 1.3649900731052467e+34, e: 1.2155407522145506e+34
#ERR  p: [1609, 17], r: -9.0376474865950205e+33, e: -1.2888521803110505e+34
#ERR  p: [1610, 17], r: 6.0230846085994428e+33, e: 7.5414997708255545e+33
#ERR  p: [1611, 17], r: 4.6107695733203631e+33, e: 5.1165222392451597e+33
#ERR  p: [1612, 17], r: 6.2047900665357705e+33, e: 8.7694267321031750e+33
#ERR  p: [1613, 17], r: 1.5504656774312181e+34, e: 1.7415869073063505e+34
#ERR  p: [1614, 17], r: -1.5125141496468462e+34, e: -1.4229017747010443e+34
#ERR  p: [1615, 17], r: 8.6983470004124968e+32, e: 1.0010811030062857e+33
#ERR  p: [1600, 18], r: 2.7415189853166724e+34, e: 2.9750246824628537e+34
#ERR  p: [1601, 18], r: -3.7817114730786375e+34, e: -3.7614251020668601e+34
#ERR  p: [1602, 18], r: 8.5457934829762907e+33, e: 9.4548858922858632e+33
#ERR  p: [1603, 18], r: 1.2650317380751212e+34, e: 8.9048709897414277e+33
#ERR  p: [1604, 18], r: -1.7220829143994014e+34, e: -1.4611463228927151e+34
#ERR  p: [1605, 18], r: -1.9472622268413492e+34, e: -2.1815296284937028e+34
#ERR  p: [1606, 18], r: -2.9103009682128805e+34, e: -2.9945452637663292e+34
#ERR  p: [1607, 18], r: -4.2070431593643163e+34, e: -4.2950453457010197e+34
#ERR  p: [1608, 18], r: 2.6086751445249426e+34, e: 2.6557941134762384e+34
#ERR  p: [1609, 18], r: -1.1283766512844434e+34, e: -1.1433292338429558e+34
#ERR  p: [1610, 18], r: -1.6456377648874546e+34, e: -1.2858467094836734e+34
#ERR  p: [1611, 18], r: -3.6449772819194494e+34, e: -3.4260713544205842e+34
#ERR  p: [1612, 18], r: -3.1684857428062394e+34, e: -3.1435263957341676e+34
#ERR  p: [1613, 18], r: -1.1226618248870864e+34, e: -1.0930525274394508e+34
#ERR  p: [1614, 18], r: 1.5349144270697073e+34, e: 1.6602090619138671e+34
#ERR  p: [1615, 18], r: -1.0085929541131704e+34, e: -8.3888982003373009e+33
#ERR  p: [1600, 19], r: 1.6018318948632982e+33, e: -1.8833116061459097e+33
#ERR  p: [1601, 19], r: -2.3649398536581305e+34, e: -2.5252456611053515e+34
#ERR  p: [1602, 19], r: -6.9276944370267630e+33, e: -8.7140691483964310e+33
#ERR  p: [1603, 19], r: -3.0050561174638856e+34, e: -2.7224299499108919e+34
#ERR  p: [1604, 19], r: -2.3147431491296643e+33, e: -2.2261685393187953e+33
#ERR  p: [1605, 19], r: -2.5974054335833042e+34, e: -2.3435675616438920e+34
#ERR  p: [1606, 19], r: 1.6337342286457021e+34, e: 1.5810435391655906e+34
#ERR  p: [1607, 19], r: 5.6917432722084986e+34, e: 5.6689582430214276e+34
#ERR  p: [1608, 19], r: 4.1124360677420097e+34, e: 3.9746761194662697e+34
#ERR  p: [1609, 19], r: -3.0298936512360918e+34, e: -3.1161374675409942e+34
#ERR  p: [1610, 19], r: -1.9891063332852501e+34, e: -2.0633921439866715e+34
#ERR  p: [1611, 19], r: 2.7888269877119672e+33, e: 1.0528314841810570e+33
#ERR  p: [1612, 19], r: -5.5889786509033170e+33, e: -3.6462694437324555e+33
#ERR  p: [1613, 19], r: -2.8070114603310419e+34, e: -2.8827050564451386e+34
#ERR  p: [1614, 19], r: -4.4943846405269481e+32, e: 6.4865891663485177e+32
#ERR  p: [1615, 19], r: 3.2179415711696943e+33, e: 3.0272567151584100e+33
#ERR  p: [1600, 20], r: 1.8305993765091147e+34, e: 1.8860675082613668e+34
#ERR  p: [1601, 20], r: 2.4363355695438362e+34, e: 2.5034299389690410e+34
#ERR  p: [1602, 20], r: 3.3147512676068994e+33, e: 3.8300995162612068e+33
#ERR  p: [1603, 20], r: -2.1203037757217324e+33, e: -1.9347910331945824e+33
#ERR  p: [1604, 20], r: -5.5034258527283437e+34, e: -5.5699725574801686e+34
#ERR  p: [1605, 20], r: 7.5182122617765376e+33, e: 7.9554675389326053e+33
#ERR  p: [1606, 20], r: -2.4222391463164936e+34, e: -2.5810401138519593e+34
#ERR  p: [1607, 20], r: 5.0733412194558326e+34, e: 5.2635650665964870e+34
#ERR  p: [1608, 20], r: -1.8043374689277067e+34, e: -1.7218579806942633e+34
#ERR  p: [1609, 20], r: -1.8827726380013058e+33, e: -2.7090566074604959e+33
#ERR  p: [1610, 20], r: -8.9587449023110882e+33, e: -8.5292106571800434e+33
#ERR  p: [1611, 20], r: 2.6565685687648154e+33, e: 1.7506776271393397e+33
#ERR  p: [1612, 20], r: -1.1385131519141200e+34, e: -1.1659946780222318e+34
#ERR  p: [1613, 20], r: -1.2685029219452774e+33, e: -2.8226085144740063e+32
#ERR  p: [1614, 20], r: 5.0434697263078764e+34, e: 4.9881377679599456e+34
#ERR  p: [1615, 20], r: 1.2125127508784586e+34, e: 9.9690364339521620e+33
#ERR  p: [1600, 21], r: -4.7075898541449041e+34, e: -4.8203760952441165e+34
#ERR  p: [1601, 21], r: -5.8858938651537662e+34, e: -5.8617882015327856e+34
#ERR  p: [1602, 21], r: -2.6449685754206956e+34, e: -2.9132202784135233e+34
#ERR  p: [1603, 21], r: -6.9281506179312396e+33, e: -5.3268429906745788e+33
#ERR  p: [1604, 21], r: 1.0314597492398362e+34, e: 1.4447491881023605e+34
#ERR  p: [1605, 21], r: 1.9457239625485332e+34, e: 2.1485494203190932e+34
#ERR  p: [1606, 21], r: -4.3322132574405240e+34, e: -4.2039715825388414e+34
#ERR  p: [1607, 21], r: 3.6652730612755254e+34, e: 3.6132568015288165e+34
#ERR  p: [1608, 21], r: 2.7725209653085041e+34, e: 2.5938089701811723e+34
#ERR  p: [1609, 21], r: -1.2842549661811603e+34, e: -1.3467075556350606e+34
#ERR  p: [1610, 21], r: 2.8067532260388470e+34, e: 3.2273705890669192e+34
#ERR  p: [1611, 21], r: -2.3801476994527435e+33, e: -2.2785456663240811e+32
#ERR  p: [1612, 21], r: -3.6461976432101769e+33, e: -3.8811512350263064e+33
#ERR  p: [1613, 21], r: 2.3231237246591175e+34, e: 2.3372077684860673e+34
#ERR  p: [1614, 21], r: -2.8605560808502525e+34, e: -2.3703912464151276e+34
#ERR  p: [1615, 21], r: 2.2407908085263254e+34, e: 2.2325958930542640e+34
#ERR  p: [1600, 22], r: -5.8458187750260042e+34, e: -5.7996247948720623e+34
#ERR  p: [1601, 22], r: 1.7606176357362807e+34, e: 1.8965538507461454e+34
#ERR  p: [1602, 22], r: 3.4906767216028017e+34, e: 3.3505612210203096e+34
#ERR  p: [1603, 22], r: -1.0281816221188065e+34, e: -8.1809874086793605e+33
#ERR  p: [1604, 22], r: -1.5327407281547261e+34, e: -1.5008419843984361e+34
#ERR  p: [1605, 22], r: 1.2726417268786202e+34, e: 1.3798352024683491e+34
#ERR  p: [1606, 22], r: -5.0296463926532001e+33, e: -1.6746026526476401e+33
#ERR  p: [1607, 22], r: -3.8976760014347112e+34, e: -4.0109140906482628e+34
#ERR  p: [1608, 22], r: -7.6918432558066264e+33, e: -1.2659828474073041e+34
#ERR  p: [1609, 22], r: 1.9089948386559537e+32, e: -3.3822186902629428e+33
#ERR  p: [1610, 22], r: -9.5018805720572149e+33, e: -7.7608095143652346e+33
#ERR  p: [1611, 22], r: -1.5784373040008830e+34, e: -1.5632740240476843e+34
#ERR  p: [1612, 22], r: -3.2271707855445786e+34, e: -3.3991595283185514e+34
#ERR  p: [1613, 22], r: -3.2939606217201191e+34, e: -3.3448429283908425e+34
#ERR  p: [1614, 22], r: 2.3397423269225001e+34, e: 2.4465285202393042e+34
#ERR  p: [1615, 22], r: 8.1148937899819141e+33, e: 8.3920239989364964e+33
#ERR  p: [1600, 23], r: -1.1962572054800973e+33, e: -2.6298002818103378e+33
#ERR  p: [1601, 23], r: -1.9059233237274808e+34, e: -2.0373494755862210e+34
#ERR  p: [1602, 23], r: -2.1084869571797318e+34, e: -2.2222491902059168e+34
#ERR  p: [1603, 23], r: -2.8454824277558980e+34, e: -2.4064133208542693e+34
#ERR  p: [1604, 23], r: -3.6370683305964630e+34, e: -3.4941630083414372e+34
#ERR  p: [1605, 23], r: -2.4089825416118022e+34, e: -1.8752833174031362e+34
#ERR  p: [1606, 23], r: 8.1667436705873429e+33, e: 1.0192994023369339e+34
#ERR  p: [1607, 23], r: 1.7154919978362421e+34, e: 1.8324068927604752e+34
#ERR  p: [1608, 23], r: 1.8431419373991463e+34, e: 1.7719182951789012e+34
#ERR  p: [1609, 23], r: -2.4756406609671628e+34, e: -2.8015412508854477e+34
#ERR  p: [1610, 23], r: 1.4211591265077423e+34, e: 1.4980738266765901e+34
#ERR  p: [1611, 23], r: -3.3427839865175031e+34, e: -3.3056398432267531e+34
#ERR  p: [1612, 23], r: -1.9721494020091307e+34, e: -1.6460319249959630e+34
#ERR  p: [1613, 23], r: -3.6815371175116567e+34, e: -3.6689239940393858e+34
#ERR  p: [1614, 23], r: -7.9183658569852028e+33, e: -3.6948669463696718e+33
#ERR  p: [1615, 23], r: -2.5199222713484165e+34, e: -2.5074245238878070e+34
#ERR  p: [1600, 24], r: -3.8310874543095585e+34, e: -3.8131794137012562e+34
#ERR  p: [1601, 24], r: 7.0962746356965675e+33, e: 8.3545466021871708e+33
#ERR  p: [1602, 24], r: 2.7922042119331416e+34, e: 2.8341253182474860e+34
#ERR  p: [1603, 24], r: 3.9908698607081696e+33, e: 7.2478257311859623e+33
#ERR  p: [1604, 24], r: -5.9892608680820640e+34, e: -6.2500537347501894e+34
#ERR  p: [1605, 24], r: 1.1835199475703871e+34, e: 1.3713496186750636e+34
#ERR  p: [1606, 24], r: 1.8997177778985510e+34, e: 1.5135311173891191e+34
#ERR  p: [1607, 24], r: 2.6279065430352410e+33, e: 3.3289470355223947e+33
#ERR  p: [1608, 24], r: -4.3426065068343483e+34, e: -4.6366167709886104e+34
#ERR  p: [1609, 24], r: 1.3737165600301772e+34, e: 1.4250236039283794e+34
#ERR  p: [1610, 24], r: 1.0197217255813361e+34, e: 8.5856056346397085e+33
#ERR  p: [1611, 24], r: -3.9566872413734021e+33, e: -4.6647654229838932e+33
#ERR  p: [1612, 24], r: 2.3907856276953326e+33, e: -1.3432039377358751e+33
#ERR  p: [1613, 24], r: -1.5491746297642474e+34, e: -1.7077953532299931e+34
#ERR  p: [1614, 24], r: -1.3856308663502715e+34, e: -1.1646055855041497e+34
#ERR  p: [1615, 24], r: -8.3123774126889537e+32, e: -5.1790669933349848e+33
#ERR  p: [1600, 25], r: -4.5022061932831610e+34, e: -4.3159982236299483e+34
#ERR  p: [1601, 25], r: 1.8943494509181900e+34, e: 2.0443110313971423e+34
#ERR  p: [1602, 25], r: 9.8588504859054685e+33, e: 6.5204480643630121e+33
#ERR  p: [1603, 25], r: 5.6386249982388179e+33, e: 8.0111533314922648e+32
#ERR  p: [1604, 25], r: -1.7113731237375318e+34, e: -1.4753386864731023e+34
#ERR  p: [1605, 25], r: 2.4621597415273528e+34, e: 2.3391708938003660e+34
#ERR  p: [1606, 25], r: -5.6977433199909070e+34, e: -6.2622984472667689e+34
#ERR  p: [1607, 25], r: -2.0303112912868679e+34, e: -2.0819106128283454e+34
#ERR  p: [1608, 25], r: -2.9269893902944788e+34, e: -3.1524846250344523e+34
#ERR  p: [1609, 25], r: -1.2539354625329867e+34, e: -8.9691398848209675e+33
#ERR  p: [1610, 25], r: -2.3624835330321804e+34, e: -2.0714555902265607e+34
#ERR  p: [1611, 25], r: 2.9787875250062656e+34, e: 3.1775142871007555e+34
#ERR  p: [1612, 25], r: 9.9016658801041927e+33, e: 1.1348068832305035e+34
#ERR  p: [1613, 25], r: -2.8683848136586932e+34, e: -2.7221583458662727e+34
#ERR  p: [1614, 25], r: -1.7815845023876532e+32, e: -1.2262446007642316e+32
#ERR  p: [1615, 25], r: -2.4273647132551508e+34, e: -2.2550154823417380e+34
#ERR  p: [1600, 26], r: 4.0455783924523163e+34, e: 4.0784823435205060e+34
#ERR  p: [1601, 26], r: 1.9856339114750546e+34, e: 1.9691430646237262e+34
#ERR  p: [1602, 26], r: -1.1675127638924075e+34, e: -1.1791266221649672e+34
#ERR  p: [1603, 26], r: 7.0241986717592744e+33, e: 7.5371391270371717e+33
#ERR  p: [1604, 26], r: 2.2538122046235526e+33, e: 4.7925499266290676e+33
#ERR  p: [1605, 26], r: 1.2992103341047611e+33, e: 5.1801152190632497e+33
#ERR  p: [1606, 26], r: -4.8632876773838932e+33, e: -4.5499402946399777e+33
#ERR  p: [1607, 26], r: -1.5444866746294776e+34, e: -1.3612972979680584e+34
#ERR  p: [1608, 26], r: 3.4173478385517480e+34, e: 3.2670832103511785e+34
#ERR  p: [1609, 26], r: 2.3877664466820205e+33, e: 1.8831666124188084e+33
#ERR  p: [1610, 26], r: -8.1272135216648743e+34, e: -8.2459904022021966e+34
#ERR  p: [1611, 26], r: 4.5851556035555172e+34, e: 4.7483844350234988e+34
#ERR  p: [1612, 26], r: -2.8583282839555545e+34, e: -2.7871541593368809e+34
#ERR  p: [1613, 26], r: 7.3176709271724631e+33, e: 8.5359407182036183e+33
#ERR  p: [1614, 26], r: -2.8858974562184478e+34, e: -2.9067171317991493e+34
#ERR  p: [1615, 26], r: -6.3816780808092192e+33, e: -5.0911379692546031e+33
#ERR  p: [1600, 27], r: -2.1181552688865506e+34, e: -2.1177863627548436e+34
#ERR  p: [1601, 27], r: 4.1356110480414556e+33, e: 2.2949272881783183e+33
#ERR  p: [1602, 27], r: -9.1600816133904035e+33, e: -1.2021393085252628e+34
#ERR  p: [1603, 27], r: 1.5028091949148645e+34, e: 1.4229036316111032e+34
#ERR  p: [1604, 27], r: 6.5692912980980266e+31, e: 2.2459181704780396e+33
#ERR  p: [1605, 27], r: -4.8876215552511161e+33, e: -5.2411540190952841e+33
#ERR  p: [1606, 27], r: -3.4437912281429151e+34, e: -3.8460155256552930e+34
#ERR  p: [1607, 27], r: 9.5723366914531030e+33, e: 1.0067052193472641e+34
#ERR  p: [1608, 27], r: -2.2158604292511728e+34, e: -2.3602715817699853e+34
#ERR  p: [1609, 27], r: 9.9550297613776676e+33, e: 1.0992328192915791e+34
#ERR  p: [1610, 27], r: -3.6019248841002041e+33, e: -3.0730577112468807e+33
#ERR  p: [1611, 27], r: 3.3141058675674180e+34, e: 3.2999824572472189e+34
#ERR  p: [1612, 27], r: 1.6139768294127113e+34, e: 1.4181774241291195e+34
#ERR  p: [1613, 27], r: -1.4780674777016991e+34, e: -1.5125614389563469e+34
#ERR  p: [1614, 27], r: 1.9139127411530207e+34, e: 2.0337445941918220e+34
#ERR  p: [1615, 27], r: 1.3019508238667291e+34, e: 1.1997317627368606e+34
#ERR  p: [1600, 28], r: 4.0508554832517820e+34, e: 4.1843576605564039e+34
#ERR  p: [1601, 28], r: -2.9903859090283342e+33, e: -2.2259432342316454e+33
#ERR  p: [1602, 28], r: 6.3918527099921058e+32, e: -2.0150432816063456e+33
#ERR  p: [1603, 28], r: 2.3923173928029424e+34, e: 2.3461219271209534e+34
#ERR  p: [1604, 28], r: 3.2630849116122946e+34, e: 3.5647991242190375e+34
#ERR  p: [1605, 28], r: -3.6624352075294675e+34, e: -3.6210087820548216e+34
#ERR  p: [1606, 28], r: -1.6872683266745787e+34, e: -1.8706570116823228e+34
#ERR  p: [1607, 28], r: 1.6882592976760266e+34, e: 1.8798126924188735e+34
#ERR  p: [1608, 28], r: -3.0828878836138361e+34, e: -3.0292390285433177e+34
#ERR  p: [1609, 28], r: 1.3775630873202447e+34, e: 1.3319718601714310e+34
#ERR  p: [1610, 28], r: -3.1182675909665926e+33, e: -3.6015445270231336e+33
#ERR  p: [1611, 28], r: 3.0686030459125142e+34, e: 3.0878584604595747e+34
#ERR  p: [1612, 28], r: -3.0369461956399006e+34, e: -3.3101867969910483e+34
#ERR  p: [1613, 28], r: -1.5817526312200932e+34, e: -1.3718940647043413e+34
#ERR  p: [1614, 28], r: -1.9805933910170963e+34, e: -1.9505857244648187e+34
#ERR  p: [1615, 28], r: 1.8914240748113547e+34, e: 1.6775290810035088e+34
#ERR  p: [1600, 29], r: 3.1621759624260018e+34, e: 3.1360643407653631e+34
#ERR  p: [1601, 29], r: -2.2157277220789615e+34, e: -2.3840162620755103e+34
#ERR  p: [1602, 29], r: 1.0428080074769672e+34, e: 8.1172000722751027e+33
#ERR  p: [1603, 29], r: -1.4148747238983100e+34, e: -1.4001001571174469e+34
#ERR  p: [1604, 29], r: 1.9207560736901903e+34, e: 2.1020650194319350e+34
#ERR  p: [1605, 29], r: 1.1603899044943673e+34, e: 1.0181515843325085e+34
#ERR  p: [1606, 29], r: -1.6193659537857324e+34, e: -1.2691626201922126e+34
#ERR  p: [1607, 29], r: -3.1254321689439567e+33, e: -1.1631248235261585e+33
#ERR  p: [1608, 29], r: 5.8943332737835864e+33, e: 8.8563839732527176e+33
#ERR  p: [1609, 29], r: 1.8741664478996929e+34, e: 1.6037634527065951e+34
#ERR  p: [1610, 29], r: -9.5625792480634556e+33, e: -5.8925562108571923e+33
#ERR  p: [1611, 29], r: -2.2194724906977997e+34, e: -2.3397596580830501e+34
#ERR  p: [1612, 29], r: -5.6335797736087104e+33, e: -6.9327631825176170e+33
#ERR  p: [1613, 29], r: 2.4728850064397135e+34, e: 2.8318376050548867e+34
#ERR  p: [1614, 29], r: 1.6025265030193412e+34, e: 1.5285793927126683e+34
#ERR  p: [1615, 29], r: 2.3015006259929197e+34, e: 2.3897570852136924e+34
#ERR  p: [1600, 30], r: 6.0345553610034611e+31, e: 4.1679754429435228e+33
#ERR  p: [1601, 30], r: 2.1369798802999398e+34, e: 2.3670242970962792e+34
#ERR  p: [1602, 30], r: -4.4510886780049733e+34, e: -4.3420340833601828e+34
#ERR  p: [1603, 30], r: -2.8953558132946038e+34, e: -3.2486267623054728e+34
#ERR  p: [1604, 30], r: -7.0660122010842049e+34, e: -7.1960662202034013e+34
#ERR  p: [1605, 30], r: -2.2826425901984698e+34, e: -2.8387004970446769e+34
#ERR  p: [1606, 30], r: 1.0674225882480981e+34, e: 9.7371287936026942e+33
#ERR  p: [1607, 30], r: 1.8298762957321681e+34, e: 1.7116214545094125e+34
#ERR  p: [1608, 30], r: 7.8954051641065572e+33, e: 1.2529812583507055e+34
#ERR  p: [1609, 30], r: 5.2828759408573075e+34, e: 5.3056401726517185e+34
#ERR  p: [1610, 30], r: -7.0480841058472662e+33, e: -5.3406454031425912e+33
#ERR  p: [1611, 30], r: -8.0568684454905101e+33, e: -8.2986628939637306e+33
#ERR  p: [1612, 30], r: -1.7466504534490394e+34, e: -1.8749040125750991e+34
#ERR  p: [1613, 30], r: -2.4833512942958557e+34, e: -2.4380412033299636e+34
#ERR  p: [1614, 30], r: -1.3637808532748728e+34, e: -1.2842422153987556e+34
#ERR  p: [1615, 30], r: -3.6902019550226308e+34, e: -3.8285972141265320e+34
#ERR  p: [1600, 31], r: -9.6821716834986591e+33, e: -1.2292133047724419e+34
#ERR  p: [1601, 31], r: -6.2064804736594147e+33, e: -1.0254710286087872e+34
#ERR  p: [1602, 31], r: 1.1318498158586625e+34, e: 1.2403796477208000e+34
#ERR  p: [1603, 31], r: -2.4494933866333927e+34, e: -2.3783848728368011e+34
#ERR  p: [1604, 31], r: 2.9417413646696250e+33, e: 2.8573014745899692e+33
#ERR  p: [1605, 31], r: -3.0732628998083922e+34, e: -3.2104623088343438e+34
#ERR  p: [1606, 31], r: -1.9843645277587714e+34, e: -1.7351173088670411e+34
#ERR  p: [1607, 31], r: 4.4644515598620374e+33, e: 3.2134995328237285e+33
#ERR  p: [1608, 31], r: -5.9637222888656106e+33, e: -4.4245567757009973e+33
#ERR  p: [1609, 31], r: -1.0879643462899800e+34, e: -1.1355770057289429e+34
#ERR  p: [1610, 31], r: -3.3163344072261395e+34, e: -3.4131764757953719e+34
#ERR  p: [1611, 31], r: 3.3314867933069926e+34, e: 3.4624251967902544e+34
#ERR  p: [1612, 31], r: -1.0553489590449478e+34, e: -8.0549106433183803e+33
#ERR  p: [1613, 31], r: 2.3807532997199619e+34, e: 2.2340628520008172e+34
#ERR  p: [1614, 31], r: -2.0778608157838272e+34, e: -2.0784884513837449e+34
#ERR  p: [1615, 31], r: 1.3236245542805336e+34, e: 1.4344744095702958e+34
#SDC Ite:8 KerTime:2.6416653 AccTime:21.3018439 KerErr:256 AccErr:513
#IT 8 KerTime:2.5964392 AccTime:23.8982830
#IT 9 KerTime:2.5961840 AccTime:26.4944671
