#HEADER matrix_dim:2048 threads:4 block_size:16 block_offset:12 precision:Float
#BEGIN Y:2023 M:11 D:09 Time:14:46:25
#IT 0 KerTime:2.7056694 AccTime:2.7056694
#IT 1 KerTime:2.6572883 AccTime:5.3629577
#IT 2 KerTime:2.7140171 AccTime:8.0769749
#IT 3 KerTime:2.5986808 AccTime:10.6756556
#IT 4 KerTime:2.6500342 AccTime:13.3256898
#IT 5 KerTime:2.6023237 AccTime:15.9280135
#IT 6 KerTime:2.6320757 AccTime:18.5600892
#IT 7 KerTime:2.6066486 AccTime:21.1667378
#IT 8 KerTime:2.6230618 AccTime:23.7897996
#IT 9 KerTime:2.6020719 AccTime:26.3918715
#IT 10 KerTime:2.6022956 AccTime:28.9941671
#IT 11 KerTime:2.7140528 AccTime:31.7082199
#IT 12 KerTime:2.5982612 AccTime:34.3064811
#IT 13 KerTime:2.6964587 AccTime:37.0029397
#IT 14 KerTime:2.6040027 AccTime:39.6069424
#IT 15 KerTime:2.6368393 AccTime:42.2437817
#IT 16 KerTime:2.5996590 AccTime:44.8434407
#IT 17 KerTime:2.6309807 AccTime:47.4744214
#IT 18 KerTime:2.6047072 AccTime:50.0791287
#IT 19 KerTime:2.6361330 AccTime:52.7152616
#IT 20 KerTime:2.5992648 AccTime:55.3145265
#IT 21 KerTime:2.6348366 AccTime:57.9493631
#IT 22 KerTime:2.6025733 AccTime:60.5519364
#IT 23 KerTime:2.6023550 AccTime:63.1542913
#IT 24 KerTime:2.6039177 AccTime:65.7582091
#IT 25 KerTime:2.5989006 AccTime:68.3571097
#IT 26 KerTime:2.6505426 AccTime:71.0076523
#IT 27 KerTime:2.6020626 AccTime:73.6097149
#IT 28 KerTime:2.6544809 AccTime:76.2641958
#IT 29 KerTime:2.5979309 AccTime:78.8621267
#IT 30 KerTime:2.6805471 AccTime:81.5426738
#IT 31 KerTime:2.6021418 AccTime:84.1448156
#IT 32 KerTime:2.6875695 AccTime:86.8323850
#IT 33 KerTime:2.5987010 AccTime:89.4310860
#IT 34 KerTime:2.6677322 AccTime:92.0988182
#ERR  p: [0, 128], r: 9.2009918178686675e+33, e: -4.8425490868757649e+34
#ERR  p: [1, 128], r: -2.5701081129530380e+34, e: 1.7367619122092318e+34
#ERR  p: [2, 128], r: -6.2785773587833717e+34, e: -5.3191436226002434e+34
#ERR  p: [3, 128], r: -5.4311727395714289e+34, e: -1.9331825158045370e+34
#ERR  p: [4, 128], r: 9.9818608737891389e+33, e: 4.2425467845150053e+34
#ERR  p: [5, 128], r: -2.0452610265832900e+34, e: 5.8144743808193062e+33
#ERR  p: [6, 128], r: 2.7467928574720360e+34, e: 8.0682265453509535e+33
#ERR  p: [7, 128], r: -2.5758516595593064e+34, e: -1.3176438183627381e+34
#ERR  p: [8, 128], r: -1.5899135033410742e+34, e: -2.1604809340057335e+34
#ERR  p: [9, 128], r: 6.5292324868817812e+34, e: 4.1116187797280735e+34
#ERR  p: [10, 128], r: -8.6973680993264319e+33, e: -5.0217919106919422e+34
#ERR  p: [11, 128], r: 6.9826106951095017e+33, e: -1.5593929582305207e+34
#ERR  p: [12, 128], r: 1.6649681986008958e+34, e: 2.1192468844131925e+34
#ERR  p: [13, 128], r: -2.6561097881862562e+34, e: -1.6152249205603188e+34
#ERR  p: [14, 128], r: 2.3334360127743726e+34, e: 3.4701917850087230e+34
#ERR  p: [15, 128], r: 2.7812410149452303e+34, e: 1.2361795647555125e+34
#ERR  p: [16, 128], r: 2.7516361740817361e+34, e: 4.4865673586638707e+33
#ERR  p: [17, 128], r: -1.6077473913410234e+33, e: -1.6153578753205381e+34
#ERR  p: [18, 128], r: -6.4563871432100723e+34, e: -5.4945092182133789e+34
#ERR  p: [19, 128], r: 1.9464277314608670e+34, e: -1.1746525830689859e+34
#ERR  p: [20, 128], r: 9.7765967979351907e+33, e: -1.3297123720117273e+34
#ERR  p: [21, 128], r: 1.8463413934306793e+34, e: 2.9349109686058660e+34
#ERR  p: [22, 128], r: -9.7831677836637175e+34, e: -2.2000051408160136e+34
#ERR  p: [23, 128], r: -1.1745760783745581e+34, e: 9.2349559407865012e+33
#ERR  p: [24, 128], r: -1.1122051929632506e+34, e: -7.0404330174344629e+33
#ERR  p: [25, 128], r: -7.9229400454303623e+34, e: -4.3840725463902514e+34
#ERR  p: [26, 128], r: -1.7942767302284345e+34, e: 4.4321800104629166e+33
#ERR  p: [27, 128], r: -3.1979135582441157e+34, e: -2.7657838480267052e+34
#ERR  p: [28, 128], r: 1.2740502550553191e+34, e: -8.2496239109600041e+32
#ERR  p: [29, 128], r: 1.7189519164520408e+34, e: 2.3587838254307721e+34
#ERR  p: [30, 128], r: -6.2981675123170550e+34, e: -3.4992553984870416e+34
#ERR  p: [31, 128], r: -3.6107164247741990e+33, e: 1.7252152740808052e+34
#ERR  p: [32, 128], r: -3.0396310399971027e+34, e: -1.0390772275805729e+34
#ERR  p: [33, 128], r: -1.1702918154865992e+34, e: -1.0318298314145805e+34
#ERR  p: [34, 128], r: 2.4036423158703329e+34, e: 2.0431442110131139e+32
#ERR  p: [35, 128], r: 1.1230582132876656e+34, e: -2.4005813853291959e+34
#ERR  p: [36, 128], r: 5.2084291979507790e+34, e: 4.8159383277912863e+34
#ERR  p: [37, 128], r: -3.9173916201913761e+33, e: -1.2712525105665341e+34
#ERR  p: [38, 128], r: -4.1414796265916919e+34, e: -1.4654269957545600e+34
#ERR  p: [39, 128], r: -2.3598771740734690e+34, e: -1.4050769236633820e+34
#ERR  p: [40, 128], r: 4.6244705984991580e+34, e: 4.7445834639268770e+34
#ERR  p: [41, 128], r: -1.2515361861840469e+35, e: -6.3276339514841570e+34
#ERR  p: [42, 128], r: -2.3009720255961449e+34, e: -1.7856861691198175e+34
#ERR  p: [43, 128], r: -4.2139880029847073e+34, e: -2.9502126502554569e+34
#ERR  p: [44, 128], r: -6.1028432284205409e+33, e: -1.0764262499478246e+34
#ERR  p: [45, 128], r: -3.8725865468645105e+33, e: 2.8894640852656329e+33
#ERR  p: [46, 128], r: -9.1182151002317916e+33, e: -2.3166458320215449e+34
#ERR  p: [47, 128], r: -1.4512125968414734e+34, e: -7.0806765912015717e+33
#ERR  p: [48, 128], r: -2.3978960457959780e+34, e: 1.3436697745726582e+34
#ERR  p: [49, 128], r: 3.8257651786986588e+33, e: 9.4988463810209264e+33
#ERR  p: [50, 128], r: 4.7178375217901085e+34, e: 3.4818719968673884e+34
#ERR  p: [51, 128], r: 7.9978314563990021e+34, e: 2.5575719893512107e+34
#ERR  p: [52, 128], r: 5.1542836813364993e+34, e: 3.7178057896066240e+34
#ERR  p: [53, 128], r: -3.8769164897399190e+34, e: -1.0953773788332287e+34
#ERR  p: [54, 128], r: -1.5516074295294510e+34, e: -1.9234046464042414e+34
#ERR  p: [55, 128], r: -1.6890176597440929e+34, e: 8.8996276947050345e+33
#ERR  p: [56, 128], r: 9.8494334760266246e+33, e: 7.2921625536929682e+33
#ERR  p: [57, 128], r: -5.0920519403856075e+34, e: -1.9993877966935270e+34
#ERR  p: [58, 128], r: -1.6142162470163091e+34, e: 3.8016086357420636e+32
#ERR  p: [59, 128], r: 3.2655325666579696e+34, e: 2.4774383974922130e+34
#ERR  p: [60, 128], r: 1.1038213183235927e+35, e: 8.4115520078802076e+34
#ERR  p: [61, 128], r: -8.4819848540033572e+34, e: -3.2204339158507875e+34
#ERR  p: [62, 128], r: 1.5466889699593663e+34, e: 2.1635174771280966e+33
#ERR  p: [63, 128], r: -6.1016024411191651e+34, e: -1.0819210944002006e+34
#ERR  p: [64, 128], r: -9.2758233125394058e+34, e: -3.9210114187632485e+34
#ERR  p: [65, 128], r: 4.4160782481659356e+34, e: 3.9423213185995070e+34
#ERR  p: [66, 128], r: 7.2861318049975855e+34, e: 2.9599366692640435e+34
#ERR  p: [67, 128], r: -2.0374585381036821e+34, e: -1.3789415335539890e+34
#ERR  p: [68, 128], r: -1.6274854787094012e+34, e: -1.7073956223913079e+34
#ERR  p: [69, 128], r: 1.2222865350766245e+34, e: 2.8561362635279919e+33
#ERR  p: [70, 128], r: -6.3106036103637080e+32, e: -2.5979518603166448e+34
#ERR  p: [71, 128], r: -1.3545330697993992e+34, e: 2.7899682446341844e+34
#ERR  p: [72, 128], r: -1.3625696527404359e+34, e: 1.2463843996753576e+34
#ERR  p: [73, 128], r: -3.5297924082001176e+34, e: -3.8560346695692453e+34
#ERR  p: [74, 128], r: 1.9518979409064612e+34, e: 1.3862628966373286e+33
#ERR  p: [75, 128], r: -1.0550667087159907e+34, e: -1.6009153240582113e+34
#ERR  p: [76, 128], r: 4.6190216816222394e+34, e: 2.0630227426789487e+34
#ERR  p: [77, 128], r: 2.6740182620735723e+33, e: 1.1478671351707137e+33
#ERR  p: [78, 128], r: 1.1662718527970278e+34, e: 2.1186234578094084e+34
#ERR  p: [79, 128], r: 3.5451512826795235e+34, e: 6.9484286947447538e+33
#ERR  p: [80, 128], r: 6.7185174802966416e+34, e: 6.2631699570544258e+34
#ERR  p: [81, 128], r: -5.1489035939257651e+34, e: -3.5158999974912492e+34
#ERR  p: [82, 128], r: 2.1509747924440611e+34, e: 2.5114366875551310e+34
#ERR  p: [83, 128], r: 1.5313323237720311e+34, e: 3.0164582879897276e+34
#ERR  p: [84, 128], r: -1.8924005619143430e+34, e: -5.2575957197270529e+34
#ERR  p: [85, 128], r: -4.4617919075846347e+34, e: -5.6260561930199535e+33
#ERR  p: [86, 128], r: 3.9447548611287342e+34, e: 5.2675155808498545e+34
#ERR  p: [87, 128], r: 6.2456298322257991e+34, e: 2.8670522950004064e+34
#ERR  p: [88, 128], r: 8.0515387422393747e+34, e: 5.1021282771293748e+34
#ERR  p: [89, 128], r: -5.9154741948044825e+34, e: -3.5364225674625223e+34
#ERR  p: [90, 128], r: -2.3390493280885082e+34, e: 3.3785379850411375e+32
#ERR  p: [91, 128], r: -2.3469837809763039e+34, e: -2.1081650927695176e+34
#ERR  p: [92, 128], r: 5.5480748837132573e+34, e: 3.6614980869197285e+34
#ERR  p: [93, 128], r: 7.5138835568411684e+34, e: 5.3876096295889764e+34
#ERR  p: [94, 128], r: 2.6056285740882613e+34, e: 1.1724694758097062e+34
#ERR  p: [95, 128], r: -3.2580607319628549e+33, e: -2.2819778163973736e+33
#ERR  p: [96, 128], r: -3.9634513457480574e+33, e: -3.0231907010993772e+33
#ERR  p: [97, 128], r: -4.5118472703091155e+34, e: -4.7691347859620004e+34
#ERR  p: [98, 128], r: -4.0963572073357555e+33, e: -3.2565018559683848e+31
#ERR  p: [99, 128], r: -1.0054830011464776e+34, e: -4.8801270043562804e+34
#ERR  p: [100, 128], r: 3.9314068964491435e+34, e: 2.4508838408855180e+34
#ERR  p: [101, 128], r: -5.3011873023304090e+32, e: -2.3602137699701507e+33
#ERR  p: [102, 128], r: 2.4611210479373904e+33, e: -2.4442748503977851e+33
#ERR  p: [103, 128], r: -2.5591194144003174e+34, e: -3.6747244239904594e+33
#ERR  p: [104, 128], r: -2.0615105989209616e+32, e: -1.2428708782558579e+34
#ERR  p: [105, 128], r: -7.8307229208479000e+34, e: -5.2891785411853172e+34
#ERR  p: [106, 128], r: -1.0649839701647098e+34, e: -1.8855630476953580e+34
#ERR  p: [107, 128], r: -1.7270247710362287e+34, e: -2.6550850214217358e+34
#ERR  p: [108, 128], r: -8.2724990312334341e+33, e: -1.0301503181632821e+34
#ERR  p: [109, 128], r: 5.8670841090208484e+34, e: 2.4493022486913270e+34
#ERR  p: [110, 128], r: -6.8419355218352486e+33, e: -5.1388624146791135e+33
#ERR  p: [111, 128], r: 1.4237583054142259e+34, e: -2.9360404650977100e+34
#ERR  p: [112, 128], r: -3.8794067299229454e+34, e: 7.1984282097983578e+33
#ERR  p: [113, 128], r: 5.4595854441770912e+34, e: 1.1800961768037355e+34
#ERR  p: [114, 128], r: -2.6087130254901447e+34, e: 3.2103205028028436e+33
#ERR  p: [115, 128], r: 3.9102393597174028e+34, e: 7.0724981403320328e+33
#ERR  p: [116, 128], r: -5.0819295522723788e+32, e: -2.1112951003648468e+34
#ERR  p: [117, 128], r: -3.6057187370416000e+34, e: -2.1290756331491027e+34
#ERR  p: [118, 128], r: 6.8872501931792860e+34, e: 3.6176517362562875e+34
#ERR  p: [119, 128], r: -1.7152024436610533e+34, e: -1.4508003628083914e+34
#ERR  p: [120, 128], r: 2.4892770656759069e+33, e: 7.6420322624459006e+33
#ERR  p: [121, 128], r: -6.4609888139241039e+34, e: -3.3989753228407058e+34
#ERR  p: [122, 128], r: 4.1195257503469971e+34, e: 3.7157131757642160e+34
#ERR  p: [123, 128], r: -5.7391281506802329e+34, e: -3.7428443648412101e+34
#ERR  p: [124, 128], r: 4.8921855306909515e+34, e: -3.1967771292880518e+33
#ERR  p: [125, 128], r: -1.8467827190546846e+34, e: -3.7548229202493433e+34
#ERR  p: [126, 128], r: -3.7275919532051828e+34, e: -4.4395842536318864e+34
#ERR  p: [127, 128], r: 3.1269580538363799e+34, e: 5.0141241100886086e+34
#ERR  p: [128, 128], r: 1.2559609800252654e+34, e: -1.4848888987001733e+34
#ERR  p: [129, 128], r: -5.5972270453850755e+34, e: -1.9320403923242923e+34
#ERR  p: [130, 128], r: 4.7003974225166561e+34, e: 2.0383491121679440e+34
#ERR  p: [131, 128], r: 8.7930227358099818e+34, e: 4.4620776241457018e+34
#ERR  p: [132, 128], r: 2.8080243428711852e+34, e: -8.4632154547157201e+33
#ERR  p: [133, 128], r: 8.3879291408745483e+34, e: 5.0672589724548157e+34
#ERR  p: [134, 128], r: 2.1689018973289684e+34, e: -5.9023959772594521e+33
#ERR  p: [135, 128], r: -7.6194355239388049e+33, e: -1.1520771371305659e+33
#ERR  p: [136, 128], r: 4.6710220957364454e+34, e: 4.8266205123902799e+33
#ERR  p: [137, 128], r: 2.4803809809655943e+34, e: 2.9212879336495461e+34
#ERR  p: [138, 128], r: 3.5833367811313203e+34, e: -8.6620676201361897e+33
#ERR  p: [139, 128], r: 2.8344786263346981e+34, e: 9.2423086856498367e+33
#ERR  p: [140, 128], r: 1.8295747335385981e+34, e: 1.0224486598998740e+34
#ERR  p: [141, 128], r: 5.7336921083797230e+34, e: 5.4363195990787618e+33
#ERR  p: [142, 128], r: 9.8527536312119880e+33, e: -1.1074310772017466e+34
#ERR  p: [143, 128], r: 2.7215066942295928e+34, e: 7.5187538605437249e+33
#ERR  p: [144, 128], r: 6.2533129832856199e+34, e: 4.4270756122989312e+34
#ERR  p: [145, 128], r: -1.6742501492214536e+34, e: -5.4789181061826032e+34
#ERR  p: [146, 128], r: 2.6123276866108541e+33, e: -8.8682596867920871e+32
#ERR  p: [147, 128], r: -2.3571866351920861e+34, e: 1.4462061197345955e+33
#ERR  p: [148, 128], r: -2.9878866318830210e+34, e: -2.2282725731580658e+33
#ERR  p: [149, 128], r: 4.2124004686783277e+34, e: 3.6912012202223419e+34
#ERR  p: [150, 128], r: -3.5529052439095914e+34, e: -3.3447453787157468e+34
#ERR  p: [151, 128], r: 2.0320431694018282e+34, e: -4.1895155996270884e+33
#ERR  p: [152, 128], r: -4.2617254467796301e+34, e: -2.5212003206449748e+34
#ERR  p: [153, 128], r: -7.7699068881259350e+34, e: -3.4344274496857605e+34
#ERR  p: [154, 128], r: 7.4778424181254217e+33, e: 3.3641027995220445e+34
#ERR  p: [155, 128], r: -9.9748510383166855e+33, e: 1.1129984649404247e+34
#ERR  p: [156, 128], r: -4.8352878257813325e+34, e: -4.2966274330712264e+33
#ERR  p: [157, 128], r: 2.2808265321608382e+34, e: 3.2112194329623707e+34
#ERR  p: [158, 128], r: 5.0077888281435617e+34, e: 1.1814832886177548e+34
#ERR  p: [159, 128], r: -5.9443543455689790e+34, e: -1.5201695708497870e+34
#ERR  p: [160, 128], r: -2.7428279831142128e+34, e: -5.7253939487083852e+34
#ERR  p: [161, 128], r: -2.5516365620388530e+34, e: -7.0577445256863346e+32
#ERR  p: [162, 128], r: 6.1285057254349268e+32, e: 2.5308783501811020e+33
#ERR  p: [163, 128], r: 1.3967052303537107e+33, e: -4.4248106772030547e+34
#ERR  p: [164, 128], r: -7.4583312451662448e+33, e: -2.8050198623958396e+34
#ERR  p: [165, 128], r: -6.2113276278832366e+33, e: -2.4526939258624601e+33
#ERR  p: [166, 128], r: 3.5153852620229144e+34, e: 2.4861690934132771e+34
#ERR  p: [167, 128], r: -4.2966343655354464e+34, e: -1.2699151639420941e+34
#ERR  p: [168, 128], r: -3.2380077126484828e+34, e: -4.2300760860442542e+33
#ERR  p: [169, 128], r: -4.8155372352185579e+34, e: -3.0568530142356331e+34
#ERR  p: [170, 128], r: -1.6443108169593446e+34, e: -2.4000468428202324e+34
#ERR  p: [171, 128], r: 7.0162138347118798e+34, e: 6.1113049199710682e+34
#ERR  p: [172, 128], r: -7.2447430129001339e+34, e: -2.1984646482311268e+34
#ERR  p: [173, 128], r: -3.7476753020505174e+34, e: -1.1460377228549083e+34
#ERR  p: [174, 128], r: 1.5568142053346853e+34, e: 1.1817019088286926e+34
#ERR  p: [175, 128], r: -2.2552390543128329e+34, e: -1.4748540329477221e+34
#ERR  p: [176, 128], r: 3.8537977119182566e+34, e: 3.0423463376792713e+34
#ERR  p: [177, 128], r: -2.0018602105399877e+34, e: -6.2550163887796766e+34
#ERR  p: [178, 128], r: -9.1094144606985079e+34, e: -3.0200215745988066e+34
#ERR  p: [179, 128], r: -3.8753195470892408e+34, e: -2.2012071805941597e+34
#ERR  p: [180, 128], r: 7.5411197232334939e+34, e: 5.8352368635701927e+34
#ERR  p: [181, 128], r: -8.1052558078060577e+33, e: 9.6042829721069015e+33
#ERR  p: [182, 128], r: 3.6720275097178742e+34, e: 1.9399897623895614e+33
#ERR  p: [183, 128], r: 1.2536278344332243e+34, e: -2.2166464592791171e+33
#ERR  p: [184, 128], r: 1.3688720054804378e+34, e: -6.8295078417808627e+33
#ERR  p: [185, 128], r: 3.8575927409026899e+34, e: 2.1403664509684109e+33
#ERR  p: [186, 128], r: 2.1200968540441658e+34, e: 4.0651534431175203e+34
#ERR  p: [187, 128], r: -4.2558808842661560e+34, e: -6.1368687841128241e+32
#ERR  p: [188, 128], r: 4.2681746192082913e+34, e: -2.9114523762434198e+33
#ERR  p: [189, 128], r: -2.2313161106416508e+34, e: 1.0160281457831223e+33
#ERR  p: [190, 128], r: -6.6324553935895062e+34, e: -8.1352626078003079e+34
#ERR  p: [191, 128], r: -5.9539493712254721e+33, e: -2.9739345524642590e+34
#ERR  p: [192, 128], r: -3.5745271046357498e+34, e: -1.3027770250489481e+34
#ERR  p: [193, 128], r: -5.6090959193057280e+34, e: -1.0796711383787994e+34
#ERR  p: [194, 128], r: 3.2444346021564368e+34, e: 8.1340571017900518e+33
#ERR  p: [195, 128], r: -4.4689390925044469e+33, e: 1.5574953199443001e+34
#ERR  p: [196, 128], r: -4.5489102047332884e+34, e: -8.7702060153579051e+33
#ERR  p: [197, 128], r: -1.9861497610894248e+34, e: -7.0753800647434892e+33
#ERR  p: [198, 128], r: 1.1470829156300769e+34, e: 6.0187982412134171e+33
#ERR  p: [199, 128], r: 5.2561963523066447e+34, e: 5.8857250101324077e+34
#ERR  p: [200, 128], r: -7.4238466922558955e+34, e: -6.0330596818479965e+34
#ERR  p: [201, 128], r: -2.5700672609317416e+34, e: 2.5068852772066943e+34
#ERR  p: [202, 128], r: 4.4152027769701530e+34, e: 2.8982221396615652e+34
#ERR  p: [203, 128], r: -3.9809586651656430e+34, e: -2.1899528201090084e+34
#ERR  p: [204, 128], r: -5.2863815394605558e+33, e: 1.2678126465793719e+34
#ERR  p: [205, 128], r: -9.0592811077515521e+33, e: 1.8588279994309353e+34
#ERR  p: [206, 128], r: 3.5011119990609598e+33, e: -3.1274633809604162e+34
#ERR  p: [207, 128], r: -1.9209744463131203e+34, e: -2.1566953443140998e+33
#ERR  p: [208, 128], r: -5.1587407606539424e+34, e: 7.5318401246990107e+33
#ERR  p: [209, 128], r: -2.2546403865098345e+34, e: -6.0561072781173999e+33
#ERR  p: [210, 128], r: 5.2684742416162771e+34, e: 1.5107138134477135e+34
#ERR  p: [211, 128], r: -3.1202947177809224e+34, e: -3.2014699123889748e+34
#ERR  p: [212, 128], r: 4.2167674259609108e+34, e: 5.8775229146081185e+34
#ERR  p: [213, 128], r: -4.2117081507113574e+33, e: -1.0655737247994254e+34
#ERR  p: [214, 128], r: 7.1430209846960384e+34, e: 3.7365677612540254e+34
#ERR  p: [215, 128], r: -5.0415870670961311e+34, e: -4.5614782671881293e+34
#ERR  p: [216, 128], r: -8.4375091346239435e+34, e: -4.6834455667946978e+34
#ERR  p: [217, 128], r: 6.0029683305490632e+34, e: 4.0214071180092535e+34
#ERR  p: [218, 128], r: -2.4749798485741922e+34, e: -3.4245214534913989e+34
#ERR  p: [219, 128], r: -4.9736667440767152e+34, e: -3.6936067853066813e+34
#ERR  p: [220, 128], r: -7.5758006134340738e+33, e: -9.6095126498028626e+32
#ERR  p: [221, 128], r: -3.0243461943320461e+34, e: -1.1631776216688340e+34
#ERR  p: [222, 128], r: 1.8763283863843009e+34, e: -2.0611393716516809e+33
#ERR  p: [223, 128], r: 1.3872424166934132e+33, e: 4.7405106411976281e+33
#ERR  p: [224, 128], r: -5.7615580148700330e+33, e: -2.1178957966543164e+34
#ERR  p: [225, 128], r: 1.1534158454890492e+34, e: 1.7763883728667568e+34
#ERR  p: [226, 128], r: 2.2854497430315534e+34, e: -1.1497392873663755e+34
#ERR  p: [227, 128], r: 6.0952146705164526e+34, e: 5.7761242363422844e+34
#ERR  p: [228, 128], r: 7.2140663635506264e+34, e: 5.4118395823899013e+34
#ERR  p: [229, 128], r: -1.5844263341169418e+34, e: -6.4520630186528484e+32
#ERR  p: [230, 128], r: 4.0436558715713061e+34, e: 1.6510691030158152e+34
#ERR  p: [231, 128], r: -2.9814179000017391e+34, e: -3.3441845918779506e+34
#ERR  p: [232, 128], r: 9.7885280640338232e+33, e: 2.0910266485351380e+33
#ERR  p: [233, 128], r: -6.8857456008555386e+33, e: 6.8820088788469557e+33
#ERR  p: [234, 128], r: 4.1730716088062469e+34, e: 2.0027792572251532e+34
#ERR  p: [235, 128], r: 2.4718406802225724e+34, e: 2.8363526199661683e+34
#ERR  p: [236, 128], r: -1.5246177369989472e+34, e: 7.1249960825480276e+33
#ERR  p: [237, 128], r: -5.8755332973769790e+34, e: -4.7107144148040604e+34
#ERR  p: [238, 128], r: 5.1415561722045985e+34, e: 8.7368658142198713e+33
#ERR  p: [239, 128], r: 6.3609196832604623e+33, e: -1.4308831455163289e+34
#ERR  p: [240, 128], r: 2.0119439749239907e+34, e: 1.2272334672676128e+34
#ERR  p: [241, 128], r: -7.0766124340525978e+33, e: -2.8493436865324330e+33
#ERR  p: [242, 128], r: 3.0013726268769920e+33, e: 6.9579694986275262e+33
#ERR  p: [243, 128], r: 2.9644422758310266e+34, e: 1.9448118483275878e+34
#ERR  p: [244, 128], r: -3.7718860048838314e+33, e: -2.3531568927762044e+34
#ERR  p: [245, 128], r: -3.9990318469751860e+34, e: -3.9852610019781754e+34
#ERR  p: [246, 128], r: -4.7688703619696090e+34, e: -5.3536643233597398e+34
#ERR  p: [247, 128], r: -4.3832779745760361e+33, e: 2.5911288299961195e+34
#ERR  p: [248, 128], r: 4.7168204921508336e+33, e: 1.9550637249689257e+34
#ERR  p: [249, 128], r: -8.8969918727733881e+34, e: -3.9263147538915471e+34
#ERR  p: [250, 128], r: 8.4216906130079509e+32, e: 7.7461173324939859e+32
#ERR  p: [251, 128], r: 7.9184147556167546e+33, e: -1.1915361045007757e+34
#ERR  p: [252, 128], r: -3.2396224816357266e+34, e: -2.1541300540161916e+34
#ERR  p: [253, 128], r: -1.3140337376201740e+33, e: 6.4676882978287085e+33
#ERR  p: [254, 128], r: 1.0721539950782468e+34, e: 1.2003369916220672e+33
#ERR  p: [255, 128], r: 5.7473198475081922e+33, e: -3.1318672288561700e+34
#ERR  p: [256, 128], r: -2.0386985826410342e+34, e: -1.1042168896837460e+34
#ERR  p: [257, 128], r: -1.3357442658016463e+33, e: -1.8216052469476907e+33
#ERR  p: [258, 128], r: 2.2779857692556881e+33, e: 6.6185950455276553e+33
#ERR  p: [259, 128], r: -5.6348728019797439e+34, e: -6.4476680839253775e+34
#ERR  p: [260, 128], r: 2.0529896100425525e+34, e: 2.7390235457854810e+34
#ERR  p: [261, 128], r: -1.5125913971052976e+34, e: 4.4984939824873559e+33
#ERR  p: [262, 128], r: 7.5457446672202641e+34, e: 4.0647426946124854e+34
#ERR  p: [263, 128], r: 1.4073023684720053e+34, e: 2.9224327805978772e+34
#ERR  p: [264, 128], r: -2.0237581318949068e+34, e: 1.9401295877169987e+34
#ERR  p: [265, 128], r: -3.0627490750547415e+34, e: -1.2602631930437939e+34
#ERR  p: [266, 128], r: -5.8532528525499207e+34, e: -6.8907872354595322e+34
#ERR  p: [267, 128], r: 3.1998801497905245e+34, e: -1.1314742248507433e+34
#ERR  p: [268, 128], r: -1.7166975038464982e+34, e: -2.8830676490826453e+33
#ERR  p: [269, 128], r: 9.9169346325487386e+33, e: -2.1326525370986139e+34
#ERR  p: [270, 128], r: 2.5885670368788223e+34, e: 1.2078734467872327e+34
#ERR  p: [271, 128], r: 5.1063793632242808e+34, e: 3.7003560344008652e+34
#ERR  p: [272, 128], r: -1.0834406657984234e+34, e: 2.0238420951780714e+33
#ERR  p: [273, 128], r: 2.9401521591441924e+33, e: 3.1223927785595033e+34
#ERR  p: [274, 128], r: -4.3891188851663943e+33, e: 4.7782585278455376e+33
#ERR  p: [275, 128], r: -1.9630223176874875e+34, e: 6.8087092111808290e+33
#ERR  p: [276, 128], r: -4.9163303132171735e+33, e: -5.2479342166904501e+33
#ERR  p: [277, 128], r: -9.9817271762648961e+32, e: 1.5446734797814057e+34
#ERR  p: [278, 128], r: -5.8238047348954001e+33, e: -5.7455205016610909e+33
#ERR  p: [279, 128], r: -5.8417513992329281e+34, e: -4.1771721613923758e+34
#ERR  p: [280, 128], r: 8.5270758295822957e+33, e: 1.6814789453383557e+33
#ERR  p: [281, 128], r: -2.7389336713386289e+33, e: 1.7768854057925299e+34
#ERR  p: [282, 128], r: -1.2671510914223778e+34, e: -3.1434573186799754e+34
#ERR  p: [283, 128], r: -2.6499124127615857e+34, e: 6.1789109300145096e+33
#ERR  p: [284, 128], r: -1.8774074987165460e+34, e: 3.7870049665836238e+33
#ERR  p: [285, 128], r: 1.1692909409648370e+34, e: 7.6243705719054161e+32
#ERR  p: [286, 128], r: -2.6645572434263318e+34, e: -4.1992287866603313e+34
#ERR  p: [287, 128], r: -2.2495035543168198e+33, e: 1.2011640593623138e+34
#ERR  p: [288, 128], r: -6.0520333412421157e+34, e: -1.5473612951947021e+34
#ERR  p: [289, 128], r: -3.7310012400733748e+34, e: -2.8033543378669851e+34
#ERR  p: [290, 128], r: 4.3495384758783307e+34, e: 1.4011684993713502e+34
#ERR  p: [291, 128], r: -4.4456447128882119e+34, e: -3.1576371790659659e+34
#ERR  p: [292, 128], r: 1.0315537707858199e+34, e: -4.5011484973135955e+34
#ERR  p: [293, 128], r: 1.5865373932659351e+34, e: 9.9162178652659923e+33
#ERR  p: [294, 128], r: -3.7535597262332565e+34, e: -2.3227109954500197e+34
#ERR  p: [295, 128], r: -1.4978877642886855e+34, e: 5.0698354970585803e+33
#ERR  p: [296, 128], r: -4.0872229429618844e+34, e: -3.3540264627782772e+34
#ERR  p: [297, 128], r: 2.0596739910786778e+34, e: 2.1912786538910831e+34
#ERR  p: [298, 128], r: 6.7634403436182451e+34, e: 4.0579684391295080e+34
#ERR  p: [299, 128], r: 1.1466975448958474e+34, e: 1.6902028635377047e+32
#ERR  p: [300, 128], r: 2.1901437104630662e+34, e: 4.9267376751274457e+33
#ERR  p: [301, 128], r: -1.5222550046399671e+34, e: -9.0265344988623556e+33
#ERR  p: [302, 128], r: -5.5991701160707378e+34, e: -4.4341501920354393e+34
#ERR  p: [303, 128], r: -4.6655459441786626e+34, e: -4.4586638806933684e+34
#ERR  p: [304, 128], r: -5.2919095607059847e+33, e: 4.0686267314857433e+33
#ERR  p: [305, 128], r: -8.7521197113839457e+33, e: -2.1325918780366889e+34
#ERR  p: [306, 128], r: 1.6934343822162552e+34, e: -5.1756669910170875e+33
#ERR  p: [307, 128], r: -6.5863099406851044e+34, e: -4.2124811823688891e+34
#ERR  p: [308, 128], r: -3.9965869153975974e+34, e: -1.0368785222767981e+34
#ERR  p: [309, 128], r: -1.4604825394436502e+34, e: 2.6155083259537900e+34
#ERR  p: [310, 128], r: 8.5693836683649129e+33, e: 2.6555190431995092e+34
#ERR  p: [311, 128], r: -7.6237675713122802e+34, e: -2.5610099964283140e+34
#ERR  p: [312, 128], r: 3.7604409397356282e+34, e: 7.8757949559442375e+33
#ERR  p: [313, 128], r: 3.9818928147192878e+34, e: 3.5184417359799100e+34
#ERR  p: [314, 128], r: 1.9884080113090892e+34, e: -4.2422818653465982e+33
#ERR  p: [315, 128], r: 7.7839057616781820e+33, e: -1.8090407745189637e+34
#ERR  p: [316, 128], r: 2.2993149190595575e+34, e: 1.2147658017499580e+34
#ERR  p: [317, 128], r: 8.0293751589520250e+34, e: 3.5895495070124779e+34
#ERR  p: [318, 128], r: -5.4742263134337116e+34, e: -1.8649325293526593e+34
#ERR  p: [319, 128], r: 1.1187562478571449e+34, e: -2.8778740263903284e+32
#ERR  p: [320, 128], r: 5.0369004117984026e+33, e: -4.4494595489132738e+34
#ERR  p: [321, 128], r: -2.6636547851376927e+34, e: -2.2488208303851540e+34
#ERR  p: [322, 128], r: 3.8716964679762643e+33, e: -1.8159549172263804e+34
#ERR  p: [323, 128], r: 1.4660558692945169e+34, e: -7.8182134129569173e+33
#ERR  p: [324, 128], r: 4.0230872502305717e+34, e: 1.4507592631990871e+34
#ERR  p: [325, 128], r: 8.9317651133008987e+34, e: 4.8906712824348976e+34
#ERR  p: [326, 128], r: 1.9959646448968950e+34, e: -4.2130773742918090e+34
#ERR  p: [327, 128], r: 1.1267244346110112e+33, e: -6.8338332042781258e+33
#ERR  p: [328, 128], r: -1.0698069845577656e+34, e: -1.2541907257690873e+34
#ERR  p: [329, 128], r: -3.3772754718920723e+34, e: -2.4560710572381316e+34
#ERR  p: [330, 128], r: 1.7638865402040177e+34, e: 2.6586609350192155e+34
#ERR  p: [331, 128], r: 4.3959899475604439e+34, e: 4.7800113271471617e+34
#ERR  p: [332, 128], r: 1.2450926092443633e+34, e: -1.4311161258317224e+34
#ERR  p: [333, 128], r: 4.7961169270582645e+34, e: 2.7114569731966702e+33
#ERR  p: [334, 128], r: 1.6099889293701574e+34, e: 6.6439616748726520e+33
#ERR  p: [335, 128], r: 7.1641929780119206e+33, e: -2.8516166682385649e+34
#ERR  p: [336, 128], r: 2.9775547843151452e+34, e: 2.0212932694826857e+34
#ERR  p: [337, 128], r: -2.3901038322186962e+33, e: -4.1611280871012255e+33
#ERR  p: [338, 128], r: -1.2085638459471421e+34, e: -3.3296952464821388e+34
#ERR  p: [339, 128], r: -3.5984681222315055e+34, e: -2.4354006772261679e+34
#ERR  p: [340, 128], r: 5.0954869764066166e+34, e: 5.0944708752223712e+34
#ERR  p: [341, 128], r: -3.1586584795983763e+34, e: 1.0391259405211187e+33
#ERR  p: [342, 128], r: 3.1591907938152690e+34, e: 5.6243795270307453e+34
#ERR  p: [343, 128], r: -1.1511830968341940e+34, e: -2.8021480890927054e+34
#ERR  p: [344, 128], r: -6.5602765568349485e+34, e: -2.1118425174502188e+34
#ERR  p: [345, 128], r: -7.1254323326178718e+34, e: -5.7199475077115453e+34
#ERR  p: [346, 128], r: 2.1297285227258218e+34, e: -5.3634773502571511e+32
#ERR  p: [347, 128], r: 1.0687746663590056e+34, e: -1.8049989002906969e+34
#ERR  p: [348, 128], r: -5.3611182079242849e+34, e: -3.2595228629432548e+34
#ERR  p: [349, 128], r: -6.3839800303122704e+33, e: 6.4073312932733105e+33
#ERR  p: [350, 128], r: 3.3932946635884330e+34, e: 8.7068253422565526e+33
#ERR  p: [351, 128], r: -2.9007532318658881e+34, e: -2.4098505851673491e+34
#ERR  p: [352, 128], r: -6.3537980618024614e+34, e: -4.1439664005426083e+34
#ERR  p: [353, 128], r: -1.9853120470648404e+34, e: -1.0925018917099767e+34
#ERR  p: [354, 128], r: 1.0672290982199578e+34, e: -5.9687217097142646e+33
#ERR  p: [355, 128], r: 6.6188841045268284e+33, e: -1.6804357642157509e+34
#ERR  p: [356, 128], r: 1.3969395724031474e+34, e: 7.5162798373752131e+33
#ERR  p: [357, 128], r: 2.1775654968999032e+34, e: 3.2656831001667467e+34
#ERR  p: [358, 128], r: 3.1615116838009213e+34, e: 2.9533755870558310e+34
#ERR  p: [359, 128], r: 6.3727430009876691e+34, e: 2.4780142871984885e+34
#ERR  p: [360, 128], r: -2.0203862308159013e+34, e: -2.5349164486922489e+34
#ERR  p: [361, 128], r: 3.4202921551411843e+34, e: 3.6430356348648322e+33
#ERR  p: [362, 128], r: -5.0160340039812180e+34, e: -5.5171045949864314e+34
#ERR  p: [363, 128], r: -1.8200927318076918e+34, e: -9.8229285608155050e+33
#ERR  p: [364, 128], r: 3.6326020905227292e+34, e: 3.8736812572412505e+34
#ERR  p: [365, 128], r: -1.7613665894600483e+34, e: -1.1013734652075114e+34
#ERR  p: [366, 128], r: 2.6473407161239743e+34, e: 4.8971179789834801e+34
#ERR  p: [367, 128], r: 3.9510604325128382e+34, e: 3.6905916585469978e+34
#ERR  p: [368, 128], r: 5.3557802104748864e+34, e: 5.6460216899735481e+34
#ERR  p: [369, 128], r: -1.4453654346539168e+34, e: 1.4885756079311691e+34
#ERR  p: [370, 128], r: -3.2240759354463651e+34, e: 1.2871134935258742e+34
#ERR  p: [371, 128], r: -8.0051046017178116e+33, e: 2.7801654926390992e+34
#ERR  p: [372, 128], r: 3.0336312398027022e+34, e: 8.5703690686361840e+33
#ERR  p: [373, 128], r: -2.1866462822640772e+34, e: 2.1293804139867748e+34
#ERR  p: [374, 128], r: 8.8707316983080351e+33, e: -1.4222002340807813e+34
#ERR  p: [375, 128], r: -2.5276096314043709e+34, e: -1.9409521988731038e+34
#ERR  p: [376, 128], r: -5.4575502707525061e+33, e: -1.2619006163337567e+34
#ERR  p: [377, 128], r: -3.5781822463957438e+34, e: -3.8717765626968061e+34
#ERR  p: [378, 128], r: 5.0245770281923265e+33, e: -7.9086195550559090e+33
#ERR  p: [379, 128], r: 2.6632254675320686e+34, e: 1.5342776307134989e+34
#ERR  p: [380, 128], r: 6.0202856261706185e+34, e: 2.2968016531918003e+34
#ERR  p: [381, 128], r: -3.4614979797008296e+34, e: -2.3315479066264545e+34
#ERR  p: [382, 128], r: 3.9613509328834019e+34, e: 1.9773826697312058e+34
#ERR  p: [383, 128], r: -1.9304505059318381e+34, e: -4.5478599364039586e+34
#ERR  p: [384, 128], r: -5.5719899045681880e+34, e: -2.8557885261709566e+34
#ERR  p: [385, 128], r: 2.4183844486221668e+34, e: -1.3372276274537200e+33
#ERR  p: [386, 128], r: 1.3570387842329167e+34, e: 4.0662794733772543e+34
#ERR  p: [387, 128], r: 5.5352146674091451e+34, e: 1.5546299839293702e+34
#ERR  p: [388, 128], r: -7.2211642165598731e+33, e: -5.6337258505333460e+33
#ERR  p: [389, 128], r: 2.5383126133960244e+34, e: -2.6024746123531719e+33
#ERR  p: [390, 128], r: 9.3956374630356453e+33, e: 4.5424733498080181e+33
#ERR  p: [391, 128], r: 3.8234372324547827e+34, e: -9.3494103060886506e+33
#ERR  p: [392, 128], r: 2.6627112272397494e+34, e: 2.5000496198977683e+33
#ERR  p: [393, 128], r: 2.1044480540075593e+34, e: 1.7782509774498656e+34
#ERR  p: [394, 128], r: 2.0662350732868904e+34, e: -2.0429340706914452e+34
#ERR  p: [395, 128], r: -3.2834720509432698e+34, e: 1.3299178700582487e+34
#ERR  p: [396, 128], r: 2.4994207463578113e+33, e: 2.3530298801281737e+34
#ERR  p: [397, 128], r: -1.1717779625037613e+34, e: -1.1980347945310082e+34
#ERR  p: [398, 128], r: 1.0708726033435825e+34, e: -1.8329320888221421e+33
#ERR  p: [399, 128], r: -5.7652372964607930e+34, e: -1.9243760579530686e+34
#ERR  p: [400, 128], r: 1.2361016983270415e+33, e: -1.5658634232278575e+34
#ERR  p: [401, 128], r: 2.3847310486541937e+34, e: 1.0856116412453182e+34
#ERR  p: [402, 128], r: -2.7215579449472193e+34, e: -2.7941492633228668e+34
#ERR  p: [403, 128], r: 1.0498099201331692e+34, e: 2.7353975729876626e+32
#ERR  p: [404, 128], r: 2.7585981012746693e+34, e: 6.1971228849024565e+34
#ERR  p: [405, 128], r: 2.3871736281457077e+33, e: 1.3707804138450001e+34
#ERR  p: [406, 128], r: -5.4783952003100090e+34, e: -3.7538204364055300e+34
#ERR  p: [407, 128], r: 4.6183586409371982e+34, e: 8.6833979459830964e+33
#ERR  p: [408, 128], r: -8.3133535284099302e+33, e: 1.4437030049751605e+34
#ERR  p: [409, 128], r: 4.5795561531698215e+34, e: 3.0257361534081558e+34
#ERR  p: [410, 128], r: -8.1875016967540881e+34, e: -1.7229954000023587e+34
#ERR  p: [411, 128], r: -5.4105154817238816e+34, e: -2.0037379179915758e+34
#ERR  p: [412, 128], r: -3.7906357828218458e+34, e: -3.6665362552916122e+34
#ERR  p: [413, 128], r: -3.7285714113642654e+34, e: -4.5384825406063719e+33
#ERR  p: [414, 128], r: -8.4592546655600265e+33, e: 1.6263615529477340e+34
#ERR  p: [415, 128], r: -2.9843971265002833e+34, e: -4.2955225715861642e+33
#ERR  p: [416, 128], r: -6.8037184559124500e+32, e: 9.4753917500666059e+33
#ERR  p: [417, 128], r: -6.2116548154356197e+34, e: -5.4986637449852207e+34
#ERR  p: [418, 128], r: -2.6728915509468167e+34, e: -4.0665161675127657e+34
#ERR  p: [419, 128], r: -5.0551350828860704e+34, e: -1.0034572360661910e+34
#ERR  p: [420, 128], r: -1.5199238397519888e+34, e: -1.4279583883795133e+34
#ERR  p: [421, 128], r: -1.0027509912737787e+34, e: 2.9235826412033674e+33
#ERR  p: [422, 128], r: 3.2039183101986734e+34, e: 2.0245714585007173e+34
#ERR  p: [423, 128], r: -2.7769144145079279e+34, e: 1.3954055480549659e+33
#ERR  p: [424, 128], r: 3.2649675708240398e+34, e: 3.4098994009233757e+34
#ERR  p: [425, 128], r: 6.8744147356759595e+33, e: 2.4457950407660276e+32
#ERR  p: [426, 128], r: -3.4501619151730855e+34, e: -2.5183800456474748e+34
#ERR  p: [427, 128], r: 1.9832907385686952e+34, e: -2.6416343077188844e+34
#ERR  p: [428, 128], r: -7.9171643123830724e+34, e: -6.4955174374998517e+34
#ERR  p: [429, 128], r: 1.2935395164758006e+34, e: 4.5769131511859472e+33
#ERR  p: [430, 128], r: -1.2822020902140133e+34, e: -4.1768294995895016e+34
#ERR  p: [431, 128], r: 3.2290992485377773e+34, e: -2.3975276348402867e+34
#ERR  p: [432, 128], r: 1.7456120693440869e+34, e: -8.6500054418784027e+32
#ERR  p: [433, 128], r: -4.8089934841708953e+34, e: -1.6884967345755616e+34
#ERR  p: [434, 128], r: -2.9740415104836533e+34, e: 7.3077630740680426e+33
#ERR  p: [435, 128], r: -2.4812740309099348e+34, e: -1.9448524527608763e+34
#ERR  p: [436, 128], r: 7.9197102598678667e+33, e: 1.1636338025733107e+34
#ERR  p: [437, 128], r: 5.2223995988821224e+34, e: 4.8277438191819274e+34
#ERR  p: [438, 128], r: 3.2927501639497059e+34, e: 1.9160843355699352e+34
#ERR  p: [439, 128], r: 2.7712830252692187e+34, e: -1.0387556107583665e+34
#ERR  p: [440, 128], r: 6.8653480628282334e+33, e: 1.9411572017436095e+34
#ERR  p: [441, 128], r: 3.3093984767740314e+34, e: 4.8678709027913394e+34
#ERR  p: [442, 128], r: 1.8949349346597700e+33, e: 8.8087443267208983e+33
#ERR  p: [443, 128], r: 5.0016129928755748e+34, e: 2.5258289784518628e+34
#ERR  p: [444, 128], r: -7.6617772822784985e+34, e: -7.2974020111152396e+34
#ERR  p: [445, 128], r: -5.8934438138653599e+34, e: -1.9623129780449770e+34
#ERR  p: [446, 128], r: 2.8810434933244098e+34, e: 5.8250197730439587e+33
#ERR  p: [447, 128], r: 3.1194932753994890e+34, e: 1.3905691329609848e+34
#ERR  p: [448, 128], r: 6.0651956149158135e+34, e: 1.7533660305741548e+34
#ERR  p: [449, 128], r: -3.1841645009917966e+34, e: 2.6517589241241838e+34
#ERR  p: [450, 128], r: -1.0585182093395223e+34, e: 1.5281211073101248e+34
#ERR  p: [451, 128], r: -2.6512058125146311e+34, e: -6.9929468754675150e+33
#ERR  p: [452, 128], r: 3.7519022483146573e+31, e: -7.0159911292988124e+33
#ERR  p: [453, 128], r: -4.7291178790160847e+33, e: 8.6439856489523678e+33
#ERR  p: [454, 128], r: 3.0286822031136471e+34, e: 3.1094097586034939e+34
#ERR  p: [455, 128], r: -6.6532716029380977e+34, e: -1.3868595218392622e+34
#ERR  p: [456, 128], r: -3.9573409975081487e+34, e: -1.6242587879970039e+34
#ERR  p: [457, 128], r: -5.4249701647985934e+34, e: -4.1884116665970556e+34
#ERR  p: [458, 128], r: -8.4822277378390650e+33, e: -1.6773041472983707e+34
#ERR  p: [459, 128], r: 1.9856251221007757e+34, e: 2.0788808783761984e+34
#ERR  p: [460, 128], r: 1.9582967291755234e+34, e: 2.1616304851262139e+34
#ERR  p: [461, 128], r: 5.8044354298647253e+34, e: 4.3164488338042482e+34
#ERR  p: [462, 128], r: 3.4396441290113091e+34, e: 1.4649168406643705e+34
#ERR  p: [463, 128], r: 4.5415291110430532e+33, e: 4.8477122871916163e+34
#ERR  p: [464, 128], r: 3.2591272173066992e+34, e: 5.1644289713404548e+33
#ERR  p: [465, 128], r: -4.8671142738393282e+34, e: -2.1332244653967637e+34
#ERR  p: [466, 128], r: 3.8452103694537418e+34, e: 3.2853183147178600e+34
#ERR  p: [467, 128], r: -4.4821144264455592e+34, e: -2.9323221883957124e+34
#ERR  p: [468, 128], r: -3.5625861826048109e+34, e: -3.2030828863631617e+33
#ERR  p: [469, 128], r: -8.9578387302023313e+33, e: 1.2458404178735947e+33
#ERR  p: [470, 128], r: -1.1919234559390680e+34, e: -3.8699944242162508e+34
#ERR  p: [471, 128], r: -2.4533891839370238e+33, e: -2.4924647612770668e+33
#ERR  p: [472, 128], r: -6.0040334541588643e+34, e: -3.6040982735301754e+34
#ERR  p: [473, 128], r: -1.4161759226736029e+34, e: -1.1060303480472952e+34
#ERR  p: [474, 128], r: 3.4883092850716724e+34, e: 1.6295839108699939e+34
#ERR  p: [475, 128], r: 6.5594307962001088e+34, e: 3.8052947260030397e+34
#ERR  p: [476, 128], r: -6.2176771461387353e+34, e: -4.4179866565304980e+34
#ERR  p: [477, 128], r: 1.2881866637459306e+34, e: 7.6318062587513837e+33
#ERR  p: [478, 128], r: 1.7602923050939565e+34, e: 1.2203767649780189e+33
#ERR  p: [479, 128], r: -2.2829956506976740e+34, e: -1.1588258910487341e+34
#ERR  p: [480, 128], r: 2.8375457465760315e+34, e: -8.8033654772502033e+33
#ERR  p: [481, 128], r: 7.3470622233791805e+34, e: 4.6069557276473327e+34
#ERR  p: [482, 128], r: -4.3825592884862290e+34, e: -2.6953061884741335e+34
#ERR  p: [483, 128], r: -2.0769012884593771e+32, e: 2.7912925928882119e+34
#ERR  p: [484, 128], r: 2.9334479710674385e+34, e: 5.1164813872238633e+33
#ERR  p: [485, 128], r: 4.0972462958719702e+34, e: 2.5487607035335891e+32
#ERR  p: [486, 128], r: -4.0840062795638052e+34, e: -2.8444861336122811e+34
#ERR  p: [487, 128], r: 1.1129412721106097e+34, e: -1.2824375464094854e+34
#ERR  p: [488, 128], r: 3.2772110454005801e+34, e: 5.0137556991329172e+34
#ERR  p: [489, 128], r: 3.9061828777966725e+34, e: 1.4131043458481280e+34
#ERR  p: [490, 128], r: -2.0031417260686560e+34, e: 2.8488397211424399e+34
#ERR  p: [491, 128], r: 1.0177472731156779e+34, e: 2.3599806658607532e+34
#ERR  p: [492, 128], r: -1.4967806745115526e+34, e: -1.0628133660998268e+34
#ERR  p: [493, 128], r: -6.1949753065223042e+34, e: -5.5190466753200623e+34
#ERR  p: [494, 128], r: -3.0872233972194213e+34, e: 3.0185317137615266e+33
#ERR  p: [495, 128], r: 2.9536255890467647e+33, e: -1.6145780968897922e+34
#ERR  p: [496, 128], r: 1.5377334641271680e+34, e: 3.3081001252608289e+34
#ERR  p: [497, 128], r: -3.2003401683091229e+34, e: -3.4861253112543651e+34
#ERR  p: [498, 128], r: -3.2075122977207267e+34, e: -1.9918371052179097e+34
#ERR  p: [499, 128], r: -6.2651075808039153e+34, e: -5.1134212613437518e+34
#ERR  p: [500, 128], r: -3.7818409616067468e+34, e: -6.4086014197536173e+33
#SDC Ite:35 KerTime:2.6677322 AccTime:92.0988182 KerErr:786432 AccErr:786432
#ABORT too many errors per iteration
#END
