#HEADER matrix_dim:2048 threads:4 block_size:16 block_offset:12 precision:Float
#BEGIN Y:2023 M:11 D:05 Time:14:24:47
#IT 0 KerTime:2.6729676 AccTime:2.6729676
#IT 1 KerTime:2.6583444 AccTime:5.3313119
#IT 2 KerTime:2.6522011 AccTime:7.9835130
#IT 3 KerTime:2.5986012 AccTime:10.5821142
#IT 4 KerTime:2.6604736 AccTime:13.2425878
#IT 5 KerTime:2.6027808 AccTime:15.8453685
#IT 6 KerTime:2.6343932 AccTime:18.4797618
#ERR  p: [1993, 620], r: 1.7953671078150370e+33, e: 3.1460191117972726e+33
#SDC Ite:7 KerTime:2.6343932 AccTime:18.4797618 KerErr:1 AccErr:1
#IT 7 KerTime:2.6314068 AccTime:21.1111686
#IT 8 KerTime:2.6637157 AccTime:23.7748843
#IT 9 KerTime:2.6016546 AccTime:26.3765389
#IT 10 KerTime:2.6334364 AccTime:29.0099753
#IT 11 KerTime:2.5980004 AccTime:31.6079757
#IT 12 KerTime:2.6292041 AccTime:34.2371798
#IT 13 KerTime:2.6022731 AccTime:36.8394530
#IT 14 KerTime:2.6017212 AccTime:39.4411742
#IT 15 KerTime:2.7398204 AccTime:42.1809945
#IT 16 KerTime:2.6010362 AccTime:44.7820307
#IT 17 KerTime:2.7135641 AccTime:47.4955948
#IT 18 KerTime:2.6459434 AccTime:50.1415382
#IT 19 KerTime:2.6996392 AccTime:52.8411774
#IT 20 KerTime:2.5986735 AccTime:55.4398509
#IT 21 KerTime:2.7072808 AccTime:58.1471318
#IT 22 KerTime:2.6019851 AccTime:60.7491169
#IT 23 KerTime:2.6431951 AccTime:63.3923120
