#HEADER matrix_dim:2048 threads:4 block_size:16 block_offset:12 precision:Float
#BEGIN Y:2023 M:11 D:06 Time:16:54:34
#IT 0 KerTime:2.6570786 AccTime:2.6570786
#IT 1 KerTime:2.6718558 AccTime:5.3289345
#IT 2 KerTime:2.6344428 AccTime:7.9633773
#IT 3 KerTime:2.5899664 AccTime:10.5533436
#IT 4 KerTime:2.6646912 AccTime:13.2180348
#IT 5 KerTime:2.5939881 AccTime:15.8120230
#IT 6 KerTime:2.6224662 AccTime:18.4344891
#IT 7 KerTime:2.5922363 AccTime:21.0267254
#IT 8 KerTime:2.6049216 AccTime:23.6316470
#IT 9 KerTime:2.5928909 AccTime:26.2245379
#IT 10 KerTime:2.5922504 AccTime:28.8167884
#IT 11 KerTime:2.6573404 AccTime:31.4741288
#IT 12 KerTime:2.5892857 AccTime:34.0634145
#IT 13 KerTime:2.6887079 AccTime:36.7521224
#IT 14 KerTime:2.5926960 AccTime:39.3448183
#IT 15 KerTime:2.6345605 AccTime:41.9793788
#IT 16 KerTime:2.5893243 AccTime:44.5687031
#IT 17 KerTime:2.6541425 AccTime:47.2228456
#IT 18 KerTime:2.5959718 AccTime:49.8188174
#IT 19 KerTime:2.6292493 AccTime:52.4480667
#IT 20 KerTime:2.5891989 AccTime:55.0372655
#IT 21 KerTime:2.6178579 AccTime:57.6551235
#IT 22 KerTime:2.5935925 AccTime:60.2487160
#IT 23 KerTime:2.5925775 AccTime:62.8412934
#IT 24 KerTime:2.7037743 AccTime:65.5450677
#IT 25 KerTime:2.5893159 AccTime:68.1343836
#IT 26 KerTime:2.6491822 AccTime:70.7835658
#IT 27 KerTime:2.5941805 AccTime:73.3777463
#IT 28 KerTime:2.6809910 AccTime:76.0587373
#ERR  p: [926, 2006], r: 2.1486712336189588e+34, e: 1.9499647737411132e+34
#SDC Ite:29 KerTime:2.6809910 AccTime:76.0587373 KerErr:1 AccErr:1
#IT 29 KerTime:2.5900504 AccTime:78.6487877
#IT 30 KerTime:2.6459334 AccTime:81.2947210
#IT 31 KerTime:2.6306085 AccTime:83.9253296
#IT 32 KerTime:2.6371067 AccTime:86.5624362
#IT 33 KerTime:2.5912720 AccTime:89.1537082
#IT 34 KerTime:2.6331103 AccTime:91.7868185
#IT 35 KerTime:2.5924432 AccTime:94.3792618
#IT 36 KerTime:2.6448125 AccTime:97.0240742
#ERR  p: [1422, 320], r: -2.2488552451182461e+34, e: -2.2571494433814581e+34
#ERR  p: [1422, 321], r: -3.2661408903932745e+34, e: -3.2831803922700142e+34
#ERR  p: [1422, 322], r: -1.0184377960695913e+34, e: -9.9349813224414409e+33
#ERR  p: [1422, 323], r: -4.1278781317920555e+34, e: -4.1008373123379293e+34
#ERR  p: [1422, 324], r: 2.7727103701345147e+34, e: 2.7421332511641659e+34
#ERR  p: [1422, 325], r: 2.8682991482079747e+34, e: 2.8920175841846668e+34
#ERR  p: [1422, 326], r: -1.0058436749769234e+34, e: -1.0433410644578835e+34
#ERR  p: [1422, 327], r: -2.1196368355255674e+34, e: -2.1309951829740186e+34
#ERR  p: [1422, 328], r: 3.8447315342465462e+34, e: 3.8765564967764948e+34
#ERR  p: [1422, 329], r: 9.0611770129217177e+33, e: 9.4274184786941992e+33
#ERR  p: [1422, 330], r: 3.2534710692672043e+33, e: 3.5496259407455244e+33
#ERR  p: [1422, 331], r: -2.8246558197109764e+34, e: -2.8150092957488490e+34
#ERR  p: [1422, 332], r: -2.0629682733172202e+32, e: -3.4686058600243945e+32
#ERR  p: [1422, 333], r: -1.3204840241948705e+34, e: -1.3279339473512899e+34
#ERR  p: [1422, 334], r: -1.4463445214309876e+34, e: -1.4803051781167113e+34
#ERR  p: [1422, 335], r: -1.2749757390286889e+34, e: -1.2850429150161654e+34
#SDC Ite:37 KerTime:2.6448125 AccTime:97.0240742 KerErr:16 AccErr:17
#IT 37 KerTime:2.5896795 AccTime:99.6137537
#IT 38 KerTime:2.6322803 AccTime:102.2460340
#IT 39 KerTime:2.5942544 AccTime:104.8402884
#IT 40 KerTime:2.6282656 AccTime:107.4685540
#IT 41 KerTime:2.5897708 AccTime:110.0583248
#IT 42 KerTime:2.6196577 AccTime:112.6779825
#IT 43 KerTime:2.6069583 AccTime:115.2849408
#IT 44 KerTime:2.5918051 AccTime:117.8767459
#IT 45 KerTime:2.5891317 AccTime:120.4658777
#ERR  p: [237, 2015], r: 1.7522502752167469e+34, e: 1.4802422907627156e+34
#SDC Ite:46 KerTime:2.5891317 AccTime:120.4658777 KerErr:1 AccErr:18
#IT 46 KerTime:2.6281967 AccTime:123.0940744
#IT 47 KerTime:2.5920530 AccTime:125.6861274
#IT 48 KerTime:2.5925066 AccTime:128.2786339
