#HEADER matrix_dim:2048 threads:4 block_size:16 block_offset:12 precision:Float
#BEGIN Y:2023 M:11 D:06 Time:05:24:17
#IT 0 KerTime:2.6789086 AccTime:2.6789086
#IT 1 KerTime:2.7078625 AccTime:5.3867711
#IT 2 KerTime:2.6591888 AccTime:8.0459600
#IT 3 KerTime:2.6023684 AccTime:10.6483284
#IT 4 KerTime:2.6736799 AccTime:13.3220082
#IT 5 KerTime:2.6037904 AccTime:15.9257987
#IT 6 KerTime:2.6406037 AccTime:18.5664023
#IT 7 KerTime:2.6008097 AccTime:21.1672120
#IT 8 KerTime:2.6313125 AccTime:23.7985245
#IT 9 KerTime:2.6343270 AccTime:26.4328515
#IT 10 KerTime:2.6037701 AccTime:29.0366217
#IT 11 KerTime:2.5999725 AccTime:31.6365942
#IT 12 KerTime:2.6004666 AccTime:34.2370608
#IT 13 KerTime:2.7190167 AccTime:36.9560775
#IT 14 KerTime:2.6218763 AccTime:39.5779538
#IT 15 KerTime:2.7142443 AccTime:42.2921982
#IT 16 KerTime:2.5999118 AccTime:44.8921100
#IT 17 KerTime:2.6777968 AccTime:47.5699068
#IT 18 KerTime:2.6248879 AccTime:50.1947947
#ERR  p: [28, 432], r: 5.4752596219845031e+33, e: 4.2714273066615136e+33
#ERR  p: [29, 432], r: -4.8937646470050639e+34, e: -4.9542830789415847e+34
#ERR  p: [30, 432], r: 1.8229631433767828e+34, e: 1.6907305973764520e+34
#ERR  p: [31, 432], r: -2.3506978486821679e+34, e: -2.1190708493396061e+34
#ERR  p: [28, 433], r: 2.2882707607930769e+34, e: 2.2854244890547519e+34
#ERR  p: [29, 433], r: -2.7813836256377560e+34, e: -2.7828144367351620e+34
#ERR  p: [30, 433], r: -1.2809281261195847e+34, e: -1.2840546674828039e+34
#ERR  p: [31, 433], r: -2.9245897673223281e+34, e: -2.9191128730005217e+34
#ERR  p: [28, 434], r: -1.2866123753979714e+34, e: -1.3517956129905274e+34
#ERR  p: [29, 434], r: 2.9431634482897541e+33, e: 2.6154782440108354e+33
#ERR  p: [30, 434], r: -3.5889240997046310e+34, e: -3.6605235805208031e+34
#ERR  p: [31, 434], r: -1.8749309996679556e+34, e: -1.7495129422018790e+34
#ERR  p: [28, 435], r: -1.1763779001017380e+34, e: -1.2689891847927087e+34
#ERR  p: [29, 435], r: 9.6139252870728953e+33, e: 9.1483546073982531e+33
#ERR  p: [30, 435], r: 3.2985724435424729e+34, e: 3.1968454635782203e+34
#ERR  p: [31, 435], r: -2.0624542806129089e+34, e: -1.8842629630661005e+34
#ERR  p: [28, 436], r: 1.8246330935412778e+33, e: 1.1966137322114115e+33
#ERR  p: [29, 436], r: -8.3867986540306729e+33, e: -8.7025105022496234e+33
#ERR  p: [30, 436], r: -1.2648179458303366e+34, e: -1.3338009165794751e+34
#ERR  p: [31, 436], r: 2.7214373695873929e+34, e: 2.8422731919980545e+34
#ERR  p: [28, 437], r: -1.2707359181881404e+34, e: -1.3699488895206122e+34
#ERR  p: [29, 437], r: -2.1389931112373287e+33, e: -2.6377518801676776e+33
#ERR  p: [30, 437], r: -3.3978331993604611e+34, e: -3.5068127748388710e+34
#ERR  p: [31, 437], r: -3.9120016911573295e+34, e: -3.7211068805153824e+34
#ERR  p: [28, 438], r: 3.0824060773505462e+34, e: 3.0689769038043784e+34
#ERR  p: [29, 438], r: 4.7091863016195665e+34, e: 4.7024350718213198e+34
#ERR  p: [30, 438], r: 2.8184703285106831e+34, e: 2.8037200253545900e+34
#ERR  p: [31, 438], r: 8.8365818843843086e+33, e: 9.0949573017437175e+33
#ERR  p: [28, 439], r: -2.0229461670231395e+34, e: -1.9189356828624212e+34
#ERR  p: [29, 439], r: -4.8500194360428325e+33, e: -4.3271457498897093e+33
#ERR  p: [30, 439], r: -2.1243459594350090e+33, e: -9.8186169704011789e+32
#ERR  p: [31, 439], r: 2.7552219911995302e+34, e: 2.5550970996246713e+34
#ERR  p: [28, 440], r: 2.9689709080827404e+34, e: 2.9715027430510868e+34
#ERR  p: [29, 440], r: 1.3738357736559604e+34, e: 1.3751083760163458e+34
#ERR  p: [30, 440], r: -9.4164373315757183e+33, e: -9.3886307224132901e+33
#ERR  p: [31, 440], r: -1.2232055817617900e+34, e: -1.2280766282283701e+34
#ERR  p: [28, 441], r: 1.3035529658655722e+34, e: 1.3499284280292733e+34
#ERR  p: [29, 441], r: 2.5111923181913760e+34, e: 2.5345061953632297e+34
#ERR  p: [30, 441], r: -3.2245146613962878e+34, e: -3.1735741715437180e+34
#ERR  p: [31, 441], r: -1.8879252848783224e+34, e: -1.9771567456740362e+34
#ERR  p: [28, 442], r: 4.3953521608522041e+34, e: 4.4814335594239523e+34
#ERR  p: [29, 442], r: -9.8694014488602978e+33, e: -9.4366621769675432e+33
#ERR  p: [30, 442], r: 2.3857979053800499e+34, e: 2.4803517655806672e+34
#ERR  p: [31, 442], r: -5.0718804502094758e+34, e: -5.2375074191215611e+34
#ERR  p: [28, 443], r: 3.0082883789064598e+34, e: 2.9450336043071025e+34
#ERR  p: [29, 443], r: -1.1622042294159439e+34, e: -1.1940029476170596e+34
#ERR  p: [30, 443], r: -2.6316889450312735e+34, e: -2.7011695676762048e+34
#ERR  p: [31, 443], r: 1.3970140963935124e+34, e: 1.5187210572098192e+34
#ERR  p: [28, 444], r: 2.7620484877521655e+34, e: 2.8141699724022136e+34
#ERR  p: [29, 444], r: -3.2900162971669480e+34, e: -3.2638140582954337e+34
#ERR  p: [30, 444], r: 2.8576167160209733e+34, e: 2.9148684717818278e+34
#ERR  p: [31, 444], r: -2.2437598839165475e+34, e: -2.3440454064990561e+34
#ERR  p: [28, 445], r: 1.3567960241912128e+34, e: 1.3317260052796289e+34
#ERR  p: [29, 445], r: -8.0780533133828008e+33, e: -8.2040842749623275e+33
#ERR  p: [30, 445], r: -2.1776677507471482e+34, e: -2.2052054793330436e+34
#ERR  p: [31, 445], r: -4.1673574013789095e+33, e: -3.6849841615510468e+33
#ERR  p: [28, 446], r: 9.8601509419167378e+33, e: 9.4654003360095336e+33
#ERR  p: [29, 446], r: -1.6815302270044831e+34, e: -1.7013749010102434e+34
#ERR  p: [30, 446], r: 1.0514940137626131e+34, e: 1.0081334307705876e+34
#ERR  p: [31, 446], r: -2.7559229128497736e+34, e: -2.6799698445034426e+34
#ERR  p: [28, 447], r: 3.4803028459705922e+33, e: 3.5064530913604566e+33
#ERR  p: [29, 447], r: 1.1834252451573818e+34, e: 1.1847399374791028e+34
#ERR  p: [30, 447], r: 5.4652358976924054e+34, e: 5.4681089089355789e+34
#ERR  p: [31, 447], r: 2.7056748647581780e+33, e: 2.6553600298014630e+33
#SDC Ite:19 KerTime:2.6248879 AccTime:50.1947947 KerErr:64 AccErr:64
#IT 19 KerTime:2.7192453 AccTime:52.9140400
#IT 20 KerTime:2.5996039 AccTime:55.5136439
#IT 21 KerTime:2.6767136 AccTime:58.1903575
#IT 22 KerTime:2.6034616 AccTime:60.7938192
#IT 23 KerTime:2.6836284 AccTime:63.4774476
#IT 24 KerTime:2.7125570 AccTime:66.1900046
#IT 25 KerTime:2.6514676 AccTime:68.8414722
#IT 26 KerTime:2.6033245 AccTime:71.4447966
#IT 27 KerTime:2.6580759 AccTime:74.1028726
#IT 28 KerTime:2.6418555 AccTime:76.7447281
#IT 29 KerTime:2.6301110 AccTime:79.3748391
#IT 30 KerTime:2.6033661 AccTime:81.9782052
#IT 31 KerTime:2.6036999 AccTime:84.5819051
