#HEADER matrix_dim:2048 threads:4 block_size:16 block_offset:12 precision:Float
#BEGIN Y:2023 M:11 D:05 Time:05:11:28
#IT 0 KerTime:2.6460763 AccTime:2.6460763
#IT 1 KerTime:2.6662526 AccTime:5.3123289
#ERR  p: [1174, 798], r: -2.4884090221203600e+34, e: -1.5488811141809328e+34
#SDC Ite:2 KerTime:2.6662526 AccTime:5.3123289 KerErr:1 AccErr:1
#IT 2 KerTime:2.7117011 AccTime:8.0240300
#ERR  p: [1160, 722], r: 2.0311578565827332e+32, e: -1.0899612673673513e+34
#ERR  p: [1209, 726], r: -6.0371122023606011e+34, e: -3.8733267112139992e+34
#SDC Ite:3 KerTime:2.7117011 AccTime:8.0240300 KerErr:2 AccErr:3
#IT 3 KerTime:2.6280674 AccTime:10.6520974
#IT 4 KerTime:2.5977882 AccTime:13.2498857
#IT 5 KerTime:2.5981505 AccTime:15.8480361
#IT 6 KerTime:2.5935614 AccTime:18.4415975
#IT 7 KerTime:2.6498984 AccTime:21.0914960
#IT 8 KerTime:2.7109945 AccTime:23.8024905
#IT 9 KerTime:2.6000026 AccTime:26.4024931
#IT 10 KerTime:2.6602335 AccTime:29.0627266
#IT 11 KerTime:2.5928724 AccTime:31.6555990
#IT 12 KerTime:2.6544183 AccTime:34.3100173
#IT 13 KerTime:2.5989741 AccTime:36.9089914
#IT 14 KerTime:2.6475613 AccTime:39.5565527
#IT 15 KerTime:2.5951224 AccTime:42.1516751
#IT 16 KerTime:2.6450066 AccTime:44.7966817
#IT 17 KerTime:2.5969992 AccTime:47.3936810
#IT 18 KerTime:2.6785748 AccTime:50.0722557
#IT 19 KerTime:2.5938066 AccTime:52.6660623
#IT 20 KerTime:2.5931302 AccTime:55.2591925
#IT 21 KerTime:2.7277818 AccTime:57.9869742
#IT 22 KerTime:2.5971780 AccTime:60.5841522
#IT 23 KerTime:2.6597222 AccTime:63.2438744
#IT 24 KerTime:2.6405956 AccTime:65.8844700
#IT 25 KerTime:2.6903904 AccTime:68.5748604
#IT 26 KerTime:2.5972209 AccTime:71.1720813
#IT 27 KerTime:2.6640334 AccTime:73.8361147
#IT 28 KerTime:2.5933224 AccTime:76.4294371
#IT 29 KerTime:2.6437623 AccTime:79.0731994
#IT 30 KerTime:2.6360158 AccTime:81.7092153
#IT 31 KerTime:2.6371353 AccTime:84.3463506
#IT 32 KerTime:2.5931840 AccTime:86.9395346
#IT 33 KerTime:2.6202232 AccTime:89.5597577
#IT 34 KerTime:2.5974642 AccTime:92.1572219
#IT 35 KerTime:2.5967194 AccTime:94.7539413
#IT 36 KerTime:2.7302996 AccTime:97.4842409
#IT 37 KerTime:2.5932167 AccTime:100.0774576
#IT 38 KerTime:2.6488097 AccTime:102.7262673
#ERR  p: [1238, 657], r: 4.1699490288511535e+34, e: 1.5606165381653504e+34
#SDC Ite:39 KerTime:2.6488097 AccTime:102.7262673 KerErr:1 AccErr:4
#IT 39 KerTime:2.5968671 AccTime:105.3231344
#IT 40 KerTime:2.5933892 AccTime:107.9165236
#IT 41 KerTime:2.6381730 AccTime:110.5546966
#IT 42 KerTime:2.7131591 AccTime:113.2678557
#IT 43 KerTime:2.5976596 AccTime:115.8655153
#IT 44 KerTime:2.6307344 AccTime:118.4962497
#IT 45 KerTime:2.5954102 AccTime:121.0916599
#IT 46 KerTime:2.6471447 AccTime:123.7388047
#IT 47 KerTime:2.6441562 AccTime:126.3829608
#IT 48 KerTime:2.6486109 AccTime:129.0315717
#IT 49 KerTime:2.5929250 AccTime:131.6244967
#IT 50 KerTime:2.6458367 AccTime:134.2703334
#IT 51 KerTime:2.5989863 AccTime:136.8693197
#IT 52 KerTime:2.6200403 AccTime:139.4893600
#IT 53 KerTime:2.5939445 AccTime:142.0833045
#IT 54 KerTime:2.5935681 AccTime:144.6768726
#IT 55 KerTime:2.7258369 AccTime:147.4027095
#IT 56 KerTime:2.5975032 AccTime:150.0002128
