#HEADER matrix_dim:2048 threads:4 block_size:16 block_offset:12 precision:Float
#BEGIN Y:2023 M:11 D:05 Time:03:09:31
#IT 0 KerTime:2.7140533 AccTime:2.7140533
#IT 1 KerTime:2.6912836 AccTime:5.4053368
#IT 2 KerTime:2.6973295 AccTime:8.1026663
#IT 3 KerTime:2.6022607 AccTime:10.7049270
#IT 4 KerTime:2.6790892 AccTime:13.3840163
#IT 5 KerTime:2.6117573 AccTime:15.9957736
#IT 6 KerTime:2.6617777 AccTime:18.6575513
#IT 7 KerTime:2.6224573 AccTime:21.2800086
#IT 8 KerTime:2.6515070 AccTime:23.9315156
#IT 9 KerTime:2.6050451 AccTime:26.5365607
#IT 10 KerTime:2.6917475 AccTime:29.2283082
#IT 11 KerTime:2.6022385 AccTime:31.8305467
#ERR  p: [1942, 1180], r: -1.4642978706447278e+34, e: 8.2099644901489331e+33
#SDC Ite:12 KerTime:2.6022385 AccTime:31.8305467 KerErr:1 AccErr:1
#IT 12 KerTime:2.6487867 AccTime:34.4793334
#IT 13 KerTime:2.6023017 AccTime:37.0816351
#IT 14 KerTime:2.6279981 AccTime:39.7096332
#IT 15 KerTime:2.6003298 AccTime:42.3099630
#IT 16 KerTime:2.6478211 AccTime:44.9577841
#IT 17 KerTime:2.7441079 AccTime:47.7018920
#IT 18 KerTime:2.6036852 AccTime:50.3055772
#IT 19 KerTime:2.7381035 AccTime:53.0436808
#IT 20 KerTime:2.6524316 AccTime:55.6961123
#IT 21 KerTime:2.6675946 AccTime:58.3637069
