#HEADER matrix_dim:2048 threads:4 block_size:16 block_offset:12 precision:Float
#BEGIN Y:2023 M:11 D:06 Time:10:26:49
#IT 0 KerTime:2.6630390 AccTime:2.6630390
#IT 1 KerTime:2.6871674 AccTime:5.3502064
#IT 2 KerTime:2.6329818 AccTime:7.9831881
#IT 3 KerTime:2.5831091 AccTime:10.5662973
#IT 4 KerTime:2.6499590 AccTime:13.2162563
#IT 5 KerTime:2.5850675 AccTime:15.8013238
#IT 6 KerTime:2.6131935 AccTime:18.4145173
#IT 7 KerTime:2.5823222 AccTime:20.9968395
#IT 8 KerTime:2.6397431 AccTime:23.6365826
#IT 9 KerTime:2.5851285 AccTime:26.2217110
#IT 10 KerTime:2.5871943 AccTime:28.8089053
#IT 11 KerTime:2.6544559 AccTime:31.4633612
#IT 12 KerTime:2.5820763 AccTime:34.0454375
#IT 13 KerTime:2.6732854 AccTime:36.7187229
#IT 14 KerTime:2.5852326 AccTime:39.3039556
#IT 15 KerTime:2.6361877 AccTime:41.9401432
#IT 16 KerTime:2.5839636 AccTime:44.5241068
#IT 17 KerTime:2.6541560 AccTime:47.1782628
#ERR  p: [1571, 880], r: -5.0501516314639231e+34, e: 1.1614067948653878e+33
#SDC Ite:18 KerTime:2.6541560 AccTime:47.1782628 KerErr:1 AccErr:1
#IT 18 KerTime:2.5856735 AccTime:49.7639363
