#HEADER matrix_dim:2048 threads:4 block_size:16 block_offset:12 precision:Float
#BEGIN Y:2023 M:11 D:02 Time:20:15:29
#IT 0 KerTime:2.6460430 AccTime:2.6460430
#IT 1 KerTime:2.6494168 AccTime:5.2954598
#IT 2 KerTime:2.6363378 AccTime:7.9317975
#IT 3 KerTime:2.5973184 AccTime:10.5291159
#IT 4 KerTime:2.6510310 AccTime:13.1801469
#IT 5 KerTime:2.5990301 AccTime:15.7791770
#IT 6 KerTime:2.6417539 AccTime:18.4209309
#IT 7 KerTime:2.5959576 AccTime:21.0168885
#IT 8 KerTime:2.6237670 AccTime:23.6406555
#ERR  p: [1558, 1909], r: -2.3753378072241041e+34, e: -2.4846511313371053e+34
#ERR  p: [1391, 1943], r: -1.1072002013844198e+34, e: -1.0320602120558915e+34
#SDC Ite:9 KerTime:2.6237670 AccTime:23.6406555 KerErr:2 AccErr:2
#IT 9 KerTime:2.6406092 AccTime:26.2812647
#IT 10 KerTime:2.6294104 AccTime:28.9106751
#IT 11 KerTime:2.5957036 AccTime:31.5063788
#IT 12 KerTime:2.6175878 AccTime:34.1239666
#IT 13 KerTime:2.6008459 AccTime:36.7248124
#IT 14 KerTime:2.5989028 AccTime:39.3237152
#IT 15 KerTime:2.7542019 AccTime:42.0779171
#IT 16 KerTime:2.5962948 AccTime:44.6742119
#IT 17 KerTime:2.7311509 AccTime:47.4053628
#IT 18 KerTime:2.5986560 AccTime:50.0040189
#IT 19 KerTime:2.6895292 AccTime:52.6935481
#IT 20 KerTime:2.5950143 AccTime:55.2885624
#IT 21 KerTime:2.6970967 AccTime:57.9856591
#IT 22 KerTime:2.5985822 AccTime:60.5842413
#IT 23 KerTime:2.6842657 AccTime:63.2685070
#IT 24 KerTime:2.5951013 AccTime:65.8636084
#IT 25 KerTime:2.6597893 AccTime:68.5233977
#IT 26 KerTime:2.5988553 AccTime:71.1222530
#IT 27 KerTime:2.6245507 AccTime:73.7468037
#IT 28 KerTime:2.5951857 AccTime:76.3419895
