#HEADER matrix_dim:2048 threads:4 block_size:16 block_offset:12 precision:Float
#BEGIN Y:2023 M:11 D:05 Time:13:19:41
#IT 0 KerTime:2.6476162 AccTime:2.6476162
#IT 1 KerTime:2.6287826 AccTime:5.2763988
#IT 2 KerTime:2.6397463 AccTime:7.9161451
#IT 3 KerTime:2.5921844 AccTime:10.5083294
#IT 4 KerTime:2.6351455 AccTime:13.1434749
#IT 5 KerTime:2.5960312 AccTime:15.7395061
#IT 6 KerTime:2.6650966 AccTime:18.4046027
#ERR  p: [1510, 851], r: -2.6909236331470554e+34, e: -2.6307661845259902e+34
#ERR  p: [0, 928], r: -5.8383950961984176e+34, e: -1.1820675963162975e+34
#ERR  p: [1, 928], r: 3.5330588367877760e+34, e: -1.9264255914821095e+34
#ERR  p: [2, 928], r: -1.9755802290340063e+34, e: -2.8009068066153139e+33
#ERR  p: [3, 928], r: -3.5844046282092079e+33, e: -5.9856870589826511e+33
#ERR  p: [4, 928], r: -1.4365645475326253e+34, e: -1.2168356374956431e+34
#ERR  p: [5, 928], r: 2.3341706063936845e+34, e: -4.1590693928158939e+33
#ERR  p: [6, 928], r: -1.2388925103516064e+34, e: -1.8032661556177092e+34
#ERR  p: [7, 928], r: -3.5458016963761640e+34, e: -2.0708134707281834e+34
#ERR  p: [8, 928], r: -3.1057231731665020e+34, e: -1.9073860736779004e+34
#ERR  p: [9, 928], r: -1.6836579983440068e+34, e: 2.8521323940589312e+34
#ERR  p: [10, 928], r: -3.9452859374055877e+34, e: -1.2149996486233790e+34
#ERR  p: [11, 928], r: 1.5744302158877202e+34, e: 9.1220025777819852e+33
#ERR  p: [12, 928], r: -7.4526113432147267e+33, e: -2.9610228378545125e+34
#ERR  p: [13, 928], r: 7.4973548290246378e+33, e: -5.0465287999389545e+33
#ERR  p: [14, 928], r: -2.3897100434921995e+34, e: -1.0248035313396046e+34
#ERR  p: [15, 928], r: -1.8920754788600266e+34, e: 1.8173607219349929e+34
#ERR  p: [16, 928], r: 1.3332828386730342e+34, e: 9.7920549552057473e+33
#ERR  p: [17, 928], r: -3.5576854255772880e+34, e: -3.3811227419461634e+34
#ERR  p: [18, 928], r: 3.0170709445151699e+33, e: 1.4389977186798407e+34
#ERR  p: [19, 928], r: -3.5732953542966609e+33, e: -1.5959199884116869e+34
#ERR  p: [20, 928], r: -5.5772749181839052e+34, e: -2.1343584184727491e+34
#ERR  p: [21, 928], r: -3.0645768935227464e+33, e: -3.7534670045243141e+33
#ERR  p: [22, 928], r: 1.7580110291895614e+34, e: -3.0731106331835601e+34
#ERR  p: [23, 928], r: -4.1295273155123915e+34, e: -1.2433513227851045e+34
#ERR  p: [24, 928], r: 5.8900077874923194e+34, e: 2.2456192698555541e+34
#ERR  p: [25, 928], r: 2.1270117395156061e+34, e: 8.3041451114277059e+32
#ERR  p: [26, 928], r: 4.3421464883157499e+34, e: 4.4951474591791557e+34
#ERR  p: [27, 928], r: 5.2516838132754416e+34, e: 8.6627181576268341e+33
#ERR  p: [28, 928], r: -8.0338867076311966e+34, e: -5.7158593345258092e+34
#ERR  p: [29, 928], r: 1.0170832420786052e+34, e: -1.2492471360162051e+34
#ERR  p: [30, 928], r: -5.4900325794433152e+33, e: -2.0607273542581058e+34
#ERR  p: [31, 928], r: -4.6329404604539446e+33, e: -3.2586124818383644e+34
#ERR  p: [32, 928], r: -2.3677559196594969e+34, e: -7.6348373549375740e+33
#ERR  p: [33, 928], r: 7.1680253927855403e+34, e: 6.4894054799378919e+34
#ERR  p: [34, 928], r: -4.1975427123268246e+34, e: -9.0609387094641553e+33
#ERR  p: [35, 928], r: -4.6220670141188815e+34, e: -6.6882155553970258e+33
#ERR  p: [36, 928], r: 3.2667039055231415e+34, e: 1.3719856722672484e+34
#ERR  p: [37, 928], r: -4.7492148452018515e+34, e: -3.4094002634995358e+34
#ERR  p: [38, 928], r: -7.0264480088106560e+33, e: -1.9104540604772613e+33
#ERR  p: [39, 928], r: -4.3976393788687878e+34, e: -2.3946444724887910e+34
#ERR  p: [40, 928], r: -7.3696433638417812e+33, e: -1.4026873280055494e+34
#ERR  p: [41, 928], r: -1.9023942042634860e+34, e: -5.5796983096048102e+34
#ERR  p: [42, 928], r: -2.3794415784543351e+34, e: -9.7612314861675806e+33
#ERR  p: [43, 928], r: -2.1123857255394572e+34, e: -2.2214665645130806e+34
#ERR  p: [44, 928], r: -5.5453642902032381e+34, e: -3.5310828368970687e+34
#ERR  p: [45, 928], r: -2.1039907589570473e+34, e: 1.0144321934844756e+34
#ERR  p: [46, 928], r: 2.9214557983188732e+34, e: 1.5934990728708604e+34
#ERR  p: [47, 928], r: 6.5278658010784101e+33, e: -8.6803841809574561e+33
#ERR  p: [48, 928], r: -3.8109083508021852e+33, e: -3.8851421061249546e+34
#ERR  p: [49, 928], r: -1.1616881941105678e+33, e: -2.1532705831954168e+32
#ERR  p: [50, 928], r: 2.5309404328740721e+34, e: 1.6318774423807779e+34
#ERR  p: [51, 928], r: -7.3747613793461988e+34, e: -4.5819795445907266e+34
#ERR  p: [52, 928], r: 1.0368041220804370e+34, e: 1.3219235008725515e+34
#ERR  p: [53, 928], r: -1.8564157494703838e+34, e: -1.3682761849395298e+34
#ERR  p: [54, 928], r: 5.3436008611923811e+34, e: 5.4148277220567283e+33
#ERR  p: [55, 928], r: -3.1803927452801019e+34, e: -9.3184729465668697e+33
#ERR  p: [56, 928], r: 2.8773806763361722e+34, e: 2.9498982134854784e+34
#ERR  p: [57, 928], r: -6.4513722481109272e+33, e: -1.2291744179809579e+33
#ERR  p: [58, 928], r: 1.2039216945938259e+34, e: 7.8772043506789639e+33
#ERR  p: [59, 928], r: -3.9640949507744819e+34, e: -4.1688606319686138e+34
#ERR  p: [60, 928], r: -2.0247077556990426e+34, e: -2.0365336112033300e+33
#ERR  p: [61, 928], r: 8.8784960582344330e+34, e: 3.1232197225057459e+34
#ERR  p: [62, 928], r: -9.2147366661248530e+32, e: -3.2480929625605329e+34
#ERR  p: [63, 928], r: 1.5559858996543995e+34, e: 8.7195346536698759e+33
#ERR  p: [64, 928], r: 2.0529783447881950e+34, e: -2.9373982377327982e+34
#ERR  p: [65, 928], r: -3.9102564432899450e+34, e: -4.2398738243821803e+34
#ERR  p: [66, 928], r: -6.4916119842639142e+34, e: -5.3328065192258283e+34
#ERR  p: [67, 928], r: -4.8028448835837727e+34, e: -2.1233702150960442e+34
#ERR  p: [68, 928], r: 3.3759912328953177e+33, e: 5.1348323008812199e+33
#ERR  p: [69, 928], r: -1.9523780140536961e+34, e: -5.1077683319483590e+34
#ERR  p: [70, 928], r: -1.9471573733200218e+34, e: -7.8413498933211415e+33
#ERR  p: [71, 928], r: 4.0432300820947939e+33, e: -4.0489366761908897e+33
#ERR  p: [72, 928], r: 1.5248606208346550e+34, e: 1.2499408776142206e+34
#ERR  p: [73, 928], r: -2.3125834079886260e+34, e: 3.4962397765513424e+33
#ERR  p: [74, 928], r: -2.6910730525097971e+33, e: 1.6513225093418570e+34
#ERR  p: [75, 928], r: 6.1940212261340270e+33, e: -5.0783091966274887e+33
#ERR  p: [76, 928], r: 1.2995513865855842e+33, e: -2.2488349429016018e+34
#ERR  p: [77, 928], r: -4.1566555335332913e+34, e: -1.5711705959702779e+34
#ERR  p: [78, 928], r: -1.4819106625536605e+34, e: -2.4906910407887787e+34
#ERR  p: [79, 928], r: -2.6117340943620168e+34, e: -2.2857493245210604e+34
#ERR  p: [80, 928], r: 1.7602979996181372e+34, e: 6.5914928242475805e+33
#ERR  p: [81, 928], r: 6.1211693213801099e+34, e: 2.2022891401884951e+34
#ERR  p: [82, 928], r: 9.9045478045156491e+33, e: 7.9811157996365395e+33
#ERR  p: [83, 928], r: 5.1937025394494362e+33, e: 9.3926707397314979e+33
#ERR  p: [84, 928], r: -2.8453200100227437e+34, e: -1.7275133859697346e+34
#ERR  p: [85, 928], r: 5.9053409128189081e+34, e: 2.4659124329624425e+34
#ERR  p: [86, 928], r: 9.0374642714692062e+33, e: -2.6587438770018476e+34
#ERR  p: [87, 928], r: -5.1163843946217853e+34, e: -9.6133193154236651e+33
#ERR  p: [88, 928], r: -2.8006753118279676e+33, e: 2.0961100945639586e+33
#ERR  p: [89, 928], r: -3.7732570853743419e+34, e: -3.3366321672862783e+34
#ERR  p: [90, 928], r: 2.9759033723027385e+34, e: -9.3252710942926054e+33
#ERR  p: [91, 928], r: -6.0960218074220667e+34, e: -1.5826476618684966e+34
#ERR  p: [92, 928], r: -1.7491762225111934e+34, e: 1.4664727456027463e+33
#ERR  p: [93, 928], r: -3.6489991015190797e+33, e: -1.2674920201091969e+34
#ERR  p: [94, 928], r: 1.5117940399259939e+34, e: 3.8309323404226360e+33
#ERR  p: [95, 928], r: -2.4114098944408329e+34, e: -2.1647057757718067e+34
#ERR  p: [96, 928], r: 1.5269068119255898e+34, e: 4.3190715954684802e+33
#ERR  p: [97, 928], r: 4.9300249011077641e+34, e: 4.2903599902403324e+34
#ERR  p: [98, 928], r: 1.1239326941314167e+34, e: 3.1945966217028545e+34
#ERR  p: [99, 928], r: -4.8719026259112841e+34, e: 3.3557004671964008e+33
#ERR  p: [100, 928], r: -1.4546926938799125e+34, e: -2.1159911021098719e+34
#ERR  p: [101, 928], r: 2.6110779861411955e+33, e: -1.8077463844138869e+34
#ERR  p: [102, 928], r: -5.3303365812594461e+34, e: -3.8591433845958988e+34
#ERR  p: [103, 928], r: 5.4536594252090321e+33, e: 2.1262403171801254e+33
#ERR  p: [104, 928], r: -5.5103216739231790e+34, e: -3.2816641633098974e+34
#ERR  p: [105, 928], r: -4.3703616176911423e+34, e: -4.2211992513015525e+34
#ERR  p: [106, 928], r: -3.4256903164764921e+34, e: -4.2447230831040690e+34
#ERR  p: [107, 928], r: -1.6950478513664578e+33, e: 1.0631058913311099e+34
#ERR  p: [108, 928], r: 3.1120445901831089e+34, e: 1.2517462893675144e+34
#ERR  p: [109, 928], r: 5.6799362952898103e+33, e: -2.7243940655772221e+33
#ERR  p: [110, 928], r: -3.7986614099935349e+33, e: -8.4284664778129795e+33
#ERR  p: [111, 928], r: -6.0616991770688559e+34, e: -1.4372457549877430e+33
#ERR  p: [112, 928], r: -1.8352546500268473e+34, e: -3.5332853798149652e+34
#ERR  p: [113, 928], r: -7.2249369626235992e+34, e: -2.9987453467316166e+34
#ERR  p: [114, 928], r: 2.5912600516402837e+34, e: 1.4260530748650492e+34
#ERR  p: [115, 928], r: 2.4072043645393727e+34, e: 1.5886439958307871e+34
#ERR  p: [116, 928], r: 1.5243520750665166e+34, e: 3.9058722786408158e+33
#ERR  p: [117, 928], r: 4.5772793338495679e+34, e: 3.0208150941639885e+34
#ERR  p: [118, 928], r: -1.7248076204258686e+33, e: 7.6073837134288470e+32
#ERR  p: [119, 928], r: 3.9506145265106876e+34, e: 3.6130530365983502e+34
#ERR  p: [120, 928], r: -3.3062555946022936e+34, e: -1.2338611506499389e+34
#ERR  p: [121, 928], r: 4.4598240780981867e+34, e: -4.7979074216340849e+31
#ERR  p: [122, 928], r: 3.9250765662642538e+34, e: 2.0461948047549229e+34
#ERR  p: [123, 928], r: -3.1749812141923698e+34, e: -4.4278376881871153e+34
#ERR  p: [124, 928], r: 2.1632366194816837e+33, e: 3.0120910831191366e+34
#ERR  p: [125, 928], r: 2.5381895621561195e+34, e: 4.1549996649367432e+34
#ERR  p: [126, 928], r: 2.9468868005459128e+34, e: 4.3706839772773722e+34
#ERR  p: [127, 928], r: 9.7182161646525118e+33, e: 2.3125923211569089e+34
#ERR  p: [128, 928], r: -2.2395805983439200e+34, e: 2.6462280556166646e+33
#ERR  p: [129, 928], r: 1.7037071800442571e+34, e: -2.0785127150085149e+34
#ERR  p: [130, 928], r: -2.6793857843929078e+34, e: -1.3946006084929216e+34
#ERR  p: [131, 928], r: -1.0195486987020452e+35, e: -4.0463067963714318e+34
#ERR  p: [132, 928], r: -6.2453540191850464e+34, e: -3.8391298555687799e+34
#ERR  p: [133, 928], r: 1.1184463914653118e+34, e: 2.6304935282323376e+33
#ERR  p: [134, 928], r: 1.1323318697099602e+34, e: 1.4720092467374443e+34
#ERR  p: [135, 928], r: 2.7283156120336703e+34, e: 2.6438487348611581e+34
#ERR  p: [136, 928], r: -4.1045011196781983e+34, e: -9.5241703014345678e+33
#ERR  p: [137, 928], r: 6.0071287994330935e+33, e: 1.3547770677811423e+34
#ERR  p: [138, 928], r: -1.8641138796046799e+34, e: -5.9788585817259529e+33
#ERR  p: [139, 928], r: -6.7245823961371085e+34, e: -1.4047168069059538e+34
#ERR  p: [140, 928], r: 1.8256817834970574e+34, e: 9.6409854183916345e+33
#ERR  p: [141, 928], r: -3.1019515412488113e+33, e: 1.1619543512190142e+33
#ERR  p: [142, 928], r: -2.1377040752229218e+34, e: 1.3754581559744458e+33
#ERR  p: [143, 928], r: -1.9408557633440435e+34, e: -8.3959061788996954e+33
#ERR  p: [144, 928], r: 8.4142307863312172e+33, e: 6.6186414682791285e+33
#ERR  p: [145, 928], r: -6.2555883170778265e+33, e: 2.1895002292306457e+34
#ERR  p: [146, 928], r: -4.4738514242713372e+34, e: -2.5744693757114404e+34
#ERR  p: [147, 928], r: 1.3959177766947212e+34, e: -4.4507209479163036e+33
#ERR  p: [148, 928], r: 5.4583489896658530e+34, e: 5.3580607436152579e+33
#ERR  p: [149, 928], r: 8.8772537854050102e+33, e: 9.0417172144741712e+33
#ERR  p: [150, 928], r: 4.7467830357886793e+34, e: 2.7090096895330069e+34
#ERR  p: [151, 928], r: 5.2109222853958958e+33, e: 2.6088796522194325e+34
#ERR  p: [152, 928], r: 1.5754948443215056e+34, e: 1.8521925789233636e+33
#ERR  p: [153, 928], r: 9.1621705134126937e+34, e: 3.3313035781811783e+34
#ERR  p: [154, 928], r: 3.4645465308415738e+34, e: 6.2931498937498235e+33
#ERR  p: [155, 928], r: -4.1189035616832522e+34, e: -5.2321565470957540e+34
#ERR  p: [156, 928], r: 2.7457539781910677e+34, e: -1.0235918356291520e+34
#ERR  p: [157, 928], r: -1.8830695888682294e+34, e: 4.7196773482764944e+33
#ERR  p: [158, 928], r: -4.0749334170158827e+34, e: -1.5317450529811289e+34
#ERR  p: [159, 928], r: 5.9803007818717204e+33, e: -5.9943223097266862e+33
#ERR  p: [160, 928], r: -7.4943790687582036e+34, e: -5.6937947864416023e+34
#ERR  p: [161, 928], r: 4.9122327316871389e+34, e: 4.2665593550450317e+34
#ERR  p: [162, 928], r: -6.4050324386203576e+33, e: -3.2484852657589824e+33
#ERR  p: [163, 928], r: -7.8239902601502426e+33, e: 8.0904890400474421e+33
#ERR  p: [164, 928], r: -1.0312738106459355e+34, e: -3.3208405089691383e+34
#ERR  p: [165, 928], r: -3.1905245417376292e+34, e: -2.0862431553778364e+34
#ERR  p: [166, 928], r: 2.2108564280243735e+34, e: -9.6927802106653151e+33
#ERR  p: [167, 928], r: -9.8782601477814240e+33, e: -6.5297945116596168e+33
#ERR  p: [168, 928], r: 4.1194309241399878e+34, e: 4.6061797868307086e+34
#ERR  p: [169, 928], r: -6.0865253217927006e+33, e: -2.9060246281411731e+34
#ERR  p: [170, 928], r: -2.6444622579446279e+34, e: -9.9052757132587489e+33
#ERR  p: [171, 928], r: -3.2560620777694286e+34, e: -2.5140378471656774e+34
#ERR  p: [172, 928], r: 2.3025050905407959e+34, e: -6.5504582067953683e+33
#ERR  p: [173, 928], r: 7.3428233928906635e+33, e: 1.0332341505951459e+34
#ERR  p: [174, 928], r: 2.4770120509426831e+34, e: 1.3993347387911567e+34
#ERR  p: [175, 928], r: -8.4451467294903185e+34, e: -4.9187675695665186e+34
#ERR  p: [176, 928], r: -5.7464111995193567e+34, e: -4.8930876021233282e+32
#ERR  p: [177, 928], r: -4.3213292886151269e+34, e: -2.9207370503320641e+34
#ERR  p: [178, 928], r: 5.6478711723922404e+33, e: -1.2262790154973238e+34
#ERR  p: [179, 928], r: 4.4103520327202172e+34, e: 1.3889656292280985e+34
#ERR  p: [180, 928], r: -1.0834722332694252e+34, e: -6.3711165953640560e+33
#ERR  p: [181, 928], r: -3.2772303572651929e+34, e: -6.6003323350980977e+33
#ERR  p: [182, 928], r: -2.9360766129468571e+34, e: -7.2540346194529981e+33
#ERR  p: [183, 928], r: -4.2580933307043668e+34, e: -9.3972461661166967e+33
#ERR  p: [184, 928], r: -6.3300361741303903e+32, e: 1.2922641906473288e+34
#ERR  p: [185, 928], r: -4.7410479071746780e+34, e: -8.3785007419473430e+33
#ERR  p: [186, 928], r: 2.2126917979266180e+34, e: -1.4812052843192757e+34
#ERR  p: [187, 928], r: 1.0762002020966511e+34, e: -3.7161608148824216e+34
#ERR  p: [188, 928], r: -4.1998893514652940e+34, e: -2.5267992758546547e+34
#ERR  p: [189, 928], r: -1.8342125521017769e+34, e: -1.9496560314953154e+34
#ERR  p: [190, 928], r: 2.1262041074339763e+34, e: 4.6222220042118000e+34
#ERR  p: [191, 928], r: -4.3147355247898773e+34, e: 1.7463941998609074e+33
#ERR  p: [192, 928], r: -2.9609247930034011e+34, e: -1.1667636863746359e+34
#ERR  p: [193, 928], r: 3.5815321121420501e+34, e: 1.0328525555780361e+34
#ERR  p: [194, 928], r: -7.8792580932041384e+34, e: -5.5522150503806434e+34
#ERR  p: [195, 928], r: 2.6878500756175176e+34, e: -4.4299872472713305e+34
#ERR  p: [196, 928], r: 7.0974905404031536e+34, e: 3.7130330355791632e+34
#ERR  p: [197, 928], r: -4.4092467998531432e+34, e: -4.1702956520621534e+34
#ERR  p: [198, 928], r: -3.9818413164136535e+34, e: -2.5839675944568614e+34
#ERR  p: [199, 928], r: -3.8090432084419958e+34, e: 7.9939451912336735e+33
#ERR  p: [200, 928], r: 2.1151255344344036e+34, e: 2.9101026502185870e+34
#ERR  p: [201, 928], r: 3.4244949615745582e+34, e: -2.8141459563654514e+33
#ERR  p: [202, 928], r: -6.2722299450259398e+33, e: 6.0586531018081903e+33
#ERR  p: [203, 928], r: 1.8450123410045026e+34, e: 4.8940953626865590e+33
#ERR  p: [204, 928], r: 4.4303376461994502e+33, e: -1.7500188882959350e+34
#ERR  p: [205, 928], r: -4.8490933330994431e+34, e: -4.4391905886993937e+34
#ERR  p: [206, 928], r: 1.0838459673672854e+34, e: 3.9152413183431374e+33
#ERR  p: [207, 928], r: -8.7967103115990051e+33, e: 7.2665672149257135e+32
#ERR  p: [208, 928], r: 4.5660645874456737e+34, e: -2.3399455966769508e+33
#ERR  p: [209, 928], r: -9.1103318980616223e+33, e: -9.4993997402184869e+33
#ERR  p: [210, 928], r: 4.7984759455971267e+33, e: 4.9363038567810235e+33
#ERR  p: [211, 928], r: -9.9139146778229019e+33, e: -1.0037416527902169e+34
#ERR  p: [212, 928], r: 2.1168153225880281e+34, e: -1.3679894780264313e+34
#ERR  p: [213, 928], r: -5.3201983475137145e+34, e: -2.7438745376234247e+34
#ERR  p: [214, 928], r: -4.5505779575542136e+34, e: -2.4298727797747430e+34
#ERR  p: [215, 928], r: -3.2917627829743718e+34, e: 1.5581556681097559e+33
#ERR  p: [216, 928], r: 6.4124977122332641e+34, e: 1.4436420983252276e+34
#ERR  p: [217, 928], r: 5.4938090393271591e+34, e: 3.0372975230230498e+34
#ERR  p: [218, 928], r: 2.5046389112114071e+34, e: 6.6624045055779256e+32
#ERR  p: [219, 928], r: 6.0230368241139263e+34, e: 3.0240627060630498e+34
#ERR  p: [220, 928], r: 3.5874004431042785e+33, e: -8.7136618661235061e+32
#ERR  p: [221, 928], r: 1.6891258557035264e+33, e: -8.9954652987263908e+33
#ERR  p: [222, 928], r: 6.0963798196814280e+34, e: 7.0247219490138804e+34
#ERR  p: [223, 928], r: -2.7755675357451854e+34, e: -2.9784433776753442e+34
#ERR  p: [224, 928], r: -4.4200223251310989e+34, e: -4.2908640794243294e+34
#ERR  p: [225, 928], r: -2.8472676610865514e+33, e: 4.7579894260973082e+33
#ERR  p: [226, 928], r: -3.7400015593349952e+34, e: 9.8766514447003727e+33
#ERR  p: [227, 928], r: 1.3271255725056366e+34, e: -4.1679243779169022e+33
#ERR  p: [228, 928], r: -7.9000356788235042e+33, e: 5.6838085717326950e+33
#ERR  p: [229, 928], r: -2.1982819282813283e+34, e: -2.9762415775214713e+34
#ERR  p: [230, 928], r: -1.2162510822090926e+34, e: 1.5368753240919353e+34
#ERR  p: [231, 928], r: 4.5815021949115781e+34, e: 1.6979438263973601e+34
#ERR  p: [232, 928], r: 3.1434065631383647e+34, e: 1.8276752383423187e+34
#ERR  p: [233, 928], r: 1.4039716907963080e+34, e: 6.3178344181331739e+33
#ERR  p: [234, 928], r: 4.4096944389713488e+34, e: 2.2081319695859142e+34
#ERR  p: [235, 928], r: 8.9381192119345427e+34, e: 3.5492156874165052e+34
#ERR  p: [236, 928], r: -1.6313199979810877e+34, e: -4.0492657206533317e+34
#ERR  p: [237, 928], r: 4.2705291811630120e+34, e: 3.5018430026541578e+32
#ERR  p: [238, 928], r: -6.3332031961328941e+34, e: -1.2182087605872185e+34
#ERR  p: [239, 928], r: 9.1865673405309142e+31, e: 1.9948283397348350e+34
#ERR  p: [240, 928], r: 4.4445971680269687e+33, e: -1.9229045186283701e+34
#ERR  p: [241, 928], r: 5.0847332388733524e+34, e: 1.9018483655516641e+33
#ERR  p: [242, 928], r: -3.7409193680801214e+34, e: -8.8406033326019272e+33
#ERR  p: [243, 928], r: 1.5839929313091880e+34, e: 7.5080370136236314e+33
#ERR  p: [244, 928], r: -5.3569862116611582e+33, e: 8.8388033677848063e+33
#ERR  p: [245, 928], r: -2.6228871913519545e+34, e: -9.2430947775747829e+33
#ERR  p: [246, 928], r: -2.8965603289528285e+34, e: -5.2612456621388819e+34
#ERR  p: [247, 928], r: 1.3952562215377271e+34, e: 1.2255850263113004e+34
#ERR  p: [248, 928], r: -3.1425877895963814e+34, e: -2.2586035277516027e+34
#ERR  p: [249, 928], r: 1.2713848463567338e+34, e: -1.5965155613645871e+34
#ERR  p: [250, 928], r: -3.4014011901416894e+32, e: -1.2387018675855565e+34
#ERR  p: [251, 928], r: -6.3695496108623286e+34, e: -1.7143154596229053e+34
#ERR  p: [252, 928], r: -2.3067896010167626e+34, e: 3.0938520090567768e+33
#ERR  p: [253, 928], r: 7.2525645656563467e+33, e: 1.4120402125903583e+34
#ERR  p: [254, 928], r: 1.6542285735840794e+34, e: 1.4665156402251075e+34
#ERR  p: [255, 928], r: -2.0435666580515201e+34, e: -1.4791598359923645e+34
#ERR  p: [256, 928], r: -4.8123770218862701e+34, e: -2.0301381034753719e+34
#ERR  p: [257, 928], r: 5.9997967281684140e+34, e: 4.1381448637138649e+34
#ERR  p: [258, 928], r: 5.2870822135227913e+33, e: 3.8065381129784980e+33
#ERR  p: [259, 928], r: -3.7094316204168742e+34, e: 1.2998155010929657e+34
#ERR  p: [260, 928], r: -3.5796279127736213e+34, e: -7.3511312084943076e+33
#ERR  p: [261, 928], r: -1.8574054825317924e+34, e: -4.0853546438545949e+34
#ERR  p: [262, 928], r: -4.5073015544848596e+34, e: -2.7954711356968157e+34
#ERR  p: [263, 928], r: 2.5705522858391336e+34, e: -9.3572730822481717e+33
#ERR  p: [264, 928], r: 1.8717405805987093e+34, e: -2.1495368012944272e+34
#ERR  p: [265, 928], r: 5.4415956995261961e+34, e: 2.1476322305439866e+33
#ERR  p: [266, 928], r: 4.0012230008447211e+34, e: 2.8530113314868238e+34
#ERR  p: [267, 928], r: -5.8161542654526164e+34, e: -4.3009305126477824e+34
#ERR  p: [268, 928], r: -2.5630516071411035e+34, e: -9.0143443485530076e+32
#ERR  p: [269, 928], r: -5.9213430209427266e+34, e: -3.0450876321022648e+34
#ERR  p: [270, 928], r: -5.5210595658239404e+34, e: -1.4942411643149626e+34
#ERR  p: [271, 928], r: -1.1009350487425985e+33, e: -1.1677114532687128e+34
#ERR  p: [272, 928], r: 2.0135082359576317e+34, e: 2.5379887682817474e+34
#ERR  p: [273, 928], r: 6.7430732589159064e+34, e: 2.6672695700524061e+34
#ERR  p: [274, 928], r: 5.0154803971956496e+34, e: 6.5592178705133517e+33
#ERR  p: [275, 928], r: -3.0144439119578024e+34, e: -6.0732607942717578e+33
#ERR  p: [276, 928], r: -6.2981283934118135e+34, e: -4.1274839716835471e+34
#ERR  p: [277, 928], r: 2.1886388705513109e+34, e: 2.1096035790951672e+34
#ERR  p: [278, 928], r: 6.6985737710877384e+34, e: 3.4139704905365696e+34
#ERR  p: [279, 928], r: 3.4239165959882040e+34, e: 3.6257250860164910e+34
#ERR  p: [280, 928], r: -2.5811245413626386e+34, e: -7.1537435261403127e+33
#ERR  p: [281, 928], r: 3.4051363028282213e+34, e: 8.5087827896217757e+33
#ERR  p: [282, 928], r: 3.6532142873528465e+34, e: 3.0578485656152264e+34
#ERR  p: [283, 928], r: -1.8081702550833382e+34, e: -4.1255374347657747e+34
#ERR  p: [284, 928], r: 9.8458323084523435e+33, e: -4.8864105404076852e+33
#ERR  p: [285, 928], r: 3.7098309798735476e+34, e: 3.3182648509234011e+34
#ERR  p: [286, 928], r: -2.0935076351163709e+34, e: -2.8915630126022413e+33
#ERR  p: [287, 928], r: 1.6412906146455000e+34, e: -2.4583533234945581e+34
#ERR  p: [288, 928], r: -1.0659883109185820e+34, e: -2.3485111513967742e+34
#ERR  p: [289, 928], r: 4.7642231350621317e+34, e: 1.3356739198589139e+34
#ERR  p: [290, 928], r: 1.9698260361433999e+34, e: 3.6028130441813893e+34
#ERR  p: [291, 928], r: -1.2144992732594998e+34, e: 1.1596205247599514e+33
#ERR  p: [292, 928], r: -4.4383388859523653e+34, e: 2.9618594377330616e+33
#ERR  p: [293, 928], r: -1.5341214026805411e+34, e: -3.1885380193565879e+33
#ERR  p: [294, 928], r: -4.1518122788205932e+33, e: -8.7868055533446828e+32
#ERR  p: [295, 928], r: -5.3786098055033716e+34, e: -6.4372911753400717e+34
#ERR  p: [296, 928], r: 1.0857718306864017e+34, e: -6.1572748329778994e+33
#ERR  p: [297, 928], r: -2.9696126561991059e+34, e: -1.6678397243160221e+34
#ERR  p: [298, 928], r: -6.1806013371381538e+31, e: 5.5801050967017194e+33
#ERR  p: [299, 928], r: -2.7409978125601333e+34, e: -1.2954506483084494e+34
#ERR  p: [300, 928], r: -7.3236873157633901e+33, e: 3.7137733856196578e+33
#ERR  p: [301, 928], r: 1.2395639690289148e+34, e: -1.0743023162224226e+34
#ERR  p: [302, 928], r: -1.0014992482030553e+34, e: -4.1165403341482565e+34
#ERR  p: [303, 928], r: -8.6139056867017959e+34, e: -5.8810153910469504e+34
#ERR  p: [304, 928], r: -2.0640291879308877e+34, e: -3.0015539850927473e+34
#ERR  p: [305, 928], r: 2.5675938567332494e+34, e: 4.3713356289140520e+34
#ERR  p: [306, 928], r: 4.1663283018242516e+34, e: 1.1550080839675780e+34
#ERR  p: [307, 928], r: -7.0179823558520029e+33, e: -3.7203920939366991e+34
#ERR  p: [308, 928], r: -3.9965237804555938e+34, e: -4.4394337201231093e+34
#ERR  p: [309, 928], r: 4.2231814408924563e+34, e: -1.8318967067217848e+33
#ERR  p: [310, 928], r: 1.7990160598748346e+34, e: 2.0432901022467437e+34
#ERR  p: [311, 928], r: 1.8670017461283248e+34, e: -1.9023902428553603e+34
#ERR  p: [312, 928], r: 2.1674552405990595e+34, e: 2.7044869993934817e+34
#ERR  p: [313, 928], r: -1.2662284547110984e+34, e: -1.1068030702198171e+34
#ERR  p: [314, 928], r: -2.1572662513117172e+34, e: -1.3637942230272970e+34
#ERR  p: [315, 928], r: 3.0239463396993570e+34, e: 3.3796389470150760e+34
#ERR  p: [316, 928], r: 4.7456886967939510e+34, e: -1.5465222813330765e+33
#ERR  p: [317, 928], r: -6.9767260233387547e+34, e: -3.1207864275645265e+34
#ERR  p: [318, 928], r: 1.0836927103904219e+35, e: 4.7048247912731563e+34
#ERR  p: [319, 928], r: -4.5645646992940756e+34, e: -2.9571438765354157e+34
#ERR  p: [320, 928], r: -2.2625874663860310e+34, e: -1.4048290880675170e+34
#ERR  p: [321, 928], r: -3.5936156448655147e+34, e: -1.8103166264719522e+33
#ERR  p: [322, 928], r: -1.8278713280445415e+34, e: -6.9444029137369977e+33
#ERR  p: [323, 928], r: -1.0350072366391638e+33, e: 4.5096979588129082e+33
#ERR  p: [324, 928], r: -2.4214166589543924e+34, e: 1.0991253660961692e+34
#ERR  p: [325, 928], r: -9.3733861097995102e+33, e: 1.1967799256616856e+33
#ERR  p: [326, 928], r: -7.6611305824019758e+34, e: -3.9605561753781807e+34
#ERR  p: [327, 928], r: 6.2275861133891912e+33, e: -3.7061188928717465e+33
#ERR  p: [328, 928], r: -1.8603790145061559e+34, e: 6.0092450579302518e+33
#ERR  p: [329, 928], r: -2.2917399639591702e+34, e: 4.5331590889524349e+33
#ERR  p: [330, 928], r: 1.5471098695727233e+34, e: 7.0915587031169098e+33
#ERR  p: [331, 928], r: -2.0855929892692037e+34, e: -8.8437297501711424e+33
#ERR  p: [332, 928], r: -5.1502876108896861e+34, e: -6.8025257006845985e+33
#ERR  p: [333, 928], r: -7.5665821691375313e+34, e: -4.0078660346835343e+34
#ERR  p: [334, 928], r: -3.7311611819264504e+34, e: -3.5303985036433517e+34
#ERR  p: [335, 928], r: -1.7715340385907070e+34, e: 2.3933226001148421e+34
#ERR  p: [336, 928], r: -4.1099562262553132e+34, e: -2.8579532500206530e+33
#ERR  p: [337, 928], r: 9.5825496967772074e+33, e: -2.5997926771550621e+34
#ERR  p: [338, 928], r: 2.4198462082205550e+34, e: 1.2929951942405268e+34
#ERR  p: [339, 928], r: 1.7319031213490406e+34, e: 3.1856820916859565e+33
#ERR  p: [340, 928], r: -1.3048961308081969e+34, e: 6.6349160470055938e+33
#ERR  p: [341, 928], r: -1.1698197889496197e+34, e: 3.5400052897302181e+33
#ERR  p: [342, 928], r: 2.5672024200928273e+34, e: 4.2359634193860857e+33
#ERR  p: [343, 928], r: 2.4370691728111167e+34, e: 2.8124489881595990e+34
#ERR  p: [344, 928], r: 3.7890811777205112e+34, e: -5.1981634563810010e+33
#ERR  p: [345, 928], r: 3.6333109349892240e+34, e: 3.2071471054091375e+34
#ERR  p: [346, 928], r: -7.5707134226366345e+34, e: -5.9089764951262814e+34
#ERR  p: [347, 928], r: -6.5754824219254987e+34, e: -5.2494060036031565e+34
#ERR  p: [348, 928], r: -6.2281332828865553e+33, e: 4.3228665006589095e+33
#ERR  p: [349, 928], r: -7.9325662671758454e+33, e: -3.3245159529457766e+34
#ERR  p: [350, 928], r: -1.2998474399459793e+34, e: 2.9287494934423348e+33
#ERR  p: [351, 928], r: 3.3895231554647462e+34, e: -1.4688752777339894e+34
#ERR  p: [352, 928], r: 6.9210954738533483e+34, e: 5.9176732714902691e+34
#ERR  p: [353, 928], r: 3.9650078077594509e+34, e: 1.6123385395647210e+34
#ERR  p: [354, 928], r: 3.9309161770175708e+34, e: 2.3471974494270846e+34
#ERR  p: [355, 928], r: -1.9816487349005871e+34, e: -3.3634241607925082e+34
#ERR  p: [356, 928], r: -4.9798247530081364e+34, e: -3.5430552026050055e+34
#ERR  p: [357, 928], r: -1.7943851737758759e+34, e: -3.2239479324463030e+34
#ERR  p: [358, 928], r: 5.8881246331045585e+34, e: 2.5779955241193409e+34
#ERR  p: [359, 928], r: 1.6973086393632028e+32, e: 5.2350860084047189e+34
#ERR  p: [360, 928], r: -4.2393751821343562e+33, e: -2.7707695277409231e+34
#ERR  p: [361, 928], r: -3.3619057035403208e+34, e: 6.1536328133823218e+33
#ERR  p: [362, 928], r: 3.7805976984252925e+33, e: 1.0545887400668226e+34
#ERR  p: [363, 928], r: -2.2494375721127259e+34, e: -1.8102951791607716e+34
#ERR  p: [364, 928], r: -4.6564797665069522e+34, e: -1.2991225022589738e+34
#ERR  p: [365, 928], r: -1.3427993789310366e+34, e: -6.6291645775830739e+33
#ERR  p: [366, 928], r: 8.8746423508921377e+33, e: -2.2275594577984354e+34
#ERR  p: [367, 928], r: -2.7768737481776374e+33, e: -1.9756528032688094e+33
#ERR  p: [368, 928], r: 2.8024714390309667e+34, e: -2.1225346984150295e+33
#ERR  p: [369, 928], r: 1.3495910893685680e+34, e: 3.9612094363369116e+33
#ERR  p: [370, 928], r: 3.9864744308046830e+34, e: 2.1093223191182416e+33
#ERR  p: [371, 928], r: 3.3786532991557970e+34, e: 1.5001054100750613e+34
#ERR  p: [372, 928], r: -1.7490604751175202e+34, e: -6.8550211670205147e+33
#ERR  p: [373, 928], r: 5.3538574420058683e+34, e: 8.2215200414456425e+33
#ERR  p: [374, 928], r: 2.3954164518972894e+34, e: 2.1219933781843510e+34
#ERR  p: [375, 928], r: -2.0564447006921980e+34, e: -1.2929586750093679e+34
#ERR  p: [376, 928], r: -7.1868138563497823e+34, e: -3.4005705323753289e+34
#ERR  p: [377, 928], r: -1.5792368894722575e+34, e: -9.2619888374243760e+33
#ERR  p: [378, 928], r: -1.6400025380346236e+33, e: 7.5370858956154825e+33
#ERR  p: [379, 928], r: 5.2229140867624494e+34, e: 2.9531797449416161e+34
#ERR  p: [380, 928], r: 3.5228596963921116e+34, e: 3.2556045351309087e+34
#ERR  p: [381, 928], r: 4.1170330342838920e+34, e: 4.7310577310576449e+34
#ERR  p: [382, 928], r: -3.2438879278350883e+34, e: -4.3216981947468340e+34
#ERR  p: [383, 928], r: -3.0509482878362497e+34, e: 3.1174623109710374e+33
#ERR  p: [384, 928], r: 1.7397058574166563e+34, e: -1.4272643991934899e+34
#ERR  p: [385, 928], r: -1.9450911276004505e+34, e: -6.7147625605694811e+33
#ERR  p: [386, 928], r: -1.8598161231702928e+34, e: -3.5044577177081345e+34
#ERR  p: [387, 928], r: -6.4620086289284672e+33, e: 2.9222626876364794e+34
#ERR  p: [388, 928], r: 4.2780033679442015e+34, e: 1.5427337515338495e+34
#ERR  p: [389, 928], r: -2.6869661864294679e+33, e: 2.3941388977767469e+33
#ERR  p: [390, 928], r: 1.7087304931356693e+34, e: 9.5879471153484916e+33
#ERR  p: [391, 928], r: -7.6846524335004294e+34, e: -1.8382798041008490e+34
#ERR  p: [392, 928], r: 8.5212024230659062e+33, e: -9.6521027389144368e+33
#ERR  p: [393, 928], r: -2.2906307696839705e+34, e: 2.2989608682083219e+34
#ERR  p: [394, 928], r: -5.0062017890131978e+34, e: -4.2388077104203477e+34
#ERR  p: [395, 928], r: 1.6534469382432746e+34, e: -1.0810150460854476e+34
#ERR  p: [396, 928], r: -4.2618623629479751e+32, e: 1.7187757575844505e+33
#ERR  p: [397, 928], r: 3.7190704691507580e+34, e: 2.1204771492242343e+34
#ERR  p: [398, 928], r: -5.0336122573630547e+34, e: -4.6370183587373546e+34
#ERR  p: [399, 928], r: 6.9114271621465295e+34, e: 8.6387621609566031e+33
#ERR  p: [400, 928], r: 1.0476110910353906e+33, e: 1.4651480878637090e+34
#ERR  p: [401, 928], r: -1.5889427107622666e+34, e: 3.3828749222777680e+34
#ERR  p: [402, 928], r: -2.6116771491202096e+34, e: 6.0522467621048885e+33
#ERR  p: [403, 928], r: -8.5684802197242424e+34, e: -3.6563044332789106e+34
#ERR  p: [404, 928], r: 9.3138275765694513e+31, e: -3.3023848036874561e+34
#ERR  p: [405, 928], r: 5.2437941738170680e+34, e: 2.1415285671802900e+34
#ERR  p: [406, 928], r: 2.7815826863960731e+34, e: 2.6071616390329123e+34
#ERR  p: [407, 928], r: -1.2460950930881766e+34, e: -2.5199769882981529e+34
#ERR  p: [408, 928], r: 6.3524551444478446e+34, e: 3.2571962784334219e+34
#ERR  p: [409, 928], r: -6.4928741879279696e+34, e: -2.5049389878769299e+34
#ERR  p: [410, 928], r: 8.4885622770200883e+33, e: -3.4273494037171424e+34
#ERR  p: [411, 928], r: 2.9441279273743614e+34, e: -5.2273386082568592e+33
#ERR  p: [412, 928], r: -4.8489933075442688e+34, e: -3.3696814525150801e+34
#ERR  p: [413, 928], r: 1.6719677591710232e+34, e: -1.0498109104852007e+34
#ERR  p: [414, 928], r: 5.4613017242475565e+34, e: 1.9055643211160880e+34
#ERR  p: [415, 928], r: 6.2117186931416469e+34, e: 5.5142771399367036e+34
#ERR  p: [416, 928], r: -7.1728984199561832e+34, e: -4.7174671301303543e+34
#ERR  p: [417, 928], r: -1.1166302096336762e+34, e: -3.5236050600897654e+33
#ERR  p: [418, 928], r: -5.9667046102142530e+34, e: -2.8408069758155249e+34
#ERR  p: [419, 928], r: 3.6774125488887656e+34, e: -1.4000714369085355e+34
#ERR  p: [420, 928], r: 7.7316922361862130e+32, e: 2.6360960115711295e+34
#ERR  p: [421, 928], r: 4.4036270472508033e+34, e: 5.9321829191027251e+34
#ERR  p: [422, 928], r: -3.9284507575323320e+33, e: 1.7736152633847536e+34
#ERR  p: [423, 928], r: -1.0572844782963704e+34, e: -1.0974692499116132e+34
#ERR  p: [424, 928], r: -2.1333029507952544e+34, e: -2.7368918130378316e+34
#ERR  p: [425, 928], r: 2.5416743633667078e+34, e: 1.5928269952235324e+34
#ERR  p: [426, 928], r: -2.7504878609012950e+34, e: -8.2563643397314080e+33
#ERR  p: [427, 928], r: -3.9450747448348856e+34, e: -5.6083722195587618e+33
#ERR  p: [428, 928], r: -5.1266272343008364e+33, e: -1.4649434563752151e+34
#ERR  p: [429, 928], r: 3.4833345611268021e+33, e: -1.2324782478320532e+34
#ERR  p: [430, 928], r: 1.3969925562368288e+34, e: -6.1623949529803837e+33
#ERR  p: [431, 928], r: -6.1086403778305104e+34, e: -2.1582387770065798e+34
#ERR  p: [432, 928], r: -6.3604344107650625e+34, e: -6.0752244147620723e+34
#ERR  p: [433, 928], r: -3.1073780514110187e+34, e: -3.3401966918353966e+34
#ERR  p: [434, 928], r: 9.1810999783474103e+33, e: -3.7212223803210478e+33
#ERR  p: [435, 928], r: 2.1532679525728333e+34, e: -1.4840386814811921e+34
#ERR  p: [436, 928], r: 7.9847250138210760e+33, e: 4.4576496983161839e+33
#ERR  p: [437, 928], r: -4.7130496648941684e+34, e: -2.8899319028064788e+34
#ERR  p: [438, 928], r: 3.2127757711797603e+34, e: 2.1336453650101207e+34
#ERR  p: [439, 928], r: -3.8834206267063244e+34, e: -1.7286594708581050e+34
#ERR  p: [440, 928], r: -1.7688348341290492e+34, e: -1.4228991750269618e+34
#ERR  p: [441, 928], r: -7.2411086685327998e+33, e: -9.2923815033288714e+33
#ERR  p: [442, 928], r: -1.8063971535650698e+34, e: -1.4790554776470527e+34
#ERR  p: [443, 928], r: -1.2551102676302685e+33, e: 9.4401915440195458e+33
#ERR  p: [444, 928], r: -1.3470699006845594e+34, e: 1.8658918090891016e+34
#ERR  p: [445, 928], r: -1.9499793814335767e+34, e: -3.3585801014187845e+34
#ERR  p: [446, 928], r: 1.4374625492371229e+34, e: -3.5911517109083230e+33
#ERR  p: [447, 928], r: -3.9019517225363990e+33, e: 2.2624337142331517e+34
#ERR  p: [448, 928], r: -3.8661704274348983e+34, e: -1.3666778805548084e+34
#ERR  p: [449, 928], r: 2.0093269696809414e+34, e: -5.4432792979796242e+33
#ERR  p: [450, 928], r: 2.8260499877832196e+34, e: 3.7448627022812610e+34
#ERR  p: [451, 928], r: 1.6318861079610529e+34, e: 2.6957537037983352e+31
#ERR  p: [452, 928], r: -1.2215765764640943e+34, e: 1.8406856167731962e+33
#ERR  p: [453, 928], r: -2.9280441152079500e+34, e: -2.0663176438875107e+34
#ERR  p: [454, 928], r: -2.3727492746019584e+34, e: -2.5984175733594239e+34
#ERR  p: [455, 928], r: 6.6614905344469212e+34, e: 1.9337038123550800e+33
#ERR  p: [456, 928], r: 2.0051032420609036e+34, e: -1.0081371445907055e+34
#ERR  p: [457, 928], r: 7.5589931015206962e+33, e: 1.8662256815176968e+34
#ERR  p: [458, 928], r: -4.9711933398782230e+34, e: 1.5445140331043458e+34
#ERR  p: [459, 928], r: -4.7012956718091615e+34, e: -2.6709759625300265e+34
#ERR  p: [460, 928], r: -5.9210677030779896e+34, e: -1.5659817702956132e+34
#ERR  p: [461, 928], r: -9.0806114335984589e+33, e: 2.7363258268518703e+34
#ERR  p: [462, 928], r: -1.0666734116951233e+35, e: -6.0422917434849711e+34
#ERR  p: [463, 928], r: 4.4266814521904228e+34, e: 1.6053345224104522e+34
#ERR  p: [464, 928], r: 9.8836909907337690e+33, e: 2.1343188043914920e+34
#ERR  p: [465, 928], r: 1.1118699588006121e+34, e: -1.4732738024875743e+34
#ERR  p: [466, 928], r: 1.9954712019972359e+34, e: 5.8448992331648230e+33
#ERR  p: [467, 928], r: -1.1221650395493212e+34, e: -3.9869809958687586e+34
#ERR  p: [468, 928], r: 1.0879331502009900e+34, e: -2.5306804654658222e+34
#ERR  p: [469, 928], r: 2.7238132241107894e+34, e: 3.1616592462536041e+33
#ERR  p: [470, 928], r: -5.0764869488896607e+33, e: -2.5434976014565673e+33
#ERR  p: [471, 928], r: 9.5402010059732938e+33, e: -3.1694434132206306e+34
#ERR  p: [472, 928], r: 1.7691330538845130e+34, e: 2.0040501264694836e+34
#ERR  p: [473, 928], r: -4.7188293593495839e+32, e: -1.7293612590663759e+34
#ERR  p: [474, 928], r: 1.0389561570447307e+34, e: 3.2980223648860164e+33
#ERR  p: [475, 928], r: -5.2124213069894665e+34, e: -1.1996659043267706e+34
#ERR  p: [476, 928], r: -7.3694991438272045e+33, e: -1.7987329429878500e+34
#ERR  p: [477, 928], r: -3.7521927928418776e+34, e: -1.2549452502230318e+34
#ERR  p: [478, 928], r: -1.6778435177734873e+34, e: -2.1814927378805321e+34
#ERR  p: [479, 928], r: 2.3982939197246043e+34, e: -7.3162472961272849e+32
#ERR  p: [480, 928], r: -5.8817373576778616e+34, e: -1.4153700237080281e+34
#ERR  p: [481, 928], r: -3.3972375026135570e+34, e: -4.9466911021656573e+33
#ERR  p: [482, 928], r: 6.7832280723821984e+33, e: -9.2997175360016765e+33
#ERR  p: [483, 928], r: -2.0967312309786700e+34, e: -9.4073644690277957e+33
#ERR  p: [484, 928], r: -2.0840277997805332e+33, e: -1.2147065353705772e+33
#ERR  p: [485, 928], r: -2.1521820315703722e+34, e: -1.4796098271966447e+34
#ERR  p: [486, 928], r: 2.8362369963664990e+34, e: 4.2194562317262387e+34
#ERR  p: [487, 928], r: -7.3751902636728092e+32, e: 1.4640297328322186e+34
#ERR  p: [488, 928], r: -3.2692869912091143e+33, e: -9.9123195920822827e+33
#ERR  p: [489, 928], r: -3.6928872945558486e+34, e: -2.2719764988199870e+34
#ERR  p: [490, 928], r: 3.8666094009728289e+34, e: -1.9064339739936860e+34
#ERR  p: [491, 928], r: -1.1933970997618334e+34, e: -5.5326356669253019e+33
#ERR  p: [492, 928], r: 2.3344937087439380e+34, e: 3.0956516643888880e+33
#ERR  p: [493, 928], r: 4.4283145426902480e+34, e: 2.4635878291566724e+34
#ERR  p: [494, 928], r: 3.9749655498474547e+34, e: 1.4621046122771259e+34
#ERR  p: [495, 928], r: -4.0739551967968394e+34, e: -1.5912939302788814e+33
#ERR  p: [496, 928], r: 2.3838870211354089e+34, e: -1.6829078066801999e+34
#ERR  p: [497, 928], r: -5.2182767633752863e+34, e: -2.9260116652514512e+34
#ERR  p: [498, 928], r: 1.2469955706727528e+34, e: 1.5289028664449336e+34
#ERR  p: [499, 928], r: 2.1243080784698068e+34, e: 3.1995166905949903e+34
#SDC Ite:7 KerTime:2.6650966 AccTime:18.4046027 KerErr:196609 AccErr:196609
#ABORT too many errors per iteration
#END
