#HEADER matrix_dim:2048 threads:4 block_size:16 block_offset:12 precision:Float
#BEGIN Y:2023 M:10 D:31 Time:07:04:24
#IT 0 KerTime:2.6762231 AccTime:2.6762231
#IT 1 KerTime:2.6549992 AccTime:5.3312223
#IT 2 KerTime:2.6621402 AccTime:7.9933625
#IT 3 KerTime:2.5948040 AccTime:10.5881665
#IT 4 KerTime:2.6421954 AccTime:13.2303619
#IT 5 KerTime:2.5978136 AccTime:15.8281754
#IT 6 KerTime:2.6321759 AccTime:18.4603513
#IT 7 KerTime:2.6209956 AccTime:21.0813469
#IT 8 KerTime:2.5952406 AccTime:23.6765875
#IT 9 KerTime:2.5978990 AccTime:26.2744866
#IT 10 KerTime:2.5998889 AccTime:28.8743754
#IT 11 KerTime:2.6738991 AccTime:31.5482745
#IT 12 KerTime:2.5957396 AccTime:34.1440142
#IT 13 KerTime:2.6852600 AccTime:36.8292741
#IT 14 KerTime:2.5980052 AccTime:39.4272793
#ERR  p: [142, 1373], r: 1.5039728585517928e+34, e: 1.5281466088749341e+34
#SDC Ite:15 KerTime:2.5980052 AccTime:39.4272793 KerErr:1 AccErr:1
#IT 15 KerTime:2.7145398 AccTime:42.1418191
#IT 16 KerTime:2.5938436 AccTime:44.7356627
#IT 17 KerTime:2.6369795 AccTime:47.3726422
#IT 18 KerTime:2.6001603 AccTime:49.9728024
#IT 19 KerTime:2.6934002 AccTime:52.6662027
#IT 20 KerTime:2.5943485 AccTime:55.2605512
#IT 21 KerTime:2.6571547 AccTime:57.9177058
#IT 22 KerTime:2.5977486 AccTime:60.5154544
#IT 23 KerTime:2.6270062 AccTime:63.1424606
#IT 24 KerTime:2.5957531 AccTime:65.7382137
