#HEADER matrix_dim:2048 threads:4 block_size:16 block_offset:12 precision:Float
#BEGIN Y:2023 M:10 D:30 Time:20:38:27
#IT 0 KerTime:2.6565014 AccTime:2.6565014
#IT 1 KerTime:2.6360361 AccTime:5.2925375
#IT 2 KerTime:2.7211109 AccTime:8.0136484
#IT 3 KerTime:2.5971604 AccTime:10.6108088
#ERR  p: [1232, 416], r: 5.0320232375286280e+33, e: 7.6181715871586945e+33
#ERR  p: [1233, 416], r: -5.6305830921556122e+34, e: -5.8946158954945553e+34
#ERR  p: [1234, 416], r: 9.9783178893967042e+33, e: 1.0001221018063523e+34
#ERR  p: [1235, 416], r: -6.5344318350467798e+34, e: -6.5747401530779432e+34
#ERR  p: [1236, 416], r: -4.1374050707463880e+34, e: -4.3737862550158213e+34
#ERR  p: [1237, 416], r: 2.6712424910204846e+33, e: 3.1385487626302050e+33
#ERR  p: [1238, 416], r: -2.8907552567266075e+33, e: -2.8600815784331944e+33
#ERR  p: [1239, 416], r: -8.2570990571447239e+33, e: -1.0400825586864765e+34
#ERR  p: [1240, 416], r: 7.8538591226756153e+32, e: -1.5839233900274811e+32
#ERR  p: [1241, 416], r: 1.3946587916747680e+34, e: 1.4588457351237071e+34
#ERR  p: [1242, 416], r: -1.8489231173826090e+34, e: -1.6232924520023377e+34
#ERR  p: [1243, 416], r: -1.7696001286613354e+34, e: -1.5149345700116570e+34
#ERR  p: [1244, 416], r: 3.4676802522570208e+34, e: 3.4376569876602482e+34
#ERR  p: [1245, 416], r: 1.3229935762425098e+34, e: 1.2229910467529818e+34
#ERR  p: [1246, 416], r: -3.2820612944745002e+34, e: -3.4697874737918924e+34
#ERR  p: [1247, 416], r: -1.3600348467159952e+34, e: -1.1226798988116599e+34
#ERR  p: [1232, 417], r: -2.3951682449194127e+33, e: -4.4137343943925547e+33
#ERR  p: [1233, 417], r: 1.4088280057764206e+34, e: 1.5035143255612415e+34
#ERR  p: [1234, 417], r: 4.5234502347093295e+34, e: 4.2309458008188542e+34
#ERR  p: [1235, 417], r: -1.7245500051036933e+34, e: -1.5649931513802399e+34
#ERR  p: [1236, 417], r: -1.7899545244782715e+33, e: -5.1971817699298477e+33
#ERR  p: [1237, 417], r: -7.6254543884098104e+33, e: -8.9223339909056069e+33
#ERR  p: [1238, 417], r: 2.0181549676890933e+34, e: 2.1774917156735618e+34
#ERR  p: [1239, 417], r: 1.3837478357565145e+34, e: 1.5456599941987122e+34
#ERR  p: [1240, 417], r: 3.4675918633382158e+34, e: 3.3521371186903198e+34
#ERR  p: [1241, 417], r: 5.3187963804192239e+33, e: 7.9098321173243890e+33
#ERR  p: [1242, 417], r: 7.0847674878553942e+34, e: 7.0954157528973113e+34
#ERR  p: [1243, 417], r: 3.2271769752447750e+34, e: 3.2267030917977365e+34
#ERR  p: [1244, 417], r: -3.0803439168331046e+34, e: -2.9930171505818353e+34
#ERR  p: [1245, 417], r: 3.4723935696883455e+32, e: 1.6421239804056964e+32
#ERR  p: [1246, 417], r: 2.0776223885322609e+34, e: 1.7937488725956832e+34
#ERR  p: [1247, 417], r: 2.5850463354070947e+34, e: 2.8373479237577537e+34
#ERR  p: [1232, 418], r: 1.9150078229117726e+34, e: 1.9730372526053062e+34
#ERR  p: [1233, 418], r: -7.6142052272728242e+33, e: -7.9746735596720983e+33
#ERR  p: [1234, 418], r: 2.5368275805248977e+34, e: 2.5892778620493800e+34
#ERR  p: [1235, 418], r: -1.8516348869356656e+33, e: -1.9816885346728501e+33
#ERR  p: [1236, 418], r: -3.9340768855258743e+34, e: -3.7720921837973744e+34
#ERR  p: [1237, 418], r: -3.7657950304055375e+34, e: -4.0918939383181160e+34
#ERR  p: [1238, 418], r: -8.7765597426095373e+33, e: -8.0954717487055657e+33
#ERR  p: [1239, 418], r: 1.1452319476833374e+34, e: 1.0821952981189023e+34
#ERR  p: [1240, 418], r: 2.8080372174475938e+34, e: 3.0155951961943378e+34
#ERR  p: [1241, 418], r: 2.7712599995844880e+34, e: 2.7629796662497159e+34
#ERR  p: [1242, 418], r: -1.0383162039414222e+34, e: -1.1790230065836790e+34
#ERR  p: [1243, 418], r: -1.0809205912604501e+34, e: -1.1176398735297174e+34
#ERR  p: [1244, 418], r: -2.5261052866686313e+34, e: -2.6021663033863879e+34
#ERR  p: [1245, 418], r: -2.1800247885819475e+34, e: -1.9518596885592473e+34
#ERR  p: [1246, 418], r: 1.8156319386701308e+34, e: 1.8949046670258094e+34
#ERR  p: [1247, 418], r: -2.0215308301762246e+34, e: -2.2645414309440390e+34
#ERR  p: [1232, 419], r: 8.9132933147987058e+33, e: 9.0640917427442151e+33
#ERR  p: [1233, 419], r: -1.5905941227746733e+34, e: -1.5078125771716442e+34
#ERR  p: [1234, 419], r: 1.8607836971049983e+34, e: 1.9322390817005976e+34
#ERR  p: [1235, 419], r: 1.9121419917208269e+34, e: 1.6971402795178599e+34
#ERR  p: [1236, 419], r: 4.6323450112950484e+33, e: 3.2584896781864672e+33
#ERR  p: [1237, 419], r: 1.1695386527666980e+34, e: 1.0908611259819078e+34
#ERR  p: [1238, 419], r: -4.7277658009051773e+34, e: -4.4678152286397817e+34
#ERR  p: [1239, 419], r: 1.9967826756748548e+34, e: 2.4239576546790296e+34
#ERR  p: [1240, 419], r: 8.9139122848183485e+33, e: 1.0845019517941027e+34
#ERR  p: [1241, 419], r: 2.1554487077460384e+34, e: 2.1222449276003338e+34
#ERR  p: [1242, 419], r: -3.1949407690337758e+34, e: -3.4149563859838565e+34
#ERR  p: [1243, 419], r: -1.2310986874522735e+34, e: -1.0876776393768815e+34
#ERR  p: [1244, 419], r: 1.4274923349032233e+33, e: 3.5831128377782136e+33
#ERR  p: [1245, 419], r: -1.0134756991131217e+34, e: -8.5588543693607711e+33
#ERR  p: [1246, 419], r: -2.0932278606674924e+34, e: -1.6222572865414873e+34
#ERR  p: [1247, 419], r: 2.3045298652690511e+34, e: 2.3967266876348690e+34
#ERR  p: [1232, 420], r: 1.5589340538579576e+34, e: 1.7246687235534607e+34
#ERR  p: [1233, 420], r: 1.2248484519879256e+34, e: 9.3823042298425221e+33
#ERR  p: [1234, 420], r: -2.2997598347096766e+34, e: -2.3902324541887779e+34
#ERR  p: [1235, 420], r: 1.1993345077782539e+34, e: 1.2848405118197423e+34
#ERR  p: [1236, 420], r: 4.9541323597418017e+32, e: 8.8368570165580398e+32
#ERR  p: [1237, 420], r: -3.5360524233907759e+34, e: -3.4726307744741230e+34
#ERR  p: [1238, 420], r: -4.1184265833861156e+33, e: -6.2289781769633676e+33
#ERR  p: [1239, 420], r: 2.9398399506662847e+34, e: 2.4541619061095457e+34
#ERR  p: [1240, 420], r: 1.1608934985023486e+34, e: 9.7830600828802997e+33
#ERR  p: [1241, 420], r: 1.8320424432129096e+34, e: 1.9916829816830187e+34
#ERR  p: [1242, 420], r: -6.4187205892227439e+34, e: -6.4002317071480089e+34
#ERR  p: [1243, 420], r: -1.8723220410351616e+34, e: -1.9443587622732093e+34
#ERR  p: [1244, 420], r: 2.2122540623287267e+34, e: 2.0329844990077008e+34
#ERR  p: [1245, 420], r: 4.8098411636127960e+33, e: 3.1816080310166684e+33
#ERR  p: [1246, 420], r: -3.5678895177331095e+34, e: -3.7249157744282557e+34
#ERR  p: [1247, 420], r: -1.1025887509440779e+34, e: -1.2648916032626741e+34
#ERR  p: [1232, 421], r: -5.5863311923353013e+34, e: -4.9621132972780726e+34
#ERR  p: [1233, 421], r: 1.1919420250396573e+34, e: 9.7884550255715054e+33
#ERR  p: [1234, 421], r: 4.2713576106373018e+34, e: 4.5301405578576434e+34
#ERR  p: [1235, 421], r: -1.6494144723593064e+34, e: -1.9128254584165164e+34
#ERR  p: [1236, 421], r: -2.9043469717999335e+34, e: -3.1119896256453646e+34
#ERR  p: [1237, 421], r: 4.5780225930491548e+34, e: 4.5517109202781676e+34
#ERR  p: [1238, 421], r: 2.3558013802881258e+34, e: 2.3625545907904354e+34
#ERR  p: [1239, 421], r: -6.2224851814573157e+33, e: -7.9434335238107121e+33
#ERR  p: [1240, 421], r: 1.1145858754528003e+34, e: 1.2867073253989846e+34
#ERR  p: [1241, 421], r: 2.8189310897933051e+34, e: 2.9558829108113996e+34
#ERR  p: [1242, 421], r: -8.7456520936486992e+33, e: -8.5409611840329402e+33
#ERR  p: [1243, 421], r: 2.7371282595853351e+34, e: 3.1278974027381896e+34
#ERR  p: [1244, 421], r: 1.1885245677672061e+33, e: 1.9959328917348874e+33
#ERR  p: [1245, 421], r: -2.2333567310024088e+34, e: -2.0937901330333358e+34
#ERR  p: [1246, 421], r: -4.0651554238215832e+34, e: -4.0253313879337882e+34
#ERR  p: [1247, 421], r: -1.6692459004066464e+34, e: -1.7128736308591496e+34
#ERR  p: [1232, 422], r: 1.7813475606641340e+34, e: 1.2151514200721954e+34
#ERR  p: [1233, 422], r: -2.2221333190182397e+32, e: 2.3421782215378020e+33
#ERR  p: [1234, 422], r: 7.7026189048785860e+33, e: 4.2971495342827950e+33
#ERR  p: [1235, 422], r: -1.5495673043447087e+34, e: -1.2407668753650884e+34
#ERR  p: [1236, 422], r: -1.2834126717784305e+34, e: -1.2889239808333290e+34
#ERR  p: [1237, 422], r: -2.3134846283372258e+34, e: -2.3737876587069110e+34
#ERR  p: [1238, 422], r: -5.2516016140568331e+34, e: -5.2550445728940936e+34
#ERR  p: [1239, 422], r: 1.1545604448493724e+34, e: 1.3690232817532385e+34
#ERR  p: [1240, 422], r: 6.8060487542424008e+34, e: 6.6712707559332914e+34
#ERR  p: [1241, 422], r: -5.4015161528142926e+33, e: -7.6601006162892904e+33
#ERR  p: [1242, 422], r: -1.0143985834124090e+34, e: -8.5085543896845275e+33
#ERR  p: [1243, 422], r: -2.5511438619032174e+34, e: -2.8341877104254660e+34
#ERR  p: [1244, 422], r: 2.1886834363927252e+34, e: 2.0554729177613590e+34
#ERR  p: [1245, 422], r: -2.8460612885182678e+34, e: -2.8746884043387344e+34
#ERR  p: [1246, 422], r: 2.7011336674150655e+34, e: 2.4467055456649220e+34
#ERR  p: [1247, 422], r: -1.8673356185569201e+34, e: -1.7287676668175386e+34
#ERR  p: [1232, 423], r: 3.1591306299293598e+34, e: 3.7267476780983902e+34
#ERR  p: [1233, 423], r: -2.1889248347003858e+34, e: -2.7862942861855932e+34
#ERR  p: [1234, 423], r: 5.0353993476037671e+34, e: 5.1082605369079789e+34
#ERR  p: [1235, 423], r: -1.9995373398502726e+34, e: -2.3427770131348043e+34
#ERR  p: [1236, 423], r: -7.0350164107925697e+33, e: -6.7877527432257864e+33
#ERR  p: [1237, 423], r: -1.3023602106377208e+34, e: -1.3266706295411992e+34
#ERR  p: [1238, 423], r: 6.1206243801748164e+33, e: 7.1133804911594129e+33
#ERR  p: [1239, 423], r: -1.8908879229803402e+34, e: -2.3207362334993517e+34
#ERR  p: [1240, 423], r: 2.4282352326907763e+34, e: 2.6409358619487196e+34
#ERR  p: [1241, 423], r: 3.4567158173290702e+34, e: 3.6909687350829641e+34
#ERR  p: [1242, 423], r: -1.6221353494476177e+34, e: -1.7286878196850047e+34
#ERR  p: [1243, 423], r: 2.4049839952849104e+34, e: 2.4209658011920847e+34
#ERR  p: [1244, 423], r: 2.9549561888979906e+34, e: 2.8138295388914101e+34
#ERR  p: [1245, 423], r: -4.9721301510029522e+33, e: -4.3790234841460221e+33
#ERR  p: [1246, 423], r: 2.0276702700070565e+34, e: 2.3431033341291599e+34
#ERR  p: [1247, 423], r: -3.5162899486036241e+34, e: -3.6672280161855648e+34
#ERR  p: [1232, 424], r: -7.7227360494869931e+33, e: -8.3041395406975291e+33
#ERR  p: [1233, 424], r: -2.0982212156099539e+34, e: -1.8621679616569272e+34
#ERR  p: [1234, 424], r: -2.7979527102995672e+34, e: -2.8123405446121576e+34
#ERR  p: [1235, 424], r: -7.0147387053610673e+34, e: -6.9927647744877361e+34
#ERR  p: [1236, 424], r: -1.1145171697806200e+34, e: -1.0227015091528980e+34
#ERR  p: [1237, 424], r: -2.2332027312615217e+34, e: -2.1473231169161771e+34
#ERR  p: [1238, 424], r: -4.3116629576123709e+34, e: -4.3086319852201846e+34
#ERR  p: [1239, 424], r: 1.7101206997997868e+33, e: 3.5217880735971042e+33
#ERR  p: [1240, 424], r: 1.4468965188945050e+34, e: 1.5302346423391968e+34
#ERR  p: [1241, 424], r: 2.7041465658826782e+34, e: 2.8926320976201681e+34
#ERR  p: [1242, 424], r: -1.2475134009911859e+34, e: -1.5261026460760700e+34
#ERR  p: [1243, 424], r: 1.3239985359664017e+34, e: 1.1630254788380058e+34
#ERR  p: [1244, 424], r: -9.1692863165525099e+33, e: -7.8280767002199236e+33
#ERR  p: [1245, 424], r: -7.2244620888245293e+33, e: -6.3542682314293820e+33
#ERR  p: [1246, 424], r: 7.8190620208538475e+33, e: 1.0049752600393647e+34
#ERR  p: [1247, 424], r: -2.2476821731370193e+34, e: -2.3489142246735655e+34
#ERR  p: [1232, 425], r: -1.8130587565044722e+34, e: -1.7386191936501716e+34
#ERR  p: [1233, 425], r: -5.7404671066267240e+34, e: -5.7877207634542941e+34
#ERR  p: [1234, 425], r: -2.0637622571099168e+33, e: 4.0538853414979330e+32
#ERR  p: [1235, 425], r: 7.4230621787044994e+32, e: 1.4682634258695726e+33
#ERR  p: [1236, 425], r: -3.3676277099899057e+34, e: -3.0222077767081846e+34
#ERR  p: [1237, 425], r: 1.7742888265601288e+34, e: 1.7040030477136463e+34
#ERR  p: [1238, 425], r: 5.0630775823841214e+33, e: 6.5344658783978601e+33
#ERR  p: [1239, 425], r: 2.9784747594553401e+33, e: 2.1196204328200469e+33
#ERR  p: [1240, 425], r: 6.2209767515194465e+33, e: 8.2991116472279715e+33
#ERR  p: [1241, 425], r: 3.5005515217081734e+34, e: 3.2698396076426513e+34
#ERR  p: [1242, 425], r: -1.5647875295397146e+34, e: -1.5297066609124416e+34
#ERR  p: [1243, 425], r: -5.6130361586567695e+33, e: -3.5409863572113517e+33
#ERR  p: [1244, 425], r: 2.6076508729364379e+34, e: 2.3945139936086504e+34
#ERR  p: [1245, 425], r: 1.6802164012407895e+34, e: 1.6994260120063965e+34
#ERR  p: [1246, 425], r: 6.6473103026789190e+33, e: 4.2997625162207167e+33
#ERR  p: [1247, 425], r: -6.5811826406303922e+33, e: -7.1884590786619926e+33
#ERR  p: [1232, 426], r: -3.9098330677965094e+33, e: -3.6347646479773568e+33
#ERR  p: [1233, 426], r: -2.8431194478089100e+34, e: -3.1071896369370395e+34
#ERR  p: [1234, 426], r: -1.0070413200679301e+34, e: -9.0639988972412687e+33
#ERR  p: [1235, 426], r: 1.5554436819171925e+34, e: 1.4217652219509764e+34
#ERR  p: [1236, 426], r: -3.5019432139003380e+34, e: -3.2774408070718714e+34
#ERR  p: [1237, 426], r: 3.3518803699261721e+34, e: 3.2628071178674789e+34
#ERR  p: [1238, 426], r: 9.2699172244059792e+33, e: 1.2713667724321602e+34
#ERR  p: [1239, 426], r: 1.7152779580034497e+34, e: 1.7322330323695101e+34
#ERR  p: [1240, 426], r: 3.2124281576167290e+34, e: 3.4437273504368880e+34
#ERR  p: [1241, 426], r: -6.7735900902063420e+32, e: -3.6856569819623984e+30
#ERR  p: [1242, 426], r: 8.6796389410538063e+33, e: 5.7961801029187468e+33
#ERR  p: [1243, 426], r: 6.0732459389912864e+33, e: 6.5841326517440092e+33
#ERR  p: [1244, 426], r: 2.2087786694624369e+34, e: 2.2498208383488887e+34
#ERR  p: [1245, 426], r: -1.1443595713376530e+34, e: -1.0364235793123607e+34
#ERR  p: [1246, 426], r: 3.4444584778240899e+34, e: 3.6825547042239493e+34
#ERR  p: [1247, 426], r: -5.5597234043069171e+34, e: -5.5268392602793559e+34
#ERR  p: [1232, 427], r: -1.2259753488056871e+33, e: 9.1192234023937895e+32
#ERR  p: [1233, 427], r: -1.8142398750959544e+34, e: -1.8348949046514310e+34
#ERR  p: [1234, 427], r: 2.9440298825232500e+34, e: 2.7685023643529759e+34
#ERR  p: [1235, 427], r: -6.9866426658174542e+33, e: -6.5393365534824285e+33
#ERR  p: [1236, 427], r: 1.6211891918755919e+34, e: 1.5519200093893706e+34
#ERR  p: [1237, 427], r: -5.0056557336618691e+33, e: -3.1406724487675990e+33
#ERR  p: [1238, 427], r: 4.4395297842701579e+34, e: 4.7728585096001708e+34
#ERR  p: [1239, 427], r: 7.6753525327493020e+34, e: 7.8017660178009678e+34
#ERR  p: [1240, 427], r: -3.7104714900498739e+34, e: -3.2925132222261866e+34
#ERR  p: [1241, 427], r: -1.0266845812292987e+34, e: -7.8621720447819216e+33
#ERR  p: [1242, 427], r: -7.6689178442191005e+33, e: -1.1482119169459052e+34
#ERR  p: [1243, 427], r: 2.1906888992563675e+34, e: 2.1566430722959410e+34
#ERR  p: [1244, 427], r: 3.9975379009357764e+34, e: 3.8683801504050227e+34
#ERR  p: [1245, 427], r: -3.5414351104755927e+33, e: -7.5262398387037885e+32
#ERR  p: [1246, 427], r: -2.6741646484832178e+33, e: -4.3227510627502462e+33
#ERR  p: [1247, 427], r: -5.0599878078400690e+34, e: -5.1416854131446999e+34
#ERR  p: [1232, 428], r: -1.1812816281853552e+34, e: -1.2908488538004139e+34
#ERR  p: [1233, 428], r: 1.9446547537366025e+34, e: 1.6616495289435795e+34
#ERR  p: [1234, 428], r: -3.1217181012380927e+34, e: -3.0125590244539865e+34
#ERR  p: [1235, 428], r: -2.8235840112249632e+33, e: -4.9023094043322273e+33
#ERR  p: [1236, 428], r: -3.7541091240226914e+34, e: -3.6574567078674775e+34
#ERR  p: [1237, 428], r: -3.7289462596081610e+34, e: -3.9729259198387281e+34
#ERR  p: [1238, 428], r: 1.8297232863433124e+34, e: 1.7555419577812067e+34
#ERR  p: [1239, 428], r: -5.2861847069943094e+34, e: -5.4348385276157608e+34
#ERR  p: [1240, 428], r: 9.1375275838146632e+33, e: 8.3797052576055676e+33
#ERR  p: [1241, 428], r: 3.9149591299111823e+34, e: 3.5564883375592990e+34
#ERR  p: [1242, 428], r: 9.2403874027088658e+33, e: 1.2198315761847177e+34
#ERR  p: [1243, 428], r: -4.1513712626815978e+34, e: -4.3001629898234255e+34
#ERR  p: [1244, 428], r: 1.8249154986127398e+34, e: 1.6707369991839656e+34
#ERR  p: [1245, 428], r: -6.5360355863676740e+33, e: -7.8412131009468004e+33
#ERR  p: [1246, 428], r: 4.7365814195129363e+32, e: 2.9045706675650324e+33
#ERR  p: [1247, 428], r: -7.5924837123735032e+33, e: -8.4627926981923041e+33
#ERR  p: [1232, 429], r: -4.1446727691290246e+33, e: -4.6238112716342346e+33
#ERR  p: [1233, 429], r: 1.4700039076678059e+34, e: 1.4166920198759810e+34
#ERR  p: [1234, 429], r: -4.1581227400678524e+34, e: -4.2463467652595957e+34
#ERR  p: [1235, 429], r: 4.1942537532304512e+34, e: 4.3580659020449441e+34
#ERR  p: [1236, 429], r: -2.0437371223949296e+34, e: -1.9052477798480427e+34
#ERR  p: [1237, 429], r: -5.6279279583593529e+33, e: -3.0337351648690002e+33
#ERR  p: [1238, 429], r: -5.7201079447406366e+34, e: -5.6791965023223334e+34
#ERR  p: [1239, 429], r: 1.4815808753271949e+34, e: 1.2797456457940594e+34
#ERR  p: [1240, 429], r: -1.7300614379525957e+34, e: -1.7722716032661132e+34
#ERR  p: [1241, 429], r: 4.0481419186856685e+34, e: 4.2024246526657504e+34
#ERR  p: [1242, 429], r: -2.8942107187582648e+34, e: -2.7909011562477898e+34
#ERR  p: [1243, 429], r: 7.2320995598969005e+33, e: 6.8101520302966161e+33
#ERR  p: [1244, 429], r: -1.3176408473066438e+34, e: -1.3625961446572766e+34
#ERR  p: [1245, 429], r: -3.3493752744626742e+34, e: -3.4001011055124319e+34
#ERR  p: [1246, 429], r: -2.0412265799952589e+34, e: -2.6177314186763387e+34
#ERR  p: [1247, 429], r: -3.2853002407932864e+34, e: -3.0988293326757296e+34
#ERR  p: [1232, 430], r: -3.4886252073696980e+34, e: -3.4117669572666416e+34
#ERR  p: [1233, 430], r: 4.4469267235928959e+34, e: 4.3947317053045142e+34
#ERR  p: [1234, 430], r: 6.1800696418912808e+33, e: 7.4289803058048081e+33
#ERR  p: [1235, 430], r: 2.5387830306109529e+34, e: 2.4023739225060811e+34
#ERR  p: [1236, 430], r: 1.6102548388905959e+34, e: 1.6549033746994938e+34
#ERR  p: [1237, 430], r: -2.8029312099615573e+34, e: -2.7736494714483166e+34
#ERR  p: [1238, 430], r: -4.1687525598031841e+33, e: -1.4728947142990441e+33
#ERR  p: [1239, 430], r: 9.7423510436584196e+33, e: 1.1164858658250955e+34
#ERR  p: [1240, 430], r: 1.1195079250489990e+34, e: 1.4507908306700889e+34
#ERR  p: [1241, 430], r: 2.9337241554902031e+33, e: 4.8943952536610759e+33
#ERR  p: [1242, 430], r: 2.7689705532758336e+34, e: 2.8543195865203406e+34
#ERR  p: [1243, 430], r: 5.1472091015999912e+34, e: 4.8723438277412854e+34
#ERR  p: [1244, 430], r: 1.4862215411524640e+34, e: 1.4578474602760274e+34
#ERR  p: [1245, 430], r: 5.6499032509667274e+33, e: 6.0070786628615024e+33
#ERR  p: [1246, 430], r: 2.1287186112417728e+34, e: 2.3608360824278994e+34
#ERR  p: [1247, 430], r: 1.0189090179455453e+34, e: 1.2976356124777881e+34
#ERR  p: [1232, 431], r: -1.8831962301342483e+34, e: -2.1106318120917977e+34
#ERR  p: [1233, 431], r: -7.3951115042699994e+33, e: -9.7023445354088340e+33
#ERR  p: [1234, 431], r: -2.7167648887031141e+34, e: -2.8912740773970720e+34
#ERR  p: [1235, 431], r: -3.2425234703237880e+34, e: -3.3127864710735476e+34
#ERR  p: [1236, 431], r: 5.3393455661013415e+33, e: 3.8597884132533684e+33
#ERR  p: [1237, 431], r: -2.4182058448229989e+33, e: -6.7746404823296757e+33
#ERR  p: [1238, 431], r: -7.9347629917755573e+33, e: -7.8143429934240916e+33
#ERR  p: [1239, 431], r: 8.0546011583085589e+32, e: -3.1270179701342813e+32
#ERR  p: [1240, 431], r: -4.0992923631689011e+34, e: -4.4096464068978245e+34
#ERR  p: [1241, 431], r: 5.3538591751219233e+33, e: 4.3335548749580995e+33
#ERR  p: [1242, 431], r: 1.0565339152505517e+34, e: 1.2979605717381005e+34
#ERR  p: [1243, 431], r: 1.6344352740899494e+34, e: 1.6694128985179460e+34
#ERR  p: [1244, 431], r: 5.0731649367942383e+34, e: 5.0096496996106155e+34
#ERR  p: [1245, 431], r: -7.7667336764232348e+33, e: -9.9055437272772542e+33
#ERR  p: [1246, 431], r: 9.1332028402874197e+33, e: 9.4737898556557706e+33
#ERR  p: [1247, 431], r: -3.1545113804667703e+34, e: -3.1049878367831665e+34
#SDC Ite:4 KerTime:2.5971604 AccTime:10.6108088 KerErr:256 AccErr:256
#IT 4 KerTime:2.7120893 AccTime:13.3228981
#IT 5 KerTime:2.6024242 AccTime:15.9253223
#IT 6 KerTime:2.6504778 AccTime:18.5758001
#IT 7 KerTime:2.5973392 AccTime:21.1731393
#IT 8 KerTime:2.6727821 AccTime:23.8459214
#END
