#HEADER matrix_dim:2048 threads:4 block_size:16 block_offset:12 precision:Float
#BEGIN Y:2023 M:10 D:18 Time:10:46:32
#IT 0 KerTime:2.7408488 AccTime:2.7408488
#IT 1 KerTime:2.7442631 AccTime:5.4851120
#IT 2 KerTime:2.7768737 AccTime:8.2619857
#ERR  p: [681, 1244], r: 3.1396556048193300e+34, e: -2.4886883013932228e+34
#SDC Ite:3 KerTime:2.7768737 AccTime:8.2619857 KerErr:1 AccErr:1
#IT 3 KerTime:2.7292921 AccTime:10.9912778
#IT 4 KerTime:2.7831805 AccTime:13.7744583
#IT 5 KerTime:2.7461679 AccTime:16.5206262
#IT 6 KerTime:2.7178532 AccTime:19.2384794
#IT 7 KerTime:2.7439811 AccTime:21.9824605
#IT 8 KerTime:2.7317142 AccTime:24.7141747
#IT 9 KerTime:2.7374966 AccTime:27.4516713
#IT 10 KerTime:2.7402526 AccTime:30.1919239
#IT 11 KerTime:2.7228962 AccTime:32.9148202
#IT 12 KerTime:2.7021286 AccTime:35.6169488
#IT 13 KerTime:2.6935012 AccTime:38.3104500
#IT 14 KerTime:2.7034629 AccTime:41.0139129
#ERR  p: [1771, 1488], r: 2.5007270206872653e+34, e: 2.8519590824534312e+34
#ERR  p: [740, 1489], r: -6.8370369930997964e+33, e: 8.0260777818633845e+33
#SDC Ite:15 KerTime:2.7034629 AccTime:41.0139129 KerErr:2 AccErr:3
#IT 15 KerTime:2.7033105 AccTime:43.7172234
#IT 16 KerTime:2.6989766 AccTime:46.4162000
#IT 17 KerTime:2.6962473 AccTime:49.1124472
#IT 18 KerTime:2.6906754 AccTime:51.8031226
#IT 19 KerTime:2.7156733 AccTime:54.5187959
#IT 20 KerTime:2.6919192 AccTime:57.2107151
#IT 21 KerTime:2.6906701 AccTime:59.9013852
#IT 22 KerTime:2.6795624 AccTime:62.5809476
#ERR  p: [1289, 1508], r: -6.9329262192207908e+34, e: -8.2483821023580959e+34
#SDC Ite:23 KerTime:2.6795624 AccTime:62.5809476 KerErr:1 AccErr:4
#IT 23 KerTime:2.6904959 AccTime:65.2714436
#ERR  p: [728, 1137], r: -2.4390211566650619e+34, e: -2.7813885773979131e+34
#SDC Ite:24 KerTime:2.6904959 AccTime:65.2714436 KerErr:1 AccErr:5
#ABORT amount of errors equals of the last iteration
#END
