#HEADER matrix_dim:2048 threads:4 block_size:16 block_offset:12 precision:Float
#BEGIN Y:2023 M:10 D:21 Time:07:51:36
#IT 0 KerTime:2.7062680 AccTime:2.7062680
#ERR  p: [1040, 208], r: -inf, e: 4.1977397923810788e+34
#ERR  p: [1041, 208], r: -inf, e: 4.5738749987415331e+34
#ERR  p: [1042, 208], r: inf, e: -4.4333418171897860e+32
#ERR  p: [1043, 208], r: -inf, e: -2.5259218239548092e+34
#ERR  p: [1044, 208], r: -inf, e: -5.0021888825818504e+34
#ERR  p: [1045, 208], r: inf, e: 6.9527515813619384e+33
#ERR  p: [1046, 208], r: -inf, e: -4.7115200661816273e+34
#ERR  p: [1047, 208], r: inf, e: -2.2961089019458162e+34
#ERR  p: [1048, 208], r: inf, e: -4.5335632144782596e+34
#ERR  p: [1049, 208], r: -inf, e: -2.1627961294672050e+34
#ERR  p: [1050, 208], r: inf, e: -3.8158132549288397e+34
#ERR  p: [1051, 208], r: -inf, e: -4.6718792454196466e+34
#ERR  p: [1052, 208], r: inf, e: 3.6124506549752339e+34
#ERR  p: [1053, 208], r: inf, e: -5.7118633878729999e+33
#ERR  p: [1054, 208], r: -inf, e: -3.9074138853717379e+34
#ERR  p: [1055, 208], r: inf, e: 2.7398925796930593e+34
#SDC Ite:1 KerTime:2.7062680 AccTime:2.7062680 KerErr:16 AccErr:16
#IT 1 KerTime:2.7630247 AccTime:5.4692927
#ERR  p: [1984, 0], r: inf, e: -2.1177162953486200e+34
#ERR  p: [1985, 0], r: inf, e: -2.9125904145215349e+34
#ERR  p: [1986, 0], r: inf, e: -1.0889049331318291e+34
#ERR  p: [1987, 0], r: inf, e: 7.0423214949643928e+33
#ERR  p: [1988, 0], r: inf, e: -1.6681799102388178e+34
#ERR  p: [1989, 0], r: -inf, e: -1.2888656738574787e+34
#ERR  p: [1990, 0], r: -inf, e: 4.5831843078369591e+34
#ERR  p: [1991, 0], r: inf, e: -3.6199377163328319e+34
#ERR  p: [1992, 0], r: -inf, e: 1.4530437267990834e+33
#ERR  p: [1993, 0], r: -inf, e: 3.3007640925880237e+33
#ERR  p: [1994, 0], r: -inf, e: -2.4572678976681127e+34
#ERR  p: [1995, 0], r: inf, e: 9.8333708945318870e+32
#ERR  p: [1996, 0], r: inf, e: -1.7721428884505286e+33
#ERR  p: [1997, 0], r: -inf, e: -2.2731911655865338e+34
#ERR  p: [1998, 0], r: inf, e: -1.7268983773582176e+34
#ERR  p: [1999, 0], r: inf, e: 4.7743132129403350e+33
#ERR  p: [1456, 176], r: -inf, e: 1.2416006279815471e+34
#ERR  p: [1457, 176], r: inf, e: 9.2214326837973477e+33
#ERR  p: [1458, 176], r: inf, e: -1.4882274991921220e+34
#ERR  p: [1459, 176], r: -inf, e: -8.7378592611013978e+33
#ERR  p: [1460, 176], r: inf, e: -2.9107015656095932e+34
#ERR  p: [1461, 176], r: -inf, e: -2.8212985263244345e+34
#ERR  p: [1462, 176], r: -inf, e: -7.1022068443648230e+33
#ERR  p: [1463, 176], r: -inf, e: 1.2040674001364498e+34
#ERR  p: [1464, 176], r: -inf, e: 3.3085967868045902e+34
#ERR  p: [1465, 176], r: -inf, e: -8.6792557986116475e+33
#ERR  p: [1466, 176], r: inf, e: -1.5285839730908136e+34
#ERR  p: [1467, 176], r: inf, e: 2.5149534276187329e+34
#ERR  p: [1468, 176], r: -inf, e: 3.0314121084882792e+34
#ERR  p: [1469, 176], r: -inf, e: 7.8528404527657884e+33
#ERR  p: [1470, 176], r: inf, e: 1.4645712078054020e+34
#ERR  p: [1471, 176], r: inf, e: -5.7934063744667240e+34
#SDC Ite:2 KerTime:2.7630247 AccTime:5.4692927 KerErr:32 AccErr:48
#IT 2 KerTime:2.7688793 AccTime:8.2381720
#ERR  p: [992, 384], r: -inf, e: -1.4612527857360936e+34
#ERR  p: [993, 384], r: inf, e: 2.1925069379980620e+34
#ERR  p: [994, 384], r: -inf, e: 2.1385537972658873e+34
#ERR  p: [995, 384], r: inf, e: -4.1275446307454721e+34
#ERR  p: [996, 384], r: -inf, e: -4.9108838722203336e+34
#ERR  p: [997, 384], r: inf, e: 1.2926812526465641e+34
#ERR  p: [998, 384], r: -inf, e: 2.3207684199403731e+34
#ERR  p: [999, 384], r: inf, e: -2.4635791635763974e+34
#ERR  p: [1000, 384], r: inf, e: -6.8384070213412735e+34
#ERR  p: [1001, 384], r: inf, e: -1.0571790058050233e+34
#ERR  p: [1002, 384], r: inf, e: 6.7093787593386290e+33
#ERR  p: [1003, 384], r: inf, e: -1.0839308900539804e+34
#ERR  p: [1004, 384], r: -inf, e: -1.0267288375857032e+34
#ERR  p: [1005, 384], r: inf, e: 1.5248192736373429e+34
#ERR  p: [1006, 384], r: -inf, e: -1.1913304826602504e+34
#ERR  p: [1007, 384], r: -inf, e: 3.8841111496602377e+34
#ERR  p: [1488, 448], r: -inf, e: -5.7882684281276740e+33
#ERR  p: [1489, 448], r: -inf, e: 4.8183015553262821e+33
#ERR  p: [1490, 448], r: inf, e: -1.0645300175523038e+34
#ERR  p: [1491, 448], r: inf, e: 4.3561322397035804e+34
#ERR  p: [1492, 448], r: inf, e: -2.1490492076614536e+33
#ERR  p: [1493, 448], r: inf, e: -1.8308904162123506e+34
#ERR  p: [1494, 448], r: inf, e: -1.2630111723429996e+34
#ERR  p: [1495, 448], r: inf, e: 5.9751008147367021e+34
#ERR  p: [1496, 448], r: -inf, e: 2.0475619857343097e+34
#ERR  p: [1497, 448], r: -inf, e: -3.9879621871438961e+34
#ERR  p: [1498, 448], r: inf, e: -6.3737363240751917e+34
#ERR  p: [1499, 448], r: inf, e: -3.1044783006629967e+34
#ERR  p: [1500, 448], r: inf, e: 2.7907758767158142e+34
#ERR  p: [1501, 448], r: -inf, e: -1.9402058448234187e+34
#ERR  p: [1502, 448], r: -inf, e: -4.6229895270361569e+34
#ERR  p: [1503, 448], r: -inf, e: -1.1547042934819374e+34
#SDC Ite:3 KerTime:2.7688793 AccTime:8.2381720 KerErr:32 AccErr:80
#ABORT amount of errors equals of the last iteration
#END
