#HEADER matrix_dim:2048 threads:4 block_size:16 block_offset:12 precision:Float
#BEGIN Y:2023 M:10 D:26 Time:08:18:37
#IT 0 KerTime:2.7186548 AccTime:2.7186548
#IT 1 KerTime:2.6979755 AccTime:5.4166303
#IT 2 KerTime:2.7283001 AccTime:8.1449304
#IT 3 KerTime:2.6793382 AccTime:10.8242686
#IT 4 KerTime:2.6874353 AccTime:13.5117038
#IT 5 KerTime:2.6703758 AccTime:16.1820796
#IT 6 KerTime:2.6638736 AccTime:18.8459532
#IT 7 KerTime:2.6447122 AccTime:21.4906654
#IT 8 KerTime:2.6410278 AccTime:24.1316932
#IT 9 KerTime:2.7930806 AccTime:26.9247739
#ERR  p: [847, 30], r: 1.3102070173707351e+34, e: 1.4059876761502842e+34
#SDC Ite:10 KerTime:2.7930806 AccTime:26.9247739 KerErr:1 AccErr:1
#IT 10 KerTime:2.6749395 AccTime:29.5997133
#IT 11 KerTime:2.6711209 AccTime:32.2708342
#IT 12 KerTime:2.6553279 AccTime:34.9261621
#IT 13 KerTime:2.6448176 AccTime:37.5709797
#IT 14 KerTime:2.6411449 AccTime:40.2121246
#IT 15 KerTime:2.7749064 AccTime:42.9870310
#IT 16 KerTime:2.7141412 AccTime:45.7011722
#IT 17 KerTime:2.7135540 AccTime:48.4147263
#IT 18 KerTime:2.7072256 AccTime:51.1219519
#IT 19 KerTime:2.7084018 AccTime:53.8303537
#IT 20 KerTime:2.7263034 AccTime:56.5566571
#IT 21 KerTime:2.6940367 AccTime:59.2506938
#IT 22 KerTime:2.7048386 AccTime:61.9555324
#IT 23 KerTime:2.7327113 AccTime:64.6882437
#IT 24 KerTime:2.7025732 AccTime:67.3908168
#IT 25 KerTime:2.7010392 AccTime:70.0918560
#ERR  p: [1534, 410], r: 2.0092815991785016e+33, e: -5.9925433898902331e+33
#SDC Ite:26 KerTime:2.7010392 AccTime:70.0918560 KerErr:1 AccErr:2
#IT 26 KerTime:2.7348113 AccTime:72.8266674
#IT 27 KerTime:2.7205915 AccTime:75.5472589
#IT 28 KerTime:2.6885180 AccTime:78.2357768
#IT 29 KerTime:2.7150308 AccTime:80.9508077
#ERR  p: [1628, 446], r: 2.5563776248013081e+34, e: -2.1467662914865065e+34
#ERR  p: [1629, 446], r: 3.8866474412127256e+34, e: 2.9245008832275074e+33
#SDC Ite:30 KerTime:2.7150308 AccTime:80.9508077 KerErr:2 AccErr:4
#IT 30 KerTime:2.7080746 AccTime:83.6588822
#IT 31 KerTime:2.7525327 AccTime:86.4114149
#IT 32 KerTime:2.7134834 AccTime:89.1248983
#IT 33 KerTime:2.7037165 AccTime:91.8286148
#IT 34 KerTime:2.6879928 AccTime:94.5166076
#ERR  p: [2029, 126], r: 1.9907524221554879e+34, e: 8.3947821293440243e+33
#SDC Ite:35 KerTime:2.6879928 AccTime:94.5166076 KerErr:1 AccErr:5
#IT 35 KerTime:2.7042988 AccTime:97.2209064
#IT 36 KerTime:2.7524799 AccTime:99.9733863
#IT 37 KerTime:2.7523195 AccTime:102.7257058
#IT 38 KerTime:2.7657508 AccTime:105.4914566
#IT 39 KerTime:2.7468486 AccTime:108.2383052
#IT 40 KerTime:2.6992170 AccTime:110.9375222
#IT 41 KerTime:2.6964182 AccTime:113.6339403
#IT 42 KerTime:2.7093554 AccTime:116.3432957
#IT 43 KerTime:2.6900283 AccTime:119.0333240
#IT 44 KerTime:2.7157022 AccTime:121.7490262
