#HEADER matrix_dim:2048 threads:4 block_size:16 block_offset:12 precision:Float
#BEGIN Y:2023 M:10 D:29 Time:00:47:29
#IT 0 KerTime:2.6701066 AccTime:2.6701066
#IT 1 KerTime:2.7146526 AccTime:5.3847592
#IT 2 KerTime:2.7219186 AccTime:8.1066778
#IT 3 KerTime:2.6683626 AccTime:10.7750405
#IT 4 KerTime:2.6732255 AccTime:13.4482659
#IT 5 KerTime:2.6705626 AccTime:16.1188285
#IT 6 KerTime:2.6646859 AccTime:18.7835144
#IT 7 KerTime:2.6428306 AccTime:21.4263450
#IT 8 KerTime:2.6393922 AccTime:24.0657371
#IT 9 KerTime:2.6807495 AccTime:26.7464867
#IT 10 KerTime:2.7622231 AccTime:29.5087097
#IT 11 KerTime:2.7049622 AccTime:32.2136719
#IT 12 KerTime:2.7283757 AccTime:34.9420476
#IT 13 KerTime:2.6824935 AccTime:37.6245411
#IT 14 KerTime:2.6889162 AccTime:40.3134572
#IT 15 KerTime:2.7179125 AccTime:43.0313698
#IT 16 KerTime:2.7006839 AccTime:45.7320536
#IT 17 KerTime:2.6996293 AccTime:48.4316830
#IT 18 KerTime:2.6785808 AccTime:51.1102638
#IT 19 KerTime:2.6825206 AccTime:53.7927844
#IT 20 KerTime:2.6983434 AccTime:56.4911278
#IT 21 KerTime:2.6748047 AccTime:59.1659325
#IT 22 KerTime:2.6710621 AccTime:61.8369947
#IT 23 KerTime:2.6680318 AccTime:64.5050265
#IT 24 KerTime:2.6608399 AccTime:67.1658664
#IT 25 KerTime:2.6487313 AccTime:69.8145977
#IT 26 KerTime:2.6446797 AccTime:72.4592774
#IT 27 KerTime:2.7111162 AccTime:75.1703936
#IT 28 KerTime:2.7595063 AccTime:77.9299000
#IT 29 KerTime:2.7372780 AccTime:80.6671780
#IT 30 KerTime:2.7137406 AccTime:83.3809186
#IT 31 KerTime:2.6695959 AccTime:86.0505145
#ERR  p: [679, 683], r: 4.6077093855432496e+34, e: 5.8836418046342982e+33
#SDC Ite:32 KerTime:2.6695959 AccTime:86.0505145 KerErr:1 AccErr:1
