#HEADER matrix_dim:2048 threads:4 block_size:16 block_offset:12 precision:Float
#BEGIN Y:2023 M:10 D:22 Time:16:16:14
#IT 0 KerTime:2.6999079 AccTime:2.6999079
#IT 1 KerTime:2.7180134 AccTime:5.4179213
#ERR  p: [1503, 402], r: 2.5436929483947665e+34, e: 1.0454424676745704e+34
#SDC Ite:2 KerTime:2.7180134 AccTime:5.4179213 KerErr:1 AccErr:1
#IT 2 KerTime:2.7767489 AccTime:8.1946702
#IT 3 KerTime:2.6773322 AccTime:10.8720024
#IT 4 KerTime:2.7443594 AccTime:13.6163618
#IT 5 KerTime:2.7354153 AccTime:16.3517771
#IT 6 KerTime:2.6934308 AccTime:19.0452079
#IT 7 KerTime:2.6866261 AccTime:21.7318339
#IT 8 KerTime:2.7059243 AccTime:24.4377582
#IT 9 KerTime:2.6890789 AccTime:27.1268371
#IT 10 KerTime:2.6982555 AccTime:29.8250927
#IT 11 KerTime:2.6804888 AccTime:32.5055815
#ERR  p: [1833, 242], r: 5.7558646048353556e+34, e: 3.4184597562950341e+34
#SDC Ite:12 KerTime:2.6804888 AccTime:32.5055815 KerErr:1 AccErr:2
#IT 12 KerTime:2.7052290 AccTime:35.2108105
#IT 13 KerTime:2.6935621 AccTime:37.9043726
#IT 14 KerTime:2.6822388 AccTime:40.5866114
#IT 15 KerTime:2.7064040 AccTime:43.2930153
#IT 16 KerTime:2.6778054 AccTime:45.9708207
#IT 17 KerTime:2.6679526 AccTime:48.6387733
