#HEADER matrix_dim:2048 threads:4 block_size:16 block_offset:12 precision:Float
#BEGIN Y:2023 M:10 D:20 Time:12:55:21
#IT 0 KerTime:2.7177828 AccTime:2.7177828
#IT 1 KerTime:2.6885576 AccTime:5.4063404
#ERR  p: [854, 1884], r: 4.6962344777525472e+34, e: 4.7059864742060217e+34
#ERR  p: [807, 1885], r: 2.8177033008623419e+34, e: 1.4593884480369298e+34
#SDC Ite:2 KerTime:2.6885576 AccTime:5.4063404 KerErr:2 AccErr:2
#IT 2 KerTime:2.7789935 AccTime:8.1853339
#IT 3 KerTime:2.7103742 AccTime:10.8957081
#IT 4 KerTime:2.7959877 AccTime:13.6916958
#IT 5 KerTime:2.7500608 AccTime:16.4417566
#IT 6 KerTime:2.7299610 AccTime:19.1717176
#IT 7 KerTime:2.7258213 AccTime:21.8975389
#IT 8 KerTime:2.7202149 AccTime:24.6177538
#IT 9 KerTime:2.6931815 AccTime:27.3109353
#IT 10 KerTime:2.7502818 AccTime:30.0612171
#IT 11 KerTime:2.7203922 AccTime:32.7816093
#IT 12 KerTime:2.6976345 AccTime:35.4792438
#IT 13 KerTime:2.6948561 AccTime:38.1740998
#IT 14 KerTime:2.6892653 AccTime:40.8633652
#IT 15 KerTime:2.6685229 AccTime:43.5318880
#IT 16 KerTime:2.7332981 AccTime:46.2651861
#IT 17 KerTime:2.6604929 AccTime:48.9256790
#IT 18 KerTime:2.6836235 AccTime:51.6093025
#IT 19 KerTime:2.7957952 AccTime:54.4050977
#IT 20 KerTime:2.7707730 AccTime:57.1758707
#IT 21 KerTime:2.7146828 AccTime:59.8905534
#IT 22 KerTime:2.7009645 AccTime:62.5915179
#IT 23 KerTime:2.7371364 AccTime:65.3286543
#IT 24 KerTime:2.7090931 AccTime:68.0377473
#IT 25 KerTime:2.7021978 AccTime:70.7399451
#IT 26 KerTime:2.8034282 AccTime:73.5433734
#IT 27 KerTime:2.7581826 AccTime:76.3015559
#IT 28 KerTime:2.7386625 AccTime:79.0402184
#IT 29 KerTime:2.7952892 AccTime:81.8355077
#IT 30 KerTime:2.7341015 AccTime:84.5696092
#IT 31 KerTime:2.7459955 AccTime:87.3156047
#IT 32 KerTime:2.6904895 AccTime:90.0060942
#IT 33 KerTime:2.7341614 AccTime:92.7402556
#IT 34 KerTime:2.7144158 AccTime:95.4546713
#IT 35 KerTime:2.7200372 AccTime:98.1747086
#IT 36 KerTime:2.7079394 AccTime:100.8826479
#IT 37 KerTime:2.6866339 AccTime:103.5692818
#IT 38 KerTime:2.7055355 AccTime:106.2748173
#IT 39 KerTime:2.6575336 AccTime:108.9323509
#IT 40 KerTime:2.8073291 AccTime:111.7396800
#IT 41 KerTime:2.6554408 AccTime:114.3951208
