#HEADER matrix_dim:2048 threads:4 block_size:16 block_offset:12 precision:Float
#BEGIN Y:2023 M:10 D:21 Time:00:04:45
#IT 0 KerTime:2.7186342 AccTime:2.7186342
#IT 1 KerTime:2.7118331 AccTime:5.4304672
#IT 2 KerTime:2.7373441 AccTime:8.1678113
#IT 3 KerTime:2.6856474 AccTime:10.8534586
#IT 4 KerTime:2.6863883 AccTime:13.5398470
#IT 5 KerTime:2.6938121 AccTime:16.2336590
#IT 6 KerTime:2.6890540 AccTime:18.9227130
#IT 7 KerTime:2.6666356 AccTime:21.5893487
#IT 8 KerTime:2.6644159 AccTime:24.2537646
#IT 9 KerTime:2.6604993 AccTime:26.9142639
#ERR  p: [1689, 449], r: 4.0564757310301377e+32, e: -1.9027078982694409e+34
#SDC Ite:10 KerTime:2.6604993 AccTime:26.9142639 KerErr:1 AccErr:1
#IT 10 KerTime:2.6854562 AccTime:29.5997201
#IT 11 KerTime:2.7080296 AccTime:32.3077497
#IT 12 KerTime:2.6840680 AccTime:34.9918176
#IT 13 KerTime:2.6616185 AccTime:37.6534361
#IT 14 KerTime:2.6562521 AccTime:40.3096882
#IT 15 KerTime:2.6617434 AccTime:42.9714316
#IT 16 KerTime:2.7124809 AccTime:45.6839125
#IT 17 KerTime:2.7089162 AccTime:48.3928287
#IT 18 KerTime:2.6933134 AccTime:51.0861422
#IT 19 KerTime:2.7247515 AccTime:53.8108937
#IT 20 KerTime:2.7629598 AccTime:56.5738535
#IT 21 KerTime:2.7472124 AccTime:59.3210659
#IT 22 KerTime:2.7133899 AccTime:62.0344558
#IT 23 KerTime:2.7368614 AccTime:64.7713172
#IT 24 KerTime:2.7040364 AccTime:67.4753536
#IT 25 KerTime:2.6935753 AccTime:70.1689289
#IT 26 KerTime:2.7293869 AccTime:72.8983158
#IT 27 KerTime:2.7013906 AccTime:75.5997064
#IT 28 KerTime:2.7050303 AccTime:78.3047367
#IT 29 KerTime:2.6967640 AccTime:81.0015007
#IT 30 KerTime:2.7101984 AccTime:83.7116991
#IT 31 KerTime:2.6845470 AccTime:86.3962461
#ERR  p: [1480, 76], r: -1.6584168961189936e+34, e: -2.2718898430172370e+34
#SDC Ite:32 KerTime:2.6845470 AccTime:86.3962461 KerErr:1 AccErr:2
