#HEADER matrix_dim:2048 threads:4 block_size:16 block_offset:12 precision:Float
#BEGIN Y:2023 M:10 D:29 Time:02:51:38
#IT 0 KerTime:2.7006069 AccTime:2.7006069
#IT 1 KerTime:2.7191275 AccTime:5.4197344
#IT 2 KerTime:2.7244283 AccTime:8.1441627
#IT 3 KerTime:2.7017258 AccTime:10.8458885
#ERR  p: [1453, 1461], r: 1.4970026371605964e+34, e: 1.0877772935500440e+34
#SDC Ite:4 KerTime:2.7017258 AccTime:10.8458885 KerErr:1 AccErr:1
#IT 4 KerTime:2.7038155 AccTime:13.5497040
#IT 5 KerTime:2.7102132 AccTime:16.2599172
#IT 6 KerTime:2.6979958 AccTime:18.9579130
#IT 7 KerTime:2.6964323 AccTime:21.6543454
#IT 8 KerTime:2.7256070 AccTime:24.3799524
#IT 9 KerTime:2.6903604 AccTime:27.0703128
#IT 10 KerTime:2.6937048 AccTime:29.7640176
#IT 11 KerTime:2.6893455 AccTime:32.4533631
#IT 12 KerTime:2.6971208 AccTime:35.1504839
#IT 13 KerTime:2.6565576 AccTime:37.8070414
#IT 14 KerTime:2.6535275 AccTime:40.4605690
#IT 15 KerTime:2.7839260 AccTime:43.2444950
#IT 16 KerTime:2.7060431 AccTime:45.9505381
