#HEADER matrix_dim:2048 threads:4 block_size:16 block_offset:12 precision:Float
#BEGIN Y:2023 M:10 D:23 Time:12:46:49
#IT 0 KerTime:2.7179735 AccTime:2.7179735
#IT 1 KerTime:2.7668844 AccTime:5.4848579
#ERR  p: [763, 1585], r: -1.7319838040911010e+33, e: -3.1334676377389581e+32
#SDC Ite:2 KerTime:2.7668844 AccTime:5.4848579 KerErr:1 AccErr:1
#IT 2 KerTime:2.8011079 AccTime:8.2859658
#ERR  p: [732, 1744], r: -1.4273510549962399e+34, e: -1.4193787211432420e+34
#ERR  p: [327, 1745], r: 2.5887237600877958e+34, e: 2.6392616718395900e+34
#ERR  p: [726, 1745], r: -2.1713755491154684e+34, e: -2.1467296484613436e+34
#SDC Ite:3 KerTime:2.8011079 AccTime:8.2859658 KerErr:3 AccErr:4
#IT 3 KerTime:2.6641151 AccTime:10.9500808
#IT 4 KerTime:2.6680435 AccTime:13.6181244
#IT 5 KerTime:2.7559673 AccTime:16.3740917
#ERR  p: [44, 1616], r: 1.9864193844299812e+34, e: 1.6700395437658323e+34
#ERR  p: [45, 1616], r: 2.9389313026774492e+34, e: 3.2328167824757513e+34
#ERR  p: [408, 1617], r: 6.7181935113883606e+33, e: 9.2160996381081062e+33
#ERR  p: [649, 2001], r: 1.3539543328310333e+34, e: 1.3188064916476349e+34
#SDC Ite:6 KerTime:2.7559673 AccTime:16.3740917 KerErr:4 AccErr:8
#IT 6 KerTime:2.6958359 AccTime:19.0699276
#IT 7 KerTime:2.6895144 AccTime:21.7594420
#IT 8 KerTime:2.6952685 AccTime:24.4547104
#IT 9 KerTime:2.7211877 AccTime:27.1758981
#IT 10 KerTime:2.6682717 AccTime:29.8441698
