#HEADER matrix_dim:2048 threads:4 block_size:16 block_offset:12 precision:Float
#BEGIN Y:2023 M:10 D:23 Time:03:05:10
#IT 0 KerTime:2.6874245 AccTime:2.6874245
#IT 1 KerTime:2.6849452 AccTime:5.3723697
#IT 2 KerTime:2.7422517 AccTime:8.1146214
#IT 3 KerTime:2.6845563 AccTime:10.7991777
#ERR  p: [1563, 596], r: 8.8353427064049840e+33, e: 1.0958248941574304e+34
#SDC Ite:4 KerTime:2.6845563 AccTime:10.7991777 KerErr:1 AccErr:1
#IT 4 KerTime:2.6920056 AccTime:13.4911832
#IT 5 KerTime:2.6839914 AccTime:16.1751746
#IT 6 KerTime:2.7232334 AccTime:18.8984080
#IT 7 KerTime:2.7079453 AccTime:21.6063533
#IT 8 KerTime:2.7049051 AccTime:24.3112584
#IT 9 KerTime:2.6847474 AccTime:26.9960058
#IT 10 KerTime:2.7091803 AccTime:29.7051861
#IT 11 KerTime:2.7032968 AccTime:32.4084829
#IT 12 KerTime:2.6778462 AccTime:35.0863291
#ERR  p: [1835, 992], r: 2.3599562784419793e+32, e: 2.8396074119174574e+34
#SDC Ite:13 KerTime:2.6778462 AccTime:35.0863291 KerErr:1 AccErr:2
#IT 13 KerTime:2.6845936 AccTime:37.7709227
#ERR  p: [921, 1001], r: 6.1935495709790593e+33, e: -2.1162582495703497e+34
#SDC Ite:14 KerTime:2.6845936 AccTime:37.7709227 KerErr:1 AccErr:3
#ABORT amount of errors equals of the last iteration
#END
