#HEADER matrix_dim:2048 threads:4 block_size:16 block_offset:12 precision:Float
#BEGIN Y:2023 M:10 D:17 Time:10:07:03
#IT 0 KerTime:2.6965453 AccTime:2.6965453
#ERR  p: [1856, 48], r: -inf, e: 1.5343037512483278e+34
#ERR  p: [1857, 48], r: inf, e: -1.3395967042554014e+34
#ERR  p: [1858, 48], r: -inf, e: 2.1396439272644820e+34
#ERR  p: [1859, 48], r: inf, e: -1.1747870233572523e+34
#ERR  p: [1860, 48], r: -inf, e: -3.6559253760388814e+34
#ERR  p: [1861, 48], r: inf, e: -4.0353406283274262e+34
#ERR  p: [1862, 48], r: -inf, e: -5.9820456583570931e+34
#ERR  p: [1863, 48], r: inf, e: 2.4971773514186184e+34
#ERR  p: [1864, 48], r: -inf, e: -4.2414549214003556e+34
#ERR  p: [1865, 48], r: inf, e: 2.4813202060734002e+33
#ERR  p: [1866, 48], r: -inf, e: 2.1670776688870774e+34
#ERR  p: [1867, 48], r: inf, e: 1.7757749735772909e+34
#ERR  p: [1868, 48], r: inf, e: -2.3608754489211487e+33
#ERR  p: [1869, 48], r: -inf, e: -1.0212257608320659e+34
#ERR  p: [1870, 48], r: inf, e: 3.8762076452734242e+34
#ERR  p: [1871, 48], r: -inf, e: 1.6757679875036214e+34
#ERR  p: [2016, 48], r: -inf, e: -2.0345440558691925e+34
#ERR  p: [2017, 48], r: inf, e: -1.6798971365046578e+34
#ERR  p: [2018, 48], r: -inf, e: -4.9893861066955609e+34
#ERR  p: [2019, 48], r: inf, e: 2.2955188997230928e+34
#ERR  p: [2020, 48], r: -inf, e: 5.0154368217062668e+34
#ERR  p: [2021, 48], r: inf, e: -1.5097145482480023e+34
#ERR  p: [2022, 48], r: -inf, e: -3.0407095333593282e+34
#ERR  p: [2023, 48], r: inf, e: 1.7182263597950157e+34
#ERR  p: [2024, 48], r: -inf, e: -8.2142483816548801e+33
#ERR  p: [2025, 48], r: inf, e: 4.0355446408459004e+34
#ERR  p: [2026, 48], r: -inf, e: 1.0532479272102726e+34
#ERR  p: [2027, 48], r: inf, e: -3.0120962824673016e+34
#ERR  p: [2028, 48], r: inf, e: 2.0771145855281460e+34
#ERR  p: [2029, 48], r: -inf, e: 1.0769086751811341e+34
#ERR  p: [2030, 48], r: inf, e: -9.6605393002821667e+33
#ERR  p: [2031, 48], r: -inf, e: 2.5407394710490395e+34
#ERR  p: [1856, 49], r: -inf, e: -1.0317844144893892e+33
#ERR  p: [1857, 49], r: -inf, e: -5.7890418930642195e+34
#ERR  p: [1858, 49], r: inf, e: -3.3426520221093153e+34
#ERR  p: [1859, 49], r: -inf, e: -2.8702711866905563e+34
#ERR  p: [1860, 49], r: inf, e: 1.9039681212294334e+34
#ERR  p: [1861, 49], r: -inf, e: 2.4573207267592892e+33
#ERR  p: [1862, 49], r: inf, e: 7.0599856613849558e+33
#ERR  p: [1863, 49], r: -inf, e: -1.7337802098306090e+33
#ERR  p: [1864, 49], r: inf, e: 3.9043567305477207e+33
#ERR  p: [1865, 49], r: -inf, e: 1.7320336002291812e+34
#ERR  p: [1866, 49], r: inf, e: -9.3643367681123341e+33
#ERR  p: [1867, 49], r: -inf, e: 2.5126204058206956e+34
#ERR  p: [1868, 49], r: -inf, e: -2.3477215932397180e+34
#ERR  p: [1869, 49], r: inf, e: -1.3615702637467208e+34
#ERR  p: [1870, 49], r: -inf, e: -5.8843338131162588e+33
#ERR  p: [1871, 49], r: inf, e: 1.3427223790605931e+34
#ERR  p: [2016, 49], r: -inf, e: -1.6650685955380818e+34
#ERR  p: [2017, 49], r: -inf, e: -2.7802969618712713e+33
#ERR  p: [2018, 49], r: inf, e: -4.7845101250439287e+33
#ERR  p: [2019, 49], r: -inf, e: -5.7683430404313522e+34
#ERR  p: [2020, 49], r: inf, e: -6.8808148856790649e+33
#ERR  p: [2021, 49], r: -inf, e: -2.1201733587385937e+34
#ERR  p: [2022, 49], r: inf, e: -3.1524984899628923e+34
#ERR  p: [2023, 49], r: -inf, e: -4.4091041891606175e+34
#ERR  p: [2024, 49], r: inf, e: -1.6883635322273345e+34
#ERR  p: [2025, 49], r: -inf, e: -2.6021715027345529e+34
#ERR  p: [2026, 49], r: inf, e: -9.6320524430681512e+33
#ERR  p: [2027, 49], r: -inf, e: -7.0982367706588348e+33
#ERR  p: [2028, 49], r: -inf, e: 1.3495238692244348e+34
#ERR  p: [2029, 49], r: inf, e: -3.3363400134370070e+33
#ERR  p: [2030, 49], r: -inf, e: -1.4580185435894566e+34
#ERR  p: [2031, 49], r: inf, e: 2.3687450337508859e+34
#ERR  p: [1856, 50], r: inf, e: -1.6992154384057140e+34
#ERR  p: [1857, 50], r: inf, e: 2.6265113846109663e+33
#ERR  p: [1858, 50], r: -inf, e: -4.1821888515045778e+33
#ERR  p: [1859, 50], r: inf, e: -1.3287509877772183e+34
#ERR  p: [1860, 50], r: -inf, e: 1.5712503193088078e+34
#ERR  p: [1861, 50], r: inf, e: 8.2862680193203857e+33
#ERR  p: [1862, 50], r: -inf, e: -8.1905647317932919e+33
#ERR  p: [1863, 50], r: inf, e: -3.1017701830330560e+34
#ERR  p: [1864, 50], r: -inf, e: -7.0281836007457341e+33
#ERR  p: [1865, 50], r: inf, e: 3.9045854399699786e+33
#ERR  p: [1866, 50], r: -inf, e: 8.1792518167442824e+33
#ERR  p: [1867, 50], r: inf, e: 1.5610521383166739e+33
#ERR  p: [1868, 50], r: inf, e: -4.0942078339425462e+33
#ERR  p: [1869, 50], r: -inf, e: -8.6124639817320441e+33
#ERR  p: [1870, 50], r: inf, e: -3.1164303641542892e+34
#ERR  p: [1871, 50], r: -inf, e: -2.6300189639182775e+34
#ERR  p: [2016, 50], r: inf, e: 1.4795728127894701e+34
#ERR  p: [2017, 50], r: inf, e: 2.0636787271057661e+34
#ERR  p: [2018, 50], r: -inf, e: -4.9482711469347992e+34
#ERR  p: [2019, 50], r: inf, e: 5.2613479159861269e+33
#ERR  p: [2020, 50], r: -inf, e: 4.1969628612124233e+34
#ERR  p: [2021, 50], r: inf, e: 6.1004762870654272e+33
#ERR  p: [2022, 50], r: -inf, e: 2.1899956528343677e+34
#ERR  p: [2023, 50], r: inf, e: 1.5318673614570103e+34
#ERR  p: [2024, 50], r: -inf, e: -2.8974432277888468e+34
#ERR  p: [2025, 50], r: inf, e: -5.7986280055524297e+34
#ERR  p: [2026, 50], r: -inf, e: -2.8825307544876073e+34
#ERR  p: [2027, 50], r: inf, e: -1.7207862960022539e+34
#ERR  p: [2028, 50], r: inf, e: -5.7853673156456087e+33
#ERR  p: [2029, 50], r: -inf, e: -2.1048966834777964e+34
#ERR  p: [2030, 50], r: inf, e: -2.1225454994418723e+34
#ERR  p: [2031, 50], r: -inf, e: 4.0698541490346948e+34
#ERR  p: [1856, 51], r: -inf, e: 2.1997283374232293e+34
#ERR  p: [1857, 51], r: -inf, e: 4.0000348259950150e+34
#ERR  p: [1858, 51], r: inf, e: -3.3763239911778776e+34
#ERR  p: [1859, 51], r: -inf, e: -5.0614376832140801e+34
#ERR  p: [1860, 51], r: inf, e: -1.6654278147889815e+32
#ERR  p: [1861, 51], r: -inf, e: -4.6358468341811769e+33
#ERR  p: [1862, 51], r: inf, e: -3.2191625514304414e+34
#ERR  p: [1863, 51], r: -inf, e: -4.4469638617940744e+34
#ERR  p: [1864, 51], r: inf, e: -2.4489860788052935e+34
#ERR  p: [1865, 51], r: -inf, e: -4.8326325681910693e+33
#ERR  p: [1866, 51], r: inf, e: 6.6504874757897449e+33
#ERR  p: [1867, 51], r: -inf, e: -1.9353905056586064e+34
#ERR  p: [1868, 51], r: -inf, e: 2.2114182052142012e+34
#ERR  p: [1869, 51], r: inf, e: -6.3437971156070866e+33
#ERR  p: [1870, 51], r: -inf, e: 5.8105965336462447e+33
#ERR  p: [1871, 51], r: inf, e: 1.4601547638697484e+33
#ERR  p: [2016, 51], r: -inf, e: 2.5912533667640716e+34
#ERR  p: [2017, 51], r: -inf, e: -1.0390801986366671e+34
#ERR  p: [2018, 51], r: inf, e: -2.1377147215072596e+34
#ERR  p: [2019, 51], r: -inf, e: 1.9935920090176007e+34
#ERR  p: [2020, 51], r: inf, e: 3.5583001866007971e+33
#ERR  p: [2021, 51], r: -inf, e: 2.6880766186447069e+34
#ERR  p: [2022, 51], r: inf, e: 3.7875623490863120e+33
#ERR  p: [2023, 51], r: -inf, e: 1.8789845105325916e+34
#ERR  p: [2024, 51], r: inf, e: 9.0103051049473243e+33
#ERR  p: [2025, 51], r: -inf, e: -4.3953278972274341e+34
#ERR  p: [2026, 51], r: inf, e: 2.7897452297361071e+33
#ERR  p: [2027, 51], r: -inf, e: -1.5834446476657885e+34
#ERR  p: [2028, 51], r: -inf, e: 1.2623722714887244e+34
#ERR  p: [2029, 51], r: inf, e: 4.8300328941085700e+33
#ERR  p: [2030, 51], r: -inf, e: 8.8967730049744424e+33
#ERR  p: [2031, 51], r: inf, e: -2.5350843133615760e+34
#ERR  p: [1856, 52], r: inf, e: -2.1020558586756443e+34
#ERR  p: [1857, 52], r: inf, e: -9.8104080352581727e+33
#ERR  p: [1858, 52], r: -inf, e: -1.0089941085829008e+34
#ERR  p: [1859, 52], r: inf, e: 1.0017578538772620e+34
#ERR  p: [1860, 52], r: -inf, e: -3.4996760505123907e+34
#ERR  p: [1861, 52], r: inf, e: -8.4960165329666452e+33
#ERR  p: [1862, 52], r: -inf, e: -3.2181070837529467e+34
#ERR  p: [1863, 52], r: inf, e: 3.2354321164997476e+33
#ERR  p: [1864, 52], r: -inf, e: -5.2223429012283231e+33
#ERR  p: [1865, 52], r: inf, e: 3.1825197738556020e+34
#ERR  p: [1866, 52], r: -inf, e: -2.5730484681343486e+34
#ERR  p: [1867, 52], r: inf, e: -1.3655653438415026e+34
#ERR  p: [1868, 52], r: inf, e: -8.2018504121614370e+34
#ERR  p: [1869, 52], r: -inf, e: -3.9646311026054964e+33
#ERR  p: [1870, 52], r: inf, e: 8.4526595400007337e+33
#ERR  p: [1871, 52], r: -inf, e: 3.0426258645401419e+34
#ERR  p: [2016, 52], r: inf, e: -2.7256854846262046e+34
#ERR  p: [2017, 52], r: inf, e: 3.5572984455210073e+34
#ERR  p: [2018, 52], r: -inf, e: -7.4412043447227316e+33
#ERR  p: [2019, 52], r: inf, e: -1.2797010180556431e+33
#ERR  p: [2020, 52], r: -inf, e: 3.2778220926039713e+34
#ERR  p: [2021, 52], r: inf, e: 7.7986889940393201e+34
#ERR  p: [2022, 52], r: -inf, e: 3.3866040928521113e+34
#ERR  p: [2023, 52], r: inf, e: -5.7160123439146649e+33
#ERR  p: [2024, 52], r: -inf, e: -2.1211649177615603e+33
#ERR  p: [2025, 52], r: inf, e: 4.3760573798118943e+33
#ERR  p: [2026, 52], r: -inf, e: 1.9130917393189667e+34
#ERR  p: [2027, 52], r: inf, e: -6.1362818457916979e+33
#ERR  p: [2028, 52], r: inf, e: -1.3854353337210664e+33
#ERR  p: [2029, 52], r: -inf, e: -2.2850248820100706e+34
#ERR  p: [2030, 52], r: inf, e: 1.2863426282634111e+34
#ERR  p: [2031, 52], r: -inf, e: -2.5790363841043720e+34
#ERR  p: [1856, 53], r: -inf, e: 3.7453360905522837e+34
#ERR  p: [1857, 53], r: -inf, e: 3.3003970433663756e+33
#ERR  p: [1858, 53], r: inf, e: -4.5750426237865870e+33
#ERR  p: [1859, 53], r: -inf, e: -1.7732436337849601e+34
#ERR  p: [1860, 53], r: inf, e: -1.4467441284756689e+34
#ERR  p: [1861, 53], r: -inf, e: -2.9714829360104583e+34
#ERR  p: [1862, 53], r: inf, e: 1.0894472746630400e+34
#ERR  p: [1863, 53], r: -inf, e: 1.6501663352421664e+32
#ERR  p: [1864, 53], r: inf, e: 4.1632700328541990e+33
#ERR  p: [1865, 53], r: -inf, e: 1.8386895622538525e+34
#ERR  p: [1866, 53], r: inf, e: -9.1012144696722855e+33
#ERR  p: [1867, 53], r: -inf, e: 7.7965037822819736e+34
#ERR  p: [1868, 53], r: -inf, e: 6.8303861602387357e+33
#ERR  p: [1869, 53], r: inf, e: -5.9371530007724481e+34
#ERR  p: [1870, 53], r: -inf, e: 9.9029459101048138e+33
#ERR  p: [1871, 53], r: inf, e: 9.4247476230594410e+33
#ERR  p: [2016, 53], r: -inf, e: 1.2532792305181615e+34
#ERR  p: [2017, 53], r: -inf, e: -3.0701895898668623e+34
#ERR  p: [2018, 53], r: inf, e: -1.1356215715703572e+34
#ERR  p: [2019, 53], r: -inf, e: 2.2552115410954598e+33
#ERR  p: [2020, 53], r: inf, e: -3.6345206499956136e+34
#ERR  p: [2021, 53], r: -inf, e: -3.0000689522216205e+34
#ERR  p: [2022, 53], r: inf, e: 4.3426733555964697e+34
#ERR  p: [2023, 53], r: -inf, e: 1.5771535601801441e+34
#ERR  p: [2024, 53], r: inf, e: -6.7491884351219683e+33
#ERR  p: [2025, 53], r: -inf, e: -2.7722501040279084e+34
#ERR  p: [2026, 53], r: inf, e: -1.0352881407083282e+34
#ERR  p: [2027, 53], r: -inf, e: 1.1494194036602242e+34
#ERR  p: [2028, 53], r: -inf, e: -4.2694962439942323e+34
#ERR  p: [2029, 53], r: inf, e: 3.6555215599980666e+34
#ERR  p: [2030, 53], r: -inf, e: 7.6197542934989209e+33
#ERR  p: [2031, 53], r: inf, e: -1.4433137966268091e+34
#ERR  p: [1856, 54], r: inf, e: -1.0556999150460852e+34
#ERR  p: [1857, 54], r: inf, e: 1.1891203883081142e+34
#ERR  p: [1858, 54], r: -inf, e: -3.0511634418150775e+34
#ERR  p: [1859, 54], r: inf, e: 1.6171557356395922e+33
#ERR  p: [1860, 54], r: -inf, e: -3.4835191998836615e+34
#ERR  p: [1861, 54], r: inf, e: 3.3673771509259543e+34
#ERR  p: [1862, 54], r: -inf, e: 1.4234595904827463e+34
#ERR  p: [1863, 54], r: inf, e: -1.3896223564189393e+34
#ERR  p: [1864, 54], r: -inf, e: 5.3190099250760006e+34
#ERR  p: [1865, 54], r: inf, e: -1.5066538652948731e+34
#ERR  p: [1866, 54], r: -inf, e: 1.3505267244502599e+34
#ERR  p: [1867, 54], r: inf, e: 9.9513852659020114e+33
#ERR  p: [1868, 54], r: inf, e: 4.3225954536873080e+34
#ERR  p: [1869, 54], r: -inf, e: -9.7012619568444789e+33
#ERR  p: [1870, 54], r: inf, e: -3.9796531336002127e+34
#ERR  p: [1871, 54], r: -inf, e: -6.0147464634648361e+33
#ERR  p: [2016, 54], r: inf, e: -3.4487340751317738e+34
#ERR  p: [2017, 54], r: inf, e: -2.4163554339492771e+33
#ERR  p: [2018, 54], r: -inf, e: -2.5967763124553394e+34
#ERR  p: [2019, 54], r: inf, e: -2.0127081553102416e+34
#ERR  p: [2020, 54], r: -inf, e: 2.0742863877143946e+34
#ERR  p: [2021, 54], r: inf, e: -2.5588136432106139e+34
#ERR  p: [2022, 54], r: -inf, e: 7.1310947941515670e+33
#ERR  p: [2023, 54], r: inf, e: 3.6375035903142757e+33
#ERR  p: [2024, 54], r: -inf, e: -1.7314876686718564e+34
#ERR  p: [2025, 54], r: inf, e: -3.7094806428424299e+34
#ERR  p: [2026, 54], r: -inf, e: 1.8814643520192881e+34
#ERR  p: [2027, 54], r: inf, e: 2.4582344812507867e+34
#ERR  p: [2028, 54], r: inf, e: -2.9640555433627538e+34
#ERR  p: [2029, 54], r: -inf, e: 1.8189774716262996e+34
#ERR  p: [2030, 54], r: inf, e: -6.9072404489336663e+34
#ERR  p: [2031, 54], r: -inf, e: -1.5315177671899161e+34
#ERR  p: [1856, 55], r: -inf, e: -3.9747862961297661e+34
#ERR  p: [1857, 55], r: -inf, e: -3.1291130598567679e+34
#ERR  p: [1858, 55], r: inf, e: 3.5384555125950367e+34
#ERR  p: [1859, 55], r: -inf, e: -1.2697445758046806e+34
#ERR  p: [1860, 55], r: inf, e: 2.3382265931383991e+34
#ERR  p: [1861, 55], r: -inf, e: 2.1299033817563709e+33
#ERR  p: [1862, 55], r: inf, e: -5.5166158562589216e+34
#ERR  p: [1863, 55], r: -inf, e: -1.9605553507771996e+33
#ERR  p: [1864, 55], r: inf, e: 2.7439411387975382e+34
#ERR  p: [1865, 55], r: -inf, e: 2.1662321558402455e+34
#ERR  p: [1866, 55], r: inf, e: 1.7214747144581005e+34
#ERR  p: [1867, 55], r: -inf, e: -3.6420294990979031e+33
#ERR  p: [1868, 55], r: -inf, e: -3.9880810912846695e+33
#ERR  p: [1869, 55], r: inf, e: 8.2825597699327063e+33
#ERR  p: [1870, 55], r: -inf, e: 2.6225569089494731e+34
#ERR  p: [1871, 55], r: inf, e: 3.3385296817784949e+34
#ERR  p: [2016, 55], r: -inf, e: -1.0764234026857342e+34
#ERR  p: [2017, 55], r: -inf, e: 2.1597258215302704e+33
#ERR  p: [2018, 55], r: inf, e: -2.2563839012611641e+34
#ERR  p: [2019, 55], r: -inf, e: 3.7978592248480780e+33
#ERR  p: [2020, 55], r: inf, e: -1.7272229652365183e+34
#ERR  p: [2021, 55], r: -inf, e: -1.9307139395721980e+34
#ERR  p: [2022, 55], r: inf, e: 8.4758548225168238e+33
#ERR  p: [2023, 55], r: -inf, e: -2.2963628343963746e+33
#ERR  p: [2024, 55], r: inf, e: 3.6953203419090601e+34
#ERR  p: [2025, 55], r: -inf, e: 1.9148985128063037e+34
#ERR  p: [2026, 55], r: inf, e: -7.9633519790428139e+33
#ERR  p: [2027, 55], r: -inf, e: 7.8330854056188723e+33
#ERR  p: [2028, 55], r: -inf, e: 1.3261661689751904e+34
#ERR  p: [2029, 55], r: inf, e: -3.8551166132361113e+34
#ERR  p: [2030, 55], r: -inf, e: 8.8144487544219253e+33
#ERR  p: [2031, 55], r: inf, e: -2.8965895443377556e+34
#ERR  p: [1856, 56], r: inf, e: -2.2187081865175449e+34
#ERR  p: [1857, 56], r: inf, e: -1.7602448919904519e+34
#ERR  p: [1858, 56], r: -inf, e: 6.2284353402561409e+32
#ERR  p: [1859, 56], r: inf, e: 4.8075455895009472e+34
#ERR  p: [1860, 56], r: -inf, e: -2.0143133921591829e+34
#ERR  p: [1861, 56], r: inf, e: 5.1122249160897864e+34
#ERR  p: [1862, 56], r: -inf, e: -2.5535595780958789e+33
#ERR  p: [1863, 56], r: inf, e: 1.4322759518545289e+34
#ERR  p: [1864, 56], r: -inf, e: 1.0832544796165149e+34
#ERR  p: [1865, 56], r: inf, e: 1.4632042744140231e+34
#ERR  p: [1866, 56], r: -inf, e: 1.5691682279567338e+34
#ERR  p: [1867, 56], r: inf, e: -1.1231159012934963e+34
#ERR  p: [1868, 56], r: inf, e: -2.5619602392024695e+32
#ERR  p: [1869, 56], r: -inf, e: 3.1274549629681490e+34
#ERR  p: [1870, 56], r: inf, e: -8.7819652077910770e+33
#ERR  p: [1871, 56], r: -inf, e: 5.7833552916997582e+34
#ERR  p: [2016, 56], r: inf, e: 1.4531705228076072e+34
#ERR  p: [2017, 56], r: inf, e: -1.3087547899106494e+34
#ERR  p: [2018, 56], r: -inf, e: -9.8929297372469558e+32
#ERR  p: [2019, 56], r: inf, e: 2.3069029963243611e+34
#ERR  p: [2020, 56], r: -inf, e: -3.0598765589875837e+34
#ERR  p: [2021, 56], r: inf, e: 1.3763133868505862e+34
#ERR  p: [2022, 56], r: -inf, e: 3.9997387107376180e+34
#ERR  p: [2023, 56], r: inf, e: 5.9631121082202468e+34
#ERR  p: [2024, 56], r: -inf, e: -1.2687599182974330e+34
#ERR  p: [2025, 56], r: inf, e: -1.2594774106038575e+33
#ERR  p: [2026, 56], r: -inf, e: -6.9315842922182055e+34
#ERR  p: [2027, 56], r: inf, e: 3.7173739342239193e+33
#ERR  p: [2028, 56], r: inf, e: -7.8275703827438559e+33
#ERR  p: [2029, 56], r: -inf, e: -1.8403932153359170e+34
#ERR  p: [2030, 56], r: inf, e: -1.5550649960591751e+34
#ERR  p: [2031, 56], r: -inf, e: -8.2328416220749269e+33
#ERR  p: [1856, 57], r: -inf, e: -2.9640374694381803e+34
#ERR  p: [1857, 57], r: -inf, e: 1.6722554564361531e+34
#ERR  p: [1858, 57], r: inf, e: -5.4421943673291945e+34
#ERR  p: [1859, 57], r: -inf, e: -1.7265409840688759e+34
#ERR  p: [1860, 57], r: inf, e: -5.4153746439660846e+34
#ERR  p: [1861, 57], r: -inf, e: 1.6709736933194770e+34
#ERR  p: [1862, 57], r: inf, e: -9.3349350732092867e+33
#ERR  p: [1863, 57], r: -inf, e: -1.7023835745542532e+34
#ERR  p: [1864, 57], r: inf, e: -3.2608182434003630e+33
#ERR  p: [1865, 57], r: -inf, e: -1.2770298529358751e+34
#ERR  p: [1866, 57], r: inf, e: -3.1839127039878059e+34
#ERR  p: [1867, 57], r: -inf, e: 7.7886743067095092e+33
#ERR  p: [1868, 57], r: -inf, e: -2.7988432843638291e+34
#ERR  p: [1869, 57], r: inf, e: -3.3600225491525599e+34
#ERR  p: [1870, 57], r: -inf, e: 3.0929109889359141e+34
#ERR  p: [1871, 57], r: inf, e: -3.7770266127939659e+34
#ERR  p: [2016, 57], r: -inf, e: 3.2046848426709989e+34
#ERR  p: [2017, 57], r: -inf, e: -5.6658024862732813e+34
#ERR  p: [2018, 57], r: inf, e: -2.6027295661042628e+34
#ERR  p: [2019, 57], r: -inf, e: -2.7145125805956383e+34
#ERR  p: [2020, 57], r: inf, e: 1.5490976298938038e+34
#ERR  p: [2021, 57], r: -inf, e: 4.3191500189699689e+34
#ERR  p: [2022, 57], r: inf, e: 1.3828503292280326e+34
#ERR  p: [2023, 57], r: -inf, e: -7.4397169597655302e+33
#ERR  p: [2024, 57], r: inf, e: -1.6066373305077962e+34
#ERR  p: [2025, 57], r: -inf, e: -7.8412533339980772e+33
#ERR  p: [2026, 57], r: inf, e: 2.0426941579118317e+34
#ERR  p: [2027, 57], r: -inf, e: -2.6889496758574129e+32
#ERR  p: [2028, 57], r: -inf, e: 6.2914712470565525e+33
#ERR  p: [2029, 57], r: inf, e: 1.4644716774262434e+34
#ERR  p: [2030, 57], r: -inf, e: 3.3460048589117158e+34
#ERR  p: [2031, 57], r: inf, e: -2.1779829302811502e+34
#ERR  p: [1856, 58], r: inf, e: -1.3580865766821679e+34
#ERR  p: [1857, 58], r: inf, e: 4.0169297364751662e+31
#ERR  p: [1858, 58], r: -inf, e: 1.9864419149386962e+34
#ERR  p: [1859, 58], r: inf, e: 4.6058990220297987e+34
#ERR  p: [1860, 58], r: -inf, e: 1.1184024445939172e+34
#ERR  p: [1861, 58], r: inf, e: -8.6964786394082054e+33
#ERR  p: [1862, 58], r: -inf, e: -2.9509036683853860e+34
#ERR  p: [1863, 58], r: inf, e: 1.6636907682743572e+34
#ERR  p: [1864, 58], r: -inf, e: 1.4605335425732688e+34
#ERR  p: [1865, 58], r: inf, e: -1.3974129606741701e+34
#ERR  p: [1866, 58], r: -inf, e: -1.7582021671316270e+34
#ERR  p: [1867, 58], r: inf, e: -6.1417256871144554e+33
#ERR  p: [1868, 58], r: inf, e: -2.5898525138156162e+34
#ERR  p: [1869, 58], r: -inf, e: -1.3109678553188799e+34
#ERR  p: [1870, 58], r: inf, e: -1.3888240088876042e+34
#ERR  p: [1871, 58], r: -inf, e: -4.9601688648583670e+33
#ERR  p: [2016, 58], r: inf, e: -9.1795544102083625e+33
#ERR  p: [2017, 58], r: inf, e: -4.6053290744357117e+34
#ERR  p: [2018, 58], r: -inf, e: -3.4298854476816224e+34
#ERR  p: [2019, 58], r: inf, e: -6.7777025270168481e+33
#ERR  p: [2020, 58], r: -inf, e: -2.6804600687589996e+34
#ERR  p: [2021, 58], r: inf, e: 3.2288610688742188e+34
#ERR  p: [2022, 58], r: -inf, e: -3.5612192492134320e+33
#ERR  p: [2023, 58], r: inf, e: 2.6043460682075616e+34
#ERR  p: [2024, 58], r: -inf, e: 2.7333426389452004e+34
#ERR  p: [2025, 58], r: inf, e: -2.5895687779586120e+34
#ERR  p: [2026, 58], r: -inf, e: -1.9075764688559425e+34
#ERR  p: [2027, 58], r: inf, e: -2.9537105736304616e+34
#ERR  p: [2028, 58], r: inf, e: 5.5291274686479710e+34
#ERR  p: [2029, 58], r: -inf, e: 4.7927343796949211e+34
#ERR  p: [2030, 58], r: inf, e: -2.8821474882514445e+34
#ERR  p: [2031, 58], r: -inf, e: 2.2973384239928344e+34
#ERR  p: [1856, 59], r: -inf, e: -1.7274469085896250e+34
#ERR  p: [1857, 59], r: -inf, e: 2.5546125698932950e+34
#ERR  p: [1858, 59], r: inf, e: 2.6328929655134825e+34
#ERR  p: [1859, 59], r: -inf, e: 7.6192287879522442e+33
#ERR  p: [1860, 59], r: inf, e: -2.8354749204783150e+34
#ERR  p: [1861, 59], r: -inf, e: 3.3292453790718624e+34
#ERR  p: [1862, 59], r: inf, e: 1.1899133817487794e+33
#ERR  p: [1863, 59], r: -inf, e: -1.4179199326009481e+34
#ERR  p: [1864, 59], r: inf, e: -4.5394473910729909e+34
#ERR  p: [1865, 59], r: -inf, e: -1.9870473914119107e+34
#ERR  p: [1866, 59], r: inf, e: -1.1344023244256650e+34
#ERR  p: [1867, 59], r: -inf, e: 2.5689840015003649e+33
#ERR  p: [1868, 59], r: -inf, e: 7.0622127155156302e+32
#ERR  p: [1869, 59], r: inf, e: -2.0240239176213414e+33
#ERR  p: [1870, 59], r: -inf, e: -4.2918155601385242e+33
#ERR  p: [1871, 59], r: inf, e: -2.3013971342056355e+34
#ERR  p: [2016, 59], r: -inf, e: 4.6760783380329026e+34
#ERR  p: [2017, 59], r: -inf, e: -1.8199233816103175e+34
#ERR  p: [2018, 59], r: inf, e: 3.4655626320258192e+34
#ERR  p: [2019, 59], r: -inf, e: 3.6366147493660688e+34
#ERR  p: [2020, 59], r: inf, e: 6.4600557785164945e+33
#ERR  p: [2021, 59], r: -inf, e: 1.2494000216110568e+34
#ERR  p: [2022, 59], r: inf, e: 2.3710597340363417e+34
#ERR  p: [2023, 59], r: -inf, e: -2.1522283305278414e+34
#ERR  p: [2024, 59], r: inf, e: -1.2692198439705285e+33
#ERR  p: [2025, 59], r: -inf, e: 3.7103805014569864e+33
#ERR  p: [2026, 59], r: inf, e: -5.5658984968108804e+33
#ERR  p: [2027, 59], r: -inf, e: -5.3213946927676799e+34
#ERR  p: [2028, 59], r: -inf, e: 9.2640190590888040e+33
#ERR  p: [2029, 59], r: inf, e: -3.2025543478633888e+34
#ERR  p: [2030, 59], r: -inf, e: 5.1578437493014762e+33
#ERR  p: [2031, 59], r: inf, e: 9.8369141884093316e+33
#ERR  p: [1856, 60], r: -inf, e: -3.1179619435708930e+34
#ERR  p: [1857, 60], r: -inf, e: 3.9880374538982847e+34
#ERR  p: [1858, 60], r: inf, e: -1.0491477460061555e+34
#ERR  p: [1859, 60], r: -inf, e: -2.3587583238659629e+34
#ERR  p: [1860, 60], r: inf, e: 7.3190837262422975e+32
#ERR  p: [1861, 60], r: -inf, e: -7.5308547244277395e+34
#ERR  p: [1862, 60], r: inf, e: -3.6492548599311961e+34
#ERR  p: [1863, 60], r: -inf, e: -9.4970427023836876e+33
#ERR  p: [1864, 60], r: inf, e: 3.1805022410765767e+33
#ERR  p: [1865, 60], r: -inf, e: -3.4163245573152747e+34
#ERR  p: [1866, 60], r: inf, e: 7.3332244058260446e+33
#ERR  p: [1867, 60], r: -inf, e: 1.5205455332397180e+34
#ERR  p: [1868, 60], r: -inf, e: 1.5354604824210361e+34
#ERR  p: [1869, 60], r: inf, e: -3.2264114331244809e+34
#ERR  p: [1870, 60], r: -inf, e: -2.5418704530689306e+34
#ERR  p: [1871, 60], r: inf, e: 3.5488747587296860e+34
#ERR  p: [2016, 60], r: -inf, e: -2.1606539980232256e+34
#ERR  p: [2017, 60], r: -inf, e: 1.0922536847320999e+34
#ERR  p: [2018, 60], r: inf, e: 6.4094456948604099e+33
#ERR  p: [2019, 60], r: -inf, e: 2.7968494581365561e+33
#ERR  p: [2020, 60], r: inf, e: 3.6500671342879732e+33
#ERR  p: [2021, 60], r: -inf, e: 2.9643286329354202e+34
#ERR  p: [2022, 60], r: inf, e: -2.2117945389861439e+34
#ERR  p: [2023, 60], r: -inf, e: 2.4698778024962815e+34
#ERR  p: [2024, 60], r: inf, e: 1.1051561147915518e+34
#ERR  p: [2025, 60], r: -inf, e: -3.7544517858255656e+34
#ERR  p: [2026, 60], r: inf, e: 2.8316125475557446e+34
#ERR  p: [2027, 60], r: -inf, e: -3.3369527937564532e+34
#ERR  p: [2028, 60], r: -inf, e: 3.7139207004843328e+33
#ERR  p: [2029, 60], r: inf, e: -1.8056942512107635e+34
#ERR  p: [2030, 60], r: -inf, e: -2.0453257708473446e+34
#ERR  p: [2031, 60], r: inf, e: -2.7388039352225118e+34
#ERR  p: [1856, 61], r: inf, e: 3.5313900936148193e+34
#ERR  p: [1857, 61], r: inf, e: -5.5994370159432078e+34
#ERR  p: [1858, 61], r: -inf, e: 4.6323884629904273e+34
#ERR  p: [1859, 61], r: inf, e: -1.7035409246969811e+34
#ERR  p: [1860, 61], r: -inf, e: -2.8396027077453081e+34
#ERR  p: [1861, 61], r: inf, e: 2.6034485616790797e+34
#ERR  p: [1862, 61], r: -inf, e: -3.6903861605004764e+34
#ERR  p: [1863, 61], r: inf, e: 5.1826093587573999e+33
#ERR  p: [1864, 61], r: -inf, e: -2.3778743463645999e+34
#ERR  p: [1865, 61], r: inf, e: -7.6057327656439550e+33
#ERR  p: [1866, 61], r: -inf, e: 7.8780956675072494e+33
#ERR  p: [1867, 61], r: inf, e: 1.4661270508467759e+34
#ERR  p: [1868, 61], r: inf, e: 2.7249157335097769e+34
#ERR  p: [1869, 61], r: -inf, e: -2.2103718982929972e+34
#ERR  p: [1870, 61], r: inf, e: 2.3627558798408232e+34
#ERR  p: [1871, 61], r: -inf, e: -2.1595874817308803e+33
#ERR  p: [2016, 61], r: inf, e: -2.0317292278078654e+34
#ERR  p: [2017, 61], r: inf, e: 1.9068869362540605e+33
#ERR  p: [2018, 61], r: -inf, e: -1.9127631900325403e+34
#ERR  p: [2019, 61], r: inf, e: 5.1861913382610721e+34
#ERR  p: [2020, 61], r: -inf, e: 1.5016029461405848e+34
#ERR  p: [2021, 61], r: inf, e: 1.8808310218951897e+34
#ERR  p: [2022, 61], r: -inf, e: 3.7637328698880959e+34
#ERR  p: [2023, 61], r: inf, e: 2.0724575788943583e+34
#ERR  p: [2024, 61], r: -inf, e: 6.2386755802611096e+33
#ERR  p: [2025, 61], r: inf, e: -1.3909475712309943e+33
#ERR  p: [2026, 61], r: -inf, e: 6.4688024438640654e+33
#ERR  p: [2027, 61], r: inf, e: 3.1707769841279507e+33
#ERR  p: [2028, 61], r: inf, e: 3.4237429130006923e+33
#ERR  p: [2029, 61], r: -inf, e: 2.1417516439753693e+34
#ERR  p: [2030, 61], r: inf, e: 1.0536112626118029e+34
#ERR  p: [2031, 61], r: -inf, e: -1.3127168170063822e+34
#ERR  p: [1856, 62], r: -inf, e: 1.2148379736542483e+34
#ERR  p: [1857, 62], r: -inf, e: -1.1303376721006754e+33
#ERR  p: [1858, 62], r: inf, e: -6.1898170579666099e+34
#ERR  p: [1859, 62], r: -inf, e: 3.8320149189869911e+33
#ERR  p: [1860, 62], r: inf, e: -4.0496965237870031e+34
#ERR  p: [1861, 62], r: -inf, e: -6.2288364328288694e+33
#ERR  p: [1862, 62], r: inf, e: -1.4444307899242563e+34
#ERR  p: [1863, 62], r: -inf, e: 2.8889311520787205e+34
#ERR  p: [1864, 62], r: inf, e: -3.7032614796730680e+34
#ERR  p: [1865, 62], r: -inf, e: 1.0154939746561707e+34
#ERR  p: [1866, 62], r: inf, e: -2.6569471308288288e+34
#ERR  p: [1867, 62], r: -inf, e: -2.0718470268669828e+34
#ERR  p: [1868, 62], r: -inf, e: 1.7092857092432888e+34
#ERR  p: [1869, 62], r: inf, e: -2.2562169031498645e+32
#ERR  p: [1870, 62], r: -inf, e: -5.1965417549295372e+33
#ERR  p: [1871, 62], r: inf, e: 6.3739982721875045e+34
#ERR  p: [2016, 62], r: -inf, e: 1.0187181275914875e+34
#ERR  p: [2017, 62], r: -inf, e: 6.5001483235988105e+33
#ERR  p: [2018, 62], r: inf, e: 4.1521207115813811e+34
#ERR  p: [2019, 62], r: -inf, e: -1.8385752384912245e+33
#ERR  p: [2020, 62], r: inf, e: 2.8950744295236742e+33
#ERR  p: [2021, 62], r: -inf, e: -3.6128262459831531e+34
#ERR  p: [2022, 62], r: inf, e: -4.8525890900793791e+33
#ERR  p: [2023, 62], r: -inf, e: -6.2304581342803332e+33
#ERR  p: [2024, 62], r: inf, e: 8.5726221195076834e+33
#ERR  p: [2025, 62], r: -inf, e: -2.1627429908910187e+33
#ERR  p: [2026, 62], r: inf, e: -2.4345655628756660e+34
#ERR  p: [2027, 62], r: -inf, e: 7.1274697575459034e+31
#ERR  p: [2028, 62], r: -inf, e: 2.1253677551434351e+34
#ERR  p: [2029, 62], r: inf, e: 4.0294831912375435e+34
#ERR  p: [2030, 62], r: -inf, e: -9.1790592341926484e+32
#ERR  p: [2031, 62], r: inf, e: 3.2521145190979049e+32
#ERR  p: [1856, 63], r: inf, e: -2.8556218994416688e+33
#ERR  p: [1857, 63], r: inf, e: 5.9150743401717933e+33
#ERR  p: [1858, 63], r: -inf, e: 1.4948629815966956e+34
#ERR  p: [1859, 63], r: inf, e: 1.0695483788835589e+34
#ERR  p: [1860, 63], r: -inf, e: -5.6986199053327249e+33
#ERR  p: [1861, 63], r: inf, e: 3.2328643193732599e+34
#ERR  p: [1862, 63], r: -inf, e: 3.5599664538936752e+34
#ERR  p: [1863, 63], r: inf, e: -1.9475356877960274e+34
#ERR  p: [1864, 63], r: -inf, e: -3.0367325271891199e+34
#ERR  p: [1865, 63], r: inf, e: -3.3339624257975555e+34
#ERR  p: [1866, 63], r: -inf, e: 1.0166981808293855e+34
#ERR  p: [1867, 63], r: inf, e: 3.3278431024923619e+33
#ERR  p: [1868, 63], r: inf, e: -2.8832152734323301e+33
#ERR  p: [1869, 63], r: -inf, e: 5.3963390875700011e+34
#ERR  p: [1870, 63], r: inf, e: -3.8628983043230592e+34
#ERR  p: [1871, 63], r: -inf, e: -1.6215838471601160e+33
#ERR  p: [2016, 63], r: inf, e: 6.9870313789897898e+33
#ERR  p: [2017, 63], r: inf, e: 2.9169202336029394e+34
#ERR  p: [2018, 63], r: -inf, e: 3.5532432015403163e+34
#ERR  p: [2019, 63], r: inf, e: 8.1970001630875169e+33
#ERR  p: [2020, 63], r: -inf, e: -1.8332264090664822e+34
#SDC Ite:1 KerTime:2.6965453 AccTime:2.6965453 KerErr:33280 AccErr:33280
#ABORT too many errors per iteration
#END
