#HEADER matrix_dim:2048 threads:4 block_size:16 block_offset:12 precision:Float
#BEGIN Y:2023 M:10 D:20 Time:15:59:52
#IT 0 KerTime:2.6950552 AccTime:2.6950552
#IT 1 KerTime:2.6928105 AccTime:5.3878657
#IT 2 KerTime:2.7513798 AccTime:8.1392455
#IT 3 KerTime:2.6900679 AccTime:10.8293134
#IT 4 KerTime:2.6993633 AccTime:13.5286767
#IT 5 KerTime:2.7008909 AccTime:16.2295676
#IT 6 KerTime:2.6853038 AccTime:18.9148713
#IT 7 KerTime:2.6647278 AccTime:21.5795992
#IT 8 KerTime:2.6844910 AccTime:24.2640902
#IT 9 KerTime:2.8249706 AccTime:27.0890608
#IT 10 KerTime:2.6911404 AccTime:29.7802013
#ERR  p: [845, 240], r: -1.3071441061255352e+34, e: 2.8187503505475695e+34
#SDC Ite:11 KerTime:2.6911404 AccTime:29.7802013 KerErr:1 AccErr:1
#IT 11 KerTime:2.7240368 AccTime:32.5042380
#IT 12 KerTime:2.7061193 AccTime:35.2103574
#IT 13 KerTime:2.7011842 AccTime:37.9115416
#IT 14 KerTime:2.6873957 AccTime:40.5989373
#IT 15 KerTime:2.6653000 AccTime:43.2642373
#IT 16 KerTime:2.6614539 AccTime:45.9256911
#IT 17 KerTime:2.8220137 AccTime:48.7477049
#IT 18 KerTime:2.7065003 AccTime:51.4542052
