#HEADER matrix_dim:2048 threads:4 block_size:16 block_offset:12 precision:Float
#BEGIN Y:2023 M:10 D:17 Time:00:45:10
#IT 0 KerTime:2.7072389 AccTime:2.7072389
#IT 1 KerTime:2.7660703 AccTime:5.4733092
#IT 2 KerTime:2.7402721 AccTime:8.2135813
#ERR  p: [1503, 827], r: 6.7399205970178583e+33, e: 4.6875732302676870e+33
#SDC Ite:3 KerTime:2.7402721 AccTime:8.2135813 KerErr:1 AccErr:1
#IT 3 KerTime:2.6749284 AccTime:10.8885096
#IT 4 KerTime:2.7099294 AccTime:13.5984390
#IT 5 KerTime:2.7032258 AccTime:16.3016649
#ERR  p: [1558, 819], r: 3.6020581483454331e+34, e: 3.8249685642833787e+34
#ERR  p: [1559, 819], r: 8.2052072103719633e+34, e: 8.2537205949835102e+34
#ERR  p: [1590, 851], r: 1.1911774732713947e+34, e: 8.7558780973432161e+33
#ERR  p: [1097, 923], r: 4.4558060961126781e+33, e: 2.1020704663681078e+34
#SDC Ite:6 KerTime:2.7032258 AccTime:16.3016649 KerErr:4 AccErr:5
#IT 6 KerTime:2.7124558 AccTime:19.0141207
#ERR  p: [1699, 913], r: -1.4787263093906067e+34, e: -1.5965279407649800e+34
#ERR  p: [1721, 914], r: 1.0770411347653376e+34, e: 7.5774105544551645e+33
#ERR  p: [1542, 916], r: -5.5550060171477132e+32, e: -7.1388265034094288e+32
#ERR  p: [1766, 916], r: -2.4093534284475721e+34, e: -2.7225314609941133e+34
#ERR  p: [1767, 916], r: -2.1116637589085460e+34, e: -1.9581993032944317e+34
#SDC Ite:7 KerTime:2.7124558 AccTime:19.0141207 KerErr:5 AccErr:10
#IT 7 KerTime:2.6393924 AccTime:21.6535131
#IT 8 KerTime:2.6414035 AccTime:24.2949166
