#HEADER matrix_dim:2048 threads:4 block_size:16 block_offset:12 precision:Float
#BEGIN Y:2023 M:10 D:24 Time:20:55:49
#IT 0 KerTime:2.7184957 AccTime:2.7184957
#IT 1 KerTime:2.6803721 AccTime:5.3988678
#IT 2 KerTime:2.7085679 AccTime:8.1074357
#IT 3 KerTime:2.6791517 AccTime:10.7865874
#IT 4 KerTime:2.6758171 AccTime:13.4624044
#IT 5 KerTime:2.6796449 AccTime:16.1420493
#IT 6 KerTime:2.6721791 AccTime:18.8142284
#IT 7 KerTime:2.6573398 AccTime:21.4715682
#IT 8 KerTime:2.6519084 AccTime:24.1234766
#IT 9 KerTime:2.6995254 AccTime:26.8230019
#IT 10 KerTime:2.6855775 AccTime:29.5085794
#IT 11 KerTime:2.6840233 AccTime:32.1926028
#IT 12 KerTime:2.6805023 AccTime:34.8731051
#IT 13 KerTime:2.6839398 AccTime:37.5570448
#IT 14 KerTime:2.6789645 AccTime:40.2360093
#IT 15 KerTime:2.6814766 AccTime:42.9174859
#IT 16 KerTime:2.6799932 AccTime:45.5974791
#IT 17 KerTime:2.6792970 AccTime:48.2767762
#IT 18 KerTime:2.7034534 AccTime:50.9802295
#IT 19 KerTime:2.6829591 AccTime:53.6631886
#IT 20 KerTime:2.7027631 AccTime:56.3659517
#IT 21 KerTime:2.6835801 AccTime:59.0495318
#ERR  p: [1990, 991], r: -5.4893826609226903e+33, e: -5.7299713557976468e+33
#SDC Ite:22 KerTime:2.6835801 AccTime:59.0495318 KerErr:1 AccErr:1
#IT 22 KerTime:2.6764495 AccTime:61.7259813
#IT 23 KerTime:2.6968833 AccTime:64.4228647
#IT 24 KerTime:2.6759304 AccTime:67.0987950
#IT 25 KerTime:2.6746117 AccTime:69.7734068
#IT 26 KerTime:2.6753717 AccTime:72.4487785
#IT 27 KerTime:2.6915695 AccTime:75.1403479
#IT 28 KerTime:2.6759079 AccTime:77.8162558
#IT 29 KerTime:2.6503377 AccTime:80.4665936
#IT 30 KerTime:2.6549058 AccTime:83.1214994
#IT 31 KerTime:2.6665417 AccTime:85.7880410
#IT 32 KerTime:2.6825858 AccTime:88.4706268
#IT 33 KerTime:2.6778071 AccTime:91.1484339
#IT 34 KerTime:2.6784778 AccTime:93.8269118
#IT 35 KerTime:2.6774661 AccTime:96.5043778
#IT 36 KerTime:2.6981834 AccTime:99.2025612
#IT 37 KerTime:2.6776522 AccTime:101.8802134
#IT 38 KerTime:2.6895280 AccTime:104.5697413
#IT 39 KerTime:2.6784240 AccTime:107.2481653
#IT 40 KerTime:2.7085235 AccTime:109.9566889
#IT 41 KerTime:2.6770451 AccTime:112.6337340
#IT 42 KerTime:2.6743312 AccTime:115.3080652
#IT 43 KerTime:2.6907739 AccTime:117.9988391
#IT 44 KerTime:2.6773614 AccTime:120.6762005
#IT 45 KerTime:2.6807500 AccTime:123.3569505
#IT 46 KerTime:2.6509583 AccTime:126.0079088
#IT 47 KerTime:2.6558336 AccTime:128.6637424
#IT 48 KerTime:2.6508233 AccTime:131.3145657
#IT 49 KerTime:2.6825170 AccTime:133.9970827
#IT 50 KerTime:2.6764213 AccTime:136.6735040
#IT 51 KerTime:2.7742398 AccTime:139.4477438
#IT 52 KerTime:2.6782868 AccTime:142.1260306
#IT 53 KerTime:2.6797411 AccTime:144.8057717
#IT 54 KerTime:2.6777601 AccTime:147.4835318
#IT 55 KerTime:2.6767125 AccTime:150.1602443
#IT 56 KerTime:2.7088168 AccTime:152.8690612
#ERR  p: [1340, 890], r: 1.2285924778427403e+34, e: 1.6155019715411109e+34
#SDC Ite:57 KerTime:2.7088168 AccTime:152.8690612 KerErr:1 AccErr:2
#IT 57 KerTime:2.6821820 AccTime:155.5512432
