#HEADER matrix_dim:2048 threads:4 block_size:16 block_offset:12 precision:Float
#BEGIN Y:2023 M:10 D:19 Time:22:35:58
#IT 0 KerTime:2.7262968 AccTime:2.7262968
#IT 1 KerTime:2.7490759 AccTime:5.4753727
#IT 2 KerTime:2.7595008 AccTime:8.2348735
#IT 3 KerTime:2.6943682 AccTime:10.9292417
#IT 4 KerTime:2.7036363 AccTime:13.6328780
#IT 5 KerTime:2.6865344 AccTime:16.3194124
#IT 6 KerTime:2.6846102 AccTime:19.0040226
#IT 7 KerTime:2.6824989 AccTime:21.6865215
#IT 8 KerTime:2.6578036 AccTime:24.3443251
#IT 9 KerTime:2.6585451 AccTime:27.0028702
#IT 10 KerTime:2.7704335 AccTime:29.7733037
#IT 11 KerTime:2.7940375 AccTime:32.5673411
#ERR  p: [1101, 979], r: -3.5452938933720492e+34, e: -3.2754972412101934e+34
#ERR  p: [1103, 979], r: -5.3008082450903798e+34, e: -5.2832428662849517e+34
#SDC Ite:12 KerTime:2.7940375 AccTime:32.5673411 KerErr:2 AccErr:2
#IT 12 KerTime:2.6864922 AccTime:35.2538333
#IT 13 KerTime:2.6814617 AccTime:37.9352950
#IT 14 KerTime:2.6546854 AccTime:40.5899805
#IT 15 KerTime:2.6575989 AccTime:43.2475794
#IT 16 KerTime:2.6653593 AccTime:45.9129387
#IT 17 KerTime:2.8039744 AccTime:48.7169132
