#HEADER matrix_dim:2048 threads:4 block_size:16 block_offset:12 precision:Float
#BEGIN Y:2023 M:10 D:20 Time:01:05:24
#IT 0 KerTime:2.7267788 AccTime:2.7267788
#IT 1 KerTime:2.6711907 AccTime:5.3979696
#IT 2 KerTime:2.7243444 AccTime:8.1223139
#IT 3 KerTime:2.6865609 AccTime:10.8088749
#IT 4 KerTime:2.6880646 AccTime:13.4969395
#IT 5 KerTime:2.6813764 AccTime:16.1783158
#IT 6 KerTime:2.6699962 AccTime:18.8483120
#IT 7 KerTime:2.6466319 AccTime:21.4949440
#IT 8 KerTime:2.6693109 AccTime:24.1642549
#IT 9 KerTime:2.6461600 AccTime:26.8104149
#IT 10 KerTime:2.7511272 AccTime:29.5615421
#IT 11 KerTime:2.7085042 AccTime:32.2700463
#IT 12 KerTime:2.7853887 AccTime:35.0554351
#IT 13 KerTime:2.6836505 AccTime:37.7390856
#IT 14 KerTime:2.7185756 AccTime:40.4576612
#IT 15 KerTime:2.6874196 AccTime:43.1450808
#IT 16 KerTime:2.7318152 AccTime:45.8768960
#IT 17 KerTime:2.7489934 AccTime:48.6258893
#IT 18 KerTime:2.6928033 AccTime:51.3186927
#IT 19 KerTime:2.7023416 AccTime:54.0210343
#ERR  p: [566, 1874], r: -1.2315429841323731e+34, e: 1.0840352483992922e+34
#ERR  p: [568, 1874], r: -7.7073171349156819e+34, e: -4.5478089332743401e+34
#SDC Ite:20 KerTime:2.7023416 AccTime:54.0210343 KerErr:2 AccErr:2
#IT 20 KerTime:2.7772169 AccTime:56.7982512
#IT 21 KerTime:2.6837254 AccTime:59.4819766
#IT 22 KerTime:2.6872756 AccTime:62.1692521
#IT 23 KerTime:2.6984316 AccTime:64.8676837
#ERR  p: [62, 2002], r: -2.1795484292548305e+34, e: 2.0980189362075346e+34
#ERR  p: [63, 2002], r: -1.0000626187874646e+34, e: 1.6011569699538798e+34
#SDC Ite:24 KerTime:2.6984316 AccTime:64.8676837 KerErr:2 AccErr:4
#IT 24 KerTime:2.7490871 AccTime:67.6167708
#IT 25 KerTime:2.6882636 AccTime:70.3050344
#IT 26 KerTime:2.7634803 AccTime:73.0685146
#IT 27 KerTime:2.6800861 AccTime:75.7486007
#IT 28 KerTime:2.7502957 AccTime:78.4988964
#ERR  p: [1145, 209], r: -2.0558990167228810e+34, e: -5.0743118882406362e+33
#SDC Ite:29 KerTime:2.7502957 AccTime:78.4988964 KerErr:1 AccErr:5
#IT 29 KerTime:2.6952880 AccTime:81.1941845
#IT 30 KerTime:2.7078252 AccTime:83.9020097
#IT 31 KerTime:2.7743076 AccTime:86.6763173
#ERR  p: [1929, 286], r: 2.0800492461852759e+34, e: 7.0172773489996299e+33
#ERR  p: [1094, 465], r: 1.8697318990909648e+34, e: 2.3531737287607387e+34
#ERR  p: [1095, 465], r: -3.4047228308550999e+34, e: -4.2000359235659454e+34
#SDC Ite:32 KerTime:2.7743076 AccTime:86.6763173 KerErr:3 AccErr:8
#IT 32 KerTime:2.6841150 AccTime:89.3604323
#IT 33 KerTime:2.6451590 AccTime:92.0055913
#IT 34 KerTime:2.6429313 AccTime:94.6485226
