#HEADER matrix_dim:2048 threads:4 block_size:16 block_offset:12 precision:Float
#BEGIN Y:2023 M:10 D:21 Time:14:18:04
#IT 0 KerTime:2.7029616 AccTime:2.7029616
#IT 1 KerTime:2.7526717 AccTime:5.4556333
#IT 2 KerTime:2.7289266 AccTime:8.1845599
#IT 3 KerTime:2.6985890 AccTime:10.8831489
#IT 4 KerTime:2.6927401 AccTime:13.5758890
#IT 5 KerTime:2.7011136 AccTime:16.2770026
#IT 6 KerTime:2.6886782 AccTime:18.9656808
#IT 7 KerTime:2.6899605 AccTime:21.6556413
#IT 8 KerTime:2.6992274 AccTime:24.3548687
#IT 9 KerTime:2.7023451 AccTime:27.0572138
#IT 10 KerTime:2.6772637 AccTime:29.7344776
#IT 11 KerTime:2.8015738 AccTime:32.5360514
#ERR  p: [262, 817], r: 2.8883059923588814e+34, e: 3.1449195734543793e+34
#ERR  p: [263, 817], r: 1.3218455106500766e+34, e: 1.2027260921038841e+34
#ERR  p: [296, 817], r: -4.0117558898749769e+34, e: -4.1182078393811739e+34
#ERR  p: [297, 817], r: -2.9665247385651125e+34, e: -3.5484484121801562e+34
#ERR  p: [377, 817], r: 1.2674200957929145e+34, e: 1.0385794518907762e+34
#ERR  p: [358, 849], r: -6.7671922922893113e+34, e: -7.0410404746117402e+34
#SDC Ite:12 KerTime:2.8015738 AccTime:32.5360514 KerErr:6 AccErr:6
#IT 12 KerTime:2.6945041 AccTime:35.2305554
#IT 13 KerTime:2.7003315 AccTime:37.9308869
#IT 14 KerTime:2.6962779 AccTime:40.6271649
#IT 15 KerTime:2.6641909 AccTime:43.2913558
#IT 16 KerTime:2.6582775 AccTime:45.9496332
#IT 17 KerTime:2.6625852 AccTime:48.6122184
#IT 18 KerTime:2.7716299 AccTime:51.3838483
#IT 19 KerTime:2.7268661 AccTime:54.1107145
#IT 20 KerTime:2.7324837 AccTime:56.8431982
#IT 21 KerTime:2.7184963 AccTime:59.5616945
#IT 22 KerTime:2.7567504 AccTime:62.3184449
#IT 23 KerTime:2.7175707 AccTime:65.0360157
#IT 24 KerTime:2.7202340 AccTime:67.7562497
#IT 25 KerTime:2.7613162 AccTime:70.5175659
#IT 26 KerTime:2.7643878 AccTime:73.2819537
#IT 27 KerTime:2.7100571 AccTime:75.9920108
#IT 28 KerTime:2.7014480 AccTime:78.6934587
#IT 29 KerTime:2.7336128 AccTime:81.4270716
#IT 30 KerTime:2.7536122 AccTime:84.1806838
