#HEADER matrix_dim:2048 threads:4 block_size:16 block_offset:12 precision:Float
#BEGIN Y:2023 M:10 D:20 Time:09:13:34
#IT 0 KerTime:2.7257449 AccTime:2.7257449
#IT 1 KerTime:2.6960973 AccTime:5.4218422
#IT 2 KerTime:2.7907971 AccTime:8.2126394
#IT 3 KerTime:2.6775941 AccTime:10.8902335
#IT 4 KerTime:2.6860132 AccTime:13.5762466
#IT 5 KerTime:2.6775474 AccTime:16.2537941
#IT 6 KerTime:2.6790353 AccTime:18.9328294
#IT 7 KerTime:2.6790137 AccTime:21.6118431
#IT 8 KerTime:2.7798129 AccTime:24.3916560
#IT 9 KerTime:2.6596685 AccTime:27.0513245
#IT 10 KerTime:2.6531271 AccTime:29.7044516
#IT 11 KerTime:2.6953986 AccTime:32.3998502
#IT 12 KerTime:2.7491562 AccTime:35.1490063
#IT 13 KerTime:2.7606218 AccTime:37.9096281
#IT 14 KerTime:2.7390672 AccTime:40.6486953
#IT 15 KerTime:2.6930781 AccTime:43.3417734
#IT 16 KerTime:2.6845499 AccTime:46.0263233
#IT 17 KerTime:2.6985562 AccTime:48.7248796
#IT 18 KerTime:2.6837993 AccTime:51.4086789
#IT 19 KerTime:2.6777164 AccTime:54.0863953
#IT 20 KerTime:2.7080215 AccTime:56.7944168
#IT 21 KerTime:2.7159295 AccTime:59.5103463
#IT 22 KerTime:2.6935368 AccTime:62.2038832
#IT 23 KerTime:2.6922996 AccTime:64.8961828
#IT 24 KerTime:2.6972163 AccTime:67.5933991
#IT 25 KerTime:2.6881799 AccTime:70.2815789
#IT 26 KerTime:2.6816784 AccTime:72.9632573
#IT 27 KerTime:2.6483095 AccTime:75.6115668
#IT 28 KerTime:2.6533738 AccTime:78.2649406
#IT 29 KerTime:2.7089772 AccTime:80.9739178
#IT 30 KerTime:2.7581429 AccTime:83.7320607
#IT 31 KerTime:2.6979812 AccTime:86.4300419
#IT 32 KerTime:2.7176414 AccTime:89.1476833
#ERR  p: [311, 1695], r: -4.6439592409496199e+34, e: 1.7403706312177526e+34
#ERR  p: [677, 1695], r: -1.3545901388352102e+35, e: -7.4808924547942130e+34
#ERR  p: [751, 1695], r: 4.4092360297748014e+33, e: 2.4148104847802489e+33
#ERR  p: [1846, 1695], r: 2.3280254720386719e+34, e: 2.4122375811510991e+34
#ERR  p: [1847, 1695], r: -5.1655439839338391e+34, e: 8.4936625899819440e+33
#ERR  p: [1896, 1695], r: -7.5330099780361354e+33, e: -1.0411060875109577e+34
#ERR  p: [135, 2015], r: -7.7770265288798731e+34, e: -1.5503816213025506e+34
#ERR  p: [136, 2015], r: -4.1935496129361057e+34, e: -4.0947407052324566e+34
#ERR  p: [470, 2015], r: 4.2552015027725962e+34, e: 4.3229990221401150e+34
#ERR  p: [630, 2015], r: -4.0160213360743386e+34, e: -3.6776900950455734e+34
#ERR  p: [631, 2015], r: -1.5910307442265293e+34, e: 4.8933912842892154e+34
#SDC Ite:33 KerTime:2.7176414 AccTime:89.1476833 KerErr:11 AccErr:11
#IT 33 KerTime:2.6529292 AccTime:91.8006125
#IT 34 KerTime:2.6896548 AccTime:94.4902672
#IT 35 KerTime:2.6550303 AccTime:97.1452975
#IT 36 KerTime:2.7845322 AccTime:99.9298297
#IT 37 KerTime:2.6895945 AccTime:102.6194242
#IT 38 KerTime:2.7526308 AccTime:105.3720550
#ERR  p: [1046, 1686], r: 1.0144659892475481e+34, e: 1.1245371802525998e+34
#ERR  p: [248, 1695], r: -4.0169772733726747e+34, e: -3.8224968932009415e+34
#ERR  p: [583, 1695], r: -1.0228082443430852e+35, e: -4.0445776417245580e+34
#SDC Ite:39 KerTime:2.7526308 AccTime:105.3720550 KerErr:3 AccErr:14
#IT 39 KerTime:2.6697961 AccTime:108.0418511
#IT 40 KerTime:2.6509238 AccTime:110.6927749
#IT 41 KerTime:2.6468724 AccTime:113.3396473
#IT 42 KerTime:2.7844134 AccTime:116.1240607
#IT 43 KerTime:2.7540538 AccTime:118.8781144
#IT 44 KerTime:2.6979974 AccTime:121.5761118
#ERR  p: [637, 1623], r: -5.2433860249861156e+33, e: -1.9652149570850698e+33
#ERR  p: [638, 1623], r: 8.2890298635480314e+32, e: 1.8817722277070583e+33
#ERR  p: [88, 1663], r: -1.2744996272895797e+34, e: -1.3271535499505244e+34
#ERR  p: [136, 1663], r: -3.8514389409674023e+34, e: -4.1653438919050119e+34
#ERR  p: [137, 1663], r: 5.2697592233770553e+34, e: 5.0558560591649502e+34
#ERR  p: [138, 1663], r: -2.1932603483059711e+35, e: 2.9273082836485987e+34
#ERR  p: [695, 1663], r: -6.2387077667021310e+34, e: 2.8644892639430700e+33
#ERR  p: [772, 1663], r: -3.1369323843209100e+34, e: -3.0692603920733747e+34
#ERR  p: [841, 1685], r: 2.5246645720509110e+34, e: 2.5032001772977496e+34
#ERR  p: [804, 1687], r: 1.3196040964149465e+34, e: 1.3651345407078313e+34
#ERR  p: [531, 1695], r: -1.3799670430825330e+33, e: -1.7447576431289721e+33
#ERR  p: [2045, 2013], r: -8.8358329306605410e+33, e: -1.2012675511495980e+34
#ERR  p: [2046, 2013], r: 2.9179422768993734e+34, e: 2.8929215280013530e+34
#ERR  p: [790, 2015], r: -1.6278456573638313e+33, e: -5.8770528687752018e+33
#SDC Ite:45 KerTime:2.6979974 AccTime:121.5761118 KerErr:14 AccErr:28
#IT 45 KerTime:2.6784363 AccTime:124.2545481
