#HEADER matrix_dim:2048 threads:4 block_size:16 block_offset:12 precision:Float
#BEGIN Y:2023 M:10 D:26 Time:07:40:31
#IT 0 KerTime:2.6874743 AccTime:2.6874743
#IT 1 KerTime:2.7246531 AccTime:5.4121274
#IT 2 KerTime:2.7300010 AccTime:8.1421284
#IT 3 KerTime:2.7082156 AccTime:10.8503440
#IT 4 KerTime:2.7081019 AccTime:13.5584459
#IT 5 KerTime:2.7079129 AccTime:16.2663588
#IT 6 KerTime:2.6892967 AccTime:18.9556555
#IT 7 KerTime:2.7011980 AccTime:21.6568535
#IT 8 KerTime:2.6491390 AccTime:24.3059925
#IT 9 KerTime:2.6524493 AccTime:26.9584418
#ERR  p: [1964, 700], r: -2.8937714976323264e+34, e: -1.8315840340163622e+34
#SDC Ite:10 KerTime:2.6524493 AccTime:26.9584418 KerErr:1 AccErr:1
#IT 10 KerTime:2.6887821 AccTime:29.6472239
#IT 11 KerTime:2.6818667 AccTime:32.3290906
#IT 12 KerTime:2.6740108 AccTime:35.0031015
#IT 13 KerTime:2.6518644 AccTime:37.6549658
#IT 14 KerTime:2.6477003 AccTime:40.3026661
#IT 15 KerTime:2.8031986 AccTime:43.1058647
#ERR  p: [1755, 656], r: -7.1382649428591079e+33, e: -1.0096696215138378e+33
#ERR  p: [1756, 656], r: -3.1784178595354299e+33, e: 1.9279626178348862e+34
#SDC Ite:16 KerTime:2.8031986 AccTime:43.1058647 KerErr:2 AccErr:3
#IT 16 KerTime:2.6922216 AccTime:45.7980863
#IT 17 KerTime:2.6851539 AccTime:48.4832402
