#HEADER matrix_dim:2048 threads:4 block_size:16 block_offset:12 precision:Float
#BEGIN Y:2023 M:10 D:20 Time:11:50:44
#IT 0 KerTime:2.7403190 AccTime:2.7403190
#IT 1 KerTime:2.6900871 AccTime:5.4304061
#ERR  p: [409, 1909], r: -3.0253828453209437e+34, e: -2.7068432944642575e+34
#SDC Ite:2 KerTime:2.6900871 AccTime:5.4304061 KerErr:1 AccErr:1
#IT 2 KerTime:2.8331160 AccTime:8.2635220
#ERR  p: [1474, 1584], r: 3.3128746124043447e+34, e: 3.8400142399328453e+34
#ERR  p: [790, 1971], r: 7.9296193509123266e+33, e: 6.6454793893608159e+33
#SDC Ite:3 KerTime:2.8331160 AccTime:8.2635220 KerErr:2 AccErr:3
#IT 3 KerTime:2.6980027 AccTime:10.9615247
#IT 4 KerTime:2.6953087 AccTime:13.6568334
#IT 5 KerTime:2.8298871 AccTime:16.4867205
#IT 6 KerTime:2.7057316 AccTime:19.1924521
#IT 7 KerTime:2.6936349 AccTime:21.8860870
#IT 8 KerTime:2.6997393 AccTime:24.5858263
#IT 9 KerTime:2.8064011 AccTime:27.3922274
#IT 10 KerTime:2.7861049 AccTime:30.1783323
#IT 11 KerTime:2.7518066 AccTime:32.9301389
#ERR  p: [809, 1651], r: -2.3072922046727125e+34, e: -2.4183007638755111e+34
#ERR  p: [31, 1909], r: 1.7124903646229869e+34, e: 1.6460932030279077e+34
#ERR  p: [1961, 1980], r: -1.1545356860485867e+34, e: -1.2826010782886750e+34
#SDC Ite:12 KerTime:2.7518066 AccTime:32.9301389 KerErr:3 AccErr:6
#IT 12 KerTime:2.7862636 AccTime:35.7164025
#ERR  p: [866, 1648], r: -3.4156402240615577e+34, e: -3.3375598795517188e+34
#ERR  p: [867, 1648], r: 1.7158839296526799e+34, e: 1.8393075419214637e+34
#ERR  p: [822, 1649], r: -2.3628135678466539e+34, e: -2.2816106433817215e+34
#ERR  p: [823, 1649], r: 1.6942984643636764e+34, e: 1.5477769954598942e+34
#ERR  p: [854, 1649], r: -1.6614674279638006e+34, e: -1.5139985635479533e+34
#ERR  p: [776, 1651], r: -2.6020350817422237e+34, e: -3.0171379170712952e+34
#ERR  p: [968, 1969], r: 2.7341757725916394e+34, e: 2.7289080901364723e+34
#ERR  p: [548, 1970], r: -1.1788363252257548e+34, e: -1.0854073811388361e+34
#ERR  p: [558, 1970], r: 1.7760032497205351e+34, e: 1.8608912740944122e+34
#ERR  p: [550, 1971], r: -1.6699880764086990e+32, e: -1.6476418660170537e+33
#SDC Ite:13 KerTime:2.7862636 AccTime:35.7164025 KerErr:10 AccErr:16
#IT 13 KerTime:2.6894391 AccTime:38.4058416
#IT 14 KerTime:2.6778513 AccTime:41.0836929
#IT 15 KerTime:2.6528428 AccTime:43.7365356
#IT 16 KerTime:2.6640939 AccTime:46.4006295
#IT 17 KerTime:2.7042522 AccTime:49.1048817
#IT 18 KerTime:2.7404848 AccTime:51.8453665
#IT 19 KerTime:2.6965656 AccTime:54.5419321
#IT 20 KerTime:2.6979147 AccTime:57.2398468
#IT 21 KerTime:2.7314911 AccTime:59.9713379
#ERR  p: [759, 1745], r: -4.2955999428386196e+33, e: -8.1091331907516045e+32
#SDC Ite:22 KerTime:2.7314911 AccTime:59.9713379 KerErr:1 AccErr:17
#IT 22 KerTime:2.6571672 AccTime:62.6285051
