#HEADER matrix_dim:2048 threads:4 block_size:16 block_offset:12 precision:Float
#BEGIN Y:2023 M:10 D:16 Time:21:05:12
#IT 0 KerTime:2.7345089 AccTime:2.7345089
#IT 1 KerTime:2.7005548 AccTime:5.4350636
#IT 2 KerTime:2.7891896 AccTime:8.2242533
#IT 3 KerTime:2.6937472 AccTime:10.9180004
#IT 4 KerTime:2.7081678 AccTime:13.6261682
#IT 5 KerTime:2.6988680 AccTime:16.3250362
#IT 6 KerTime:2.7143706 AccTime:19.0394068
#IT 7 KerTime:2.7233640 AccTime:21.7627707
#IT 8 KerTime:2.6640008 AccTime:24.4267716
#IT 9 KerTime:2.6650997 AccTime:27.0918712
#IT 10 KerTime:2.6840319 AccTime:29.7759031
#IT 11 KerTime:2.7912026 AccTime:32.5671057
#ERR  p: [582, 2005], r: 3.0034314449563275e+34, e: 3.0721247377362732e+34
#SDC Ite:12 KerTime:2.7912026 AccTime:32.5671057 KerErr:1 AccErr:1
#IT 12 KerTime:2.6988926 AccTime:35.2659983
#IT 13 KerTime:2.6884048 AccTime:37.9544031
#IT 14 KerTime:2.6662606 AccTime:40.6206637
#IT 15 KerTime:2.6641163 AccTime:43.2847800
#IT 16 KerTime:2.6598964 AccTime:45.9446764
