#HEADER matrix_dim:2048 threads:4 block_size:16 block_offset:12 precision:Float
#BEGIN Y:2023 M:10 D:22 Time:14:11:12
#IT 0 KerTime:2.7130538 AccTime:2.7130538
#IT 1 KerTime:2.6917921 AccTime:5.4048458
#ERR  p: [644, 1951], r: 4.0744419548202864e+33, e: -9.3832791076234594e+32
#ERR  p: [645, 1951], r: 6.8967242720939410e+33, e: 1.0108788103957108e+34
#SDC Ite:2 KerTime:2.6917921 AccTime:5.4048458 KerErr:2 AccErr:2
#IT 2 KerTime:2.8339128 AccTime:8.2387586
#IT 3 KerTime:2.6923107 AccTime:10.9310693
#IT 4 KerTime:2.7156931 AccTime:13.6467625
#IT 5 KerTime:2.6952311 AccTime:16.3419936
#IT 6 KerTime:2.6886528 AccTime:19.0306464
#IT 7 KerTime:2.7072992 AccTime:21.7379457
#IT 8 KerTime:2.6897923 AccTime:24.4277380
#IT 9 KerTime:2.7038448 AccTime:27.1315828
#IT 10 KerTime:2.7986064 AccTime:29.9301892
#IT 11 KerTime:2.7178779 AccTime:32.6480671
#IT 12 KerTime:2.7034944 AccTime:35.3515615
#IT 13 KerTime:2.7228459 AccTime:38.0744074
#IT 14 KerTime:2.6879155 AccTime:40.7623229
#IT 15 KerTime:2.6749148 AccTime:43.4372376
#IT 16 KerTime:2.6861313 AccTime:46.1233689
#IT 17 KerTime:2.6617606 AccTime:48.7851295
#IT 18 KerTime:2.6950046 AccTime:51.4801341
#IT 19 KerTime:2.7386736 AccTime:54.2188077
#IT 20 KerTime:2.7027528 AccTime:56.9215605
#IT 21 KerTime:2.7663980 AccTime:59.6879585
#IT 22 KerTime:2.7564857 AccTime:62.4444441
#IT 23 KerTime:2.7143002 AccTime:65.1587444
#IT 24 KerTime:2.7496225 AccTime:67.9083668
#IT 25 KerTime:2.7572543 AccTime:70.6656212
#IT 26 KerTime:2.7134621 AccTime:73.3790833
#IT 27 KerTime:2.7418567 AccTime:76.1209400
#IT 28 KerTime:2.7036012 AccTime:78.8245412
#IT 29 KerTime:2.7295756 AccTime:81.5541168
#IT 30 KerTime:2.6876804 AccTime:84.2417972
#IT 31 KerTime:2.7168599 AccTime:86.9586571
#IT 32 KerTime:2.7133632 AccTime:89.6720204
#IT 33 KerTime:2.7051238 AccTime:92.3771442
