#HEADER matrix_dim:2048 threads:4 block_size:16 block_offset:12 precision:Float
#BEGIN Y:2023 M:10 D:20 Time:10:09:03
#IT 0 KerTime:2.7041122 AccTime:2.7041122
#IT 1 KerTime:2.7341737 AccTime:5.4382859
#IT 2 KerTime:2.7302471 AccTime:8.1685331
#IT 3 KerTime:2.6979495 AccTime:10.8664825
#IT 4 KerTime:2.6779975 AccTime:13.5444800
#IT 5 KerTime:2.7246473 AccTime:16.2691273
#IT 6 KerTime:2.6848706 AccTime:18.9539979
#IT 7 KerTime:2.6803876 AccTime:21.6343855
#IT 8 KerTime:2.6546004 AccTime:24.2889859
#IT 9 KerTime:2.6630226 AccTime:26.9520085
#IT 10 KerTime:2.7021186 AccTime:29.6541271
#IT 11 KerTime:2.7035070 AccTime:32.3576341
#IT 12 KerTime:2.7387753 AccTime:35.0964094
#IT 13 KerTime:2.7439667 AccTime:37.8403761
#IT 14 KerTime:2.6968851 AccTime:40.5372612
#IT 15 KerTime:2.7030175 AccTime:43.2402787
#IT 16 KerTime:2.6940296 AccTime:45.9343083
#IT 17 KerTime:2.7135265 AccTime:48.6478348
#IT 18 KerTime:2.7345112 AccTime:51.3823460
#IT 19 KerTime:2.6899368 AccTime:54.0722828
#IT 20 KerTime:2.6902178 AccTime:56.7625005
#IT 21 KerTime:2.7192173 AccTime:59.4817179
#IT 22 KerTime:2.6986897 AccTime:62.1804076
#IT 23 KerTime:2.6849872 AccTime:64.8653948
#IT 24 KerTime:2.6965771 AccTime:67.5619720
#IT 25 KerTime:2.6893891 AccTime:70.2513611
#IT 26 KerTime:2.6804622 AccTime:72.9318232
#IT 27 KerTime:2.6538349 AccTime:75.5856581
#IT 28 KerTime:2.6564140 AccTime:78.2420721
#IT 29 KerTime:2.6953449 AccTime:80.9374170
#IT 30 KerTime:2.7512927 AccTime:83.6887097
#IT 31 KerTime:2.7704474 AccTime:86.4591571
#IT 32 KerTime:2.7438888 AccTime:89.2030459
#IT 33 KerTime:2.6978052 AccTime:91.9008510
#IT 34 KerTime:2.7049858 AccTime:94.6058368
#IT 35 KerTime:2.6948820 AccTime:97.3007188
#IT 36 KerTime:2.6935485 AccTime:99.9942674
#IT 37 KerTime:2.7138446 AccTime:102.7081119
#IT 38 KerTime:2.6934462 AccTime:105.4015581
#IT 39 KerTime:2.7013374 AccTime:108.1028956
#ERR  p: [888, 828], r: 3.1992683598231097e+34, e: 2.8567759071462906e+34
#SDC Ite:40 KerTime:2.7013374 AccTime:108.1028956 KerErr:1 AccErr:1
#IT 40 KerTime:2.6977234 AccTime:110.8006190
#IT 41 KerTime:2.6971282 AccTime:113.4977471
#IT 42 KerTime:2.7165751 AccTime:116.2143222
#IT 43 KerTime:2.6860676 AccTime:118.9003898
#ERR  p: [950, 827], r: -4.2209397790693183e+33, e: -5.8821476110068808e+33
#ERR  p: [604, 944], r: -1.3279496691897888e+34, e: -1.2729687906369994e+34
#ERR  p: [647, 1009], r: -3.1273811817418076e+34, e: -2.9112829022520416e+34
