#HEADER matrix_dim:2048 threads:4 block_size:16 block_offset:12 precision:Float
#BEGIN Y:2023 M:10 D:20 Time:13:41:34
#IT 0 KerTime:2.7341466 AccTime:2.7341466
#IT 1 KerTime:2.7395579 AccTime:5.4737045
#IT 2 KerTime:2.8237752 AccTime:8.2974797
#IT 3 KerTime:2.6922283 AccTime:10.9897080
#IT 4 KerTime:2.7091408 AccTime:13.6988488
#IT 5 KerTime:2.7041917 AccTime:16.4030405
#IT 6 KerTime:2.6966549 AccTime:19.0996954
#IT 7 KerTime:2.6907014 AccTime:21.7903968
#IT 8 KerTime:2.6611188 AccTime:24.4515156
#IT 9 KerTime:2.6657796 AccTime:27.1172952
#IT 10 KerTime:2.6669039 AccTime:29.7841991
#IT 11 KerTime:2.7356610 AccTime:32.5198601
#IT 12 KerTime:2.7774110 AccTime:35.2972712
#IT 13 KerTime:2.7108538 AccTime:38.0081249
#IT 14 KerTime:2.7619446 AccTime:40.7700695
#IT 15 KerTime:2.7054416 AccTime:43.4755112
#IT 16 KerTime:2.7763028 AccTime:46.2518139
#IT 17 KerTime:2.7234936 AccTime:48.9753075
#IT 18 KerTime:2.7537401 AccTime:51.7290476
#ERR  p: [1814, 761], r: -3.9171084414073895e+33, e: -7.6336928793712546e+33
#SDC Ite:19 KerTime:2.7537401 AccTime:51.7290476 KerErr:1 AccErr:1
#IT 19 KerTime:2.7200612 AccTime:54.4491087
#IT 20 KerTime:2.7053246 AccTime:57.1544333
