#HEADER matrix_dim:2048 threads:4 block_size:16 block_offset:12 precision:Float
#BEGIN Y:2023 M:10 D:19 Time:15:42:38
#IT 0 KerTime:2.7272915 AccTime:2.7272915
#IT 1 KerTime:2.7252780 AccTime:5.4525695
#ERR  p: [502, 411], r: 5.5726623535975279e+34, e: 1.0847029932564827e+34
#SDC Ite:2 KerTime:2.7252780 AccTime:5.4525695 KerErr:1 AccErr:1
#IT 2 KerTime:2.7730987 AccTime:8.2256682
#IT 3 KerTime:2.7034016 AccTime:10.9290698
#IT 4 KerTime:2.7449818 AccTime:13.6740516
#IT 5 KerTime:2.7189177 AccTime:16.3929693
#IT 6 KerTime:2.7333511 AccTime:19.1263204
#IT 7 KerTime:2.7403859 AccTime:21.8667063
#ERR  p: [681, 466], r: 7.3219176804772316e+33, e: -1.7115851828662614e+34
#ERR  p: [6, 475], r: 1.9099353636008007e+33, e: -4.2734155621586098e+34
#ERR  p: [390, 475], r: 6.1030438985009090e+34, e: 1.6860068657745469e+34
#SDC Ite:8 KerTime:2.7403859 AccTime:21.8667063 KerErr:3 AccErr:4
#IT 8 KerTime:2.7523159 AccTime:24.6190222
#IT 9 KerTime:2.8158410 AccTime:27.4348632
#IT 10 KerTime:2.7568567 AccTime:30.1917199
#IT 11 KerTime:2.6962643 AccTime:32.8879842
#IT 12 KerTime:2.7250908 AccTime:35.6130750
#IT 13 KerTime:2.7065879 AccTime:38.3196629
#IT 14 KerTime:2.7712543 AccTime:41.0909172
#IT 15 KerTime:2.7491281 AccTime:43.8400453
#IT 16 KerTime:2.6986679 AccTime:46.5387133
#IT 17 KerTime:2.7208653 AccTime:49.2595786
#IT 18 KerTime:2.6923800 AccTime:51.9519587
#IT 19 KerTime:2.6909841 AccTime:54.6429428
#IT 20 KerTime:2.6864969 AccTime:57.3294397
