#HEADER matrix_dim:2048 threads:4 block_size:16 block_offset:12 precision:Float
#BEGIN Y:2023 M:10 D:28 Time:23:12:56
#IT 0 KerTime:2.7418708 AccTime:2.7418708
#IT 1 KerTime:2.6920450 AccTime:5.4339158
#IT 2 KerTime:2.7347371 AccTime:8.1686529
#IT 3 KerTime:2.7211863 AccTime:10.8898392
#IT 4 KerTime:2.7186058 AccTime:13.6084450
#ERR  p: [109, 208], r: -1.0575245396287887e+35, e: -6.7074087015601103e+34
#ERR  p: [1966, 255], r: -2.4923516135574761e+34, e: -2.2332091685497260e+34
#SDC Ite:5 KerTime:2.7186058 AccTime:13.6084450 KerErr:2 AccErr:2
#IT 5 KerTime:2.6924933 AccTime:16.3009383
#ERR  p: [552, 477], r: 2.4150278979996484e+34, e: 5.3921687151656566e+34
#SDC Ite:6 KerTime:2.6924933 AccTime:16.3009383 KerErr:1 AccErr:3
#IT 6 KerTime:2.6904680 AccTime:18.9914063
#IT 7 KerTime:2.7326519 AccTime:21.7240582
#IT 8 KerTime:2.6854219 AccTime:24.4094801
#IT 9 KerTime:2.7005237 AccTime:27.1100037
#IT 10 KerTime:2.7287045 AccTime:29.8387083
#IT 11 KerTime:2.6825015 AccTime:32.5212098
#IT 12 KerTime:2.6812982 AccTime:35.2025080
#IT 13 KerTime:2.7091843 AccTime:37.9116922
#IT 14 KerTime:2.6826922 AccTime:40.5943845
#IT 15 KerTime:2.6816072 AccTime:43.2759917
#IT 16 KerTime:2.6722717 AccTime:45.9482633
#IT 17 KerTime:2.6706877 AccTime:48.6189510
#IT 18 KerTime:2.6565156 AccTime:51.2754666
#IT 19 KerTime:2.6447062 AccTime:53.9201729
#IT 20 KerTime:2.7476704 AccTime:56.6678433
#IT 21 KerTime:2.6451396 AccTime:59.3129829
#IT 22 KerTime:2.6996650 AccTime:62.0126478
#IT 23 KerTime:2.6892652 AccTime:64.7019130
#IT 24 KerTime:2.6890249 AccTime:67.3909379
#IT 25 KerTime:2.6862881 AccTime:70.0772260
#IT 26 KerTime:2.7340495 AccTime:72.8112755
#IT 27 KerTime:2.7192135 AccTime:75.5304890
#IT 28 KerTime:2.7514228 AccTime:78.2819117
