#HEADER matrix_dim:2048 threads:4 block_size:16 block_offset:12 precision:Float
#BEGIN Y:2023 M:10 D:21 Time:04:16:24
#IT 0 KerTime:2.7341921 AccTime:2.7341921
#IT 1 KerTime:2.7045569 AccTime:5.4387490
#ERR  p: [678, 1981], r: -4.8987010567057183e+34, e: -4.8988332687019140e+34
#SDC Ite:2 KerTime:2.7045569 AccTime:5.4387490 KerErr:1 AccErr:1
#IT 2 KerTime:2.7578545 AccTime:8.1966035
#IT 3 KerTime:2.7637698 AccTime:10.9603733
#IT 4 KerTime:2.7543761 AccTime:13.7147494
#IT 5 KerTime:2.7884206 AccTime:16.5031700
#IT 6 KerTime:2.7149611 AccTime:19.2181310
#IT 7 KerTime:2.7481838 AccTime:21.9663148
#IT 8 KerTime:2.7002195 AccTime:24.6665343
#IT 9 KerTime:2.7511519 AccTime:27.4176862
#IT 10 KerTime:2.6958342 AccTime:30.1135205
#IT 11 KerTime:2.7292677 AccTime:32.8427882
#IT 12 KerTime:2.7781119 AccTime:35.6209001
#IT 13 KerTime:2.7080744 AccTime:38.3289745
#IT 14 KerTime:2.7017045 AccTime:41.0306791
#IT 15 KerTime:2.6867133 AccTime:43.7173924
#IT 16 KerTime:2.6614520 AccTime:46.3788444
#IT 17 KerTime:2.6645648 AccTime:49.0434092
#IT 18 KerTime:2.7815553 AccTime:51.8249645
#IT 19 KerTime:2.7216373 AccTime:54.5466018
#IT 20 KerTime:2.7220231 AccTime:57.2686249
#IT 21 KerTime:2.7116061 AccTime:59.9802310
#IT 22 KerTime:2.7669805 AccTime:62.7472115
#IT 23 KerTime:2.7086686 AccTime:65.4558801
#ERR  p: [2017, 1662], r: 5.1938586436883901e+34, e: 5.2911429044396552e+34
#ERR  p: [645, 1937], r: 1.7236465564630228e+34, e: 2.0238103729645647e+34
#ERR  p: [647, 1937], r: -5.7432267225622990e+34, e: -6.2992925522247575e+34
#SDC Ite:24 KerTime:2.7086686 AccTime:65.4558801 KerErr:3 AccErr:4
#IT 24 KerTime:2.6622163 AccTime:68.1180964
#IT 25 KerTime:2.6929062 AccTime:70.8110027
#IT 26 KerTime:2.7128936 AccTime:73.5238963
#IT 27 KerTime:2.7811709 AccTime:76.3050672
#IT 28 KerTime:2.7305964 AccTime:79.0356636
#IT 29 KerTime:2.7316244 AccTime:81.7672880
#IT 30 KerTime:2.8219296 AccTime:84.5892176
#IT 31 KerTime:2.7690928 AccTime:87.3583104
#ERR  p: [711, 1745], r: 3.5407962096213175e+34, e: 3.5134253553527178e+34
#SDC Ite:32 KerTime:2.7690928 AccTime:87.3583104 KerErr:1 AccErr:5
#IT 32 KerTime:2.6622269 AccTime:90.0205374
#IT 33 KerTime:2.7005247 AccTime:92.7210620
#IT 34 KerTime:2.7201047 AccTime:95.4411667
#IT 35 KerTime:2.7894890 AccTime:98.2306557
#IT 36 KerTime:2.7597447 AccTime:100.9904004
#IT 37 KerTime:2.7820344 AccTime:103.7724348
#IT 38 KerTime:2.7469930 AccTime:106.5194278
#IT 39 KerTime:2.7732532 AccTime:109.2926810
#IT 40 KerTime:2.8332868 AccTime:112.1259677
#IT 41 KerTime:2.7247938 AccTime:114.8507616
#IT 42 KerTime:2.7636416 AccTime:117.6144031
#IT 43 KerTime:2.7111146 AccTime:120.3255178
#IT 44 KerTime:2.7745943 AccTime:123.1001120
#IT 45 KerTime:2.7123955 AccTime:125.8125075
#IT 46 KerTime:2.7086462 AccTime:128.5211538
#IT 47 KerTime:2.7348501 AccTime:131.2560038
#IT 48 KerTime:2.6985516 AccTime:133.9545555
#IT 49 KerTime:2.7211440 AccTime:136.6756995
#IT 50 KerTime:2.7320278 AccTime:139.4077273
#IT 51 KerTime:2.7123770 AccTime:142.1201043
#IT 52 KerTime:2.6930263 AccTime:144.8131306
#IT 53 KerTime:2.6960484 AccTime:147.5091789
#IT 54 KerTime:2.6911508 AccTime:150.2003297
#IT 55 KerTime:2.6625498 AccTime:152.8628795
#IT 56 KerTime:2.6656102 AccTime:155.5284897
