#HEADER matrix_dim:2048 threads:4 block_size:16 block_offset:12 precision:Float
#BEGIN Y:2023 M:10 D:22 Time:14:19:21
#IT 0 KerTime:2.6763616 AccTime:2.6763616
#IT 1 KerTime:2.7258386 AccTime:5.4022003
#ERR  p: [810, 2008], r: -1.0749188103619868e+33, e: 1.1878109727058105e+33
#SDC Ite:2 KerTime:2.7258386 AccTime:5.4022003 KerErr:1 AccErr:1
#IT 2 KerTime:2.7500094 AccTime:8.1522097
#IT 3 KerTime:2.6743806 AccTime:10.8265903
#IT 4 KerTime:2.6776735 AccTime:13.5042638
#IT 5 KerTime:2.6723339 AccTime:16.1765976
#IT 6 KerTime:2.6868888 AccTime:18.8634864
#IT 7 KerTime:2.7464691 AccTime:21.6099555
#IT 8 KerTime:2.7292751 AccTime:24.3392306
#IT 9 KerTime:2.7069271 AccTime:27.0461577
#IT 10 KerTime:2.6801167 AccTime:29.7262744
#IT 11 KerTime:2.7026721 AccTime:32.4289465
#IT 12 KerTime:2.6707245 AccTime:35.0996710
#IT 13 KerTime:2.6675855 AccTime:37.7672565
#IT 14 KerTime:2.6384129 AccTime:40.4056694
#IT 15 KerTime:2.6712459 AccTime:43.0769154
#IT 16 KerTime:2.6401655 AccTime:45.7170808
#IT 17 KerTime:2.7217998 AccTime:48.4388806
#IT 18 KerTime:2.7969111 AccTime:51.2357917
#IT 19 KerTime:2.7163436 AccTime:53.9521353
#IT 20 KerTime:2.6797075 AccTime:56.6318428
#IT 21 KerTime:2.7107335 AccTime:59.3425763
#IT 22 KerTime:2.7389236 AccTime:62.0814999
#IT 23 KerTime:2.7045820 AccTime:64.7860819
#IT 24 KerTime:2.6838657 AccTime:67.4699475
#IT 25 KerTime:2.6947134 AccTime:70.1646609
#IT 26 KerTime:2.7304327 AccTime:72.8950936
#IT 27 KerTime:2.6870204 AccTime:75.5821140
#IT 28 KerTime:2.7048034 AccTime:78.2869174
#IT 29 KerTime:2.6786171 AccTime:80.9655344
#IT 30 KerTime:2.6747691 AccTime:83.6403036
#IT 31 KerTime:2.6677012 AccTime:86.3080048
#IT 32 KerTime:2.6600400 AccTime:88.9680447
#IT 33 KerTime:2.6388791 AccTime:91.6069239
#IT 34 KerTime:2.6413673 AccTime:94.2482911
#IT 35 KerTime:2.7194508 AccTime:96.9677420
