#HEADER matrix_dim:2048 threads:4 block_size:16 block_offset:12 precision:Float
#BEGIN Y:2023 M:10 D:24 Time:22:27:08
#IT 0 KerTime:2.7589487 AccTime:2.7589487
#IT 1 KerTime:2.7121887 AccTime:5.4711373
#IT 2 KerTime:2.7672813 AccTime:8.2384186
#IT 3 KerTime:2.7490961 AccTime:10.9875147
#IT 4 KerTime:2.7018931 AccTime:13.6894078
#IT 5 KerTime:2.7305090 AccTime:16.4199168
#IT 6 KerTime:2.6928100 AccTime:19.1127268
#IT 7 KerTime:2.6922718 AccTime:21.8049986
#IT 8 KerTime:2.6598390 AccTime:24.4648376
#IT 9 KerTime:2.6621048 AccTime:27.1269423
#IT 10 KerTime:2.6589066 AccTime:29.7858489
#IT 11 KerTime:2.7236573 AccTime:32.5095062
#ERR  p: [286, 571], r: -2.1040286399222495e+34, e: -2.6742163943768599e+34
#SDC Ite:12 KerTime:2.7236573 AccTime:32.5095062 KerErr:1 AccErr:1
#IT 12 KerTime:2.7440498 AccTime:35.2535560
#IT 13 KerTime:2.7429695 AccTime:37.9965255
#IT 14 KerTime:2.6584303 AccTime:40.6549558
#IT 15 KerTime:2.6604911 AccTime:43.3154469
#IT 16 KerTime:2.6598009 AccTime:45.9752478
#ERR  p: [8, 729], r: 1.4928063918094308e+34, e: 5.4278506191562531e+32
#SDC Ite:17 KerTime:2.6598009 AccTime:45.9752478 KerErr:1 AccErr:2
#IT 17 KerTime:2.7238401 AccTime:48.6990879
#ERR  p: [791, 952], r: 8.9211168482589815e+34, e: 5.6716965663883269e+34
#ERR  p: [792, 952], r: -6.7248735596343484e+34, e: -4.4193409629334762e+34
#ERR  p: [793, 952], r: 3.2701906874377927e+34, e: 2.4703739688640270e+34
#ERR  p: [788, 953], r: 2.0579688524685662e+34, e: 4.5109482782525865e+33
#ERR  p: [788, 954], r: -3.1014931939492659e+33, e: 2.4681400132176336e+33
#ERR  p: [789, 954], r: 1.9794204428298734e+34, e: 9.1869678141336230e+33
#SDC Ite:18 KerTime:2.7238401 AccTime:48.6990879 KerErr:6 AccErr:8
#IT 18 KerTime:2.7608200 AccTime:51.4599078
#IT 19 KerTime:2.6922845 AccTime:54.1521923
#IT 20 KerTime:2.7299351 AccTime:56.8821274
#IT 21 KerTime:2.7154335 AccTime:59.5975609
#IT 22 KerTime:2.7285999 AccTime:62.3261608
#IT 23 KerTime:2.7053933 AccTime:65.0315541
#IT 24 KerTime:2.6946910 AccTime:67.7262451
#IT 25 KerTime:2.6861302 AccTime:70.4123753
#IT 26 KerTime:2.6755823 AccTime:73.0879577
#IT 27 KerTime:2.7069467 AccTime:75.7949043
#IT 28 KerTime:2.6790456 AccTime:78.4739499
#IT 29 KerTime:2.7094887 AccTime:81.1834387
#IT 30 KerTime:2.7361767 AccTime:83.9196154
#IT 31 KerTime:2.7043089 AccTime:86.6239242
#IT 32 KerTime:2.7417974 AccTime:89.3657216
#IT 33 KerTime:2.7329117 AccTime:92.0986333
#IT 34 KerTime:2.7970639 AccTime:94.8956972
#IT 35 KerTime:2.7609082 AccTime:97.6566054
#IT 36 KerTime:2.7902339 AccTime:100.4468393
#IT 37 KerTime:2.7060194 AccTime:103.1528587
#IT 38 KerTime:2.7772589 AccTime:105.9301175
#ERR  p: [684, 1340], r: -1.3067342241785278e+34, e: -1.2133356096225716e+34
#ERR  p: [838, 1404], r: -2.6242493586741821e+33, e: -6.1499270398747210e+33
#SDC Ite:39 KerTime:2.7772589 AccTime:105.9301175 KerErr:2 AccErr:10
#IT 39 KerTime:2.7074554 AccTime:108.6375729
#IT 40 KerTime:2.7957455 AccTime:111.4333184
#IT 41 KerTime:2.7022050 AccTime:114.1355234
#ERR  p: [452, 757], r: -1.4215956241655943e+34, e: -3.0605695578215757e+34
#SDC Ite:42 KerTime:2.7022050 AccTime:114.1355234 KerErr:1 AccErr:11
#IT 42 KerTime:2.6555476 AccTime:116.7910710
#IT 43 KerTime:2.6591590 AccTime:119.4502300
#IT 44 KerTime:2.7138888 AccTime:122.1641188
