#HEADER matrix_dim:2048 threads:4 block_size:16 block_offset:12 precision:Float
#BEGIN Y:2023 M:10 D:21 Time:02:08:34
#IT 0 KerTime:2.7139997 AccTime:2.7139997
#IT 1 KerTime:2.7459727 AccTime:5.4599724
#IT 2 KerTime:2.7396815 AccTime:8.1996539
#IT 3 KerTime:2.6977009 AccTime:10.8973548
#IT 4 KerTime:2.6796134 AccTime:13.5769682
#IT 5 KerTime:2.6761862 AccTime:16.2531544
#IT 6 KerTime:2.7727213 AccTime:19.0258756
#IT 7 KerTime:2.6717418 AccTime:21.6976174
#IT 8 KerTime:2.6380982 AccTime:24.3357156
#IT 9 KerTime:2.6472947 AccTime:26.9830103
#IT 10 KerTime:2.7154121 AccTime:29.6984225
#ERR  p: [1597, 880], r: 2.8222911066479335e+34, e: 7.6302309800513931e+33
#SDC Ite:11 KerTime:2.7154121 AccTime:29.6984225 KerErr:1 AccErr:1
#IT 11 KerTime:2.6650618 AccTime:32.3634842
#ERR  p: [755, 1008], r: 3.1850946891373156e+34, e: 2.4484134077431201e+34
#SDC Ite:12 KerTime:2.6650618 AccTime:32.3634842 KerErr:1 AccErr:2
#ABORT amount of errors equals of the last iteration
#END
