#HEADER matrix_dim:2048 threads:4 block_size:16 block_offset:12 precision:Float
#BEGIN Y:2023 M:10 D:16 Time:19:03:00
#IT 0 KerTime:2.7174068 AccTime:2.7174068
#IT 1 KerTime:2.7768211 AccTime:5.4942279
#IT 2 KerTime:2.7724180 AccTime:8.2666459
#IT 3 KerTime:2.7426497 AccTime:11.0092956
#IT 4 KerTime:2.7535905 AccTime:13.7628861
#IT 5 KerTime:2.6958218 AccTime:16.4587079
#ERR  p: [1309, 944], r: -1.8046074636502749e+34, e: -1.6254735785575546e+34
#ERR  p: [1436, 944], r: 2.0292645820351511e+32, e: -9.2011518216187451e+31
#ERR  p: [1239, 948], r: -2.2375734023642227e+34, e: -1.8746835354541024e+34
#ERR  p: [1304, 948], r: -1.4844580955665020e+34, e: -1.3895251781258554e+34
#ERR  p: [1462, 958], r: -1.5493998110573934e+34, e: -1.1062646900967319e+34
#ERR  p: [1511, 958], r: -1.7471302790082665e+34, e: -1.9030057466428930e+34
#ERR  p: [1766, 958], r: 1.3452491384747785e+34, e: 1.5256283912470198e+34
#SDC Ite:6 KerTime:2.6958218 AccTime:16.4587079 KerErr:7 AccErr:7
#IT 6 KerTime:2.7083179 AccTime:19.1670258
#IT 7 KerTime:2.6980698 AccTime:21.8650956
#ERR  p: [1231, 629], r: 4.5592075137740681e+33, e: 5.2988098384849614e+33
#ERR  p: [1645, 752], r: -3.3468347739140527e+34, e: -3.5424758466666199e+34
#ERR  p: [1622, 753], r: -7.2457945810665048e+32, e: -7.9748871043288751e+31
#ERR  p: [1597, 785], r: -5.3972997290404866e+34, e: -5.4554254704690766e+34
#ERR  p: [1598, 785], r: -4.4493169382207481e+34, e: -4.3830227732369374e+34
#ERR  p: [1641, 948], r: 2.5208135881767020e+34, e: 2.7288870451558044e+34
#ERR  p: [1896, 948], r: 1.8105227125399922e+34, e: 1.9113821441247136e+34
#SDC Ite:8 KerTime:2.6980698 AccTime:21.8650956 KerErr:7 AccErr:14
#IT 8 KerTime:2.7498890 AccTime:24.6149846
#IT 9 KerTime:2.7083464 AccTime:27.3233310
#ERR  p: [1068, 829], r: 4.1469377042249011e+34, e: 4.6903696130224288e+34
#ERR  p: [1822, 953], r: 1.9771384860584567e+33, e: 3.5010398890536714e+32
#SDC Ite:10 KerTime:2.7083464 AccTime:27.3233310 KerErr:2 AccErr:16
#IT 10 KerTime:2.6610056 AccTime:29.9843366
#ERR  p: [1262, 821], r: 4.9393540172438187e+34, e: 5.5464239668768664e+34
#SDC Ite:11 KerTime:2.6610056 AccTime:29.9843366 KerErr:1 AccErr:17
#IT 11 KerTime:2.7097307 AccTime:32.6940673
#ERR  p: [396, 688], r: 4.2722395191212887e+34, e: 4.2391701792638505e+34
#SDC Ite:12 KerTime:2.7097307 AccTime:32.6940673 KerErr:1 AccErr:18
#ABORT amount of errors equals of the last iteration
#END
