#HEADER matrix_dim:2048 threads:4 block_size:16 block_offset:12 precision:Float
#BEGIN Y:2023 M:10 D:20 Time:21:18:44
#IT 0 KerTime:2.6729025 AccTime:2.6729025
#IT 1 KerTime:2.7300837 AccTime:5.4029861
#ERR  p: [1126, 465], r: -5.5255490791704127e+33, e: 2.6654003424900871e+33
#SDC Ite:2 KerTime:2.7300837 AccTime:5.4029861 KerErr:1 AccErr:1
#IT 2 KerTime:2.7180725 AccTime:8.1210586
#ERR  p: [1128, 369], r: 8.3493175434612294e+33, e: 3.5751349331950390e+33
#ERR  p: [1206, 369], r: -3.5002073743772520e+33, e: -8.0460322920991304e+32
#ERR  p: [1126, 401], r: -1.6916750218324229e+34, e: -7.1404480501183877e+33
#ERR  p: [1222, 401], r: -2.4950079852937747e+34, e: -2.4814334775869948e+34
#SDC Ite:3 KerTime:2.7180725 AccTime:8.1210586 KerErr:4 AccErr:5
#IT 3 KerTime:2.6341735 AccTime:10.7552321
#IT 4 KerTime:2.6784816 AccTime:13.4337137
#IT 5 KerTime:2.6799905 AccTime:16.1137042
#IT 6 KerTime:2.6776865 AccTime:18.7913907
#IT 7 KerTime:2.6856740 AccTime:21.4770647
#IT 8 KerTime:2.6685835 AccTime:24.1456482
#IT 9 KerTime:2.7106715 AccTime:26.8563196
#ERR  p: [1046, 497], r: -9.1551731811346370e+33, e: -1.4781457464606829e+33
#ERR  p: [1047, 497], r: -4.4976891976678165e+34, e: -4.4727818440773946e+34
#SDC Ite:10 KerTime:2.7106715 AccTime:26.8563196 KerErr:2 AccErr:7
#IT 10 KerTime:2.7310323 AccTime:29.5873520
