#HEADER matrix_dim:2048 threads:4 block_size:16 block_offset:12 precision:Float
#BEGIN Y:2023 M:10 D:18 Time:06:32:58
#IT 0 KerTime:2.7913870 AccTime:2.7913870
#IT 1 KerTime:2.7162489 AccTime:5.5076358
#IT 2 KerTime:2.7885604 AccTime:8.2961963
#IT 3 KerTime:2.6999566 AccTime:10.9961528
#IT 4 KerTime:2.7400814 AccTime:13.7362342
#IT 5 KerTime:2.7365854 AccTime:16.4728196
#IT 6 KerTime:2.7151993 AccTime:19.1880190
#ERR  p: [422, 2001], r: -1.5073906872062558e+34, e: -1.6021372946709899e+34
#ERR  p: [440, 2001], r: 3.1215227542998935e+34, e: 3.3429961694402366e+34
#ERR  p: [454, 2001], r: 2.7991158787604798e+34, e: 2.9386970844220164e+34
#ERR  p: [470, 2001], r: 2.3220095786237606e+34, e: 2.2966714218996675e+34
#ERR  p: [504, 2001], r: 5.9243680512227244e+34, e: 6.1246221837376846e+34
#SDC Ite:7 KerTime:2.7151993 AccTime:19.1880190 KerErr:5 AccErr:5
#IT 7 KerTime:2.7626591 AccTime:21.9506780
#ERR  p: [398, 1872], r: -5.1582084464370497e+34, e: -4.9364354498071995e+34
#ERR  p: [502, 2001], r: 8.9467152199793325e+33, e: 4.7195742897682239e+33
#ERR  p: [503, 2001], r: 2.3157867016342809e+34, e: 2.3513140952337242e+34
#ERR  p: [663, 2001], r: 2.6705015839069723e+34, e: 2.6774142410863419e+34
#ERR  p: [664, 2001], r: -2.3054714424629315e+34, e: -1.9324875362664822e+34
#SDC Ite:8 KerTime:2.7626591 AccTime:21.9506780 KerErr:5 AccErr:10
#ABORT amount of errors equals of the last iteration
#END
