#HEADER matrix_dim:2048 threads:4 block_size:16 block_offset:12 precision:Float
#BEGIN Y:2023 M:10 D:25 Time:05:59:04
#IT 0 KerTime:2.7469638 AccTime:2.7469638
#IT 1 KerTime:2.7149487 AccTime:5.4619125
#IT 2 KerTime:2.7381879 AccTime:8.2001004
#IT 3 KerTime:2.7231474 AccTime:10.9232479
#IT 4 KerTime:2.6896530 AccTime:13.6129009
#IT 5 KerTime:2.6944620 AccTime:16.3073629
#IT 6 KerTime:2.6889299 AccTime:18.9962928
#IT 7 KerTime:2.6802955 AccTime:21.6765884
#IT 8 KerTime:2.6555610 AccTime:24.3321494
#IT 9 KerTime:2.6674470 AccTime:26.9995964
#IT 10 KerTime:2.7153187 AccTime:29.7149151
#IT 11 KerTime:2.7394464 AccTime:32.4543615
#IT 12 KerTime:2.7322010 AccTime:35.1865625
#ERR  p: [1896, 1222], r: 8.1323499824758772e+33, e: 7.0750947195644339e+33
#SDC Ite:13 KerTime:2.7322010 AccTime:35.1865625 KerErr:1 AccErr:1
#IT 13 KerTime:2.6831086 AccTime:37.8696711
#IT 14 KerTime:2.6555039 AccTime:40.5251750
#IT 15 KerTime:2.6584480 AccTime:43.1836229
#IT 16 KerTime:2.6668755 AccTime:45.8504984
#ERR  p: [1595, 1414], r: 4.5097472288264718e+34, e: -1.6118325934706651e+34
#SDC Ite:17 KerTime:2.6668755 AccTime:45.8504984 KerErr:1 AccErr:2
#IT 17 KerTime:2.6949012 AccTime:48.5453996
#IT 18 KerTime:2.6837840 AccTime:51.2291836
#IT 19 KerTime:2.6732727 AccTime:53.9024563
#IT 20 KerTime:2.6638359 AccTime:56.5662922
