#HEADER matrix_dim:2048 threads:4 block_size:16 block_offset:12 precision:Float
#BEGIN Y:2023 M:10 D:21 Time:02:21:33
#IT 0 KerTime:2.6758689 AccTime:2.6758689
#IT 1 KerTime:2.7130097 AccTime:5.3888786
#IT 2 KerTime:2.7144241 AccTime:8.1033027
#IT 3 KerTime:2.6732894 AccTime:10.7765921
#IT 4 KerTime:2.6706671 AccTime:13.4472592
#IT 5 KerTime:2.6721556 AccTime:16.1194147
#IT 6 KerTime:2.6728216 AccTime:18.7922363
#IT 7 KerTime:2.6706251 AccTime:21.4628615
#IT 8 KerTime:2.7019855 AccTime:24.1648470
#IT 9 KerTime:2.6464013 AccTime:26.8112483
#IT 10 KerTime:2.6430019 AccTime:29.4542502
#IT 11 KerTime:2.6880564 AccTime:32.1423065
#IT 12 KerTime:2.6926022 AccTime:34.8349087
#IT 13 KerTime:2.6828406 AccTime:37.5177492
#IT 14 KerTime:2.7153168 AccTime:40.2330661
#IT 15 KerTime:2.6849406 AccTime:42.9180066
#IT 16 KerTime:2.6773611 AccTime:45.5953677
#IT 17 KerTime:2.7177812 AccTime:48.3131489
#IT 18 KerTime:2.6776051 AccTime:50.9907540
#IT 19 KerTime:2.7496498 AccTime:53.7404037
#IT 20 KerTime:2.6739732 AccTime:56.4143770
#IT 21 KerTime:2.6920348 AccTime:59.1064117
#IT 22 KerTime:2.6912368 AccTime:61.7976486
#IT 23 KerTime:2.6771332 AccTime:64.4747818
#IT 24 KerTime:2.6698324 AccTime:67.1446142
#IT 25 KerTime:2.6650660 AccTime:69.8096801
#IT 26 KerTime:2.6461073 AccTime:72.4557874
#IT 27 KerTime:2.6434014 AccTime:75.0991888
#IT 28 KerTime:2.6469972 AccTime:77.7461861
#IT 29 KerTime:2.8069529 AccTime:80.5531390
#IT 30 KerTime:2.6884612 AccTime:83.2416002
#IT 31 KerTime:2.7173761 AccTime:85.9589763
#IT 32 KerTime:2.7879425 AccTime:88.7469188
#IT 33 KerTime:2.7542465 AccTime:91.5011652
#IT 34 KerTime:2.6864598 AccTime:94.1876251
#IT 35 KerTime:2.6776260 AccTime:96.8652510
#IT 36 KerTime:2.7238135 AccTime:99.5890645
#IT 37 KerTime:2.7451446 AccTime:102.3342091
#IT 38 KerTime:2.7047231 AccTime:105.0389322
#IT 39 KerTime:2.6780833 AccTime:107.7170155
#IT 40 KerTime:2.7118161 AccTime:110.4288316
#IT 41 KerTime:2.7005511 AccTime:113.1293827
#ERR  p: [537, 1393], r: 2.1855676651078478e+32, e: 2.7670776191617623e+32
#SDC Ite:42 KerTime:2.7005511 AccTime:113.1293827 KerErr:1 AccErr:1
#IT 42 KerTime:2.6789284 AccTime:115.8083111
#IT 43 KerTime:2.7466954 AccTime:118.5550065
