#HEADER matrix_dim:2048 threads:4 block_size:16 block_offset:12 precision:Float
#BEGIN Y:2023 M:10 D:19 Time:20:18:02
#IT 0 KerTime:2.6893699 AccTime:2.6893699
#IT 1 KerTime:2.7637545 AccTime:5.4531244
#ERR  p: [1446, 945], r: -1.0068355744334008e+34, e: -6.1633190752197103e+33
#SDC Ite:2 KerTime:2.7637545 AccTime:5.4531244 KerErr:1 AccErr:1
#IT 2 KerTime:2.8152195 AccTime:8.2683439
#IT 3 KerTime:2.6844710 AccTime:10.9528149
#IT 4 KerTime:2.6835781 AccTime:13.6363930
#IT 5 KerTime:2.6784026 AccTime:16.3147957
#IT 6 KerTime:2.6769887 AccTime:18.9917843
#IT 7 KerTime:2.6734336 AccTime:21.6652179
#IT 8 KerTime:2.6716576 AccTime:24.3368754
#IT 9 KerTime:2.6841982 AccTime:27.0210736
#IT 10 KerTime:2.6687918 AccTime:29.6898654
#IT 11 KerTime:2.6738881 AccTime:32.3637536
#IT 12 KerTime:2.6559717 AccTime:35.0197252
#IT 13 KerTime:2.6380436 AccTime:37.6577688
#IT 14 KerTime:2.6426670 AccTime:40.3004358
#IT 15 KerTime:2.7005652 AccTime:43.0010010
#IT 16 KerTime:2.8258722 AccTime:45.8268732
#IT 17 KerTime:2.7811599 AccTime:48.6080332
#IT 18 KerTime:2.6915625 AccTime:51.2995956
#IT 19 KerTime:2.6932058 AccTime:53.9928015
#IT 20 KerTime:2.7794119 AccTime:56.7722133
#IT 21 KerTime:2.6899088 AccTime:59.4621221
#IT 22 KerTime:2.7939872 AccTime:62.2561094
#IT 23 KerTime:2.7184792 AccTime:64.9745885
#IT 24 KerTime:2.6814235 AccTime:67.6560121
#IT 25 KerTime:2.6779664 AccTime:70.3339784
#IT 26 KerTime:2.6989646 AccTime:73.0329431
#IT 27 KerTime:2.6774422 AccTime:75.7103853
#IT 28 KerTime:2.6734329 AccTime:78.3838182
#ERR  p: [1863, 660], r: -6.9739441244824726e+34, e: -2.7026825779922194e+34
#SDC Ite:29 KerTime:2.6734329 AccTime:78.3838182 KerErr:1 AccErr:2
#IT 29 KerTime:2.6852199 AccTime:81.0690381
#IT 30 KerTime:2.7344559 AccTime:83.8034940
#IT 31 KerTime:2.6825861 AccTime:86.4860802
#IT 32 KerTime:2.7242698 AccTime:89.2103499
#ERR  p: [1761, 1013], r: 2.9835724108461114e+34, e: -1.8260799050136916e+34
#SDC Ite:33 KerTime:2.7242698 AccTime:89.2103499 KerErr:1 AccErr:3
#IT 33 KerTime:2.6887425 AccTime:91.8990924
#IT 34 KerTime:2.6841739 AccTime:94.5832663
#IT 35 KerTime:2.7074702 AccTime:97.2907366
#IT 36 KerTime:2.6810733 AccTime:99.9718099
#IT 37 KerTime:2.6776059 AccTime:102.6494158
#IT 38 KerTime:2.6943353 AccTime:105.3437511
#IT 39 KerTime:2.6753218 AccTime:108.0190729
#IT 40 KerTime:2.6899660 AccTime:110.7090390
#IT 41 KerTime:2.6636058 AccTime:113.3726448
#IT 42 KerTime:2.6607788 AccTime:116.0334236
#IT 43 KerTime:2.6347447 AccTime:118.6681683
#IT 44 KerTime:2.6389554 AccTime:121.3071237
#ERR  p: [1785, 950], r: -4.8923870673293471e+34, e: -5.7637453311254463e+34
#SDC Ite:45 KerTime:2.6389554 AccTime:121.3071237 KerErr:1 AccErr:4
#IT 45 KerTime:2.6683093 AccTime:123.9754330
#IT 46 KerTime:2.6648598 AccTime:126.6402927
#IT 47 KerTime:2.6587910 AccTime:129.2990837
#IT 48 KerTime:2.6376448 AccTime:131.9367285
#IT 49 KerTime:2.6351730 AccTime:134.5719015
#IT 50 KerTime:2.7663927 AccTime:137.3382942
#IT 51 KerTime:2.6967717 AccTime:140.0350659
#IT 52 KerTime:2.7005435 AccTime:142.7356094
#IT 53 KerTime:2.6902662 AccTime:145.4258755
#IT 54 KerTime:2.6944708 AccTime:148.1203464
#IT 55 KerTime:2.6891258 AccTime:150.8094722
#IT 56 KerTime:2.6895257 AccTime:153.4989979
#IT 57 KerTime:2.6807651 AccTime:156.1797630
#IT 58 KerTime:2.6807231 AccTime:158.8604861
#IT 59 KerTime:2.6761288 AccTime:161.5366149
#IT 60 KerTime:2.6766364 AccTime:164.2132513
#IT 61 KerTime:2.7136159 AccTime:166.9268672
#IT 62 KerTime:2.6676065 AccTime:169.5944737
#IT 63 KerTime:2.6664870 AccTime:172.2609607
#IT 64 KerTime:2.6591676 AccTime:174.9201283
#IT 65 KerTime:2.6468577 AccTime:177.5669860
#IT 66 KerTime:2.6740439 AccTime:180.2410299
#IT 67 KerTime:2.6384424 AccTime:182.8794723
#IT 68 KerTime:2.7447571 AccTime:185.6242294
#IT 69 KerTime:2.7023892 AccTime:188.3266186
#IT 70 KerTime:2.6966131 AccTime:191.0232317
#IT 71 KerTime:2.7010397 AccTime:193.7242714
#IT 72 KerTime:2.7668899 AccTime:196.4911614
#IT 73 KerTime:2.7277524 AccTime:199.2189138
#IT 74 KerTime:2.6886333 AccTime:201.9075471
#IT 75 KerTime:2.6871101 AccTime:204.5946572
#IT 76 KerTime:2.6864569 AccTime:207.2811141
#IT 77 KerTime:2.6818963 AccTime:209.9630104
#IT 78 KerTime:2.6767747 AccTime:212.6397851
#IT 79 KerTime:2.6786702 AccTime:215.3184553
#IT 80 KerTime:2.6743760 AccTime:217.9928313
#IT 81 KerTime:2.6708058 AccTime:220.6636371
#IT 82 KerTime:2.6834157 AccTime:223.3470527
#IT 83 KerTime:2.6583184 AccTime:226.0053711
#IT 84 KerTime:2.6378141 AccTime:228.6431852
#IT 85 KerTime:2.6357008 AccTime:231.2788860
