#HEADER matrix_dim:2048 threads:4 block_size:16 block_offset:12 precision:Float
#BEGIN Y:2023 M:10 D:26 Time:05:05:09
#IT 0 KerTime:2.7041498 AccTime:2.7041498
#IT 1 KerTime:2.7357454 AccTime:5.4398952
#IT 2 KerTime:2.7512986 AccTime:8.1911938
#IT 3 KerTime:2.6967312 AccTime:10.8879250
#IT 4 KerTime:2.6824648 AccTime:13.5703898
#IT 5 KerTime:2.6799693 AccTime:16.2503591
#IT 6 KerTime:2.6768336 AccTime:18.9271927
#IT 7 KerTime:2.6559521 AccTime:21.5831448
#IT 8 KerTime:2.6505781 AccTime:24.2337229
#IT 9 KerTime:2.6547857 AccTime:26.8885086
#IT 10 KerTime:2.7661449 AccTime:29.6546535
#IT 11 KerTime:2.7267147 AccTime:32.3813682
#IT 12 KerTime:2.7571150 AccTime:35.1384833
#IT 13 KerTime:2.7715829 AccTime:37.9100661
#IT 14 KerTime:2.7466221 AccTime:40.6566882
#IT 15 KerTime:2.7981751 AccTime:43.4548633
#IT 16 KerTime:2.6907816 AccTime:46.1456450
#IT 17 KerTime:2.6902775 AccTime:48.8359224
#IT 18 KerTime:2.7107866 AccTime:51.5467090
#ERR  p: [600, 1822], r: -3.8064306597830880e+34, e: -3.6857938981307434e+34
#SDC Ite:19 KerTime:2.7107866 AccTime:51.5467090 KerErr:1 AccErr:1
#IT 19 KerTime:2.7432881 AccTime:54.2899971
#IT 20 KerTime:2.6896405 AccTime:56.9796376
#IT 21 KerTime:2.7475900 AccTime:59.7272276
#IT 22 KerTime:2.7401216 AccTime:62.4673491
#IT 23 KerTime:2.8458680 AccTime:65.3132172
#IT 24 KerTime:2.6861293 AccTime:67.9993465
#IT 25 KerTime:2.6820040 AccTime:70.6813504
