#HEADER matrix_dim:2048 threads:4 block_size:16 block_offset:12 precision:Float
#BEGIN Y:2023 M:10 D:16 Time:22:01:50
#IT 0 KerTime:2.6930209 AccTime:2.6930209
#IT 1 KerTime:2.7450960 AccTime:5.4381169
#IT 2 KerTime:2.7611928 AccTime:8.1993097
#IT 3 KerTime:2.6829918 AccTime:10.8823015
#IT 4 KerTime:2.6900404 AccTime:13.5723419
#IT 5 KerTime:2.7007761 AccTime:16.2731180
#IT 6 KerTime:2.6823157 AccTime:18.9554337
#IT 7 KerTime:2.7131063 AccTime:21.6685400
#IT 8 KerTime:2.6766120 AccTime:24.3451521
#IT 9 KerTime:2.6632872 AccTime:27.0084393
#IT 10 KerTime:2.6889744 AccTime:29.6974136
#IT 11 KerTime:2.6988366 AccTime:32.3962503
#IT 12 KerTime:2.7696453 AccTime:35.1658956
#IT 13 KerTime:2.6940555 AccTime:37.8599511
#IT 14 KerTime:2.6963154 AccTime:40.5562665
#IT 15 KerTime:2.7618124 AccTime:43.3180789
#IT 16 KerTime:2.6915417 AccTime:46.0096206
#IT 17 KerTime:2.7001509 AccTime:48.7097715
#IT 18 KerTime:2.6931846 AccTime:51.4029562
#IT 19 KerTime:2.7728409 AccTime:54.1757971
#ERR  p: [1320, 1851], r: 3.4342165047030663e+33, e: 5.2483235488328054e+33
#ERR  p: [1321, 1851], r: -3.2571425518357169e+34, e: -3.4396520518275605e+34
#SDC Ite:20 KerTime:2.7728409 AccTime:54.1757971 KerErr:2 AccErr:2
#IT 20 KerTime:2.7188355 AccTime:56.8946325
#IT 21 KerTime:2.6925790 AccTime:59.5872116
#IT 22 KerTime:2.7497817 AccTime:62.3369933
#IT 23 KerTime:2.7253424 AccTime:65.0623357
#IT 24 KerTime:2.7017316 AccTime:67.7640673
#IT 25 KerTime:2.7163731 AccTime:70.4804404
#IT 26 KerTime:2.7205382 AccTime:73.2009785
#IT 27 KerTime:2.7260027 AccTime:75.9269813
#IT 28 KerTime:2.7143745 AccTime:78.6413558
#IT 29 KerTime:2.7278161 AccTime:81.3691719
#IT 30 KerTime:2.6907614 AccTime:84.0599333
#IT 31 KerTime:2.7033555 AccTime:86.7632888
#IT 32 KerTime:2.6890267 AccTime:89.4523155
#IT 33 KerTime:2.6810083 AccTime:92.1333239
#IT 34 KerTime:2.6569272 AccTime:94.7902511
#IT 35 KerTime:2.6667043 AccTime:97.4569554
#IT 36 KerTime:2.6577454 AccTime:100.1147008
#IT 37 KerTime:2.7020722 AccTime:102.8167730
#IT 38 KerTime:2.7572613 AccTime:105.5740343
