#HEADER matrix_dim:2048 threads:4 block_size:16 block_offset:12 precision:Float
#BEGIN Y:2023 M:10 D:26 Time:06:37:06
#IT 0 KerTime:2.7138798 AccTime:2.7138798
#IT 1 KerTime:2.7061049 AccTime:5.4199847
#IT 2 KerTime:2.7505591 AccTime:8.1705438
#IT 3 KerTime:2.6872710 AccTime:10.8578148
#IT 4 KerTime:2.6875548 AccTime:13.5453696
#IT 5 KerTime:2.6778645 AccTime:16.2232341
#IT 6 KerTime:2.6940031 AccTime:18.9172372
#IT 7 KerTime:2.6445508 AccTime:21.5617880
#IT 8 KerTime:2.6419938 AccTime:24.2037818
#IT 9 KerTime:2.6564210 AccTime:26.8602028
#IT 10 KerTime:2.7451228 AccTime:29.6053255
#IT 11 KerTime:2.6972452 AccTime:32.3025707
#IT 12 KerTime:2.7096503 AccTime:35.0122210
#IT 13 KerTime:2.7399584 AccTime:37.7521793
#IT 14 KerTime:2.6837168 AccTime:40.4358961
#IT 15 KerTime:2.6857251 AccTime:43.1216213
#IT 16 KerTime:2.7581155 AccTime:45.8797368
#IT 17 KerTime:2.6875132 AccTime:48.5672499
#IT 18 KerTime:2.6918706 AccTime:51.2591206
#IT 19 KerTime:2.6792047 AccTime:53.9383253
#IT 20 KerTime:2.7108667 AccTime:56.6491920
#IT 21 KerTime:2.6754742 AccTime:59.3246662
#IT 22 KerTime:2.7377300 AccTime:62.0623962
#IT 23 KerTime:2.6844397 AccTime:64.7468360
#IT 24 KerTime:2.6776052 AccTime:67.4244411
#IT 25 KerTime:2.6650543 AccTime:70.0894955
#IT 26 KerTime:2.6448026 AccTime:72.7342981
#IT 27 KerTime:2.6420979 AccTime:75.3763960
#IT 28 KerTime:2.6949438 AccTime:78.0713399
#IT 29 KerTime:2.6885612 AccTime:80.7599010
#IT 30 KerTime:2.7480545 AccTime:83.5079556
#IT 31 KerTime:2.6915681 AccTime:86.1995237
#IT 32 KerTime:2.7250261 AccTime:88.9245499
#IT 33 KerTime:2.6952858 AccTime:91.6198357
#IT 34 KerTime:2.6943551 AccTime:94.3141908
#IT 35 KerTime:2.6770154 AccTime:96.9912061
#IT 36 KerTime:2.6864943 AccTime:99.6777004
#IT 37 KerTime:2.7331419 AccTime:102.4108423
#IT 38 KerTime:2.6752906 AccTime:105.0861329
#IT 39 KerTime:2.6795153 AccTime:107.7656482
#IT 40 KerTime:2.6989709 AccTime:110.4646191
#ERR  p: [1880, 1219], r: 4.5505456473191883e+33, e: -9.4497936259342628e+33
#SDC Ite:41 KerTime:2.6989709 AccTime:110.4646191 KerErr:1 AccErr:1
#IT 41 KerTime:2.6802326 AccTime:113.1448517
#IT 42 KerTime:2.6759955 AccTime:115.8208471
#IT 43 KerTime:2.7241473 AccTime:118.5449945
#IT 44 KerTime:2.7076328 AccTime:121.2526273
#IT 45 KerTime:2.6710554 AccTime:123.9236827
#IT 46 KerTime:2.6884464 AccTime:126.6121290
#IT 47 KerTime:2.6775508 AccTime:129.2896799
#IT 48 KerTime:2.6628559 AccTime:131.9525358
#IT 49 KerTime:2.6422668 AccTime:134.5948025
#IT 50 KerTime:2.6384138 AccTime:137.2332163
#IT 51 KerTime:2.6413967 AccTime:139.8746131
#IT 52 KerTime:2.6918653 AccTime:142.5664784
#IT 53 KerTime:2.6885645 AccTime:145.2550429
#IT 54 KerTime:2.6873195 AccTime:147.9423624
#IT 55 KerTime:2.7342130 AccTime:150.6765753
#IT 56 KerTime:2.7242885 AccTime:153.4008639
#IT 57 KerTime:2.7180939 AccTime:156.1189577
