#HEADER matrix_dim:2048 threads:4 block_size:16 block_offset:12 precision:Float
#BEGIN Y:2023 M:10 D:24 Time:21:49:21
#IT 0 KerTime:2.7374472 AccTime:2.7374472
#IT 1 KerTime:2.6845645 AccTime:5.4220117
#IT 2 KerTime:2.7799421 AccTime:8.2019538
#IT 3 KerTime:2.6992419 AccTime:10.9011958
#IT 4 KerTime:2.6804660 AccTime:13.5816618
#IT 5 KerTime:2.6948992 AccTime:16.2765610
#IT 6 KerTime:2.6783519 AccTime:18.9549129
#IT 7 KerTime:2.6644856 AccTime:21.6193984
#IT 8 KerTime:2.6529641 AccTime:24.2723626
#IT 9 KerTime:2.7185580 AccTime:26.9909206
#IT 10 KerTime:2.7490662 AccTime:29.7399868
#IT 11 KerTime:2.7613948 AccTime:32.5013816
#ERR  p: [236, 656], r: 2.3946885431541896e+34, e: 2.5245469677471788e+34
#ERR  p: [230, 657], r: -3.0570146892047638e+34, e: -3.3657002373487383e+34
#ERR  p: [249, 657], r: -4.4143713764397690e+34, e: -4.7176617343045300e+34
#ERR  p: [342, 657], r: -2.3351777944096471e+34, e: -2.6096429660476559e+34
#ERR  p: [486, 657], r: -2.7003191028692157e+34, e: -2.7504155652030008e+34
#ERR  p: [838, 657], r: -2.5612654453554205e+33, e: -2.0262175473709551e+33
#ERR  p: [867, 657], r: -3.7723348200450743e+34, e: -2.6433320186887604e+34
#ERR  p: [582, 753], r: -2.7853202749626835e+34, e: -2.7975189361098016e+34
#ERR  p: [390, 881], r: -1.1602046003447367e+33, e: -3.8501795226684353e+33
#ERR  p: [486, 881], r: 2.3827768365081778e+34, e: 2.5123205767431807e+34
#ERR  p: [585, 891], r: -1.3772134930531506e+34, e: -1.4069775330056968e+34
#ERR  p: [586, 891], r: -3.5334859261013295e+34, e: -3.6109700786882486e+34
#ERR  p: [342, 897], r: -3.0493446603093594e+34, e: -2.8343070478452531e+34
#SDC Ite:12 KerTime:2.7613948 AccTime:32.5013816 KerErr:13 AccErr:13
#IT 12 KerTime:2.6795805 AccTime:35.1809621
#ERR  p: [1321, 840], r: -8.3890517049021722e+33, e: 3.9723168533393997e+33
#SDC Ite:13 KerTime:2.6795805 AccTime:35.1809621 KerErr:1 AccErr:14
#IT 13 KerTime:2.7211035 AccTime:37.9020656
#IT 14 KerTime:2.7039922 AccTime:40.6060578
#ERR  p: [1769, 728], r: 3.2701000702269170e+34, e: -3.8853815856255544e+33
#SDC Ite:15 KerTime:2.7039922 AccTime:40.6060578 KerErr:1 AccErr:15
#IT 15 KerTime:2.7809032 AccTime:43.3869611
#ERR  p: [550, 1009], r: -3.4725307489189488e+34, e: -3.3743051585618110e+34
#ERR  p: [551, 1009], r: 5.4956206407806494e+33, e: 3.3747876456921225e+33
#SDC Ite:16 KerTime:2.7809032 AccTime:43.3869611 KerErr:2 AccErr:17
#IT 16 KerTime:2.7591420 AccTime:46.1461031
#ERR  p: [552, 625], r: -7.2840552843756882e+33, e: -3.9224668648674363e+33
#ERR  p: [840, 721], r: -1.6442518910134746e+34, e: -1.7224186437380556e+34
#ERR  p: [630, 753], r: -2.1254967623604571e+37, e: 7.0265396163735631e+33
#ERR  p: [345, 785], r: 4.5030257095891679e+34, e: 5.1997244987705399e+34
#ERR  p: [824, 785], r: -2.2827703456105241e+34, e: -2.0650056750338761e+34
#ERR  p: [838, 785], r: -2.1314016056213802e+37, e: -5.1831276842518487e+34
#ERR  p: [487, 817], r: -2.9945871061396570e+34, e: -2.1956681416823812e+34
#ERR  p: [488, 817], r: 3.8125767844901320e+34, e: 3.9954987661030655e+34
#ERR  p: [518, 817], r: -2.1272685576043961e+37, e: -9.0972957704779276e+33
#ERR  p: [262, 865], r: -2.1247970192291311e+37, e: 1.3596966414972624e+34
#SDC Ite:17 KerTime:2.7591420 AccTime:46.1461031 KerErr:10 AccErr:27
#IT 17 KerTime:2.6819648 AccTime:48.8280680
