#HEADER matrix_dim:2048 threads:4 block_size:16 block_offset:12 precision:Float
#BEGIN Y:2023 M:10 D:22 Time:09:14:17
#IT 0 KerTime:2.7058702 AccTime:2.7058702
#IT 1 KerTime:2.7177745 AccTime:5.4236447
#IT 2 KerTime:2.7788480 AccTime:8.2024928
#IT 3 KerTime:2.7184708 AccTime:10.9209635
#IT 4 KerTime:2.6810108 AccTime:13.6019743
#IT 5 KerTime:2.6864162 AccTime:16.2883905
#IT 6 KerTime:2.6852147 AccTime:18.9736053
#IT 7 KerTime:2.6789812 AccTime:21.6525865
#IT 8 KerTime:2.7478689 AccTime:24.4004554
#ERR  p: [702, 1136], r: -1.6940998987813751e+34, e: -1.5744975598258573e+34
#ERR  p: [668, 1524], r: -2.3260316458113988e+34, e: -2.1933371005884068e+34
#ERR  p: [669, 1524], r: -1.2739504770881527e+34, e: -5.7050429572265571e+33
#ERR  p: [670, 1524], r: -5.2593597842830345e+33, e: -5.8547742808582025e+33
#ERR  p: [671, 1524], r: -1.1795681953769803e+34, e: -1.6017369448622850e+34
#ERR  p: [664, 1526], r: 2.7324825182059049e+34, e: 2.6872873080756585e+34
#ERR  p: [665, 1526], r: 1.3780443984075189e+34, e: 1.4238229258842766e+34
#ERR  p: [666, 1526], r: 1.1738352950550497e+34, e: 9.2552166864394653e+33
#ERR  p: [667, 1526], r: 1.9159396203793427e+34, e: 2.2234893585372729e+34
#ERR  p: [663, 1528], r: -1.7368431210758089e+34, e: -1.5446853640057829e+34
#SDC Ite:9 KerTime:2.7478689 AccTime:24.4004554 KerErr:10 AccErr:10
#IT 9 KerTime:2.7114468 AccTime:27.1119022
#ERR  p: [1090, 1392], r: 4.9286750512889273e+34, e: 4.4993970597460146e+34
#SDC Ite:10 KerTime:2.7114468 AccTime:27.1119022 KerErr:1 AccErr:11
