#HEADER matrix_dim:2048 threads:4 block_size:16 block_offset:12 precision:Float
#BEGIN Y:2023 M:10 D:19 Time:16:32:14
#IT 0 KerTime:2.7123452 AccTime:2.7123452
#IT 1 KerTime:2.7674232 AccTime:5.4797684
#IT 2 KerTime:2.7707750 AccTime:8.2505434
#ERR  p: [552, 884], r: -5.2941614974314487e+34, e: -5.1493145900188078e+34
#ERR  p: [553, 884], r: -2.2191273530148470e+34, e: -2.2493964725034217e+34
#ERR  p: [286, 892], r: 4.8401926680109851e+33, e: 5.0704594188383801e+33
#SDC Ite:3 KerTime:2.7707750 AccTime:8.2505434 KerErr:3 AccErr:3
#IT 3 KerTime:2.7093197 AccTime:10.9598631
#IT 4 KerTime:2.7323905 AccTime:13.6922536
#IT 5 KerTime:2.7224315 AccTime:16.4146851
#IT 6 KerTime:2.7481766 AccTime:19.1628617
#IT 7 KerTime:2.7434079 AccTime:21.9062696
#IT 8 KerTime:2.7115609 AccTime:24.6178305
#IT 9 KerTime:2.7454570 AccTime:27.3632875
#ERR  p: [575, 1013], r: -1.0394754728912110e+34, e: -4.0920299879284334e+33
#ERR  p: [568, 1014], r: -2.9124944122714883e+33, e: 4.5510296818745489e+32
#SDC Ite:10 KerTime:2.7454570 AccTime:27.3632875 KerErr:2 AccErr:5
#IT 10 KerTime:2.7645689 AccTime:30.1278564
#ERR  p: [712, 820], r: -5.2714774841515834e+34, e: -5.6247365489380752e+34
#ERR  p: [713, 820], r: -1.7548630714636626e+34, e: -1.5366043390173358e+34
#ERR  p: [718, 821], r: -1.8213865029427489e+34, e: -1.6889279090912447e+34
#ERR  p: [924, 1012], r: -3.5858376675986846e+34, e: -3.7210038839041139e+34
#ERR  p: [925, 1012], r: -8.0005595048635753e+33, e: -7.2862037293138680e+33
#SDC Ite:11 KerTime:2.7645689 AccTime:30.1278564 KerErr:5 AccErr:10
#IT 11 KerTime:2.7096689 AccTime:32.8375253
#IT 12 KerTime:2.7432870 AccTime:35.5808122
#IT 13 KerTime:2.7168348 AccTime:38.2976471
#IT 14 KerTime:2.7980347 AccTime:41.0956818
#IT 15 KerTime:2.7995271 AccTime:43.8952089
#IT 16 KerTime:2.7295277 AccTime:46.6247365
#ERR  p: [159, 945], r: -5.3203568038387431e+33, e: -3.0569880115969172e+33
#SDC Ite:17 KerTime:2.7295277 AccTime:46.6247365 KerErr:1 AccErr:11
#IT 17 KerTime:2.6618791 AccTime:49.2866157
#IT 18 KerTime:2.6836550 AccTime:51.9702707
#IT 19 KerTime:2.7999661 AccTime:54.7702367
#IT 20 KerTime:2.7364305 AccTime:57.5066673
#IT 21 KerTime:2.7141298 AccTime:60.2207970
#IT 22 KerTime:2.7732990 AccTime:62.9940960
#IT 23 KerTime:2.7264109 AccTime:65.7205069
#IT 24 KerTime:2.7636760 AccTime:68.4841830
#IT 25 KerTime:2.7097940 AccTime:71.1939770
#IT 26 KerTime:2.7460568 AccTime:73.9400338
#ERR  p: [125, 756], r: 5.1101342829514412e+34, e: 5.1410496071405229e+34
#ERR  p: [126, 756], r: 4.7571042989692192e+33, e: 1.7921815786089459e+33
#SDC Ite:27 KerTime:2.7460568 AccTime:73.9400338 KerErr:2 AccErr:13
#IT 27 KerTime:2.7181863 AccTime:76.6582201
#IT 28 KerTime:2.8866761 AccTime:79.5448962
#ERR  p: [428, 885], r: 2.6572204679895031e+34, e: 2.7606023261982723e+34
#ERR  p: [429, 885], r: -3.9882154696759339e+34, e: -3.9093626505815809e+34
#SDC Ite:29 KerTime:2.8866761 AccTime:79.5448962 KerErr:2 AccErr:15
#IT 29 KerTime:2.6925272 AccTime:82.2374233
#IT 30 KerTime:2.7037313 AccTime:84.9411546
#IT 31 KerTime:2.6618743 AccTime:87.6030289
#ERR  p: [766, 884], r: -6.9125426699159296e+32, e: -5.0510998935340157e+33
#SDC Ite:32 KerTime:2.6618743 AccTime:87.6030289 KerErr:1 AccErr:16
#IT 32 KerTime:2.7417024 AccTime:90.3447314
#IT 33 KerTime:2.6908379 AccTime:93.0355693
#IT 34 KerTime:2.7055297 AccTime:95.7410990
#IT 35 KerTime:2.6938718 AccTime:98.4349708
#IT 36 KerTime:2.7203301 AccTime:101.1553009
#IT 37 KerTime:2.6615918 AccTime:103.8168927
#IT 38 KerTime:2.6651859 AccTime:106.4820786
#ERR  p: [1209, 182], r: 8.9058489623724632e+32, e: -9.8996269928594897e+33
#SDC Ite:39 KerTime:2.6651859 AccTime:106.4820786 KerErr:1 AccErr:17
#IT 39 KerTime:2.6988514 AccTime:109.1809299
#ERR  p: [1085, 437], r: 4.4773245888455563e+34, e: 3.7335432261500434e+34
#ERR  p: [1086, 437], r: 2.0696652813417462e+34, e: -3.1830081412011001e+33
#SDC Ite:40 KerTime:2.6988514 AccTime:109.1809299 KerErr:2 AccErr:19
#IT 40 KerTime:2.7352077 AccTime:111.9161376
#ERR  p: [758, 884], r: 2.6425052604335236e+33, e: 9.0114437002984570e+32
#ERR  p: [766, 948], r: 3.2494767319364461e+34, e: 3.0894150462649722e+34
#SDC Ite:41 KerTime:2.7352077 AccTime:111.9161376 KerErr:2 AccErr:21
#ABORT amount of errors equals of the last iteration
#END
