#HEADER matrix_dim:2048 threads:4 block_size:16 block_offset:12 precision:Float
#BEGIN Y:2023 M:10 D:21 Time:11:22:38
#IT 0 KerTime:2.6950494 AccTime:2.6950494
#ERR  p: [1304, 881], r: 2.8095326490150505e+34, e: -8.3118537640523359e+33
#ERR  p: [1164, 1008], r: 2.7892806927363653e+34, e: -4.9730564396373475e+33
#SDC Ite:1 KerTime:2.6950494 AccTime:2.6950494 KerErr:2 AccErr:2
#IT 1 KerTime:2.6867504 AccTime:5.3817998
#ERR  p: [1144, 698], r: -4.2657074047099955e+33, e: -5.7030176873222863e+33
#SDC Ite:2 KerTime:2.6867504 AccTime:5.3817998 KerErr:1 AccErr:3
#IT 2 KerTime:2.7197654 AccTime:8.1015652
#IT 3 KerTime:2.6784695 AccTime:10.7800347
#IT 4 KerTime:2.6832465 AccTime:13.4632812
#IT 5 KerTime:2.6744933 AccTime:16.1377745
#IT 6 KerTime:2.6776119 AccTime:18.8153863
#IT 7 KerTime:2.7250199 AccTime:21.5404062
#IT 8 KerTime:2.6779577 AccTime:24.2183639
#IT 9 KerTime:2.7591015 AccTime:26.9774654
#IT 10 KerTime:2.6704077 AccTime:29.6478731
#IT 11 KerTime:2.6980478 AccTime:32.3459209
#IT 12 KerTime:2.6903075 AccTime:35.0362284
#IT 13 KerTime:2.6872228 AccTime:37.7234512
