#HEADER matrix_dim:2048 threads:4 block_size:16 block_offset:12 precision:Float
#BEGIN Y:2023 M:10 D:25 Time:18:35:39
#IT 0 KerTime:2.7215123 AccTime:2.7215123
#IT 1 KerTime:2.7288727 AccTime:5.4503850
#IT 2 KerTime:2.7483768 AccTime:8.1987618
#IT 3 KerTime:2.7059199 AccTime:10.9046817
#IT 4 KerTime:2.7035311 AccTime:13.6082128
#IT 5 KerTime:2.7137422 AccTime:16.3219550
#IT 6 KerTime:2.6905200 AccTime:19.0124750
#IT 7 KerTime:2.6876389 AccTime:21.7001138
#IT 8 KerTime:2.6726277 AccTime:24.3727416
#IT 9 KerTime:2.6666161 AccTime:27.0393577
#IT 10 KerTime:2.7678597 AccTime:29.8072174
#ERR  p: [536, 1650], r: -1.4014623863366765e+34, e: -1.0774356662558579e+34
#ERR  p: [533, 1937], r: 1.2608682362379946e+33, e: 1.3612924081049032e+33
#SDC Ite:11 KerTime:2.7678597 AccTime:29.8072174 KerErr:2 AccErr:2
#IT 11 KerTime:2.7009467 AccTime:32.5081642
#IT 12 KerTime:2.7058856 AccTime:35.2140497
#ERR  p: [697, 1969], r: -1.5027740374177488e+34, e: -1.4235485983715709e+34
#SDC Ite:13 KerTime:2.7058856 AccTime:35.2140497 KerErr:1 AccErr:3
#IT 13 KerTime:2.7264258 AccTime:37.9404755
#ERR  p: [604, 2032], r: 1.8238378718085418e+34, e: 1.8336185884709278e+34
#SDC Ite:14 KerTime:2.7264258 AccTime:37.9404755 KerErr:1 AccErr:4
#ABORT amount of errors equals of the last iteration
#END
