#HEADER matrix_dim:2048 threads:4 block_size:16 block_offset:12 precision:Float
#BEGIN Y:2023 M:10 D:21 Time:02:50:00
#IT 0 KerTime:2.6883516 AccTime:2.6883516
#IT 1 KerTime:2.6971813 AccTime:5.3855328
#ERR  p: [384, 304], r: -8.4527768348194559e+32, e: -5.5463990842820767e+33
#ERR  p: [385, 304], r: 7.8851349040556359e+32, e: 2.7667482110544337e+32
#ERR  p: [386, 304], r: -1.2955661481141147e+34, e: -1.4318881052402208e+34
#ERR  p: [387, 304], r: 5.4528995776129187e+34, e: 5.4726541295838191e+34
#ERR  p: [388, 304], r: 9.2687269450582063e+33, e: 9.0532226291992895e+33
#ERR  p: [389, 304], r: 5.5013502141387244e+32, e: 8.5977844887461981e+32
#ERR  p: [390, 304], r: -6.2023203761573962e+33, e: -5.0696411404724125e+33
#ERR  p: [391, 304], r: 1.8195698259350976e+34, e: 1.7788987914724236e+34
#ERR  p: [392, 304], r: 7.7429837967695448e+32, e: 4.9306223309707232e+32
#ERR  p: [393, 304], r: -2.3717606556865851e+34, e: -2.5129316239465720e+34
#ERR  p: [394, 304], r: 6.5367808262713238e+33, e: 5.1321391623257546e+33
#ERR  p: [395, 304], r: 1.1278267583189928e+34, e: 1.1770945435904803e+34
#ERR  p: [396, 304], r: -1.4089035201188170e+34, e: -1.3312591780908144e+34
#ERR  p: [397, 304], r: -1.9476146683705338e+34, e: -2.0398475147914950e+34
#ERR  p: [398, 304], r: -9.5178660917845070e+33, e: -9.4659654556374674e+33
#ERR  p: [399, 304], r: 6.3943100209700872e+33, e: 6.0166627946456498e+33
#ERR  p: [384, 305], r: 2.0506892698615524e+34, e: 2.0439739403244449e+34
#ERR  p: [385, 305], r: -5.5412553196248420e+34, e: -5.7100489391574194e+34
#ERR  p: [386, 305], r: 1.4537906069732853e+34, e: 1.4043787254812250e+34
#ERR  p: [387, 305], r: 6.5045306313378807e+33, e: 8.1660937520667181e+33
#ERR  p: [388, 305], r: 3.9816880594367900e+34, e: 3.6514148177117412e+34
#ERR  p: [389, 305], r: -2.0681649908596353e+33, e: -1.5977244098129493e+33
#ERR  p: [390, 305], r: 3.5573833682077023e+34, e: 3.2333481063406126e+34
#ERR  p: [391, 305], r: -2.5756035763754336e+34, e: -2.3644154622574892e+34
#ERR  p: [392, 305], r: 3.7403850731591658e+33, e: 4.5840040717309739e+33
#ERR  p: [393, 305], r: 9.0941600683584177e+33, e: 9.3561143703714006e+33
#ERR  p: [394, 305], r: -1.1636106530945760e+34, e: -1.2433229739582049e+34
#ERR  p: [395, 305], r: 3.6925743433139173e+34, e: 3.6979244725757008e+34
#ERR  p: [396, 305], r: 4.2379119370079208e+34, e: 4.2112526506739023e+34
#ERR  p: [397, 305], r: -2.0703491194194475e+34, e: -1.9295981842147901e+34
#ERR  p: [398, 305], r: -1.4162909273032525e+34, e: -1.3757818153977170e+34
#ERR  p: [399, 305], r: -9.1558082443747904e+33, e: -5.7943269066799366e+33
#ERR  p: [384, 306], r: -3.3811497290390199e+34, e: -3.5906106692141534e+34
#ERR  p: [385, 306], r: 7.3049681149443460e+32, e: -9.2149115251554021e+32
#ERR  p: [386, 306], r: -3.1847760433712036e+34, e: -3.1197351688831654e+34
#ERR  p: [387, 306], r: 3.0796806285600555e+34, e: 3.2513700374325292e+34
#ERR  p: [388, 306], r: 2.5623311260382394e+34, e: 2.5421197741928427e+34
#ERR  p: [389, 306], r: 2.2472949454927308e+34, e: 2.1359308499106494e+34
#ERR  p: [390, 306], r: 1.3429219349949259e+34, e: 1.4900511086639933e+34
#ERR  p: [391, 306], r: -4.2586692204106424e+34, e: -4.1452798549242901e+34
#ERR  p: [392, 306], r: -9.5117977097119300e+33, e: -9.2751320468214689e+33
#ERR  p: [393, 306], r: -1.7839789260116390e+34, e: -2.1792483525893077e+34
#ERR  p: [394, 306], r: 9.7822993687261588e+33, e: 9.4921522202584907e+33
#ERR  p: [395, 306], r: 3.6455202424206800e+34, e: 3.9128494324962321e+34
#ERR  p: [396, 306], r: 1.7187147271405138e+34, e: 1.7384430347825813e+34
#ERR  p: [397, 306], r: -9.7218860378989733e+33, e: -4.7457548646890508e+33
#ERR  p: [398, 306], r: 1.6495476747075335e+33, e: 2.7886487243463101e+32
#ERR  p: [399, 306], r: -2.6087016364417833e+34, e: -2.8741343023771502e+34
#ERR  p: [384, 307], r: -6.0964758838284765e+33, e: -6.1223896826708374e+33
#ERR  p: [385, 307], r: -2.5873664826287233e+34, e: -2.4407909157452243e+34
#ERR  p: [386, 307], r: -1.4517279512798279e+34, e: -1.2681262167913228e+34
#ERR  p: [387, 307], r: -6.8814245711484130e+33, e: -8.8498519826354283e+33
#ERR  p: [388, 307], r: 1.0606324407098663e+33, e: 1.9488377840778487e+33
#ERR  p: [389, 307], r: 1.5537582265537054e+34, e: 1.3700352977353543e+34
#ERR  p: [390, 307], r: -4.3817967174220292e+34, e: -4.1194566732928050e+34
#ERR  p: [391, 307], r: -1.5837652741359634e+34, e: -1.4288134335646477e+34
#ERR  p: [392, 307], r: 3.9605910852872885e+34, e: 4.0277022906970276e+34
#ERR  p: [393, 307], r: -6.4662448597429018e+33, e: -5.5546431459736977e+33
#ERR  p: [394, 307], r: -1.1876823043129773e+33, e: -8.8152240143715278e+32
#ERR  p: [395, 307], r: -1.2456429973858296e+34, e: -1.3379647279016115e+34
#ERR  p: [396, 307], r: -2.5737550843087727e+34, e: -2.4864879867673970e+34
#ERR  p: [397, 307], r: -4.2221376098513308e+34, e: -4.1985741639675572e+34
#ERR  p: [398, 307], r: -1.9205681543922268e+34, e: -1.8608589638593868e+34
#ERR  p: [399, 307], r: 9.6150406710482915e+33, e: 7.3175582746288881e+33
#ERR  p: [384, 308], r: -3.5246611467372797e+34, e: -3.4142829466024852e+34
#ERR  p: [385, 308], r: 1.4940465601407869e+34, e: 1.4670723418607742e+34
#ERR  p: [386, 308], r: -1.2308121043331790e+34, e: -8.9420543757314230e+33
#ERR  p: [387, 308], r: 2.8298744797405879e+34, e: 2.8406306931539307e+34
#ERR  p: [388, 308], r: -5.0237003190565045e+34, e: -4.7607489801358812e+34
#ERR  p: [389, 308], r: 9.2860178725569249e+33, e: 8.2469318556020731e+33
#ERR  p: [390, 308], r: -2.6836497450642223e+33, e: 7.4109574462578620e+32
#ERR  p: [391, 308], r: -2.0451496119797543e+34, e: -1.8523015795438227e+34
#ERR  p: [392, 308], r: -9.3944564682381671e+33, e: -9.5276043471035454e+33
#ERR  p: [393, 308], r: -4.6771909985402123e+34, e: -4.6009116091995258e+34
#ERR  p: [394, 308], r: -2.3641710928937343e+34, e: -2.4638995424585645e+34
#ERR  p: [395, 308], r: 3.3236902469395732e+34, e: 3.0940105272788073e+34
#ERR  p: [396, 308], r: 2.2853029233428941e+34, e: 2.5720737141474153e+34
#ERR  p: [397, 308], r: -2.2994587676921224e+34, e: -2.4841878941744047e+34
#ERR  p: [398, 308], r: -2.7372107682889534e+33, e: -1.2213348531971734e+33
#ERR  p: [399, 308], r: 4.3258929545699525e+33, e: 2.1846090352899262e+33
#ERR  p: [384, 309], r: -3.5715699134699049e+34, e: -3.9982155493132812e+34
#ERR  p: [385, 309], r: -1.2277115597107848e+34, e: -1.1396836242212643e+34
#ERR  p: [386, 309], r: -1.4346427694156386e+34, e: -1.4143873469048434e+34
#ERR  p: [387, 309], r: -4.4788541875580973e+34, e: -4.7274563158953559e+34
#ERR  p: [388, 309], r: -3.3748293023744444e+34, e: -3.1224420485730668e+34
#ERR  p: [389, 309], r: 5.2994529483353701e+33, e: -2.9988168996658873e+32
#ERR  p: [390, 309], r: -1.9738889553523346e+34, e: -1.6754858609686683e+34
#ERR  p: [391, 309], r: 3.1930707368104313e+33, e: 9.9039365716212519e+32
#ERR  p: [392, 309], r: 1.1945877504916180e+34, e: 1.2103816371008288e+34
#ERR  p: [393, 309], r: 2.8553923853583853e+34, e: 3.3585521239738967e+34
#ERR  p: [394, 309], r: 7.7319698442400228e+33, e: 6.8793448318824135e+33
#ERR  p: [395, 309], r: -1.0711416077141192e+34, e: -9.4247680490700892e+33
#ERR  p: [396, 309], r: 1.3548762267782891e+34, e: 1.0622785760028555e+34
#ERR  p: [397, 309], r: -3.3466040218907299e+34, e: -3.3815584968399919e+34
#ERR  p: [398, 309], r: 7.5498313548779530e+34, e: 7.9698139022538797e+34
#ERR  p: [399, 309], r: -5.4780270369423255e+33, e: -6.2672014325863626e+33
#ERR  p: [384, 310], r: -8.6471708686734490e+33, e: -5.2831913679793174e+33
#ERR  p: [385, 310], r: -1.6089193491762148e+34, e: -1.3897893545302389e+34
#ERR  p: [386, 310], r: 3.0559224547081023e+33, e: 7.1331887697280182e+33
#ERR  p: [387, 310], r: -1.0882245612862378e+34, e: -1.0682008811507968e+34
#ERR  p: [388, 310], r: 2.8739327657387546e+34, e: 3.2144289163082220e+34
#ERR  p: [389, 310], r: -1.9948852849766421e+34, e: -1.8028646916629689e+34
#ERR  p: [390, 310], r: -2.8152667872770204e+34, e: -2.9332266273884143e+34
#ERR  p: [391, 310], r: 5.3453527939359778e+34, e: 5.4010992146090613e+34
#ERR  p: [392, 310], r: -2.8015407557094320e+34, e: -2.7276842626136348e+34
#ERR  p: [393, 310], r: 2.9528383210787811e+34, e: 3.1491493669806096e+34
#ERR  p: [394, 310], r: 2.8053498972103131e+34, e: 2.6441408887104294e+34
#ERR  p: [395, 310], r: 5.2371380178138384e+34, e: 5.0733689493127126e+34
#ERR  p: [396, 310], r: 6.6873966580610385e+33, e: 1.0205716333153075e+34
#ERR  p: [397, 310], r: 1.4311319714642253e+34, e: 1.2207420810836121e+34
#ERR  p: [398, 310], r: -4.6408855596260782e+33, e: -3.6720749228213789e+33
#ERR  p: [399, 310], r: -3.0655874239768150e+34, e: -3.2440835223612954e+34
#ERR  p: [384, 311], r: 2.4479741247201797e+33, e: 2.4726499835232552e+33
#ERR  p: [385, 311], r: -3.2489637295841662e+34, e: -3.1296146731606863e+34
#ERR  p: [386, 311], r: 1.1291669522055232e+34, e: 1.1453632931215056e+34
#ERR  p: [387, 311], r: -2.3327739624413627e+34, e: -2.3029089065816108e+34
#ERR  p: [388, 311], r: -3.0206974898602564e+33, e: -1.5080853263107998e+33
#ERR  p: [389, 311], r: 6.7918298987451728e+33, e: 2.2486185819312357e+33
#ERR  p: [390, 311], r: -3.5645765425999739e+34, e: -3.3486570216518808e+34
#ERR  p: [391, 311], r: -1.3954216103269756e+34, e: -1.3287701758478272e+34
#ERR  p: [392, 311], r: -3.5727954741087974e+34, e: -3.4030778561308975e+34
#ERR  p: [393, 311], r: 5.9455877052301190e+33, e: 6.6312418409689947e+33
#ERR  p: [394, 311], r: -3.5147152888736531e+34, e: -3.3846122473289011e+34
#ERR  p: [395, 311], r: 1.7212260123042081e+34, e: 1.8250733359677486e+34
#ERR  p: [396, 311], r: 2.1366161735163978e+34, e: 2.1385050224283394e+34
#ERR  p: [397, 311], r: 1.2665157805942165e+34, e: 1.4309252354776646e+34
#ERR  p: [398, 311], r: 3.6908914876245127e+34, e: 3.7198654742439871e+34
#ERR  p: [399, 311], r: -4.9109343801739364e+34, e: -4.8956161101278191e+34
#ERR  p: [384, 312], r: 2.0600354695701492e+34, e: 1.8291415783188522e+34
#ERR  p: [385, 312], r: 1.2583502043010862e+34, e: 1.4022577628119174e+34
#ERR  p: [386, 312], r: -4.2304828112441614e+34, e: -4.1908771479792964e+34
#ERR  p: [387, 312], r: -2.2974802919213365e+34, e: -2.5064727955856044e+34
#ERR  p: [388, 312], r: 1.1441546922611513e+34, e: 8.5556159182180005e+33
#ERR  p: [389, 312], r: -4.4830186178502533e+34, e: -4.5404441803926235e+34
#ERR  p: [390, 312], r: 4.9194146408250530e+33, e: 4.2484783742132412e+33
#ERR  p: [391, 312], r: -3.2620933216408270e+34, e: -2.8956180089949244e+34
#ERR  p: [392, 312], r: -5.7691676322915202e+33, e: -5.1136861186151569e+33
#ERR  p: [393, 312], r: 4.4770661069653535e+34, e: 4.2428726103333452e+34
#ERR  p: [394, 312], r: -1.3501123859191111e+34, e: -1.5270588309624141e+34
#ERR  p: [395, 312], r: -2.5217205030494825e+34, e: -2.6555586572807664e+34
#ERR  p: [396, 312], r: 1.1308611969432892e+34, e: 1.2324866658243203e+34
#ERR  p: [397, 312], r: -1.0689583766608355e+34, e: -1.2240873664517729e+34
#ERR  p: [398, 312], r: 2.5279469081680742e+33, e: 2.0472250803526182e+33
#ERR  p: [399, 312], r: 1.8974606418249220e+34, e: 1.8612958328992507e+34
#ERR  p: [384, 313], r: -2.1085790599186547e+34, e: -1.9690655695772669e+34
#ERR  p: [385, 313], r: -3.5443052744566758e+33, e: -9.5225272455174262e+32
#ERR  p: [386, 313], r: -1.2900058166336605e+34, e: -1.2423176428523012e+34
#ERR  p: [387, 313], r: -9.1035498435563973e+33, e: -9.1425201959931011e+33
#ERR  p: [388, 313], r: 2.8327715070205235e+34, e: 2.7657306166050159e+34
#ERR  p: [389, 313], r: 5.6613486255999404e+33, e: 6.4141028252882015e+33
#ERR  p: [390, 313], r: 6.9501271484786533e+33, e: 4.8160584079750970e+33
#ERR  p: [391, 313], r: -7.1581933016115240e+33, e: -6.3048416184508542e+33
#ERR  p: [392, 313], r: -9.7890257159296159e+33, e: -1.0739293248885860e+34
#ERR  p: [393, 313], r: -1.6324964124004206e+34, e: -1.8953495826759286e+34
#ERR  p: [394, 313], r: -5.5972755726346155e+34, e: -5.6459815807162752e+34
#ERR  p: [395, 313], r: -3.9768972314847556e+34, e: -3.9124807739525329e+34
#ERR  p: [396, 313], r: 1.4098816165438564e+34, e: 1.6489936965399533e+34
#ERR  p: [397, 313], r: -4.3007547251622039e+34, e: -4.3167112770925767e+34
#ERR  p: [398, 313], r: 2.8811363388273562e+34, e: 2.7945015810580474e+34
#ERR  p: [399, 313], r: 8.7027679937777947e+33, e: 6.6248973982676572e+33
#ERR  p: [384, 314], r: -5.3712797149427551e+34, e: -5.1472962525787569e+34
#ERR  p: [385, 314], r: -1.4854652835824646e+34, e: -1.1675949631110160e+34
#ERR  p: [386, 314], r: 2.0009401735027908e+34, e: 2.0440947632722792e+34
#ERR  p: [387, 314], r: -2.2522590850502652e+34, e: -2.2470414153726852e+34
#ERR  p: [388, 314], r: 4.8767612929774713e+34, e: 5.1881027176817288e+34
#ERR  p: [389, 314], r: -2.3141412317340628e+34, e: -2.0207298829708069e+34
#ERR  p: [390, 314], r: 9.1469613058840374e+33, e: 9.7196385577576507e+33
#ERR  p: [391, 314], r: -2.9738885010947976e+33, e: -3.2570697609614069e+33
#ERR  p: [392, 314], r: -1.4236793248397194e+34, e: -1.3688239734069135e+34
#ERR  p: [393, 314], r: -6.7573318522883954e+34, e: -7.1041085678531732e+34
#ERR  p: [394, 314], r: -3.0264608435071534e+34, e: -3.0853442042397861e+34
#ERR  p: [395, 314], r: -1.1149436401241538e+34, e: -1.0421792577310142e+34
#ERR  p: [396, 314], r: 1.5749398758018940e+34, e: 1.6447188419962930e+34
#ERR  p: [397, 314], r: -2.4936148075735629e+33, e: -2.5802260444821253e+33
#ERR  p: [398, 314], r: -1.9371519705405055e+34, e: -2.1798806923613747e+34
#ERR  p: [399, 314], r: -2.3492412884319447e+33, e: -4.5709171886056685e+33
#ERR  p: [384, 315], r: 4.6466401238986963e+34, e: 4.5211476662362587e+34
#ERR  p: [385, 315], r: -1.8665073128766343e+34, e: -1.9485134128390550e+34
#ERR  p: [386, 315], r: -3.7592663822263543e+34, e: -4.1988217519754143e+34
#ERR  p: [387, 315], r: -3.6168267730141077e+34, e: -3.5844997020042250e+34
#ERR  p: [388, 315], r: -2.5768410212387033e+34, e: -2.8275545801069671e+34
#ERR  p: [389, 315], r: 3.2283448478778368e+34, e: 3.3377926122791044e+34
#ERR  p: [390, 315], r: -5.9105813605932110e+34, e: -5.8542120084923590e+34
#ERR  p: [391, 315], r: 4.2351587583605502e+33, e: 1.7598541671655524e+33
#ERR  p: [392, 315], r: -5.0204935591787397e+34, e: -5.1228627824353735e+34
#ERR  p: [393, 315], r: -3.0793245970047570e+34, e: -3.1246282506824448e+34
#ERR  p: [394, 315], r: -2.5216412748869682e+34, e: -2.5431957916749895e+34
#ERR  p: [395, 315], r: -1.3224296945546153e+34, e: -1.3146816754367360e+34
#ERR  p: [396, 315], r: 6.6987980858228569e+33, e: 4.5869921495007990e+33
#ERR  p: [397, 315], r: -4.8240196003677413e+34, e: -4.9158143398087994e+34
#ERR  p: [398, 315], r: 1.7577232081304275e+34, e: 1.9100665852449650e+34
#ERR  p: [399, 315], r: -3.1444652494599616e+34, e: -2.9546551218804364e+34
#ERR  p: [384, 316], r: -1.9953285913047102e+34, e: -1.6821305041295326e+34
#ERR  p: [385, 316], r: -8.4225918333565507e+33, e: -8.3625467896910526e+33
#ERR  p: [386, 316], r: -1.2365292828166107e+34, e: -1.2002400609169912e+34
#ERR  p: [387, 316], r: 3.5496915515676065e+34, e: 3.5584551766937156e+34
#ERR  p: [388, 316], r: -4.7321565266365146e+34, e: -4.2967997543246950e+34
#ERR  p: [389, 316], r: -5.5169639649979686e+34, e: -5.5640809532452016e+34
#ERR  p: [390, 316], r: -2.4256073335753813e+34, e: -2.2236993131679357e+34
#ERR  p: [391, 316], r: 4.8303489402005996e+34, e: 4.5695011089947300e+34
#ERR  p: [392, 316], r: -3.9937710969842389e+34, e: -4.0402928836605835e+34
#ERR  p: [393, 316], r: -4.9094899517360982e+34, e: -4.6353179242993922e+34
#ERR  p: [394, 316], r: 1.4055224582835208e+34, e: 1.6342395557697383e+34
#ERR  p: [395, 316], r: 1.4948551825744481e+34, e: 1.5912683049200682e+34
#ERR  p: [396, 316], r: -6.5676061522195494e+33, e: -7.7415768779148969e+33
#ERR  p: [397, 316], r: -2.3122949679594725e+34, e: -2.2789035161038123e+34
#ERR  p: [398, 316], r: 5.3413064631235696e+33, e: 6.2533414559065235e+33
#ERR  p: [399, 316], r: -1.2206190298437071e+34, e: -1.2582382945215348e+34
#ERR  p: [384, 317], r: 3.0803185390622993e+33, e: 1.3695100088281845e+33
#ERR  p: [385, 317], r: 1.4924948641985446e+33, e: 1.2490985986857413e+33
#ERR  p: [386, 317], r: -1.5793101755225832e+34, e: -1.6748110598532538e+34
#ERR  p: [387, 317], r: -4.5559282106100011e+33, e: -2.6240977110193697e+33
#ERR  p: [388, 317], r: -4.7810036598826529e+33, e: -4.1509565527684372e+33
#ERR  p: [389, 317], r: -1.9587092107966133e+34, e: -2.0611123536103235e+34
#ERR  p: [390, 317], r: -1.6093217415859845e+33, e: 4.7216487677890564e+32
#ERR  p: [391, 317], r: 3.6378767054421163e+34, e: 3.4877623631623161e+34
#ERR  p: [392, 317], r: -2.9044549201713592e+34, e: -3.0375824968200933e+34
#ERR  p: [393, 317], r: -2.3849142637800080e+34, e: -2.8193965552480764e+34
#ERR  p: [394, 317], r: -1.6825700966374828e+34, e: -1.7327596520622221e+34
#ERR  p: [395, 317], r: 2.0135280429982603e+34, e: 2.2403090022630355e+34
#ERR  p: [396, 317], r: -2.5917594366521314e+34, e: -2.8437272763681992e+34
#ERR  p: [397, 317], r: -1.8444490782866277e+34, e: -1.5009944986112761e+34
#ERR  p: [398, 317], r: -1.6760473905704881e+34, e: -2.0110186147446249e+34
#ERR  p: [399, 317], r: 1.2294465326758433e+34, e: 1.0295558593564172e+34
#ERR  p: [384, 318], r: 2.4970478628905091e+34, e: 2.5623531613709386e+34
#ERR  p: [385, 318], r: -7.1261238459238166e+33, e: -5.6080856364396672e+33
#ERR  p: [386, 318], r: -3.2131587898279152e+34, e: -2.9997691231441056e+34
#ERR  p: [387, 318], r: -1.8992079941903733e+34, e: -1.8770127196380178e+34
#ERR  p: [388, 318], r: -4.0922291724807544e+34, e: -4.0755224288865747e+34
#ERR  p: [389, 318], r: -3.4448194611395455e+33, e: -3.0579365831520196e+33
#ERR  p: [390, 318], r: -1.3560150078204277e+34, e: -1.4032661887679192e+34
#ERR  p: [391, 318], r: -1.5485107225211786e+34, e: -1.3412182819128613e+34
#ERR  p: [392, 318], r: 4.3280305056357865e+34, e: 4.4616210718592133e+34
#ERR  p: [393, 318], r: 1.2028815773728183e+34, e: 1.0339578503421121e+34
#ERR  p: [394, 318], r: 1.3845325659474175e+34, e: 1.4434278109044273e+34
#ERR  p: [395, 318], r: 1.2873119353141716e+34, e: 1.2188268640488336e+34
#ERR  p: [396, 318], r: -9.6229678200898554e+33, e: -6.2146409743983839e+33
#ERR  p: [397, 318], r: 2.2290333492092086e+34, e: 2.3113036255760128e+34
#ERR  p: [398, 318], r: -6.0336176214237024e+33, e: -8.9089989008024248e+33
#ERR  p: [399, 318], r: -1.9047533465963521e+34, e: -2.0842419015103276e+34
#ERR  p: [384, 319], r: 1.1294910449078081e+34, e: 9.7606713182998040e+33
#ERR  p: [385, 319], r: -2.7879944730355478e+33, e: -2.8214795131581780e+33
#ERR  p: [386, 319], r: -7.3847907981624771e+33, e: -8.8942296571637306e+33
#ERR  p: [387, 319], r: 2.2180285574359773e+34, e: 1.8517706270609732e+34
#ERR  p: [388, 319], r: -9.3567090458177723e+32, e: -2.7915773809942495e+33
#ERR  p: [389, 319], r: -2.3929278829333160e+33, e: -2.0180610699371135e+33
#ERR  p: [390, 319], r: -3.4045138356279676e+32, e: 9.6341522988597890e+32
#ERR  p: [391, 319], r: 4.5531409886115501e+33, e: 3.8525504873286766e+33
#ERR  p: [392, 319], r: -1.0763631150058210e+34, e: -1.2305806095458326e+34
#ERR  p: [393, 319], r: -1.0229070071994194e+34, e: -6.4557737439206064e+33
#ERR  p: [394, 319], r: -1.5662622875085153e+34, e: -1.6140237473402002e+34
#ERR  p: [395, 319], r: -4.5379106123082220e+33, e: -6.9240115654098890e+33
#ERR  p: [396, 319], r: -1.2105577959684191e+34, e: -1.2802728844567910e+34
#ERR  p: [397, 319], r: -5.5572527235765113e+33, e: -9.8377764136466939e+33
#ERR  p: [398, 319], r: -3.3265751424071239e+34, e: -2.8738773060249946e+34
#ERR  p: [399, 319], r: -4.6292817286678367e+33, e: -4.2324191970536116e+33
#SDC Ite:2 KerTime:2.6971813 AccTime:5.3855328 KerErr:256 AccErr:256
#IT 2 KerTime:2.7348832 AccTime:8.1204161
#ERR  p: [496, 48], r: 3.2664295161134339e+33, e: 2.9695343564916211e+33
#ERR  p: [497, 48], r: 1.6143510586865873e+34, e: 1.8131721518120708e+34
#ERR  p: [498, 48], r: -7.0733338736525544e+34, e: -6.9448257940544176e+34
#ERR  p: [499, 48], r: 2.9101522297171603e+33, e: 4.2799545471371211e+33
#ERR  p: [500, 48], r: -5.6907693538310918e+32, e: -3.4764175711572951e+33
#ERR  p: [501, 48], r: -1.6789409516183138e+34, e: -2.0826157434747224e+34
#ERR  p: [502, 48], r: -1.2973663605192435e+34, e: -1.2663161008658798e+34
#ERR  p: [503, 48], r: 1.5862901766400899e+33, e: -7.5629702933819103e+32
#ERR  p: [504, 48], r: 3.8632154645611241e+34, e: 4.1241393052854058e+34
#ERR  p: [505, 48], r: -2.6402621749793405e+34, e: -2.5690536356275747e+34
#ERR  p: [506, 48], r: 7.5184579928743357e+33, e: 6.8080685772104988e+33
#ERR  p: [507, 48], r: 6.6644602597556639e+32, e: -1.0997699150518736e+33
#ERR  p: [508, 48], r: -2.2997368090249459e+34, e: -2.5245672699638231e+34
#ERR  p: [509, 48], r: -2.1397234030150041e+34, e: -2.3026308652487873e+34
#ERR  p: [510, 48], r: -2.1460619036041531e+33, e: -5.9764068414781482e+33
#ERR  p: [511, 48], r: -8.3571933179911630e+33, e: -7.4202806821787301e+33
#ERR  p: [496, 49], r: -2.0364991345732359e+34, e: -2.3113135290963271e+34
#ERR  p: [497, 49], r: -1.9410280845975120e+34, e: -1.7161724934758373e+34
#ERR  p: [498, 49], r: 2.0615476133281363e+34, e: 2.0713119891820036e+34
#ERR  p: [499, 49], r: 1.8270648720059490e+33, e: 1.6002247392072959e+33
#ERR  p: [500, 49], r: 1.2658557109652695e+34, e: 1.0066649243989854e+34
#ERR  p: [501, 49], r: 7.0073756855954058e+33, e: 4.7801556709557424e+33
#ERR  p: [502, 49], r: 2.3694910164185593e+34, e: 2.6542192061582596e+34
#ERR  p: [503, 49], r: 6.6644186340218429e+33, e: 2.6390712147645460e+33
#ERR  p: [504, 49], r: -1.2929313165344997e+34, e: -1.2379519235097574e+34
#ERR  p: [505, 49], r: 7.7231402369098198e+33, e: 9.2852361134221162e+33
#ERR  p: [506, 49], r: -1.7449964417625503e+34, e: -1.7624858110495662e+34
#ERR  p: [507, 49], r: 5.2052268327601536e+32, e: 7.6734316830873448e+32
#ERR  p: [508, 49], r: -3.9289825146762071e+34, e: -3.9877891231264040e+34
#ERR  p: [509, 49], r: -1.2934918557842881e+34, e: -1.3291404437135775e+34
#ERR  p: [510, 49], r: 1.5053765587623385e+34, e: 1.4753045193280180e+34
#ERR  p: [511, 49], r: -5.2168031195525210e+34, e: -5.2459818614544931e+34
#ERR  p: [496, 50], r: -3.4999068025357135e+34, e: -3.6656746490242695e+34
#ERR  p: [497, 50], r: 4.3912961741074895e+34, e: 4.3873095120049748e+34
#ERR  p: [498, 50], r: 1.8176408677658832e+34, e: 1.6229621695998564e+34
#ERR  p: [499, 50], r: -1.3620637066463800e+34, e: -1.2600076822196854e+34
#ERR  p: [500, 50], r: -4.4309216444129831e+34, e: -4.4418085842944744e+34
#ERR  p: [501, 50], r: -4.0811181654521524e+34, e: -4.4995461077267445e+34
#ERR  p: [502, 50], r: -1.2401467911994104e+34, e: -1.3441198895709423e+34
#ERR  p: [503, 50], r: 4.5276836801586757e+33, e: 1.7920319426066973e+32
#ERR  p: [504, 50], r: 8.9681773864404231e+33, e: 8.7291707789356733e+33
#ERR  p: [505, 50], r: -4.7166887134336517e+34, e: -4.7040805417215379e+34
#ERR  p: [506, 50], r: -5.0662755528876073e+34, e: -4.9528341939196051e+34
#ERR  p: [507, 50], r: -1.4168952896304316e+34, e: -1.2121518913570069e+34
#ERR  p: [508, 50], r: 3.9614347414240615e+33, e: 5.0691311091762269e+33
#ERR  p: [509, 50], r: -3.6467465458235961e+34, e: -3.7646756850220157e+34
#ERR  p: [510, 50], r: 1.9158876887946947e+33, e: 3.2895672344176973e+33
#ERR  p: [511, 50], r: 3.9059184538042811e+34, e: 3.6069774744735454e+34
#ERR  p: [496, 51], r: 5.8065459938377030e+33, e: 7.3237331195448436e+33
#ERR  p: [497, 51], r: -6.9871353659530898e+33, e: -6.4414458259059174e+33
#ERR  p: [498, 51], r: 7.1497969732950709e+33, e: 5.1900871355647032e+33
#ERR  p: [499, 51], r: 1.1913754198836764e+34, e: 1.4751432157408991e+34
#ERR  p: [500, 51], r: -1.0706979300040393e+34, e: -1.1475346399504122e+34
#ERR  p: [501, 51], r: 2.4682692232092340e+34, e: 2.0621690592278575e+34
#ERR  p: [502, 51], r: -1.5271869577564801e+34, e: -1.8400993283705907e+34
#ERR  p: [503, 51], r: 8.0594978301339522e+33, e: 8.1473172965208571e+33
#ERR  p: [504, 51], r: 1.1759081018568292e+34, e: 1.2544435131251094e+34
#ERR  p: [505, 51], r: -2.4053281426158317e+34, e: -2.4787716589145233e+34
#ERR  p: [506, 51], r: -1.2409101050276338e+34, e: -1.1121737492862528e+34
#ERR  p: [507, 51], r: 5.2448201785216277e+33, e: 4.6379550460680799e+33
#ERR  p: [508, 51], r: 2.1653121188030486e+34, e: 1.9691776031508223e+34
#ERR  p: [509, 51], r: -4.8541163986028474e+33, e: -6.2386124453191060e+33
#ERR  p: [510, 51], r: 2.8630272567566740e+34, e: 2.8366106066703554e+34
#ERR  p: [511, 51], r: -3.8022803420073798e+34, e: -3.7775760105834008e+34
#ERR  p: [496, 52], r: 1.9470110488073782e+34, e: 1.7804573579818839e+34
#ERR  p: [497, 52], r: -2.9842139113744691e+34, e: -2.7740676475935872e+34
#ERR  p: [498, 52], r: 3.7474499969633675e+34, e: 3.7570455177958763e+34
#ERR  p: [499, 52], r: 2.3549040903991508e+33, e: 1.6236928327595436e+33
#ERR  p: [500, 52], r: 3.6977444760939887e+34, e: 3.5819302336586843e+34
#ERR  p: [501, 52], r: 9.9787920204317505e+33, e: 7.1551943918663552e+33
#ERR  p: [502, 52], r: 7.9147498341304502e+33, e: 7.4085549141266189e+33
#ERR  p: [503, 52], r: -2.8271446362629577e+33, e: -4.4204588846859528e+33
#ERR  p: [504, 52], r: 1.9803721711320760e+34, e: 1.9059132964131625e+34
#ERR  p: [505, 52], r: 2.2996744168469659e+34, e: 2.2124194511179752e+34
#ERR  p: [506, 52], r: 1.1740472303897754e+34, e: 1.4383907566785790e+34
#ERR  p: [507, 52], r: 1.5074455279499961e+34, e: 1.1893611676457552e+34
#ERR  p: [508, 52], r: -4.2320468865867965e+33, e: -2.7865021363181892e+33
#ERR  p: [509, 52], r: -5.2722836307051660e+34, e: -5.0912552021763235e+34
#ERR  p: [510, 52], r: 7.2529408994282895e+33, e: 5.1665805111287328e+33
#ERR  p: [511, 52], r: -4.4890280739769602e+34, e: -4.3568893638316073e+34
#ERR  p: [496, 53], r: 2.0002120171716832e+34, e: 1.8187718497857743e+34
#ERR  p: [497, 53], r: -4.6200324596643160e+33, e: -4.5275756698902480e+33
#ERR  p: [498, 53], r: 2.7282254899988103e+33, e: 1.6209097888087252e+33
#ERR  p: [499, 53], r: 2.9912798255307022e+34, e: 3.2253200651858469e+34
#ERR  p: [500, 53], r: 3.7468910670356301e+33, e: 6.2547830370822713e+33
#ERR  p: [501, 53], r: 2.1581263720510127e+34, e: 2.0525027282251016e+34
#ERR  p: [502, 53], r: -1.1526826136037804e+34, e: -1.4363487745837778e+34
#ERR  p: [503, 53], r: -9.5367917191051019e+33, e: -8.8246419527054012e+33
#ERR  p: [504, 53], r: 2.7523370957319795e+34, e: 2.6798547160797891e+34
#ERR  p: [505, 53], r: 1.3524597678216040e+34, e: 1.3237351023260418e+34
#ERR  p: [506, 53], r: 2.5862919506746236e+34, e: 2.5469811647271164e+34
#ERR  p: [507, 53], r: -1.5438258931850080e+33, e: 1.7509293931948294e+33
#ERR  p: [508, 53], r: -4.0409876156106304e+34, e: -3.9502713695317977e+34
#ERR  p: [509, 53], r: 1.2325949855777578e+34, e: 9.4922506364916139e+33
#ERR  p: [510, 53], r: -2.0842448725664219e+34, e: -1.9246003726881871e+34
#ERR  p: [511, 53], r: 2.5081095999055476e+34, e: 2.3767111779036873e+34
#ERR  p: [496, 54], r: 1.8319586346722500e+34, e: 2.2272447734404491e+34
#ERR  p: [497, 54], r: -2.5237220045049991e+34, e: -2.9559051937321067e+34
#ERR  p: [498, 54], r: -3.1207260160906094e+34, e: -3.2192957537786685e+34
#ERR  p: [499, 54], r: 9.0835812517527045e+33, e: 5.0845756491063513e+33
#ERR  p: [500, 54], r: 7.3298444581367838e+34, e: 7.3217671469684545e+34
#ERR  p: [501, 54], r: 3.3312691015510842e+33, e: 8.7254421035373458e+33
#ERR  p: [502, 54], r: -1.6518387303382390e+34, e: -1.5561328431370626e+34
#ERR  p: [503, 54], r: 1.8052921682860036e+34, e: 2.1615940896890589e+34
#ERR  p: [504, 54], r: -5.8845646889335855e+33, e: -6.3666036849508411e+33
#ERR  p: [505, 54], r: 2.1431242718909289e+34, e: 2.1025104302580699e+34
#ERR  p: [506, 54], r: 7.3401178749348053e+33, e: 3.8943879088963653e+33
#ERR  p: [507, 54], r: -7.9678549859357145e+33, e: -6.8900177319311124e+33
#ERR  p: [508, 54], r: -1.8273230985610187e+32, e: -6.4248345274887665e+32
#ERR  p: [509, 54], r: -7.7861043431879528e+33, e: -7.5498496763905344e+33
#ERR  p: [510, 54], r: 9.6843944048391960e+33, e: 9.9954515985104335e+33
#ERR  p: [511, 54], r: 1.5311679949689412e+32, e: 2.7165698589870500e+32
#ERR  p: [496, 55], r: -4.3864053206002808e+34, e: -4.5127113524565367e+34
#ERR  p: [497, 55], r: -3.6005590029578585e+34, e: -3.6006981474182742e+34
#ERR  p: [498, 55], r: 3.7037395721162400e+34, e: 3.7764319063990932e+34
#ERR  p: [499, 55], r: 3.3051476382671332e+33, e: 2.7972604542295988e+33
#ERR  p: [500, 55], r: 5.2231401346136229e+33, e: 3.8602272629972951e+33
#ERR  p: [501, 55], r: -3.2718217972335551e+34, e: -3.3768191671935918e+34
#ERR  p: [502, 55], r: 1.4906586896352746e+34, e: 1.6418106732560038e+34
#ERR  p: [503, 55], r: 6.8963114190908393e+33, e: 4.7025160949968910e+33
#ERR  p: [504, 55], r: -6.1548249496401536e+33, e: -7.0870495065238128e+33
#ERR  p: [505, 55], r: -2.8144168176460471e+34, e: -2.8490271452643877e+34
#ERR  p: [506, 55], r: -3.7294228665232859e+34, e: -3.6346917333090429e+34
#ERR  p: [507, 55], r: 3.0037805440474060e+34, e: 2.8977774715994539e+34
#ERR  p: [508, 55], r: 5.3761074335079602e+33, e: 5.7470487386395887e+33
#ERR  p: [509, 55], r: -2.4128045576890919e+34, e: -2.4013783711264878e+34
#ERR  p: [510, 55], r: 3.1509453703896048e+34, e: 3.1348457125906906e+34
#ERR  p: [511, 55], r: 5.0025707870839699e+33, e: 3.1235068626978581e+33
#ERR  p: [496, 56], r: 2.6833855686598388e+34, e: 2.8035207170082650e+34
#ERR  p: [497, 56], r: 2.4759574498232159e+32, e: -2.4175693889003013e+33
#ERR  p: [498, 56], r: 4.3761615602033254e+31, e: -4.8076349223490321e+32
#ERR  p: [499, 56], r: -2.9639639357998467e+34, e: -3.0736840470097571e+34
#ERR  p: [500, 56], r: -9.3636763271013754e+33, e: -8.2013286204348783e+33
#ERR  p: [501, 56], r: 3.1668858290994670e+33, e: 2.9918262522640428e+33
#ERR  p: [502, 56], r: -2.2465430207128689e+34, e: -2.4690283280413238e+34
#ERR  p: [503, 56], r: -4.2496025475629163e+34, e: -4.2377772491316466e+34
#ERR  p: [504, 56], r: -7.7936118305561990e+33, e: -9.5914560563898460e+33
#ERR  p: [505, 56], r: 2.1810505456984994e+34, e: 2.1795387733225241e+34
#ERR  p: [506, 56], r: -1.6190429752294828e+33, e: -9.6351093812526615e+32
#ERR  p: [507, 56], r: -5.3347849949966142e+33, e: -7.8639348713978639e+33
#ERR  p: [508, 56], r: 1.0906869478183804e+34, e: 1.1604118160330626e+34
#ERR  p: [509, 56], r: -8.2460820097651037e+33, e: -7.0059310095695597e+33
#ERR  p: [510, 56], r: -1.9835066353115466e+34, e: -2.0155841376095094e+34
#ERR  p: [511, 56], r: -1.9213745485338173e+34, e: -2.0576484735863991e+34
#ERR  p: [496, 57], r: -7.5301057707039719e+33, e: -9.1361225218700743e+33
#ERR  p: [497, 57], r: -5.2885268895486374e+34, e: -5.1641733367223424e+34
#ERR  p: [498, 57], r: -3.5296264004408495e+33, e: -1.6730977817873838e+33
#ERR  p: [499, 57], r: -1.6092753188345113e+33, e: -9.9868615325778322e+32
#ERR  p: [500, 57], r: 7.4153833913833171e+33, e: 6.0667096155838596e+33
#ERR  p: [501, 57], r: 4.4279525690227610e+34, e: 4.6018529388053984e+34
#ERR  p: [502, 57], r: 5.5282463957735106e+32, e: 1.5137459618829371e+33
#ERR  p: [503, 57], r: -1.4276157265766391e+34, e: -1.7018341767648183e+34
#ERR  p: [504, 57], r: 3.4033591161078232e+34, e: 3.4927661168011076e+34
#ERR  p: [505, 57], r: 2.8433997174338042e+34, e: 2.7622888957077947e+34
#ERR  p: [506, 57], r: -3.8761048962501635e+34, e: -3.8871666332652019e+34
#ERR  p: [507, 57], r: -1.9389419080433083e+34, e: -1.9506810458478437e+34
#ERR  p: [508, 57], r: 2.1944388672233708e+34, e: 2.1817881103739056e+34
#ERR  p: [509, 57], r: -1.0878431519601340e+34, e: -1.2237796145580066e+34
#ERR  p: [510, 57], r: -4.9014854314420790e+34, e: -5.1262596899031726e+34
#ERR  p: [511, 57], r: -3.5887988201726553e+34, e: -3.3955415247597360e+34
#ERR  p: [496, 58], r: -1.6200098064001647e+34, e: -1.7277100946419771e+34
#ERR  p: [497, 58], r: -1.8551098465229416e+34, e: -1.7522942220881415e+34
#ERR  p: [498, 58], r: -2.4522359189964255e+34, e: -2.4330627036679735e+34
#ERR  p: [499, 58], r: 1.2878834922303097e+34, e: 1.3482162331609377e+34
#ERR  p: [500, 58], r: 2.7067048927678654e+34, e: 2.6817331662954007e+34
#ERR  p: [501, 58], r: -3.2564530192338349e+34, e: -3.3693774144414316e+34
#ERR  p: [502, 58], r: -5.0752805763213771e+33, e: -5.8339521293974224e+33
#ERR  p: [503, 58], r: -4.9862521376921061e+34, e: -4.9367998993547651e+34
#ERR  p: [504, 58], r: -1.4605736518305416e+34, e: -1.6377691704097488e+34
#ERR  p: [505, 58], r: -2.7101282921525052e+34, e: -2.6020620688350801e+34
#ERR  p: [506, 58], r: -1.5617332838747897e+34, e: -1.5069185368752723e+34
#ERR  p: [507, 58], r: -5.5833163131636257e+33, e: -7.9564746031545640e+33
#ERR  p: [508, 58], r: -8.9017866621335482e+33, e: -9.6820317962742198e+33
#ERR  p: [509, 58], r: -2.5583194575469312e+33, e: -4.0233500030039100e+33
#ERR  p: [510, 58], r: -1.0387497924401819e+34, e: -1.2176610959138386e+34
#ERR  p: [511, 58], r: -3.5203578195727159e+34, e: -3.4445894518802463e+34
#ERR  p: [496, 59], r: -1.8779389463754112e+34, e: -1.9672890018268885e+34
#ERR  p: [497, 59], r: -1.7376329268208730e+34, e: -1.6550208552092220e+34
#ERR  p: [498, 59], r: -2.5441252370564850e+34, e: -2.6231424545880551e+34
#ERR  p: [499, 59], r: 2.1302219656254810e+34, e: 2.1417385218109528e+34
#ERR  p: [500, 59], r: 2.9426654250119496e+34, e: 3.0549782778401393e+34
#ERR  p: [501, 59], r: 2.3362966446171532e+34, e: 2.0576407983581555e+34
#ERR  p: [502, 59], r: -4.2811393176517192e+34, e: -4.2653352799341863e+34
#ERR  p: [503, 59], r: 2.6707298600502165e+34, e: 2.6089487292736246e+34
#ERR  p: [504, 59], r: 1.7915719550365998e+34, e: 1.8063905924828615e+34
#ERR  p: [505, 59], r: 4.4873365527072807e+34, e: 4.5335661855343539e+34
#ERR  p: [506, 59], r: 1.8246223544114370e+34, e: 1.9215075032940366e+34
#ERR  p: [507, 59], r: -1.2813287235162975e+34, e: -1.1832011780102711e+34
#ERR  p: [508, 59], r: -2.1809611664276630e+34, e: -2.0290702563974843e+34
#ERR  p: [509, 59], r: 1.3935785032994856e+33, e: 2.6097472005989637e+33
#ERR  p: [510, 59], r: 3.1758962994694095e+34, e: 3.3056650972035545e+34
#ERR  p: [511, 59], r: 3.3399047855741331e+34, e: 3.1589501382716320e+34
#ERR  p: [496, 60], r: -2.2938818478151418e+34, e: -2.4890267541999634e+34
#ERR  p: [497, 60], r: 2.0084819518101252e+34, e: 2.0513258186297530e+34
#ERR  p: [498, 60], r: -1.3454871943443330e+34, e: -1.3943563629231706e+34
#ERR  p: [499, 60], r: -1.9205063811842665e+34, e: -1.7645407915147800e+34
#ERR  p: [500, 60], r: 1.5324387945791444e+34, e: 1.4864656629282111e+34
#ERR  p: [501, 60], r: -2.2613232820179127e+34, e: -2.8242012481285509e+34
#ERR  p: [502, 60], r: 4.0106905186771679e+33, e: 3.8295229456879096e+33
#ERR  p: [503, 60], r: 2.1097783762287143e+34, e: 1.7957683241817694e+34
#ERR  p: [504, 60], r: 4.1678994953221126e+34, e: 4.1439800178830405e+34
#ERR  p: [505, 60], r: 3.9202310213624830e+34, e: 4.2758533136839706e+34
#ERR  p: [506, 60], r: 1.3564175549727023e+33, e: 1.8976449401482706e+33
#ERR  p: [507, 60], r: -2.7879704569987856e+34, e: -2.9672523997202044e+34
#ERR  p: [508, 60], r: -3.0265645828824455e+34, e: -3.1860998964492154e+34
#ERR  p: [509, 60], r: -1.0171562805409231e+34, e: -1.0221565679476046e+34
#ERR  p: [510, 60], r: -1.0676631199977312e+34, e: -1.0295668151257649e+34
#ERR  p: [511, 60], r: -3.3249888460407836e+34, e: -3.5440289662399074e+34
#ERR  p: [496, 61], r: 3.6182556034074509e+34, e: 3.7610564435231609e+34
#ERR  p: [497, 61], r: -3.7821781764734481e+34, e: -3.4903100437631654e+34
#ERR  p: [498, 61], r: 2.5591860155744309e+34, e: 2.7082124561477071e+34
#ERR  p: [499, 61], r: -2.2615060019677112e+34, e: -2.1928889662941855e+34
#ERR  p: [500, 61], r: -5.2456104794427075e+34, e: -5.3192243362908048e+34
#ERR  p: [501, 61], r: 5.1606925588168817e+33, e: 6.1502718061756620e+33
#ERR  p: [502, 61], r: 2.4497382511731633e+34, e: 2.5596910951104594e+34
#ERR  p: [503, 61], r: 2.4766712769983688e+33, e: 4.2367266094203051e+33
#ERR  p: [504, 61], r: 2.2331235030990075e+34, e: 2.5007725768807110e+34
#ERR  p: [505, 61], r: -4.6886345162633664e+34, e: -4.7771883286815753e+34
#ERR  p: [506, 61], r: -3.5485566081395897e+34, e: -3.5878626899149477e+34
#ERR  p: [507, 61], r: -1.6962591137978966e+34, e: -1.8188602387045793e+34
#ERR  p: [508, 61], r: -6.0208342811960298e+34, e: -6.1189058718122805e+34
#ERR  p: [509, 61], r: -2.7069742685204139e+34, e: -2.6583133214561842e+34
#ERR  p: [510, 61], r: -1.2273560233315021e+34, e: -1.5600338397888587e+34
#ERR  p: [511, 61], r: 3.3679619538005127e+34, e: 3.7095383308482606e+34
#ERR  p: [496, 62], r: 1.1663261983647525e+34, e: 8.9820571701608908e+33
#ERR  p: [497, 62], r: 4.2037423160435658e+33, e: 7.7256247825686655e+33
#ERR  p: [498, 62], r: 7.8136986456336436e+33, e: 1.0107915975199432e+34
#ERR  p: [499, 62], r: -2.4706376500923948e+34, e: -2.6379249441851697e+34
#ERR  p: [500, 62], r: -1.4095190239063497e+34, e: -1.5243803000994123e+34
#ERR  p: [501, 62], r: -1.6316926179329126e+34, e: -1.6889716083746314e+34
#ERR  p: [502, 62], r: -1.4633873657458334e+34, e: -1.6585900839304896e+34
#ERR  p: [503, 62], r: -2.2140941364031205e+34, e: -2.0595426456405097e+34
#ERR  p: [504, 62], r: 1.8988962808884812e+34, e: 1.8917261321809403e+34
#ERR  p: [505, 62], r: -2.6131422511567039e+33, e: -5.8078124064978919e+33
#ERR  p: [506, 62], r: -2.3665588316415079e+34, e: -2.2848770719693799e+34
#ERR  p: [507, 62], r: -2.0497904015990273e+34, e: -2.2772389819269891e+34
#ERR  p: [508, 62], r: 2.2108499907361692e+34, e: 2.5106181616011555e+34
#ERR  p: [509, 62], r: -1.9545327724860762e+34, e: -1.8362535438445467e+34
#ERR  p: [510, 62], r: 2.8902230663037188e+34, e: 2.5434158974139745e+34
#ERR  p: [511, 62], r: 1.3477778785930267e+34, e: 1.6578833439620616e+34
#ERR  p: [496, 63], r: -1.8587164610333956e+34, e: -2.2101867024631201e+34
#ERR  p: [497, 63], r: -6.2186122860444114e+32, e: 1.1364405617518474e+33
#ERR  p: [498, 63], r: 1.1044356336886877e+34, e: 9.2349194215553422e+33
#ERR  p: [499, 63], r: -5.2452051778738455e+33, e: -7.6347488422247651e+33
#ERR  p: [500, 63], r: 3.8547123020192807e+34, e: 3.5370259394376700e+34
#ERR  p: [501, 63], r: -1.8478043909691068e+34, e: -1.9648357760510366e+34
#ERR  p: [502, 63], r: -4.2057443126750981e+34, e: -4.3711009154826035e+34
#ERR  p: [503, 63], r: -2.1499678520161063e+34, e: -2.0940161808845093e+34
#ERR  p: [504, 63], r: 6.5855705190996392e+33, e: 2.1724184207530634e+33
#ERR  p: [505, 63], r: 4.6838773602804005e+34, e: 4.4625252632639074e+34
#ERR  p: [506, 63], r: 6.6459677567063140e+33, e: 7.5650540559530374e+33
#ERR  p: [507, 63], r: -1.1542476174014450e+34, e: -1.2095751191652344e+34
#ERR  p: [508, 63], r: -1.5420830902492011e+34, e: -1.3947281163169680e+34
#ERR  p: [509, 63], r: -4.8325188015014590e+34, e: -4.6990376691775050e+34
#ERR  p: [510, 63], r: 2.9310396825150127e+34, e: 3.3861628910221099e+34
#ERR  p: [511, 63], r: -1.6012493202808105e+34, e: -1.8355208071352937e+34
#SDC Ite:3 KerTime:2.7348832 AccTime:8.1204161 KerErr:256 AccErr:512
#ABORT amount of errors equals of the last iteration
#END
