#HEADER matrix_dim:2048 threads:4 block_size:16 block_offset:12 precision:Float
#BEGIN Y:2023 M:10 D:24 Time:14:18:44
#IT 0 KerTime:2.7333712 AccTime:2.7333712
#IT 1 KerTime:2.7195907 AccTime:5.4529619
#IT 2 KerTime:2.7375738 AccTime:8.1905356
#IT 3 KerTime:2.6986895 AccTime:10.8892251
#IT 4 KerTime:2.7256751 AccTime:13.6149002
#IT 5 KerTime:2.7038632 AccTime:16.3187634
#IT 6 KerTime:2.6883272 AccTime:19.0070905
#IT 7 KerTime:2.6868507 AccTime:21.6939412
#IT 8 KerTime:2.7289850 AccTime:24.4229262
#IT 9 KerTime:2.7191453 AccTime:27.1420715
#IT 10 KerTime:2.7130701 AccTime:29.8551416
#IT 11 KerTime:2.6601767 AccTime:32.5153183
#IT 12 KerTime:2.7101400 AccTime:35.2254582
#IT 13 KerTime:2.7699209 AccTime:37.9953792
#IT 14 KerTime:2.6971940 AccTime:40.6925732
#IT 15 KerTime:2.7513773 AccTime:43.4439505
#IT 16 KerTime:2.7185397 AccTime:46.1624902
#IT 17 KerTime:2.7898267 AccTime:48.9523169
#ERR  p: [222, 1470], r: 1.0877909108904761e+34, e: 1.1485731478493687e+34
#SDC Ite:18 KerTime:2.7898267 AccTime:48.9523169 KerErr:1 AccErr:1
#IT 18 KerTime:2.7144052 AccTime:51.6667221
