#HEADER matrix_dim:2048 threads:4 block_size:16 block_offset:12 precision:Float
#BEGIN Y:2023 M:10 D:26 Time:06:23:32
#IT 0 KerTime:2.7250584 AccTime:2.7250584
#ERR  p: [704, 48], r: 2.5765614943778327e+34, e: 2.8350300048281958e+34
#ERR  p: [705, 48], r: -3.6134962191324143e+34, e: -3.7890549333916784e+34
#ERR  p: [706, 48], r: -4.1429057335169486e+34, e: -4.0207596753687073e+34
#ERR  p: [707, 48], r: -4.7354568747812495e+34, e: -4.7427825087577246e+34
#ERR  p: [708, 48], r: -4.6283210871973512e+34, e: -4.8141487616704954e+34
#ERR  p: [709, 48], r: -1.1924025387342715e+34, e: -1.0500091046854903e+34
#ERR  p: [710, 48], r: 4.6326241667739072e+34, e: 4.8535860650900176e+34
#ERR  p: [711, 48], r: 5.4913088956238184e+33, e: 8.1993472974020020e+33
#ERR  p: [712, 48], r: -6.1578430474559314e+33, e: -7.1740581221849858e+33
#ERR  p: [713, 48], r: -3.8056871529954932e+34, e: -3.6690693281999979e+34
#ERR  p: [714, 48], r: 4.4748383100706555e+34, e: 4.3132405883984362e+34
#ERR  p: [715, 48], r: 1.8048754776687802e+34, e: 1.9322556700971240e+34
#ERR  p: [716, 48], r: -9.6813682604131629e+33, e: -8.9550935981652160e+33
#ERR  p: [717, 48], r: 2.2821303306102135e+34, e: 2.2565861806635833e+34
#ERR  p: [718, 48], r: -5.5703548333642999e+34, e: -5.5079507711599396e+34
#ERR  p: [719, 48], r: -1.8351582144977870e+33, e: -3.4414949731640447e+33
#ERR  p: [704, 49], r: 3.1511912252814069e+33, e: 1.8058332718771753e+33
#ERR  p: [705, 49], r: 3.9706547950426551e+34, e: 4.1509340222597222e+34
#ERR  p: [706, 49], r: 4.7653282441352018e+33, e: 5.7056439771156302e+32
#ERR  p: [707, 49], r: -1.8490903011849145e+33, e: -7.4534234318804979e+32
#ERR  p: [708, 49], r: 4.2368423568139783e+34, e: 4.3426649376042026e+34
#ERR  p: [709, 49], r: -1.5255608616178768e+33, e: -2.0934485234794950e+33
#ERR  p: [710, 49], r: 1.2920853083116521e+34, e: 1.4399369437876465e+34
#ERR  p: [711, 49], r: -2.7308249164933018e+34, e: -2.9917477668655521e+34
#ERR  p: [712, 49], r: -1.4573500559682425e+34, e: -1.3515698127273618e+34
#ERR  p: [713, 49], r: -4.3064935830705735e+31, e: -2.6317073284408569e+33
#ERR  p: [714, 49], r: 9.9836410315656313e+33, e: 1.2602799052343242e+34
#ERR  p: [715, 49], r: 4.3292446772263176e+34, e: 4.2900950710719253e+34
#ERR  p: [716, 49], r: -1.6034136108514931e+34, e: -1.5643275110211161e+34
#ERR  p: [717, 49], r: 4.7186467631937894e+33, e: 4.4422964564639568e+33
#ERR  p: [718, 49], r: -7.1802181118204698e+33, e: -6.8265089320356938e+33
#ERR  p: [719, 49], r: 3.0244072866729849e+33, e: 6.1322214024628419e+33
#ERR  p: [704, 50], r: -2.8252601820381556e+33, e: -3.5442916571162437e+33
#ERR  p: [705, 50], r: -2.9600644246760978e+33, e: -4.1375577087532319e+33
#ERR  p: [706, 50], r: -1.8614443857039649e+34, e: -1.3903846798951313e+34
#ERR  p: [707, 50], r: -3.6045295718398625e+34, e: -4.0203251584149181e+34
#ERR  p: [708, 50], r: 2.2387964871230367e+34, e: 2.3482348431800057e+34
#ERR  p: [709, 50], r: -6.0550705033344984e+33, e: -7.6933677789650064e+33
#ERR  p: [710, 50], r: -2.2208027810640158e+34, e: -2.2709997641289908e+34
#ERR  p: [711, 50], r: 6.7916590630197515e+33, e: 1.0553069928776160e+34
#ERR  p: [712, 50], r: 8.4432542905522630e+33, e: 5.4243542896290489e+33
#ERR  p: [713, 50], r: -2.4400585504179831e+34, e: -2.4315573685802025e+34
#ERR  p: [714, 50], r: -1.3469113205655269e+34, e: -1.3253714114699692e+34
#ERR  p: [715, 50], r: 1.3954633289062996e+34, e: 1.1635258542018850e+34
#ERR  p: [716, 50], r: -1.9590385028470632e+34, e: -2.0599959792828960e+34
#ERR  p: [717, 50], r: -3.2449545369729366e+34, e: -3.3181660633082661e+34
#ERR  p: [718, 50], r: -1.6986781724286642e+34, e: -1.6558088040442272e+34
#ERR  p: [719, 50], r: 3.7426581786593016e+34, e: 3.7855270518677229e+34
#ERR  p: [704, 51], r: 1.0256624760358627e+34, e: 7.6908392864347660e+33
#ERR  p: [705, 51], r: -4.2789357843817912e+34, e: -3.8734700646705485e+34
#ERR  p: [706, 51], r: -3.1555500121597307e+34, e: -3.0956542640629705e+34
#ERR  p: [707, 51], r: -1.2057534744699565e+34, e: -1.1134667776572864e+34
#ERR  p: [708, 51], r: 8.1960667562978957e+33, e: 1.0942055447920412e+34
#ERR  p: [709, 51], r: -1.8516600790154650e+34, e: -2.0591333826635219e+34
#ERR  p: [710, 51], r: -2.7375432170865035e+34, e: -3.1584799686447114e+34
#ERR  p: [711, 51], r: 1.2345391704094555e+34, e: 8.3810768951690958e+33
#ERR  p: [712, 51], r: 1.3638724608377799e+34, e: 1.5609891581171753e+34
#ERR  p: [713, 51], r: 5.2876014055752676e+34, e: 5.3360434848405517e+34
#ERR  p: [714, 51], r: -1.6801688643432810e+34, e: -1.8389187049551242e+34
#ERR  p: [715, 51], r: -5.0427831028650867e+33, e: -8.5352202371007542e+33
#ERR  p: [716, 51], r: -1.5519906957656138e+34, e: -1.4399872041532415e+34
#ERR  p: [717, 51], r: 2.6103352221176243e+33, e: 4.2549592998039100e+33
#ERR  p: [718, 51], r: -2.8673731690585892e+34, e: -2.7640650920761614e+34
#ERR  p: [719, 51], r: 5.1433230221256685e+33, e: 3.8140849049429915e+33
#ERR  p: [704, 52], r: 3.9652036498736659e+33, e: 6.0875039133937557e+33
#ERR  p: [705, 52], r: 2.4351966647076937e+34, e: 2.5523367409250728e+34
#ERR  p: [706, 52], r: -5.7181465525423929e+33, e: -3.5860814179924199e+33
#ERR  p: [707, 52], r: 1.9422862030594377e+34, e: 1.9277215909092374e+34
#ERR  p: [708, 52], r: -9.2332673905729159e+33, e: -1.0906729590959364e+34
#ERR  p: [709, 52], r: -1.4626593332087296e+34, e: -1.7924016224509289e+34
#ERR  p: [710, 52], r: 3.0846923050150984e+34, e: 3.3998371766960563e+34
#ERR  p: [711, 52], r: 6.8952146042160324e+33, e: 1.0847388935176220e+34
#ERR  p: [712, 52], r: 4.7000884326828504e+34, e: 4.8423881546706578e+34
#ERR  p: [713, 52], r: 2.9677847139370971e+34, e: 3.0308226014415715e+34
#ERR  p: [714, 52], r: -5.9574525867941448e+32, e: -1.8143472044973605e+33
#ERR  p: [715, 52], r: -1.8241432716162335e+34, e: -1.9392595634573889e+34
#ERR  p: [716, 52], r: -2.2240598013073756e+34, e: -2.2736571262173208e+34
#ERR  p: [717, 52], r: -2.1675230797132123e+34, e: -2.1253103147256123e+34
#ERR  p: [718, 52], r: 4.7591203462201974e+34, e: 4.7468340389182978e+34
#ERR  p: [719, 52], r: -2.9383180271819872e+34, e: -2.9349701421397438e+34
#ERR  p: [704, 53], r: -9.2829719210902632e+33, e: -8.4728713870221461e+33
#ERR  p: [705, 53], r: 1.7372739242094802e+34, e: 1.7049633178021200e+34
#ERR  p: [706, 53], r: 5.3927129136069264e+34, e: 5.4287508336785710e+34
#ERR  p: [707, 53], r: -1.0494668869482833e+34, e: -1.1953328666012639e+34
#ERR  p: [708, 53], r: -7.3352527705804137e+33, e: -5.7974093773777572e+33
#ERR  p: [709, 53], r: -6.2071848615417681e+34, e: -6.2915321537064853e+34
#ERR  p: [710, 53], r: -2.0705211930849081e+34, e: -1.7052955809086642e+34
#ERR  p: [711, 53], r: -1.2443773274896643e+34, e: -1.0703596009913026e+34
#ERR  p: [712, 53], r: -1.3974171696703037e+34, e: -1.5111128015223751e+34
#ERR  p: [713, 53], r: -4.9760678525769131e+34, e: -4.8268183352085577e+34
#ERR  p: [714, 53], r: 9.8505098648907833e+33, e: 1.3189299142695516e+34
#ERR  p: [715, 53], r: 5.5801513956591887e+34, e: 5.2598032144051066e+34
#ERR  p: [716, 53], r: 1.6249084589296209e+34, e: 1.6265279320890140e+34
#ERR  p: [717, 53], r: 1.9278716292419988e+34, e: 1.5043787790906745e+34
#ERR  p: [718, 53], r: 4.4978758790257407e+34, e: 4.5328957172090770e+34
#ERR  p: [719, 53], r: -1.8503010065433356e+33, e: 1.6353735707427257e+33
#ERR  p: [704, 54], r: 2.6197301966637689e+34, e: 2.8730067865893691e+34
#ERR  p: [705, 54], r: 2.1189463125716540e+34, e: 2.0668416639061402e+34
#ERR  p: [706, 54], r: -1.8310669464619527e+34, e: -1.7850636090740609e+34
#ERR  p: [707, 54], r: -1.6475641852795885e+33, e: -1.6101811814582584e+33
#ERR  p: [708, 54], r: 5.3038841547059922e+33, e: 5.0796532900251428e+33
#ERR  p: [709, 54], r: -3.0505942369850141e+34, e: -3.2182722249541874e+34
#ERR  p: [710, 54], r: 2.3378954132293893e+33, e: 5.6823403748461026e+33
#ERR  p: [711, 54], r: 2.6806383321246567e+34, e: 2.7206208243374802e+34
#ERR  p: [712, 54], r: 1.0269040679982640e+34, e: 6.5883763101986795e+33
#ERR  p: [713, 54], r: 1.7860249933085699e+34, e: 1.7848276577025731e+34
#ERR  p: [714, 54], r: -1.7820455112582831e+34, e: -1.7494634246003076e+34
#ERR  p: [715, 54], r: 8.6940306129805185e+33, e: 7.4233272526154114e+33
#ERR  p: [716, 54], r: 2.7886951470977833e+33, e: 2.5708177001835564e+32
#ERR  p: [717, 54], r: -1.8245255475003649e+34, e: -2.0788273993665013e+34
#ERR  p: [718, 54], r: -3.9106783332553334e+34, e: -3.8891171315911000e+34
#ERR  p: [719, 54], r: -2.5603036278418978e+34, e: -2.1619736421051038e+34
#ERR  p: [704, 55], r: 2.2509018075911927e+34, e: 2.4706577047210312e+34
#ERR  p: [705, 55], r: -1.0605341946934985e+34, e: -1.1080327160608393e+34
#ERR  p: [706, 55], r: -1.5710682183290290e+34, e: -1.6253538697557557e+34
#ERR  p: [707, 55], r: -2.9266415291434396e+34, e: -2.7984444200831714e+34
#ERR  p: [708, 55], r: 1.2322623510892018e+34, e: 1.0302240993896235e+34
#ERR  p: [709, 55], r: 1.0626796685755840e+34, e: 1.2136213261836386e+34
#ERR  p: [710, 55], r: 2.7153590839945016e+34, e: 2.6575403516956544e+34
#ERR  p: [711, 55], r: -1.6992189046378240e+34, e: -1.7260029753278025e+34
#ERR  p: [712, 55], r: 1.5949613276452643e+34, e: 1.6969903649791025e+34
#ERR  p: [713, 55], r: -2.1581927256371184e+34, e: -2.1302113193411431e+34
#ERR  p: [714, 55], r: -8.4875719249886600e+33, e: -1.0084354262431713e+34
#ERR  p: [715, 55], r: 3.8728718920435658e+34, e: 4.2542918644317293e+34
#ERR  p: [716, 55], r: -6.3461802739767149e+34, e: -6.3854487223748786e+34
#ERR  p: [717, 55], r: 4.5141545429543356e+32, e: 1.6827742948469629e+33
#ERR  p: [718, 55], r: -1.1892015971746913e+34, e: -1.3033646751855969e+34
#ERR  p: [719, 55], r: 2.6838639086910187e+34, e: 2.6326983613393068e+34
#ERR  p: [704, 56], r: -1.4880727566872114e+34, e: -1.4834616776288812e+34
#ERR  p: [705, 56], r: 3.1944222578483211e+32, e: 1.7809559383327061e+33
#ERR  p: [706, 56], r: 7.0352968042114679e+32, e: 2.0949040314806848e+32
#ERR  p: [707, 56], r: -8.7804963919344648e+33, e: -7.8628275340327232e+33
#ERR  p: [708, 56], r: -1.1581756011460975e+34, e: -1.1602303340233034e+34
#ERR  p: [709, 56], r: 4.8902246336687234e+33, e: 2.1721760939903733e+33
#ERR  p: [710, 56], r: 2.1274103562082560e+34, e: 2.3272668623825978e+34
#ERR  p: [711, 56], r: 1.3390667421245833e+34, e: 1.4615319412149524e+34
#ERR  p: [712, 56], r: 6.9849714467644189e+32, e: 3.7392158387920608e+33
#ERR  p: [713, 56], r: -4.2405898489009030e+34, e: -3.9729761802043230e+34
#ERR  p: [714, 56], r: -2.4069327604947534e+34, e: -2.4117394340792907e+34
#ERR  p: [715, 56], r: -2.9039451983601834e+33, e: -6.3078974734378302e+33
#ERR  p: [716, 56], r: 7.5845937015331179e+33, e: 8.8122192244111724e+33
#ERR  p: [717, 56], r: -4.4926349360754221e+34, e: -4.6876436690559224e+34
#ERR  p: [718, 56], r: -1.0386945803144297e+34, e: -9.3459341704583373e+33
#ERR  p: [719, 56], r: 6.5348037122345811e+34, e: 6.2565019168268191e+34
#ERR  p: [704, 57], r: 2.6970858510746102e+34, e: 2.6558042645845606e+34
#ERR  p: [705, 57], r: 1.8804736286058480e+34, e: 1.9419957823262214e+34
#ERR  p: [706, 57], r: -5.9990679528672867e+33, e: -7.2435399827699563e+33
#ERR  p: [707, 57], r: -2.8792747245962789e+34, e: -2.8298056502744036e+34
#ERR  p: [708, 57], r: -3.3625298729081285e+34, e: -3.1700311871512833e+34
#ERR  p: [709, 57], r: -1.5922745025839993e+34, e: -1.4203034623525882e+34
#ERR  p: [710, 57], r: -9.4543127260476741e+33, e: -1.1740852351489814e+34
#ERR  p: [711, 57], r: -2.0887503862879021e+33, e: -5.4465722184841233e+33
#ERR  p: [712, 57], r: 5.3608832469048286e+33, e: 4.7657407876532936e+33
#ERR  p: [713, 57], r: 1.0335584289884367e+34, e: 9.8156643286649784e+33
#ERR  p: [714, 57], r: 1.6564181181315634e+34, e: 1.6614843877423389e+34
#ERR  p: [715, 57], r: -5.9297717832882090e+33, e: -6.0499670955225444e+33
#ERR  p: [716, 57], r: 5.0603479245974972e+33, e: 6.2729819935998057e+33
#ERR  p: [717, 57], r: -1.2314683363480042e+34, e: -1.1059664703412680e+34
#ERR  p: [718, 57], r: -5.2325169114411900e+33, e: -3.5127446121251147e+33
#ERR  p: [719, 57], r: 1.2610101660634987e+34, e: 1.3251749503857346e+34
#ERR  p: [704, 58], r: -3.4161493887997158e+33, e: -8.2386611781996075e+32
#ERR  p: [705, 58], r: -1.8806349321929669e+34, e: -2.2420782661671822e+34
#ERR  p: [706, 58], r: -1.9873115678162942e+34, e: -1.8922357920951141e+34
#ERR  p: [707, 58], r: -1.9634106594778113e+34, e: -2.1884838804583924e+34
#ERR  p: [708, 58], r: 1.5039693923196828e+34, e: 1.4458505833553127e+34
#ERR  p: [709, 58], r: 9.2960705646459418e+33, e: 1.1144354657380272e+34
#ERR  p: [710, 58], r: -4.2496732958361614e+33, e: -2.5876700874233581e+33
#ERR  p: [711, 58], r: 3.2335476622749454e+34, e: 3.4674192944967394e+34
#ERR  p: [712, 58], r: -5.1175853202538960e+32, e: -3.8431814476263550e+33
#ERR  p: [713, 58], r: 2.4947039472201262e+34, e: 2.3215347048246908e+34
#ERR  p: [714, 58], r: -3.8293966758039025e+34, e: -3.7028549401641666e+34
#ERR  p: [715, 58], r: -1.2962241132449949e+34, e: -1.4237864066531176e+34
#ERR  p: [716, 58], r: -2.6100841678776572e+34, e: -2.4773675873219659e+34
#ERR  p: [717, 58], r: 5.5897053217063775e+34, e: 5.3151896421147659e+34
#ERR  p: [718, 58], r: 5.5863455524397570e+33, e: 8.0652511564665310e+33
#ERR  p: [719, 58], r: -6.6330219987454871e+33, e: -6.1556556074065141e+33
#ERR  p: [704, 59], r: -6.6282986385255937e+33, e: -8.2854943067958323e+33
#ERR  p: [705, 59], r: -2.1397625219202455e+34, e: -2.4982080602953274e+34
#ERR  p: [706, 59], r: -1.7167473928300814e+34, e: -1.7594271088004999e+34
#ERR  p: [707, 59], r: -7.0928368762074720e+34, e: -7.2705060306457098e+34
#ERR  p: [708, 59], r: -3.8177501359143056e+33, e: -3.3378360639744833e+33
#ERR  p: [709, 59], r: 4.0320638010434378e+34, e: 4.5429685877207343e+34
#ERR  p: [710, 59], r: -1.4094419311904032e+33, e: -3.2343597509407166e+33
#ERR  p: [711, 59], r: -4.8416632169836522e+34, e: -4.7650961303778357e+34
#ERR  p: [712, 59], r: -3.0917728268637951e+34, e: -3.1177477799440967e+34
#ERR  p: [713, 59], r: 3.4064663456064295e+34, e: 3.5005730618648569e+34
#ERR  p: [714, 59], r: -1.8620702881878276e+34, e: -1.5605418903809814e+34
#ERR  p: [715, 59], r: -1.8127352827722070e+34, e: -1.5446868495338300e+34
#ERR  p: [716, 59], r: -8.1510738255700686e+33, e: -7.0693147775210105e+33
#ERR  p: [717, 59], r: -2.7941450543267332e+34, e: -2.8521363554670569e+34
#ERR  p: [718, 59], r: 8.7342457141267238e+33, e: 7.4490213171007991e+33
#ERR  p: [719, 59], r: 4.8098606611684147e+33, e: 4.0165722812888225e+33
#ERR  p: [704, 60], r: 4.2012911947657807e+33, e: 3.0710438922879732e+33
#ERR  p: [705, 60], r: 1.0001445704180653e+34, e: 1.0252654686652639e+34
#ERR  p: [706, 60], r: 1.5388651889110827e+34, e: 1.2566034709056545e+34
#ERR  p: [707, 60], r: -1.3258807000021312e+34, e: -1.2897131676083734e+34
#ERR  p: [708, 60], r: -2.1685277918490963e+34, e: -2.1078301061948870e+34
#ERR  p: [709, 60], r: 8.1616192177947211e+33, e: 1.0613543299695251e+34
#ERR  p: [710, 60], r: 1.9667292672381256e+33, e: 2.2222054290255281e+33
#ERR  p: [711, 60], r: 3.4702066402891944e+34, e: 3.3676314238100235e+34
#ERR  p: [712, 60], r: 1.7013122612442556e+34, e: 1.8607088017326215e+34
#ERR  p: [713, 60], r: 8.3646382893874253e+33, e: 9.5745872664445238e+33
#ERR  p: [714, 60], r: -4.9754553198454747e+34, e: -4.7650391851360286e+34
#ERR  p: [715, 60], r: 1.3414940330566122e+33, e: 2.4860511486760341e+33
#ERR  p: [716, 60], r: 1.5986378857679380e+34, e: 1.7502206725223385e+34
#ERR  p: [717, 60], r: -3.5327661877624890e+34, e: -3.5854383081420112e+34
#ERR  p: [718, 60], r: 3.4282709262823864e+34, e: 3.3997393794329527e+34
#ERR  p: [719, 60], r: -9.1759439580837867e+33, e: -9.0702882516108581e+33
#ERR  p: [704, 61], r: 3.8577752132644806e+34, e: 3.7151818518993547e+34
#ERR  p: [705, 61], r: 2.4823442919708990e+33, e: 1.6203220767750744e+33
#ERR  p: [706, 61], r: 1.2427122981368254e+34, e: 1.1021105347069019e+34
#ERR  p: [707, 61], r: -7.5760191098510077e+33, e: -3.6232824446279751e+33
#ERR  p: [708, 61], r: -1.2632233397914826e+33, e: 4.2834806645965206e+32
#ERR  p: [709, 61], r: 6.7461499112955423e+33, e: 6.3667881380166947e+33
#ERR  p: [710, 61], r: 1.0002393966250746e+34, e: 1.0088673435228780e+34
#ERR  p: [711, 61], r: -1.2239958826828698e+34, e: -1.6343398289129205e+34
#ERR  p: [712, 61], r: 2.2939628090937111e+34, e: 2.2123758756285924e+34
#ERR  p: [713, 61], r: -9.8268324047293915e+33, e: -9.5150621575955256e+33
#ERR  p: [714, 61], r: -8.0284558646788517e+32, e: -9.0024237596872139e+31
#ERR  p: [715, 61], r: 1.8343124538629472e+34, e: 1.7338707032474808e+34
#ERR  p: [716, 61], r: -6.5401065521868640e+34, e: -6.7748051283549006e+34
#ERR  p: [717, 61], r: -2.6002707695982341e+34, e: -2.4923595363737275e+34
#ERR  p: [718, 61], r: 1.7764690865573182e+34, e: 1.6948309023745731e+34
#ERR  p: [719, 61], r: 1.9160972101463437e+34, e: 2.0573346557864403e+34
#ERR  p: [704, 62], r: 2.3073486547385039e+34, e: 2.4519212346384392e+34
#ERR  p: [705, 62], r: 6.6605358350886243e+33, e: 3.8267289150192425e+33
#ERR  p: [706, 62], r: 1.5044967547764184e+34, e: 1.4196154152787534e+34
#ERR  p: [707, 62], r: -1.5439995452240188e+34, e: -1.2523096758793932e+34
#ERR  p: [708, 62], r: 4.8920100526903828e+33, e: 4.4667962182964439e+33
#ERR  p: [709, 62], r: 4.8426401992626563e+34, e: 4.7023677278831827e+34
#ERR  p: [710, 62], r: 3.6051963263450216e+34, e: 3.8904635151778267e+34
#ERR  p: [711, 62], r: 8.6959283750607430e+33, e: 8.9525335381639738e+33
#ERR  p: [712, 62], r: -8.8259380759265329e+33, e: -1.0071186913203854e+34
#ERR  p: [713, 62], r: -1.0007975837887884e+34, e: -6.4762511290804455e+33
#ERR  p: [714, 62], r: -3.5074579891873465e+34, e: -3.4611347680933033e+34
#ERR  p: [715, 62], r: 3.7196750790659450e+34, e: 3.4228715270070393e+34
#ERR  p: [716, 62], r: -2.9535479083092995e+34, e: -3.1768717962203664e+34
#ERR  p: [717, 62], r: -5.3545022849723321e+32, e: -1.8427050064622805e+33
#ERR  p: [718, 62], r: 3.1304757842520132e+34, e: 3.2657524248089467e+34
#ERR  p: [719, 62], r: -3.6956766210523664e+34, e: -3.8681261251089613e+34
#ERR  p: [704, 63], r: 1.2166425188495146e+34, e: 1.4448946460569766e+34
#ERR  p: [705, 63], r: 4.0133694209221814e+33, e: 2.0691689602314957e+33
#ERR  p: [706, 63], r: -4.7782435487710622e+34, e: -4.6504861560127481e+34
#ERR  p: [707, 63], r: 1.5672287472971854e+34, e: 1.5829929233454532e+34
#ERR  p: [708, 63], r: 5.3836729802640489e+34, e: 5.1992070398341186e+34
#ERR  p: [709, 63], r: 5.0788193517176782e+34, e: 4.8244385192770355e+34
#ERR  p: [710, 63], r: 4.0878293478901283e+33, e: 7.1491235339136997e+33
#ERR  p: [711, 63], r: -4.1667784168225358e+34, e: -4.0247688679799369e+34
#ERR  p: [712, 63], r: -4.7512445716902638e+34, e: -5.0069098907156691e+34
#ERR  p: [713, 63], r: 2.1425254183969246e+33, e: -5.8819560397858014e+32
#ERR  p: [714, 63], r: -1.3086069798699587e+34, e: -1.2448342511581645e+34
#ERR  p: [715, 63], r: -2.1715141983998684e+34, e: -2.4893808050511991e+34
#ERR  p: [716, 63], r: 1.4620209275304702e+34, e: 1.2746631591687693e+34
#ERR  p: [717, 63], r: -2.4342704379703003e+34, e: -2.8485535094053571e+34
#ERR  p: [718, 63], r: 8.5655732889239925e+33, e: 8.2260261431886412e+33
#ERR  p: [719, 63], r: -2.6832117618783232e+34, e: -2.4890388860123484e+34
#ERR  p: [1344, 64], r: 9.3467864921753853e+33, e: 1.0002154424853144e+34
#ERR  p: [1345, 64], r: 8.4417197091310638e+32, e: 4.8639867266498271e+32
#ERR  p: [1346, 64], r: -1.6934031861272652e+34, e: -1.6919443975849714e+34
#ERR  p: [1347, 64], r: -3.3093888208417249e+34, e: -3.3537994245750722e+34
#ERR  p: [1348, 64], r: 2.6597114509365531e+34, e: 2.6777648257054675e+34
#ERR  p: [1349, 64], r: -3.1526812099126908e+34, e: -3.1011680489979476e+34
#ERR  p: [1350, 64], r: 1.4420902166919795e+34, e: 1.6344207901914897e+34
#ERR  p: [1351, 64], r: -2.6044270294861309e+34, e: -2.4936269393859479e+34
#ERR  p: [1352, 64], r: -6.6809599888267742e+33, e: -6.6142325448292136e+33
#ERR  p: [1353, 64], r: -1.0501085112706449e+34, e: -8.5089845738481792e+33
#ERR  p: [1354, 64], r: -4.9479373983002078e+34, e: -5.0970027101907176e+34
#ERR  p: [1355, 64], r: 8.6617240917752880e+33, e: 5.3369940989967189e+33
#ERR  p: [1356, 64], r: -4.4941209592985803e+33, e: -5.7805195424517671e+33
#ERR  p: [1357, 64], r: 1.7944775241028065e+34, e: 2.0834607613455386e+34
#ERR  p: [1358, 64], r: -1.2076539600182674e+34, e: -1.4555383307207484e+34
#ERR  p: [1359, 64], r: 1.3461152013262625e+34, e: 1.0877038837057144e+34
#ERR  p: [1344, 65], r: 1.0027514864497944e+34, e: 1.2521811777033154e+34
#ERR  p: [1345, 65], r: 3.7807300342154921e+34, e: 3.5899956606026364e+34
#ERR  p: [1346, 65], r: -1.8188771984831175e+34, e: -1.8561887112671788e+34
#ERR  p: [1347, 65], r: 3.0513600266933160e+34, e: 2.7861964889224897e+34
#ERR  p: [1348, 65], r: 3.4042985888036368e+33, e: 1.2362446804015789e+33
#ERR  p: [1349, 65], r: 3.5368518850681464e+34, e: 3.6614629294226128e+34
#ERR  p: [1350, 65], r: 7.8889728276624304e+33, e: 8.1249489579510096e+33
#ERR  p: [1351, 65], r: 3.1979618379056479e+34, e: 3.1539664392614769e+34
#ERR  p: [1352, 65], r: -3.3117723505933650e+34, e: -3.2824353999543722e+34
#ERR  p: [1353, 65], r: -3.2819508702229959e+34, e: -3.2342198637162774e+34
#ERR  p: [1354, 65], r: -2.1873724578911220e+34, e: -1.9314383820831878e+34
#ERR  p: [1355, 65], r: 8.4459678551183765e+33, e: 8.2812772640520067e+33
#ERR  p: [1356, 65], r: -1.2593778183276970e+34, e: -1.0714362374434691e+34
#ERR  p: [1357, 65], r: 1.0517445728265644e+34, e: 8.6210422872342722e+33
#ERR  p: [1358, 65], r: -6.7175033598164590e+33, e: -2.6618777841083005e+33
#ERR  p: [1359, 65], r: 7.9483320525461644e+33, e: 9.7616567185710751e+33
#ERR  p: [1344, 66], r: -1.9818599274712892e+34, e: -2.0269749190869899e+34
#ERR  p: [1345, 66], r: 6.8045912036401462e+33, e: 6.9031213272469482e+33
#ERR  p: [1346, 66], r: 1.3705569656679091e+34, e: 1.3754954798666303e+34
#ERR  p: [1347, 66], r: -4.8584801372413284e+33, e: -7.5737852470501172e+33
#ERR  p: [1348, 66], r: -3.2376147904800136e+34, e: -3.0140551987854668e+34
#ERR  p: [1349, 66], r: -5.4122114595777026e+34, e: -5.2632159675054085e+34
#ERR  p: [1350, 66], r: 2.2501228957184743e+34, e: 2.4947680725141612e+34
#ERR  p: [1351, 66], r: -1.3020060359924812e+34, e: -1.5915716002296931e+34
#ERR  p: [1352, 66], r: 7.7091125193546575e+33, e: 1.2657449153317535e+34
#ERR  p: [1353, 66], r: -1.3507238045045141e+34, e: -1.1733068184522788e+34
#ERR  p: [1354, 66], r: 3.6785925533342125e+34, e: 3.8317257361938140e+34
#ERR  p: [1355, 66], r: -4.2167317732877794e+34, e: -3.7819684694307932e+34
#ERR  p: [1356, 66], r: 3.3784881579545563e+34, e: 3.1776863607662162e+34
#ERR  p: [1357, 66], r: 5.3346005419307607e+33, e: 1.5210191690987485e+33
#ERR  p: [1358, 66], r: -1.7441443676335101e+34, e: -1.7195375858846268e+34
#ERR  p: [1359, 66], r: -2.7809394527516604e+34, e: -2.3814661055945825e+34
#ERR  p: [1344, 67], r: -3.7953132154662817e+34, e: -3.8350065248859281e+34
#ERR  p: [1345, 67], r: -1.2052020959764588e+34, e: -1.5512475603600307e+34
#ERR  p: [1346, 67], r: -1.1097965330288131e+34, e: -1.1039112422880464e+34
#ERR  p: [1347, 67], r: -4.8671141500453243e+33, e: -5.9408364913593417e+33
#ERR  p: [1348, 67], r: -2.2120772844911167e+34, e: -2.4191787109513723e+34
#ERR  p: [1349, 67], r: 5.4394949152795288e+33, e: 6.0826518074097767e+33
#ERR  p: [1350, 67], r: -4.5821761294689651e+34, e: -4.7553193751235755e+34
#ERR  p: [1351, 67], r: -2.2735048595924887e+34, e: -2.0150448909283967e+34
#ERR  p: [1352, 67], r: -1.0210746702502711e+34, e: -1.3554971775019946e+34
#ERR  p: [1353, 67], r: 1.8769675348265839e+34, e: 1.8308438696668735e+34
#ERR  p: [1354, 67], r: -7.8761261049047464e+34, e: -7.7312950431246083e+34
#ERR  p: [1355, 67], r: -1.3428980427521677e+34, e: -1.4507973917522971e+34
#ERR  p: [1356, 67], r: 7.2343606573786552e+33, e: 8.2766096111338812e+33
#ERR  p: [1357, 67], r: 9.8619391463034856e+33, e: 1.4064729486456841e+34
#ERR  p: [1358, 67], r: 8.5744369396052758e+33, e: 8.3492927846604437e+33
#ERR  p: [1359, 67], r: -6.3663059603713930e+33, e: -6.4932975634214052e+33
#ERR  p: [1344, 68], r: 1.1906197812836966e+31, e: -1.3624501915266449e+33
#ERR  p: [1345, 68], r: 2.4005680155767716e+34, e: 2.4836444384971585e+34
#ERR  p: [1346, 68], r: 1.6596267349193872e+34, e: 1.5892201331250705e+34
#ERR  p: [1347, 68], r: -3.5154473447158845e+33, e: -2.1936924203281827e+33
#ERR  p: [1348, 68], r: -1.9602244494046986e+34, e: -1.4758775617722032e+34
#ERR  p: [1349, 68], r: 2.5104134063186577e+34, e: 2.5044470305053178e+34
#ERR  p: [1350, 68], r: -3.1104231363196529e+34, e: -2.9687562492799283e+34
#ERR  p: [1351, 68], r: 3.0966230759377152e+34, e: 2.9729266216842729e+34
#ERR  p: [1352, 68], r: 1.0973632822442503e+34, e: 1.3725774076060268e+34
#ERR  p: [1353, 68], r: 2.6173688879358340e+32, e: 3.9073386186173493e+33
#ERR  p: [1354, 68], r: -1.8293561442761613e+33, e: -3.8499043904947041e+33
#ERR  p: [1355, 68], r: 2.0888361445841236e+34, e: 2.2554566841717393e+34
#ERR  p: [1356, 68], r: 3.6875052264410515e+33, e: 1.3885844984385035e+33
#ERR  p: [1357, 68], r: -2.9478818567494903e+34, e: -3.0272709514688618e+34
#ERR  p: [1358, 68], r: -1.3865743004542109e+34, e: -1.5425762855608524e+34
#ERR  p: [1359, 68], r: 8.5753537889468715e+31, e: 1.3004289313309326e+33
#ERR  p: [1344, 69], r: -4.9412975831054968e+34, e: -4.8535726953375933e+34
#ERR  p: [1345, 69], r: -4.5926530636094451e+34, e: -4.5195952894269948e+34
#ERR  p: [1346, 69], r: -8.1281261310618355e+33, e: -7.0853609563102276e+33
#ERR  p: [1347, 69], r: -7.4475122681929102e+33, e: -9.0128007920665236e+33
#ERR  p: [1348, 69], r: 3.2899407828245516e+34, e: 3.1736873192633087e+34
#ERR  p: [1349, 69], r: 4.2547226675654006e+34, e: 4.5174833637199740e+34
#ERR  p: [1350, 69], r: -3.0070764356079994e+34, e: -2.7308345724256082e+34
#ERR  p: [1351, 69], r: -2.3903609523648558e+34, e: -2.4516469071257335e+34
#ERR  p: [1352, 69], r: -4.5120531397376487e+33, e: -4.1920926813038707e+33
#ERR  p: [1353, 69], r: 1.7281519154419980e+34, e: 2.3264097126993966e+34
#ERR  p: [1354, 69], r: 3.0081180383570541e+34, e: 2.8725210189179535e+34
#ERR  p: [1355, 69], r: -1.8934383270492759e+34, e: -2.0536386620051498e+34
#ERR  p: [1356, 69], r: 9.2475148424850513e+33, e: 7.6518980255889854e+33
#ERR  p: [1357, 69], r: 2.6969642853627523e+34, e: 2.8173113690459041e+34
#ERR  p: [1358, 69], r: 2.5355968205378402e+34, e: 2.3879553872805164e+34
#ERR  p: [1359, 69], r: 2.0764551348692187e+34, e: 1.9666874867617997e+34
#ERR  p: [1344, 70], r: -2.8288866035892382e+34, e: -2.9992360661631893e+34
#ERR  p: [1345, 70], r: -1.2997100286016186e+34, e: -1.3107003364763903e+34
#ERR  p: [1346, 70], r: -7.9364503040491033e+33, e: -9.8256934998932489e+33
#ERR  p: [1347, 70], r: -4.0515695270664418e+34, e: -4.0333173391272182e+34
#ERR  p: [1348, 70], r: 4.8527457513913507e+34, e: 4.7758889868163414e+34
#ERR  p: [1349, 70], r: -3.3519308778797749e+34, e: -3.2363132203227089e+34
#ERR  p: [1350, 70], r: -2.9925244504461997e+34, e: -3.0625601654047465e+34
#ERR  p: [1351, 70], r: -1.0563041535792604e+34, e: -8.0408080303908412e+33
#ERR  p: [1352, 70], r: 1.5048113153404008e+34, e: 1.5287025677465772e+34
#ERR  p: [1353, 70], r: 2.1168113611799024e+34, e: 2.2589340577420919e+34
#ERR  p: [1354, 70], r: 4.2470296129852655e+34, e: 4.2997688297149170e+34
#ERR  p: [1355, 70], r: -1.4517038114490619e+34, e: -1.7909986650044068e+34
#ERR  p: [1356, 70], r: 3.0755313011363788e+34, e: 2.9563374823938252e+34
#ERR  p: [1357, 70], r: -6.3645260501829085e+34, e: -6.1315437540853371e+34
#ERR  p: [1358, 70], r: -1.2281408773164090e+34, e: -1.3572414350173477e+34
#ERR  p: [1359, 70], r: -1.3543586440478639e+34, e: -1.4684439794243024e+34
#ERR  p: [1344, 71], r: -4.3899601892170927e+34, e: -4.5187277410474637e+34
#ERR  p: [1345, 71], r: -4.6875055149475381e+34, e: -4.5159973404968158e+34
#ERR  p: [1346, 71], r: -5.8625497822449539e+33, e: -4.4288830666532899e+33
#ERR  p: [1347, 71], r: -2.2726071054759990e+34, e: -2.3062661999681527e+34
#ERR  p: [1348, 71], r: 3.7004313011552537e+34, e: 3.8031570511432017e+34
#ERR  p: [1349, 71], r: 3.2862888597086597e+34, e: 3.2577459238108646e+34
#ERR  p: [1350, 71], r: 3.9178259514541594e+34, e: 4.1249543650072713e+34
#ERR  p: [1351, 71], r: -5.1092481035743188e+33, e: -3.1687876144848191e+33
#ERR  p: [1352, 71], r: 1.3092166034423048e+33, e: 3.5624157182614013e+33
#ERR  p: [1353, 71], r: -6.9165746406238820e+33, e: -6.1378088448301564e+33
#ERR  p: [1354, 71], r: -7.8993399565214258e+33, e: -7.9167775799147997e+33
#ERR  p: [1355, 71], r: 1.1918948595241606e+34, e: 1.0150248572782835e+34
#ERR  p: [1356, 71], r: 2.9444592001288741e+34, e: 2.8766062210475953e+34
#ERR  p: [1357, 71], r: -3.0897185891626049e+34, e: -3.1091418683789925e+34
#ERR  p: [1358, 71], r: -2.3360002817717483e+34, e: -2.5982393099937668e+34
#ERR  p: [1359, 71], r: -1.0490239520022270e+34, e: -1.1661439735909696e+34
#ERR  p: [1344, 72], r: 7.6468961288602528e+33, e: 8.0520887589988292e+33
#ERR  p: [1345, 72], r: 4.0782493632051125e+34, e: 4.1445247115003260e+34
#ERR  p: [1346, 72], r: -3.6124575874394539e+34, e: -3.6677509220581590e+34
#ERR  p: [1347, 72], r: 7.7132187664649671e+33, e: 7.3437035682585954e+33
#ERR  p: [1348, 72], r: 2.1754837769298409e+34, e: 1.9993885394575505e+34
#ERR  p: [1349, 72], r: 1.3353245731798276e+34, e: 1.6394856980682219e+34
#ERR  p: [1350, 72], r: 1.8283704654683813e+34, e: 1.7498348066120932e+34
#ERR  p: [1351, 72], r: 1.9155203300880367e+34, e: 1.9336732352361097e+34
#ERR  p: [1352, 72], r: 1.6535858351156824e+34, e: 1.4966536618635219e+34
#ERR  p: [1353, 72], r: -1.9803210442084535e+34, e: -1.9397839548580302e+34
#ERR  p: [1354, 72], r: 3.2926531094506259e+33, e: 4.2714047142557966e+33
#ERR  p: [1355, 72], r: 2.8122481942852269e+34, e: 2.6577448593901443e+34
#ERR  p: [1356, 72], r: -6.9679737872610071e+34, e: -7.0086584390641133e+34
#ERR  p: [1357, 72], r: 2.2375241323506591e+34, e: 2.2757447882995717e+34
#ERR  p: [1358, 72], r: -2.8656187604349140e+34, e: -3.0414203585298858e+34
#ERR  p: [1359, 72], r: -1.6151761457227710e+34, e: -1.4307094625288172e+34
#ERR  p: [1344, 73], r: 4.5004463377233129e+34, e: 4.5133139816676608e+34
#ERR  p: [1345, 73], r: 2.5222355170543262e+33, e: -1.0637399023222300e+33
#ERR  p: [1346, 73], r: 3.3042222780877674e+33, e: -1.1023015024322122e+33
#ERR  p: [1347, 73], r: -3.0621125262865409e+34, e: -3.1121713552431317e+34
#ERR  p: [1348, 73], r: -1.5652677264809534e+34, e: -1.3486821937917247e+34
#ERR  p: [1349, 73], r: 2.3536877214650499e+34, e: 2.3904493412836607e+34
#ERR  p: [1350, 73], r: 3.1051631290927293e+34, e: 3.2855985843427542e+34
#ERR  p: [1351, 73], r: 1.1684789760930697e+34, e: 1.1935744965694630e+34
#ERR  p: [1352, 73], r: 1.4417865190518418e+33, e: 4.7952105692585017e+33
#ERR  p: [1353, 73], r: -1.2992500100830202e+34, e: -1.1991915257037164e+34
#ERR  p: [1354, 73], r: -2.1934386116716282e+34, e: -1.9950599583161853e+34
#ERR  p: [1355, 73], r: 1.3292101397377892e+34, e: 1.1951299682288250e+34
#ERR  p: [1356, 73], r: 1.6672004520797352e+34, e: 1.4088613063634774e+34
#ERR  p: [1357, 73], r: -1.0937562963517845e+34, e: -9.2422665956885010e+33
#ERR  p: [1358, 73], r: -5.3400183865126931e+33, e: -4.4542989041148482e+33
#ERR  p: [1359, 73], r: -1.4660084561910123e+34, e: -1.4273745758569863e+34
#ERR  p: [1344, 74], r: -4.0844426534276533e+33, e: -3.0143422151835751e+33
#ERR  p: [1345, 74], r: -2.1911402521946909e+34, e: -2.2250612947991575e+34
#ERR  p: [1346, 74], r: -2.0604749382840955e+34, e: -2.1774909729095382e+34
#ERR  p: [1347, 74], r: 4.6640935929245730e+34, e: 4.9344601926805158e+34
#ERR  p: [1348, 74], r: -7.3752233785688601e+33, e: -9.6374486236993961e+33
#ERR  p: [1349, 74], r: -3.4891466277142450e+34, e: -3.6916736181413332e+34
#ERR  p: [1350, 74], r: 1.4523088546432626e+33, e: -2.4759034446890021e+33
#ERR  p: [1351, 74], r: -3.4467760253716361e+33, e: -3.1348974584843327e+33
#ERR  p: [1352, 74], r: 9.6968784111653694e+33, e: 4.8743093670386607e+33
#ERR  p: [1353, 74], r: -1.2062115122844920e+34, e: -1.2011436333516656e+34
#ERR  p: [1354, 74], r: -1.2473686858005934e+34, e: -1.4408916431459434e+34
#ERR  p: [1355, 74], r: 2.5272862814661095e+34, e: 2.3303572558966698e+34
#ERR  p: [1356, 74], r: 1.0990316540351953e+34, e: 1.2367212873167038e+34
#ERR  p: [1357, 74], r: -7.9018102658698198e+33, e: -5.8975964837271427e+33
#ERR  p: [1358, 74], r: -2.6797395876561355e+34, e: -2.6564757232618690e+34
#ERR  p: [1359, 74], r: 2.9983326175225189e+34, e: 2.9415745522493313e+34
#ERR  p: [1344, 75], r: -1.2289160753690095e+34, e: -1.3488130440538771e+34
#ERR  p: [1345, 75], r: -1.3834294375784103e+34, e: -1.3971591829661166e+34
#ERR  p: [1346, 75], r: 1.2744337688794897e+34, e: 1.2209894215034613e+34
#ERR  p: [1347, 75], r: 6.8679304057501827e+32, e: 1.4639711782683604e+33
#ERR  p: [1348, 75], r: 1.6222934343906344e+34, e: 1.2894380973316442e+34
#ERR  p: [1349, 75], r: 2.2593435683070875e+34, e: 2.3669049596764921e+34
#ERR  p: [1350, 75], r: 2.7998544337879174e+34, e: 2.5657540302468634e+34
#ERR  p: [1351, 75], r: 9.8777105024039813e+33, e: 1.2559239656180908e+34
#ERR  p: [1352, 75], r: 3.9966017706780688e+34, e: 3.4692247062500332e+34
#ERR  p: [1353, 75], r: -1.1406490936579030e+34, e: -1.1587893718175752e+34
#ERR  p: [1354, 75], r: -4.3124418694850893e+34, e: -4.4512520860901590e+34
#ERR  p: [1355, 75], r: -3.0836611009623737e+34, e: -3.4249520090370623e+34
#ERR  p: [1356, 75], r: -2.5472290622199833e+33, e: -3.2527459458891929e+33
#ERR  p: [1357, 75], r: 1.7512537334851221e+34, e: 2.2566265375088640e+34
#ERR  p: [1358, 75], r: -3.2565438840327185e+34, e: -3.3133281936347389e+34
#ERR  p: [1359, 75], r: 2.0695682268426662e+34, e: 1.7618755066101986e+34
#ERR  p: [1344, 76], r: 3.7900988882268077e+33, e: 6.7468908184090546e+33
#ERR  p: [1345, 76], r: -3.4310548058427314e+34, e: -3.5781780373996103e+34
#ERR  p: [1346, 76], r: -2.9377787805008745e+34, e: -3.0218391181644854e+34
#ERR  p: [1347, 76], r: 5.1979889068354618e+33, e: 3.0822141347474550e+33
#ERR  p: [1348, 76], r: -2.9172235289125643e+34, e: -2.8291465709974881e+34
#ERR  p: [1349, 76], r: 3.6702156606763762e+34, e: 3.7758223447237491e+34
#ERR  p: [1350, 76], r: -3.1067100589658203e+34, e: -2.9496815739786034e+34
#ERR  p: [1351, 76], r: -1.2861163328242298e+34, e: -1.3104258851696807e+34
#ERR  p: [1352, 76], r: 1.1905234695486402e+34, e: 1.1461715441731550e+34
#ERR  p: [1353, 76], r: 3.6972386537939367e+34, e: 3.9114656631203189e+34
#ERR  p: [1354, 76], r: -1.3389558226970634e+34, e: -1.5498697330963061e+34
#ERR  p: [1355, 76], r: -8.3032729826700293e+33, e: -1.1838861302340077e+34
#ERR  p: [1356, 76], r: 5.0423258697115767e+34, e: 4.8681318605516208e+34
#ERR  p: [1357, 76], r: 1.0507435745107983e+34, e: 1.1147740423387717e+34
#ERR  p: [1358, 76], r: -2.1789732823125785e+34, e: -2.2376417366543913e+34
#ERR  p: [1359, 76], r: 5.5412096396373924e+33, e: 6.3463621273684859e+33
#ERR  p: [1344, 77], r: -2.7661646383827894e+34, e: -2.6575250012391673e+34
#ERR  p: [1345, 77], r: 6.9973570368574692e+33, e: 7.9164061979030141e+33
#ERR  p: [1346, 77], r: -2.7980298339640147e+33, e: -1.2254085270101993e+33
#ERR  p: [1347, 77], r: 4.0550836674559612e+33, e: 3.8956629871368293e+33
#ERR  p: [1348, 77], r: -2.9223320122786794e+33, e: -4.4710432810862222e+33
#ERR  p: [1349, 77], r: -4.8311259951632590e+33, e: -4.2826120949164570e+33
#ERR  p: [1350, 77], r: 2.3976269176314374e+34, e: 2.2825247383067299e+34
#ERR  p: [1351, 77], r: 2.5785595296012393e+34, e: 2.7676853239270475e+34
#ERR  p: [1352, 77], r: 1.2028977943873329e+34, e: 8.5969971588812126e+33
#ERR  p: [1353, 77], r: -8.8862314813124127e+32, e: -1.3070505178585652e+33
#ERR  p: [1354, 77], r: 1.5842896655366047e+34, e: 1.4606102948557045e+34
#ERR  p: [1355, 77], r: 2.8601426088771312e+34, e: 2.5001432081647383e+34
#ERR  p: [1356, 77], r: -2.4188221842200581e+34, e: -2.3501048754033502e+34
#ERR  p: [1357, 77], r: 4.4947783054594408e+33, e: 6.2075500538533573e+33
#ERR  p: [1358, 77], r: 7.0537204468461325e+33, e: 3.0801238729911216e+33
#ERR  p: [1359, 77], r: -3.0438543962351287e+34, e: -3.0055738239883148e+34
#ERR  p: [1344, 78], r: -1.0090156487395844e+34, e: -1.2164290979867418e+34
#ERR  p: [1345, 78], r: 2.6053703397960663e+34, e: 2.6147997290753031e+34
#ERR  p: [1346, 78], r: -1.1127051969451180e+34, e: -9.8128189234846810e+33
#ERR  p: [1347, 78], r: -2.5118093075069559e+34, e: -2.4998196106384691e+34
#ERR  p: [1348, 78], r: 1.3175449069535992e+34, e: 1.3321134805119252e+34
#ERR  p: [1349, 78], r: 8.8778653277844171e+32, e: 1.6353562395821757e+33
#ERR  p: [1350, 78], r: -3.3901805016256067e+34, e: -3.5964990548050182e+34
#ERR  p: [1351, 78], r: 1.4702216613207162e+34, e: 1.5776582683341608e+34
#ERR  p: [1352, 78], r: -1.7987975634579007e+34, e: -2.0183189947442986e+34
#ERR  p: [1353, 78], r: -2.7840734217551153e+34, e: -3.1721012704849763e+34
#ERR  p: [1354, 78], r: 3.0447982017210799e+34, e: 2.8715068984377709e+34
#ERR  p: [1355, 78], r: -2.4112982941462914e+33, e: -3.2966742481832346e+33
#ERR  p: [1356, 78], r: -4.4248686127968933e+34, e: -4.5373220956135458e+34
#ERR  p: [1357, 78], r: 3.1143427020720383e+33, e: 3.0389967195209729e+33
#ERR  p: [1358, 78], r: 2.5529232769156862e+32, e: -2.8439369834108541e+33
#ERR  p: [1359, 78], r: 1.9966182772376377e+34, e: 2.0588174603654963e+34
#ERR  p: [1344, 79], r: 7.1687906873178265e+33, e: 7.8903364186157032e+33
#ERR  p: [1345, 79], r: 4.8821537597885985e+34, e: 5.0467745310367526e+34
#ERR  p: [1346, 79], r: -9.8266937554449915e+33, e: -9.4802686148513707e+33
#ERR  p: [1347, 79], r: 2.1317830080150198e+34, e: 2.5213384747533590e+34
#ERR  p: [1348, 79], r: -2.0627876578654884e+34, e: -1.9457729849740889e+34
#SDC Ite:1 KerTime:2.7250584 AccTime:2.7250584 KerErr:3328 AccErr:3328
#ABORT too many errors per iteration
#END
