#HEADER matrix_dim:2048 threads:4 block_size:16 block_offset:12 precision:Float
#BEGIN Y:2023 M:10 D:17 Time:00:43:42
#IT 0 KerTime:2.6972322 AccTime:2.6972322
#IT 1 KerTime:2.7301984 AccTime:5.4274306
#ERR  p: [0, 464], r: 1.2099347407466468e+34, e: 9.7841073801535351e+33
#ERR  p: [1, 464], r: 1.4789940758211042e+34, e: 1.8117230192020833e+34
#ERR  p: [2, 464], r: 3.1317919621017814e+34, e: 4.3611770310546742e+33
#ERR  p: [3, 464], r: -2.8105816794043410e+34, e: -3.2369918590522452e+34
#ERR  p: [4, 464], r: -4.7398030346711726e+34, e: -5.3175065706922924e+34
#ERR  p: [5, 464], r: 2.7824740032243585e+34, e: 2.6043552289638523e+34
#ERR  p: [6, 464], r: -1.1447200594770929e+34, e: -7.2764599032646528e+33
#ERR  p: [7, 464], r: -5.1763719978694605e+34, e: -5.0721508163140558e+34
#ERR  p: [8, 464], r: 3.1186735115054743e+34, e: 2.6573214838967087e+34
#ERR  p: [9, 464], r: 2.2539855162290526e+33, e: 8.9478702180359858e+33
#ERR  p: [10, 464], r: -1.9982928387287791e+34, e: -1.8459260645474991e+34
#ERR  p: [11, 464], r: -2.6988236713017590e+34, e: -3.6196222892108220e+34
#ERR  p: [12, 464], r: -4.5908199219992713e+34, e: -3.9929770822430412e+34
#ERR  p: [13, 464], r: -7.9159060701271428e+33, e: 1.0817406027424728e+34
#ERR  p: [14, 464], r: -3.4925061493928577e+33, e: -8.5451392316655283e+33
#ERR  p: [15, 464], r: -2.4392739440210840e+34, e: -1.0307574039585476e+34
#ERR  p: [16, 464], r: 3.6964072532635527e+34, e: 4.4890756108744688e+34
#ERR  p: [17, 464], r: 6.4833630946061400e+33, e: 9.2091746015283438e+33
#ERR  p: [18, 464], r: -1.6765105039391848e+34, e: -1.5798198354367570e+34
#ERR  p: [19, 464], r: -1.5893664576377140e+34, e: -2.3203742598318646e+34
#ERR  p: [20, 464], r: 2.1508004904865297e+34, e: 1.5063696342618532e+34
#ERR  p: [21, 464], r: 7.7375065310657266e+33, e: 1.8761081568513120e+34
#ERR  p: [22, 464], r: -6.8866567247244526e+33, e: -2.2393985592611431e+33
#ERR  p: [23, 464], r: -2.6339343206745293e+34, e: -2.2890964667992802e+34
#ERR  p: [24, 464], r: -3.7974352922816247e+34, e: -3.8717924083293089e+34
#ERR  p: [25, 464], r: 4.6050487429138155e+33, e: 4.2338818232100273e+33
#ERR  p: [26, 464], r: -4.4417565908128244e+34, e: -4.5449582049518737e+34
#ERR  p: [27, 464], r: 5.9507591997442337e+33, e: 1.7736722086265607e+34
#ERR  p: [28, 464], r: 2.4980411859780317e+34, e: 2.6163768646853526e+34
#ERR  p: [29, 464], r: -4.5266221465749885e+33, e: 1.3346095390131363e+34
#ERR  p: [30, 464], r: 8.2802999103909909e+33, e: 1.0827527425185925e+34
#ERR  p: [31, 464], r: 1.0303338427741061e+34, e: 2.3411830415402205e+34
#ERR  p: [32, 464], r: 5.0528729331552822e+33, e: -5.3537496174284466e+33
#ERR  p: [33, 464], r: 1.7783740286897705e+34, e: 9.3606477067952637e+33
#ERR  p: [34, 464], r: -1.4812289289740261e+34, e: -9.5843329494037980e+33
#ERR  p: [35, 464], r: -1.3468302354929538e+34, e: -1.0054599135647450e+34
#ERR  p: [36, 464], r: 5.5859573344434371e+34, e: 5.9655414417533404e+34
#ERR  p: [37, 464], r: -3.8354492741409785e+33, e: -2.9437873700695539e+33
#ERR  p: [38, 464], r: 8.6023425839708468e+33, e: -2.5516519124953401e+33
#ERR  p: [39, 464], r: -3.9228713617752728e+33, e: 7.0221764967051018e+33
#ERR  p: [40, 464], r: -3.1207995497289430e+34, e: -3.0846796780266977e+34
#ERR  p: [41, 464], r: -1.5877833799154759e+34, e: -2.4941780702914378e+34
#ERR  p: [42, 464], r: -6.7498903471242431e+33, e: -7.4852589169007804e+33
#ERR  p: [43, 464], r: 4.4876731486039624e+33, e: 5.6278920580982137e+31
#ERR  p: [44, 464], r: 4.7506830420884439e+34, e: 4.6938744688616535e+34
#ERR  p: [45, 464], r: -6.1384383373401331e+33, e: 2.0807190955405332e+33
#ERR  p: [46, 464], r: 1.5064845150974989e+34, e: 1.4630038519216628e+34
#ERR  p: [47, 464], r: 2.4742858593881688e+34, e: 2.8466191042999698e+34
#ERR  p: [48, 464], r: 1.1940592738888471e+34, e: 3.0425349997412584e+34
#ERR  p: [49, 464], r: 2.0980568171727368e+34, e: 1.9751733181430931e+34
#ERR  p: [50, 464], r: -1.7686418392769246e+34, e: -2.1843966976246878e+34
#ERR  p: [51, 464], r: 1.3960884886261387e+34, e: -4.9493987865165842e+33
#ERR  p: [52, 464], r: 6.6128082948140158e+33, e: -3.1976090249944515e+33
#ERR  p: [53, 464], r: -1.6745759750397935e+34, e: -4.9361782058670360e+33
#ERR  p: [54, 464], r: -7.1734975829351974e+34, e: -7.2941898043013019e+34
#ERR  p: [55, 464], r: -2.3536993581014192e+34, e: -1.8334250984427875e+34
#ERR  p: [56, 464], r: 7.5625051374121488e+33, e: 7.8648224744060315e+33
#ERR  p: [57, 464], r: -4.6696942812503079e+33, e: 2.2512642145376935e+33
#ERR  p: [58, 464], r: 5.3136138991872605e+32, e: 9.7958659536166873e+31
#ERR  p: [59, 464], r: -2.5917215556869293e+34, e: -1.7743879855572755e+34
#ERR  p: [60, 464], r: 1.8956421079072117e+34, e: 2.0268433260608138e+34
#ERR  p: [61, 464], r: 4.0752453779057826e+33, e: 5.6087485533307046e+33
#ERR  p: [62, 464], r: -1.3237723643212243e+34, e: -1.7733249664455412e+34
#ERR  p: [63, 464], r: -2.5196935000291566e+34, e: -2.7286555503684581e+34
#ERR  p: [64, 464], r: -1.6766324410330544e+34, e: -2.2517634138585353e+34
#ERR  p: [65, 464], r: -1.4285054340828735e+34, e: -2.0269778901430842e+34
#ERR  p: [66, 464], r: 1.8882890535588664e+33, e: 1.7480259286266894e+34
#ERR  p: [67, 464], r: -2.3784254772700897e+34, e: -9.9913373047898685e+33
#ERR  p: [68, 464], r: -8.1156297453352692e+33, e: -5.9528624598709796e+33
#ERR  p: [69, 464], r: -5.5634931793145489e+33, e: 9.5704834952142928e+33
#ERR  p: [70, 464], r: 3.8214825251327511e+34, e: 4.0807428220322411e+34
#ERR  p: [71, 464], r: 2.6593737408938360e+33, e: 3.7678175149447200e+33
#ERR  p: [72, 464], r: -4.3642981873787225e+33, e: -1.3601786953485602e+34
#ERR  p: [73, 464], r: -1.6733889143361228e+34, e: -2.4855126447589450e+33
#ERR  p: [74, 464], r: 1.1126605073096998e+34, e: 1.8326382637538177e+34
#ERR  p: [75, 464], r: -1.6168575158841284e+34, e: -1.5504229684998627e+34
#ERR  p: [76, 464], r: -3.0189473521297167e+33, e: 4.9301209652548127e+32
#ERR  p: [77, 464], r: 9.4335091436874833e+33, e: 5.1870548014384737e+33
#ERR  p: [78, 464], r: 4.0407316096105062e+34, e: 4.5512761557363706e+34
#ERR  p: [79, 464], r: 1.5486852720667179e+34, e: 5.6699071240615398e+33
#ERR  p: [80, 464], r: -3.7499716808233918e+33, e: 8.5044431908140608e+33
#ERR  p: [81, 464], r: 1.8819653463531869e+34, e: 2.6976793195294436e+34
#ERR  p: [82, 464], r: -2.2945695235069648e+33, e: -7.5660208871237193e+33
#ERR  p: [83, 464], r: 4.4772938879325820e+34, e: 3.7572978099758827e+34
#ERR  p: [84, 464], r: -2.2035481252084483e+34, e: -4.1163836109392829e+34
#ERR  p: [85, 464], r: -1.7339031372765100e+34, e: -3.8753185567372094e+34
#ERR  p: [86, 464], r: 1.4563313551099146e+34, e: 1.1465872444383471e+34
#ERR  p: [87, 464], r: -8.3584584927113126e+33, e: 8.6996731436795813e+33
#ERR  p: [88, 464], r: 3.5856363785482968e+33, e: -1.2708369340953460e+34
#ERR  p: [89, 464], r: 3.5317899482475085e+34, e: 3.4493936495847050e+34
#ERR  p: [90, 464], r: 3.9101551797947314e+34, e: 4.1142503926635864e+34
#ERR  p: [91, 464], r: -1.4423688769948226e+34, e: -1.0439847932783119e+34
#ERR  p: [92, 464], r: -4.9191468743945556e+34, e: -5.9703411828736577e+34
#ERR  p: [93, 464], r: 6.4176953272822077e+33, e: -4.7703214752836593e+32
#ERR  p: [94, 464], r: 1.2036820294022202e+34, e: 2.1368924817331663e+34
#ERR  p: [95, 464], r: 5.7005564149361791e+34, e: 5.0889150003260584e+34
#ERR  p: [96, 464], r: -5.4612492355898908e+33, e: -3.5076684389940250e+33
#ERR  p: [97, 464], r: 3.7451432194941631e+34, e: 1.6994838238062311e+34
#ERR  p: [98, 464], r: 3.4183727291102723e+33, e: -6.7097167169693539e+33
#ERR  p: [99, 464], r: 1.3659301647710800e+34, e: 2.2703691574729789e+34
#ERR  p: [100, 464], r: 3.1963099307172255e+34, e: 3.3943659768984306e+34
#ERR  p: [101, 464], r: 4.4189204347021309e+33, e: 9.1529430321538644e+33
#ERR  p: [102, 464], r: 3.3599334174697313e+34, e: 3.1851360363346278e+34
#ERR  p: [103, 464], r: -3.2983816769824190e+33, e: -1.1950878782674893e+34
#ERR  p: [104, 464], r: 1.8692649481081464e+34, e: 2.0539336631165115e+34
#ERR  p: [105, 464], r: 3.4796271164001483e+34, e: 3.9860723478799231e+34
#ERR  p: [106, 464], r: -2.1801218430810275e+34, e: -1.0821977739989809e+34
#ERR  p: [107, 464], r: 1.1954252169281946e+34, e: 9.9413034822220713e+33
#ERR  p: [108, 464], r: -1.1909418932819187e+34, e: -5.3835443582939671e+33
#ERR  p: [109, 464], r: -3.6603673524878452e+34, e: -4.3025571658594034e+34
#ERR  p: [110, 464], r: 1.5046288429786101e+34, e: 2.0985433276081759e+34
#ERR  p: [111, 464], r: -3.2432553404750135e+34, e: -2.8814901420905840e+34
#ERR  p: [112, 464], r: -2.4079325208704803e+34, e: -1.7316000736274235e+34
#ERR  p: [113, 464], r: -5.3811798928189320e+33, e: -1.9426708310296437e+33
#ERR  p: [114, 464], r: 1.8489330209029233e+34, e: 3.2612846992071658e+34
#ERR  p: [115, 464], r: 2.6641986121969508e+33, e: 1.9682420299661323e+33
#ERR  p: [116, 464], r: -4.1910138165596335e+33, e: -1.5496902317906097e+34
#ERR  p: [117, 464], r: 6.0498210185979088e+33, e: 1.1525058357661705e+34
#ERR  p: [118, 464], r: -3.3222953361033065e+34, e: -4.3980330438012805e+34
#ERR  p: [119, 464], r: 1.3233389615134704e+34, e: 2.4428091293912713e+33
#ERR  p: [120, 464], r: 2.4601272915708541e+33, e: 9.8068990942168183e+33
#ERR  p: [121, 464], r: 2.2635849675211861e+33, e: 3.8371437045697504e+32
#ERR  p: [122, 464], r: 2.5173849894438972e+34, e: 2.2123535927078852e+34
#ERR  p: [123, 464], r: 2.7654070190787467e+34, e: 1.6929008300593232e+34
#ERR  p: [124, 464], r: -1.6788620948378113e+34, e: -2.4551651327173826e+34
#ERR  p: [125, 464], r: 1.2622185193358452e+34, e: 2.3947625100715369e+32
#ERR  p: [126, 464], r: 2.0659446525536740e+34, e: 1.3907530908508226e+34
#ERR  p: [127, 464], r: 1.9109939261283937e+34, e: 2.3424397982681030e+34
#ERR  p: [128, 464], r: 3.1137301693405999e+34, e: 7.1997924197216503e+33
#ERR  p: [129, 464], r: -9.3588824042992427e+33, e: 1.6519972485602695e+33
#ERR  p: [130, 464], r: -1.4663249974590576e+34, e: -1.3841741823060444e+34
#ERR  p: [131, 464], r: -2.2079360036776953e+33, e: 2.8478643481854870e+33
#ERR  p: [132, 464], r: 3.9250414087671381e+34, e: 4.4026966115172764e+34
#ERR  p: [133, 464], r: -1.6580229835984930e+34, e: -2.7901682957445329e+33
#ERR  p: [134, 464], r: 1.0538534036834871e+34, e: 2.8235235997510460e+34
#ERR  p: [135, 464], r: -1.8047700051774331e+34, e: -9.5658641219576994e+33
#ERR  p: [136, 464], r: -1.7855056774620897e+33, e: -6.9554106765663233e+33
#ERR  p: [137, 464], r: -3.1126665312588459e+34, e: -3.0009181790885703e+34
#ERR  p: [138, 464], r: 6.7277986881531758e+33, e: 8.7305851254305569e+33
#ERR  p: [139, 464], r: 2.2608182024818843e+34, e: 1.2710248533933096e+34
#ERR  p: [140, 464], r: 1.9689422707493541e+34, e: 1.5178365490517498e+34
#ERR  p: [141, 464], r: -1.6247502501926002e+34, e: -1.5233577616269626e+34
#ERR  p: [142, 464], r: -1.3485077680401894e+34, e: -1.9668156135558658e+34
#ERR  p: [143, 464], r: -1.4809813409661690e+34, e: -8.8580428129053600e+33
#ERR  p: [144, 464], r: 8.1631932585546725e+33, e: 5.2373993469561315e+33
#ERR  p: [145, 464], r: -7.6477082175260241e+33, e: -1.1017166221864013e+34
#ERR  p: [146, 464], r: -4.8911948691745133e+33, e: -2.1698551111592181e+34
#ERR  p: [147, 464], r: -3.8218783564603126e+33, e: 3.3564577770154337e+32
#ERR  p: [148, 464], r: 2.3954776061352301e+34, e: 1.9683224341716839e+34
#ERR  p: [149, 464], r: 8.2418544445309441e+33, e: 1.9438887164402927e+34
#ERR  p: [150, 464], r: 2.0456733844103759e+34, e: 2.9382702426964708e+34
#ERR  p: [151, 464], r: -1.3017214335774495e+34, e: -6.2965529909178190e+33
#ERR  p: [152, 464], r: -3.0795776319487870e+33, e: -3.4558148445684783e+33
#ERR  p: [153, 464], r: -2.2929803798785342e+34, e: -3.4777491613605524e+34
#ERR  p: [154, 464], r: -4.1606931987654245e+34, e: -5.7196350516456296e+34
#ERR  p: [155, 464], r: -3.8004226891844282e+33, e: -1.8051568614397097e+34
#ERR  p: [156, 464], r: 4.1664716552808008e+33, e: 3.0931957151449497e+34
#ERR  p: [157, 464], r: 6.8377203360014819e+33, e: 9.7352328884325287e+33
#ERR  p: [158, 464], r: -3.2877929568563915e+34, e: -2.3047564082962403e+34
#ERR  p: [159, 464], r: -2.0335648762466187e+33, e: 1.8593084439601819e+34
#ERR  p: [160, 464], r: 1.2069480866078669e+34, e: 4.1425035886951868e+33
#ERR  p: [161, 464], r: -3.9792557548476021e+34, e: -4.6950386276745975e+34
#ERR  p: [162, 464], r: -2.9199356079506307e+34, e: -2.6569082595115953e+34
#ERR  p: [163, 464], r: -2.6986600775255674e+33, e: -4.3002072461798299e+33
#ERR  p: [164, 464], r: -2.2315144286359443e+34, e: -3.7100587608407761e+34
#ERR  p: [165, 464], r: -4.5492399919597540e+34, e: -4.7472688034600948e+34
#ERR  p: [166, 464], r: 2.2957793623073584e+34, e: 1.5255300988079005e+34
#ERR  p: [167, 464], r: -1.4341477171939284e+34, e: -3.1683366948255094e+34
#ERR  p: [168, 464], r: -9.8618134953894981e+33, e: -6.2367505835000208e+33
#ERR  p: [169, 464], r: -3.9493864899917166e+34, e: -3.9532142005931869e+34
#ERR  p: [170, 464], r: -3.8628562143617235e+34, e: -3.2689987987679687e+34
#ERR  p: [171, 464], r: 3.8350724761415211e+32, e: -5.0903778740704819e+33
#ERR  p: [172, 464], r: -1.9976831842079320e+32, e: -6.8248129541818729e+32
#ERR  p: [173, 464], r: -6.7918738456165675e+33, e: 2.3736107570752971e+33
#ERR  p: [174, 464], r: 4.5262646913886448e+31, e: -6.1551938557718607e+33
#ERR  p: [175, 464], r: -4.4209270117118086e+34, e: -4.3213535522398969e+34
#ERR  p: [176, 464], r: -3.7633208834430218e+34, e: -4.3850856765184026e+34
#ERR  p: [177, 464], r: 5.5390512911788984e+33, e: 5.5058874964964627e+33
#ERR  p: [178, 464], r: -3.6487920560475093e+33, e: 1.6593883695648228e+33
#ERR  p: [179, 464], r: 4.1829929554570957e+34, e: 4.4932821311279605e+34
#ERR  p: [180, 464], r: -1.9918544363784597e+34, e: -2.0546525348973246e+34
#ERR  p: [181, 464], r: 7.1356705300217756e+32, e: 8.9302766141976619e+33
#ERR  p: [182, 464], r: -8.1126122664895111e+33, e: -3.1637891220911946e+33
#ERR  p: [183, 464], r: -1.2711571891835092e+34, e: -2.0123372684744717e+34
#ERR  p: [184, 464], r: 7.0140500393172129e+33, e: 9.5816379539382737e+33
#ERR  p: [185, 464], r: 2.6919907374609194e+34, e: 3.3765017593675190e+34
#ERR  p: [186, 464], r: 1.1365375234054244e+34, e: 8.8259337431363954e+33
#ERR  p: [187, 464], r: -2.5222560359104773e+34, e: -2.3004506052515979e+34
#ERR  p: [188, 464], r: 1.3714976763037621e+33, e: 3.9001406162589245e+33
#ERR  p: [189, 464], r: -2.1716263557674276e+34, e: -1.1613699816234695e+34
#ERR  p: [190, 464], r: -2.2923076523126855e+33, e: 3.1151421018524068e+33
#ERR  p: [191, 464], r: -4.6074528843671097e+34, e: -5.1776990695915744e+34
#ERR  p: [192, 464], r: 1.3145315133099707e+34, e: 1.8611282158179314e+34
#ERR  p: [193, 464], r: -3.4741576497185776e+34, e: -4.0441280219022896e+34
#ERR  p: [194, 464], r: 3.3630538310297560e+33, e: 1.0087052352747336e+34
#ERR  p: [195, 464], r: 1.3405962170431204e+34, e: 1.5542901693885863e+34
#ERR  p: [196, 464], r: 1.6891961706977578e+34, e: 1.9263978616252295e+34
#ERR  p: [197, 464], r: 1.7990465750968030e+33, e: 6.6455456191529177e+33
#ERR  p: [198, 464], r: -1.1654502319929541e+34, e: -1.4880399512761703e+34
#ERR  p: [199, 464], r: -4.6948554125487833e+33, e: 1.3996780659868020e+32
#ERR  p: [200, 464], r: -3.6489079891321883e+34, e: -2.2277243514116682e+34
#ERR  p: [201, 464], r: 1.0995597592559544e+34, e: 1.4446237847763809e+34
#ERR  p: [202, 464], r: 3.8597638401435886e+34, e: 4.0986293224838599e+34
#ERR  p: [203, 464], r: 9.9406349946008572e+33, e: 1.1297500219640266e+34
#ERR  p: [204, 464], r: 5.0295523092102144e+34, e: 5.2652486650499151e+34
#ERR  p: [205, 464], r: -2.3636162481681266e+34, e: -1.2125399855593228e+34
#ERR  p: [206, 464], r: -7.2508048338905026e+33, e: -8.3685947457529813e+33
#ERR  p: [207, 464], r: 1.3986955284518717e+33, e: 7.2805611986148053e+33
#ERR  p: [208, 464], r: 2.0056990626018117e+34, e: 7.3861147750344929e+33
#ERR  p: [209, 464], r: -1.2488558231697870e+34, e: -1.6859642806371955e+34
#ERR  p: [210, 464], r: -6.1646022000704296e+33, e: -1.3375435807002466e+34
#ERR  p: [211, 464], r: -1.5501538403353221e+34, e: -1.9777568990050817e+34
#ERR  p: [212, 464], r: -2.0536105607662581e+34, e: -1.6185333153153090e+34
#ERR  p: [213, 464], r: -3.1245982925334941e+34, e: -4.4056359763465556e+34
#ERR  p: [214, 464], r: 1.6974092838883967e+34, e: 4.5101655906627483e+33
#ERR  p: [215, 464], r: 2.7866940170242785e+33, e: -2.8796079161578525e+33
#ERR  p: [216, 464], r: 2.0849663440213175e+34, e: 3.5055847383198999e+34
#ERR  p: [217, 464], r: -6.0176457190368424e+33, e: -1.1656764036381316e+34
#ERR  p: [218, 464], r: -6.7388944685192946e+34, e: -8.2463781250225007e+34
#ERR  p: [219, 464], r: 1.9505820106447009e+34, e: 1.8664605187431493e+34
#ERR  p: [220, 464], r: 1.2673316759256085e+33, e: 4.6148064957884727e+33
#ERR  p: [221, 464], r: -3.0801170643209056e+33, e: -4.1798649285658294e+33
#ERR  p: [222, 464], r: -1.2041082212092452e+33, e: 2.4892468908874494e+33
#ERR  p: [223, 464], r: 5.5068569273412270e+34, e: 5.0992537803581542e+34
#ERR  p: [224, 464], r: 1.5192881575418158e+34, e: 1.3772661055048202e+34
#ERR  p: [225, 464], r: 8.9859907246357201e+33, e: 6.0446996606553851e+33
#ERR  p: [226, 464], r: 3.9828282022129718e+33, e: 7.8707429226439139e+33
#ERR  p: [227, 464], r: 9.1304725635307758e+33, e: 3.9644330321992107e+33
#ERR  p: [228, 464], r: -1.2193554644456085e+34, e: -1.3885197232259479e+34
#ERR  p: [229, 464], r: -5.8036108380045573e+33, e: -3.4918596352073409e+33
#ERR  p: [230, 464], r: 2.3307994480787026e+34, e: 2.3779439185948077e+34
#ERR  p: [231, 464], r: -1.6215282636523521e+34, e: -5.1894570240847070e+33
#ERR  p: [232, 464], r: -4.3571884501450987e+34, e: -6.2128368005851294e+34
#ERR  p: [233, 464], r: -3.3519374389619831e+33, e: 3.4653073687897186e+33
#ERR  p: [234, 464], r: 1.2280817037825311e+34, e: 1.3755394267380249e+34
#ERR  p: [235, 464], r: 1.1812875702975438e+34, e: 1.9198638903038774e+34
#ERR  p: [236, 464], r: 9.9337161477212912e+33, e: 2.6675146821801846e+34
#ERR  p: [237, 464], r: 5.2733270748900292e+32, e: -6.0984021185296046e+32
#ERR  p: [238, 464], r: -4.8888010026235452e+33, e: -1.1494095001399099e+34
#ERR  p: [239, 464], r: -1.0116728870339104e+34, e: -2.0576036601569770e+33
#ERR  p: [240, 464], r: -1.1501136404342554e+34, e: -1.1022504219313412e+34
#ERR  p: [241, 464], r: 1.2421834501520427e+34, e: -1.1266837682807207e+34
#ERR  p: [242, 464], r: -1.4197889744722612e+34, e: -2.2131597392614679e+34
#ERR  p: [243, 464], r: 7.6398652484071315e+33, e: 1.5000495789792896e+34
#ERR  p: [244, 464], r: -3.8943922416865028e+33, e: -1.6652197480168786e+34
#ERR  p: [245, 464], r: 9.2892736548602454e+33, e: 8.0556311244212444e+33
#ERR  p: [246, 464], r: -8.7600573829158436e+33, e: -2.8267438531752391e+33
#ERR  p: [247, 464], r: 3.5479156027872477e+34, e: 3.5099972517959287e+34
#ERR  p: [248, 464], r: -1.7214924170006623e+34, e: -2.9159316146875661e+34
#ERR  p: [249, 464], r: -1.1188203731511799e+34, e: -1.0040455051728595e+34
#ERR  p: [250, 464], r: -5.3604016882295466e+34, e: -5.8881345366248727e+34
#ERR  p: [251, 464], r: 1.5748684466616272e+34, e: 1.4326318596158235e+34
#ERR  p: [252, 464], r: -2.3133724709696665e+34, e: -2.4734158351285591e+34
#ERR  p: [253, 464], r: 1.0297063928651943e+34, e: 3.3404920643287701e+33
#ERR  p: [254, 464], r: -2.3155195541738031e+34, e: -2.1183907250820227e+34
#ERR  p: [255, 464], r: -3.1019519126308231e+34, e: -2.9199390741827407e+33
#ERR  p: [256, 464], r: -1.0669737111898532e+33, e: -7.1586111063747828e+33
#ERR  p: [257, 464], r: 4.3736288509398262e+33, e: 1.8494164983852662e+33
#ERR  p: [258, 464], r: -4.2276499092582608e+34, e: -5.3024284610137965e+34
#ERR  p: [259, 464], r: -3.5606359318669207e+34, e: -4.7310215832084978e+34
#ERR  p: [260, 464], r: 1.6790644980342345e+34, e: 1.3578035835891872e+34
#ERR  p: [261, 464], r: -3.0154795725946685e+34, e: -5.0517668956271827e+34
#ERR  p: [262, 464], r: 1.0456893129184039e+34, e: 1.0016964520513135e+34
#ERR  p: [263, 464], r: 2.9186776132827089e+33, e: 9.6279610512383130e+33
#ERR  p: [264, 464], r: -2.0396593479055236e+34, e: -3.1857297523774690e+34
#ERR  p: [265, 464], r: -9.2304250802427167e+33, e: -1.0173567030332834e+34
#ERR  p: [266, 464], r: -5.8332972591166404e+33, e: 1.6523627503568685e+33
#ERR  p: [267, 464], r: -2.3889308840314733e+34, e: -2.8232458060062304e+34
#ERR  p: [268, 464], r: -2.9359236035580014e+34, e: -3.5345983390206313e+34
#ERR  p: [269, 464], r: 5.3674548516033750e+33, e: 2.4048506381941784e+33
#ERR  p: [270, 464], r: 2.2777690678518111e+34, e: 1.9249019348817571e+34
#ERR  p: [271, 464], r: -2.6163793405654312e+34, e: -4.0028001364547707e+34
#ERR  p: [272, 464], r: -2.6972311852352223e+34, e: -2.2254695674241138e+34
#ERR  p: [273, 464], r: -2.4973875536372890e+34, e: -3.6034862359747527e+34
#ERR  p: [274, 464], r: 3.5903333706453534e+34, e: 3.6243509725728843e+34
#ERR  p: [275, 464], r: 2.3572970594435904e+34, e: 2.1803174376072346e+34
#ERR  p: [276, 464], r: 2.1158920669067291e+34, e: 2.1374827315438976e+34
#ERR  p: [277, 464], r: -2.6581236690421657e+34, e: -1.7807485214791238e+34
#ERR  p: [278, 464], r: -1.6067116069101533e+34, e: -1.6389349385447439e+34
#ERR  p: [279, 464], r: -2.1369172405339520e+34, e: -2.8834634185132049e+34
#ERR  p: [280, 464], r: 1.4139574103291996e+34, e: 4.1207396743495203e+33
#ERR  p: [281, 464], r: -2.4751789093325093e+34, e: -1.4165226696786067e+34
#ERR  p: [282, 464], r: 1.3961294644414390e+34, e: 1.6573340699666307e+34
#ERR  p: [283, 464], r: -4.4400848765837734e+34, e: -4.2912344710840836e+34
#ERR  p: [284, 464], r: 1.0935158883961553e+34, e: 1.3754379156548035e+34
#ERR  p: [285, 464], r: 1.4077108886849695e+34, e: 1.9761862006832364e+34
#ERR  p: [286, 464], r: 4.1151268542114004e+34, e: 3.5766509145671478e+34
#ERR  p: [287, 464], r: 7.2582529001368631e+33, e: 6.4645426921888844e+33
#ERR  p: [288, 464], r: 2.7086145390724670e+34, e: 3.4701137947862480e+34
#ERR  p: [289, 464], r: 1.0894082795518025e+34, e: 2.3895233930827763e+33
#ERR  p: [290, 464], r: -2.6104713955219457e+34, e: -3.4187620612526276e+34
#ERR  p: [291, 464], r: -1.0529362139083805e+34, e: -4.6860329233738062e+33
#ERR  p: [292, 464], r: -1.3167298472317337e+34, e: 2.7737897300547677e+33
#ERR  p: [293, 464], r: 4.7444927848189993e+33, e: -7.5590977074540158e+33
#ERR  p: [294, 464], r: 2.2800671797407405e+34, e: 2.9195756149872065e+34
#ERR  p: [295, 464], r: 1.4945268808760296e+34, e: 2.8584936727448030e+34
#ERR  p: [296, 464], r: -4.5749366561192242e+34, e: -5.6686987707891934e+34
#ERR  p: [297, 464], r: 1.9439707918648973e+34, e: 5.8661837552302762e+33
#ERR  p: [298, 464], r: 1.5011700385088468e+33, e: -2.0468340769912099e+34
#ERR  p: [299, 464], r: -2.0489918064796843e+34, e: -2.5537318993493474e+34
#ERR  p: [300, 464], r: 4.0083003040493157e+34, e: 3.1507398723430835e+34
#ERR  p: [301, 464], r: 7.9493917292197927e+33, e: -2.8388998053910019e+32
#ERR  p: [302, 464], r: 2.1031393037980268e+34, e: 2.2169614531221133e+34
#ERR  p: [303, 464], r: -9.3113739794115877e+33, e: -1.9619380060070774e+34
#ERR  p: [304, 464], r: -6.3457221123681753e+33, e: -5.7224186836179667e+33
#ERR  p: [305, 464], r: 2.4677997963463370e+34, e: 3.4333848565846743e+34
#ERR  p: [306, 464], r: -1.0976135937201939e+34, e: 7.3979371024096682e+33
#ERR  p: [307, 464], r: 6.4947038633060334e+33, e: 2.2207027555088415e+34
#ERR  p: [308, 464], r: -1.2707010082790325e+34, e: -4.4521058933352541e+33
#ERR  p: [309, 464], r: 1.3909146420259494e+34, e: 9.4670375117114885e+33
#ERR  p: [310, 464], r: 1.1599553875405781e+34, e: 3.7569097157735667e+32
#ERR  p: [311, 464], r: 7.7553842421430664e+33, e: 1.8584962315004068e+34
#ERR  p: [312, 464], r: -9.0030625367474852e+33, e: -1.9496421665668754e+34
#ERR  p: [313, 464], r: -4.7896182370280320e+34, e: -4.9410098858403669e+34
#ERR  p: [314, 464], r: -4.1093483976960241e+34, e: -4.0062799859052019e+34
#ERR  p: [315, 464], r: -3.9709780211869125e+33, e: -1.5378385652365033e+34
#ERR  p: [316, 464], r: 1.5006436664041426e+34, e: 1.2613353729118190e+34
#ERR  p: [317, 464], r: 3.4617760210336531e+34, e: 2.7767663568792294e+34
#ERR  p: [318, 464], r: -1.5040722651369474e+34, e: -1.2109301683322361e+34
#ERR  p: [319, 464], r: -5.4924057104986252e+33, e: -1.7461000653075732e+34
#ERR  p: [320, 464], r: -5.0010222478888278e+34, e: -3.5350746983477483e+34
#ERR  p: [321, 464], r: 4.2631119396236298e+34, e: 2.8926840911018181e+34
#ERR  p: [322, 464], r: 1.1945285769577402e+34, e: 2.2285037584604023e+34
#ERR  p: [323, 464], r: 1.1150430467093084e+34, e: 2.1120851536979187e+34
#ERR  p: [324, 464], r: 3.0269164054416104e+34, e: 2.7851165100322171e+34
#ERR  p: [325, 464], r: -1.1987836244607719e+34, e: -1.9538901578116832e+34
#ERR  p: [326, 464], r: -2.1574370870371386e+34, e: -2.3797983527736572e+34
#ERR  p: [327, 464], r: -3.4400439836439983e+34, e: -1.9452115791662730e+34
#ERR  p: [328, 464], r: 3.4711105841058806e+34, e: 4.8316324364333307e+34
#ERR  p: [329, 464], r: 1.3893690738869016e+34, e: 1.0883857410793528e+34
#ERR  p: [330, 464], r: -2.9299592084487245e+34, e: -3.5284789538184358e+34
#ERR  p: [331, 464], r: -3.5637335054332206e+34, e: -3.1574918449053538e+34
#ERR  p: [332, 464], r: 3.0314002242639021e+34, e: 3.7671196262475729e+34
#ERR  p: [333, 464], r: -5.2758617725947165e+34, e: -4.9508817148896442e+34
#ERR  p: [334, 464], r: -2.1850892012826640e+34, e: -2.0092122126392997e+34
#ERR  p: [335, 464], r: 5.1099549673367507e+33, e: 4.9178997117019776e+33
#ERR  p: [336, 464], r: -3.1776655633735562e+34, e: -2.8719760777126601e+34
#ERR  p: [337, 464], r: -9.2079075698981352e+33, e: -4.0848799557465309e+33
#ERR  p: [338, 464], r: -1.4914926898397411e+34, e: -1.2998526392941443e+34
#ERR  p: [339, 464], r: 5.1920242022411750e+32, e: 7.6661789018821816e+33
#ERR  p: [340, 464], r: 2.1888000503444259e+34, e: 1.7878098552572116e+34
#ERR  p: [341, 464], r: 2.3025031098367330e+34, e: 3.9550782288073409e+33
#ERR  p: [342, 464], r: 1.0440147514272626e+34, e: 4.6619243505937332e+32
#ERR  p: [343, 464], r: -6.3441059816468883e+34, e: -5.2951964153042913e+34
#ERR  p: [344, 464], r: -1.4052706612795301e+34, e: -1.4579167849182274e+34
#ERR  p: [345, 464], r: 7.9317216825840430e+32, e: -1.9800962342973193e+34
#ERR  p: [346, 464], r: 4.9079222244703472e+34, e: 5.3417503884216573e+34
#ERR  p: [347, 464], r: -7.1519955548048417e+33, e: -9.4058238526489051e+33
#ERR  p: [348, 464], r: -3.1739670937121872e+34, e: -3.8722972402773295e+34
#ERR  p: [349, 464], r: 5.7608163649924971e+34, e: 5.7134141553602127e+34
#ERR  p: [350, 464], r: -2.8444217607302383e+34, e: -1.5938173472549607e+34
#ERR  p: [351, 464], r: -6.4529729045817232e+34, e: -4.6854733125790472e+34
#ERR  p: [352, 464], r: -1.9719060229974072e+34, e: -2.0393922004450458e+34
#ERR  p: [353, 464], r: -9.8222161263228963e+33, e: 6.3069603528280912e+33
#ERR  p: [354, 464], r: 3.5044095618406063e+33, e: -7.1815854165938605e+33
#ERR  p: [355, 464], r: -2.0609899213404382e+34, e: -1.2792980066758538e+34
#ERR  p: [356, 464], r: 3.8573298643353476e+33, e: 1.1777093819852418e+33
#ERR  p: [357, 464], r: -1.7230544497422326e+34, e: -1.5069554274884430e+34
#ERR  p: [358, 464], r: -1.4660599544966466e+34, e: -1.4796104461666644e+34
#ERR  p: [359, 464], r: -3.4747478995293089e+34, e: -3.9161893947222241e+34
#ERR  p: [360, 464], r: 2.7862856206053182e+34, e: 3.3619118932405172e+34
#ERR  p: [361, 464], r: -9.8823249239004176e+33, e: -1.3329202460355275e+34
#ERR  p: [362, 464], r: 4.4337698968553709e+34, e: 4.3782750255982701e+34
#ERR  p: [363, 464], r: 1.9967508606158452e+34, e: 2.0789105889371412e+34
#ERR  p: [364, 464], r: 3.2291274735706730e+34, e: 2.9126505784074441e+34
#ERR  p: [365, 464], r: 1.6696748466302588e+34, e: 3.0999803693242572e+34
#ERR  p: [366, 464], r: 9.3864686601346781e+33, e: 2.7425194884564229e+34
#ERR  p: [367, 464], r: 2.4762207596695719e+34, e: 2.8543148823481913e+34
#ERR  p: [368, 464], r: 4.1053647066496038e+34, e: 4.4291068243153907e+34
#ERR  p: [369, 464], r: 9.7592025024431919e+33, e: 1.0505718722273494e+34
#ERR  p: [370, 464], r: -1.3005932988196487e+34, e: -2.6448754823297414e+34
#ERR  p: [371, 464], r: 1.6255005656504111e+34, e: 2.0743945836738282e+34
#ERR  p: [372, 464], r: 2.1657582723932071e+34, e: 3.0240768185794976e+34
#ERR  p: [373, 464], r: 1.7359322447949027e+34, e: 2.9591072494377223e+34
#ERR  p: [374, 464], r: -1.6785544667380489e+33, e: 7.5478083132657528e+33
#ERR  p: [375, 464], r: -1.2033953224891217e+34, e: -5.4867928903605053e+33
#ERR  p: [376, 464], r: -1.9885798373865420e+33, e: -6.8247820056808907e+33
#ERR  p: [377, 464], r: -2.2473662508389936e+34, e: -2.4039171385590543e+34
#ERR  p: [378, 464], r: -1.9316651726983849e+34, e: -2.1379578529309753e+34
#ERR  p: [379, 464], r: 1.7283878668134858e+34, e: 1.4141432251290963e+34
#ERR  p: [380, 464], r: -2.8151724562460269e+34, e: -8.8749116028506822e+33
#ERR  p: [381, 464], r: -5.2621305416789631e+34, e: -6.4333842365760871e+34
#ERR  p: [382, 464], r: 9.0621184663215942e+33, e: 2.6443123434058705e+33
#ERR  p: [383, 464], r: -1.4717424706589783e+34, e: -2.4376834386586101e+34
#ERR  p: [384, 464], r: 2.6892818770669551e+34, e: 1.0786842525794811e+34
#ERR  p: [385, 464], r: -8.4343924967810386e+33, e: -1.8358988740232914e+34
#ERR  p: [386, 464], r: 3.7035093152689329e+34, e: 3.1319964697962714e+34
#ERR  p: [387, 464], r: 5.6851361386308247e+34, e: 5.7043306465279523e+34
#ERR  p: [388, 464], r: 1.0553386841426217e+34, e: 3.0086411918176561e+33
#ERR  p: [389, 464], r: -2.3461414865735741e+34, e: -2.6608917029700078e+34
#ERR  p: [390, 464], r: 1.0440715728750658e+34, e: 8.6186122109371550e+33
#ERR  p: [391, 464], r: -2.0770494698820796e+34, e: -2.5778024054732123e+34
#ERR  p: [392, 464], r: -4.2765619105624576e+34, e: -5.0963718559466978e+34
#ERR  p: [393, 464], r: 4.1681267811133254e+34, e: 4.8901632318427749e+34
#ERR  p: [394, 464], r: -2.8307759476771955e+34, e: -2.7780778305568483e+34
#ERR  p: [395, 464], r: -2.4763863960468283e+34, e: -1.8135059004466621e+34
#ERR  p: [396, 464], r: 1.1531964825140878e+34, e: 4.4632235233430663e+33
#ERR  p: [397, 464], r: -2.0209274582010769e+34, e: -2.7655852824444038e+34
#ERR  p: [398, 464], r: 2.5423366612877255e+34, e: 8.4496179213242095e+33
#ERR  p: [399, 464], r: 2.2586238299682470e+34, e: 3.0372717738702327e+34
#ERR  p: [400, 464], r: 1.8529990349619561e+34, e: 1.3974337580668301e+34
#ERR  p: [401, 464], r: 2.7378809271292206e+34, e: 2.4549744899513326e+34
#ERR  p: [402, 464], r: 2.9791982735113005e+34, e: 2.8735831714716604e+34
#ERR  p: [403, 464], r: 1.3244887602219587e+34, e: 1.9868363226352125e+34
#ERR  p: [404, 464], r: -1.2348294673486679e+34, e: -9.7815999326039626e+33
#ERR  p: [405, 464], r: -2.3453544042965965e+34, e: -2.8513762602829357e+34
#ERR  p: [406, 464], r: -2.3957407921875822e+34, e: -1.7112225902287547e+34
#ERR  p: [407, 464], r: -2.3082090230658072e+34, e: -8.5121660797491426e+33
#ERR  p: [408, 464], r: -5.3911211703044133e+33, e: -3.2176354285979790e+34
#ERR  p: [409, 464], r: 2.4362167273000648e+34, e: 2.4776164132698622e+34
#ERR  p: [410, 464], r: 6.6925108359513343e+34, e: 5.4705189306040597e+34
#ERR  p: [411, 464], r: -2.2859971601169254e+34, e: -3.0668491324648547e+33
#ERR  p: [412, 464], r: -2.1751822147362710e+34, e: -2.0332250307573339e+34
#ERR  p: [413, 464], r: 6.2941328181410161e+32, e: 5.3803820404636126e+33
#ERR  p: [414, 464], r: 1.5717270500179366e+34, e: 1.2110413353477640e+34
#ERR  p: [415, 464], r: -2.7100961057114838e+34, e: -2.5036379128956409e+34
#ERR  p: [416, 464], r: -3.3890589279500142e+33, e: 2.9544831720089796e+33
#ERR  p: [417, 464], r: 2.2777960549446676e+34, e: 1.6267985457816018e+34
#ERR  p: [418, 464], r: 1.2073419991283675e+34, e: 5.3868527530489573e+33
#ERR  p: [419, 464], r: -3.4390041140109985e+34, e: -4.2793140988577968e+34
#ERR  p: [420, 464], r: 1.4333605111229468e+34, e: 2.1846257165319556e+34
#ERR  p: [421, 464], r: -3.2498357345478389e+34, e: -4.8762918661145743e+34
#ERR  p: [422, 464], r: -1.4594000846732991e+34, e: -6.3402108033132768e+33
#ERR  p: [423, 464], r: -1.0500858569679260e+34, e: -1.4930640071316061e+34
#ERR  p: [424, 464], r: -5.1230509493213449e+34, e: -6.2704158676923710e+34
#ERR  p: [425, 464], r: -1.9525553180158227e+33, e: 1.3578871445418390e+32
#ERR  p: [426, 464], r: -3.0521753340031893e+34, e: -4.1383156994392863e+34
#ERR  p: [427, 464], r: -2.7719359148459378e+33, e: -7.5284679760319973e+33
#ERR  p: [428, 464], r: 6.8295864509733573e+33, e: 1.3372542741130656e+34
#ERR  p: [429, 464], r: 1.9695784481355429e+34, e: 1.2117555029564277e+34
#ERR  p: [430, 464], r: 7.1306417080971886e+33, e: 1.2850774690175120e+33
#ERR  p: [431, 464], r: 8.6180427585190837e+33, e: 1.5177600443573219e+34
#ERR  p: [432, 464], r: 8.4230882473123041e+33, e: -1.7644263439581480e+33
#ERR  p: [433, 464], r: 4.4113344619353941e+34, e: 3.8910493084044166e+34
#ERR  p: [434, 464], r: -8.9632630739694700e+32, e: -7.0642441751200976e+33
#ERR  p: [435, 464], r: 1.3351610413006380e+34, e: 4.8125680360343319e+33
#ERR  p: [436, 464], r: -2.7070460690426925e+34, e: -3.4048825251201678e+34
#ERR  p: [437, 464], r: 1.6583184798858704e+34, e: 1.6294612310121007e+34
#ERR  p: [438, 464], r: 1.4356908094528976e+34, e: 1.0636722488990830e+34
#ERR  p: [439, 464], r: -5.0113044540611282e+33, e: -4.3128732296917783e+33
#ERR  p: [440, 464], r: -1.4338888639317138e+34, e: -5.9461800595389171e+33
#ERR  p: [441, 464], r: 2.8873629296369538e+34, e: 3.0765897398699678e+34
#ERR  p: [442, 464], r: -2.3773248866781630e+33, e: -1.1555892968160225e+34
#ERR  p: [443, 464], r: 1.7882865859663404e+34, e: 1.9034426156827568e+34
#ERR  p: [444, 464], r: -4.1726814101058642e+34, e: -5.7958371935278648e+34
#ERR  p: [445, 464], r: 1.6074825959666202e+34, e: 1.6246715172061016e+34
#ERR  p: [446, 464], r: -4.4768835727065608e+33, e: 1.4069537645569425e+34
#ERR  p: [447, 464], r: -3.3002040485142510e+34, e: -2.8875585241631609e+34
#ERR  p: [448, 464], r: 6.7333947961007654e+33, e: 1.5156213791454525e+34
#ERR  p: [449, 464], r: -1.6855826237230838e+34, e: -1.9124315458960158e+34
#ERR  p: [450, 464], r: -2.7216322213495764e+34, e: -2.1793196579355706e+34
#ERR  p: [451, 464], r: -3.4774243258942439e+33, e: 5.3605601445545751e+33
#ERR  p: [452, 464], r: -8.2598206683210928e+33, e: -4.7990707757860034e+33
#ERR  p: [453, 464], r: 7.3688956480580529e+33, e: 1.4277493003068780e+34
#ERR  p: [454, 464], r: -1.3492252780869592e+34, e: 9.5700842595516232e+32
#ERR  p: [455, 464], r: -1.6408989304170701e+34, e: -6.0553867970145358e+33
#ERR  p: [456, 464], r: -1.6949262237575980e+33, e: 5.0745684513137781e+33
#ERR  p: [457, 464], r: -4.7329409473424078e+33, e: -5.8276479197473616e+33
#ERR  p: [458, 464], r: -4.5004116754022129e+34, e: -5.0544240101275048e+34
#ERR  p: [459, 464], r: 8.2561662693251224e+33, e: 2.7603871722194445e+33
#ERR  p: [460, 464], r: 1.6032877123494978e+34, e: 8.2093535667395457e+33
#ERR  p: [461, 464], r: -3.3887135426790535e+34, e: -2.1402225404388440e+34
#ERR  p: [462, 464], r: 2.6643950732811854e+34, e: 2.4925853366368932e+34
#ERR  p: [463, 464], r: 1.8945525968786367e+34, e: -3.1628687136719859e+32
#ERR  p: [464, 464], r: 2.5460640987460138e+34, e: 4.8963851184802232e+34
#ERR  p: [465, 464], r: 1.4523313232549756e+34, e: 1.0047378231398298e+34
#ERR  p: [466, 464], r: 3.2249380368897234e+34, e: 3.2880514387365943e+34
#ERR  p: [467, 464], r: -7.9519697393516045e+33, e: -8.8178332824893316e+33
#ERR  p: [468, 464], r: -6.4491229110595457e+32, e: -5.4526344108565038e+33
#ERR  p: [469, 464], r: -5.5910754737418586e+34, e: -5.4110428441806172e+34
#ERR  p: [470, 464], r: -5.3035163627203205e+34, e: -5.6654098116928200e+34
#ERR  p: [471, 464], r: 1.5212689853986763e+34, e: 1.6760109951333331e+34
#ERR  p: [472, 464], r: -6.7094824987139211e+34, e: -6.9973872425944277e+34
#ERR  p: [473, 464], r: -5.2576937645781643e+34, e: -5.1146854457118700e+34
#ERR  p: [474, 464], r: 1.6341160093538177e+34, e: 1.4716948099674658e+34
#ERR  p: [475, 464], r: 2.2533368356484670e+34, e: 1.9025056188670217e+34
#ERR  p: [476, 464], r: 6.2958541737656424e+33, e: 1.7357037210636506e+34
#ERR  p: [477, 464], r: -1.4214647739034418e+34, e: 3.8451934096752036e+32
#ERR  p: [478, 464], r: -2.3720540474758957e+34, e: -1.6017071105073382e+34
#ERR  p: [479, 464], r: 2.2522511622340137e+33, e: -2.4990533876511534e+33
#ERR  p: [480, 464], r: -8.3699255312952131e+33, e: -1.1814648433111694e+34
#ERR  p: [481, 464], r: 1.5957553423864619e+34, e: 4.5862292689515894e+33
#ERR  p: [482, 464], r: 4.8727518527782338e+34, e: 4.7048267719772192e+34
#ERR  p: [483, 464], r: -1.5094683219741884e+34, e: -2.5270716226632975e+34
#ERR  p: [484, 464], r: 3.5716402284641363e+34, e: 2.7391322369209302e+34
#ERR  p: [485, 464], r: 1.7507372649007323e+34, e: 1.4283215999870396e+34
#ERR  p: [486, 464], r: 1.8988383143461417e+33, e: 1.5632228971240618e+34
#ERR  p: [487, 464], r: 5.2830035105783558e+32, e: -2.2766415211155290e+33
#ERR  p: [488, 464], r: -1.2988353930153625e+33, e: -9.6300754528254124e+33
#ERR  p: [489, 464], r: 1.1541449921721882e+34, e: 1.9445716879599664e+34
#ERR  p: [490, 464], r: 3.9645283535822357e+33, e: -5.3534444652087627e+33
#ERR  p: [491, 464], r: -1.5894653690468529e+34, e: -1.8006555876628642e+34
#ERR  p: [492, 464], r: -2.8848310946686074e+34, e: -5.1426737844720653e+34
#ERR  p: [493, 464], r: -7.6046706130902482e+33, e: -8.3875018039729870e+33
#ERR  p: [494, 464], r: 1.2333561949079144e+34, e: -4.2035027746459641e+33
#ERR  p: [495, 464], r: -2.5830676120483009e+34, e: -2.5803250796852681e+34
#ERR  p: [496, 464], r: 3.4336267500683507e+34, e: 3.3962174400211858e+34
#ERR  p: [497, 464], r: 4.3738476568417699e+34, e: 4.5916092325683197e+34
#ERR  p: [498, 464], r: 1.0202255671773253e+34, e: 8.6628475223609394e+32
#ERR  p: [499, 464], r: -2.0327790009611794e+34, e: -2.7290484725369272e+34
#ERR  p: [500, 464], r: 3.4081643041643133e+34, e: 3.5041413002340931e+34
#SDC Ite:2 KerTime:2.7301984 AccTime:5.4274306 KerErr:32768 AccErr:32768
#ABORT too many errors per iteration
#END
