#HEADER matrix_dim:2048 threads:4 block_size:16 block_offset:12 precision:Float
#BEGIN Y:2023 M:10 D:21 Time:05:00:46
#IT 0 KerTime:2.7099208 AccTime:2.7099208
#ERR  p: [448, 64], r: -1.7939007678385035e+34, e: -1.8852097396081460e+34
#ERR  p: [449, 64], r: -1.8823734951841393e+34, e: -2.0154243195504376e+34
#ERR  p: [450, 64], r: 8.3451054524775609e+33, e: 4.4560960835668807e+33
#ERR  p: [451, 64], r: -1.5304095632667478e+32, e: 9.9496242961961280e+32
#ERR  p: [452, 64], r: -4.1141705455310524e+33, e: -4.0722761787215566e+33
#ERR  p: [453, 64], r: -3.3651592575515706e+33, e: -7.1806123957229822e+33
#ERR  p: [454, 64], r: 3.7251933205850635e+34, e: 3.5681363629769430e+34
#ERR  p: [455, 64], r: 5.8986765864114192e+33, e: 3.0637781127123975e+33
#ERR  p: [456, 64], r: 7.7123961553088620e+33, e: 8.5247819266894999e+33
#ERR  p: [457, 64], r: 5.4211288368566909e+33, e: 1.7138417928153737e+33
#ERR  p: [458, 64], r: -2.4377671234052658e+34, e: -2.0363955189919477e+34
#ERR  p: [459, 64], r: -1.5950460027439514e+34, e: -1.6007722181896699e+34
#ERR  p: [460, 64], r: -2.5372809141672840e+34, e: -2.7059774792007813e+34
#ERR  p: [461, 64], r: -1.5673448660728703e+34, e: -1.9772290413723304e+34
#ERR  p: [462, 64], r: -2.3669960720633835e+34, e: -2.4022357683976968e+34
#ERR  p: [463, 64], r: -2.1846405718124270e+34, e: -2.3454603719639593e+34
#ERR  p: [448, 65], r: 5.3288391689879265e+34, e: 5.2581735901373913e+34
#ERR  p: [449, 65], r: -2.3070136681638733e+34, e: -1.9406409807472275e+34
#ERR  p: [450, 65], r: -1.7555262359427078e+34, e: -1.9136912736799926e+34
#ERR  p: [451, 65], r: 2.7861581127812718e+34, e: 2.9041600428540014e+34
#ERR  p: [452, 65], r: -7.3637099172334864e+33, e: -6.9765330284866301e+33
#ERR  p: [453, 65], r: 1.2877124089168804e+34, e: 1.2623086413707051e+34
#ERR  p: [454, 65], r: -3.9185924220294829e+33, e: -1.8400095467692415e+33
#ERR  p: [455, 65], r: 4.2733253782267479e+33, e: 3.4006711150035209e+33
#ERR  p: [456, 65], r: -3.4057284095490115e+33, e: -4.9050613450395587e+33
#ERR  p: [457, 65], r: 1.2836893513772108e+34, e: 8.9071723202744592e+33
#ERR  p: [458, 65], r: -4.3904750484794315e+33, e: -5.7036001381107700e+33
#ERR  p: [459, 65], r: -6.8386050917475591e+34, e: -6.4700188437466672e+34
#ERR  p: [460, 65], r: -5.4136485841693090e+33, e: -2.4428586469928427e+33
#ERR  p: [461, 65], r: 7.9384806495075352e+34, e: 8.1894289218072475e+34
#ERR  p: [462, 65], r: 3.7832920749207971e+34, e: 3.6435499370541534e+34
#ERR  p: [463, 65], r: -8.3732568279409301e+33, e: -9.9967211060207206e+33
#ERR  p: [448, 66], r: 8.4548989735318009e+33, e: 5.2386323352352598e+33
#ERR  p: [449, 66], r: -1.2870228763149985e+34, e: -1.0588774595389229e+34
#ERR  p: [450, 66], r: 3.6011027062231127e+34, e: 3.3999763211564719e+34
#ERR  p: [451, 66], r: 1.9057812082109708e+34, e: 2.2220117533063819e+34
#ERR  p: [452, 66], r: 4.3091009169070659e+34, e: 4.0459579448683612e+34
#ERR  p: [453, 66], r: 2.3498540687513910e+34, e: 2.0701356985566747e+34
#ERR  p: [454, 66], r: 6.2013789227575197e+33, e: 2.5742921336463157e+33
#ERR  p: [455, 66], r: 2.5459338674538809e+34, e: 2.5626742830171293e+34
#ERR  p: [456, 66], r: 1.9916474528038912e+34, e: 1.6808296767362515e+34
#ERR  p: [457, 66], r: -1.7828624278902075e+34, e: -1.4500316020439952e+34
#ERR  p: [458, 66], r: 1.6915373629000543e+34, e: 1.7239248453838542e+34
#ERR  p: [459, 66], r: -3.1801325302838441e+34, e: -3.1556559798270936e+34
#ERR  p: [460, 66], r: 8.9758798493648568e+33, e: 8.0573592887160867e+33
#ERR  p: [461, 66], r: 1.7821299387689624e+34, e: 1.9626116929764565e+34
#ERR  p: [462, 66], r: 1.4878400239598257e+34, e: 1.4013939282525040e+34
#ERR  p: [463, 66], r: -1.1574692944566832e+33, e: -1.1028154796622730e+33
#ERR  p: [448, 67], r: 4.1254101126327342e+33, e: 3.7528081109384044e+33
#ERR  p: [449, 67], r: 6.4377258160878648e+33, e: 1.0049464160364494e+34
#ERR  p: [450, 67], r: 1.1249437197615011e+34, e: 7.6077667011285009e+33
#ERR  p: [451, 67], r: 5.9705971888737819e+34, e: 6.0280277031763093e+34
#ERR  p: [452, 67], r: -3.6576211063046946e+34, e: -3.4092774598476387e+34
#ERR  p: [453, 67], r: 6.5883246262020394e+32, e: 2.0853734406032364e+33
#ERR  p: [454, 67], r: 1.2159836871606069e+34, e: 1.2793622557638927e+34
#ERR  p: [455, 67], r: -3.6511110272261006e+33, e: -6.0256613807912153e+33
#ERR  p: [456, 67], r: 6.7600086500353421e+33, e: 7.5731241870691388e+33
#ERR  p: [457, 67], r: 1.8143368058010305e+34, e: 1.5606814062234089e+34
#ERR  p: [458, 67], r: -4.2353212379907064e+33, e: -2.2834336338835732e+33
#ERR  p: [459, 67], r: 4.8237239802863599e+34, e: 5.0979871201099574e+34
#ERR  p: [460, 67], r: -4.3651756392785679e+34, e: -4.1783902943910326e+34
#ERR  p: [461, 67], r: -2.5118887832574780e+34, e: -2.2992250446127054e+34
#ERR  p: [462, 67], r: 3.4183877081847477e+34, e: 3.5463674349741174e+34
#ERR  p: [463, 67], r: -3.1994089898115725e+33, e: -3.3470370533164719e+33
#ERR  p: [448, 68], r: 1.8739031071048359e+33, e: 2.2287511917257545e+33
#ERR  p: [449, 68], r: -3.3596177427597135e+34, e: -3.3716643848700074e+34
#ERR  p: [450, 68], r: 5.3448600938003422e+34, e: 5.4404364924734092e+34
#ERR  p: [451, 68], r: -3.9218735202066068e+34, e: -4.0896129100017287e+34
#ERR  p: [452, 68], r: 5.8164736539827521e+33, e: 4.1685953414181949e+33
#ERR  p: [453, 68], r: -3.3968621591936456e+34, e: -3.3136671416174952e+34
#ERR  p: [454, 68], r: 1.1201030028258835e+34, e: 1.0865711685697683e+34
#ERR  p: [455, 68], r: -1.3479565133406956e+34, e: -9.8383297728442544e+33
#ERR  p: [456, 68], r: -3.2149149315676454e+34, e: -2.9941501133057893e+34
#ERR  p: [457, 68], r: 1.0138745943422805e+33, e: -2.5597231268089759e+33
#ERR  p: [458, 68], r: 3.9535677562684069e+34, e: 4.0305943662168061e+34
#ERR  p: [459, 68], r: 4.2755997835639250e+34, e: 4.3653291438434393e+34
#ERR  p: [460, 68], r: -2.9205966679316091e+34, e: -2.6590031016460740e+34
#ERR  p: [461, 68], r: -3.7493571673878905e+34, e: -3.5128514463505050e+34
#ERR  p: [462, 68], r: -1.9086724171727218e+34, e: -1.7072689811252890e+34
#ERR  p: [463, 68], r: -2.0577676872121823e+33, e: 9.6735149235464413e+32
#ERR  p: [448, 69], r: 1.2195542776159177e+34, e: 1.2450508906650394e+34
#ERR  p: [449, 69], r: 2.1239334778139191e+34, e: 1.8499186687622023e+34
#ERR  p: [450, 69], r: -3.9510599373368225e+34, e: -4.2851858960521352e+34
#ERR  p: [451, 69], r: 5.5443583401273148e+33, e: 7.1889889169988068e+33
#ERR  p: [452, 69], r: -8.3739686434635192e+33, e: -1.0784312176354512e+34
#ERR  p: [453, 69], r: 1.8670763939126937e+34, e: 1.8336648874283970e+34
#ERR  p: [454, 69], r: -1.9591047326391650e+34, e: -2.1256215328514886e+34
#ERR  p: [455, 69], r: 8.7462555894178509e+33, e: 1.0306022900716251e+34
#ERR  p: [456, 69], r: -3.0621620438881124e+34, e: -2.7363372159002317e+34
#ERR  p: [457, 69], r: -5.0673094804084185e+34, e: -4.7870017269609984e+34
#ERR  p: [458, 69], r: -3.1360738110066637e+33, e: -4.3934067999774691e+33
#ERR  p: [459, 69], r: -2.3298272937658517e+33, e: -2.1119356105411730e+33
#ERR  p: [460, 69], r: -6.1972126355553047e+33, e: -5.3103635328716118e+33
#ERR  p: [461, 69], r: 2.6465177335858574e+33, e: 1.9379726938380508e+33
#ERR  p: [462, 69], r: -1.3937269942071979e+34, e: -1.3480323990651038e+34
#ERR  p: [463, 69], r: -6.9396318928255919e+33, e: -5.9657871728511386e+33
#ERR  p: [448, 70], r: 1.4635338140524808e+34, e: 1.1442376342437834e+34
#ERR  p: [449, 70], r: -5.3876103723529999e+33, e: -6.0607662654552504e+33
#ERR  p: [450, 70], r: -3.6997577379798785e+33, e: -4.3104852433559968e+33
#ERR  p: [451, 70], r: 1.3640039300699520e+34, e: 1.5409704297418914e+34
#ERR  p: [452, 70], r: 2.3430936781968535e+34, e: 2.2620284126642897e+34
#ERR  p: [453, 70], r: 6.5526208880439999e+33, e: 7.8068782149872008e+33
#ERR  p: [454, 70], r: -1.3214900980647977e+34, e: -1.6011178510486384e+34
#ERR  p: [455, 70], r: 3.5897567381750543e+34, e: 4.0335726023633188e+34
#ERR  p: [456, 70], r: -1.1897066767107197e+34, e: -1.0961358646952989e+34
#ERR  p: [457, 70], r: 5.7256583727007766e+33, e: 9.6039289212556659e+33
#ERR  p: [458, 70], r: 2.9481435572737953e+34, e: 2.7511739272710670e+34
#ERR  p: [459, 70], r: 1.2829829827907946e+34, e: 1.3208166586834265e+34
#ERR  p: [460, 70], r: -1.6504517423182236e+34, e: -1.7751199795025050e+34
#ERR  p: [461, 70], r: 1.5397303852045392e+34, e: 1.8898749166461929e+34
#ERR  p: [462, 70], r: -4.3394834317032392e+34, e: -4.3897244854336127e+34
#ERR  p: [463, 70], r: -6.6055584227679449e+34, e: -6.5713229433934998e+34
#ERR  p: [448, 71], r: -1.8058019519941813e+34, e: -1.6219542388198702e+34
#ERR  p: [449, 71], r: 1.6150696519308915e+33, e: 3.5753175293508336e+33
#ERR  p: [450, 71], r: 1.0709929311154010e+34, e: 1.0867915218967611e+34
#ERR  p: [451, 71], r: 1.6751344097915152e+34, e: 1.5163341850200730e+34
#ERR  p: [452, 71], r: -2.3476601914137694e+34, e: -2.6371997589101563e+34
#ERR  p: [453, 71], r: -1.9147817750605991e+34, e: -1.8885027839066490e+34
#ERR  p: [454, 71], r: 3.6362067243291203e+34, e: 4.1792850774514281e+34
#ERR  p: [455, 71], r: 2.4383608394481071e+34, e: 2.4831336644369493e+34
#ERR  p: [456, 71], r: -2.7921665785559474e+34, e: -2.5900391951735405e+34
#ERR  p: [457, 71], r: 1.6092061798833172e+34, e: 1.2988877888275253e+34
#ERR  p: [458, 71], r: 1.4142655336049777e+34, e: 1.5097471060710355e+34
#ERR  p: [459, 71], r: 5.3954638639622264e+33, e: 6.4053320201098646e+33
#ERR  p: [460, 71], r: 5.4701450727121955e+34, e: 5.9463261364635528e+34
#ERR  p: [461, 71], r: -8.1223523787186085e+33, e: -8.0087738559942534e+33
#ERR  p: [462, 71], r: 1.0794329587152409e+34, e: 9.6568452872049391e+33
#ERR  p: [463, 71], r: -3.8209185196508526e+34, e: -3.8691555960456311e+34
#ERR  p: [448, 72], r: -1.0594163348380238e+34, e: -1.4935929789103927e+34
#ERR  p: [449, 72], r: 2.0540099202229315e+34, e: 2.0051496648123768e+34
#ERR  p: [450, 72], r: -3.1796757304093478e+34, e: -3.4002880344583640e+34
#ERR  p: [451, 72], r: -1.2018705517427339e+34, e: -1.2239249487186187e+34
#ERR  p: [452, 72], r: 6.1167985264834050e+33, e: 7.3524100005548894e+33
#ERR  p: [453, 72], r: -9.6752169363579538e+33, e: -1.0778644886854663e+34
#ERR  p: [454, 72], r: 1.9095436793723709e+34, e: 2.0783775319562249e+34
#ERR  p: [455, 72], r: -2.6107796425917277e+34, e: -2.2596929149861739e+34
#ERR  p: [456, 72], r: 3.2818228672229338e+34, e: 3.5484706951008633e+34
#ERR  p: [457, 72], r: -4.3069924574321551e+34, e: -4.6726571669403335e+34
#ERR  p: [458, 72], r: 1.3971403662775195e+34, e: 1.4531514585310022e+34
#ERR  p: [459, 72], r: -2.6348736695763391e+34, e: -2.4167615092306636e+34
#ERR  p: [460, 72], r: 2.4741675123204132e+34, e: 2.5166300936079410e+34
#ERR  p: [461, 72], r: 2.3479865124081251e+34, e: 2.4661211496530660e+34
#ERR  p: [462, 72], r: -1.4944888761168236e+34, e: -1.6530524067527543e+34
#ERR  p: [463, 72], r: 1.0022797075008228e+34, e: 8.1646837383619721e+33
#ERR  p: [448, 73], r: -6.9153623259434099e+34, e: -6.8633331916202925e+34
#ERR  p: [449, 73], r: 1.0499923924949599e+34, e: 1.1230093146561138e+34
#ERR  p: [450, 73], r: -8.2491650994329439e+33, e: -1.1370645144801482e+34
#ERR  p: [451, 73], r: 8.0800525865462467e+33, e: 8.4375498628512359e+33
#ERR  p: [452, 73], r: -2.0070676053152417e+34, e: -2.2948937400032537e+34
#ERR  p: [453, 73], r: 4.3078674334519220e+34, e: 4.5577822734068388e+34
#ERR  p: [454, 73], r: -8.2866963465739784e+33, e: -5.2528562662866488e+33
#ERR  p: [455, 73], r: -1.7739358898549285e+34, e: -1.8487948667945390e+34
#ERR  p: [456, 73], r: 2.0745258053179924e+34, e: 2.3327241972517835e+34
#ERR  p: [457, 73], r: -9.1419290796243423e+33, e: -1.2303720166492130e+34
#ERR  p: [458, 73], r: -1.1036485514117101e+34, e: -1.0389159239934540e+34
#ERR  p: [459, 73], r: 1.9592379349873921e+34, e: 2.1903687679622083e+34
#ERR  p: [460, 73], r: 1.7756874202680124e+33, e: 6.6318032467768107e+33
#ERR  p: [461, 73], r: -4.9007396963624134e+34, e: -4.7839177707351307e+34
#ERR  p: [462, 73], r: -2.2672748025507811e+34, e: -2.3797542821082586e+34
#ERR  p: [463, 73], r: -3.5778367373307793e+33, e: -4.3348506886942215e+33
#ERR  p: [448, 74], r: -2.5973115977283264e+34, e: -2.3262131278211581e+34
#ERR  p: [449, 74], r: -7.1100250546829298e+33, e: -6.6409683358576600e+33
#ERR  p: [450, 74], r: -1.4270051745492635e+34, e: -1.1217945240955630e+34
#ERR  p: [451, 74], r: -2.0067601010094832e+34, e: -2.0466792106922953e+34
#ERR  p: [452, 74], r: -1.1046516542255430e+33, e: -6.2361545153711049e+33
#ERR  p: [453, 74], r: -1.4514124003638141e+34, e: -1.6819136170346498e+34
#ERR  p: [454, 74], r: 4.7946358555952635e+33, e: 1.6566602592032477e+33
#ERR  p: [455, 74], r: -9.0734629488416054e+33, e: -9.8831487729965620e+33
#ERR  p: [456, 74], r: 3.6715673674052719e+33, e: 4.1694625184157143e+32
#ERR  p: [457, 74], r: 8.1866398428987376e+33, e: 1.8608420659778506e+33
#ERR  p: [458, 74], r: 4.5941975176024576e+34, e: 4.8129969822579443e+34
#ERR  p: [459, 74], r: 3.3536256796905585e+33, e: 2.2320588127682201e+33
#ERR  p: [460, 74], r: -1.0280856198687599e+34, e: -8.9091542622773551e+33
#ERR  p: [461, 74], r: 1.0825524438202361e+34, e: 1.0297420455383257e+34
#ERR  p: [462, 74], r: 8.0200230171312397e+33, e: 8.4770680037553235e+33
#ERR  p: [463, 74], r: -4.0859825270425204e+34, e: -3.8597111038979150e+34
#ERR  p: [448, 75], r: -8.1637874697735295e+32, e: -5.8811826367462578e+33
#ERR  p: [449, 75], r: -3.2305139664146727e+34, e: -2.7555163733408722e+34
#ERR  p: [450, 75], r: -1.7863633223213066e+34, e: -1.8693112470656156e+34
#ERR  p: [451, 75], r: -1.7132601157394145e+34, e: -1.6125059090580324e+34
#ERR  p: [452, 75], r: 3.3538477042366044e+34, e: 3.3405344018781137e+34
#ERR  p: [453, 75], r: -3.6827545077462899e+34, e: -3.5634190686632421e+34
#ERR  p: [454, 75], r: -5.3615876347871820e+34, e: -5.1750320515709380e+34
#ERR  p: [455, 75], r: -3.2700641699657777e+34, e: -2.9091853366494765e+34
#ERR  p: [456, 75], r: -5.1259313882047541e+34, e: -5.4212726854892558e+34
#ERR  p: [457, 75], r: 3.6955285634236679e+34, e: 3.9780358887328903e+34
#ERR  p: [458, 75], r: -1.1079287290975393e+34, e: -1.3117392157573586e+34
#ERR  p: [459, 75], r: -1.4820879355672862e+34, e: -1.2231698052946546e+34
#ERR  p: [460, 75], r: 1.8020434422409070e+34, e: 1.9179631571675586e+34
#ERR  p: [461, 75], r: 6.1647517432271752e+34, e: 6.6747176761786777e+34
#ERR  p: [462, 75], r: -2.2582219946314950e+34, e: -2.4887828800122242e+34
#ERR  p: [463, 75], r: -1.6267958223135154e+34, e: -1.7373354498294327e+34
#ERR  p: [448, 76], r: -3.1198567345950232e+34, e: -3.0257584363288629e+34
#ERR  p: [449, 76], r: -1.0144502674090491e+34, e: -1.0502740238538973e+34
#ERR  p: [450, 76], r: 1.1754447409001246e+34, e: 1.2900071783677037e+34
#ERR  p: [451, 76], r: 1.9317576468193195e+34, e: 1.6738625501951534e+34
#ERR  p: [452, 76], r: 4.8829108839166254e+33, e: 9.3014023723951439e+33
#ERR  p: [453, 76], r: 4.2119404501597293e+34, e: 4.5152268466163646e+34
#ERR  p: [454, 76], r: -3.2042822645702233e+34, e: -3.0182812784915792e+34
#ERR  p: [455, 76], r: -2.7946882624159717e+34, e: -2.8482380822833472e+34
#ERR  p: [456, 76], r: -5.4099668266984703e+34, e: -5.3243578260457134e+34
#ERR  p: [457, 76], r: 1.3074445541730697e+34, e: 7.2890454206740476e+33
#ERR  p: [458, 76], r: 1.9126899039822146e+34, e: 2.1769462792922526e+34
#ERR  p: [459, 76], r: 3.8201212862655529e+34, e: 3.8617685602432073e+34
#ERR  p: [460, 76], r: -1.4657763424336463e+34, e: -1.6678794621912832e+34
#ERR  p: [461, 76], r: 3.8227100664757064e+34, e: 3.6426299000169565e+34
#ERR  p: [462, 76], r: -5.5782890386640878e+33, e: -5.5286204084078797e+33
#ERR  p: [463, 76], r: 2.7012599372990726e+34, e: 2.5495850478057492e+34
#ERR  p: [448, 77], r: 1.6753158918012744e+34, e: 1.3074790927001658e+34
#ERR  p: [449, 77], r: 1.5692912791966387e+34, e: 1.9201387129925987e+34
#ERR  p: [450, 77], r: 1.7703279136104313e+34, e: 1.4846167994795384e+34
#ERR  p: [451, 77], r: -4.9943378668527025e+34, e: -4.9057617715137864e+34
#ERR  p: [452, 77], r: 2.8859556394002942e+34, e: 3.3476817724889318e+34
#ERR  p: [453, 77], r: 5.1123055059863439e+33, e: 7.3141737465614819e+33
#ERR  p: [454, 77], r: 1.7212533707790763e+34, e: 1.8420820131375101e+34
#ERR  p: [455, 77], r: -3.4271124619936232e+34, e: -3.5803298247758961e+34
#ERR  p: [456, 77], r: -2.4361085313406313e+34, e: -2.4122019284779677e+34
#ERR  p: [457, 77], r: -2.5838108712478879e+34, e: -2.5075181121547770e+34
#ERR  p: [458, 77], r: -4.0184493078733890e+32, e: -2.1107946940524666e+33
#ERR  p: [459, 77], r: -2.4272515655355601e+34, e: -2.1388353048308208e+34
#ERR  p: [460, 77], r: -1.2884255861735127e+34, e: -1.1071316195062434e+34
#ERR  p: [461, 77], r: 1.3103448000971075e+34, e: 1.7601983454449747e+34
#ERR  p: [462, 77], r: 6.4465578992981464e+33, e: 4.6704144528681622e+33
#ERR  p: [463, 77], r: 2.0631782279478830e+34, e: 1.8710831106438448e+34
#ERR  p: [448, 78], r: 2.8285397327902304e+34, e: 2.8794567017820538e+34
#ERR  p: [449, 78], r: -6.1982523813943005e+34, e: -6.0600418229442606e+34
#ERR  p: [450, 78], r: -9.7670275214315147e+33, e: -8.5908105535348839e+33
#ERR  p: [451, 78], r: -4.3003164943882969e+34, e: -4.3440410317518722e+34
#ERR  p: [452, 78], r: -1.5380779828401011e+34, e: -1.4173657068453601e+34
#ERR  p: [453, 78], r: 4.9110851612707214e+33, e: 6.2925593963510843e+33
#ERR  p: [454, 78], r: -2.4593145839350632e+33, e: -1.2901065230558564e+33
#ERR  p: [455, 78], r: -1.6291095941439417e+33, e: -1.1769445671547208e+33
#ERR  p: [456, 78], r: -3.8313755229567002e+33, e: -5.5032878224139634e+33
#ERR  p: [457, 78], r: -2.6712775247235964e+34, e: -2.5703542154328479e+34
#ERR  p: [458, 78], r: 5.5931597933860034e+33, e: 5.4835055405861830e+33
#ERR  p: [459, 78], r: 2.2950534342683215e+34, e: 2.3318712565647158e+34
#ERR  p: [460, 78], r: -3.4904915257729247e+34, e: -3.6160627164218608e+34
#ERR  p: [461, 78], r: -7.4110184148047968e+33, e: -7.4859954912241552e+33
#ERR  p: [462, 78], r: 5.4602607404685214e+33, e: 5.9070011142055937e+33
#ERR  p: [463, 78], r: 1.4584249593043540e+34, e: 1.4387143542048482e+34
#ERR  p: [448, 79], r: -8.5846530397794784e+33, e: -6.4913261439088432e+33
#ERR  p: [449, 79], r: 4.5471471924263401e+33, e: 3.5998754743651671e+33
#ERR  p: [450, 79], r: 2.5743294884870011e+34, e: 2.7601947963373396e+34
#ERR  p: [451, 79], r: -1.0147775168584342e+34, e: -1.1619078665705390e+34
#ERR  p: [452, 79], r: 3.4977820022522841e+34, e: 3.5120178175280503e+34
#ERR  p: [453, 79], r: 2.2182494059389858e+34, e: 2.5238346570485740e+34
#ERR  p: [454, 79], r: 3.4996859540327050e+34, e: 3.4556950119726755e+34
#ERR  p: [455, 79], r: 9.0932408978792483e+33, e: 1.2730620075219576e+34
#ERR  p: [456, 79], r: -3.4039518417986330e+34, e: -3.0495518914719358e+34
#ERR  p: [457, 79], r: 4.1938170079845913e+34, e: 4.2466691248458256e+34
#ERR  p: [458, 79], r: 1.0130492906665899e+34, e: 9.1828906586142366e+33
#ERR  p: [459, 79], r: 6.1927376061072920e+34, e: 6.2350206860891234e+34
#ERR  p: [460, 79], r: -5.8510152759289124e+33, e: -4.6483710735586271e+33
#ERR  p: [461, 79], r: 1.2336911969567955e+33, e: 2.7879604296844674e+33
#ERR  p: [462, 79], r: -9.8149067093609358e+33, e: -8.6856243811437512e+33
#ERR  p: [463, 79], r: -4.8279339667719617e+34, e: -4.5872140502528409e+34
#ERR  p: [736, 112], r: 1.0310935046792136e+34, e: 1.1621943258956296e+34
#ERR  p: [737, 112], r: 2.6963247655384575e+34, e: 2.7821328269495315e+34
#ERR  p: [738, 112], r: 1.0188581386099306e+34, e: 9.4936117515648082e+33
#ERR  p: [739, 112], r: -3.1702361900217889e+34, e: -3.3021456336718662e+34
#ERR  p: [740, 112], r: 3.9428585845765569e+34, e: 4.1444212197130418e+34
#ERR  p: [741, 112], r: -1.1144847357515907e+34, e: -1.0960485899225293e+34
#ERR  p: [742, 112], r: 3.6408435525402677e+32, e: -1.3020006509533103e+33
#ERR  p: [743, 112], r: -4.6253023704115538e+33, e: -3.0843727926909589e+33
#ERR  p: [744, 112], r: -3.2729562454855562e+34, e: -3.4045056961722093e+34
#ERR  p: [745, 112], r: 1.4148206259185933e+34, e: 1.7732730967578951e+34
#ERR  p: [746, 112], r: 4.2787670531544366e+33, e: 3.8071493458728951e+33
#ERR  p: [747, 112], r: -2.4507219183283795e+34, e: -2.4798159851316645e+34
#ERR  p: [748, 112], r: -1.9706964317850215e+34, e: -1.7164818546916547e+34
#ERR  p: [749, 112], r: 1.2516047928210241e+34, e: 1.3933816089362373e+34
#ERR  p: [750, 112], r: -5.9993885793374617e+33, e: -7.0876889025541037e+33
#ERR  p: [751, 112], r: -5.0327266969559519e+33, e: -6.0100231032449427e+33
#ERR  p: [736, 113], r: -2.8962998663685628e+34, e: -2.7835235287896647e+34
#ERR  p: [737, 113], r: -5.1731345370787214e+34, e: -5.0234933354819360e+34
#ERR  p: [738, 113], r: 1.4275132251413863e+34, e: 1.3009166487579101e+34
#ERR  p: [739, 113], r: 2.1667201518037318e+34, e: 2.1123337320578072e+34
#ERR  p: [740, 113], r: 4.9978938496155497e+33, e: 6.3244084987117990e+33
#ERR  p: [741, 113], r: -5.5110916416791135e+32, e: -5.8976422875085962e+33
#ERR  p: [742, 113], r: -2.3903646661849736e+34, e: -2.4490464902792106e+34
#ERR  p: [743, 113], r: -1.9329270049804285e+33, e: 1.0207279851422692e+32
#ERR  p: [744, 113], r: -2.4432757089920779e+34, e: -2.6157895859307157e+34
#ERR  p: [745, 113], r: 4.0386526131085303e+34, e: 4.1487079584810792e+34
#ERR  p: [746, 113], r: -1.5268956704652362e+34, e: -1.3654945336712555e+34
#ERR  p: [747, 113], r: -3.5940915090166160e+34, e: -3.8918972973313271e+34
#ERR  p: [748, 113], r: -6.0820662617711947e+33, e: -6.4784918005515520e+33
#ERR  p: [749, 113], r: -1.1598249086604374e+34, e: -1.1706747103407502e+34
#ERR  p: [750, 113], r: 2.5148662766399672e+34, e: 2.3204242726094518e+34
#ERR  p: [751, 113], r: -2.5588112292275373e+33, e: -4.4091800129880237e+33
#ERR  p: [736, 114], r: -2.6276450900989439e+34, e: -2.4813804937533134e+34
#ERR  p: [737, 114], r: -1.2011246928690645e+34, e: -1.0439345329127169e+34
#ERR  p: [738, 114], r: 6.6810088874583260e+33, e: 6.4772934745935238e+33
#ERR  p: [739, 114], r: -4.1670949580905810e+32, e: -2.1871831768591152e+32
#ERR  p: [740, 114], r: 1.6409821199877101e+34, e: 1.5186124898683738e+34
#ERR  p: [741, 114], r: 9.2918843156605934e+32, e: -1.3599066889734282e+33
#ERR  p: [742, 114], r: -1.6965322033705630e+34, e: -1.7180986043829614e+34
#ERR  p: [743, 114], r: -2.8676416782531102e+33, e: -9.7123761825171831e+32
#ERR  p: [744, 114], r: 7.8694656780083812e+32, e: -2.3832394547008588e+33
#ERR  p: [745, 114], r: -3.0108147669386334e+34, e: -2.7129884288192701e+34
#ERR  p: [746, 114], r: 2.3461778820107291e+34, e: 2.6040398018418424e+34
#ERR  p: [747, 114], r: 2.2876498100693713e+34, e: 2.0173123019043518e+34
#ERR  p: [748, 114], r: 2.1871535900921763e+34, e: 2.0622399931921086e+34
#ERR  p: [749, 114], r: -5.1591599890482464e+33, e: -4.0739173777286392e+33
#ERR  p: [750, 114], r: -1.5759662518884655e+34, e: -1.8103286035418323e+34
#ERR  p: [751, 114], r: -4.1721911858503072e+34, e: -4.2190828690103902e+34
#ERR  p: [736, 115], r: 2.3283468412728704e+34, e: 2.6115800946211297e+34
#ERR  p: [737, 115], r: -1.7856981771381986e+34, e: -2.1214880510603147e+34
#ERR  p: [738, 115], r: -1.4175002709276304e+34, e: -1.2708100707964935e+34
#ERR  p: [739, 115], r: 4.1591888540296849e+34, e: 4.3152876460473985e+34
#ERR  p: [740, 115], r: 1.1465857589102999e+34, e: 1.1394252661350654e+34
#ERR  p: [741, 115], r: 2.6390832846799290e+33, e: 3.8288092732552616e+31
#ERR  p: [742, 115], r: 1.7336331425539419e+34, e: 1.4430612568587949e+34
#ERR  p: [743, 115], r: -3.9681232076623165e+34, e: -3.8011543117476458e+34
#ERR  p: [744, 115], r: -4.5687420041626402e+34, e: -4.5173962127412083e+34
#ERR  p: [745, 115], r: 4.2862507101769266e+33, e: 3.6224400264312414e+33
#ERR  p: [746, 115], r: -4.9721762642694156e+34, e: -5.0374038201153780e+34
#ERR  p: [747, 115], r: -4.5791098757856591e+33, e: -3.9624127140550970e+33
#ERR  p: [748, 115], r: -3.7284893978366628e+33, e: -3.0751092873769864e+33
#ERR  p: [749, 115], r: -4.9177496114722142e+33, e: -6.7394984594644620e+33
#ERR  p: [750, 115], r: 2.3887635145381619e+34, e: 2.2710428444423580e+34
#ERR  p: [751, 115], r: 5.7548529602352516e+34, e: 5.7984423145465369e+34
#ERR  p: [736, 116], r: -3.0853050853345447e+34, e: -3.2697272026870842e+34
#ERR  p: [737, 116], r: -8.4266293747946800e+33, e: -8.8935456952920254e+33
#ERR  p: [738, 116], r: -6.6624328544048253e+34, e: -6.6658079741279329e+34
#ERR  p: [739, 116], r: -5.7992310061455657e+33, e: -6.6849498695733910e+33
#ERR  p: [740, 116], r: 7.8807949957629112e+33, e: 7.1981131540583596e+33
#ERR  p: [741, 116], r: -2.6759133625827123e+34, e: -2.7145346159283376e+34
#ERR  p: [742, 116], r: -7.9622291674271821e+33, e: -5.0158808089013565e+33
#ERR  p: [743, 116], r: 1.0380174890099426e+34, e: 8.6239811568875356e+33
#ERR  p: [744, 116], r: -3.7412503932466263e+34, e: -3.6337177220861332e+34
#ERR  p: [745, 116], r: -5.0973750825545347e+34, e: -5.1747423736017452e+34
#ERR  p: [746, 116], r: -5.3137506606131006e+34, e: -5.0963193672890321e+34
#ERR  p: [747, 116], r: 3.7020931118639904e+33, e: 4.4736036505724742e+33
#ERR  p: [748, 116], r: 9.4078002239216242e+33, e: 7.7174611869795981e+33
#ERR  p: [749, 116], r: 4.3146939300045573e+33, e: 5.4682559762122460e+33
#ERR  p: [750, 116], r: 1.2505445900228791e+33, e: 3.1337334853623947e+33
#ERR  p: [751, 116], r: -1.0193136386473857e+34, e: -1.0159236636438066e+34
#ERR  p: [736, 117], r: 1.0075415097408033e+34, e: 1.0873885803777084e+34
#ERR  p: [737, 117], r: -1.4575069029712200e+34, e: -1.4962390757443652e+34
#ERR  p: [738, 117], r: 2.7565542003728071e+33, e: 4.0967827492242598e+33
#ERR  p: [739, 117], r: -3.8933084251821085e+33, e: -3.0721209001221515e+33
#ERR  p: [740, 117], r: -1.3995699473986210e+34, e: -1.4209984418906430e+34
#ERR  p: [741, 117], r: 4.3557468070723489e+33, e: 7.8089257678121788e+33
#ERR  p: [742, 117], r: -3.6547584937578510e+34, e: -3.4272469022818896e+34
#ERR  p: [743, 117], r: -6.0621793740100947e+33, e: -8.1469124901280108e+33
#ERR  p: [744, 117], r: 3.2513839023609692e+33, e: 6.0088198255267573e+33
#ERR  p: [745, 117], r: 1.1114174917162533e+34, e: 9.1396543648021554e+33
#ERR  p: [746, 117], r: -1.3428019786051191e+34, e: -1.4195649073251506e+34
#ERR  p: [747, 117], r: -2.2643129072127869e+34, e: -2.2528790454219393e+34
#ERR  p: [748, 117], r: 3.2973496063716668e+34, e: 3.5889723793661631e+34
#ERR  p: [749, 117], r: 3.7725189017289161e+33, e: 3.3025176346536714e+33
#ERR  p: [750, 117], r: -5.1425529615242311e+34, e: -5.0853234886840836e+34
#ERR  p: [751, 117], r: 5.9461682991085439e+33, e: 7.8180803344026942e+33
#ERR  p: [736, 118], r: -1.1993163100596764e+34, e: -1.2699505690272177e+34
#ERR  p: [737, 118], r: -2.1571419621317730e+34, e: -2.2120787700191639e+34
#ERR  p: [738, 118], r: 2.9858856256035201e+34, e: 2.9847457304153461e+34
#ERR  p: [739, 118], r: -5.4194667785599463e+34, e: -5.6650468476733015e+34
#ERR  p: [740, 118], r: 1.5225139816961856e+34, e: 1.5750083338860665e+34
#ERR  p: [741, 118], r: -2.2922685643559451e+34, e: -2.1626166281615086e+34
#ERR  p: [742, 118], r: 4.0751906609560462e+34, e: 4.2400912066530788e+34
#ERR  p: [743, 118], r: -1.2592997043112181e+34, e: -1.2932403063683054e+34
#ERR  p: [744, 118], r: 3.4628084630264171e+34, e: 3.4954529418623726e+34
#ERR  p: [745, 118], r: 2.1914512227325594e+34, e: 2.0494227334073595e+34
#ERR  p: [746, 118], r: -2.5589676429515010e+34, e: -2.5298205923145346e+34
#ERR  p: [747, 118], r: -1.8508627218361613e+34, e: -1.8550628048014488e+34
#ERR  p: [748, 118], r: 2.5532580159023090e+34, e: 2.4346925755236967e+34
#ERR  p: [749, 118], r: -4.2914488822988878e+34, e: -4.0798245181110992e+34
#ERR  p: [750, 118], r: 3.1051272288315901e+34, e: 3.1802375075991755e+34
#ERR  p: [751, 118], r: 1.1345683321849332e+34, e: 1.1803421554895415e+34
#ERR  p: [736, 119], r: -2.3582765176026730e+34, e: -2.6008038265791504e+34
#ERR  p: [737, 119], r: 2.9760319942728202e+33, e: 4.3906533118450886e+33
#ERR  p: [738, 119], r: -7.9775752911241833e+33, e: -7.7781134402343657e+33
#ERR  p: [739, 119], r: -3.0269981094842033e+34, e: -3.1234569118172730e+34
#ERR  p: [740, 119], r: 7.9099645769085926e+33, e: 8.5360019962355630e+33
#ERR  p: [741, 119], r: 2.2597986350655289e+34, e: 2.8478221344301473e+34
#ERR  p: [742, 119], r: 2.1451017263611824e+33, e: 1.7087550971939501e+33
#ERR  p: [743, 119], r: 1.5140947514890058e+34, e: 1.4184274880170551e+34
#ERR  p: [744, 119], r: -5.6526036624199235e+32, e: 3.0046414075507250e+33
#ERR  p: [745, 119], r: 2.3219382113804958e+33, e: -5.2162452728223180e+32
#ERR  p: [746, 119], r: 3.3102699246646863e+33, e: -1.4871392261035863e+33
#ERR  p: [747, 119], r: 2.1585267218597176e+34, e: 2.3759337515590161e+34
#ERR  p: [748, 119], r: -2.8436827105267849e+34, e: -2.7832628186173912e+34
#ERR  p: [749, 119], r: -1.5335109744471695e+34, e: -1.6659836808151216e+34
#ERR  p: [750, 119], r: 2.7143362979340441e+34, e: 2.8460382628335371e+34
#ERR  p: [751, 119], r: -2.8036551572965314e+34, e: -2.6360385711533066e+34
#ERR  p: [736, 120], r: -1.7530997496717045e+34, e: -1.6250885792053369e+34
#ERR  p: [737, 120], r: 2.3968462726426640e+34, e: 2.2991131348331540e+34
#ERR  p: [738, 120], r: 6.1866288671894343e+33, e: 3.4181016202416688e+33
#ERR  p: [739, 120], r: 4.3748018610240511e+34, e: 3.9638612276950648e+34
#ERR  p: [740, 120], r: 1.9157544245494656e+34, e: 2.4080053117447903e+34
#ERR  p: [741, 120], r: 2.0327984366197962e+33, e: 1.9828054660732954e+33
#ERR  p: [742, 120], r: 1.6106192884381615e+34, e: 1.4121797284327858e+34
#ERR  p: [743, 120], r: 5.9434125207870907e+34, e: 6.0820221911057961e+34
#ERR  p: [744, 120], r: -2.8689587226609059e+34, e: -2.8653518605624440e+34
#ERR  p: [745, 120], r: 1.8568956988236147e+34, e: 1.7897659243132864e+34
#ERR  p: [746, 120], r: 5.3048488813786073e+34, e: 5.1351946459307187e+34
#ERR  p: [747, 120], r: 2.4382863154577421e+33, e: 3.9611976759065384e+32
#ERR  p: [748, 120], r: 2.5018320059663314e+34, e: 2.4903572921541874e+34
#ERR  p: [749, 120], r: 1.9667945685751979e+34, e: 2.3467322315603211e+34
#ERR  p: [750, 120], r: 4.0866713168803788e+34, e: 4.0900677291721622e+34
#ERR  p: [751, 120], r: 1.2837940811045343e+34, e: 1.1712239843361811e+34
#ERR  p: [736, 121], r: -9.1162962931708992e+33, e: -4.6789921394003706e+33
#ERR  p: [737, 121], r: 1.8720922793638702e+34, e: 1.5043722180084662e+34
#ERR  p: [738, 121], r: 9.5643015321431114e+32, e: 1.7720384372597138e+32
#ERR  p: [739, 121], r: 1.6419234495935827e+34, e: 1.9463680627509734e+34
#ERR  p: [740, 121], r: -2.6068521540230909e+34, e: -2.6531152112312249e+34
#ERR  p: [741, 121], r: 9.0560203736880744e+33, e: 5.4105011216194259e+33
#ERR  p: [742, 121], r: -1.8192521705210170e+34, e: -2.2989408135796854e+34
#ERR  p: [743, 121], r: 8.0471382367817270e+33, e: 7.7529714970064992e+33
#ERR  p: [744, 121], r: 6.8270932397342365e+34, e: 6.9121100098721993e+34
#ERR  p: [745, 121], r: 1.5225418353470696e+33, e: -2.6365192013735592e+33
#ERR  p: [746, 121], r: -4.9260451714694695e+34, e: -5.0822009087289902e+34
#ERR  p: [747, 121], r: 5.4871895263490923e+34, e: 5.2790541723680256e+34
#ERR  p: [748, 121], r: 3.6518535436616640e+34, e: 3.6449983269001173e+34
#ERR  p: [749, 121], r: 1.7062221790280693e+34, e: 1.7122804099923241e+34
#ERR  p: [750, 121], r: 1.3651212947494110e+34, e: 1.5709637361897133e+34
#ERR  p: [751, 121], r: -5.0807349401344684e+33, e: -4.3796176953648790e+33
#ERR  p: [736, 122], r: -7.9735773637673111e+33, e: -5.4013682189795980e+33
#ERR  p: [737, 122], r: -2.4336582766208737e+33, e: -2.4251808632318474e+33
#ERR  p: [738, 122], r: -9.0698890159481886e+33, e: -5.7249564606985018e+33
#ERR  p: [739, 122], r: -4.8607975609948706e+33, e: -2.7190638052530690e+33
#ERR  p: [740, 122], r: -7.3171051885745097e+33, e: -1.0435151188274070e+34
#ERR  p: [741, 122], r: 4.3942152367201244e+34, e: 4.5551603164036324e+34
#ERR  p: [742, 122], r: 6.8737029201533704e+33, e: 1.2862679804790422e+34
#ERR  p: [743, 122], r: -1.1647261608639761e+34, e: -1.0521204114224915e+34
#ERR  p: [744, 122], r: -4.5350701588880817e+33, e: -5.1803860184468433e+33
#ERR  p: [745, 122], r: 1.5473679800709143e+34, e: 1.3559943342217716e+34
#ERR  p: [746, 122], r: -4.9086396107231131e+33, e: -3.9380896681632178e+33
#ERR  p: [747, 122], r: -6.7183748696041159e+34, e: -6.6472200568500551e+34
#ERR  p: [748, 122], r: 8.2632677123604830e+33, e: 9.5955907761210592e+33
#ERR  p: [749, 122], r: 2.6961364980698579e+32, e: -6.6101533776572634e+32
#ERR  p: [750, 122], r: 2.0078181683610604e+34, e: 2.1540419126853945e+34
#ERR  p: [751, 122], r: -2.5377780708870610e+34, e: -2.2775380682404805e+34
#ERR  p: [736, 123], r: 3.7394132902283268e+34, e: 3.5688050981861650e+34
#ERR  p: [737, 123], r: -1.2123619697816736e+34, e: -7.0492873835654516e+33
#ERR  p: [738, 123], r: -1.9357977879315313e+32, e: 1.0070831005442560e+33
#ERR  p: [739, 123], r: 2.1306163733219973e+34, e: 1.7301213542504971e+34
#ERR  p: [740, 123], r: 9.0872152247380267e+33, e: 9.2760060324892044e+33
#ERR  p: [741, 123], r: 2.8622017983384785e+34, e: 2.6827084154583497e+34
#ERR  p: [742, 123], r: -4.5878503514330336e+33, e: -3.9042889533305698e+33
#ERR  p: [743, 123], r: -1.0471088587614525e+34, e: -7.9677070521010199e+33
#ERR  p: [744, 123], r: 2.1659811016002784e+34, e: 1.9005084502016426e+34
#ERR  p: [745, 123], r: -3.0875447664536198e+34, e: -2.6394250799247757e+34
#ERR  p: [746, 123], r: 7.5876155131690135e+33, e: 9.3462950299797890e+33
#ERR  p: [747, 123], r: 4.2760286059935334e+34, e: 4.1526998199317588e+34
#ERR  p: [748, 123], r: -1.4265229969039619e+34, e: -1.4643539493285074e+34
#ERR  p: [749, 123], r: 7.6229825316363673e+32, e: 1.1050590912409728e+33
#ERR  p: [750, 123], r: 5.2545647473348665e+34, e: 4.8475696764990906e+34
#ERR  p: [751, 123], r: -1.8289264243400244e+34, e: -1.9676834095234048e+34
#ERR  p: [736, 124], r: 6.4002682263791678e+33, e: 6.9414956115547360e+33
#ERR  p: [737, 124], r: -1.2769797163642840e+34, e: -1.1793057520886518e+34
#ERR  p: [738, 124], r: -3.4702479874865065e+34, e: -3.5578312549139158e+34
#ERR  p: [739, 124], r: 3.1507512613914449e+34, e: 3.2828939329449235e+34
#ERR  p: [740, 124], r: 2.1871023393745499e+34, e: 2.0177999264858263e+34
#ERR  p: [741, 124], r: 2.7945223784507074e+34, e: 2.3502430295117344e+34
#ERR  p: [742, 124], r: 5.3165563279181370e+33, e: 6.8075263594732918e+33
#ERR  p: [743, 124], r: 2.1111995313938139e+34, e: 2.2703107267031246e+34
#ERR  p: [744, 124], r: -4.3985282198169947e+34, e: -4.9493630100494489e+34
#ERR  p: [745, 124], r: 2.3567159703891498e+34, e: 2.5781136235990887e+34
#ERR  p: [746, 124], r: -2.2612452917954377e+34, e: -1.8550130396118695e+34
#ERR  p: [747, 124], r: -2.2291135677237543e+34, e: -2.4877932707448195e+34
#ERR  p: [748, 124], r: 1.6542915847320790e+34, e: 1.4358451805757965e+34
#ERR  p: [749, 124], r: -3.1209295334330679e+34, e: -3.0767467106669491e+34
#ERR  p: [750, 124], r: 1.5414072987817552e+34, e: 1.3620139414568007e+34
#ERR  p: [751, 124], r: -3.9597180899715845e+34, e: -4.1415784142068268e+34
#ERR  p: [736, 125], r: 7.4533683435487497e+33, e: 6.4241177602060203e+33
#ERR  p: [737, 125], r: 9.5946994592927737e+33, e: 1.0328604783942876e+34
#ERR  p: [738, 125], r: 1.3694438099845837e+34, e: 1.4965245447174244e+34
#ERR  p: [739, 125], r: 2.1862934693528808e+34, e: 2.3978881229797266e+34
#ERR  p: [740, 125], r: 3.3093813932014892e+34, e: 3.0578775334121457e+34
#ERR  p: [741, 125], r: -5.0859992801515295e+33, e: -5.3018588848017213e+33
#ERR  p: [742, 125], r: -1.0777895933130896e+33, e: 3.9376678400948313e+33
#ERR  p: [743, 125], r: 1.2924850391503373e+34, e: 1.1157055922183340e+34
#ERR  p: [744, 125], r: 1.8792355647725587e+34, e: 1.8730213533633539e+34
#ERR  p: [745, 125], r: -1.5287096240048011e+34, e: -1.6564940038559716e+34
#ERR  p: [746, 125], r: -9.3064420262950747e+33, e: -7.9252847038647688e+33
#ERR  p: [747, 125], r: 1.9427120544329519e+34, e: 2.1542986614495423e+34
#ERR  p: [748, 125], r: 3.1103288052886594e+34, e: 3.3134086597372924e+34
#ERR  p: [749, 125], r: 2.0084168980610608e+32, e: -2.2744191092600020e+33
#ERR  p: [750, 125], r: -3.8365527119949956e+34, e: -3.5269664386784370e+34
#ERR  p: [751, 125], r: 1.5524663123287072e+34, e: 1.5716152640323892e+34
#ERR  p: [736, 126], r: 6.4254188351873092e+33, e: 4.9257915794524219e+33
#ERR  p: [737, 126], r: -5.2418664535878928e+34, e: -5.5152724437282891e+34
#ERR  p: [738, 126], r: -4.2458753576926358e+34, e: -4.4784585419215417e+34
#ERR  p: [739, 126], r: -4.9722639104241970e+34, e: -4.7865332904501328e+34
#ERR  p: [740, 126], r: 2.0319144236377425e+34, e: 2.0222941440044479e+34
#ERR  p: [741, 126], r: 2.6361019536833180e+34, e: 2.6694607239219412e+34
#ERR  p: [742, 126], r: 2.0398220132266857e+34, e: 1.8525258942789412e+34
#ERR  p: [743, 126], r: 2.5490423348925265e+34, e: 2.4913909720869907e+34
#ERR  p: [744, 126], r: -4.5565349250232549e+34, e: -4.6758322355530927e+34
#ERR  p: [745, 126], r: 4.0769497118548687e+33, e: 6.5685940283708991e+33
#ERR  p: [746, 126], r: -1.3041241513996985e+34, e: -1.0455863163071354e+34
#ERR  p: [747, 126], r: -1.6274071171049145e+34, e: -1.6825996834044217e+34
#ERR  p: [748, 126], r: 1.2830197496099613e+34, e: 6.1564633632821478e+33
#ERR  p: [749, 126], r: -1.7642159560484715e+34, e: -1.5031150898985719e+34
#ERR  p: [750, 126], r: -1.8385036236599518e+34, e: -1.9762019225217354e+34
#ERR  p: [751, 126], r: 4.0779921192649490e+34, e: 4.0130022479065294e+34
#ERR  p: [736, 127], r: 7.9394182652932900e+33, e: 1.1601741315455198e+34
#ERR  p: [737, 127], r: -4.9510669107195213e+34, e: -5.2638869310067012e+34
#ERR  p: [738, 127], r: 5.1793882387751793e+33, e: 6.1724235052386346e+33
#ERR  p: [739, 127], r: -8.4843458532462823e+33, e: -7.7960511914036108e+33
#ERR  p: [740, 127], r: -3.2291698111200166e+34, e: -3.2409025116363477e+34
#SDC Ite:1 KerTime:2.7099208 AccTime:2.7099208 KerErr:768 AccErr:768
#ABORT too many errors per iteration
#END
