#HEADER matrix_dim:2048 threads:4 block_size:16 block_offset:12 precision:Float
#BEGIN Y:2023 M:10 D:25 Time:01:39:37
#IT 0 KerTime:2.7279975 AccTime:2.7279975
#IT 1 KerTime:2.7202798 AccTime:5.4482774
#IT 2 KerTime:2.7464989 AccTime:8.1947763
#IT 3 KerTime:2.6891722 AccTime:10.8839485
#IT 4 KerTime:2.6974751 AccTime:13.5814235
#IT 5 KerTime:2.6709204 AccTime:16.2523439
#IT 6 KerTime:2.6669894 AccTime:18.9193333
#IT 7 KerTime:2.6479285 AccTime:21.5672618
#IT 8 KerTime:2.6737697 AccTime:24.2410315
#IT 9 KerTime:2.6473677 AccTime:26.8883992
#IT 10 KerTime:2.7011136 AccTime:29.5895128
#IT 11 KerTime:2.6921593 AccTime:32.2816721
#IT 12 KerTime:2.7765642 AccTime:35.0582363
#ERR  p: [440, 112], r: 4.5367392734430502e+34, e: 4.5326332739207485e+34
#ERR  p: [441, 112], r: 1.5734185712876162e+34, e: 1.4257220496985443e+34
#ERR  p: [442, 112], r: -6.8064109754978957e+33, e: -6.4272051826639980e+33
#ERR  p: [443, 112], r: 3.5649791207007496e+34, e: 3.6176930834535996e+34
#ERR  p: [440, 113], r: 5.2920124335232493e+34, e: 5.2977683595299106e+34
#ERR  p: [441, 113], r: 2.6715018394587149e+33, e: 4.7419153936572072e+33
#ERR  p: [442, 113], r: 3.5202179323482766e+34, e: 3.4670602918853467e+34
#ERR  p: [443, 113], r: -4.4076384681541036e+34, e: -4.4815325946270951e+34
#ERR  p: [440, 114], r: -5.0875725781474573e+34, e: -5.0907055567988808e+34
#ERR  p: [441, 114], r: 3.7867991590520926e+34, e: 3.6740951171714887e+34
#ERR  p: [442, 114], r: -4.0622871167505589e+34, e: -4.0333505159202710e+34
#ERR  p: [443, 114], r: 6.5717542417031869e+34, e: 6.6119793701637103e+34
#ERR  p: [440, 115], r: -6.4077918069679247e+33, e: -6.3711141194839774e+33
#ERR  p: [441, 115], r: -4.5180141924088196e+34, e: -4.3860770189018623e+34
#ERR  p: [442, 115], r: 3.5525294053136643e+34, e: 3.5186549092546749e+34
#ERR  p: [443, 115], r: -4.0557433657028964e+34, e: -4.1028326240932494e+34
#ERR  p: [440, 116], r: -1.1948211021890233e+34, e: -1.1922221708705476e+34
#ERR  p: [441, 116], r: -5.5138681245477237e+34, e: -5.4203808734849547e+34
#ERR  p: [442, 116], r: -4.8019604992197072e+34, e: -4.8259626710534036e+34
#ERR  p: [443, 116], r: -2.7868857739363638e+34, e: -2.8202517242272148e+34
#ERR  p: [440, 117], r: 1.7772374759397026e+34, e: 1.7758435554554673e+34
#ERR  p: [441, 117], r: -3.1595237996858368e+34, e: -3.2096717603252561e+34
#ERR  p: [442, 117], r: 1.6372554252934454e+34, e: 1.6501307444660369e+34
#ERR  p: [443, 117], r: -2.3196661581293934e+34, e: -2.3017680210414054e+34
#ERR  p: [440, 118], r: -6.2997322685267117e+34, e: -6.2939674293517675e+34
#ERR  p: [441, 118], r: 5.6384826351343001e+33, e: 7.7120037283164085e+33
#ERR  p: [442, 118], r: -1.7435031146931603e+34, e: -1.7967399833186045e+34
#ERR  p: [443, 118], r: 1.5597965266833277e+34, e: 1.4857912331948084e+34
#ERR  p: [440, 119], r: 2.8436624083101406e+34, e: 2.8422219412804281e+34
#ERR  p: [441, 119], r: -4.2288670519048861e+34, e: -4.2806743473729636e+34
#ERR  p: [442, 119], r: 4.5694966524105885e+33, e: 4.7025108337517241e+33
#ERR  p: [443, 119], r: -7.2408802685955517e+33, e: -7.0559741166876516e+33
#ERR  p: [440, 120], r: -1.5785284163877745e+34, e: -1.5739623983468743e+34
#ERR  p: [441, 120], r: -2.5000929477991433e+34, e: -2.3358475199709005e+34
#ERR  p: [442, 120], r: 5.5102870116020790e+34, e: 5.4681178221038618e+34
#ERR  p: [443, 120], r: -2.5701927880517251e+34, e: -2.6288129627320057e+34
#ERR  p: [440, 121], r: 3.2143509260857470e+34, e: 3.2188109764592844e+34
#ERR  p: [441, 121], r: -2.2631380711670041e+33, e: -6.5871671522653075e+32
#ERR  p: [442, 121], r: -5.1253733248350443e+34, e: -5.1665670175823046e+34
#ERR  p: [443, 121], r: -3.7143162842238864e+34, e: -3.7715794290331024e+34
#ERR  p: [440, 122], r: 1.7065195322255056e+34, e: 1.7093103442500706e+34
#ERR  p: [441, 122], r: -2.3956504225647143e+34, e: -2.2952658647790629e+34
#ERR  p: [442, 122], r: 3.7576092756897669e+34, e: 3.7318358592478610e+34
#ERR  p: [443, 122], r: -6.4188558960690378e+33, e: -6.7771355504788554e+33
#ERR  p: [440, 123], r: -1.1995600604534117e+34, e: -1.2001100772128662e+34
#ERR  p: [441, 123], r: -2.7413897443765711e+34, e: -2.7611774731405243e+34
#ERR  p: [442, 123], r: -2.5776090392390760e+34, e: -2.5725285333178488e+34
#ERR  p: [443, 123], r: -3.0724015411290575e+34, e: -3.0653393407929422e+34
#ERR  p: [440, 124], r: -7.8931700633656275e+33, e: -7.9043313307598245e+33
#ERR  p: [441, 124], r: 8.1445932094644096e+33, e: 7.7430958303431001e+33
#ERR  p: [442, 124], r: 9.3113269376900948e+33, e: 9.4144077288813099e+33
#ERR  p: [443, 124], r: -3.6515254895512533e+34, e: -3.6371960860085172e+34
#ERR  p: [440, 125], r: 4.4469168200725816e+34, e: 4.4517759823147846e+34
#ERR  p: [441, 125], r: -6.3327373592961110e+33, e: -4.5847660238251540e+33
#ERR  p: [442, 125], r: 2.4416599496528026e+34, e: 2.3967816521726133e+34
#ERR  p: [443, 125], r: 4.7710734000635213e+34, e: 4.7086871641957267e+34
#ERR  p: [440, 126], r: 2.7733038385893482e+34, e: 2.7755440148844390e+34
#ERR  p: [441, 126], r: 2.5187932700325883e+33, e: 3.3246872838472137e+33
#ERR  p: [442, 126], r: -3.2541578165039979e+33, e: -3.4610695905502349e+33
#ERR  p: [443, 126], r: -4.0809181143418039e+34, e: -4.1096809083905762e+34
#ERR  p: [440, 127], r: 3.6843150549598131e+34, e: 3.6788775271312560e+34
#ERR  p: [441, 127], r: 4.2677435065896101e+33, e: 2.3117177784161557e+33
#ERR  p: [442, 127], r: -3.1561481847867134e+34, e: -3.1059279284489998e+34
#ERR  p: [443, 127], r: -9.6093195311567341e+33, e: -8.9112018151023332e+33
#SDC Ite:13 KerTime:2.7765642 AccTime:35.0582363 KerErr:64 AccErr:64
#IT 13 KerTime:2.6598017 AccTime:37.7180380
#IT 14 KerTime:2.6442073 AccTime:40.3622453
#IT 15 KerTime:2.6613753 AccTime:43.0236206
#IT 16 KerTime:2.6858977 AccTime:45.7095182
