#HEADER matrix_dim:2048 threads:4 block_size:16 block_offset:12 precision:Float
#BEGIN Y:2023 M:10 D:20 Time:04:50:33
#IT 0 KerTime:2.6897397 AccTime:2.6897397
#IT 1 KerTime:2.7598226 AccTime:5.4495623
#IT 2 KerTime:2.7651771 AccTime:8.2147394
#IT 3 KerTime:2.7023760 AccTime:10.9171155
#IT 4 KerTime:2.7009229 AccTime:13.6180383
#IT 5 KerTime:2.6868176 AccTime:16.3048559
#IT 6 KerTime:2.7277779 AccTime:19.0326338
#IT 7 KerTime:2.6780171 AccTime:21.7106509
#IT 8 KerTime:2.6479684 AccTime:24.3586192
#IT 9 KerTime:2.6513543 AccTime:27.0099735
#IT 10 KerTime:2.6489009 AccTime:29.6588744
#IT 11 KerTime:2.6933209 AccTime:32.3521953
#IT 12 KerTime:2.6985682 AccTime:35.0507635
#IT 13 KerTime:2.8061873 AccTime:37.8569508
#ERR  p: [806, 1661], r: -3.3005667649457616e+34, e: -3.1953681059353371e+34
#SDC Ite:14 KerTime:2.8061873 AccTime:37.8569508 KerErr:1 AccErr:1
#IT 14 KerTime:2.6568688 AccTime:40.5138196
#IT 15 KerTime:2.6803922 AccTime:43.1942118
#IT 16 KerTime:2.6446417 AccTime:45.8388535
#IT 17 KerTime:2.7032793 AccTime:48.5421328
#IT 18 KerTime:2.7099696 AccTime:51.2521024
#IT 19 KerTime:2.8056289 AccTime:54.0577313
#IT 20 KerTime:2.7009064 AccTime:56.7586377
#IT 21 KerTime:2.7946487 AccTime:59.5532864
#IT 22 KerTime:2.7563963 AccTime:62.3096827
#IT 23 KerTime:2.6908831 AccTime:65.0005658
#IT 24 KerTime:2.6878555 AccTime:67.6884213
#IT 25 KerTime:2.7289740 AccTime:70.4173953
#IT 26 KerTime:2.7177043 AccTime:73.1350996
#IT 27 KerTime:2.6842442 AccTime:75.8193438
#IT 28 KerTime:2.7330034 AccTime:78.5523472
#IT 29 KerTime:2.7242807 AccTime:81.2766279
#IT 30 KerTime:2.7151662 AccTime:83.9917941
#IT 31 KerTime:2.6812664 AccTime:86.6730605
#IT 32 KerTime:2.7096199 AccTime:89.3826803
#IT 33 KerTime:2.6779012 AccTime:92.0605815
#ERR  p: [70, 2045], r: -2.2920801498819659e+34, e: -2.1533360392749940e+34
#ERR  p: [71, 2045], r: 3.8145156461796608e+34, e: 3.3559395753149888e+34
#SDC Ite:34 KerTime:2.6779012 AccTime:92.0605815 KerErr:2 AccErr:3
#IT 34 KerTime:2.7071348 AccTime:94.7677163
#IT 35 KerTime:2.7061954 AccTime:97.4739117
#IT 36 KerTime:2.7144686 AccTime:100.1883804
#IT 37 KerTime:2.7026287 AccTime:102.8910091
#IT 38 KerTime:2.6950587 AccTime:105.5860678
#IT 39 KerTime:2.6760941 AccTime:108.2621620
#IT 40 KerTime:2.6710333 AccTime:110.9331953
#IT 41 KerTime:2.6479275 AccTime:113.5811227
#IT 42 KerTime:2.6508244 AccTime:116.2319471
#IT 43 KerTime:2.6964060 AccTime:118.9283531
#IT 44 KerTime:2.7494133 AccTime:121.6777664
#IT 45 KerTime:2.7024060 AccTime:124.3801724
#IT 46 KerTime:2.7998147 AccTime:127.1799871
#IT 47 KerTime:2.6937068 AccTime:129.8736939
#IT 48 KerTime:2.6943477 AccTime:132.5680415
