#HEADER matrix_dim:2048 threads:4 block_size:16 block_offset:12 precision:Float
#BEGIN Y:2023 M:10 D:21 Time:01:57:35
#IT 0 KerTime:2.6818076 AccTime:2.6818076
#IT 1 KerTime:2.7598669 AccTime:5.4416745
#IT 2 KerTime:2.7555618 AccTime:8.1972363
#IT 3 KerTime:2.7001203 AccTime:10.8973566
#IT 4 KerTime:2.7245740 AccTime:13.6219305
#IT 5 KerTime:2.6795712 AccTime:16.3015018
#IT 6 KerTime:2.6662473 AccTime:18.9677491
#IT 7 KerTime:2.6417392 AccTime:21.6094883
#IT 8 KerTime:2.6738585 AccTime:24.2833468
#IT 9 KerTime:2.6475559 AccTime:26.9309027
#IT 10 KerTime:2.7336145 AccTime:29.6645172
#IT 11 KerTime:2.6946651 AccTime:32.3591823
#IT 12 KerTime:2.7486846 AccTime:35.1078668
#ERR  p: [1388, 1682], r: 7.6154908280036220e+33, e: 4.9998720777983278e+33
#SDC Ite:13 KerTime:2.7486846 AccTime:35.1078668 KerErr:1 AccErr:1
#IT 13 KerTime:2.6405366 AccTime:37.7484034
#IT 14 KerTime:2.6490175 AccTime:40.3974209
#ERR  p: [1662, 1680], r: -3.3894683766180078e+33, e: -8.2404391695810311e+32
#ERR  p: [1663, 1680], r: -3.4366973365417942e+34, e: -3.4850898982055068e+34
#ERR  p: [1740, 1680], r: -2.0138603061048045e+34, e: -2.0414886519015756e+34
#ERR  p: [1465, 1681], r: -3.6276953913830176e+34, e: -3.7633337580194303e+34
#SDC Ite:15 KerTime:2.6490175 AccTime:40.3974209 KerErr:4 AccErr:5
#IT 15 KerTime:2.6754456 AccTime:43.0728665
#IT 16 KerTime:2.6708842 AccTime:45.7437507
