#HEADER matrix_dim:2048 threads:4 block_size:16 block_offset:12 precision:Float
#BEGIN Y:2023 M:10 D:21 Time:20:24:32
#IT 0 KerTime:2.7250479 AccTime:2.7250479
#IT 1 KerTime:2.6981894 AccTime:5.4232372
#IT 2 KerTime:2.7613108 AccTime:8.1845480
#IT 3 KerTime:2.6716497 AccTime:10.8561977
#IT 4 KerTime:2.6834434 AccTime:13.5396411
#IT 5 KerTime:2.6770985 AccTime:16.2167396
#IT 6 KerTime:2.6694925 AccTime:18.8862321
#ERR  p: [1320, 1010], r: -2.9848598684869682e+34, e: -2.9484574988677580e+34
#SDC Ite:7 KerTime:2.6694925 AccTime:18.8862321 KerErr:1 AccErr:1
#IT 7 KerTime:2.6775709 AccTime:21.5638030
#IT 8 KerTime:2.6897350 AccTime:24.2535379
#IT 9 KerTime:2.6750211 AccTime:26.9285591
#IT 10 KerTime:2.6798046 AccTime:29.6083636
#IT 11 KerTime:2.6772627 AccTime:32.2856263
#IT 12 KerTime:2.6504350 AccTime:34.9360613
#IT 13 KerTime:2.7061328 AccTime:37.6421941
#IT 14 KerTime:2.6448509 AccTime:40.2870450
#IT 15 KerTime:2.7131168 AccTime:43.0001618
#ERR  p: [716, 560], r: -6.4370871628215975e+34, e: -6.5797731221016618e+34
#ERR  p: [1526, 561], r: 3.2089381570579756e+34, e: 2.9775344820985009e+34
#SDC Ite:16 KerTime:2.7131168 AccTime:43.0001618 KerErr:2 AccErr:3
#IT 16 KerTime:2.6721773 AccTime:45.6723391
