#HEADER matrix_dim:2048 threads:4 block_size:16 block_offset:12 precision:Float
#BEGIN Y:2023 M:10 D:17 Time:03:03:08
#IT 0 KerTime:2.7331991 AccTime:2.7331991
#ERR  p: [1100, 368], r: -3.0139699047167600e+33, e: -2.3459463872233828e+34
#ERR  p: [1101, 368], r: -4.8276700379555860e+34, e: -9.3977122505414876e+33
#ERR  p: [1102, 368], r: -3.8681229064648592e+34, e: -2.2849996280332692e+34
#ERR  p: [1096, 369], r: 8.7766309241617962e+33, e: 5.0219587850092379e+33
#SDC Ite:1 KerTime:2.7331991 AccTime:2.7331991 KerErr:4 AccErr:4
#IT 1 KerTime:2.6855657 AccTime:5.4187648
#ERR  p: [1964, 368], r: 3.9356525356078767e+34, e: 1.8691209756815775e+34
#ERR  p: [1965, 368], r: -2.6673963351124289e+34, e: 1.3753948353414364e+34
#SDC Ite:2 KerTime:2.6855657 AccTime:5.4187648 KerErr:2 AccErr:6
#IT 2 KerTime:2.6567726 AccTime:8.0755374
#IT 3 KerTime:2.7132107 AccTime:10.7887481
#ERR  p: [2044, 368], r: 1.2758879770436383e+34, e: -1.0034014049704193e+34
#SDC Ite:4 KerTime:2.7132107 AccTime:10.7887481 KerErr:1 AccErr:7
#IT 4 KerTime:2.6769013 AccTime:13.4656494
#IT 5 KerTime:2.6684838 AccTime:16.1341332
#IT 6 KerTime:2.6544019 AccTime:18.7885351
#IT 7 KerTime:2.6503646 AccTime:21.4388997
