#HEADER matrix_dim:2048 threads:4 block_size:16 block_offset:12 precision:Float
#BEGIN Y:2023 M:10 D:16 Time:22:07:23
#IT 0 KerTime:2.7518474 AccTime:2.7518474
#IT 1 KerTime:2.7297174 AccTime:5.4815648
#IT 2 KerTime:2.7551214 AccTime:8.2366862
#IT 3 KerTime:2.7073315 AccTime:10.9440177
#IT 4 KerTime:2.7205703 AccTime:13.6645880
#IT 5 KerTime:2.7187523 AccTime:16.3833403
#IT 6 KerTime:2.6906983 AccTime:19.0740386
#IT 7 KerTime:2.6898105 AccTime:21.7638491
#IT 8 KerTime:2.6862163 AccTime:24.4500654
#IT 9 KerTime:2.6642586 AccTime:27.1143241
#IT 10 KerTime:2.6597274 AccTime:29.7740515
#IT 11 KerTime:2.7080110 AccTime:32.4820624
#ERR  p: [1209, 534], r: 2.6139482739162826e+34, e: 2.9234808206351362e+34
#ERR  p: [1366, 692], r: -1.1537058948402537e+34, e: -9.6956033329249054e+33
#ERR  p: [1367, 692], r: 1.4411173196151051e+34, e: 1.6735091183139374e+34
#ERR  p: [1256, 694], r: 5.0229064281093108e+33, e: -2.3352779437588253e+32
#ERR  p: [1433, 694], r: -2.0317575766347650e+34, e: -1.8320646023396128e+34
#ERR  p: [1494, 694], r: 2.6214935184557270e+34, e: 2.7696719701020927e+34
#SDC Ite:12 KerTime:2.7080110 AccTime:32.4820624 KerErr:6 AccErr:6
#IT 12 KerTime:2.7493087 AccTime:35.2313712
#IT 13 KerTime:2.7331565 AccTime:37.9645277
#IT 14 KerTime:2.6833364 AccTime:40.6478641
#IT 15 KerTime:2.6615524 AccTime:43.3094165
#IT 16 KerTime:2.6862635 AccTime:45.9956800
#IT 17 KerTime:2.7895337 AccTime:48.7852136
#IT 18 KerTime:2.7400885 AccTime:51.5253021
#ERR  p: [1865, 692], r: 4.3555484271810534e+33, e: 4.7165342185167489e+33
#SDC Ite:19 KerTime:2.7400885 AccTime:51.5253021 KerErr:1 AccErr:7
#IT 19 KerTime:2.7807712 AccTime:54.3060733
#IT 20 KerTime:2.6937518 AccTime:56.9998252
#IT 21 KerTime:2.6842924 AccTime:59.6841175
#IT 22 KerTime:2.6671496 AccTime:62.3512671
#IT 23 KerTime:2.6616790 AccTime:65.0129461
#IT 24 KerTime:2.6634358 AccTime:67.6763819
#IT 25 KerTime:2.7173953 AccTime:70.3937772
#IT 26 KerTime:2.6998910 AccTime:73.0936682
#IT 27 KerTime:2.7656721 AccTime:75.8593403
#IT 28 KerTime:2.7026947 AccTime:78.5620350
#IT 29 KerTime:2.7373988 AccTime:81.2994338
#IT 30 KerTime:2.6967124 AccTime:83.9961462
#IT 31 KerTime:2.7800425 AccTime:86.7761887
#IT 32 KerTime:2.7443775 AccTime:89.5205662
#IT 33 KerTime:2.7470025 AccTime:92.2675687
#IT 34 KerTime:2.7373279 AccTime:95.0048967
#IT 35 KerTime:2.7180012 AccTime:97.7228979
#IT 36 KerTime:2.6983634 AccTime:100.4212613
#IT 37 KerTime:2.7078341 AccTime:103.1290954
#IT 38 KerTime:2.7207518 AccTime:105.8498471
#IT 39 KerTime:2.7248449 AccTime:108.5746920
#IT 40 KerTime:2.7129622 AccTime:111.2876542
#IT 41 KerTime:2.6897585 AccTime:113.9774128
#IT 42 KerTime:2.6868117 AccTime:116.6642244
#IT 43 KerTime:2.6585269 AccTime:119.3227514
#IT 44 KerTime:2.6637709 AccTime:121.9865223
#IT 45 KerTime:2.6584243 AccTime:124.6449466
#IT 46 KerTime:2.7399242 AccTime:127.3848708
#IT 47 KerTime:2.7097485 AccTime:130.0946193
#IT 48 KerTime:2.7003812 AccTime:132.7950005
#IT 49 KerTime:2.7529432 AccTime:135.5479437
#IT 50 KerTime:2.6976059 AccTime:138.2455496
#IT 51 KerTime:2.9036736 AccTime:141.1492232
#IT 52 KerTime:2.6578836 AccTime:143.8071069
#IT 53 KerTime:2.6602075 AccTime:146.4673143
#IT 54 KerTime:2.6596916 AccTime:149.1270059
