#HEADER matrix_dim:2048 threads:4 block_size:16 block_offset:12 precision:Float
#BEGIN Y:2023 M:10 D:17 Time:01:17:32
#IT 0 KerTime:2.6908839 AccTime:2.6908839
#IT 1 KerTime:2.7386611 AccTime:5.4295450
#ERR  p: [2013, 499], r: -4.7966863794763358e+34, e: -3.1069952803508717e+34
#SDC Ite:2 KerTime:2.7386611 AccTime:5.4295450 KerErr:1 AccErr:1
#IT 2 KerTime:2.8568360 AccTime:8.2863810
#IT 3 KerTime:2.7206974 AccTime:11.0070784
#IT 4 KerTime:2.6962663 AccTime:13.7033447
#IT 5 KerTime:2.7049221 AccTime:16.4082668
#IT 6 KerTime:2.6928894 AccTime:19.1011562
#IT 7 KerTime:2.7075199 AccTime:21.8086761
#IT 8 KerTime:2.7061333 AccTime:24.5148094
#IT 9 KerTime:2.7334978 AccTime:27.2483072
#ERR  p: [1207, 83], r: -1.8877975294662681e+34, e: 2.7849998960805164e+34
#SDC Ite:10 KerTime:2.7334978 AccTime:27.2483072 KerErr:1 AccErr:2
#IT 10 KerTime:2.7027531 AccTime:29.9510603
#IT 11 KerTime:2.7015545 AccTime:32.6526148
#IT 12 KerTime:2.7143045 AccTime:35.3669193
#IT 13 KerTime:2.6829189 AccTime:38.0498382
#IT 14 KerTime:2.6832551 AccTime:40.7330932
#IT 15 KerTime:2.6975863 AccTime:43.4306795
#IT 16 KerTime:2.7286353 AccTime:46.1593148
#IT 17 KerTime:2.7146776 AccTime:48.8739925
#IT 18 KerTime:2.6773748 AccTime:51.5513672
#IT 19 KerTime:2.6700053 AccTime:54.2213725
#IT 20 KerTime:2.6803340 AccTime:56.9017065
#IT 21 KerTime:2.6532354 AccTime:59.5549419
#IT 22 KerTime:2.7954499 AccTime:62.3503917
