#HEADER matrix_dim:2048 threads:4 block_size:16 block_offset:12 precision:Float
#BEGIN Y:2023 M:10 D:29 Time:00:14:33
#IT 0 KerTime:2.6854136 AccTime:2.6854136
#IT 1 KerTime:2.7054913 AccTime:5.3909049
#IT 2 KerTime:2.7689658 AccTime:8.1598706
#IT 3 KerTime:2.6921338 AccTime:10.8520044
#IT 4 KerTime:2.6918975 AccTime:13.5439019
#IT 5 KerTime:2.6831363 AccTime:16.2270382
#IT 6 KerTime:2.6784709 AccTime:18.9055090
#IT 7 KerTime:2.6548441 AccTime:21.5603531
#IT 8 KerTime:2.6514089 AccTime:24.2117621
#IT 9 KerTime:2.6550643 AccTime:26.8668264
#IT 10 KerTime:2.6969428 AccTime:29.5637692
#IT 11 KerTime:2.7568802 AccTime:32.3206494
#IT 12 KerTime:2.6914335 AccTime:35.0120830
#IT 13 KerTime:2.7398164 AccTime:37.7518994
#IT 14 KerTime:2.7375746 AccTime:40.4894740
#IT 15 KerTime:2.7319895 AccTime:43.2214635
#IT 16 KerTime:2.6886728 AccTime:45.9101363
#IT 17 KerTime:2.7267151 AccTime:48.6368513
#IT 18 KerTime:2.6991311 AccTime:51.3359824
#IT 19 KerTime:2.7186304 AccTime:54.0546129
#IT 20 KerTime:2.7261831 AccTime:56.7807960
#IT 21 KerTime:2.7242697 AccTime:59.5050657
#ERR  p: [0, 400], r: -2.7939851124736576e+34, e: -3.5939372616877210e+34
#ERR  p: [1, 400], r: 1.0260610308315107e+34, e: 3.3074648144326676e+34
#ERR  p: [2, 400], r: -1.8969294417540646e+34, e: -3.7341069840439339e+34
#ERR  p: [3, 400], r: 1.8237202675048097e+34, e: 1.7479720782349805e+34
#ERR  p: [4, 400], r: 1.6004408216411532e+34, e: 3.5559691455068227e+33
#ERR  p: [5, 400], r: 6.3773332207563374e+31, e: -2.2834543693792312e+33
#ERR  p: [6, 400], r: 1.5743630112178375e+32, e: -1.6013018089384762e+34
#ERR  p: [7, 400], r: 1.3680328059278062e+34, e: 5.1527997626114079e+33
#ERR  p: [8, 400], r: 7.7218880605600826e+33, e: -5.5318805235013378e+33
#ERR  p: [9, 400], r: 1.9281639068852740e+34, e: 9.4957923829440094e+33
#ERR  p: [10, 400], r: -2.0584061547874437e+33, e: 1.2525713764036981e+34
#ERR  p: [11, 400], r: -2.0831067104943030e+34, e: -3.2454343625321636e+34
#ERR  p: [12, 400], r: 1.4392588002341260e+34, e: 3.0807149893598804e+33
#ERR  p: [13, 400], r: -6.4705875534007149e+33, e: -1.6650648817179640e+34
#ERR  p: [14, 400], r: -2.7662636735859322e+33, e: -7.8583839482617083e+33
#ERR  p: [15, 400], r: 1.6097543397327128e+34, e: 1.2852611638450914e+34
#ERR  p: [16, 400], r: 4.6359804698084177e+34, e: 4.3507169947957304e+34
#ERR  p: [17, 400], r: -2.7908310888415663e+34, e: 1.1890082309405549e+34
#ERR  p: [18, 400], r: 2.1702518709418091e+33, e: 1.5256023945061948e+34
#ERR  p: [19, 400], r: -1.0228098289063355e+34, e: -1.5857617000373189e+34
#ERR  p: [20, 400], r: -1.0069088604837265e+34, e: 4.5325627113385092e+30
#ERR  p: [21, 400], r: -2.4928012333797446e+34, e: -2.9407216115622637e+34
#ERR  p: [22, 400], r: 1.4127749300036742e+33, e: -3.3607515720416950e+33
#ERR  p: [23, 400], r: -7.3632859227700312e+33, e: 5.5904103285587506e+33
#ERR  p: [24, 400], r: 3.2407207820385806e+34, e: 4.1404825896840514e+34
#ERR  p: [25, 400], r: 5.5587271101633002e+34, e: 5.5739607051107304e+34
#ERR  p: [26, 400], r: -5.0931304337478330e+34, e: -5.6886459462302066e+34
#ERR  p: [27, 400], r: 2.2003903877562392e+34, e: 2.2691970758437835e+34
#ERR  p: [28, 400], r: 1.4854231936211289e+34, e: 1.5226492885424795e+34
#ERR  p: [29, 400], r: -3.0567633873767888e+34, e: -5.0233220045804989e+34
#ERR  p: [30, 400], r: -5.9990759994775421e+32, e: -1.6624134617418225e+34
#ERR  p: [31, 400], r: 3.1304532537432982e+34, e: 6.4341096694391083e+34
#ERR  p: [32, 400], r: 1.3903035329255561e+33, e: 2.0667848424583370e+34
#ERR  p: [33, 400], r: -1.9541280898872338e+34, e: -1.6085443771383153e+34
#ERR  p: [34, 400], r: 3.4088941936114760e+34, e: 3.3781601038441457e+34
#ERR  p: [35, 400], r: 3.8311307822109335e+34, e: 2.2179765639543273e+34
#ERR  p: [36, 400], r: 4.0422948183951138e+33, e: 1.0700829213925224e+34
#ERR  p: [37, 400], r: 9.7916693368835099e+32, e: -9.1108029342465704e+33
#ERR  p: [38, 400], r: 1.7605152580950318e+34, e: 2.0014804105359350e+34
#ERR  p: [39, 400], r: 1.3375750243772445e+34, e: 8.2120776537959932e+33
#ERR  p: [40, 400], r: 1.0712287586928849e+34, e: 2.0815763690177384e+34
#ERR  p: [41, 400], r: 3.1662523132843627e+33, e: 3.7777232016540718e+33
#ERR  p: [42, 400], r: -2.1681338793285957e+34, e: -5.4491882333751412e+34
#ERR  p: [43, 400], r: -9.8747382083696571e+33, e: -4.6677457636284727e+32
#ERR  p: [44, 400], r: -3.1351329146798048e+34, e: -3.9044992793432444e+34
#ERR  p: [45, 400], r: -2.4471519468430883e+34, e: -3.2084102994252243e+34
#ERR  p: [46, 400], r: -8.3639413291453076e+33, e: -2.3439840046731076e+34
#ERR  p: [47, 400], r: -1.1159379535637078e+34, e: -1.9474723052660160e+34
#ERR  p: [48, 400], r: -1.1777060859698872e+34, e: -1.7505200064238377e+34
#ERR  p: [49, 400], r: 1.6858545991497148e+32, e: -9.5754216380310022e+33
#ERR  p: [50, 400], r: 2.7303530137503262e+34, e: 3.4990234085236795e+34
#ERR  p: [51, 400], r: 2.0143780126292336e+34, e: 4.1435633272658170e+34
#ERR  p: [52, 400], r: -1.2444060476985757e+34, e: -5.9422087478928896e+33
#ERR  p: [53, 400], r: -1.2739533243502431e+34, e: -6.1756545287411694e+33
#ERR  p: [54, 400], r: 1.3778175149468189e+33, e: 1.6441970502697342e+34
#ERR  p: [55, 400], r: 6.6743357716765581e+33, e: -8.5932220607314118e+33
#ERR  p: [56, 400], r: -1.7687820978833756e+34, e: -2.2804138029517404e+34
#ERR  p: [57, 400], r: -3.7086019530025451e+34, e: -3.0628857436350786e+34
#ERR  p: [58, 400], r: 1.6412429539539875e+34, e: 2.5666646589397618e+34
#ERR  p: [59, 400], r: -2.6821669404851663e+34, e: -2.2439755330713910e+34
#ERR  p: [60, 400], r: 1.7490009302016306e+34, e: 1.5361826966399552e+34
#ERR  p: [61, 400], r: -2.2994392082395017e+34, e: -2.2229082694828324e+34
#ERR  p: [62, 400], r: 3.9056483352877091e+34, e: 3.2631322009217953e+34
#ERR  p: [63, 400], r: -1.6481245388383710e+34, e: -2.9049716363437569e+34
#ERR  p: [64, 400], r: 9.9032714883351458e+33, e: -2.2068139657745881e+33
#ERR  p: [65, 400], r: -2.5053103698887155e+34, e: -1.5956878746543209e+34
#ERR  p: [66, 400], r: -2.2495262086195388e+34, e: -2.8747532723967929e+34
#ERR  p: [67, 400], r: 1.7130544938988892e+34, e: 2.5725064979851495e+34
#ERR  p: [68, 400], r: -2.1032264547767925e+34, e: -2.1406251185396196e+34
#ERR  p: [69, 400], r: -1.7391092941117247e+34, e: -7.8788037692097206e+33
#ERR  p: [70, 400], r: 2.9869035836978245e+33, e: -7.3637402467644489e+33
#ERR  p: [71, 400], r: -1.6426681943212168e+34, e: -1.6462020179573608e+34
#ERR  p: [72, 400], r: -5.3807026669337875e+33, e: -5.6345596031498047e+33
#ERR  p: [73, 400], r: 2.8458270702628350e+34, e: 1.9565059251146932e+34
#ERR  p: [74, 400], r: 4.8755804219739970e+33, e: 2.2286944012264522e+34
#ERR  p: [75, 400], r: -1.6369543582758912e+34, e: -1.2347079016368101e+34
#ERR  p: [76, 400], r: 2.0180645980662255e+34, e: 4.0543620722070618e+34
#ERR  p: [77, 400], r: -1.4021168852354467e+33, e: 1.7987294767557400e+34
#ERR  p: [78, 400], r: 1.2252416217444026e+34, e: 1.2171021659861013e+34
#ERR  p: [79, 400], r: -2.4008307064531079e+34, e: -3.0588805124319747e+34
#ERR  p: [80, 400], r: 2.4607106089173654e+34, e: 1.9791774352001617e+34
#ERR  p: [81, 400], r: -8.5453738213029729e+33, e: 1.1748385216628866e+34
#ERR  p: [82, 400], r: 4.3544181879251858e+33, e: 3.1935656652381376e+34
#ERR  p: [83, 400], r: -2.0493493854600319e+33, e: 2.3959114731704986e+33
#ERR  p: [84, 400], r: 5.7390361717353140e+33, e: 7.0339146441576057e+33
#ERR  p: [85, 400], r: 5.4786373413816932e+33, e: -3.1839854948621159e+33
#ERR  p: [86, 400], r: 1.5179613334077097e+34, e: 1.4253381644923619e+34
#ERR  p: [87, 400], r: 2.8504324547969845e+34, e: 1.4393377808086324e+34
#ERR  p: [88, 400], r: -3.3466065596678104e+33, e: 6.1461209932239381e+33
#ERR  p: [89, 400], r: 3.1314819819159444e+34, e: 3.9722955607707239e+34
#ERR  p: [90, 400], r: 1.9482867460178618e+33, e: -8.6954672423961092e+33
#ERR  p: [91, 400], r: -1.6906038323164292e+34, e: -2.0460634593167547e+34
#ERR  p: [92, 400], r: -7.0598940538220487e+33, e: -3.4197870756051559e+34
#ERR  p: [93, 400], r: 9.8151505835486750e+33, e: 9.6036553365069838e+33
#ERR  p: [94, 400], r: 2.6237487976192971e+34, e: 3.4121158087697122e+34
#ERR  p: [95, 400], r: 2.7162620374591564e+34, e: 2.6828834601799047e+34
#ERR  p: [96, 400], r: -1.6590092504277917e+34, e: -1.8700204629141222e+34
#ERR  p: [97, 400], r: 3.5288931685555807e+34, e: 2.2284745430754752e+34
#ERR  p: [98, 400], r: -1.3723560639270026e+34, e: 1.6724052471809066e+34
#ERR  p: [99, 400], r: 4.3511509546765019e+33, e: 8.1840240755957276e+33
#ERR  p: [100, 400], r: 2.3457908400574465e+33, e: 1.1456331640500698e+34
#ERR  p: [101, 400], r: -4.3672103175271374e+34, e: -6.4764987170883026e+34
#ERR  p: [102, 400], r: 1.0528126055954579e+33, e: 4.5859033812362475e+33
#ERR  p: [103, 400], r: -1.9934097842438179e+34, e: -1.4736065607701342e+34
#ERR  p: [104, 400], r: -3.6970522200240203e+33, e: -1.2277895499332598e+34
#ERR  p: [105, 400], r: -1.4423491937481980e+34, e: -1.8749286475818809e+34
#ERR  p: [106, 400], r: 6.4723974217381501e+33, e: 1.4221357374047345e+34
#ERR  p: [107, 400], r: 3.1991443182311733e+34, e: 2.2125531486422180e+34
#ERR  p: [108, 400], r: -2.1728615723386266e+34, e: -1.9669587194244071e+34
#ERR  p: [109, 400], r: 6.4781971708222021e+33, e: 1.0893784451968557e+34
#ERR  p: [110, 400], r: -3.7411379882910592e+34, e: -2.8863292497041505e+34
#ERR  p: [111, 400], r: 9.5275059308704222e+33, e: 5.6049932622215323e+33
#ERR  p: [112, 400], r: -1.8545925113805243e+34, e: -2.7361592001225825e+34
#ERR  p: [113, 400], r: -3.2991406580205049e+34, e: -4.4662618614784864e+34
#ERR  p: [114, 400], r: -1.3925333724213189e+34, e: -1.1187621899693335e+34
#ERR  p: [115, 400], r: 4.6170890096329071e+34, e: 2.2862053816315332e+34
#ERR  p: [116, 400], r: 1.1359169440637307e+34, e: 1.2612898167183733e+34
#ERR  p: [117, 400], r: -1.2169282354105817e+34, e: -3.5761975809247615e+34
#ERR  p: [118, 400], r: -2.0800190404483174e+34, e: -6.0281997768417699e+33
#ERR  p: [119, 400], r: -2.5012374233654626e+33, e: -2.8234763104415453e+33
#ERR  p: [120, 400], r: 2.3555602295684730e+34, e: 1.0183896402020631e+34
#ERR  p: [121, 400], r: 1.2529931425750826e+34, e: 1.5751476021404861e+34
#ERR  p: [122, 400], r: -9.2858940785529963e+33, e: 2.1203112652589701e+34
#ERR  p: [123, 400], r: -1.9389714948102472e+34, e: -4.0294643745489464e+34
#ERR  p: [124, 400], r: -8.4133660852137764e+33, e: -3.0400048978889669e+34
#ERR  p: [125, 400], r: 1.0914897519338569e+34, e: -4.9051145764612480e+33
#ERR  p: [126, 400], r: -1.6391928014549270e+34, e: -5.1413469603379592e+33
#ERR  p: [127, 400], r: -2.3406922292631448e+33, e: -2.5245311221146760e+32
#ERR  p: [128, 400], r: 3.3889121082613549e+34, e: 4.6806597065302900e+34
#ERR  p: [129, 400], r: -2.2086835647189188e+33, e: 1.6420836390346662e+34
#ERR  p: [130, 400], r: 1.7212794913139052e+34, e: 1.5175439000264627e+34
#ERR  p: [131, 400], r: 3.6612794667087907e+33, e: -1.3484981121078829e+34
#ERR  p: [132, 400], r: 1.7467191591212198e+34, e: -1.3580552567991739e+34
#ERR  p: [133, 400], r: 2.1436484157035623e+34, e: 1.1697983725869401e+34
#ERR  p: [134, 400], r: -1.3255022617321216e+34, e: -1.1442981695117045e+34
#ERR  p: [135, 400], r: 6.2137088055488020e+33, e: 3.0991143064727731e+34
#ERR  p: [136, 400], r: 2.5898931182489048e+34, e: 2.4116968489419393e+34
#ERR  p: [137, 400], r: 1.4381815448119398e+34, e: 2.1722656280037146e+34
#ERR  p: [138, 400], r: 8.7259756556942778e+33, e: 1.3624245661678317e+34
#ERR  p: [139, 400], r: 1.9066213981156338e+33, e: -5.7174898253515520e+33
#ERR  p: [140, 400], r: -8.7894663507166218e+32, e: 8.7890288936552393e+33
#ERR  p: [141, 400], r: 3.7885471303875635e+33, e: -3.3231231466075766e+32
#ERR  p: [142, 400], r: -3.9887049511674674e+34, e: -3.8816305654095177e+34
#ERR  p: [143, 400], r: -5.5951801115301171e+33, e: 6.2366088393655226e+33
#ERR  p: [144, 400], r: -2.8012832641812606e+34, e: -2.4562968575012973e+34
#ERR  p: [145, 400], r: -1.6032813988552974e+34, e: -9.5838055869470624e+33
#ERR  p: [146, 400], r: -1.4340119151716188e+34, e: -1.5909648858164393e+34
#ERR  p: [147, 400], r: 1.9074276684632204e+34, e: 3.4310666900671085e+34
#ERR  p: [148, 400], r: -2.8338131097695783e+34, e: -2.3887907492190262e+34
#ERR  p: [149, 400], r: -1.3577293071868301e+34, e: -3.1039681455728072e+33
#ERR  p: [150, 400], r: 1.7815880924137672e+34, e: 5.6346091207513761e+33
#ERR  p: [151, 400], r: -2.5563424673041924e+34, e: -4.2079320003125232e+34
#ERR  p: [152, 400], r: -3.3587494516161588e+34, e: -3.5047949325748358e+34
#ERR  p: [153, 400], r: 1.0163433872141263e+34, e: 2.8819275063064635e+33
#ERR  p: [154, 400], r: 5.8264910647806494e+33, e: -9.3214551441215082e+33
#ERR  p: [155, 400], r: 2.9914870566932786e+34, e: -6.2022974742666694e+33
#ERR  p: [156, 400], r: -2.6199173731977088e+34, e: -4.6336179850374455e+34
#ERR  p: [157, 400], r: 1.5342788996020392e+33, e: -2.8714211091930485e+33
#ERR  p: [158, 400], r: -4.9211886089013490e+33, e: 1.2710796941370499e+34
#ERR  p: [159, 400], r: -1.8982695118465910e+34, e: -5.1921009545236107e+33
#ERR  p: [160, 400], r: 1.4343949338197737e+34, e: 7.8249806121816709e+33
#ERR  p: [161, 400], r: 1.6567360830306539e+33, e: -1.5096489374259202e+34
#ERR  p: [162, 400], r: -1.1480725248974817e+34, e: 1.4996240989877872e+34
#ERR  p: [163, 400], r: 1.0232470693282111e+34, e: 2.2040470150442803e+34
#ERR  p: [164, 400], r: 8.8187803066193849e+33, e: 3.1304609908685438e+33
#ERR  p: [165, 400], r: 7.6422173344817738e+33, e: 2.5203468847818914e+33
#ERR  p: [166, 400], r: 1.1724685628289272e+33, e: 1.1040028498509536e+34
#ERR  p: [167, 400], r: 1.7466251994722380e+34, e: -5.8111616532741785e+33
#ERR  p: [168, 400], r: 1.6025291026934237e+34, e: 2.0842849818236948e+34
#ERR  p: [169, 400], r: 2.3871804368159238e+34, e: 3.1720903766126306e+34
#ERR  p: [170, 400], r: 1.3450260616796992e+34, e: 1.3963167647693829e+34
#ERR  p: [171, 400], r: -2.7410233141249426e+33, e: -1.4908930316847113e+34
#ERR  p: [172, 400], r: -8.3936023724865853e+33, e: -4.3624613938454328e+33
#ERR  p: [173, 400], r: 3.5296982009631280e+32, e: -7.0807304415932806e+33
#ERR  p: [174, 400], r: 1.5626341328413777e+34, e: -5.2354031686427839e+33
#ERR  p: [175, 400], r: -2.7791639372503153e+33, e: -2.7080770874044113e+33
#ERR  p: [176, 400], r: -7.4011644120920852e+33, e: -2.6369917849835564e+34
#ERR  p: [177, 400], r: -1.4992189212129291e+34, e: -3.3940819934534185e+34
#ERR  p: [178, 400], r: 9.6785049051022958e+33, e: 2.1346240804051798e+34
#ERR  p: [179, 400], r: 2.8785822828353046e+33, e: 9.8297706554126353e+33
#ERR  p: [180, 400], r: -3.7931881675948444e+34, e: -2.8193150987934915e+34
#ERR  p: [181, 400], r: -4.9452812741519171e+34, e: -5.6882151430965353e+34
#ERR  p: [182, 400], r: 1.9529771770327102e+34, e: 1.6130060368339037e+34
#ERR  p: [183, 400], r: -2.6282135521649837e+33, e: -1.2288832699579684e+34
#ERR  p: [184, 400], r: 1.6086015699681303e+33, e: 7.6791184701428120e+32
#ERR  p: [185, 400], r: 1.9621963640932763e+34, e: 1.6514488411228660e+33
#ERR  p: [186, 400], r: 2.9575687375568984e+33, e: 4.7970699551975084e+33
#ERR  p: [187, 400], r: -1.3026542213970510e+34, e: -3.1674055163279590e+34
#ERR  p: [188, 400], r: -1.9595256941495240e+33, e: -1.1459740927368890e+34
#ERR  p: [189, 400], r: 1.4335488018029221e+34, e: 3.4371301203795283e+34
#ERR  p: [190, 400], r: -1.5947682089991358e+34, e: -2.1043264882957015e+34
#ERR  p: [191, 400], r: -4.0700361262204697e+33, e: -4.9013162669357106e+33
#ERR  p: [192, 400], r: -2.7691904114268107e+34, e: -1.5585962200212366e+34
#ERR  p: [193, 400], r: -4.4859257962385111e+34, e: -3.9692388392257205e+34
#ERR  p: [194, 400], r: 5.4366297030586028e+33, e: -2.4272359984395661e+33
#ERR  p: [195, 400], r: -1.8077145693548773e+34, e: -5.8779556984458526e+34
#ERR  p: [196, 400], r: 5.1380131878121637e+33, e: 1.3455835060793894e+34
#ERR  p: [197, 400], r: -7.8305086334270997e+33, e: -5.4124186907402790e+33
#ERR  p: [198, 400], r: -3.7086836570451379e+34, e: -5.0393805627701089e+34
#ERR  p: [199, 400], r: -1.7078792855646567e+34, e: -3.6617068036103520e+34
#ERR  p: [200, 400], r: 4.7489499879304464e+33, e: 7.6089365544656256e+33
#ERR  p: [201, 400], r: 2.9703690375631093e+33, e: -3.6345579119907961e+33
#ERR  p: [202, 400], r: -2.0341675983032458e+34, e: -1.5135621896841052e+34
#ERR  p: [203, 400], r: 2.4509363295431837e+34, e: 4.6290123529152882e+34
#ERR  p: [204, 400], r: -1.3731981107417245e+34, e: -1.1877950497020552e+34
#ERR  p: [205, 400], r: -1.2289512328661252e+34, e: -8.6356060328264450e+33
#ERR  p: [206, 400], r: -2.3879464741122336e+34, e: -4.4468331353259259e+34
#ERR  p: [207, 400], r: 3.8597512750521898e+33, e: -4.9790468314874495e+33
#ERR  p: [208, 400], r: -2.4088785546485022e+34, e: -3.9762757855850343e+34
#ERR  p: [209, 400], r: 3.0910771045617167e+34, e: 1.5987433582592851e+34
#ERR  p: [210, 400], r: 3.4439229449630951e+34, e: 3.4042229506672365e+34
#ERR  p: [211, 400], r: -9.9260483471179575e+33, e: -3.3887729638009392e+34
#ERR  p: [212, 400], r: 2.3508897293882571e+34, e: 1.7027876381830759e+34
#ERR  p: [213, 400], r: 1.3642057142963555e+34, e: 4.5643301096566310e+33
#ERR  p: [214, 400], r: -1.8424066010158108e+34, e: -2.2262863602620343e+34
#ERR  p: [215, 400], r: -5.8939340381209169e+33, e: 1.7283613748966451e+34
#ERR  p: [216, 400], r: 1.4678960671629147e+34, e: 3.1227896621360981e+34
#ERR  p: [217, 400], r: 6.0594701422341187e+33, e: -4.0763555006360118e+32
#ERR  p: [218, 400], r: 2.4101821055098697e+34, e: 2.8747933816540658e+34
#ERR  p: [219, 400], r: -2.3273262835044835e+34, e: -3.2316083054094009e+34
#ERR  p: [220, 400], r: -4.7950917270147303e+33, e: -2.6524509326061443e+34
#ERR  p: [221, 400], r: -5.3114003076545134e+33, e: -1.2190215920170132e+34
#ERR  p: [222, 400], r: -7.8331723709066321e+32, e: 6.8034782955448286e+33
#ERR  p: [223, 400], r: -7.8753276335794073e+33, e: -2.9539192903210851e+33
#ERR  p: [224, 400], r: -3.7246592113551138e+33, e: 7.4661432657841552e+33
#ERR  p: [225, 400], r: -9.0971862127844508e+33, e: -1.1760156788462431e+34
#ERR  p: [226, 400], r: 3.0418972130330185e+31, e: 2.7306451675995975e+34
#ERR  p: [227, 400], r: 8.0697170251582531e+33, e: 7.3063858657743376e+33
#ERR  p: [228, 400], r: 1.3055704367475956e+34, e: 1.6234783905962384e+34
#ERR  p: [229, 400], r: 3.2517698920652183e+34, e: 1.6814714248526170e+34
#ERR  p: [230, 400], r: -4.3774629369324989e+34, e: -4.5426655399991172e+34
#ERR  p: [231, 400], r: -4.2889848554961932e+32, e: -2.0055297124044375e+33
#ERR  p: [232, 400], r: 1.1645398508880637e+34, e: 6.7321662953542796e+32
#ERR  p: [233, 400], r: -3.7653518478714733e+34, e: -1.8601735164596345e+34
#ERR  p: [234, 400], r: 1.7659182473964928e+34, e: 5.6425638758558161e+34
#ERR  p: [235, 400], r: 2.0776576698233805e+33, e: -4.1781271702356825e+33
#ERR  p: [236, 400], r: -2.4467845262394284e+34, e: -8.9085352922577124e+33
#ERR  p: [237, 400], r: -1.0659061116999735e+34, e: -1.6785181950948978e+34
#ERR  p: [238, 400], r: 6.8227951119178377e+33, e: -8.1528663627469538e+33
#ERR  p: [239, 400], r: 3.4143296169419663e+33, e: -1.5162738354431579e+33
#ERR  p: [240, 400], r: -1.6007920252302984e+34, e: -3.6554648623442673e+34
#ERR  p: [241, 400], r: -1.6513050543873030e+34, e: -3.5123740966713566e+34
#ERR  p: [242, 400], r: 2.2011970294858375e+34, e: -9.8947984077362571e+33
#ERR  p: [243, 400], r: -1.4981074986456587e+34, e: 5.9546017656261755e+33
#ERR  p: [244, 400], r: 3.8167278450298638e+34, e: 2.4160647965765538e+34
#ERR  p: [245, 400], r: 2.6418624600681247e+33, e: 2.4262763163726111e+34
#ERR  p: [246, 400], r: 9.1182862817840505e+33, e: 1.5948434138565224e+33
#ERR  p: [247, 400], r: -1.1311890034656919e+34, e: -1.2275368863712417e+34
#ERR  p: [248, 400], r: 7.1954293000531889e+33, e: 1.3469969860162455e+34
#ERR  p: [249, 400], r: -1.0406596863327914e+34, e: -1.8311480315345259e+34
#ERR  p: [250, 400], r: 3.5775811027126669e+34, e: 2.5302070771947995e+34
#ERR  p: [251, 400], r: 2.6421715736959343e+34, e: 4.0534796685470592e+34
#ERR  p: [252, 400], r: -1.3043995930584395e+34, e: -1.4455690757903793e+34
#ERR  p: [253, 400], r: 2.5552040576440656e+34, e: -1.8549200703149192e+32
#ERR  p: [254, 400], r: 3.3082709609862502e+34, e: 3.9058983991756447e+34
#ERR  p: [255, 400], r: -8.9156033109120123e+33, e: 1.6406487427351305e+34
#ERR  p: [256, 400], r: 4.3606873638721349e+34, e: 3.7108735729746338e+34
#ERR  p: [257, 400], r: -2.1124798089824429e+34, e: -4.5645166672205513e+34
#ERR  p: [258, 400], r: -1.6642894360773556e+34, e: -4.9311583590077338e+34
#ERR  p: [259, 400], r: -1.0429184317284715e+34, e: -8.3474637282523995e+33
#ERR  p: [260, 400], r: -2.5262838904677992e+33, e: 1.4699496858940852e+34
#ERR  p: [261, 400], r: -2.0030814383887428e+34, e: -2.3059411169138364e+34
#ERR  p: [262, 400], r: -1.5108732601247734e+34, e: -5.4250226534562591e+34
#ERR  p: [263, 400], r: 1.5106900449989592e+34, e: 6.2114545167372634e+33
#ERR  p: [264, 400], r: 2.2861558640299617e+34, e: 2.3207939215051824e+34
#ERR  p: [265, 400], r: 6.3295440929647744e+33, e: 1.7414020828584851e+34
#ERR  p: [266, 400], r: -1.5140670216321258e+34, e: -2.5857774627942966e+34
#ERR  p: [267, 400], r: 1.5148914896982898e+34, e: 1.1421491056035050e+34
#ERR  p: [268, 400], r: 1.9170977751830961e+33, e: 3.3788434467458312e+33
#ERR  p: [269, 400], r: -2.3176995665829847e+34, e: -4.3114435946374096e+34
#ERR  p: [270, 400], r: -5.0311248025451167e+33, e: 1.0395475210014974e+34
#ERR  p: [271, 400], r: 5.6360606054474383e+33, e: -7.3877463800062710e+33
#ERR  p: [272, 400], r: 1.6311365352672656e+34, e: 1.5586675253674995e+34
#ERR  p: [273, 400], r: 1.8149882098497024e+34, e: 2.2643314763133762e+34
#ERR  p: [274, 400], r: 2.5894727138115635e+34, e: 2.9176340298295914e+34
#ERR  p: [275, 400], r: -9.9939097441915035e+33, e: -2.4698612140997550e+34
#ERR  p: [276, 400], r: 1.6523605220647977e+34, e: 2.2109678426279092e+34
#ERR  p: [277, 400], r: -9.6979486103293316e+33, e: 1.3057464718211820e+34
#ERR  p: [278, 400], r: 5.9976684616528746e+34, e: 2.5532104790048004e+34
#ERR  p: [279, 400], r: -2.1586143680144990e+34, e: -2.7237614782171472e+34
#ERR  p: [280, 400], r: -1.5303442000326735e+34, e: 7.6613045129774954e+32
#ERR  p: [281, 400], r: 3.4380863052658724e+33, e: 1.8370086872685108e+34
#ERR  p: [282, 400], r: 2.1118173872674213e+32, e: 1.2154944532570813e+34
#ERR  p: [283, 400], r: 4.5631757305699974e+33, e: -3.3006638194448416e+32
#ERR  p: [284, 400], r: 6.1198345744297524e+33, e: 4.7367609208186327e+33
#ERR  p: [285, 400], r: -3.8881715929890938e+34, e: -3.4520646290134672e+34
#ERR  p: [286, 400], r: -3.3547402590049291e+34, e: -4.5094570556812633e+34
#ERR  p: [287, 400], r: -1.3659967659451936e+34, e: -7.3708107412988273e+33
#ERR  p: [288, 400], r: -5.2523183813395793e+33, e: -3.0914290509148855e+33
#ERR  p: [289, 400], r: 2.3503819263841423e+34, e: 4.1884532613823756e+34
#ERR  p: [290, 400], r: 3.8407782965250923e+34, e: 4.7007792032247717e+34
#ERR  p: [291, 400], r: 3.9086461308868425e+34, e: 6.8440861950654991e+34
#ERR  p: [292, 400], r: 3.0682893519065593e+34, e: 3.9707639813541201e+34
#ERR  p: [293, 400], r: -1.4093262766422330e+34, e: -2.4767486173023232e+34
#ERR  p: [294, 400], r: 1.0723677873230314e+34, e: 6.3642076520048043e+33
#ERR  p: [295, 400], r: -1.8103100344412430e+34, e: -1.7187534746637434e+34
#ERR  p: [296, 400], r: -1.9622768301958298e+34, e: -5.9823142913456180e+32
#ERR  p: [297, 400], r: 1.6463993455996229e+34, e: -6.2672651864983858e+33
#ERR  p: [298, 400], r: 1.4307410299998190e+34, e: 1.3605349744918665e+34
#ERR  p: [299, 400], r: 2.4778313196606822e+34, e: 1.9225658182336216e+34
#ERR  p: [300, 400], r: -2.6323341593797491e+34, e: -1.2238250469574484e+34
#ERR  p: [301, 400], r: -2.1897054796891592e+34, e: -1.9672691947862599e+34
#ERR  p: [302, 400], r: 1.5673383049906621e+34, e: 2.4693234529466895e+34
#ERR  p: [303, 400], r: -1.2147700107460915e+34, e: -1.5403946638296197e+34
#ERR  p: [304, 400], r: 2.2808235611047439e+34, e: 2.1726179457388952e+34
#ERR  p: [305, 400], r: -1.2929528566911833e+34, e: -9.2850665156367341e+33
#ERR  p: [306, 400], r: 3.3556178346987785e+33, e: -2.5279741428489385e+33
#ERR  p: [307, 400], r: -1.2093271597753655e+34, e: -2.9108303113736789e+34
#ERR  p: [308, 400], r: 1.0633184456358552e+34, e: -3.8260440246925079e+32
#ERR  p: [309, 400], r: 5.8269367231947921e+33, e: -1.3321844144761763e+34
#ERR  p: [310, 400], r: -2.7898902544117094e+34, e: -3.7024466675392103e+34
#ERR  p: [311, 400], r: 1.7594103966099696e+34, e: 2.5863347833999829e+34
#ERR  p: [312, 400], r: 1.4429742296740332e+34, e: 2.7983280537194785e+34
#ERR  p: [313, 400], r: 1.1316469174862236e+34, e: 1.0744568111393255e+34
#ERR  p: [314, 400], r: -1.8858285858337848e+34, e: -1.5036208503016220e+33
#ERR  p: [315, 400], r: -3.0206202424018050e+34, e: -2.5998206545999500e+34
#ERR  p: [316, 400], r: 6.2091477392680590e+34, e: 5.2916994822813180e+34
#ERR  p: [317, 400], r: -4.6988277145468422e+34, e: -8.4332823121538075e+34
#ERR  p: [318, 400], r: 2.7759824932463539e+34, e: 1.3533223644409781e+34
#ERR  p: [319, 400], r: 1.0785118075320086e+34, e: 1.7585798626376130e+34
#ERR  p: [320, 400], r: -8.6555009671978004e+33, e: -2.4195513309031972e+34
#ERR  p: [321, 400], r: -2.1231052959276372e+34, e: -1.8865083387093564e+34
#ERR  p: [322, 400], r: 3.6313825957900291e+33, e: -3.9783338609003462e+32
#ERR  p: [323, 400], r: -7.3027642721894082e+33, e: -5.9676347983597720e+33
#ERR  p: [324, 400], r: 2.5363732565304799e+33, e: 4.3612280960812947e+33
#ERR  p: [325, 400], r: -6.6758770070254684e+33, e: -2.3442786344024575e+34
#ERR  p: [326, 400], r: 1.8906561806049860e+34, e: -1.7150342385582154e+33
#ERR  p: [327, 400], r: -2.0609617272560435e+33, e: -1.1700290008162590e+34
#ERR  p: [328, 400], r: 1.8310004690818431e+34, e: 2.4807278517646021e+34
#ERR  p: [329, 400], r: 2.1720314097482818e+34, e: -3.3945538342993921e+33
#ERR  p: [330, 400], r: -1.9786555196795990e+34, e: -1.1119530245772482e+34
#ERR  p: [331, 400], r: 1.9534858465948526e+34, e: 2.9725307284597094e+34
#ERR  p: [332, 400], r: -2.4522351762324019e+34, e: -4.6182358372853011e+34
#ERR  p: [333, 400], r: 4.9986381610641701e+33, e: 7.2510877031894793e+33
#ERR  p: [334, 400], r: -2.4107995900014653e+34, e: -2.6306978502358216e+34
#ERR  p: [335, 400], r: 3.5666827737828141e+34, e: 6.8315820103166853e+34
#ERR  p: [336, 400], r: 2.1585581655367155e+34, e: 5.1931614358582645e+34
#ERR  p: [337, 400], r: -3.7087074254938922e+32, e: -2.9119689686218136e+34
#ERR  p: [338, 400], r: -1.2819778992728988e+34, e: -2.5943551183780040e+33
#ERR  p: [339, 400], r: 3.9433082043988253e+34, e: 2.1516031708080023e+34
#ERR  p: [340, 400], r: -1.2398397820696676e+34, e: -3.1609038552416322e+34
#ERR  p: [341, 400], r: 1.6283524081189128e+34, e: 3.5575566798132023e+34
#ERR  p: [342, 400], r: -7.3204767182715034e+33, e: -3.6664552940130429e+33
#ERR  p: [343, 400], r: -1.7307499802024462e+34, e: -1.7115780028140336e+34
#ERR  p: [344, 400], r: 1.1070963382151238e+34, e: 2.6893238432342869e+33
#ERR  p: [345, 400], r: -1.2913169189292677e+32, e: -2.4479105564991624e+34
#ERR  p: [346, 400], r: 4.5007543372050871e+34, e: 4.5710133765467210e+34
#ERR  p: [347, 400], r: -5.3093478030693782e+33, e: -5.9765083525613696e+33
#ERR  p: [348, 400], r: 3.3516882416320750e+34, e: 3.1406088186495798e+34
#ERR  p: [349, 400], r: -6.6932743973675655e+33, e: -2.9064997495282508e+34
#ERR  p: [350, 400], r: -1.4265657058353172e+34, e: -1.0283194048451790e+34
#ERR  p: [351, 400], r: 5.9261396672129457e+32, e: -1.0285827146915350e+34
#ERR  p: [352, 400], r: -2.0377155344558377e+34, e: -2.2061287350143426e+34
#ERR  p: [353, 400], r: 2.4741744447846332e+34, e: 2.4384240362871126e+33
#ERR  p: [354, 400], r: -5.5874256551240335e+33, e: -1.1249793724346325e+34
#ERR  p: [355, 400], r: 2.8120448626337743e+33, e: 1.5560599284687487e+34
#ERR  p: [356, 400], r: -8.6928174317420189e+33, e: -1.4229569868267964e+34
#ERR  p: [357, 400], r: -4.1791487802531028e+33, e: 2.7279528337051577e+33
#ERR  p: [358, 400], r: 3.9970912521696023e+34, e: 2.4853164003142173e+34
#ERR  p: [359, 400], r: -2.1488940628260302e+34, e: -1.4765188147125530e+34
#ERR  p: [360, 400], r: 6.6728124864582175e+33, e: -1.6203081499496325e+34
#ERR  p: [361, 400], r: 2.7798089659077850e+34, e: 5.8552979294948202e+34
#ERR  p: [362, 400], r: -3.2318851088021851e+34, e: -2.7127641140841516e+34
#ERR  p: [363, 400], r: 1.5846265090212942e+34, e: 1.7647252445806335e+34
#ERR  p: [364, 400], r: -1.0429538368135950e+34, e: -1.2744095052547197e+34
#ERR  p: [365, 400], r: -2.4843629388959597e+34, e: -1.9884916960557449e+34
#ERR  p: [366, 400], r: 5.4660084960709234e+33, e: 2.1227013560928183e+33
#ERR  p: [367, 400], r: -1.6019429380848221e+34, e: 5.9611715134146630e+33
#ERR  p: [368, 400], r: 4.5854155709637671e+34, e: 6.1276897991550338e+34
#ERR  p: [369, 400], r: -3.3697876058734488e+33, e: -2.5368473875655262e+34
#ERR  p: [370, 400], r: -2.4524344845787269e+34, e: -2.7188471038491921e+34
#ERR  p: [371, 400], r: -2.3079780234544766e+34, e: -4.0655995967076788e+34
#ERR  p: [372, 400], r: 3.6179513177457945e+34, e: 4.3472012450841599e+34
#ERR  p: [373, 400], r: 1.1887023359568475e+34, e: 7.0543666515466395e+33
#ERR  p: [374, 400], r: -8.2094810745635921e+33, e: 2.2575973610361726e+33
#ERR  p: [375, 400], r: 1.5615388034946180e+33, e: -2.6377036005061455e+33
#ERR  p: [376, 400], r: -1.7576588352483847e+34, e: -2.7430064940678778e+34
#ERR  p: [377, 400], r: 1.9472795580018992e+34, e: 1.3533455139197127e+34
#ERR  p: [378, 400], r: 1.6884493214720569e+34, e: -2.9252133177201161e+33
#ERR  p: [379, 400], r: -3.1056059402447817e+33, e: 8.4991454264159390e+33
#ERR  p: [380, 400], r: -1.8704414863214832e+34, e: 8.6126150104168369e+32
#ERR  p: [381, 400], r: -1.3169342311322197e+34, e: -5.9925990971920010e+33
#ERR  p: [382, 400], r: -2.6382735481002324e+34, e: -1.4707247601526818e+34
#ERR  p: [383, 400], r: -7.4847612650049877e+33, e: -2.7630796918048902e+33
#ERR  p: [384, 400], r: -2.8676425448111377e+34, e: -2.8868868178978447e+34
#ERR  p: [385, 400], r: -2.5990216880985952e+34, e: -1.3111570125568827e+34
#ERR  p: [386, 400], r: -5.7320384061782436e+32, e: 2.2151362343281909e+34
#ERR  p: [387, 400], r: -2.8445022268327918e+34, e: -4.4348974126431520e+34
#ERR  p: [388, 400], r: 1.7732206081002294e+34, e: 1.6537390920925459e+34
#ERR  p: [389, 400], r: 5.5594550189064000e+33, e: -6.0513944403878405e+33
#ERR  p: [390, 400], r: -1.4071042361687177e+33, e: 6.1271415155116343e+33
#ERR  p: [391, 400], r: -7.1500098989818280e+33, e: -5.0006724060337258e+33
#ERR  p: [392, 400], r: 9.6729057023046080e+33, e: 2.7092070171752690e+34
#ERR  p: [393, 400], r: -4.6847770951009531e+34, e: -4.5722379468335821e+34
#ERR  p: [394, 400], r: 1.3035409578471911e+34, e: -1.7664716065940534e+34
#ERR  p: [395, 400], r: 1.7324373543729942e+33, e: 3.3051402106268975e+33
#ERR  p: [396, 400], r: -1.0013476624452448e+34, e: -2.3377066583218993e+34
#ERR  p: [397, 400], r: 2.3326160012923499e+34, e: 2.7492036219045404e+34
#ERR  p: [398, 400], r: -9.4626372538418487e+33, e: -1.7329366774878399e+34
#ERR  p: [399, 400], r: -3.3044506780250156e+33, e: -1.7760292464613601e+32
#ERR  p: [400, 400], r: 1.5758025962152720e+34, e: 1.9130765126564835e+34
#ERR  p: [401, 400], r: 6.5879591244054403e+33, e: -1.6326081983859681e+34
#ERR  p: [402, 400], r: 1.1127914813658562e+34, e: 1.1497923949940608e+34
#ERR  p: [403, 400], r: 2.6923190391593379e+33, e: 1.3890686258393670e+34
#ERR  p: [404, 400], r: -5.0539020946069421e+34, e: -5.2361749004632744e+34
#ERR  p: [405, 400], r: 2.5966703447879765e+34, e: 2.3664635102584829e+34
#ERR  p: [406, 400], r: -9.2777849523256575e+32, e: -5.3213923406816053e+33
#ERR  p: [407, 400], r: 2.1322898206671033e+34, e: 2.3265557896240323e+34
#ERR  p: [408, 400], r: -3.2144927940142491e+34, e: -9.8127755955833060e+33
#ERR  p: [409, 400], r: -5.0879048412540015e+34, e: -7.1998572877797088e+34
#ERR  p: [410, 400], r: -4.0793674706485951e+34, e: -3.5526834050545514e+34
#ERR  p: [411, 400], r: 3.1142211363601805e+34, e: 5.0701408968662720e+34
#ERR  p: [412, 400], r: 1.9177634774392219e+34, e: 2.0785887245269270e+34
#ERR  p: [413, 400], r: 2.7454769272102757e+34, e: 2.5214771240377590e+34
#ERR  p: [414, 400], r: -3.7867818278915426e+33, e: -9.2471013705119300e+33
#ERR  p: [415, 400], r: 2.4914439559206721e+34, e: 2.3354848035393899e+34
#ERR  p: [416, 400], r: 3.8492507581539614e+34, e: 3.2992035453745006e+34
#ERR  p: [417, 400], r: -5.5491918770107045e+33, e: -2.1573625630467736e+34
#ERR  p: [418, 400], r: -3.9038228689057788e+33, e: -4.2767606618357648e+33
#ERR  p: [419, 400], r: 1.5720395060838523e+34, e: 2.0073834038192634e+34
#ERR  p: [420, 400], r: 7.0943657321559894e+33, e: 1.7129906161928621e+34
#ERR  p: [421, 400], r: 4.4629428204391583e+33, e: 1.3115172531083147e+34
#ERR  p: [422, 400], r: -4.1375729354157151e+34, e: -9.3355157908817155e+34
#ERR  p: [423, 400], r: 7.5838032768180342e+32, e: 2.0725395305249590e+34
#ERR  p: [424, 400], r: 2.1254326232014937e+34, e: 3.2879528987094672e+34
#ERR  p: [425, 400], r: -8.1740549444593624e+33, e: 1.8288878006107987e+34
#ERR  p: [426, 400], r: -4.0885911142933026e+34, e: -5.1561574273799617e+34
#ERR  p: [427, 400], r: 2.0784414096622521e+34, e: 1.1262667062814854e+34
#ERR  p: [428, 400], r: -1.8195814625714669e+34, e: -1.7210908292519181e+34
#ERR  p: [429, 400], r: -2.3033013335740643e+34, e: -1.3984842739841677e+34
#ERR  p: [430, 400], r: 7.0445695940757350e+33, e: 1.1850294916542917e+34
#ERR  p: [431, 400], r: 1.3700094247885332e+34, e: -7.1146951834811339e+33
#ERR  p: [432, 400], r: 2.1135001191628219e+34, e: 2.7358734835615154e+34
#ERR  p: [433, 400], r: 2.6439834227374323e+34, e: 4.1519887471731933e+34
#ERR  p: [434, 400], r: -4.1193900102216894e+33, e: -2.1713441054384706e+34
#ERR  p: [435, 400], r: 1.1751393410924329e+34, e: 1.8206377968069891e+34
#ERR  p: [436, 400], r: 1.0803737931450978e+33, e: 2.4424264821251281e+34
#ERR  p: [437, 400], r: -1.6555778044328965e+34, e: -1.5177021087634834e+34
#ERR  p: [438, 400], r: 3.2369745278916952e+34, e: 5.2166005925620939e+34
#ERR  p: [439, 400], r: 1.1691636807287985e+34, e: 1.8285583847663448e+34
#ERR  p: [440, 400], r: 3.7828300138011338e+33, e: -2.8990435747746330e+33
#ERR  p: [441, 400], r: 3.3914939560072885e+34, e: 6.7017518107565918e+33
#ERR  p: [442, 400], r: 3.4156934554832470e+34, e: 2.3227501143552612e+34
#ERR  p: [443, 400], r: 8.2775789181846416e+33, e: -1.1360548505841071e+34
#ERR  p: [444, 400], r: -3.3887921518715482e+33, e: 2.2383221084999825e+34
#ERR  p: [445, 400], r: -5.2105450850659256e+34, e: -6.6078585153609371e+34
#ERR  p: [446, 400], r: -2.4542728255370657e+34, e: -3.8480598598361689e+34
#ERR  p: [447, 400], r: -1.6908119300370331e+34, e: -3.1557867062952421e+34
#ERR  p: [448, 400], r: -4.2096888848162770e+34, e: -6.7967211236343933e+34
#ERR  p: [449, 400], r: -1.3865907650567334e+34, e: 1.8973670535579520e+34
#ERR  p: [450, 400], r: -1.2575304404070714e+34, e: -3.4287034625321128e+34
#ERR  p: [451, 400], r: -2.9510383562616602e+34, e: -5.0792095504180610e+34
#ERR  p: [452, 400], r: 9.6222758116078949e+32, e: 2.1649224152786816e+34
#ERR  p: [453, 400], r: -1.6824635718971023e+33, e: 2.9119021198596922e+34
#ERR  p: [454, 400], r: 1.3551318613964015e+34, e: 3.2558281071020037e+34
#ERR  p: [455, 400], r: -7.3520819464444788e+33, e: 3.8141338035745432e+33
#ERR  p: [456, 400], r: 2.5775501132932060e+34, e: 5.5152932411209491e+34
#ERR  p: [457, 400], r: 8.5812777962623668e+33, e: 1.7455927574794740e+34
#ERR  p: [458, 400], r: 1.0229894540060358e+34, e: 1.3249214202656889e+33
#ERR  p: [459, 400], r: -4.0484037430039773e+33, e: 1.1025653538773354e+34
#ERR  p: [460, 400], r: 1.9610012567793502e+34, e: 2.7201244103817268e+34
#ERR  p: [461, 400], r: -2.3328651986222581e+33, e: 2.2766596259886036e+34
#ERR  p: [462, 400], r: 7.0546402362953216e+33, e: 8.2125994455225520e+32
#ERR  p: [463, 400], r: -1.1752574096236798e+33, e: -1.5939684997337574e+34
#ERR  p: [464, 400], r: -3.2353493602081214e+34, e: -1.5249612653598489e+34
#ERR  p: [465, 400], r: -1.4026307541457541e+34, e: 8.5542300443440205e+33
#ERR  p: [466, 400], r: -5.4347635084493801e+33, e: -1.8072911010159387e+32
#ERR  p: [467, 400], r: -1.4761915033661660e+34, e: 2.5494404564091607e+34
#ERR  p: [468, 400], r: -3.1946991231381073e+34, e: -1.9553328531334664e+34
#ERR  p: [469, 400], r: -3.7383239029937556e+33, e: -4.8842624049545152e+33
#ERR  p: [470, 400], r: -1.3595816368676128e+34, e: -2.3074028765122246e+34
#ERR  p: [471, 400], r: -4.5563571568336135e+34, e: -1.8212703841670640e+34
#ERR  p: [472, 400], r: 1.8964832881639062e+34, e: 2.7188295251006343e+34
#ERR  p: [473, 400], r: 2.1356334967132131e+34, e: 5.5642873178497505e+33
#ERR  p: [474, 400], r: 1.0823162448607405e+34, e: 1.6232004730574188e+34
#ERR  p: [475, 400], r: -4.5145141645357480e+33, e: 7.8838075228485121e+33
#ERR  p: [476, 400], r: -2.1434099265549940e+33, e: 1.6368617603609526e+34
#ERR  p: [477, 400], r: -1.6224997989951833e+34, e: -3.0234291283509435e+34
#ERR  p: [478, 400], r: 5.6043922423324593e+33, e: -4.8223923281861006e+32
#ERR  p: [479, 400], r: -2.2384773461809089e+34, e: -1.6149008278580339e+34
#ERR  p: [480, 400], r: -8.5044685685848661e+32, e: -1.6544033707176265e+34
#ERR  p: [481, 400], r: -1.3737938074886286e+34, e: 1.5293308532650155e+33
#ERR  p: [482, 400], r: -5.0783423115235396e+33, e: -6.5939513731656012e+33
#ERR  p: [483, 400], r: -4.0304200642592747e+34, e: -3.3799202069920016e+34
#ERR  p: [484, 400], r: -1.3456423701282575e+32, e: -1.8085834794684517e+34
#ERR  p: [485, 400], r: -1.3380549737304754e+34, e: -2.9290100798206044e+33
#ERR  p: [486, 400], r: -2.3065776656820369e+34, e: -1.4301979457045845e+34
#ERR  p: [487, 400], r: -2.3294063941524947e+33, e: -2.1127223214361389e+33
#ERR  p: [488, 400], r: 3.0380613320272889e+34, e: 1.4632003130058974e+34
#ERR  p: [489, 400], r: -1.2948771106882485e+34, e: -2.4020520580958669e+34
#ERR  p: [490, 400], r: 8.8994692383800060e+33, e: 2.6844006794920529e+34
#ERR  p: [491, 400], r: 3.2080344608292973e+34, e: 3.7836812832691484e+34
#ERR  p: [492, 400], r: -1.9362001184442990e+31, e: -8.4774096752061663e+33
#ERR  p: [493, 400], r: -1.4173286924381854e+34, e: -6.9949319123205091e+33
#ERR  p: [494, 400], r: -2.6153369950523529e+34, e: -3.0989632777879803e+34
#ERR  p: [495, 400], r: 6.5045133001773307e+33, e: 1.4787515633674082e+34
#ERR  p: [496, 400], r: -1.5382309922289568e+34, e: -7.0479417427427484e+33
#ERR  p: [497, 400], r: -3.6422191515119216e+34, e: -2.6758598835730152e+34
#ERR  p: [498, 400], r: 1.9359375513619666e+34, e: 1.6970560995951885e+34
#ERR  p: [499, 400], r: -2.9197258390109738e+33, e: 1.2045665375602896e+34
#ERR  p: [500, 400], r: -2.4344328557034546e+34, e: -3.2248902524042070e+34
#SDC Ite:22 KerTime:2.7242697 AccTime:59.5050657 KerErr:32768 AccErr:32768
#ABORT too many errors per iteration
#END
