#HEADER matrix_dim:2048 threads:4 block_size:16 block_offset:12 precision:Float
#BEGIN Y:2023 M:10 D:23 Time:14:40:17
#IT 0 KerTime:2.7006259 AccTime:2.7006259
#IT 1 KerTime:2.6947880 AccTime:5.3954139
#IT 2 KerTime:2.7492614 AccTime:8.1446753
#IT 3 KerTime:2.6910738 AccTime:10.8357492
#IT 4 KerTime:2.6670940 AccTime:13.5028432
#IT 5 KerTime:2.6735967 AccTime:16.1764399
#IT 6 KerTime:2.6646278 AccTime:18.8410677
#IT 7 KerTime:2.6437278 AccTime:21.4847955
#IT 8 KerTime:2.6406433 AccTime:24.1254389
#IT 9 KerTime:2.6965710 AccTime:26.8220099
#IT 10 KerTime:2.7384156 AccTime:29.5604255
#IT 11 KerTime:2.6784155 AccTime:32.2388410
#IT 12 KerTime:2.7795353 AccTime:35.0183763
#ERR  p: [2007, 1743], r: -3.9028654460793955e+34, e: -3.7583116828680574e+34
#SDC Ite:13 KerTime:2.7795353 AccTime:35.0183763 KerErr:1 AccErr:1
#IT 13 KerTime:2.6436957 AccTime:37.6620720
#IT 14 KerTime:2.7302881 AccTime:40.3923601
#IT 15 KerTime:2.6619407 AccTime:43.0543008
