#HEADER matrix_dim:2048 threads:4 block_size:16 block_offset:12 precision:Float
#BEGIN Y:2023 M:10 D:22 Time:10:22:31
#IT 0 KerTime:2.7425566 AccTime:2.7425566
#IT 1 KerTime:2.6912643 AccTime:5.4338208
#IT 2 KerTime:2.7538978 AccTime:8.1877186
#IT 3 KerTime:2.6801065 AccTime:10.8678251
#IT 4 KerTime:2.6961404 AccTime:13.5639655
#IT 5 KerTime:2.6813209 AccTime:16.2452864
#IT 6 KerTime:2.6878616 AccTime:18.9331480
#IT 7 KerTime:2.6637025 AccTime:21.5968505
#IT 8 KerTime:2.6528966 AccTime:24.2497470
#IT 9 KerTime:2.6560295 AccTime:26.9057765
#IT 10 KerTime:2.7708093 AccTime:29.6765859
#IT 11 KerTime:2.7452506 AccTime:32.4218364
#IT 12 KerTime:2.6886270 AccTime:35.1104634
#IT 13 KerTime:2.7290775 AccTime:37.8395409
#IT 14 KerTime:2.7457715 AccTime:40.5853124
#IT 15 KerTime:2.7452406 AccTime:43.3305530
#IT 16 KerTime:2.6913041 AccTime:46.0218571
#IT 17 KerTime:2.7823408 AccTime:48.8041979
#ERR  p: [377, 1084], r: 3.4016443215654051e+34, e: 3.5509483082954891e+34
#ERR  p: [280, 1265], r: 1.2025912804336059e+34, e: 1.3743968080817645e+34
#ERR  p: [407, 1265], r: -2.2555495296746857e+34, e: -2.0874986741656796e+34
#ERR  p: [906, 1265], r: 3.6003839582363036e+34, e: 3.5990620858623546e+34
#ERR  p: [665, 1268], r: 1.6953696538796701e+34, e: 1.6203597720492707e+34
#ERR  p: [666, 1268], r: 4.6118249172038539e+33, e: 7.3411633152979818e+33
#ERR  p: [922, 1404], r: 3.0316599440841442e+34, e: 2.7387390671644532e+34
#SDC Ite:18 KerTime:2.7823408 AccTime:48.8041979 KerErr:7 AccErr:7
#IT 18 KerTime:2.7208118 AccTime:51.5250097
#ERR  p: [348, 1264], r: -3.7847969148325524e+34, e: -3.3742202358751160e+34
#ERR  p: [349, 1264], r: -3.0955631516760791e+33, e: -4.2176976141064299e+33
#ERR  p: [684, 1268], r: -2.6284799568614379e+34, e: -3.2198223734713805e+34
#SDC Ite:19 KerTime:2.7208118 AccTime:51.5250097 KerErr:3 AccErr:10
#IT 19 KerTime:2.6806914 AccTime:54.2057012
#IT 20 KerTime:2.6532621 AccTime:56.8589632
#IT 21 KerTime:2.6666452 AccTime:59.5256085
#ERR  p: [1354, 1404], r: 2.8709344749636054e+34, e: 2.7200714265480454e+34
#SDC Ite:22 KerTime:2.6666452 AccTime:59.5256085 KerErr:1 AccErr:11
#IT 22 KerTime:2.6876174 AccTime:62.2132258
#IT 23 KerTime:2.7159364 AccTime:64.9291622
#IT 24 KerTime:2.6793699 AccTime:67.6085322
#IT 25 KerTime:2.7039633 AccTime:70.3124955
#IT 26 KerTime:2.6524581 AccTime:72.9649535
