#HEADER matrix_dim:2048 threads:4 block_size:16 block_offset:12 precision:Float
#BEGIN Y:2023 M:10 D:23 Time:11:53:45
#IT 0 KerTime:2.8142874 AccTime:2.8142874
#IT 1 KerTime:2.7656452 AccTime:5.5799327
#IT 2 KerTime:2.8078906 AccTime:8.3878233
#IT 3 KerTime:2.7196878 AccTime:11.1075111
#ERR  p: [1174, 372], r: 3.9625559437176423e+34, e: 2.3229870560787804e+34
#SDC Ite:4 KerTime:2.7196878 AccTime:11.1075111 KerErr:1 AccErr:1
#IT 4 KerTime:2.7919418 AccTime:13.8994529
#IT 5 KerTime:2.7027084 AccTime:16.6021613
#IT 6 KerTime:2.7825452 AccTime:19.3847065
#IT 7 KerTime:2.6998014 AccTime:22.0845079
#IT 8 KerTime:2.7362998 AccTime:24.8208078
#IT 9 KerTime:2.7373179 AccTime:27.5581256
#IT 10 KerTime:2.7439116 AccTime:30.3020372
#IT 11 KerTime:2.7196188 AccTime:33.0216560
#IT 12 KerTime:2.7275150 AccTime:35.7491710
#IT 13 KerTime:2.6916551 AccTime:38.4408261
#IT 14 KerTime:2.7116057 AccTime:41.1524318
#IT 15 KerTime:2.6900297 AccTime:43.8424614
#IT 16 KerTime:2.6813895 AccTime:46.5238509
#IT 17 KerTime:2.6652980 AccTime:49.1891489
#IT 18 KerTime:2.6614066 AccTime:51.8505555
#IT 19 KerTime:2.8094172 AccTime:54.6599727
