#HEADER matrix_dim:2048 threads:4 block_size:16 block_offset:12 precision:Float
#BEGIN Y:2023 M:10 D:25 Time:01:37:31
#IT 0 KerTime:2.6776417 AccTime:2.6776417
#IT 1 KerTime:2.7043030 AccTime:5.3819447
#IT 2 KerTime:2.7507005 AccTime:8.1326453
#IT 3 KerTime:2.6939803 AccTime:10.8266256
#IT 4 KerTime:2.6764478 AccTime:13.5030734
#IT 5 KerTime:2.6719601 AccTime:16.1750335
#IT 6 KerTime:2.6604799 AccTime:18.8355133
#IT 7 KerTime:2.6389328 AccTime:21.4744462
#IT 8 KerTime:2.6397850 AccTime:24.1142312
#IT 9 KerTime:2.7576323 AccTime:26.8718634
#IT 10 KerTime:2.7140097 AccTime:29.5858731
#IT 11 KerTime:2.7428356 AccTime:32.3287088
#IT 12 KerTime:2.7387330 AccTime:35.0674418
#ERR  p: [232, 1233], r: -1.6452631642315668e+34, e: -1.9041861224703516e+34
#SDC Ite:13 KerTime:2.7387330 AccTime:35.0674418 KerErr:1 AccErr:1
#IT 13 KerTime:2.6348288 AccTime:37.7022706
#IT 14 KerTime:2.6320911 AccTime:40.3343616
#IT 15 KerTime:2.6355125 AccTime:42.9698741
#IT 16 KerTime:2.7685471 AccTime:45.7384212
#IT 17 KerTime:2.7417597 AccTime:48.4801809
#IT 18 KerTime:2.7343550 AccTime:51.2145359
#IT 19 KerTime:2.7674260 AccTime:53.9819619
