#HEADER matrix_dim:2048 threads:4 block_size:16 block_offset:12 precision:Float
#BEGIN Y:2023 M:10 D:26 Time:09:36:57
#IT 0 KerTime:2.7417756 AccTime:2.7417756
#IT 1 KerTime:2.6937072 AccTime:5.4354828
#IT 2 KerTime:2.7578698 AccTime:8.1933526
#IT 3 KerTime:2.6887288 AccTime:10.8820815
#IT 4 KerTime:2.7127512 AccTime:13.5948327
#IT 5 KerTime:2.6859563 AccTime:16.2807890
#IT 6 KerTime:2.6842072 AccTime:18.9649962
#IT 7 KerTime:2.6717135 AccTime:21.6367097
#IT 8 KerTime:2.7140733 AccTime:24.3507830
#IT 9 KerTime:2.6679697 AccTime:27.0187527
#IT 10 KerTime:2.7330454 AccTime:29.7517982
#IT 11 KerTime:2.7016425 AccTime:32.4534407
#IT 12 KerTime:2.7983385 AccTime:35.2517792
#IT 13 KerTime:2.7108486 AccTime:37.9626278
#IT 14 KerTime:2.7190666 AccTime:40.6816944
#IT 15 KerTime:2.7016204 AccTime:43.3833147
#IT 16 KerTime:2.7051354 AccTime:46.0884501
#IT 17 KerTime:2.6964584 AccTime:48.7849086
#IT 18 KerTime:2.6904101 AccTime:51.4753186
#IT 19 KerTime:2.7311061 AccTime:54.2064247
#IT 20 KerTime:2.7329111 AccTime:56.9393358
#IT 21 KerTime:2.7476174 AccTime:59.6869533
#IT 22 KerTime:2.6859400 AccTime:62.3728932
#IT 23 KerTime:2.7114583 AccTime:65.0843515
#IT 24 KerTime:2.7090269 AccTime:67.7933784
#IT 25 KerTime:2.6857366 AccTime:70.4791150
#IT 26 KerTime:2.6875683 AccTime:73.1666834
#IT 27 KerTime:2.6777322 AccTime:75.8444156
#IT 28 KerTime:2.6586307 AccTime:78.5030462
#IT 29 KerTime:2.6549816 AccTime:81.1580279
#IT 30 KerTime:2.6602758 AccTime:83.8183037
#ERR  p: [784, 96], r: 1.7316680365355803e+34, e: 1.8392762220384698e+34
#ERR  p: [785, 96], r: 9.4024232313609881e+33, e: 8.4827773832165077e+33
#ERR  p: [786, 96], r: -4.4734171549055559e+34, e: -4.7069382025082243e+34
#ERR  p: [787, 96], r: 8.8468691661107702e+33, e: 8.3768406643546613e+33
#ERR  p: [784, 97], r: 6.3657538391138717e+33, e: 6.4054632417540289e+33
#ERR  p: [785, 97], r: -3.5287711076677072e+34, e: -3.5321640537273806e+34
#ERR  p: [786, 97], r: -1.1309588704123888e+34, e: -1.1395761710258543e+34
#ERR  p: [787, 97], r: -1.5949141621297675e+34, e: -1.5966482685367985e+34
#ERR  p: [784, 98], r: -2.2322641251237356e+34, e: -2.3629460274308574e+34
#ERR  p: [785, 98], r: -1.1864424764151320e+34, e: -1.0747577543628757e+34
#ERR  p: [786, 98], r: 1.7474065872250350e+34, e: 2.0310028045928127e+34
#ERR  p: [787, 98], r: 3.0548606116394052e+33, e: 3.6256738352988646e+33
#ERR  p: [784, 99], r: -1.2345396655854712e+34, e: -1.1367178912691483e+34
#ERR  p: [785, 99], r: -3.8661433784450399e+33, e: -4.7021539975354001e+33
#ERR  p: [786, 99], r: 2.7302165927579969e+34, e: 2.5179321589412613e+34
#ERR  p: [787, 99], r: 3.3475901649260246e+34, e: 3.3048624168820819e+34
#ERR  p: [784, 100], r: -4.2591342525863999e+33, e: -4.2535461912490657e+33
#ERR  p: [785, 100], r: 3.4891320200217814e+34, e: 3.4886546703426330e+34
#ERR  p: [786, 100], r: -3.4915684098130990e+33, e: -3.5036952704379386e+33
#ERR  p: [787, 100], r: 3.0266566237243664e+33, e: 3.0242154059668956e+33
#ERR  p: [784, 101], r: -6.4001066752040410e+33, e: -6.5442969792198450e+33
#ERR  p: [785, 101], r: -7.7945829945170184e+33, e: -7.6713534912463945e+33
#ERR  p: [786, 101], r: -4.8361682487372723e+34, e: -4.8048770859522636e+34
#ERR  p: [787, 101], r: -1.3965004750712129e+34, e: -1.3902020837393367e+34
#ERR  p: [784, 102], r: -3.0635336814516406e+34, e: -3.0625101526271594e+34
#ERR  p: [785, 102], r: 2.5572196716160300e+34, e: 2.5563449431842710e+34
#ERR  p: [786, 102], r: -3.1151305271130395e+34, e: -3.1173518867195332e+34
#ERR  p: [787, 102], r: 1.5130453497177035e+34, e: 1.5125982057755137e+34
#ERR  p: [784, 103], r: -2.4270797394581073e+34, e: -2.3250479786561827e+34
#ERR  p: [785, 103], r: -2.0744205804146532e+34, e: -2.1616195912538682e+34
#ERR  p: [786, 103], r: 4.7280000191606100e+33, e: 2.5137988009440914e+33
#ERR  p: [787, 103], r: 3.2700827390663670e+34, e: 3.2255164024760776e+34
#ERR  p: [784, 104], r: -5.2151705242287115e+34, e: -5.2061632725028710e+34
#ERR  p: [785, 104], r: 4.7709017596770744e+33, e: 4.6939241721542308e+33
#ERR  p: [786, 104], r: -1.8491872937869925e+34, e: -1.8687338718312929e+34
#ERR  p: [787, 104], r: 4.1913668770588377e+34, e: 4.1874322084379730e+34
#ERR  p: [784, 105], r: 1.6213500002866950e+34, e: 1.5891113181956173e+34
#ERR  p: [785, 105], r: -5.7568157760645405e+31, e: 2.1795272914286597e+32
#ERR  p: [786, 105], r: 4.2944125107529370e+34, e: 4.3643744444851424e+34
#ERR  p: [787, 105], r: -2.2321538246662352e+33, e: -2.0913369072574839e+33
#ERR  p: [784, 106], r: 1.9476074264213040e+33, e: 2.2571797110154187e+33
#ERR  p: [785, 106], r: -5.3586675818225156e+34, e: -5.3851248363421227e+34
#ERR  p: [786, 106], r: -1.0360966393479854e+34, e: -1.1032771693999245e+34
#ERR  p: [787, 106], r: -3.5475338220791321e+33, e: -3.6827515366901956e+33
#ERR  p: [784, 107], r: 6.0369123988382605e+33, e: 4.7847682355421197e+33
#ERR  p: [785, 107], r: -9.6970628642312229e+33, e: -8.6269416904914866e+33
#ERR  p: [786, 107], r: 2.5992853693269630e+34, e: 2.8710146934781511e+34
#ERR  p: [787, 107], r: 1.0739936977706288e+34, e: 1.1286861362942648e+34
#ERR  p: [784, 108], r: 2.6068694851836409e+34, e: 2.5679330523040136e+34
#ERR  p: [785, 108], r: -3.8557661913232253e+32, e: -5.2823288332569453e+31
#ERR  p: [786, 108], r: -5.6339697247210852e+33, e: -4.7890211785470847e+33
#ERR  p: [787, 108], r: -4.3385445779774451e+34, e: -4.3215372625417269e+34
#ERR  p: [784, 109], r: -1.3789141750791208e+34, e: -1.4043300744376811e+34
#ERR  p: [785, 109], r: 8.6377978056659998e+33, e: 8.8550092408390912e+33
#ERR  p: [786, 109], r: 3.8054398125756440e+34, e: 3.8605949930859648e+34
#ERR  p: [787, 109], r: 1.2138241007620736e+34, e: 1.2249254518583691e+34
#ERR  p: [784, 110], r: -1.5581876998082724e+34, e: -1.6624249745841879e+34
#ERR  p: [785, 110], r: -8.6367393669324108e+33, e: -7.7459016214421404e+33
#ERR  p: [786, 110], r: -2.8959304650608401e+33, e: -6.3386688716230944e+32
#ERR  p: [787, 110], r: -3.3374549022363874e+34, e: -3.2919249531195182e+34
#ERR  p: [784, 111], r: 7.5279752758963617e+34, e: 7.4670260408261696e+34
#ERR  p: [785, 111], r: -1.9419638434732078e+34, e: -1.8898740500881654e+34
#ERR  p: [786, 111], r: -4.8108429665895877e+34, e: -4.6785755106801491e+34
#ERR  p: [787, 111], r: -2.5192943881604910e+34, e: -2.4926717448516353e+34
#SDC Ite:31 KerTime:2.6602758 AccTime:83.8183037 KerErr:64 AccErr:64
#IT 31 KerTime:2.6840497 AccTime:86.5023535
#IT 32 KerTime:2.6904826 AccTime:89.1928361
#IT 33 KerTime:2.6570917 AccTime:91.8499278
#IT 34 KerTime:2.6695803 AccTime:94.5195081
#IT 35 KerTime:2.6549592 AccTime:97.1744672
#IT 36 KerTime:2.7080947 AccTime:99.8825620
#IT 37 KerTime:2.7743218 AccTime:102.6568838
#IT 38 KerTime:2.7774927 AccTime:105.4343765
#IT 39 KerTime:2.7890126 AccTime:108.2233891
#IT 40 KerTime:2.6998906 AccTime:110.9232797
#IT 41 KerTime:2.7617647 AccTime:113.6850444
#IT 42 KerTime:2.6995372 AccTime:116.3845815
#IT 43 KerTime:2.6946681 AccTime:119.0792497
#IT 44 KerTime:2.7034041 AccTime:121.7826537
