#HEADER matrix_dim:2048 threads:4 block_size:16 block_offset:12 precision:Float
#BEGIN Y:2023 M:10 D:24 Time:12:57:30
#IT 0 KerTime:2.7176239 AccTime:2.7176239
#IT 1 KerTime:2.6927032 AccTime:5.4103271
#IT 2 KerTime:2.7364505 AccTime:8.1467776
#IT 3 KerTime:2.6806312 AccTime:10.8274088
#IT 4 KerTime:2.6868063 AccTime:13.5142151
#IT 5 KerTime:2.6789091 AccTime:16.1931242
#ERR  p: [1818, 343], r: 1.2170730124981761e+33, e: -1.7214825134803480e+32
#SDC Ite:6 KerTime:2.6789091 AccTime:16.1931242 KerErr:1 AccErr:1
#IT 6 KerTime:2.6904163 AccTime:18.8835405
#IT 7 KerTime:2.6873359 AccTime:21.5708764
#IT 8 KerTime:2.6903535 AccTime:24.2612299
#IT 9 KerTime:2.6982131 AccTime:26.9594430
#IT 10 KerTime:2.6972796 AccTime:29.6567226
#IT 11 KerTime:2.6797944 AccTime:32.3365170
#IT 12 KerTime:2.6804668 AccTime:35.0169838
#IT 13 KerTime:2.6567370 AccTime:37.6737208
#IT 14 KerTime:2.6594952 AccTime:40.3332160
#IT 15 KerTime:2.6930906 AccTime:43.0263066
#IT 16 KerTime:2.7524511 AccTime:45.7787577
#IT 17 KerTime:2.7538116 AccTime:48.5325694
#IT 18 KerTime:2.7226334 AccTime:51.2552027
#IT 19 KerTime:2.7449236 AccTime:54.0001263
#IT 20 KerTime:2.6890977 AccTime:56.6892240
