#HEADER matrix_dim:2048 threads:4 block_size:16 block_offset:12 precision:Float
#BEGIN Y:2023 M:10 D:18 Time:04:33:30
#IT 0 KerTime:2.6951816 AccTime:2.6951816
#IT 1 KerTime:2.7099770 AccTime:5.4051586
#IT 2 KerTime:2.7578734 AccTime:8.1630320
#IT 3 KerTime:2.6888095 AccTime:10.8518415
#IT 4 KerTime:2.7128317 AccTime:13.5646732
#IT 5 KerTime:2.6878961 AccTime:16.2525693
#IT 6 KerTime:2.7086707 AccTime:18.9612400
#IT 7 KerTime:2.6778571 AccTime:21.6390971
#IT 8 KerTime:2.6657521 AccTime:24.3048492
#IT 9 KerTime:2.6732012 AccTime:26.9780504
#IT 10 KerTime:2.8337730 AccTime:29.8118234
#ERR  p: [0, 240], r: -1.0383567464777088e+34, e: 2.2163219642463194e+33
#ERR  p: [1, 240], r: 1.0048534467394991e+34, e: 2.6806279334283267e+34
#ERR  p: [2, 240], r: -5.0855844464443650e+34, e: -3.1775531584179891e+34
#ERR  p: [3, 240], r: -1.2856256133926571e+34, e: -7.2681861310120890e+33
#ERR  p: [4, 240], r: -3.1246699073647667e+33, e: -1.3260328428329594e+34
#ERR  p: [5, 240], r: 1.5012866524605474e+34, e: 2.2863480542210608e+33
#ERR  p: [6, 240], r: -2.6148116132996802e+34, e: -3.8874335331376718e+34
#ERR  p: [7, 240], r: 2.1103540183469820e+34, e: 2.8472464923118796e+34
#ERR  p: [8, 240], r: 5.4018182101838782e+34, e: 7.9090270849168418e+34
#ERR  p: [9, 240], r: 3.0798570969126556e+32, e: -2.2005577572495505e+34
#ERR  p: [10, 240], r: 8.1918546653142272e+33, e: 2.3076994869456374e+34
#ERR  p: [11, 240], r: 2.9364994932642770e+34, e: 1.8704024912102457e+34
#ERR  p: [12, 240], r: 3.1950195020202744e+34, e: 5.8485595742729820e+34
#ERR  p: [13, 240], r: 1.2214378033856904e+34, e: 7.1354834153848376e+34
#ERR  p: [14, 240], r: -4.7583521425288188e+33, e: -2.2437841475413175e+34
#ERR  p: [15, 240], r: 1.9763855090295614e+34, e: 1.5242510591593109e+34
#ERR  p: [16, 240], r: 2.3786564768814204e+34, e: 1.5457144635604408e+34
#ERR  p: [17, 240], r: 4.6324997537999590e+33, e: 6.5636137955928541e+33
#ERR  p: [18, 240], r: 3.6036744028607241e+31, e: 3.3388904175059427e+34
#ERR  p: [19, 240], r: 1.3558061673358003e+33, e: 2.1227529781924565e+34
#ERR  p: [20, 240], r: -6.5653678018860165e+32, e: -7.5646938154016054e+33
#ERR  p: [21, 240], r: 1.4262741709560655e+34, e: 3.5288502120362175e+33
#ERR  p: [22, 240], r: -2.8716089046970081e+34, e: -1.5529176652670306e+34
#ERR  p: [23, 240], r: 4.5398275624590555e+33, e: 1.5219994938158586e+34
#ERR  p: [24, 240], r: -2.4191490003904294e+34, e: 2.8216887250248172e+33
#ERR  p: [25, 240], r: -4.1029523328950483e+33, e: -1.6797010468024350e+34
#ERR  p: [26, 240], r: -5.3459078862495933e+33, e: 1.3590624448151365e+34
#ERR  p: [27, 240], r: -2.1194600576879574e+34, e: -2.2220625088479926e+34
#ERR  p: [28, 240], r: -1.2965323603147770e+34, e: 5.7873424489782885e+33
#ERR  p: [29, 240], r: -1.6251519617353483e+34, e: -3.5918349919130066e+34
#ERR  p: [30, 240], r: -4.0179218216226495e+34, e: -3.6436222327524476e+34
#ERR  p: [31, 240], r: 1.0159192689566671e+34, e: 3.3990528178871650e+34
#ERR  p: [32, 240], r: -2.7158046186146405e+33, e: -5.6694398016967096e+33
#ERR  p: [33, 240], r: -1.3272975223770933e+34, e: -8.9963881830256780e+33
#ERR  p: [34, 240], r: -4.4788955347554094e+33, e: -1.5893803225661540e+34
#ERR  p: [35, 240], r: -2.3330299684414869e+34, e: -1.6288751901975030e+34
#ERR  p: [36, 240], r: -1.5334800259461873e+34, e: -1.2741432243522694e+34
#ERR  p: [37, 240], r: -1.8545948634665989e+34, e: -4.1043708883860654e+34
#ERR  p: [38, 240], r: -4.7143820597584512e+33, e: 5.2903355199460333e+33
#ERR  p: [39, 240], r: -2.1194446453344683e+33, e: -9.2618340949194653e+31
#ERR  p: [40, 240], r: -2.4825243503496130e+34, e: -1.7525527039683443e+34
#ERR  p: [41, 240], r: -1.0403685228355514e+34, e: 1.0366431898753299e+34
#ERR  p: [42, 240], r: 8.5784517338951832e+32, e: -2.1342373479369070e+34
#ERR  p: [43, 240], r: -2.7610643254209336e+34, e: -2.2223029168036218e+34
#ERR  p: [44, 240], r: -1.8604428922121830e+34, e: 3.1008132553826884e+33
#ERR  p: [45, 240], r: 2.5143270299588545e+34, e: 4.2866545881147434e+34
#ERR  p: [46, 240], r: -1.8938312492177451e+34, e: 7.7573500909254516e+33
#ERR  p: [47, 240], r: -1.7938867791160596e+34, e: -4.4421314390567200e+34
#ERR  p: [48, 240], r: -7.3882632199726726e+33, e: -3.4386453589876136e+34
#ERR  p: [49, 240], r: -6.4002962347725566e+32, e: 2.0960964153265244e+34
#ERR  p: [50, 240], r: -1.1705069694654270e+34, e: 3.7062203265837154e+32
#ERR  p: [51, 240], r: -3.5241731507737934e+34, e: -4.7242703534102511e+34
#ERR  p: [52, 240], r: 1.8715567465028754e+33, e: -1.8110084802114078e+33
#ERR  p: [53, 240], r: 1.7316923001603503e+34, e: 2.8774680749029458e+34
#ERR  p: [54, 240], r: -3.6313172944529568e+33, e: 3.5659447758283941e+33
#ERR  p: [55, 240], r: 1.8928834823236682e+34, e: -3.2035409241776973e+33
#ERR  p: [56, 240], r: 1.5508444870832394e+34, e: 2.8870425507547868e+34
#ERR  p: [57, 240], r: 2.0901320202172475e+34, e: 1.0094754815671769e+34
#ERR  p: [58, 240], r: 2.0206340664117662e+34, e: 2.4302196505737507e+34
#ERR  p: [59, 240], r: 9.4468819909618636e+33, e: 6.4759769253617438e+33
#ERR  p: [60, 240], r: -1.1437620176806900e+34, e: -2.1961432630694589e+34
#ERR  p: [61, 240], r: -3.8901701233885161e+34, e: -5.8939340381209169e+34
#ERR  p: [62, 240], r: 6.0930950695811882e+33, e: 1.7432126939599439e+34
#ERR  p: [63, 240], r: 3.5604576066042617e+33, e: 1.7271699195058349e+33
#ERR  p: [64, 240], r: -1.2064594716743609e+34, e: -6.1117632053736117e+33
#ERR  p: [65, 240], r: -1.9130187008566488e+34, e: -1.5289421091441789e+34
#ERR  p: [66, 240], r: 3.8549806874197977e+34, e: 3.4973304017259528e+34
#ERR  p: [67, 240], r: -5.1272248498548014e+33, e: -2.9016441773121617e+33
#ERR  p: [68, 240], r: 4.1461077892225642e+34, e: 6.2451396079702421e+34
#ERR  p: [69, 240], r: -3.3393600919568476e+34, e: -1.6512247120787534e+34
#ERR  p: [70, 240], r: -1.6362892130927832e+34, e: 6.5087173445507439e+32
#ERR  p: [71, 240], r: 2.4001975310715145e+33, e: -7.1929274232337932e+33
#ERR  p: [72, 240], r: -9.1693708059601912e+32, e: -2.4600304846597820e+34
#ERR  p: [73, 240], r: -1.1290941613312132e+34, e: -8.8555384602058857e+33
#ERR  p: [74, 240], r: -4.2677271038840896e+33, e: 1.5381953395558253e+34
#ERR  p: [75, 240], r: 4.3590943826295824e+34, e: 7.3710020030348969e+34
#ERR  p: [76, 240], r: -4.6146288513928353e+33, e: -1.5865825780773691e+34
#ERR  p: [77, 240], r: 3.2334991350254054e+34, e: 5.6742194881883905e+34
#ERR  p: [78, 240], r: 1.1080739394641475e+34, e: 1.1282149763153127e+34
#ERR  p: [79, 240], r: 2.5629966426033592e+34, e: 2.7532568851811686e+34
#ERR  p: [80, 240], r: 1.9133314045105723e+34, e: 1.1892242514774102e+34
#ERR  p: [81, 240], r: -1.3330442876274639e+34, e: -2.9990526034493672e+34
#ERR  p: [82, 240], r: 5.6331922983764140e+33, e: 3.7946093227599440e+33
#ERR  p: [83, 240], r: -1.2752833671284513e+34, e: -1.7615204654069315e+34
#ERR  p: [84, 240], r: 1.2824110544926447e+34, e: 1.7182095238104814e+34
#ERR  p: [85, 240], r: 1.9781405366232563e+34, e: 7.7038116601064375e+33
#ERR  p: [86, 240], r: -1.0299515049929728e+34, e: -3.8297118553379046e+34
#ERR  p: [87, 240], r: 3.1690646035686092e+33, e: 1.7088499543494604e+34
#ERR  p: [88, 240], r: 2.9309385196024274e+32, e: -1.9709840052561475e+34
#ERR  p: [89, 240], r: -2.7018803928467624e+34, e: -2.6560430632181387e+33
#ERR  p: [90, 240], r: -1.7767059354353345e+33, e: -1.6977973780907126e+34
#ERR  p: [91, 240], r: 2.8442090826314890e+34, e: 3.7981297766436638e+34
#ERR  p: [92, 240], r: -1.0181591357667481e+34, e: -1.9785401436679376e+34
#ERR  p: [93, 240], r: 2.3984919901308900e+34, e: 4.2824693604299274e+34
#ERR  p: [94, 240], r: 8.8011631819203146e+33, e: 1.7921573768811779e+34
#ERR  p: [95, 240], r: -2.7242851268537650e+33, e: -5.3057299233045667e+33
#ERR  p: [96, 240], r: -1.8839269861394385e+34, e: -1.2881136252836128e+34
#ERR  p: [97, 240], r: 2.1783862511459494e+34, e: 5.7802063436218279e+33
#ERR  p: [98, 240], r: -1.7488385124684764e+33, e: -1.2052918466293069e+34
#ERR  p: [99, 240], r: 7.3247971290086094e+33, e: -1.1759713915413376e+33
#ERR  p: [100, 240], r: -2.8956219085060482e+33, e: -1.1444144430298943e+32
#ERR  p: [101, 240], r: -2.7233844016811809e+34, e: -2.2568914566772711e+34
#ERR  p: [102, 240], r: -1.8956749133182528e+34, e: -1.6439717451825843e+34
#ERR  p: [103, 240], r: 1.6603474636102592e+34, e: 1.8296851577901024e+34
#ERR  p: [104, 240], r: 2.2207166204372815e+34, e: 4.9185428215523863e+33
#ERR  p: [105, 240], r: -1.1890079833525470e+34, e: -2.9932669668817631e+34
#ERR  p: [106, 240], r: -2.1665510491943654e+34, e: -3.4715384161834576e+34
#ERR  p: [107, 240], r: -1.2033311971950868e+34, e: -4.0793256282752672e+33
#ERR  p: [108, 240], r: -2.6494415003706416e+34, e: -2.6449982859816385e+34
#ERR  p: [109, 240], r: -2.4938208007961000e+34, e: -8.7527331106734116e+33
#ERR  p: [110, 240], r: -2.4769041644682594e+33, e: 8.6370767055931160e+33
#ERR  p: [111, 240], r: -6.2835744275459510e+33, e: 9.8514117042094027e+33
#ERR  p: [112, 240], r: -7.1088706755962962e+33, e: -2.5457241604112260e+34
#ERR  p: [113, 240], r: -1.8482303661366249e+34, e: -3.2985199548848072e+34
#ERR  p: [114, 240], r: -2.4830561693904900e+34, e: -5.5436797013977785e+34
#ERR  p: [115, 240], r: 2.2101094550046687e+34, e: -6.0905919548217531e+33
#ERR  p: [116, 240], r: 1.1117344043663104e+34, e: -2.9295847934838426e+33
#ERR  p: [117, 240], r: -2.4244343853881584e+33, e: -2.1165293584389532e+34
#ERR  p: [118, 240], r: 9.1343330795432872e+33, e: 2.8379730834775929e+34
#ERR  p: [119, 240], r: 1.4600772378747882e+34, e: 2.2064424290202975e+34
#ERR  p: [120, 240], r: 1.9243375580178469e+32, e: -2.3169439279830049e+34
#ERR  p: [121, 240], r: 1.7107274451615416e+33, e: 2.8400911988848101e+34
#ERR  p: [122, 240], r: 2.1569037824682145e+34, e: -6.1832276269314978e+33
#ERR  p: [123, 240], r: -2.8464249953018099e+34, e: -2.2474561252858458e+34
#ERR  p: [124, 240], r: 2.1301355574107388e+34, e: -9.2979571852658127e+33
#ERR  p: [125, 240], r: -2.2346102690861892e+34, e: -1.4608921738026498e+34
#ERR  p: [126, 240], r: 6.2463099564833825e+33, e: 2.0598877833234624e+34
#ERR  p: [127, 240], r: -9.3807394736328654e+33, e: -1.4223001358419516e+34
#ERR  p: [128, 240], r: 1.1049290765883469e+34, e: 5.4029484494397458e+33
#ERR  p: [129, 240], r: 2.2844654569063176e+33, e: 1.9267474558923237e+34
#ERR  p: [130, 240], r: 7.6051385544250980e+33, e: -1.1666946557431953e+33
#ERR  p: [131, 240], r: -1.7748556793041176e+33, e: -2.1157504465662349e+34
#ERR  p: [132, 240], r: -1.9739507285602949e+34, e: -2.8473888554163975e+34
#ERR  p: [133, 240], r: -9.4987968634193550e+33, e: -5.1280601498963092e+33
#ERR  p: [134, 240], r: 7.4962214949186721e+33, e: 7.3671018729411283e+33
#ERR  p: [135, 240], r: -1.8267934923379619e+32, e: -1.8646453272635451e+34
#ERR  p: [136, 240], r: -2.9099432035415270e+34, e: 8.7883282195930038e+32
#ERR  p: [137, 240], r: -2.0309869589603099e+34, e: -3.3232946013030176e+34
#ERR  p: [138, 240], r: -1.2311123047927057e+34, e: -1.9756696083048427e+34
#ERR  p: [139, 240], r: 8.8987153328960812e+33, e: 4.4060766830005412e+34
#ERR  p: [140, 240], r: -3.5401118763676006e+34, e: -1.1743980625969088e+34
#ERR  p: [141, 240], r: -3.3493440783736842e+34, e: -4.0751896706040148e+34
#ERR  p: [142, 240], r: 1.6045376604071642e+34, e: -2.7843289325792238e+33
#ERR  p: [143, 240], r: 1.6396800546543897e+34, e: 2.2809037796192896e+34
#ERR  p: [144, 240], r: 1.4875989970341768e+34, e: 5.4473360274883624e+33
#ERR  p: [145, 240], r: 1.0495310122423183e+34, e: 1.9447926602569788e+34
#ERR  p: [146, 240], r: -4.0330570003369565e+33, e: -5.1830884415526033e+33
#ERR  p: [147, 240], r: -5.1879352862914154e+33, e: 3.0627713579754486e+34
#ERR  p: [148, 240], r: -1.1483134280291266e+34, e: -4.1553378701554760e+34
#ERR  p: [149, 240], r: -9.6082740907935576e+33, e: 6.3159286094426941e+33
#ERR  p: [150, 240], r: -9.9712170653313632e+33, e: -2.5039800795224994e+34
#ERR  p: [151, 240], r: -4.2993221809487428e+34, e: -5.1767829939625032e+34
#ERR  p: [152, 240], r: -7.3637176543587319e+32, e: -4.8748689159364177e+33
#ERR  p: [153, 240], r: -1.1091412913660193e+34, e: -1.2964490469501331e+34
#ERR  p: [154, 240], r: -2.4355348699264264e+34, e: 6.8901223378644320e+33
#ERR  p: [155, 240], r: 2.3321725711702779e+34, e: 1.9161891890912626e+34
#ERR  p: [156, 240], r: -1.7484397719818225e+34, e: -1.5834429145497335e+34
#ERR  p: [157, 240], r: 3.5545955272392316e+34, e: 4.8843790808032179e+34
#ERR  p: [158, 240], r: 8.4622832858661382e+33, e: -1.3966130038207839e+34
#ERR  p: [159, 240], r: 6.5846928196117859e+33, e: -2.8423920342418259e+34
#ERR  p: [160, 240], r: 2.2013693507393060e+34, e: 9.5399527989954171e+32
#ERR  p: [161, 240], r: 5.8972121033449446e+33, e: 1.5059318986639619e+34
#ERR  p: [162, 240], r: -1.2379215939787949e+34, e: 9.0064154973438896e+33
#ERR  p: [163, 240], r: 9.3331412980923622e+33, e: -2.4967938375944478e+34
#ERR  p: [164, 240], r: 2.7691151446724221e+34, e: 2.3907759098660242e+34
#ERR  p: [165, 240], r: 1.5560200667994837e+33, e: 6.9856603603962813e+33
#ERR  p: [166, 240], r: 2.5712037827333085e+33, e: -2.0246359551767641e+34
#ERR  p: [167, 240], r: -2.8358846786313184e+34, e: -2.6351378459807226e+34
#ERR  p: [168, 240], r: -2.4730558421651349e+34, e: -4.9678192105071468e+34
#ERR  p: [169, 240], r: -1.4134359899846526e+34, e: -4.2843624183380026e+34
#ERR  p: [170, 240], r: -2.1551404606762564e+34, e: -5.8469289596532353e+34
#ERR  p: [171, 240], r: 2.5991885624158909e+34, e: 2.7776675772278291e+34
#ERR  p: [172, 240], r: -9.8651355074849204e+33, e: -1.6442265132426692e+34
#ERR  p: [173, 240], r: -1.5403174163711683e+34, e: -1.6763388635527379e+33
#ERR  p: [174, 240], r: -5.0426076248645180e+33, e: 3.3516341436523582e+33
#ERR  p: [175, 240], r: -5.7984121088095784e+33, e: 1.6106749957399293e+34
#ERR  p: [176, 240], r: -5.0017090570226233e+34, e: -7.3749307295435730e+34
#ERR  p: [177, 240], r: 2.1402066948063411e+34, e: -2.4609211206210458e+32
#ERR  p: [178, 240], r: -3.0607455928951620e+34, e: -3.7679349335574462e+34
#ERR  p: [179, 240], r: -8.1587193432526951e+33, e: -2.6998417531900673e+34
#ERR  p: [180, 240], r: -1.1578728629094903e+33, e: 7.9964588284834425e+33
#ERR  p: [181, 240], r: -3.7605672096196354e+34, e: -8.6249411793880015e+34
#ERR  p: [182, 240], r: 8.6712153780564890e+33, e: 1.9695739915514014e+34
#ERR  p: [183, 240], r: 1.5946253507186023e+34, e: 2.3594693966245284e+34
#ERR  p: [184, 240], r: 7.4981229708190144e+33, e: 1.6076306535953187e+34
#ERR  p: [185, 240], r: -1.5915023684329960e+33, e: 1.2400985115378783e+34
#ERR  p: [186, 240], r: 1.0878804139553165e+34, e: 1.2066201562914602e+34
#ERR  p: [187, 240], r: -5.7519980229166516e+33, e: -5.7299818782879808e+33
#ERR  p: [188, 240], r: -7.6394359308015074e+34, e: -9.6873254754702120e+34
#ERR  p: [189, 240], r: 1.7337847902087543e+34, e: 2.9990662207897994e+34
#ERR  p: [190, 240], r: 2.2121473209488393e+33, e: 4.6889782922122759e+33
#ERR  p: [191, 240], r: 3.0399697403918512e+34, e: 5.3757575916528581e+34
#ERR  p: [192, 240], r: -5.4497506295349885e+33, e: 2.9204845105640499e+34
#ERR  p: [193, 240], r: 1.6397522265586801e+34, e: 1.2062016087641778e+34
#ERR  p: [194, 240], r: 1.7184428755078867e+34, e: 1.8450182831166911e+34
#ERR  p: [195, 240], r: -1.1527646890283850e+34, e: -2.1371997384509169e+34
#ERR  p: [196, 240], r: 6.5795863169497337e+33, e: 8.3965833321011845e+33
#ERR  p: [197, 240], r: 6.7338293130545546e+33, e: -1.6976092112047413e+34
#ERR  p: [198, 240], r: -3.3751187327556294e+34, e: -4.0877136623934571e+34
#ERR  p: [199, 240], r: 9.3509014048659699e+33, e: -4.7352515624257340e+33
#ERR  p: [200, 240], r: -4.5867218452932210e+34, e: -7.1862330148833496e+34
#ERR  p: [201, 240], r: 6.6251121808644732e+33, e: -2.7612777462837064e+34
#ERR  p: [202, 240], r: -1.7581879308211753e+34, e: -2.8545906953889441e+34
#ERR  p: [203, 240], r: 7.4223765146652402e+33, e: 3.9626958309420815e+34
#ERR  p: [204, 240], r: 4.2342971520932075e+33, e: -1.3862029184424253e+34
#ERR  p: [205, 240], r: -2.1193139807633218e+34, e: 6.7617015330390649e+33
#ERR  p: [206, 240], r: -2.8254849919492898e+34, e: -3.3301750720413658e+34
#ERR  p: [207, 240], r: -2.9025351227584354e+34, e: -3.0063492696289231e+34
#ERR  p: [208, 240], r: 2.0242509558245463e+34, e: -7.3071515316886356e+33
#ERR  p: [209, 240], r: -1.3126422930160173e+34, e: -1.2749367439174514e+34
#ERR  p: [210, 240], r: 2.2428623154910636e+33, e: 4.4269359726624998e+34
#ERR  p: [211, 240], r: -3.1848712409602246e+33, e: -2.9799603493994845e+34
#ERR  p: [212, 240], r: 2.1412473072033644e+34, e: 1.1727805701415786e+34
#ERR  p: [213, 240], r: -1.8894816230957120e+34, e: 7.0733504620490808e+33
#ERR  p: [214, 240], r: 2.6232798659324158e+34, e: 2.2475690254174286e+34
#ERR  p: [215, 240], r: -1.6143990907601116e+34, e: -3.2559249140130758e+34
#ERR  p: [216, 240], r: 9.6336444339586722e+33, e: -8.6584534541914960e+33
#ERR  p: [217, 240], r: 5.1769959196492603e+33, e: 1.5874939495342910e+34
#ERR  p: [218, 240], r: -4.8810162166864991e+33, e: 2.5431787081024474e+34
#ERR  p: [219, 240], r: 3.5667127319317648e+34, e: 3.9142109189514382e+34
#ERR  p: [220, 240], r: -4.4685952546585354e+32, e: 1.4893733983894865e+33
#ERR  p: [221, 240], r: -3.9407521677027108e+33, e: -4.4828417781156414e+33
#ERR  p: [222, 240], r: 1.2211794452994916e+34, e: 2.3542262253821391e+34
#ERR  p: [223, 240], r: -1.5901431412183617e+34, e: -3.9002662671729119e+34
#ERR  p: [224, 240], r: 1.0305786454168748e+34, e: -4.9219233263146649e+33
#ERR  p: [225, 240], r: 1.4868077057610656e+34, e: 5.3962623352875655e+34
#ERR  p: [226, 240], r: 5.9256339687068976e+33, e: -1.6727825713048808e+34
#ERR  p: [227, 240], r: 1.4113983406799888e+33, e: -1.3106561420169878e+34
#ERR  p: [228, 240], r: -1.2604873839849085e+34, e: -3.3704581360957278e+34
#ERR  p: [229, 240], r: 2.5874249133985776e+34, e: 1.7745937311918048e+34
#ERR  p: [230, 240], r: -9.3500038983374880e+33, e: -1.5277718844250424e+34
#ERR  p: [231, 240], r: -2.1168737533578824e+34, e: -1.0092174329659879e+34
#ERR  p: [232, 240], r: -1.6135315423805804e+34, e: -2.2262625918132800e+34
#ERR  p: [233, 240], r: 1.6317286419880558e+34, e: -1.1282679601489942e+34
#ERR  p: [234, 240], r: 7.1045168404781295e+33, e: 2.5100063716337406e+34
#ERR  p: [235, 240], r: -2.1715604973573377e+34, e: -3.0088127703071010e+34
#ERR  p: [236, 240], r: 5.7757342852299095e+33, e: -1.0225510375411229e+34
#ERR  p: [237, 240], r: -4.3036700739547210e+33, e: -2.8979094360076417e+34
#ERR  p: [238, 240], r: 4.3342663809956788e+32, e: 1.1355896327173436e+34
#ERR  p: [239, 240], r: -2.6466860934312002e+34, e: 6.4782374038734789e+33
#ERR  p: [240, 240], r: -4.5259750134194521e+33, e: 1.7811402057075537e+34
#ERR  p: [241, 240], r: -9.2848455433397216e+33, e: -1.3773904256332654e+33
#ERR  p: [242, 240], r: -3.1753174387070397e+33, e: -8.4737732263407655e+33
#ERR  p: [243, 240], r: 8.7878887508790575e+33, e: -7.5997516583441477e+33
#ERR  p: [244, 240], r: 8.3803316552654460e+33, e: -4.2244490295956825e+33
#ERR  p: [245, 240], r: 4.6208637364006961e+33, e: 1.4662996196882522e+34
#ERR  p: [246, 240], r: -1.2031284226166518e+34, e: -5.0168099447978421e+34
#ERR  p: [247, 240], r: -1.0089843288565904e+34, e: -2.0841710913400805e+34
#ERR  p: [248, 240], r: 3.9097247480430719e+33, e: -1.7809313652229263e+34
#ERR  p: [249, 240], r: -3.7050350763673521e+33, e: 1.1722545694188862e+34
#ERR  p: [250, 240], r: -1.7739756277301896e+34, e: -3.0217665748781833e+34
#ERR  p: [251, 240], r: -3.4938706069041580e+34, e: -3.3227674864342899e+34
#ERR  p: [252, 240], r: 2.4875441972089153e+34, e: 2.4383674005303153e+33
#ERR  p: [253, 240], r: -5.5331135117804660e+33, e: 8.3220704831965582e+33
#ERR  p: [254, 240], r: -4.8984891213709926e+33, e: -8.1705645725185973e+33
#ERR  p: [255, 240], r: 4.8446620029348171e+34, e: 3.5140193189835669e+34
#ERR  p: [256, 240], r: 6.6958270297285720e+33, e: -1.4696657024490731e+33
#ERR  p: [257, 240], r: 1.1833252196022075e+34, e: 6.7247236450955909e+33
#ERR  p: [258, 240], r: 1.1886695305458064e+34, e: 2.3561304247505679e+34
#ERR  p: [259, 240], r: -1.6315777370972669e+34, e: -7.1792560776674402e+32
#ERR  p: [260, 240], r: -2.3892901342308739e+34, e: -3.5428105856532427e+34
#ERR  p: [261, 240], r: 1.1894541369427055e+34, e: 2.7322098000152503e+33
#ERR  p: [262, 240], r: -6.6580259116589732e+33, e: 1.4573178695272211e+34
#ERR  p: [263, 240], r: 1.8452471782299550e+34, e: -4.5172586776028437e+32
#ERR  p: [264, 240], r: -2.2390381330187052e+34, e: -8.5989073003618299e+33
#ERR  p: [265, 240], r: -3.1257857246191766e+34, e: -2.6511337644043447e+34
#ERR  p: [266, 240], r: -1.1402966521287184e+34, e: -1.6010320618039159e+34
#ERR  p: [267, 240], r: 4.7629104234444735e+34, e: 5.6300334467781695e+34
#ERR  p: [268, 240], r: -1.8879715838357917e+34, e: -1.3749639084137612e+34
#ERR  p: [269, 240], r: -1.4743683890703104e+34, e: -4.3780120871339259e+34
#ERR  p: [270, 240], r: -1.7969761822781002e+34, e: -4.5948546161753103e+34
#ERR  p: [271, 240], r: -2.8624040777408977e+34, e: -3.4172970830101373e+34
#ERR  p: [272, 240], r: -2.9523015502777470e+34, e: -7.9294974138184570e+33
#ERR  p: [273, 240], r: -3.4224214120087552e+34, e: -6.8988498151413940e+33
#ERR  p: [274, 240], r: -1.1217008120345891e+34, e: -7.3221782668555012e+33
#ERR  p: [275, 240], r: -2.3165074303251528e+34, e: -2.5080625581840547e+34
#ERR  p: [276, 240], r: 7.7786411121761111e+32, e: -1.6269878268136085e+34
#ERR  p: [277, 240], r: -4.9179579567808259e+34, e: -5.3264751986889071e+34
#ERR  p: [278, 240], r: -1.7520507192824141e+34, e: -2.0728788498897271e+34
#ERR  p: [279, 240], r: 4.9378041163146334e+34, e: 4.7066584280593458e+34
#ERR  p: [280, 240], r: -8.8514891583373832e+33, e: 3.5167484196971735e+33
#ERR  p: [281, 240], r: -1.7252345859454181e+34, e: 1.8479456708760902e+33
#ERR  p: [282, 240], r: -2.4950022907695940e+34, e: -3.8600522801727421e+34
#ERR  p: [283, 240], r: -2.1538762763081381e+34, e: -1.5678114456736770e+34
#ERR  p: [284, 240], r: 1.4558063447392536e+34, e: 2.4556662508452853e+34
#ERR  p: [285, 240], r: 3.9889708606879059e+34, e: 5.6679104505721764e+34
#ERR  p: [286, 240], r: 4.8402115465965842e+33, e: 3.5572603169677974e+33
#ERR  p: [287, 240], r: 2.0195004847177926e+34, e: 2.4754108992958714e+34
#ERR  p: [288, 240], r: 4.6571805643631917e+33, e: 3.5575948083664123e+34
#ERR  p: [289, 240], r: 1.3278981708841546e+34, e: 2.2805586419363368e+34
#ERR  p: [290, 240], r: 3.5907391673902312e+33, e: 2.9574169661080821e+34
#ERR  p: [291, 240], r: 2.2311707764810387e+34, e: 1.8119750637940818e+34
#ERR  p: [292, 240], r: -5.3973319154815080e+33, e: -3.0894648114545514e+34
#ERR  p: [293, 240], r: 1.7483950823464043e+34, e: -3.0074682436304332e+33
#ERR  p: [294, 240], r: -9.4433173426187414e+33, e: -4.0487591555892562e+34
#ERR  p: [295, 240], r: 1.1388309311222045e+34, e: -4.5747331387767657e+33
#ERR  p: [296, 240], r: 6.5381153256336734e+33, e: 4.6581755586697673e+33
#ERR  p: [297, 240], r: 9.5782441413205728e+33, e: 2.9450093406823325e+34
#ERR  p: [298, 240], r: -1.5904762708829334e+33, e: 8.3632202290724239e+33
#ERR  p: [299, 240], r: 3.4741224303244600e+33, e: 2.4143759987749607e+34
#ERR  p: [300, 240], r: -4.9330618156121390e+34, e: -6.1113752349652997e+34
#ERR  p: [301, 240], r: -1.4736461748513913e+34, e: 1.1347340923561935e+34
#ERR  p: [302, 240], r: 2.1007186358452082e+34, e: -3.1119423363358639e+33
#ERR  p: [303, 240], r: -1.2002839149428828e+33, e: -2.3914387029630576e+34
#ERR  p: [304, 240], r: -1.3261695114132965e+34, e: -1.2622524388929216e+34
#ERR  p: [305, 240], r: -1.2121745456597258e+34, e: -4.9975614627150016e+34
#ERR  p: [306, 240], r: -3.6149891748197925e+34, e: -7.0436406438702553e+34
#ERR  p: [307, 240], r: -4.8440550409335555e+33, e: 1.1284718488734645e+34
#ERR  p: [308, 240], r: -1.3248988278599720e+33, e: -5.0402119014034910e+33
#ERR  p: [309, 240], r: -1.3953527808607914e+34, e: 1.7313533521775939e+34
#ERR  p: [310, 240], r: -1.7965297810999338e+34, e: -3.8310310661407690e+33
#ERR  p: [311, 240], r: 1.5210065421103478e+34, e: 2.8378413666574129e+34
#ERR  p: [312, 240], r: 3.0165893858398879e+33, e: -8.8608479850343807e+33
#ERR  p: [313, 240], r: -4.5446929762984568e+32, e: 4.0154333145556780e+34
#ERR  p: [314, 240], r: -4.6894812672502376e+34, e: -4.1241447522215787e+34
#ERR  p: [315, 240], r: -1.0460330888673135e+34, e: -2.6697310900265211e+34
#ERR  p: [316, 240], r: 2.3729909204976269e+34, e: 4.5743157053955187e+34
#ERR  p: [317, 240], r: -5.9146002091367470e+33, e: -1.1457099472810065e+33
#ERR  p: [318, 240], r: 5.8262348111925173e+33, e: 3.0332556487947830e+34
#ERR  p: [319, 240], r: 7.0871188311660128e+33, e: 6.8321985044562494e+33
#ERR  p: [320, 240], r: -1.4265858533094566e+32, e: -1.1471866550053690e+34
#ERR  p: [321, 240], r: 7.0603558054567022e+33, e: 7.3355170707788011e+33
#ERR  p: [322, 240], r: 3.4612848064260647e+34, e: 3.2622366750973762e+34
#ERR  p: [323, 240], r: -1.9456167569411311e+34, e: -1.2539552695736152e+34
#ERR  p: [324, 240], r: -1.9931421416073244e+34, e: -1.3530049566149053e+34
#ERR  p: [325, 240], r: 1.0608479196479544e+33, e: -1.7330074876580871e+34
#ERR  p: [326, 240], r: 4.0017030739919560e+33, e: -3.3023712482440259e+33
#ERR  p: [327, 240], r: -1.7014311034880270e+34, e: -2.6463746277173160e+34
#ERR  p: [328, 240], r: -9.3522000039671802e+33, e: -9.6351219153955593e+33
#ERR  p: [329, 240], r: -3.9466094809985896e+33, e: -1.2503642531076562e+34
#ERR  p: [330, 240], r: 2.8635028733197674e+34, e: 7.7353381552929143e+34
#ERR  p: [331, 240], r: 1.4710899524642709e+33, e: 6.0279757096946593e+33
#ERR  p: [332, 240], r: -1.3739583916168516e+33, e: -3.5186372067121131e+33
#ERR  p: [333, 240], r: -1.0981534593713262e+34, e: -1.8620450342110262e+34
#ERR  p: [334, 240], r: -3.2068533422378151e+33, e: -3.0789113726196436e+34
#ERR  p: [335, 240], r: 2.1414453776096501e+34, e: 2.9170063942296737e+34
#ERR  p: [336, 240], r: 3.1674230950765168e+33, e: 1.3149296348266049e+34
#ERR  p: [337, 240], r: 9.1790629480127662e+33, e: -3.0166237386759780e+33
#ERR  p: [338, 240], r: -5.4213954891411530e+34, e: -7.8585929125403397e+34
#ERR  p: [339, 240], r: 3.4021087966681449e+34, e: -3.4443185905996507e+34
#ERR  p: [340, 240], r: -7.7241107819006195e+33, e: 1.0862829451801216e+33
#ERR  p: [341, 240], r: 4.5074610011619195e+33, e: -2.0395683593126361e+34
#ERR  p: [342, 240], r: -4.4190256596054702e+33, e: -2.5451257401962354e+34
#ERR  p: [343, 240], r: -1.8322594541017963e+34, e: -1.1632169881620833e+34
#ERR  p: [344, 240], r: -8.3120747363493484e+33, e: 1.3914350720184649e+34
#ERR  p: [345, 240], r: -3.2904248173799122e+34, e: -2.9145617102400929e+34
#ERR  p: [346, 240], r: -1.5113747496346879e+34, e: -9.5106767550063571e+33
#ERR  p: [347, 240], r: 1.2896251500715803e+34, e: 1.6512861139047020e+34
#ERR  p: [348, 240], r: -9.8604294784255770e+33, e: 8.0876331123768107e+33
#ERR  p: [349, 240], r: 1.1701782963849968e+32, e: 1.4071721487855603e+32
#ERR  p: [350, 240], r: -8.8734502146343058e+33, e: -1.2403355770554014e+34
#ERR  p: [351, 240], r: -1.9391998947474954e+34, e: 9.7143376985094307e+33
#ERR  p: [352, 240], r: -1.4567196969002384e+34, e: -4.6793291685760660e+34
#ERR  p: [353, 240], r: -1.3964635844580421e+34, e: -4.0317085122521629e+34
#ERR  p: [354, 240], r: 1.0844916768917767e+34, e: -1.3151025750500930e+34
#ERR  p: [355, 240], r: 1.9151857148954179e+34, e: 2.4566566028767136e+34
#ERR  p: [356, 240], r: -9.0795981796763038e+33, e: -1.0647714158599645e+34
#ERR  p: [357, 240], r: -2.8705492280233798e+34, e: -4.4279327619821324e+34
#ERR  p: [358, 240], r: -1.4845919168847487e+34, e: -3.1141290336212576e+34
#ERR  p: [359, 240], r: -1.6190612348450623e+33, e: -5.3224637777856068e+33
#ERR  p: [360, 240], r: -2.3638876046247379e+34, e: -1.2617766985358242e+34
#ERR  p: [361, 240], r: -1.5240773761717991e+34, e: -8.0978535453411508e+33
#ERR  p: [362, 240], r: -2.5897123790031691e+34, e: -6.4893695796767527e+33
#ERR  p: [363, 240], r: -2.5464069152913929e+33, e: -1.7662259992902592e+34
#ERR  p: [364, 240], r: 7.5620755722185168e+33, e: 2.8752801396775128e+34
#ERR  p: [365, 240], r: -2.3439339918955204e+34, e: -3.9009624846510060e+34
#ERR  p: [366, 240], r: 2.5191443498277296e+34, e: -1.0126499931069184e+34
#ERR  p: [367, 240], r: -9.5721893765884280e+33, e: -2.6561825790605662e+34
#ERR  p: [368, 240], r: -2.9100583319651805e+34, e: -6.1839258251136547e+33
#ERR  p: [369, 240], r: 1.1547387082150295e+34, e: -1.7250920371498944e+33
#ERR  p: [370, 240], r: -6.9142708342107719e+33, e: -1.0523576007340186e+34
#ERR  p: [371, 240], r: -3.8714334057179162e+33, e: 3.3680518282473648e+34
#ERR  p: [372, 240], r: 8.5246030443538232e+33, e: -2.7355575612634898e+34
#ERR  p: [373, 240], r: -2.3546174144345533e+34, e: -3.3520529387676484e+34
#ERR  p: [374, 240], r: -2.4525941788437947e+34, e: -3.4740378171227748e+34
#ERR  p: [375, 240], r: 1.5354422847024586e+34, e: 2.8545627179440562e+34
#ERR  p: [376, 240], r: 1.1849272687555477e+33, e: -1.4149959182281561e+34
#ERR  p: [377, 240], r: -2.6244903237028290e+34, e: -1.9858587213861888e+34
#ERR  p: [378, 240], r: -9.8454138847190650e+33, e: 1.9733352247727622e+34
#ERR  p: [379, 240], r: -3.2637328494288565e+34, e: -1.0965440135262513e+34
#ERR  p: [380, 240], r: 3.5505327318243010e+32, e: -3.7952710017109421e+33
#ERR  p: [381, 240], r: -1.5430752991906883e+34, e: -2.8180043678798961e+34
#ERR  p: [382, 240], r: -3.9366654181480200e+33, e: 1.9967771668416800e+33
#ERR  p: [383, 240], r: -1.5558190253371038e+34, e: -4.4320249584729962e+33
#ERR  p: [384, 240], r: 1.9863285196310976e+34, e: 1.5866876791867044e+34
#ERR  p: [385, 240], r: 2.6338638199892920e+33, e: -3.2248496479709185e+34
#ERR  p: [386, 240], r: 1.5707170456883847e+33, e: 1.4696158134654899e+34
#ERR  p: [387, 240], r: -4.0533135369937871e+34, e: -6.6347346887898384e+34
#ERR  p: [388, 240], r: -2.8314172006175453e+34, e: -1.4480455748389697e+34
#ERR  p: [389, 240], r: -2.3505745498542551e+34, e: -5.6714588819007841e+34
#ERR  p: [390, 240], r: 1.1512691336669244e+34, e: 2.3205757964702603e+34
#ERR  p: [391, 240], r: -1.8009337527896916e+34, e: -3.7381642087286878e+34
#ERR  p: [392, 240], r: 1.3358000659489171e+34, e: -1.1991587202926754e+34
#ERR  p: [393, 240], r: 2.5088389941766945e+34, e: 4.9826343817212985e+34
#ERR  p: [394, 240], r: -2.8968552062701863e+33, e: 2.4509219694387280e+34
#ERR  p: [395, 240], r: -1.1062289445780975e+33, e: -1.0636365962259516e+34
#ERR  p: [396, 240], r: -8.5308119326208590e+33, e: -1.1976881713200083e+34
#ERR  p: [397, 240], r: 8.0109612960436707e+33, e: 1.7771120726137230e+34
#ERR  p: [398, 240], r: 4.3244680855847350e+32, e: 1.8349683144957606e+34
#ERR  p: [399, 240], r: -3.9674997810585324e+34, e: -3.6025142054559059e+34
#ERR  p: [400, 240], r: -2.0354664449924640e+34, e: -5.7956911166032291e+33
#ERR  p: [401, 240], r: -8.5840687320809357e+33, e: -3.6721168889887106e+34
#ERR  p: [402, 240], r: 1.1948553931281115e+33, e: -1.6665169853840457e+34
#ERR  p: [403, 240], r: 1.0810212357856440e+34, e: 4.6463640632699356e+33
#ERR  p: [404, 240], r: 1.1248256202817533e+34, e: -1.4837357575535790e+34
#ERR  p: [405, 240], r: 9.3830856794923210e+32, e: -1.1094589467800999e+34
#ERR  p: [406, 240], r: -7.2012259542871427e+34, e: -8.0159504419899986e+34
#ERR  p: [407, 240], r: 7.1878753899334696e+33, e: 6.7200256626465029e+33
#ERR  p: [408, 240], r: -3.6572153095598168e+33, e: -4.4679137686669088e+34
#ERR  p: [409, 240], r: 3.7185099299009696e+34, e: 7.0758528340444923e+34
#ERR  p: [410, 240], r: 4.4940801072772839e+33, e: -2.3636553980218690e+33
#ERR  p: [411, 240], r: -1.1912656764991938e+33, e: 2.1848869218802448e+34
#ERR  p: [412, 240], r: 8.9884536063438784e+33, e: 2.4645684014617904e+32
#ERR  p: [413, 240], r: 1.9821897146977548e+34, e: -5.9026813224385074e+33
#ERR  p: [414, 240], r: -2.7912401042305462e+34, e: -4.5756076196205169e+34
#ERR  p: [415, 240], r: -7.9990919269470025e+33, e: 3.4370706992576426e+34
#ERR  p: [416, 240], r: -7.2788887416217307e+33, e: 6.7061297857055245e+33
#ERR  p: [417, 240], r: 3.6462802757077992e+33, e: 2.3579123156431152e+34
#ERR  p: [418, 240], r: -4.8591955118415304e+32, e: 4.0858607137426547e+33
#ERR  p: [419, 240], r: 1.8408644991088730e+34, e: 1.8253914865578450e+34
#ERR  p: [420, 240], r: 1.7412054979802466e+34, e: 3.3267444926044981e+34
#ERR  p: [421, 240], r: 3.2496749261367357e+33, e: 6.9427094117632553e+33
#ERR  p: [422, 240], r: -1.6075615765411266e+34, e: -3.0619614976017481e+34
#ERR  p: [423, 240], r: -2.4330646843720364e+34, e: -1.0855108574518698e+33
#ERR  p: [424, 240], r: -4.4543403751061642e+32, e: 2.8131513953378896e+34
#ERR  p: [425, 240], r: -6.3035813954908617e+33, e: -3.3409471310872114e+34
#ERR  p: [426, 240], r: 1.7057322023605201e+33, e: 5.3542850264954375e+33
#ERR  p: [427, 240], r: 1.1149734744791006e+34, e: 1.7626893283920248e+34
#ERR  p: [428, 240], r: -8.1865643285563412e+33, e: -1.9499507850186692e+34
#ERR  p: [429, 240], r: 2.0777174623272780e+34, e: 2.4356982780116121e+34
#ERR  p: [430, 240], r: -1.4938924366058959e+34, e: -4.6763199839285711e+34
#ERR  p: [431, 240], r: 3.2406432250951194e+33, e: -1.9675010609556181e+34
#ERR  p: [432, 240], r: -6.5042149566278629e+33, e: 2.6891330457257320e+32
#ERR  p: [433, 240], r: -1.7092253596663737e+33, e: 1.7013222885585738e+34
#ERR  p: [434, 240], r: -1.5029000597137481e+34, e: -1.9219511810041164e+34
#ERR  p: [435, 240], r: -2.1996146945276229e+34, e: -4.0108046567487900e+34
#ERR  p: [436, 240], r: -1.5547850978162926e+34, e: -8.5058878668399068e+33
#ERR  p: [437, 240], r: -4.4230201826272343e+33, e: -2.2342745397475350e+34
#ERR  p: [438, 240], r: 1.6521941429235178e+34, e: 5.4785724733236347e+34
#ERR  p: [439, 240], r: 6.7776146332740588e+33, e: -3.1973626749266337e+34
#ERR  p: [440, 240], r: -2.2868137053668380e+34, e: -3.8875840666464489e+34
#ERR  p: [441, 240], r: 1.1812659063468563e+34, e: -3.6854576736160735e+33
#ERR  p: [442, 240], r: 1.8824419532683117e+34, e: 3.0342219847894492e+34
#ERR  p: [443, 240], r: -2.0879963260614723e+34, e: -4.2725990169086972e+34
#ERR  p: [444, 240], r: 3.0945705713525800e+34, e: 5.0178161424617733e+34
#ERR  p: [445, 240], r: 3.0739892611264429e+32, e: 2.6693854571675526e+34
#ERR  p: [446, 240], r: 1.8553434458083548e+34, e: 3.7307443056182211e+33
#ERR  p: [447, 240], r: 7.3299983340836669e+33, e: -6.3828103317176506e+32
#ERR  p: [448, 240], r: -2.0247608633267280e+34, e: -4.5625062525967518e+34
#ERR  p: [449, 240], r: -9.0834515775335894e+32, e: 2.8085400686915515e+34
#ERR  p: [450, 240], r: -1.5856952226572093e+34, e: -2.7039710259851076e+34
#ERR  p: [451, 240], r: -1.5840478030014293e+33, e: -3.2049206083514808e+33
#ERR  p: [452, 240], r: 3.0953622959047050e+33, e: 4.9343056977636130e+34
#ERR  p: [453, 240], r: -2.0989139668559380e+34, e: -5.0314498237024310e+34
#ERR  p: [454, 240], r: -2.2498334653372894e+34, e: -3.6985986547210956e+34
#ERR  p: [455, 240], r: 1.2501448901326948e+34, e: 5.7592993932683568e+32
#ERR  p: [456, 240], r: -2.7630492384799238e+34, e: -1.4900007245043944e+34
#ERR  p: [457, 240], r: 2.9514902043759994e+34, e: 2.9170950307364865e+34
#ERR  p: [458, 240], r: -2.7960339032386749e+34, e: -9.5420752471927719e+33
#ERR  p: [459, 240], r: 4.8249016326457321e+33, e: 5.5917102893940041e+34
#ERR  p: [460, 240], r: 4.1894847130231082e+34, e: 4.2798657249393024e+34
#ERR  p: [461, 240], r: -3.5472897003033850e+34, e: -2.5121920785671029e+34
#ERR  p: [462, 240], r: -1.6068368864421290e+34, e: 9.9233428291620994e+32
#ERR  p: [463, 240], r: -1.4344895124387751e+34, e: -4.8436731364314360e+34
#ERR  p: [464, 240], r: -2.1967453971045673e+34, e: -1.7348152514974555e+34
#ERR  p: [465, 240], r: -8.9674141964062037e+33, e: 8.4999259476107084e+33
#ERR  p: [466, 240], r: 3.0147935062248966e+34, e: 5.6305112916333337e+34
#ERR  p: [467, 240], r: -3.9780108823440967e+34, e: 8.5598981075563936e+32
#ERR  p: [468, 240], r: 6.0581152168611208e+33, e: 3.4875732678213153e+33
#ERR  p: [469, 240], r: -1.8614994740357131e+34, e: -2.5683433056330327e+34
#ERR  p: [470, 240], r: -3.2796386458176187e+34, e: -2.3121605276712062e+34
#ERR  p: [471, 240], r: 1.3258761196239858e+34, e: 3.9221567608875953e+34
#ERR  p: [472, 240], r: 5.1523373920067348e+32, e: -2.2125400264778016e+34
#ERR  p: [473, 240], r: -2.2368539116133900e+34, e: -2.3012350569059920e+33
#ERR  p: [474, 240], r: -3.2870412796645374e+34, e: -3.9924177809332921e+34
#ERR  p: [475, 240], r: -2.2877822077565729e+33, e: -2.3946294315173137e+33
#ERR  p: [476, 240], r: -9.6410182238026755e+32, e: -2.6255807012894316e+34
#ERR  p: [477, 240], r: -4.3870933057771136e+33, e: 1.3053078696652632e+34
#ERR  p: [478, 240], r: 1.4884962559746509e+34, e: 1.8517409165000304e+34
#ERR  p: [479, 240], r: 6.7996122088021404e+33, e: 3.3891686094374948e+34
#ERR  p: [480, 240], r: 3.7099904265506076e+34, e: 3.4567910840834587e+34
#ERR  p: [481, 240], r: -1.6787576126984956e+34, e: -1.7386652450196330e+34
#ERR  p: [482, 240], r: -2.4700553230979150e+34, e: -3.6446908225943588e+34
#ERR  p: [483, 240], r: -6.9563385126257677e+33, e: -2.0508880830318616e+34
#ERR  p: [484, 240], r: -1.5916509521862113e+34, e: -2.2432533188524719e+34
#ERR  p: [485, 240], r: 6.4983533105418467e+33, e: 2.2610233600948949e+33
#ERR  p: [486, 240], r: -1.2238207141673109e+34, e: -1.8388262308341896e+33
#ERR  p: [487, 240], r: -1.2119377277302105e+34, e: -2.8491063734269020e+34
#ERR  p: [488, 240], r: 3.1491855148297567e+34, e: 3.4368706481472941e+34
#ERR  p: [489, 240], r: 4.2824121676001124e+32, e: 9.4979327812719338e+33
#ERR  p: [490, 240], r: -6.0510923830182548e+33, e: -8.7806845588204362e+33
#ERR  p: [491, 240], r: 5.5195258819092697e+32, e: 5.9327564567229261e+33
#ERR  p: [492, 240], r: -3.9004601285830640e+34, e: -3.8471710188879620e+34
#ERR  p: [493, 240], r: 1.3294329689448606e+34, e: -8.6882890470783129e+33
#ERR  p: [494, 240], r: -6.5929993972753908e+33, e: -4.0877671414031542e+33
#ERR  p: [495, 240], r: -7.5103488666469968e+33, e: -7.2306914031022134e+33
#ERR  p: [496, 240], r: 9.8524323857717935e+33, e: -6.4227331242720796e+33
#ERR  p: [497, 240], r: -2.2745811246626434e+34, e: -1.4617859665110138e+34
#ERR  p: [498, 240], r: 2.4136132420197550e+32, e: -2.1280359492071089e+32
#ERR  p: [499, 240], r: 9.5921010231503137e+30, e: -3.2915358685651708e+33
#ERR  p: [500, 240], r: -1.8472061564451221e+33, e: 1.9085378530904515e+34
#SDC Ite:11 KerTime:2.8337730 AccTime:29.8118234 KerErr:32768 AccErr:32768
#ABORT too many errors per iteration
#END
