#HEADER matrix_dim:2048 threads:4 block_size:16 block_offset:12 precision:Float
#BEGIN Y:2023 M:10 D:23 Time:08:56:38
#IT 0 KerTime:2.7145911 AccTime:2.7145911
#IT 1 KerTime:2.7381204 AccTime:5.4527115
#IT 2 KerTime:2.7782302 AccTime:8.2309417
#IT 3 KerTime:2.7449330 AccTime:10.9758747
#IT 4 KerTime:2.7148218 AccTime:13.6906965
#IT 5 KerTime:2.7024043 AccTime:16.3931008
#IT 6 KerTime:2.6969049 AccTime:19.0900057
#IT 7 KerTime:2.6930468 AccTime:21.7830525
#IT 8 KerTime:2.6806257 AccTime:24.4636782
#IT 9 KerTime:2.6629091 AccTime:27.1265872
#IT 10 KerTime:2.6592949 AccTime:29.7858822
#ERR  p: [522, 854], r: -1.7424892418009856e+34, e: 2.1497481795561352e+33
#SDC Ite:11 KerTime:2.6592949 AccTime:29.7858822 KerErr:1 AccErr:1
#IT 11 KerTime:2.7211088 AccTime:32.5069910
#IT 12 KerTime:2.6974948 AccTime:35.2044858
#IT 13 KerTime:2.6987000 AccTime:37.9031858
#IT 14 KerTime:2.6774511 AccTime:40.5806369
#IT 15 KerTime:2.7003703 AccTime:43.2810072
#IT 16 KerTime:2.6590045 AccTime:45.9400117
#IT 17 KerTime:2.7238134 AccTime:48.6638251
