#HEADER matrix_dim:2048 threads:4 block_size:16 block_offset:12 precision:Float
#BEGIN Y:2023 M:10 D:23 Time:23:43:03
#IT 0 KerTime:2.6896116 AccTime:2.6896116
#ERR  p: [337, 884], r: -1.7839659276412265e+34, e: -9.1181104942984720e+33
#ERR  p: [503, 884], r: -4.4847576760174414e+34, e: -2.2072787813108387e+34
#ERR  p: [598, 884], r: -3.8456005681541246e+34, e: -3.1978127899249179e+34
#ERR  p: [599, 884], r: -3.2720370750063868e+33, e: 2.2494031573796338e+34
#ERR  p: [568, 980], r: 1.0148362571132983e+34, e: -2.2721097011682141e+34
#ERR  p: [502, 988], r: -4.5799696251429428e+34, e: -4.2933211428143030e+34
#ERR  p: [503, 988], r: 2.3754809130926455e+34, e: 1.1202146650174270e+34
#ERR  p: [504, 988], r: -8.8045088386704873e+34, e: -5.4673374247030963e+34
#ERR  p: [409, 1021], r: 3.5475598188199571e+34, e: 4.7708723586011413e+34
#SDC Ite:1 KerTime:2.6896116 AccTime:2.6896116 KerErr:9 AccErr:9
#IT 1 KerTime:2.6975961 AccTime:5.3872076
#ERR  p: [679, 692], r: 4.4806680173036582e+34, e: 3.0027963817161741e+34
#ERR  p: [680, 692], r: -8.1115337731272857e+34, e: -5.0429899007486493e+34
#ERR  p: [722, 692], r: 1.1141238762301390e+34, e: 4.5417563968342660e+34
#ERR  p: [105, 700], r: 1.4850396797969582e+34, e: -1.7629877957354965e+34
#ERR  p: [106, 700], r: 8.6170932585089518e+33, e: 1.5711625493600225e+34
#ERR  p: [728, 724], r: -4.8312501605491993e+34, e: -1.0041981431797033e+34
#ERR  p: [366, 752], r: 1.4210326090357273e+34, e: 1.6514748997606930e+34
#ERR  p: [584, 756], r: -5.5423411168332993e+32, e: -4.6255708796060748e+34
#ERR  p: [585, 756], r: 8.2453758887666953e+34, e: 4.3251525426324559e+34
#ERR  p: [616, 756], r: -9.4702406815631395e+33, e: 2.6653455636433487e+34
#ERR  p: [617, 756], r: 9.0042627196155723e+33, e: 6.3075861315179499e+33
#ERR  p: [1815, 756], r: 2.6667719181566133e+34, e: -3.8107068760607915e+33
#ERR  p: [774, 820], r: 2.7570120524963368e+34, e: 3.1913358876393768e+34
#ERR  p: [823, 820], r: -5.5250192408335986e+33, e: -3.3000715889300475e+34
#ERR  p: [777, 852], r: 5.2245981803918932e+34, e: 1.0654200964405500e+34
#ERR  p: [778, 852], r: -4.1938323584410785e+34, e: -1.0847699658126080e+34
#ERR  p: [802, 893], r: 2.2512044839307980e+33, e: 4.8049211256691612e+32
#ERR  p: [713, 948], r: -4.7898970211248791e+34, e: -5.1288870938425519e+34
#ERR  p: [813, 948], r: -2.5548732800655685e+34, e: -8.2212303634764497e+33
#ERR  p: [823, 950], r: -4.8816228073057490e+33, e: 6.1178897706280350e+33
#ERR  p: [791, 980], r: 3.8852002893068010e+34, e: 2.4472589048624826e+34
#ERR  p: [792, 980], r: -3.1412280362572303e+34, e: 2.7832779214858705e+33
#SDC Ite:2 KerTime:2.6975961 AccTime:5.3872076 KerErr:22 AccErr:31
#IT 2 KerTime:2.7907034 AccTime:8.1779111
#IT 3 KerTime:2.7782864 AccTime:10.9561975
#IT 4 KerTime:2.7633971 AccTime:13.7195946
#IT 5 KerTime:2.7825379 AccTime:16.5021325
#IT 6 KerTime:2.7258055 AccTime:19.2279380
#IT 7 KerTime:2.7209642 AccTime:21.9489022
#IT 8 KerTime:2.7610917 AccTime:24.7099939
