#HEADER matrix_dim:2048 threads:4 block_size:16 block_offset:12 precision:Float
#BEGIN Y:2023 M:10 D:23 Time:23:40:27
#IT 0 KerTime:2.6802324 AccTime:2.6802324
#IT 1 KerTime:2.6960804 AccTime:5.3763128
#IT 2 KerTime:2.7424365 AccTime:8.1187493
#IT 3 KerTime:2.6759358 AccTime:10.7946851
#IT 4 KerTime:2.6834100 AccTime:13.4780951
#IT 5 KerTime:2.6874133 AccTime:16.1655084
#IT 6 KerTime:2.6702196 AccTime:18.8357281
#IT 7 KerTime:2.6509390 AccTime:21.4866671
#IT 8 KerTime:2.6765594 AccTime:24.1632264
#IT 9 KerTime:2.6466409 AccTime:26.8098673
#IT 10 KerTime:2.7223611 AccTime:29.5322284
#IT 11 KerTime:2.6909523 AccTime:32.2231807
#IT 12 KerTime:2.7450021 AccTime:34.9681828
#IT 13 KerTime:2.8016830 AccTime:37.7698658
#IT 14 KerTime:2.6878415 AccTime:40.4577073
#IT 15 KerTime:2.7393179 AccTime:43.1970251
#IT 16 KerTime:2.6800461 AccTime:45.8770712
#IT 17 KerTime:2.7050109 AccTime:48.5820821
#IT 18 KerTime:2.6916051 AccTime:51.2736872
#ERR  p: [1404, 1374], r: 1.6688696904287076e+34, e: 1.6792594735904219e+34
#ERR  p: [1405, 1374], r: 1.1944910673745499e+34, e: 1.0126433701277082e+34
#ERR  p: [758, 1501], r: 4.0973950962646923e+34, e: 3.6621254749316383e+34
#ERR  p: [913, 1501], r: 2.5765723882501784e+34, e: 2.5759851094955414e+34
#SDC Ite:19 KerTime:2.6916051 AccTime:51.2736872 KerErr:4 AccErr:4
#IT 19 KerTime:2.7470557 AccTime:54.0207429
#IT 20 KerTime:2.7338974 AccTime:56.7546403
#IT 21 KerTime:2.6993292 AccTime:59.4539695
#IT 22 KerTime:2.6832546 AccTime:62.1372241
#IT 23 KerTime:2.7051021 AccTime:64.8423262
#IT 24 KerTime:2.6815336 AccTime:67.5238598
#IT 25 KerTime:2.7167210 AccTime:70.2405809
#IT 26 KerTime:2.6780516 AccTime:72.9186325
#IT 27 KerTime:2.6943638 AccTime:75.6129963
#IT 28 KerTime:2.6930500 AccTime:78.3060463
#IT 29 KerTime:2.6958744 AccTime:81.0019207
