#HEADER matrix_dim:2048 threads:4 block_size:16 block_offset:12 precision:Float
#BEGIN Y:2023 M:10 D:20 Time:21:05:01
#IT 0 KerTime:2.7139179 AccTime:2.7139179
#IT 1 KerTime:2.7155461 AccTime:5.4294640
#IT 2 KerTime:2.7214727 AccTime:8.1509367
#IT 3 KerTime:2.6699279 AccTime:10.8208645
#IT 4 KerTime:2.6682972 AccTime:13.4891617
#IT 5 KerTime:2.6678949 AccTime:16.1570567
#IT 6 KerTime:2.6646167 AccTime:18.8216734
#IT 7 KerTime:2.6425024 AccTime:21.4641758
#IT 8 KerTime:2.6831336 AccTime:24.1473094
#IT 9 KerTime:2.6985223 AccTime:26.8458317
#IT 10 KerTime:2.6932768 AccTime:29.5391084
#ERR  p: [1911, 218], r: 2.2650487387721381e+34, e: 1.5119824543999731e+34
#SDC Ite:11 KerTime:2.6932768 AccTime:29.5391084 KerErr:1 AccErr:1
#IT 11 KerTime:2.6664851 AccTime:32.2055936
#IT 12 KerTime:2.6519698 AccTime:34.8575633
#IT 13 KerTime:2.6427746 AccTime:37.5003379
#IT 14 KerTime:2.6914378 AccTime:40.1917757
#IT 15 KerTime:2.6888476 AccTime:42.8806232
#IT 16 KerTime:2.6841481 AccTime:45.5647714
#IT 17 KerTime:2.7244679 AccTime:48.2892392
#IT 18 KerTime:2.6859125 AccTime:50.9751518
#IT 19 KerTime:2.7342789 AccTime:53.7094307
