#HEADER matrix_dim:2048 threads:4 block_size:16 block_offset:12 precision:Float
#BEGIN Y:2023 M:10 D:20 Time:03:23:12
#IT 0 KerTime:2.6913679 AccTime:2.6913679
#IT 1 KerTime:2.6894188 AccTime:5.3807867
#IT 2 KerTime:2.6746300 AccTime:8.0554167
#IT 3 KerTime:2.6736299 AccTime:10.7290466
#IT 4 KerTime:2.6742789 AccTime:13.4033255
#IT 5 KerTime:2.6722372 AccTime:16.0755627
#IT 6 KerTime:2.6394870 AccTime:18.7150496
#IT 7 KerTime:2.6417857 AccTime:21.3568353
#ERR  p: [1913, 2021], r: 1.0957707497549622e+32, e: -3.8761682787801749e+34
#SDC Ite:8 KerTime:2.6417857 AccTime:21.3568353 KerErr:1 AccErr:1
#IT 8 KerTime:2.6649863 AccTime:24.0218216
#IT 9 KerTime:2.6759435 AccTime:26.6977651
#IT 10 KerTime:2.6912646 AccTime:29.3890297
#IT 11 KerTime:2.6392549 AccTime:32.0282846
#IT 12 KerTime:2.6352855 AccTime:34.6635701
#IT 13 KerTime:2.6399523 AccTime:37.3035224
#IT 14 KerTime:2.6926087 AccTime:39.9961312
#IT 15 KerTime:2.7319858 AccTime:42.7281169
#IT 16 KerTime:2.7460480 AccTime:45.4741650
#IT 17 KerTime:2.6942828 AccTime:48.1684478
#IT 18 KerTime:2.6747410 AccTime:50.8431887
