#HEADER matrix_dim:2048 threads:4 block_size:16 block_offset:12 precision:Float
#BEGIN Y:2023 M:10 D:18 Time:07:12:46
#IT 0 KerTime:2.6751535 AccTime:2.6751535
#IT 1 KerTime:2.7479885 AccTime:5.4231420
#ERR  p: [872, 112], r: -7.5692011550846435e+34, e: -7.5672833383757825e+34
#ERR  p: [873, 112], r: 1.9588477362870093e+34, e: 1.8810065617927603e+34
#ERR  p: [874, 112], r: -3.4276633453111052e+34, e: -3.4204927014275485e+34
#ERR  p: [875, 112], r: 1.6479111179755982e+34, e: 1.6194493909443802e+34
#ERR  p: [872, 113], r: 5.6632104874190256e+33, e: 5.6417582244782492e+33
#ERR  p: [873, 113], r: -3.6696293722737706e+33, e: -2.7987410305165842e+33
#ERR  p: [874, 113], r: 2.7572088849625832e+34, e: 2.7491865383319982e+34
#ERR  p: [875, 113], r: -9.1624592319783560e+32, e: -5.9781679659265366e+32
#ERR  p: [872, 114], r: -3.5383034316612105e+31, e: -2.8866517949813863e+31
#ERR  p: [873, 114], r: -2.4307987589241284e+34, e: -2.4572515568595941e+34
#ERR  p: [874, 114], r: -2.8429010751859801e+34, e: -2.8404643140126508e+34
#ERR  p: [875, 114], r: -3.6361908786966175e+34, e: -3.6458631518115620e+34
#ERR  p: [872, 115], r: 1.1372165335169725e+34, e: 1.1331291030952600e+34
#ERR  p: [873, 115], r: -2.2985872579044655e+34, e: -2.1326376818181424e+34
#ERR  p: [874, 115], r: 2.8498315587019154e+34, e: 2.8345444847447881e+34
#ERR  p: [875, 115], r: -2.7845106621769908e+34, e: -2.7238337739154415e+34
#ERR  p: [872, 116], r: 6.2682072588682820e+33, e: 6.2923161411333648e+33
#ERR  p: [873, 116], r: 3.7756698305109091e+34, e: 3.6777888826607084e+34
#ERR  p: [874, 116], r: -9.7226535607233303e+33, e: -9.6324869600219403e+33
#ERR  p: [875, 116], r: 3.8139508979337388e+33, e: 3.4560574808161782e+33
#ERR  p: [872, 117], r: -3.3495729734869480e+33, e: -3.3553541534704108e+33
#ERR  p: [873, 117], r: -2.9761638348870041e+34, e: -2.9526900158620748e+34
#ERR  p: [874, 117], r: -4.4440270966388777e+33, e: -4.4656489573650362e+33
#ERR  p: [875, 117], r: 2.3115732489165692e+34, e: 2.3201561347969426e+34
#ERR  p: [872, 118], r: 2.1233016332178678e+34, e: 2.1227148496392466e+34
#ERR  p: [873, 118], r: -9.8029333533009676e+33, e: -9.5647140756612033e+33
#ERR  p: [874, 118], r: 4.7994099713567676e+33, e: 4.7774650082803556e+33
#ERR  p: [875, 118], r: 3.3459835663430401e+33, e: 3.4330850275071594e+33
#ERR  p: [872, 119], r: 3.0218443175126504e+34, e: 3.0208262356243421e+34
#ERR  p: [873, 119], r: 1.9100397219461125e+34, e: 1.9513785012659771e+34
#ERR  p: [874, 119], r: -1.7003412210774402e+34, e: -1.7041491246382820e+34
#ERR  p: [875, 119], r: 3.1895072026133444e+34, e: 3.2046224504930189e+34
#ERR  p: [872, 120], r: 1.1465972717526653e+34, e: 1.1429134097837598e+34
#ERR  p: [873, 120], r: -3.1381591828998419e+34, e: -2.9886105792179951e+34
#ERR  p: [874, 120], r: -6.8515777130072385e+34, e: -6.8653535097644062e+34
#ERR  p: [875, 120], r: -5.7149115676317323e+34, e: -5.6602312609204814e+34
#ERR  p: [872, 121], r: -1.5728902184788492e+34, e: -1.5765114406817668e+34
#ERR  p: [873, 121], r: 5.7811938483911659e+34, e: 5.9282155688648234e+34
#ERR  p: [874, 121], r: -1.8734442336807738e+34, e: -1.8869872977105559e+34
#ERR  p: [875, 121], r: 4.9942363557694811e+33, e: 5.5317969625486860e+33
#ERR  p: [872, 122], r: 1.7322317944294708e+34, e: 1.7364492085553083e+34
#ERR  p: [873, 122], r: -3.0662229823929841e+34, e: -3.2374409836984979e+34
#ERR  p: [874, 122], r: 3.9533399753011783e+34, e: 3.9691118265776898e+34
#ERR  p: [875, 122], r: -1.5864274641904466e+34, e: -1.6490313299171476e+34
#ERR  p: [872, 123], r: 5.5529205524090321e+33, e: 5.5255076081790967e+33
#ERR  p: [873, 123], r: 2.2550716848195216e+34, e: 2.3663615039992458e+34
#ERR  p: [874, 123], r: -9.9592622783719843e+33, e: -1.0061778568905285e+34
#ERR  p: [875, 123], r: -1.0042278537406462e+34, e: -9.6353626947332003e+33
#ERR  p: [872, 124], r: -3.4321164632204225e+34, e: -3.4347909088812947e+34
#ERR  p: [873, 124], r: 1.5535350259646223e+34, e: 1.6621250217126690e+34
#ERR  p: [874, 124], r: 2.0350025888597438e+34, e: 2.0249995381663022e+34
#ERR  p: [875, 124], r: 2.1231359968406114e+34, e: 2.1628406953086193e+34
#ERR  p: [872, 125], r: -6.3583606136112516e+34, e: -6.3584363755416558e+34
#ERR  p: [873, 125], r: -4.2969364229050321e+34, e: -4.2938633605515100e+34
#ERR  p: [874, 125], r: -8.3699434814257828e+33, e: -8.3727734123555891e+33
#ERR  p: [875, 125], r: -1.2308591460546718e+34, e: -1.2297355916750164e+34
#ERR  p: [872, 126], r: 4.1028479745497366e+34, e: 4.1006394895196515e+34
#ERR  p: [873, 126], r: 1.4525844819930095e+34, e: 1.5422472410984103e+34
#ERR  p: [874, 126], r: -7.0959372970358622e+33, e: -7.1785326564569828e+33
#ERR  p: [875, 126], r: 2.5079560953406762e+34, e: 2.5407402138130630e+34
#ERR  p: [872, 127], r: -4.5477673384890201e+34, e: -4.5471453974132831e+34
#ERR  p: [873, 127], r: 5.4333386394641626e+33, e: 5.1808062990901807e+33
#ERR  p: [874, 127], r: 1.5906541628665787e+34, e: 1.5929804997884038e+34
#ERR  p: [875, 127], r: -1.7419402153935625e+34, e: -1.7511737625585843e+34
#SDC Ite:2 KerTime:2.7479885 AccTime:5.4231420 KerErr:64 AccErr:64
#IT 2 KerTime:2.7968303 AccTime:8.2199723
#IT 3 KerTime:2.6757148 AccTime:10.8956871
#IT 4 KerTime:2.7004826 AccTime:13.5961697
#IT 5 KerTime:2.6731195 AccTime:16.2692892
#IT 6 KerTime:2.7005067 AccTime:18.9697959
#IT 7 KerTime:2.6768324 AccTime:21.6466282
#IT 8 KerTime:2.6855491 AccTime:24.3321774
#IT 9 KerTime:2.6682999 AccTime:27.0004773
#IT 10 KerTime:2.6862381 AccTime:29.6867154
#IT 11 KerTime:2.6632107 AccTime:32.3499261
#IT 12 KerTime:2.6362470 AccTime:34.9861731
#IT 13 KerTime:2.6706593 AccTime:37.6568324
#IT 14 KerTime:2.7459619 AccTime:40.4027943
#IT 15 KerTime:2.6470818 AccTime:43.0498762
#IT 16 KerTime:2.6860161 AccTime:45.7358922
#IT 17 KerTime:2.7169221 AccTime:48.4528143
#IT 18 KerTime:2.6832377 AccTime:51.1360520
#IT 19 KerTime:2.7536885 AccTime:53.8897405
#IT 20 KerTime:2.7103674 AccTime:56.6001079
#IT 21 KerTime:2.7439643 AccTime:59.3440722
#IT 22 KerTime:2.6818426 AccTime:62.0259148
#IT 23 KerTime:2.6890157 AccTime:64.7149305
#IT 24 KerTime:2.6728757 AccTime:67.3878062
#IT 25 KerTime:2.6825841 AccTime:70.0703903
#IT 26 KerTime:2.7141689 AccTime:72.7845592
#IT 27 KerTime:2.7001266 AccTime:75.4846858
#IT 28 KerTime:2.6640702 AccTime:78.1487559
#IT 29 KerTime:2.6586373 AccTime:80.8073932
