#HEADER matrix_dim:2048 threads:4 block_size:16 block_offset:12 precision:Float
#BEGIN Y:2023 M:10 D:19 Time:09:54:17
#IT 0 KerTime:2.7297556 AccTime:2.7297556
#IT 1 KerTime:2.7628150 AccTime:5.4925706
#IT 2 KerTime:2.8152989 AccTime:8.3078695
#ERR  p: [1608, 625], r: -5.6531863917449161e+34, e: -5.4241422305003194e+34
#ERR  p: [830, 758], r: -1.3687524204726428e+34, e: -1.5786699129342648e+34
#ERR  p: [967, 1011], r: 3.2014961567178076e+33, e: 3.1901665294782678e+33
#ERR  p: [968, 1011], r: -1.2566719289898270e+34, e: -1.3311790833702726e+34
#ERR  p: [969, 1011], r: 2.9890255367191635e+34, e: 2.7397925541378851e+34
#SDC Ite:3 KerTime:2.8152989 AccTime:8.3078695 KerErr:5 AccErr:5
#IT 3 KerTime:2.7373117 AccTime:11.0451812
#IT 4 KerTime:2.7125720 AccTime:13.7577532
#IT 5 KerTime:2.7063855 AccTime:16.4641388
#IT 6 KerTime:2.7072075 AccTime:19.1713463
#ERR  p: [1742, 881], r: 2.0038955077585768e+34, e: 2.0372366992486421e+34
#ERR  p: [1743, 881], r: 2.2321650899205927e+34, e: 2.5433703412205288e+34
#SDC Ite:7 KerTime:2.7072075 AccTime:19.1713463 KerErr:2 AccErr:7
#IT 7 KerTime:2.7282400 AccTime:21.8995863
#IT 8 KerTime:2.7094481 AccTime:24.6090343
#IT 9 KerTime:2.7497577 AccTime:27.3587920
#ERR  p: [111, 765], r: 5.8922064927960941e+33, e: 3.6407383276369284e+33
#ERR  p: [552, 977], r: -1.5232298824209044e+34, e: -1.5689395804314778e+34
#SDC Ite:10 KerTime:2.7497577 AccTime:27.3587920 KerErr:2 AccErr:9
#IT 10 KerTime:2.7675294 AccTime:30.1263214
#ERR  p: [878, 880], r: 1.9857643903551953e+34, e: 1.9137217270049590e+34
#ERR  p: [694, 977], r: 1.0276670104444756e+34, e: 1.2124933152198418e+34
#SDC Ite:11 KerTime:2.7675294 AccTime:30.1263214 KerErr:2 AccErr:11
#ABORT amount of errors equals of the last iteration
#END
