#HEADER matrix_dim:2048 threads:4 block_size:16 block_offset:12 precision:Float
#BEGIN Y:2023 M:10 D:24 Time:18:27:37
#IT 0 KerTime:2.7808100 AccTime:2.7808100
#IT 1 KerTime:2.7250806 AccTime:5.5058906
#IT 2 KerTime:2.7263307 AccTime:8.2322213
#IT 3 KerTime:2.6873470 AccTime:10.9195683
#IT 4 KerTime:2.7007953 AccTime:13.6203636
#IT 5 KerTime:2.6898112 AccTime:16.3101748
#IT 6 KerTime:2.6874857 AccTime:18.9976606
#IT 7 KerTime:2.6819493 AccTime:21.6796098
#IT 8 KerTime:2.6864132 AccTime:24.3660231
#IT 9 KerTime:2.6653271 AccTime:27.0313502
#IT 10 KerTime:2.8302860 AccTime:29.8616362
#IT 11 KerTime:2.7945275 AccTime:32.6561637
#IT 12 KerTime:2.7089121 AccTime:35.3650758
#IT 13 KerTime:2.7440345 AccTime:38.1091102
#IT 14 KerTime:2.7733790 AccTime:40.8824892
#IT 15 KerTime:2.7970293 AccTime:43.6795185
#IT 16 KerTime:2.6952428 AccTime:46.3747613
#IT 17 KerTime:2.6991459 AccTime:49.0739072
#IT 18 KerTime:2.7395863 AccTime:51.8134935
#IT 19 KerTime:2.6995471 AccTime:54.5130406
#IT 20 KerTime:2.7012768 AccTime:57.2143174
#ERR  p: [457, 1276], r: 1.7280391391044191e+34, e: 1.6883195853559398e+34
#SDC Ite:21 KerTime:2.7012768 AccTime:57.2143174 KerErr:1 AccErr:1
