#HEADER matrix_dim:2048 threads:4 block_size:16 block_offset:12 precision:Float
#BEGIN Y:2023 M:10 D:16 Time:16:41:03
#IT 0 KerTime:2.7357663 AccTime:2.7357663
#IT 1 KerTime:2.6924114 AccTime:5.4281777
#IT 2 KerTime:2.7657473 AccTime:8.1939250
#IT 3 KerTime:2.7165756 AccTime:10.9105005
#IT 4 KerTime:2.7228042 AccTime:13.6333048
#IT 5 KerTime:2.6870126 AccTime:16.3203174
#IT 6 KerTime:2.6888893 AccTime:19.0092067
#IT 7 KerTime:2.6845852 AccTime:21.6937919
#IT 8 KerTime:2.6579853 AccTime:24.3517772
#IT 9 KerTime:2.6615119 AccTime:27.0132891
#IT 10 KerTime:2.7136719 AccTime:29.7269610
#ERR  p: [0, 928], r: -3.6076167467098323e+34, e: 2.0966146170269693e+34
#ERR  p: [1, 928], r: 1.2381993134472082e+35, e: -1.4134072697757411e+34
#ERR  p: [2, 928], r: 1.2614883823006746e+34, e: -5.1210125572526576e+33
#ERR  p: [3, 928], r: 4.1250984612278441e+34, e: 2.2747955358774477e+34
#ERR  p: [4, 928], r: -6.9124571282592149e+34, e: 2.3128916550584081e+34
#ERR  p: [5, 928], r: -2.4983615648601988e+34, e: 2.9877393170183460e+34
#ERR  p: [6, 928], r: 9.1879087723574839e+34, e: -4.3695922379567264e+33
#ERR  p: [7, 928], r: 1.5289673631209803e+34, e: 5.8265053010911012e+33
#ERR  p: [8, 928], r: 1.1875578603905282e+34, e: 8.2342664910601444e+32
#ERR  p: [9, 928], r: 6.5172034235200452e+33, e: 9.3413247007220582e+33
#ERR  p: [10, 928], r: 5.3203667073590574e+34, e: -1.0669144138619714e+34
#ERR  p: [11, 928], r: -5.7555892869706185e+33, e: 2.4082840958416374e+34
#ERR  p: [12, 928], r: -6.4967222007460843e+34, e: -1.7882463529150636e+34
#ERR  p: [13, 928], r: 6.8189327389952673e+34, e: -8.8847575589531385e+32
#ERR  p: [14, 928], r: 1.3944554724027158e+35, e: 4.9534997104847249e+34
#ERR  p: [15, 928], r: 9.5261268656666583e+34, e: -1.3734755950015303e+33
#ERR  p: [16, 928], r: 1.5579579381369811e+34, e: 1.7545124558960360e+33
#ERR  p: [17, 928], r: -5.4872989602485652e+34, e: 2.8256569418207465e+33
#ERR  p: [18, 928], r: -2.1973005513151848e+33, e: 7.6804387331947099e+33
#ERR  p: [19, 928], r: 9.3120186985840475e+34, e: 1.7763215241046354e+34
#ERR  p: [20, 928], r: 6.1316507121047313e+34, e: -1.0698979731506531e+34
#ERR  p: [21, 928], r: 2.5039659670060515e+34, e: 5.6110034611122629e+33
#ERR  p: [22, 928], r: -8.1405587628763786e+33, e: -4.3714615274160473e+33
#ERR  p: [23, 928], r: -7.7606832444812275e+34, e: 6.3823057164091369e+33
#ERR  p: [24, 928], r: -5.0467032256904898e+34, e: 9.7593386758475132e+33
#ERR  p: [25, 928], r: 4.3462163399889045e+34, e: -1.6273195947441370e+34
#ERR  p: [26, 928], r: -7.1739546303977015e+34, e: 2.4622860114113599e+34
#ERR  p: [27, 928], r: -2.9320084943897575e+34, e: 8.4772075814947529e+32
#ERR  p: [28, 928], r: -1.0155659980076563e+35, e: -6.0657378326530205e+33
#ERR  p: [29, 928], r: 4.8316269894971578e+34, e: 9.7537233798293148e+33
#ERR  p: [30, 928], r: -1.1535648191933768e+35, e: -1.0497373768468671e+34
#ERR  p: [31, 928], r: -9.6472617743908113e+34, e: -4.1686704843785795e+34
#ERR  p: [32, 928], r: 3.5958991490619805e+34, e: -3.1654976031394123e+34
#ERR  p: [33, 928], r: 9.0171463329864271e+34, e: -9.7653979281123004e+32
#ERR  p: [34, 928], r: -4.5534678047819214e+33, e: 4.1446764829491424e+34
#ERR  p: [35, 928], r: -1.1561463698337009e+35, e: -5.5230714659757870e+34
#ERR  p: [36, 928], r: 6.0297637902874031e+34, e: -2.4196033243848472e+32
#ERR  p: [37, 928], r: 4.1462157375939899e+34, e: 4.6562242556828437e+34
#ERR  p: [38, 928], r: 5.8668862862025706e+33, e: 1.9454679565484090e+34
#ERR  p: [39, 928], r: -8.1196957593943021e+33, e: 2.0412838966190778e+34
#ERR  p: [40, 928], r: -3.1081542398156507e+33, e: -1.1285801686269019e+34
#ERR  p: [41, 928], r: -1.4949415907891902e+34, e: -1.9884028119609242e+34
#ERR  p: [42, 928], r: 2.0021028467876877e+34, e: -1.8297224197852849e+34
#ERR  p: [43, 928], r: -3.1969920356788717e+34, e: -2.5353700299226431e+34
#ERR  p: [44, 928], r: -4.5794145328293273e+34, e: 7.7402479492827241e+32
#ERR  p: [45, 928], r: -3.7682285729347647e+34, e: -4.7303090249218851e+34
#ERR  p: [46, 928], r: -8.5261089984116138e+34, e: -7.0999456230890644e+34
#ERR  p: [47, 928], r: -1.1549572046319634e+34, e: -1.4540577544337630e+33
#ERR  p: [48, 928], r: 5.5370854423965132e+34, e: -2.6685007633184773e+33
#ERR  p: [49, 928], r: 1.0034484466919121e+35, e: 3.9599381957105694e+34
#ERR  p: [50, 928], r: 2.2945807887613223e+34, e: 2.1569624608260766e+34
#ERR  p: [51, 928], r: -3.7967061455984856e+34, e: -2.0138536212285924e+34
#ERR  p: [52, 928], r: -1.7343653840871792e+34, e: 2.0072945197244427e+34
#ERR  p: [53, 928], r: -3.9226615928356159e+34, e: -9.8188241706152543e+33
#ERR  p: [54, 928], r: -4.5468062018425189e+34, e: 3.6511574499775738e+33
#ERR  p: [55, 928], r: -6.3457578888353107e+34, e: -2.4115827108703172e+34
#ERR  p: [56, 928], r: 3.2434979767227134e+34, e: -1.4308400652029618e+34
#ERR  p: [57, 928], r: 6.7840243154154667e+34, e: -1.1935945511980994e+34
#ERR  p: [58, 928], r: 4.5828054981849378e+34, e: 1.2201167975697690e+34
#ERR  p: [59, 928], r: 2.6894784619451936e+34, e: 2.3558343094931708e+34
#ERR  p: [60, 928], r: -2.4781776952836742e+34, e: -1.0917617273604879e+34
#ERR  p: [61, 928], r: -3.6479121901645872e+32, e: 6.7944433139621082e+34
#ERR  p: [62, 928], r: 8.0463478120666433e+34, e: -6.2649595231752168e+33
#ERR  p: [63, 928], r: -4.1371317335857138e+34, e: -2.9458125161798209e+34
#ERR  p: [64, 928], r: 2.6515707572382124e+34, e: 2.0205639990055427e+34
#ERR  p: [65, 928], r: 2.4988933839010758e+34, e: -7.7318887591674496e+32
#ERR  p: [66, 928], r: -4.1043258273686355e+34, e: 3.3485639285609265e+34
#ERR  p: [67, 928], r: 2.1213976814374469e+34, e: -1.5803838409186554e+34
#ERR  p: [68, 928], r: 7.0620067222930932e+34, e: -1.4779829263970159e+34
#ERR  p: [69, 928], r: -1.0671515536558969e+35, e: 1.1366249219721980e+34
#ERR  p: [70, 928], r: -5.6160647789628811e+33, e: 4.2004159711580060e+33
#ERR  p: [71, 928], r: -5.0582071548875610e+34, e: -2.0591538086741701e+34
#ERR  p: [72, 928], r: -4.0358437271593918e+34, e: 3.1212825939322721e+33
#ERR  p: [73, 928], r: -6.7911494031055777e+34, e: -7.3678895122911237e+32
#ERR  p: [74, 928], r: 2.2738443027512608e+34, e: 4.8015401566793679e+33
#ERR  p: [75, 928], r: -1.6345413655513161e+33, e: -1.5677611853080820e+34
#ERR  p: [76, 928], r: -3.5960766696636140e+34, e: 2.6882992002637704e+34
#ERR  p: [77, 928], r: -4.1209637414966310e+33, e: -3.8570827096065043e+34
#ERR  p: [78, 928], r: 5.2451603644444234e+34, e: -4.0340622076488562e+33
#ERR  p: [79, 928], r: -5.8503942014112029e+34, e: -4.6804625026820318e+33
#ERR  p: [80, 928], r: 2.5371568725753476e+34, e: 2.7140919285702891e+33
#ERR  p: [81, 928], r: -1.8549872904590524e+34, e: -9.1440843332327382e+33
#ERR  p: [82, 928], r: -7.0348854367364133e+34, e: -3.1193474460628612e+34
#ERR  p: [83, 928], r: 7.0776696348461475e+33, e: 5.0360851663855312e+34
#ERR  p: [84, 928], r: 3.8394309225863341e+34, e: 1.3500767332459797e+34
#ERR  p: [85, 928], r: -3.1466291686486324e+34, e: 1.2517443086634516e+34
#ERR  p: [86, 928], r: 1.0730332543705496e+35, e: -6.1540828045866021e+33
#ERR  p: [87, 928], r: 1.1486762434958404e+35, e: -4.5196776124396073e+33
#ERR  p: [88, 928], r: -3.8472274689537534e+34, e: -8.8013643471766985e+33
#ERR  p: [89, 928], r: -6.2400967354262092e+34, e: 2.2109359037748956e+34
#ERR  p: [90, 928], r: -7.0930181106292234e+34, e: -5.1507907097216517e+34
#ERR  p: [91, 928], r: 7.6306252639539055e+32, e: -3.5089274240139783e+34
#ERR  p: [92, 928], r: -8.2022960705755798e+33, e: 3.8586452375240903e+34
#ERR  p: [93, 928], r: -7.4292087057420562e+33, e: -4.9906037445182020e+34
#ERR  p: [94, 928], r: 3.3934798594183101e+34, e: 4.0400903566701564e+34
#ERR  p: [95, 928], r: 1.1708409161704247e+35, e: 2.2731163940081610e+34
#ERR  p: [96, 928], r: 7.1095277741691489e+34, e: -9.2218436798903904e+33
#ERR  p: [97, 928], r: -5.1522476413538866e+33, e: -1.4108737016913397e+34
#ERR  p: [98, 928], r: 3.9154279378040596e+32, e: -2.4141860987729343e+34
#ERR  p: [99, 928], r: -8.5519908584009611e+34, e: -2.8034828360430629e+34
#ERR  p: [100, 928], r: 7.6373219005964197e+33, e: -3.8954605839404061e+34
#ERR  p: [101, 928], r: 2.9546927552576306e+34, e: 4.6301334314148650e+33
#ERR  p: [102, 928], r: -2.4324288783678594e+34, e: -3.2583116624088180e+34
#ERR  p: [103, 928], r: -2.8895164501292947e+34, e: 1.0407491893976317e+33
#ERR  p: [104, 928], r: -1.4437881752498633e+34, e: -1.0520914436255722e+34
#ERR  p: [105, 928], r: 3.0936735600001139e+34, e: -2.7203628376332932e+34
#ERR  p: [106, 928], r: 6.9163229674138953e+34, e: -1.1441284479323184e+34
#ERR  p: [107, 928], r: -9.8927551877014165e+34, e: -3.6368651227390143e+33
#ERR  p: [108, 928], r: -4.6932129137046594e+34, e: 1.3912681977011693e+33
#ERR  p: [109, 928], r: 8.6931306305719581e+32, e: -2.7907352722825256e+34
#ERR  p: [110, 928], r: -6.6642714429511719e+34, e: -4.2777795483850987e+34
#ERR  p: [111, 928], r: 8.9552305143335609e+34, e: 2.3423491810572273e+34
#ERR  p: [112, 928], r: -6.3477093775132402e+34, e: -1.0026059665981764e+34
#ERR  p: [113, 928], r: -1.1629211204926941e+34, e: -1.6240414057261054e+34
#ERR  p: [114, 928], r: 2.3882252582090806e+34, e: 1.1118032338324947e+33
#ERR  p: [115, 928], r: -2.6320387868863756e+34, e: -2.8335528947733205e+34
#ERR  p: [116, 928], r: -2.3374397584494293e+34, e: -4.4464721520104703e+34
#ERR  p: [117, 928], r: 2.4403029197817380e+33, e: -1.7315080946825046e+34
#ERR  p: [118, 928], r: -1.2009044633360756e+34, e: 1.3377201109498487e+34
#ERR  p: [119, 928], r: -7.5249633677807804e+33, e: -4.7559638467080275e+33
#ERR  p: [120, 928], r: -4.6709983272876911e+34, e: -6.3534861009125615e+34
#ERR  p: [121, 928], r: -1.2148526556231142e+35, e: 4.5455033937451750e+34
#ERR  p: [122, 928], r: 5.0398618738573830e+34, e: 7.3011004807766086e+33
#ERR  p: [123, 928], r: 3.1243591225179042e+34, e: 3.5247780082769883e+33
#ERR  p: [124, 928], r: 8.1491919091223470e+34, e: 4.3352021398713746e+34
#ERR  p: [125, 928], r: 2.7683260816913816e+34, e: 6.6693741079991023e+33
#ERR  p: [126, 928], r: 3.5669707186359519e+34, e: 7.1561822680177049e+33
#ERR  p: [127, 928], r: -4.2740964291802168e+34, e: -2.6556324385071078e+34
#ERR  p: [128, 928], r: -2.3595733835878284e+34, e: -1.9698309260065551e+33
#ERR  p: [129, 928], r: 1.0074378817801148e+35, e: 2.9353885658730223e+34
#ERR  p: [130, 928], r: 8.1284158090310283e+34, e: 1.9698927611115174e+34
#ERR  p: [131, 928], r: -1.8077051610105787e+34, e: -7.6195645172908984e+34
#ERR  p: [132, 928], r: 1.4562205594763985e+34, e: -2.8044281270570612e+33
#ERR  p: [133, 928], r: -2.2516357512919840e+33, e: 3.5566215399075261e+34
#ERR  p: [134, 928], r: -5.6707507801983128e+34, e: 4.5287498560175102e+33
#ERR  p: [135, 928], r: 1.2341602369634302e+34, e: 7.9106838200714174e+33
#ERR  p: [136, 928], r: 8.1054282528535302e+34, e: 2.4925665199482960e+34
#ERR  p: [137, 928], r: 4.5485071314564970e+34, e: 5.1177283023284335e+34
#ERR  p: [138, 928], r: -3.6419398722390588e+34, e: -9.6778029931000210e+33
#ERR  p: [139, 928], r: 2.2196339180789225e+34, e: -2.4779246603396443e+34
#ERR  p: [140, 928], r: 9.8788308381395346e+34, e: 3.2516738279181698e+34
#ERR  p: [141, 928], r: 4.5073758308872167e+34, e: -2.0554914249649463e+33
#ERR  p: [142, 928], r: 8.8055536600636442e+34, e: -1.6685226648871949e+33
#ERR  p: [143, 928], r: 7.0243203612651362e+34, e: 1.1145378433792761e+33
#ERR  p: [144, 928], r: 2.6182330319802571e+34, e: -2.8593416616717135e+34
#ERR  p: [145, 928], r: -9.6659180259588577e+34, e: -1.1203960232331823e+34
#ERR  p: [146, 928], r: 3.3963716873500808e+34, e: 9.0366435172231600e+33
#ERR  p: [147, 928], r: 7.1172757932870282e+34, e: -1.5412568890669820e+34
#ERR  p: [148, 928], r: -2.0914415131908036e+34, e: 2.3261851503762702e+34
#ERR  p: [149, 928], r: -3.1289003817580186e+34, e: 9.0663732662366181e+33
#ERR  p: [150, 928], r: 9.7399933868536006e+34, e: 1.7818973298355807e+34
#ERR  p: [151, 928], r: 2.4576217009313405e+33, e: 2.2276208596243840e+34
#ERR  p: [152, 928], r: 6.7667699071479071e+34, e: 1.6105098545386887e+33
#ERR  p: [153, 928], r: 4.3238819209761334e+34, e: -1.1408512492663183e+34
#ERR  p: [154, 928], r: 8.2198352050521750e+34, e: 2.4328829547742693e+34
#ERR  p: [155, 928], r: -1.4017131929886357e+34, e: -3.4985606665369946e+34
#ERR  p: [156, 928], r: -6.0634313027718240e+34, e: 1.2912506891371659e+34
#ERR  p: [157, 928], r: 1.3930938373947050e+35, e: 2.2578421946274422e+34
#ERR  p: [158, 928], r: 3.5520515604585002e+34, e: -1.6979192532875803e+33
#ERR  p: [159, 928], r: -8.1091126099984514e+33, e: 2.0678686589627314e+34
#ERR  p: [160, 928], r: 3.5871625110287279e+34, e: 1.5891635592652752e+34
#ERR  p: [161, 928], r: -2.0735607072633655e+33, e: -4.6997918222494377e+34
#ERR  p: [162, 928], r: 1.4071091012730721e+35, e: 1.0165145324245575e+34
#ERR  p: [163, 928], r: 2.0211365462737122e+34, e: -2.2649472276889167e+34
#ERR  p: [164, 928], r: 7.4932441253301868e+34, e: -1.6006560994139849e+34
#ERR  p: [165, 928], r: 1.6135232481823172e+34, e: -3.5790332063787486e+34
#ERR  p: [166, 928], r: -7.1361672534625389e+34, e: -2.6587589798703269e+34
#ERR  p: [167, 928], r: -9.4636693244526009e+34, e: -1.2928109887626812e+34
#ERR  p: [168, 928], r: -2.2571385495091124e+34, e: 1.7542869341693792e+34
#ERR  p: [169, 928], r: 4.7765015195477798e+34, e: -4.2887637284566759e+33
#ERR  p: [170, 928], r: -1.3255418758133788e+34, e: -6.9791574613699152e+33
#ERR  p: [171, 928], r: -3.0814407317079114e+34, e: 4.5673085933911516e+33
#ERR  p: [172, 928], r: -8.7901368499903997e+34, e: -1.0276671961354815e+34
#ERR  p: [173, 928], r: 2.7357291397529347e+34, e: 1.3942715640304795e+34
#ERR  p: [174, 928], r: 1.4286027361699613e+34, e: -1.8097324116189124e+34
#ERR  p: [175, 928], r: -9.0570575198529877e+34, e: -1.5659946139235208e+33
#ERR  p: [176, 928], r: 1.0338854308498139e+34, e: 5.5492704862031992e+33
#ERR  p: [177, 928], r: -1.4206415437773171e+34, e: -4.7232725737385870e+34
#ERR  p: [178, 928], r: 2.1775033523099311e+34, e: -3.1977095457256415e+34
#ERR  p: [179, 928], r: -3.7554327295126953e+34, e: 4.0800099615289842e+34
#ERR  p: [180, 928], r: 5.4722712347296682e+33, e: 2.4488241562481550e+34
#ERR  p: [181, 928], r: 6.5904278244317833e+34, e: -1.4025422414329451e+34
#ERR  p: [182, 928], r: 7.2392401218375025e+34, e: 1.0177792738656934e+34
#ERR  p: [183, 928], r: 8.6921930147862033e+34, e: -3.3151605924808891e+34
#ERR  p: [184, 928], r: 2.7035374993833498e+34, e: -2.7343686436497601e+34
#ERR  p: [185, 928], r: 3.8128107551575570e+34, e: -4.9257089469547996e+34
#ERR  p: [186, 928], r: -9.0885903285336649e+34, e: -4.8703121205488102e+34
#ERR  p: [187, 928], r: 8.2165967539094045e+34, e: 6.1844894592135414e+34
#ERR  p: [188, 928], r: 1.5874646103553599e+34, e: -2.4825013246648823e+34
#ERR  p: [189, 928], r: -7.5736062409204366e+34, e: -5.0238379779888731e+33
#ERR  p: [190, 928], r: 5.7883318106576854e+34, e: 1.3928876708605624e+34
#ERR  p: [191, 928], r: 3.9376802813922261e+34, e: 3.5367946922383314e+33
#ERR  p: [192, 928], r: -1.4742697252491794e+35, e: -2.9104653666500976e+34
#ERR  p: [193, 928], r: 1.1414545964826652e+35, e: -1.9524542711601161e+34
#ERR  p: [194, 928], r: 1.9147074986582420e+34, e: -1.1781880160271810e+34
#ERR  p: [195, 928], r: 2.4183936093784575e+34, e: 2.7687748349556226e+33
#ERR  p: [196, 928], r: 2.1778081331476031e+34, e: -2.1723087083170817e+34
#ERR  p: [197, 928], r: 8.6472290518552954e+34, e: 1.7013663592239724e+34
#ERR  p: [198, 928], r: 1.0059255647105222e+34, e: 1.6068436951123450e+34
#ERR  p: [199, 928], r: 1.5394753695564464e+34, e: 2.6537398757750483e+34
#ERR  p: [200, 928], r: -5.9632252559398375e+33, e: 2.2645983761858461e+34
#ERR  p: [201, 928], r: 6.6358518058812896e+34, e: -3.9309684180872287e+33
#ERR  p: [202, 928], r: -2.9264385069769968e+34, e: -1.0123695996880202e+34
#ERR  p: [203, 928], r: -2.5039674525340987e+34, e: -3.7375355827767387e+34
#ERR  p: [204, 928], r: -9.5779519874713015e+34, e: 1.0471310178881557e+34
#ERR  p: [205, 928], r: -9.6977697279936549e+34, e: -3.9707674475862301e+34
#ERR  p: [206, 928], r: 5.8016069844629661e+34, e: 3.8327920977436544e+34
#ERR  p: [207, 928], r: -5.2585890428145755e+34, e: -2.1284316567406664e+34
#ERR  p: [208, 928], r: 3.1720012449298020e+34, e: 9.2760351240801276e+33
#ERR  p: [209, 928], r: 2.8211717612644117e+34, e: -4.4619079025663158e+33
#ERR  p: [210, 928], r: 6.7421274727258923e+34, e: 2.1203399854678815e+34
#ERR  p: [211, 928], r: -5.9869082868314061e+34, e: -1.1582606476267964e+34
#ERR  p: [212, 928], r: -2.9755394179311886e+34, e: -4.0104619949459158e+34
#ERR  p: [213, 928], r: -7.8431954143317081e+34, e: -4.1125464919935140e+34
#ERR  p: [214, 928], r: -9.4897928303376167e+34, e: -1.7223655361103703e+34
#ERR  p: [215, 928], r: -3.5362093941877573e+34, e: -1.5537078423941065e+34
#ERR  p: [216, 928], r: 1.6782661505028993e+34, e: -1.5576311219666097e+34
#ERR  p: [217, 928], r: -4.6829211753940565e+34, e: -9.2083693215327887e+33
#ERR  p: [218, 928], r: -5.9552328674582032e+34, e: -2.8788463973426861e+34
#ERR  p: [219, 928], r: 1.3556487013628032e+34, e: 8.4787336520781820e+33
#ERR  p: [220, 928], r: 5.4253994824042176e+34, e: 1.2976603712785738e+34
#ERR  p: [221, 928], r: 4.9534130546819749e+34, e: 2.6343029792182285e+33
#ERR  p: [222, 928], r: 8.0069644828328339e+34, e: -2.3900275441637752e+33
#ERR  p: [223, 928], r: 1.1913480614088082e+34, e: 1.3915342310156117e+34
#ERR  p: [224, 928], r: -6.0925367586234704e+34, e: 1.6660304749486066e+34
#ERR  p: [225, 928], r: -8.3311889019379264e+34, e: -1.6224050965821780e+34
#ERR  p: [226, 928], r: -1.4832551892303284e+35, e: -4.1535158700056558e+34
#ERR  p: [227, 928], r: -5.8161592172127736e+34, e: 1.7329216984133646e+34
#ERR  p: [228, 928], r: -2.4806186654531371e+34, e: -3.4947688561966635e+34
#ERR  p: [229, 928], r: 8.5979639900518945e+34, e: 3.2012507970020213e+34
#ERR  p: [230, 928], r: 7.6810257643613390e+34, e: -4.0748762241860677e+34
#ERR  p: [231, 928], r: 2.8548302367865458e+33, e: -1.6166486753995010e+34
#ERR  p: [232, 928], r: 1.8540667582458398e+34, e: 1.2013033276167334e+34
#ERR  p: [233, 928], r: -1.6299796803005534e+34, e: -8.7153367989966592e+33
#ERR  p: [234, 928], r: 2.2747710246646698e+34, e: 2.2138336738188548e+34
#ERR  p: [235, 928], r: -8.4161809132751035e+34, e: -2.9637638846894982e+34
#ERR  p: [236, 928], r: 2.8924503680224010e+34, e: 2.2245218005300369e+34
#ERR  p: [237, 928], r: 1.1654403284726398e+35, e: 4.7992612947580494e+34
#ERR  p: [238, 928], r: -3.4004546611876518e+34, e: 1.7126610765544043e+34
#ERR  p: [239, 928], r: 7.5682615585948259e+33, e: -6.6542167701580921e+33
#ERR  p: [240, 928], r: -3.3284565636788298e+34, e: -2.3996285428809579e+33
#ERR  p: [241, 928], r: 8.7170754857818355e+33, e: 9.7473801750680165e+33
#ERR  p: [242, 928], r: 5.8397236534485787e+34, e: 9.7767676336606121e+33
#ERR  p: [243, 928], r: -5.6058143878495903e+34, e: -4.7137151814592882e+34
#ERR  p: [244, 928], r: -6.6786969106409566e+34, e: 3.0870585036061885e+34
#ERR  p: [245, 928], r: 5.2413743724222769e+33, e: 2.5780121125158673e+34
#ERR  p: [246, 928], r: 4.5905703532873514e+34, e: 3.6657218145397663e+33
#ERR  p: [247, 928], r: -6.7407013658006356e+34, e: -1.6825115420736246e+33
#ERR  p: [248, 928], r: 7.5850249998428049e+34, e: -1.9161945122334316e+34
#ERR  p: [249, 928], r: 3.0565036675565467e+34, e: 1.5354201255757554e+34
#ERR  p: [250, 928], r: -4.4690333616384385e+34, e: -1.1562793245939202e+34
#ERR  p: [251, 928], r: 4.8523753597315965e+34, e: 1.1681145265455041e+34
#ERR  p: [252, 928], r: 7.4971302667015115e+34, e: -1.6559494340326900e+34
#ERR  p: [253, 928], r: -3.1639437408021013e+34, e: -5.2295979726225590e+34
#ERR  p: [254, 928], r: -7.6606502616667331e+34, e: -2.2780268069679904e+34
#ERR  p: [255, 928], r: -2.9895972174293055e+34, e: 9.6025164316708413e+33
#ERR  p: [256, 928], r: 5.0358440156658784e+34, e: 2.2668784141502019e+34
#ERR  p: [257, 928], r: -9.7362201456138588e+34, e: -2.5128528909600734e+34
#ERR  p: [258, 928], r: 3.9525707193607664e+34, e: -4.8621649895622653e+34
#ERR  p: [259, 928], r: -6.0336083368734078e+34, e: -3.1113920719884016e+33
#ERR  p: [260, 928], r: -1.8325077848736770e+34, e: -2.0718792133080042e+34
#ERR  p: [261, 928], r: -8.2114375150016787e+34, e: -2.6287389339176564e+34
#ERR  p: [262, 928], r: -1.2817631166760827e+31, e: 1.0683671364980728e+34
#ERR  p: [263, 928], r: 3.8022845510035134e+34, e: 3.4059487628760042e+33
#ERR  p: [264, 928], r: -5.1205646705464441e+34, e: -6.5223736800941205e+33
#ERR  p: [265, 928], r: -8.3733769081247408e+33, e: 2.9701182309111501e+34
#ERR  p: [266, 928], r: 1.9072248938847854e+34, e: -3.9527530679285531e+33
#ERR  p: [267, 928], r: -2.6416157386182951e+34, e: -2.6186618544098656e+34
#ERR  p: [268, 928], r: 6.7877812158466900e+34, e: 3.4556120699900433e+34
#ERR  p: [269, 928], r: 1.6816033892608049e+34, e: 1.1079626486546157e+34
#ERR  p: [270, 928], r: -1.0096918239684424e+35, e: -6.0062706593978609e+34
#ERR  p: [271, 928], r: 1.4724747121922156e+34, e: -2.8652488639511755e+34
#ERR  p: [272, 928], r: 1.4359441910201386e+35, e: 9.2113710166430459e+32
#ERR  p: [273, 928], r: 5.3142681195495219e+34, e: -3.3865028293568977e+34
#ERR  p: [274, 928], r: -1.4644129495507797e+35, e: -3.1429440687396877e+34
#ERR  p: [275, 928], r: -6.9872564364889319e+34, e: 1.3319896865079967e+34
#ERR  p: [276, 928], r: 1.7034812559870875e+34, e: -1.5020961414522361e+34
#ERR  p: [277, 928], r: -2.0828870999313337e+34, e: 5.3898126676828886e+34
#ERR  p: [278, 928], r: 1.3481432442162214e+35, e: -5.6233649113745470e+33
#ERR  p: [279, 928], r: -2.2772426957471070e+34, e: -5.5064325614957600e+34
#ERR  p: [280, 928], r: -1.5317469841675901e+35, e: 8.0829165608271334e+33
#ERR  p: [281, 928], r: 8.5258534875875053e+34, e: 1.1360502702059617e+34
#ERR  p: [282, 928], r: -8.4436602110911447e+34, e: 3.3428453883434516e+33
#ERR  p: [283, 928], r: -9.1005617038895703e+34, e: -5.8332635871475718e+34
#ERR  p: [284, 928], r: -8.2690408457336903e+34, e: -4.1973010664311561e+34
#ERR  p: [285, 928], r: 1.1530085384573235e+35, e: 4.9675537961627240e+33
#ERR  p: [286, 928], r: 6.6282013364385059e+34, e: 4.0261345634312766e+34
#ERR  p: [287, 928], r: 6.2894786587693187e+34, e: -5.0152324378057808e+33
#ERR  p: [288, 928], r: 8.4696094150186291e+33, e: 3.9482565602208588e+33
#ERR  p: [289, 928], r: -2.5639406956773182e+34, e: -1.5752265827149925e+34
#ERR  p: [290, 928], r: -6.2889384217361746e+34, e: -2.9293387529010346e+34
#ERR  p: [291, 928], r: 5.5480154625913717e+34, e: 3.5715189103402864e+34
#ERR  p: [292, 928], r: 1.1760079788591987e+35, e: 3.1085134900150513e+34
#ERR  p: [293, 928], r: 2.6094179085485138e+34, e: -1.0297805454735475e+34
#ERR  p: [294, 928], r: 4.0566846953087690e+34, e: -2.5550730835879092e+34
#ERR  p: [295, 928], r: -2.7730876942584889e+34, e: -7.6198783969878592e+32
#ERR  p: [296, 928], r: -1.1383752453937436e+34, e: 1.7229382071725437e+34
#ERR  p: [297, 928], r: 4.5869837934055338e+33, e: -4.3914907782816651e+34
#ERR  p: [298, 928], r: 6.1268965271778597e+34, e: 3.1133976586460478e+34
#ERR  p: [299, 928], r: 6.9759258188973607e+34, e: 2.7983253302513921e+34
#ERR  p: [300, 928], r: 1.1167103043542180e+34, e: 9.0600622479163412e+33
#ERR  p: [301, 928], r: -9.1385763666159457e+34, e: -2.3422637631945166e+34
#ERR  p: [302, 928], r: -1.0910013103119565e+35, e: -2.7239724231998415e+34
#ERR  p: [303, 928], r: -7.0199704875550952e+33, e: 7.2597396661240448e+33
#ERR  p: [304, 928], r: -3.8108518388393918e+34, e: -1.2863147746125272e+34
#ERR  p: [305, 928], r: 8.8493797085104409e+33, e: 8.1817066518421853e+33
#ERR  p: [306, 928], r: -5.5946976862968076e+34, e: 3.3314380803664467e+33
#ERR  p: [307, 928], r: -4.2057019751257545e+33, e: 3.0252964371062016e+33
#ERR  p: [308, 928], r: -2.8863928798221698e+34, e: 2.7743110266053107e+34
#ERR  p: [309, 928], r: 1.6220298769562706e+34, e: 7.7991868935231207e+33
#ERR  p: [310, 928], r: 1.6839722122847782e+35, e: 5.8979484300803115e+34
#ERR  p: [311, 928], r: 5.9225680864056034e+34, e: -5.4580794901193006e+33
#ERR  p: [312, 928], r: 6.2329434227032026e+34, e: -4.3493692494749604e+33
#ERR  p: [313, 928], r: -4.3727518323189945e+34, e: -7.0097317949751757e+32
#ERR  p: [314, 928], r: 5.0626776039574283e+34, e: -2.6939110300498589e+34
#ERR  p: [315, 928], r: 3.5026820165157835e+33, e: -9.2831340912354096e+33
#ERR  p: [316, 928], r: -1.9859851150641999e+33, e: -4.0796830834616109e+33
#ERR  p: [317, 928], r: -4.6502121998820542e+33, e: -1.8084521340302835e+34
#ERR  p: [318, 928], r: 7.5173463227190574e+34, e: -1.2679098248724558e+34
#ERR  p: [319, 928], r: -3.5851696751534863e+34, e: -1.5100178435576272e+34
#ERR  p: [320, 928], r: 1.6566356241964659e+34, e: 1.1958862876958264e+33
#ERR  p: [321, 928], r: -3.8849985050803975e+34, e: -2.8563277728520693e+34
#ERR  p: [322, 928], r: 2.0194957805456433e+34, e: -5.0212234486259024e+34
#ERR  p: [323, 928], r: -3.6001291901762186e+34, e: 1.0911048763756431e+34
#ERR  p: [324, 928], r: -8.9641139720554728e+34, e: 1.7840471365078036e+34
#ERR  p: [325, 928], r: -1.3041180359759044e+35, e: -4.7127134403794985e+34
#ERR  p: [326, 928], r: -5.8474181935567609e+34, e: 2.7275329863408341e+34
#ERR  p: [327, 928], r: 3.4030127404848311e+34, e: 6.3880522340714996e+32
#ERR  p: [328, 928], r: -3.5847079235188328e+34, e: -1.6117385100276794e+34
#ERR  p: [329, 928], r: 6.4090691135004593e+34, e: -6.2745965768960436e+32
#ERR  p: [330, 928], r: 6.3887446139354720e+34, e: 1.5378124447016744e+33
#ERR  p: [331, 928], r: 1.2281291168860358e+35, e: 1.8219833138356884e+34
#ERR  p: [332, 928], r: 1.2895086599138835e+34, e: 4.0370135804965165e+34
#ERR  p: [333, 928], r: -9.2836064891544009e+34, e: -3.6955387145319900e+34
#ERR  p: [334, 928], r: 1.9975702531278482e+34, e: 4.7812081675771428e+34
#ERR  p: [335, 928], r: -6.3933537122897393e+33, e: -4.2669775311903023e+33
#ERR  p: [336, 928], r: -5.1998671094630656e+34, e: -2.4465557549201685e+34
#ERR  p: [337, 928], r: 2.7455259496358314e+34, e: -1.6973137149173638e+34
#ERR  p: [338, 928], r: -1.1156586000144427e+35, e: -1.8163718554316117e+34
#ERR  p: [339, 928], r: -6.0268541360190667e+34, e: -2.1699935128556102e+34
#ERR  p: [340, 928], r: 5.7258193049058837e+34, e: -1.3767548362685953e+34
#ERR  p: [341, 928], r: -9.9064676019285728e+34, e: -7.2005782640585886e+34
#ERR  p: [342, 928], r: -5.9400881566055937e+33, e: 1.8579566134372823e+34
#ERR  p: [343, 928], r: -4.6409936317915078e+34, e: -9.2355421053951028e+33
#ERR  p: [344, 928], r: -1.0064653560852522e+35, e: 6.5843344359704128e+33
#ERR  p: [345, 928], r: -6.4291123530885211e+34, e: 2.3797436358239208e+34
#ERR  p: [346, 928], r: -3.7854285118405958e+34, e: -1.3352776552523387e+34
#ERR  p: [347, 928], r: 4.4785312708988497e+33, e: 6.0024227703737501e+33
#ERR  p: [348, 928], r: -2.3458946413297406e+34, e: -2.7193908071144463e+34
#ERR  p: [349, 928], r: 5.9882982459075157e+34, e: 7.3447329154012612e+33
#ERR  p: [350, 928], r: 1.2352501441328179e+35, e: 4.3877067050665795e+33
#ERR  p: [351, 928], r: 1.0560663452977136e+34, e: -2.5738656633027819e+33
#ERR  p: [352, 928], r: 4.1377935363307157e+33, e: -2.3526528035922074e+34
#ERR  p: [353, 928], r: -3.1455244309575742e+34, e: -1.9243145323331162e+34
#ERR  p: [354, 928], r: 5.6923523387078270e+34, e: 4.1109096876735708e+34
#ERR  p: [355, 928], r: 6.5687752627926505e+34, e: 5.2387745745457737e+34
#ERR  p: [356, 928], r: 4.1441070305310712e+33, e: -1.5999822886506019e+34
#ERR  p: [357, 928], r: -2.0956842431904444e+33, e: -3.9235375592074142e+34
#ERR  p: [358, 928], r: -1.4668272606814966e+33, e: 2.0495758665902191e+34
#ERR  p: [359, 928], r: 2.0129684941005033e+33, e: -1.2990030410451827e+34
#ERR  p: [360, 928], r: 1.0177905267406505e+35, e: -6.5869861035345620e+32
#ERR  p: [361, 928], r: -8.2404934532517538e+34, e: -8.4213248017263421e+33
#ERR  p: [362, 928], r: -3.9683044420840679e+34, e: -4.2644667412026237e+34
#ERR  p: [363, 928], r: 2.1253793917798044e+34, e: -1.9124065395072222e+34
#ERR  p: [364, 928], r: 2.8362376153365187e+33, e: -3.2930353853347572e+34
#ERR  p: [365, 928], r: -1.3729581979621110e+34, e: -4.0311098444491645e+34
#ERR  p: [366, 928], r: -2.5243214150720211e+34, e: -2.5368558055577934e+34
#ERR  p: [367, 928], r: -5.1948821725128712e+34, e: -1.5533145488436255e+34
#ERR  p: [368, 928], r: -1.6166739293763024e+35, e: -5.6489917557158015e+34
#ERR  p: [369, 928], r: 5.6074901872807710e+33, e: 2.9261706167524955e+34
#ERR  p: [370, 928], r: -5.2885907672546645e+34, e: 3.0464582793137616e+34
#ERR  p: [371, 928], r: 1.2022675591133328e+35, e: 4.6293891818632467e+34
#ERR  p: [372, 928], r: -7.0678151369574202e+34, e: 7.6691908099977629e+33
#ERR  p: [373, 928], r: 1.3205363890585323e+35, e: 6.2988592732110076e+33
#ERR  p: [374, 928], r: 1.2433774433199335e+34, e: -2.2897498515520151e+34
#ERR  p: [375, 928], r: 1.6559647597303763e+35, e: 1.3678957659654574e+34
#ERR  p: [376, 928], r: 1.6395230838574084e+34, e: -1.4711488784101409e+34
#ERR  p: [377, 928], r: -5.9931239837686580e+33, e: -1.5796200319144163e+34
#ERR  p: [378, 928], r: 9.2064283553451931e+34, e: -5.3987768390953619e+34
#ERR  p: [379, 928], r: 6.2238475344705493e+34, e: 9.3848692416039214e+33
#ERR  p: [380, 928], r: -3.9592699556773632e+34, e: -3.8697661480730066e+34
#ERR  p: [381, 928], r: 3.0165687122412318e+34, e: -3.7053820709603638e+34
#ERR  p: [382, 928], r: -1.8543534651589382e+34, e: -1.3598107795688845e+34
#ERR  p: [383, 928], r: -6.9884329747022687e+34, e: -3.7102857990439811e+33
#ERR  p: [384, 928], r: 2.0109627836488531e+34, e: -8.3064441981944162e+31
#ERR  p: [385, 928], r: 8.1313967686456275e+32, e: 3.4812797663525943e+34
#ERR  p: [386, 928], r: -7.3027093076516639e+34, e: -2.1300815832250260e+34
#ERR  p: [387, 928], r: 1.4862368916089511e+34, e: -1.1398627541449489e+34
#ERR  p: [388, 928], r: -7.6801651484460278e+34, e: -4.5446759546229166e+34
#ERR  p: [389, 928], r: -1.0166124534816650e+34, e: -2.9892382148179128e+34
#ERR  p: [390, 928], r: -2.0492631629362957e+34, e: -3.2569741919903741e+34
#ERR  p: [391, 928], r: 1.8503991132914490e+34, e: -2.3993704323827669e+34
#ERR  p: [392, 928], r: 1.4599784502596532e+34, e: 7.0274525971525361e+33
#ERR  p: [393, 928], r: 1.0057636916709852e+35, e: 4.1304758251704920e+34
#ERR  p: [394, 928], r: 3.6182055906298638e+34, e: 4.4415317809016902e+34
#ERR  p: [395, 928], r: 2.4026744943476196e+34, e: 4.5467032052312504e+34
#ERR  p: [396, 928], r: -7.8942334538593736e+33, e: -2.1524788895917928e+34
#ERR  p: [397, 928], r: 6.5629440700316007e+34, e: 1.3020123494866816e+34
#ERR  p: [398, 928], r: -7.1697045346548270e+34, e: -4.6392877504173726e+34
#ERR  p: [399, 928], r: 2.2741787941498757e+33, e: -4.0891622998274288e+33
#ERR  p: [400, 928], r: -3.8658012737151834e+34, e: -5.4677642664286419e+34
#ERR  p: [401, 928], r: 1.0174526186275272e+35, e: 2.9947997842384063e+32
#ERR  p: [402, 928], r: -1.0084119672794268e+34, e: -4.5298241403836021e+34
#ERR  p: [403, 928], r: -1.0635818792762152e+34, e: 1.5489470963850267e+34
#ERR  p: [404, 928], r: 2.5927235443547269e+34, e: -1.5934857031184361e+34
#ERR  p: [405, 928], r: -1.5830732656540029e+34, e: -1.5708739545883641e+33
#ERR  p: [406, 928], r: -7.0600666226635251e+34, e: -4.2858271489924851e+34
#ERR  p: [407, 928], r: 6.9056712361398682e+34, e: 2.6054560052467849e+34
#ERR  p: [408, 928], r: 1.1977996849587471e+35, e: 5.4481706466628486e+34
#ERR  p: [409, 928], r: 1.3202499297334416e+34, e: -9.1306112128151757e+33
#ERR  p: [410, 928], r: -3.0539762891723417e+34, e: 1.2629273638023400e+34
#ERR  p: [411, 928], r: -4.7372320807975847e+34, e: 1.0628606554093275e+34
#ERR  p: [412, 928], r: -8.1458519468963550e+34, e: -3.2016870470718654e+34
#ERR  p: [413, 928], r: 6.2856821442568383e+34, e: 2.9613498706643907e+31
#ERR  p: [414, 928], r: 2.9688646928273697e+34, e: 1.4145356521215498e+34
#ERR  p: [415, 928], r: -5.9940091108967470e+33, e: -1.7721885374894772e+34
#ERR  p: [416, 928], r: 4.4138549078553791e+34, e: 6.7668241289216278e+33
#ERR  p: [417, 928], r: -7.2744367378584487e+34, e: -4.2361867437691727e+34
#ERR  p: [418, 928], r: 1.1254965590242452e+35, e: 3.8651845319876114e+34
#ERR  p: [419, 928], r: -1.0480947046911378e+35, e: 1.2620343138579995e+34
#ERR  p: [420, 928], r: -6.1658485581019821e+34, e: -3.5023123676200529e+34
#ERR  p: [421, 928], r: 1.0692716002495755e+35, e: -5.3604437781908823e+33
#ERR  p: [422, 928], r: 4.0431750556600477e+34, e: 5.7677161475954581e+34
#ERR  p: [423, 928], r: 2.0795827903784732e+34, e: 7.1158687506383765e+33
#ERR  p: [424, 928], r: -4.2456797631664288e+34, e: -4.1111855007143236e+34
#ERR  p: [425, 928], r: 6.1434849237042838e+34, e: -1.8922699592401984e+34
#ERR  p: [426, 928], r: 4.2801420331560709e+34, e: 2.7533873640613092e+34
#ERR  p: [427, 928], r: 3.9072175480815072e+34, e: -1.3345899795605156e+34
#ERR  p: [428, 928], r: -5.7046673662186380e+34, e: -1.5749525027902947e+34
#ERR  p: [429, 928], r: -6.9050136423909998e+34, e: -1.1768214540178139e+34
#ERR  p: [430, 928], r: 4.0192944495382091e+34, e: -8.7832353342713838e+33
#ERR  p: [431, 928], r: 1.1604151832299695e+35, e: -1.8919968696675320e+34
#ERR  p: [432, 928], r: 8.0575704812867888e+34, e: 3.1203764218235152e+34
#ERR  p: [433, 928], r: 8.3032783058121982e+34, e: 4.0378749391758512e+34
#ERR  p: [434, 928], r: -7.0562077159730647e+34, e: 8.6486749658211808e+33
#ERR  p: [435, 928], r: -9.6185277005509505e+34, e: -3.4383616231306094e+34
#ERR  p: [436, 928], r: -5.0480258408284623e+34, e: -1.2975623264274624e+34
#ERR  p: [437, 928], r: 1.1306464886228755e+35, e: -3.6163011436734271e+34
#ERR  p: [438, 928], r: 5.8346837519606400e+34, e: 2.2809203061188140e+33
#ERR  p: [439, 928], r: 3.8734772447227763e+34, e: 2.6546609031642766e+34
#ERR  p: [440, 928], r: 7.7865383649657262e+34, e: -1.2392158602898678e+34
#ERR  p: [441, 928], r: -4.3055678360349454e+34, e: -3.0000073028076641e+34
#ERR  p: [442, 928], r: 1.0699248364495056e+35, e: 5.0661204390006849e+33
#ERR  p: [443, 928], r: 7.9410616306954413e+33, e: 1.9760876606561093e+34
#ERR  p: [444, 928], r: -1.8502633112691393e+34, e: -2.2119312075664811e+34
#ERR  p: [445, 928], r: 6.9601826878297606e+34, e: -2.1214085753097926e+34
#ERR  p: [446, 928], r: -3.0412373909920794e+34, e: 2.8906011331917165e+34
#ERR  p: [447, 928], r: -6.9748087018059095e+34, e: -4.5777903554977849e+34
#ERR  p: [448, 928], r: -1.6433288829201834e+34, e: 1.8202076126433375e+34
#ERR  p: [449, 928], r: 5.3047359812470244e+34, e: 2.6258124436647858e+34
#ERR  p: [450, 928], r: 3.1103708952499951e+34, e: -1.4059195894481235e+34
#ERR  p: [451, 928], r: 6.8834437751464913e+34, e: 4.8053489886952392e+34
#ERR  p: [452, 928], r: 3.0859562417952088e+34, e: 1.8179663222022113e+34
#ERR  p: [453, 928], r: 2.7230984375321060e+34, e: -1.7290172355294585e+34
#ERR  p: [454, 928], r: -3.2049916042127338e+34, e: 2.1693119030699797e+34
#ERR  p: [455, 928], r: 9.5183110074346261e+34, e: 2.8063469341179535e+34
#ERR  p: [456, 928], r: 9.8533466044908057e+33, e: -3.7006793843391265e+34
#ERR  p: [457, 928], r: -4.1078549468326302e+34, e: -7.1227981200082764e+33
#ERR  p: [458, 928], r: 9.6228268187193808e+34, e: 1.4797793011880229e+34
#ERR  p: [459, 928], r: 5.2751279217394281e+34, e: -2.2929704763582199e+34
#ERR  p: [460, 928], r: 3.0804565693766796e+34, e: 3.2647378091527484e+34
#ERR  p: [461, 928], r: 4.5385625115329097e+34, e: -1.4631109337350609e+34
#ERR  p: [462, 928], r: -1.0474604337326095e+34, e: -3.8024967339262469e+34
#ERR  p: [463, 928], r: -4.8679828125708908e+34, e: -2.3911438256456998e+34
#ERR  p: [464, 928], r: -6.4270019129095473e+34, e: -3.3016281747354449e+34
#ERR  p: [465, 928], r: 4.2597595979972450e+34, e: -2.3797683946247065e+34
#ERR  p: [466, 928], r: 3.0937347142380546e+33, e: -1.4071648333336407e+34
#ERR  p: [467, 928], r: -3.2267709309118894e+34, e: -5.4752196365212341e+34
#ERR  p: [468, 928], r: -3.6711396591216988e+33, e: -1.1375681084881295e+34
#ERR  p: [469, 928], r: 6.9825374090591760e+34, e: -1.6140901009263059e+34
#ERR  p: [470, 928], r: 1.8008517764002901e+35, e: 1.4500365538041523e+34
#ERR  p: [471, 928], r: -4.5439663673923983e+34, e: -3.4053999840565890e+34
#ERR  p: [472, 928], r: -3.7608068748112410e+34, e: 2.9666544746812296e+34
#ERR  p: [473, 928], r: 3.1892078687118452e+34, e: -1.1672948245484913e+33
#ERR  p: [474, 928], r: 9.9246767095544293e+32, e: -2.1958731445528868e+34
#ERR  p: [475, 928], r: -3.9334359420705342e+33, e: 1.4037440336230834e+34
#ERR  p: [476, 928], r: 1.2170402442253362e+35, e: 3.0118640449159316e+34
#ERR  p: [477, 928], r: 4.5864460322524682e+34, e: -1.4413519092525497e+34
#ERR  p: [478, 928], r: 3.6148663711678954e+34, e: 1.4011141538036255e+34
#ERR  p: [479, 928], r: -7.0256568413315487e+34, e: -1.2549688948777821e+34
#ERR  p: [480, 928], r: 3.9783169011218080e+34, e: 1.4474925870234209e+34
#ERR  p: [481, 928], r: 5.9275822387407250e+34, e: 3.7965117271153158e+33
#ERR  p: [482, 928], r: 2.3410236877086635e+33, e: -3.3957475179822731e+34
#ERR  p: [483, 928], r: -2.1314418317401928e+34, e: -1.0433779550710542e+34
#ERR  p: [484, 928], r: 8.2381225504885144e+34, e: 7.7804412626842379e+34
#ERR  p: [485, 928], r: -1.6485092906025809e+34, e: -4.7346536992837611e+34
#ERR  p: [486, 928], r: -5.4341903422111909e+34, e: 4.1002427916340625e+33
#ERR  p: [487, 928], r: 1.2264012496968028e+35, e: 2.4073845467120906e+33
#ERR  p: [488, 928], r: -9.3245766099305663e+33, e: 2.2969680323330803e+34
#ERR  p: [489, 928], r: 1.2077328167987699e+35, e: 1.2923014526425113e+34
#ERR  p: [490, 928], r: 2.6706333007271523e+34, e: 2.6175150267574716e+34
#ERR  p: [491, 928], r: 4.8758011466830016e+34, e: -5.6094746051637454e+33
#ERR  p: [492, 928], r: 7.2281516453176155e+34, e: 6.4969593900576113e+33
#ERR  p: [493, 928], r: -9.1757937959570214e+34, e: -6.8217502905246808e+33
#ERR  p: [494, 928], r: -6.0730644569815271e+34, e: 9.8111625597121171e+33
#ERR  p: [495, 928], r: -1.2455624817656745e+35, e: -1.2563659102121157e+34
#ERR  p: [496, 928], r: -1.0158185377756705e+35, e: -2.5584650392955511e+34
#ERR  p: [497, 928], r: 1.6690931386057986e+34, e: 1.8372741016129336e+34
#ERR  p: [498, 928], r: -4.3456944244683418e+34, e: -4.6189959943664243e+33
#ERR  p: [499, 928], r: -6.9033439088660117e+34, e: -3.3982214173567810e+34
#ERR  p: [500, 928], r: 4.7727248120759280e+34, e: 1.6266504262559013e+33
#SDC Ite:11 KerTime:2.7136719 AccTime:29.7269610 KerErr:196608 AccErr:196608
#ABORT too many errors per iteration
#END
