#HEADER matrix_dim:2048 threads:4 block_size:16 block_offset:12 precision:Float
#BEGIN Y:2023 M:10 D:17 Time:04:03:05
#IT 0 KerTime:2.7171420 AccTime:2.7171420
#IT 1 KerTime:2.7376864 AccTime:5.4548284
#IT 2 KerTime:2.7525104 AccTime:8.2073389
#IT 3 KerTime:2.6815320 AccTime:10.8888709
#IT 4 KerTime:2.6797419 AccTime:13.5686128
#IT 5 KerTime:2.6800758 AccTime:16.2486886
#IT 6 KerTime:2.6712779 AccTime:18.9199665
#ERR  p: [0, 1664], r: -1.5847308673666060e+34, e: -1.6769890915583725e+34
#ERR  p: [1, 1664], r: -1.7335558950954905e+34, e: -1.7866236611115683e+34
#ERR  p: [2, 1664], r: -3.6122196553639032e+34, e: -3.6113345282358142e+34
#ERR  p: [3, 1664], r: 1.0116940558085822e+34, e: 1.0133731976778689e+34
#ERR  p: [0, 1665], r: 2.3652287888632997e+34, e: 2.2475549129009807e+34
#ERR  p: [1, 1665], r: -6.9707116154518906e+33, e: -7.6475813286719973e+33
#ERR  p: [2, 1665], r: -1.1879258999642077e+34, e: -1.1867968986483794e+34
#ERR  p: [3, 1665], r: 2.0093726496683911e+34, e: 2.0115142859363548e+34
#ERR  p: [0, 1666], r: 2.9951674524300740e+34, e: 3.1756608432739375e+34
#ERR  p: [1, 1666], r: 5.0890709188740064e+33, e: 6.1272820217060932e+33
#ERR  p: [2, 1666], r: -2.9461680525591037e+34, e: -2.9478996830860561e+34
#ERR  p: [3, 1666], r: -2.2516524944310153e+34, e: -2.2549374921192630e+34
#ERR  p: [0, 1667], r: -1.0313462920352357e+34, e: -1.2315298619679566e+34
#ERR  p: [1, 1667], r: -2.4964954940449800e+34, e: -2.6116422392111018e+34
#ERR  p: [2, 1667], r: 1.8240437412370750e+34, e: 1.8259642814140223e+34
#ERR  p: [3, 1667], r: -2.1916520166069315e+34, e: -2.1880090066593225e+34
#ERR  p: [0, 1668], r: -1.6484944353221095e+34, e: -1.6735973834387384e+34
#ERR  p: [1, 1668], r: 2.9590139087587602e+34, e: 2.9445745761405355e+34
#ERR  p: [2, 1668], r: -2.2729309505902760e+34, e: -2.2726900474586311e+34
#ERR  p: [3, 1668], r: -5.4378843552884185e+34, e: -5.4374278030019301e+34
#ERR  p: [0, 1669], r: 2.1224098212135666e+34, e: 2.0757924655661892e+34
#ERR  p: [1, 1669], r: -1.9558006706743123e+34, e: -1.9826154422772651e+34
#ERR  p: [2, 1669], r: -3.3349628051433020e+33, e: -3.3304888898413246e+33
#ERR  p: [3, 1669], r: -6.8722250673344715e+34, e: -6.8713768308195532e+34
#ERR  p: [0, 1670], r: -1.9592713593684528e+34, e: -2.0511898928134394e+34
#ERR  p: [1, 1670], r: 2.7062631957618484e+34, e: 2.6533912718599855e+34
#ERR  p: [2, 1670], r: 1.9002344940709487e+34, e: 1.9011164025549356e+34
#ERR  p: [3, 1670], r: 4.6438368086797345e+33, e: 4.6605650924305979e+33
#ERR  p: [0, 1671], r: -2.1224192295578652e+34, e: -2.0543359936292793e+34
#ERR  p: [1, 1671], r: -1.3368042829087854e+34, e: -1.2976424211480042e+34
#ERR  p: [2, 1671], r: -2.3173420494996390e+33, e: -2.3238734211469087e+33
#ERR  p: [3, 1671], r: -5.2724961850099113e+33, e: -5.2848879648031580e+33
#ERR  p: [0, 1672], r: -9.8244369907533743e+33, e: -8.0839842841110171e+33
#ERR  p: [1, 1672], r: 1.4396898509558051e+34, e: 1.5398023095208217e+34
#ERR  p: [2, 1672], r: -3.9942311773998393e+33, e: -4.0109297505897598e+33
#ERR  p: [3, 1672], r: -5.1884592444130429e+33, e: -5.2201356541382773e+33
#ERR  p: [0, 1673], r: 3.0185600625884263e+34, e: 3.0150613964493979e+34
#ERR  p: [1, 1673], r: -2.6209746977852625e+33, e: -2.6410986510638856e+33
#ERR  p: [2, 1673], r: -3.4688917003794655e+34, e: -3.4688582759984048e+34
#ERR  p: [3, 1673], r: 1.3348069904494024e+33, e: 1.3354457675096736e+33
#ERR  p: [0, 1674], r: -2.8972080191813826e+33, e: -2.8587922638822787e+33
#ERR  p: [1, 1674], r: -1.8106816640410365e+34, e: -1.8084719410709121e+34
#ERR  p: [2, 1674], r: -4.9535960222197813e+33, e: -4.9539649283514884e+33
#ERR  p: [3, 1674], r: 2.1751594366395481e+34, e: 2.1750896168213324e+34
#ERR  p: [0, 1675], r: 6.4623379209789171e+32, e: 1.3239542796099972e+33
#ERR  p: [1, 1675], r: -3.2369747754797031e+34, e: -3.1979920436426064e+34
#ERR  p: [2, 1675], r: -4.1389940286838127e+33, e: -4.1454956897701395e+33
#ERR  p: [3, 1675], r: -1.9120838085389805e+34, e: -1.9133172919941245e+34
#ERR  p: [0, 1676], r: -5.6312728723455020e+34, e: -5.7811131347006045e+34
#ERR  p: [1, 1676], r: -1.4717243967344047e+33, e: -2.3336206515312320e+33
#ERR  p: [2, 1676], r: -3.7541064005546050e+33, e: -3.7397314408184231e+33
#ERR  p: [3, 1676], r: -1.8351907104238182e+33, e: -1.8079201292984006e+33
#ERR  p: [0, 1677], r: 1.3879276165051577e+33, e: 3.1628872827725752e+33
#ERR  p: [1, 1677], r: 7.4648452856529645e+33, e: 8.4858190018930319e+33
#ERR  p: [2, 1677], r: 8.9454401417388686e+33, e: 8.9284098006184196e+33
#ERR  p: [3, 1677], r: 2.9182247748163383e+34, e: 2.9149947416658349e+34
#ERR  p: [0, 1678], r: 1.2645360978318923e+33, e: 2.9607681935884315e+33
#ERR  p: [1, 1678], r: 2.0571008089130193e+34, e: 2.1546695482853122e+34
#ERR  p: [2, 1678], r: -2.4533713576004581e+34, e: -2.4549985059880948e+34
#ERR  p: [3, 1678], r: -4.2886996650596429e+34, e: -4.2917865923416049e+34
#ERR  p: [0, 1679], r: -1.1787958445864702e+34, e: -1.1678712713277845e+34
#ERR  p: [1, 1679], r: -6.5419498449053599e+33, e: -6.4791107705711947e+33
#ERR  p: [2, 1679], r: -2.6726625320395489e+34, e: -2.6727675093548803e+34
#ERR  p: [3, 1679], r: 1.7974059950597400e+33, e: 1.7954178633566477e+33
#SDC Ite:7 KerTime:2.6712779 AccTime:18.9199665 KerErr:64 AccErr:64
#IT 7 KerTime:2.7144386 AccTime:21.6344051
#IT 8 KerTime:2.6857834 AccTime:24.3201884
#IT 9 KerTime:2.6860722 AccTime:27.0062606
#IT 10 KerTime:2.6859102 AccTime:29.6921708
#IT 11 KerTime:2.6786534 AccTime:32.3708242
#IT 12 KerTime:2.6656884 AccTime:35.0365125
#IT 13 KerTime:2.6773647 AccTime:37.7138773
#IT 14 KerTime:2.6424691 AccTime:40.3563464
#IT 15 KerTime:2.7426692 AccTime:43.0990156
#IT 16 KerTime:2.7668354 AccTime:45.8658510
