#HEADER matrix_dim:2048 threads:4 block_size:16 block_offset:12 precision:Float
#BEGIN Y:2023 M:10 D:26 Time:07:24:20
#IT 0 KerTime:2.6917096 AccTime:2.6917096
#ERR  p: [1422, 1842], r: -8.6888604802004471e+34, e: -2.3232693064077374e+34
#ERR  p: [1581, 1880], r: 1.4427064632435357e+34, e: 1.2472466249127199e+34
#ERR  p: [1582, 1880], r: -2.1985978505793539e+34, e: -2.5582565701929355e+34
#SDC Ite:1 KerTime:2.6917096 AccTime:2.6917096 KerErr:3 AccErr:3
#IT 1 KerTime:2.7064140 AccTime:5.3981236
#ERR  p: [1880, 1745], r: 3.1140743166715212e+34, e: 3.3631736017285569e+34
#ERR  p: [1832, 1780], r: 1.9899208978310999e+34, e: 1.7786179028775098e+34
#SDC Ite:2 KerTime:2.7064140 AccTime:5.3981236 KerErr:2 AccErr:5
#IT 2 KerTime:2.7786475 AccTime:8.1767711
#IT 3 KerTime:2.7223858 AccTime:10.8991569
#ERR  p: [1865, 1757], r: 7.1356856947872569e+33, e: 4.3053648138685026e+33
#ERR  p: [1896, 1809], r: -1.6160769946893590e+34, e: -1.4128760697048838e+34
#ERR  p: [1897, 1809], r: 8.0612909862808571e+33, e: 1.5264101503818285e+34
#ERR  p: [1718, 1853], r: 1.8277023492291790e+34, e: 1.7297260799959533e+34
#ERR  p: [1243, 1872], r: -3.2921710555993282e+34, e: -3.1716947309760750e+34
#ERR  p: [1244, 1872], r: -2.9503988364373654e+34, e: -3.1278783384615846e+34
#ERR  p: [1501, 1872], r: -2.5728969442735401e+34, e: -2.6873841149867306e+34
#ERR  p: [1534, 1872], r: -9.4456520975328336e+33, e: -8.9420494239712659e+33
#ERR  p: [1535, 1872], r: -1.6342136209259153e+33, e: -1.3283706307001478e+33
#ERR  p: [1276, 1873], r: -1.2946488345450043e+34, e: -1.0127671641316367e+34
#ERR  p: [1624, 1873], r: 3.0686745988467849e+34, e: 3.1172216554274004e+34
#ERR  p: [1625, 1873], r: 4.8022526530689786e+34, e: 4.2587613231495652e+34
#ERR  p: [1106, 1876], r: 6.4218897157233144e+34, e: 6.3317409413584902e+34
#ERR  p: [1107, 1876], r: -1.9354454701963507e+34, e: -2.2757643477521924e+34
#ERR  p: [1551, 1876], r: 1.7373845960489923e+34, e: 2.0748111504970477e+34
#ERR  p: [1244, 1884], r: 6.1946752298567815e+34, e: 5.6932124594471225e+34
#ERR  p: [1245, 1884], r: -2.5015648585058536e+34, e: -2.6596156343775124e+34
#ERR  p: [1096, 1885], r: 3.6367662732268773e+34, e: 3.8332481548541272e+34
#ERR  p: [1112, 1885], r: -3.3238207258197139e+33, e: 1.6752052199617623e+32
#ERR  p: [1113, 1885], r: 1.7767268256734974e+33, e: 3.6039687231050642e+33
#ERR  p: [1737, 1887], r: -1.8403318135099685e+34, e: -1.7053727045731117e+34
#ERR  p: [1466, 1940], r: 1.9916970941994665e+34, e: 1.9951331205725070e+34
#ERR  p: [1878, 2005], r: -7.2170127846381296e+33, e: -8.2799774270107570e+33
#ERR  p: [1255, 2011], r: 3.6691252830897736e+34, e: 3.5843308469828665e+34
#ERR  p: [1254, 2012], r: -1.9957815535650847e+34, e: -2.2495690413448980e+34
#ERR  p: [1255, 2012], r: -9.8885622847883569e+33, e: -6.0637385594895746e+33
#SDC Ite:4 KerTime:2.7223858 AccTime:10.8991569 KerErr:26 AccErr:31
#IT 4 KerTime:2.7114480 AccTime:13.6106049
#IT 5 KerTime:2.6940148 AccTime:16.3046197
#IT 6 KerTime:2.6441856 AccTime:18.9488052
#ERR  p: [1233, 1948], r: -4.2822217724220703e+34, e: -4.2671728781285015e+34
#SDC Ite:7 KerTime:2.6441856 AccTime:18.9488052 KerErr:1 AccErr:32
#IT 7 KerTime:2.6910831 AccTime:21.6398884
#ERR  p: [1832, 1748], r: 2.0773490513715866e+34, e: 2.0956502617363660e+34
#ERR  p: [1833, 1748], r: 9.8922364908249560e+32, e: 1.8033372752729661e+33
#ERR  p: [1861, 2001], r: 1.0420902498421895e+34, e: 9.4877278225580847e+33
#SDC Ite:8 KerTime:2.6910831 AccTime:21.6398884 KerErr:3 AccErr:35
#IT 8 KerTime:2.7688225 AccTime:24.4087109
#ERR  p: [1813, 1812], r: -3.6890381056946966e+31, e: 1.7339928260323563e+33
#ERR  p: [1778, 1820], r: 3.4717168033431186e+33, e: 4.6313992251050343e+33
#SDC Ite:9 KerTime:2.7688225 AccTime:24.4087109 KerErr:2 AccErr:37
#IT 9 KerTime:2.8139550 AccTime:27.2226658
#ERR  p: [1439, 1693], r: -1.7043718300513494e+34, e: -1.7164984430881812e+34
#ERR  p: [2029, 1941], r: 2.1429205069604625e+34, e: 2.0804238468411637e+34
#ERR  p: [1613, 2000], r: 5.7738934683914921e+33, e: 6.9209736605534826e+33
#ERR  p: [1543, 2001], r: -4.9558706132479643e+34, e: -5.0633470819306738e+34
#ERR  p: [1544, 2001], r: 2.0424636534765168e+34, e: 2.0912867706858929e+34
#ERR  p: [1578, 2001], r: 4.3239477793862233e+34, e: 4.2141236812130130e+34
#ERR  p: [1608, 2001], r: -3.8128126120676159e+33, e: -2.2254573427662259e+33
#SDC Ite:10 KerTime:2.8139550 AccTime:27.2226658 KerErr:7 AccErr:44
