#HEADER matrix_dim:2048 threads:4 block_size:16 block_offset:12 precision:Float
#BEGIN Y:2023 M:10 D:18 Time:09:19:48
#IT 0 KerTime:2.6936136 AccTime:2.6936136
#IT 1 KerTime:2.7519373 AccTime:5.4455508
#IT 2 KerTime:2.7899461 AccTime:8.2354969
#IT 3 KerTime:2.7252876 AccTime:10.9607845
#IT 4 KerTime:2.6903869 AccTime:13.6511715
#IT 5 KerTime:2.7025073 AccTime:16.3536787
#IT 6 KerTime:2.6799383 AccTime:19.0336170
#IT 7 KerTime:2.6795580 AccTime:21.7131750
#IT 8 KerTime:2.6657342 AccTime:24.3789092
#IT 9 KerTime:2.6801416 AccTime:27.0590508
#IT 10 KerTime:2.6486073 AccTime:29.7076581
#IT 11 KerTime:2.7021014 AccTime:32.4097595
#IT 12 KerTime:2.7314362 AccTime:35.1411957
#IT 13 KerTime:2.7468141 AccTime:37.8880098
#IT 14 KerTime:2.6902191 AccTime:40.5782289
#IT 15 KerTime:2.7449383 AccTime:43.3231672
#IT 16 KerTime:2.6950080 AccTime:46.0181752
#IT 17 KerTime:2.7464407 AccTime:48.7646159
#IT 18 KerTime:2.7048643 AccTime:51.4694802
#IT 19 KerTime:2.7395596 AccTime:54.2090398
#IT 20 KerTime:2.6999754 AccTime:56.9090152
#IT 21 KerTime:2.7161772 AccTime:59.6251925
#IT 22 KerTime:2.7056322 AccTime:62.3308246
#IT 23 KerTime:2.6845017 AccTime:65.0153263
#ERR  p: [687, 1462], r: -9.6883391007743788e+33, e: -1.1046684902100773e+34
#SDC Ite:24 KerTime:2.6845017 AccTime:65.0153263 KerErr:1 AccErr:1
#IT 24 KerTime:2.7564898 AccTime:67.7718161
#ERR  p: [1862, 1074], r: 1.0408925428541809e+34, e: 1.0828842117507646e+34
#ERR  p: [1590, 1426], r: 1.1735815173469962e+34, e: 1.1466176977633135e+34
#ERR  p: [630, 1458], r: 7.0940921474073074e+33, e: 8.7904896629015961e+33
#SDC Ite:25 KerTime:2.7564898 AccTime:67.7718161 KerErr:3 AccErr:4
#IT 25 KerTime:2.7049708 AccTime:70.4767869
#IT 26 KerTime:2.6911168 AccTime:73.1679037
#ERR  p: [2041, 1151], r: -1.0923004788655849e+34, e: -1.2092639010393580e+34
#ERR  p: [1420, 1200], r: -6.1717535320893734e+34, e: -6.6721803942741583e+34
#ERR  p: [1516, 1200], r: -2.8036024210508578e+34, e: -2.7412691690167447e+34
#ERR  p: [1846, 1236], r: 2.0977287630623262e+34, e: 2.2611670539849549e+34
#ERR  p: [1388, 1424], r: 1.5874171972518553e+34, e: 2.1106422107881277e+34
#ERR  p: [1734, 1425], r: -4.8912595515415660e+34, e: -4.9133840159236743e+34
#ERR  p: [1798, 1426], r: -3.3637465203787381e+34, e: -3.1908206569950262e+34
#ERR  p: [340, 1521], r: -7.8034206484574767e+33, e: -6.7834471877691519e+33
#ERR  p: [341, 1521], r: -2.1637681599860519e+34, e: -2.0685205581874190e+34
#SDC Ite:27 KerTime:2.6911168 AccTime:73.1679037 KerErr:9 AccErr:13
#IT 27 KerTime:2.6822282 AccTime:75.8501320
#IT 28 KerTime:2.6476483 AccTime:78.4977803
#IT 29 KerTime:2.7005695 AccTime:81.1983498
#IT 30 KerTime:2.6892228 AccTime:83.8875726
#ERR  p: [1164, 1104], r: 2.0466517593719241e+33, e: 2.1056371263637939e+33
#ERR  p: [1305, 1151], r: 1.7603379850814061e+34, e: 1.8302915008213444e+34
#ERR  p: [1798, 1154], r: -6.0640356650990031e+33, e: -5.9394642348257939e+33
#ERR  p: [1594, 1169], r: 4.2072312953017867e+32, e: 1.1273654554376036e+33
#ERR  p: [1654, 1169], r: 5.7060187015655219e+34, e: 5.3987184083255076e+34
#ERR  p: [1669, 1169], r: 3.1575539894953259e+34, e: 2.7746789423849864e+34
#ERR  p: [1825, 1232], r: -1.9954043532351145e+34, e: -2.1543521404592394e+34
#ERR  p: [1826, 1232], r: -4.2573322451682142e+34, e: -4.5180859929310981e+34
#ERR  p: [1793, 1264], r: 1.2628242433970675e+34, e: 1.2389150408603214e+34
#ERR  p: [1811, 1264], r: -1.2316347154892841e+34, e: -1.0941405529399787e+34
#ERR  p: [1849, 1274], r: -1.2371239892114834e+34, e: -1.2669286335973182e+34
#ERR  p: [887, 1494], r: -8.7623686169691894e+32, e: -1.1999111402485530e+33
#ERR  p: [998, 1494], r: -2.3179496304709203e+34, e: -2.1855326314047360e+34
#ERR  p: [936, 1498], r: -5.1093493051725304e+33, e: -3.1122109693243889e+33
#ERR  p: [938, 1498], r: -8.9285756845836838e+33, e: -7.7475041348229953e+33
#SDC Ite:31 KerTime:2.6892228 AccTime:83.8875726 KerErr:15 AccErr:28
#IT 31 KerTime:2.6765575 AccTime:86.5641301
#IT 32 KerTime:2.6942481 AccTime:89.2583782
#IT 33 KerTime:2.6509316 AccTime:91.9093097
#IT 34 KerTime:2.6489036 AccTime:94.5582133
