#HEADER matrix_dim:2048 threads:4 block_size:16 block_offset:12 precision:Float
#BEGIN Y:2023 M:10 D:16 Time:20:10:12
#IT 0 KerTime:2.6801581 AccTime:2.6801581
#IT 1 KerTime:2.7114293 AccTime:5.3915874
#IT 2 KerTime:2.7275576 AccTime:8.1191450
#IT 3 KerTime:2.6654741 AccTime:10.7846190
#IT 4 KerTime:2.6836625 AccTime:13.4682816
#IT 5 KerTime:2.6787687 AccTime:16.1470503
#IT 6 KerTime:2.6879822 AccTime:18.8350324
#IT 7 KerTime:2.6935874 AccTime:21.5286198
#IT 8 KerTime:2.6408875 AccTime:24.1695073
#IT 9 KerTime:2.7313526 AccTime:26.9008599
#IT 10 KerTime:2.7654844 AccTime:29.6663443
#IT 11 KerTime:2.6766044 AccTime:32.3429488
#IT 12 KerTime:2.6921108 AccTime:35.0350595
#IT 13 KerTime:2.6734985 AccTime:37.7085581
#IT 14 KerTime:2.7791332 AccTime:40.4876913
#IT 15 KerTime:2.7674816 AccTime:43.2551729
#IT 16 KerTime:2.6709626 AccTime:45.9261355
#IT 17 KerTime:2.6728291 AccTime:48.5989646
#IT 18 KerTime:2.6854458 AccTime:51.2844103
#IT 19 KerTime:2.7144678 AccTime:53.9988781
#IT 20 KerTime:2.7014363 AccTime:56.7003143
#IT 21 KerTime:2.6711033 AccTime:59.3714176
#IT 22 KerTime:2.6829855 AccTime:62.0544031
#IT 23 KerTime:2.6681172 AccTime:64.7225203
#IT 24 KerTime:2.6765897 AccTime:67.3991100
#IT 25 KerTime:2.6680435 AccTime:70.0671534
#IT 26 KerTime:2.6421571 AccTime:72.7093105
#IT 27 KerTime:2.6394680 AccTime:75.3487786
#IT 28 KerTime:2.6853061 AccTime:78.0340846
#IT 29 KerTime:2.6852736 AccTime:80.7193582
#IT 30 KerTime:2.6798812 AccTime:83.3992394
#IT 31 KerTime:2.6746874 AccTime:86.0739268
#IT 32 KerTime:2.6769352 AccTime:88.7508620
#IT 33 KerTime:2.7252906 AccTime:91.4761527
#IT 34 KerTime:2.6779125 AccTime:94.1540652
#IT 35 KerTime:2.7369405 AccTime:96.8910056
#IT 36 KerTime:2.7415653 AccTime:99.6325710
#IT 37 KerTime:2.6675444 AccTime:102.3001154
#IT 38 KerTime:2.6683424 AccTime:104.9684578
#IT 39 KerTime:2.6734041 AccTime:107.6418619
#IT 40 KerTime:2.6818757 AccTime:110.3237377
#IT 41 KerTime:2.6726400 AccTime:112.9963777
#IT 42 KerTime:2.6675222 AccTime:115.6638999
#IT 43 KerTime:2.6420532 AccTime:118.3059532
#IT 44 KerTime:2.6394848 AccTime:120.9454379
#IT 45 KerTime:2.6820513 AccTime:123.6274892
#IT 46 KerTime:2.6910893 AccTime:126.3185785
#IT 47 KerTime:2.6894944 AccTime:129.0080729
#IT 48 KerTime:2.7251875 AccTime:131.7332604
#IT 49 KerTime:2.6769370 AccTime:134.4101974
#IT 50 KerTime:2.7062162 AccTime:137.1164136
#IT 51 KerTime:2.6707952 AccTime:139.7872087
#IT 52 KerTime:2.6860814 AccTime:142.4732901
#IT 53 KerTime:2.6735263 AccTime:145.1468164
#IT 54 KerTime:2.7213033 AccTime:147.8681197
#IT 55 KerTime:2.6965072 AccTime:150.5646269
#IT 56 KerTime:2.6977061 AccTime:153.2623330
#IT 57 KerTime:2.6680681 AccTime:155.9304011
#IT 58 KerTime:2.6849468 AccTime:158.6153479
#IT 59 KerTime:2.6642522 AccTime:161.2796002
#IT 60 KerTime:2.6434368 AccTime:163.9230369
#IT 61 KerTime:2.6850757 AccTime:166.6081127
#IT 62 KerTime:2.6530754 AccTime:169.2611881
#IT 63 KerTime:2.6809937 AccTime:171.9421818
#IT 64 KerTime:2.6787804 AccTime:174.6209622
#IT 65 KerTime:2.6719648 AccTime:177.2929270
#IT 66 KerTime:2.6761287 AccTime:179.9690556
#IT 67 KerTime:2.6982614 AccTime:182.6673170
#IT 68 KerTime:2.6858001 AccTime:185.3531171
#IT 69 KerTime:2.6682907 AccTime:188.0214078
#IT 70 KerTime:2.6702344 AccTime:190.6916422
#IT 71 KerTime:2.6696400 AccTime:193.3612822
#IT 72 KerTime:2.7142261 AccTime:196.0755084
#IT 73 KerTime:2.6832573 AccTime:198.7587656
#IT 74 KerTime:2.6940828 AccTime:201.4528485
#IT 75 KerTime:2.7040512 AccTime:204.1568997
#IT 76 KerTime:2.6669281 AccTime:206.8238278
#IT 77 KerTime:2.6619049 AccTime:209.4857327
#IT 78 KerTime:2.6391504 AccTime:212.1248831
#IT 79 KerTime:2.6426493 AccTime:214.7675324
#IT 80 KerTime:2.6830964 AccTime:217.4506288
#IT 81 KerTime:2.6765479 AccTime:220.1271767
#IT 82 KerTime:2.6739705 AccTime:222.8011473
#IT 83 KerTime:2.6760755 AccTime:225.4772228
#IT 84 KerTime:2.7515546 AccTime:228.2287774
#IT 85 KerTime:2.7292039 AccTime:230.9579813
#IT 86 KerTime:2.6697604 AccTime:233.6277417
#IT 87 KerTime:2.7414837 AccTime:236.3692254
#IT 88 KerTime:2.7306312 AccTime:239.0998565
#IT 89 KerTime:2.7247570 AccTime:241.8246135
#IT 90 KerTime:2.6996639 AccTime:244.5242774
#IT 91 KerTime:2.7080449 AccTime:247.2323223
#IT 92 KerTime:2.6662524 AccTime:249.8985748
#IT 93 KerTime:2.6745107 AccTime:252.5730855
#IT 94 KerTime:2.6867924 AccTime:255.2598779
#IT 95 KerTime:2.6630261 AccTime:257.9229039
#IT 96 KerTime:2.6556851 AccTime:260.5785890
#IT 97 KerTime:2.6375262 AccTime:263.2161152
#IT 98 KerTime:2.6787147 AccTime:265.8948300
#IT 99 KerTime:2.6832365 AccTime:268.5780664
#IT 100 KerTime:2.6786828 AccTime:271.2567492
#IT 101 KerTime:2.6846010 AccTime:273.9413502
#IT 102 KerTime:2.6714338 AccTime:276.6127840
#IT 103 KerTime:2.6681684 AccTime:279.2809524
#IT 104 KerTime:2.7351865 AccTime:282.0161389
#IT 105 KerTime:2.7353060 AccTime:284.7514449
#IT 106 KerTime:2.6700001 AccTime:287.4214450
#IT 107 KerTime:2.7187180 AccTime:290.1401631
#IT 108 KerTime:2.7054997 AccTime:292.8456628
#IT 109 KerTime:2.6867689 AccTime:295.5324317
#IT 110 KerTime:2.6869364 AccTime:298.2193681
#IT 111 KerTime:2.6677063 AccTime:300.8870744
#IT 112 KerTime:2.6609418 AccTime:303.5480161
#IT 113 KerTime:2.6406905 AccTime:306.1887067
#IT 114 KerTime:2.6371400 AccTime:308.8258467
#IT 115 KerTime:2.7117371 AccTime:311.5375838
#IT 116 KerTime:2.6719463 AccTime:314.2095301
#IT 117 KerTime:2.7156770 AccTime:316.9252071
#IT 118 KerTime:2.7267801 AccTime:319.6519872
#IT 119 KerTime:2.6980499 AccTime:322.3500371
#IT 120 KerTime:2.6855793 AccTime:325.0356164
#IT 121 KerTime:2.6936211 AccTime:327.7292374
#ERR  p: [337, 1750], r: -2.2136512014570642e+34, e: -2.4433801911313936e+34
#SDC Ite:122 KerTime:2.6936211 AccTime:327.7292374 KerErr:1 AccErr:1
#IT 122 KerTime:2.7495428 AccTime:330.4787802
