#HEADER matrix_dim:2048 threads:4 block_size:16 block_offset:12 precision:Float
#BEGIN Y:2023 M:10 D:24 Time:20:23:32
#IT 0 KerTime:2.6863939 AccTime:2.6863939
#IT 1 KerTime:2.7097815 AccTime:5.3961753
#IT 2 KerTime:2.7547770 AccTime:8.1509523
#IT 3 KerTime:2.7016649 AccTime:10.8526173
#IT 4 KerTime:2.6861979 AccTime:13.5388152
#IT 5 KerTime:2.6812928 AccTime:16.2201079
#IT 6 KerTime:2.6703169 AccTime:18.8904248
#IT 7 KerTime:2.6451434 AccTime:21.5355682
#ERR  p: [0, 476], r: -1.2709768213197853e+34, e: -1.1976986938103422e+34
#ERR  p: [1, 476], r: -8.8747896657568126e+33, e: -8.6899726455317411e+33
#ERR  p: [2, 476], r: 3.6519122220195261e+34, e: 3.5923222451124693e+34
#ERR  p: [3, 476], r: 1.7271476984821297e+34, e: 1.8337014066595560e+34
#ERR  p: [4, 476], r: 3.1493830900600267e+34, e: 3.2254495537139562e+34
#ERR  p: [5, 476], r: 8.9707931537434331e+33, e: 9.7739438924310022e+33
#ERR  p: [6, 476], r: -3.9730145872940419e+32, e: 5.8260475727615754e+31
#ERR  p: [7, 476], r: 4.7420818346954891e+34, e: 4.8086181407509840e+34
#ERR  p: [8, 476], r: -2.0111426563365613e+34, e: -1.9946770634620343e+34
#ERR  p: [9, 476], r: 1.4312985981935131e+34, e: 1.3405902749309319e+34
#ERR  p: [10, 476], r: -3.5847666018766949e+34, e: -3.5017245936894002e+34
#ERR  p: [11, 476], r: -8.6438513324581053e+33, e: -9.4061871880504353e+33
#ERR  p: [12, 476], r: 1.9691256096691723e+33, e: 3.1278647211211525e+33
#ERR  p: [13, 476], r: 3.0581756293736056e+34, e: 3.1449260107425836e+34
#ERR  p: [14, 476], r: -2.5202173962537822e+34, e: -2.6560407111320641e+34
#ERR  p: [15, 476], r: 2.8733038921987976e+34, e: 2.8352714031358564e+34
#ERR  p: [16, 476], r: 1.5777298212684315e+34, e: 1.5195514673881718e+34
#ERR  p: [17, 476], r: -2.1029939696374147e+34, e: -1.9798450562633483e+34
#ERR  p: [18, 476], r: -1.8669426963884509e+34, e: -1.8967349613738929e+34
#ERR  p: [19, 476], r: -2.9855146149737463e+33, e: -4.0177832961322535e+33
#ERR  p: [20, 476], r: -2.4604907507663883e+34, e: -2.5806439730393880e+34
#ERR  p: [21, 476], r: -2.3239142731682051e+34, e: -2.3158057659108859e+34
#ERR  p: [22, 476], r: 1.1247423069171094e+34, e: 1.0287253872810626e+34
#ERR  p: [23, 476], r: -4.0869132103640552e+34, e: -4.0998595872949017e+34
#ERR  p: [24, 476], r: -1.8408472917423269e+34, e: -1.7591576092539475e+34
#ERR  p: [25, 476], r: -2.0678856187412696e+34, e: -2.0942033574184492e+34
#ERR  p: [26, 476], r: 8.3699552418561560e+33, e: 9.1362153673730207e+33
#ERR  p: [27, 476], r: 7.9669550035271540e+32, e: -3.7678345366202602e+32
#ERR  p: [28, 476], r: 2.3857476450144549e+34, e: 2.5111024437445239e+34
#ERR  p: [29, 476], r: 4.1678618619449183e+34, e: 4.0971425564966781e+34
#ERR  p: [30, 476], r: -3.6381074574654391e+34, e: -3.5616399012387812e+34
#ERR  p: [31, 476], r: -2.6904613863363862e+34, e: -2.6181117138564072e+34
#ERR  p: [32, 476], r: 2.8092885891363054e+33, e: 2.9799042707157049e+33
#ERR  p: [33, 476], r: 7.2723097092829486e+33, e: 7.7311509469040355e+33
#ERR  p: [34, 476], r: -1.0983349413810854e+34, e: -1.0805043958192424e+34
#ERR  p: [35, 476], r: 4.2766490615412233e+34, e: 4.1791880229523481e+34
#ERR  p: [36, 476], r: 1.8573349199495532e+34, e: 1.9224437573457481e+34
#ERR  p: [37, 476], r: -1.2342889827275159e+34, e: -1.2658443219169081e+34
#ERR  p: [38, 476], r: 8.5409518994826456e+33, e: 9.8475134310256930e+33
#ERR  p: [39, 476], r: -5.7639107199146948e+34, e: -5.7290067529190357e+34
#ERR  p: [40, 476], r: -2.5526001745654327e+34, e: -2.5553944528221077e+34
#ERR  p: [41, 476], r: 1.8773841016498035e+34, e: 1.8470907185364588e+34
#ERR  p: [42, 476], r: -4.4718944886572349e+34, e: -4.4204957134021216e+34
#ERR  p: [43, 476], r: 1.3533041667224006e+34, e: 1.4886315628209448e+34
#ERR  p: [44, 476], r: -2.7773244202489392e+34, e: -2.8101996511082175e+34
#ERR  p: [45, 476], r: 4.8751083954370175e+34, e: 4.9103891913806351e+34
#ERR  p: [46, 476], r: -1.4327507018595949e+34, e: -1.3315305345474257e+34
#ERR  p: [47, 476], r: -1.0506576614720719e+34, e: -1.1197790339176025e+34
#ERR  p: [48, 476], r: -1.1157793734446754e+34, e: -1.2200213523927401e+34
#ERR  p: [49, 476], r: -1.9953972969768905e+34, e: -2.0208503345366294e+34
#ERR  p: [50, 476], r: -2.0007996673083319e+34, e: -1.9360162843484651e+34
#ERR  p: [51, 476], r: -4.9964136447105762e+34, e: -5.0397831408708845e+34
#ERR  p: [52, 476], r: -5.0291967728309316e+34, e: -5.0960990139620393e+34
#ERR  p: [53, 476], r: -3.7985323547444394e+33, e: -4.1187292597257209e+33
#ERR  p: [54, 476], r: -4.0670286746890298e+34, e: -4.0410923453379540e+34
#ERR  p: [55, 476], r: -5.9375745193558248e+33, e: -7.2502960405343563e+33
#ERR  p: [56, 476], r: 1.3630680474002522e+34, e: 1.2435347854989266e+34
#ERR  p: [57, 476], r: -2.3171093167722534e+34, e: -2.3511395456881849e+34
#ERR  p: [58, 476], r: 1.5243737390172041e+34, e: 1.6368982795921116e+34
#ERR  p: [59, 476], r: 1.2487748618912177e+34, e: 1.2263896873368359e+34
#ERR  p: [60, 476], r: -1.7696654918954097e+34, e: -1.7347640007798291e+34
#ERR  p: [61, 476], r: -3.0887908768971645e+34, e: -3.0965527609434838e+34
#ERR  p: [62, 476], r: -2.6637941771861163e+34, e: -2.6742721016786277e+34
#ERR  p: [63, 476], r: -2.8595768702791777e+34, e: -2.7361780168111796e+34
#ERR  p: [64, 476], r: 2.1237502626881048e+34, e: 2.1689932573038676e+34
#ERR  p: [65, 476], r: -3.1848656702300478e+34, e: -3.2406328882957914e+34
#ERR  p: [66, 476], r: -2.3492457450160861e+34, e: -2.2288506292594101e+34
#ERR  p: [67, 476], r: -2.0390718525113797e+33, e: -9.4992973006802361e+32
#ERR  p: [68, 476], r: -8.8243584644364048e+33, e: -9.1113513416839738e+33
#ERR  p: [69, 476], r: 2.1156578486512963e+34, e: 2.1019003734067100e+34
#ERR  p: [70, 476], r: 1.1992752104503721e+34, e: 1.1480497468007588e+34
#ERR  p: [71, 476], r: -3.2593572265659984e+34, e: -3.3699822719446265e+34
#ERR  p: [72, 476], r: 5.6717640341204679e+33, e: 6.8231274988183858e+33
#ERR  p: [73, 476], r: 7.4382586663992520e+33, e: 6.5029677320382829e+33
#ERR  p: [74, 476], r: -1.6567014826065559e+34, e: -1.5546960899274680e+34
#ERR  p: [75, 476], r: 2.2508760584383755e+34, e: 2.1508143554149697e+34
#ERR  p: [76, 476], r: -3.5007315181898855e+34, e: -3.4583865412060897e+34
#ERR  p: [77, 476], r: -2.6914608991241052e+34, e: -2.8258036377154019e+34
#ERR  p: [78, 476], r: -2.1669933032734001e+33, e: -2.5604255030387654e+33
#ERR  p: [79, 476], r: -1.3145716225672435e+34, e: -1.2520613451075125e+34
#ERR  p: [80, 476], r: -3.4919158995821264e+34, e: -3.5359182306905174e+34
#ERR  p: [81, 476], r: -3.5188066807034913e+34, e: -3.5338852855580029e+34
#ERR  p: [82, 476], r: 3.5173347699967810e+34, e: 3.5703027580456924e+34
#ERR  p: [83, 476], r: 1.2147932840188301e+34, e: 1.2136746813993318e+34
#ERR  p: [84, 476], r: -2.2790078435006230e+33, e: -1.8817466951937481e+33
#ERR  p: [85, 476], r: -5.9455728499496476e+33, e: -7.0405456699780379e+33
#ERR  p: [86, 476], r: -3.4172495461126287e+34, e: -3.4317913801661062e+34
#ERR  p: [87, 476], r: 4.3479301441792912e+34, e: 4.3110365599524925e+34
#ERR  p: [88, 476], r: 1.8748294885847341e+34, e: 1.9317831483841288e+34
#ERR  p: [89, 476], r: 5.5541298960334100e+34, e: 5.4750136432986971e+34
#ERR  p: [90, 476], r: 1.0786242124875758e+34, e: 9.7765051903722836e+33
#ERR  p: [91, 476], r: -2.5650466713084158e+34, e: -2.6765521396429835e+34
#ERR  p: [92, 476], r: 1.0768351415428005e+34, e: 1.2115653553663935e+34
#ERR  p: [93, 476], r: -1.8315398395569598e+34, e: -1.7129387465052160e+34
#ERR  p: [94, 476], r: 2.8212863945120495e+34, e: 2.7098569356958938e+34
#ERR  p: [95, 476], r: -2.5677138750200581e+33, e: -2.8648919039408476e+33
#ERR  p: [96, 476], r: 1.8542680472962276e+34, e: 1.9111188342783576e+34
#ERR  p: [97, 476], r: 3.5182374758734279e+34, e: 3.5845615990061893e+34
#ERR  p: [98, 476], r: 7.6260857378298460e+33, e: 6.8064413050288582e+33
#ERR  p: [99, 476], r: -9.1185926719437736e+33, e: -9.0877456820448605e+33
#ERR  p: [100, 476], r: 1.3044616138544077e+34, e: 1.2237870421982423e+34
#ERR  p: [101, 476], r: -1.2539659158579531e+34, e: -1.1623400314382535e+34
#ERR  p: [102, 476], r: -1.8668488605334731e+33, e: -9.1488504023839869e+32
#ERR  p: [103, 476], r: -2.5514702447945750e+32, e: -1.5114030056160846e+33
#ERR  p: [104, 476], r: -1.6921898810947616e+34, e: -1.6225166349797176e+34
#ERR  p: [105, 476], r: 4.9813716828812274e+34, e: 4.8851089702503805e+34
#ERR  p: [106, 476], r: -4.6311227930942619e+34, e: -4.5933111525343292e+34
#ERR  p: [107, 476], r: 6.5167748486784446e+34, e: 6.5722098036376439e+34
#ERR  p: [108, 476], r: 1.8263695829828844e+34, e: 1.7944837138030030e+34
#ERR  p: [109, 476], r: 2.0142320594986019e+34, e: 1.8747892555334574e+34
#ERR  p: [110, 476], r: -4.2565087674540815e+34, e: -4.3087330011273903e+34
#ERR  p: [111, 476], r: 3.9233545916696079e+34, e: 4.0463382400484297e+34
#ERR  p: [112, 476], r: -4.9303650870305597e+34, e: -4.9989583542553312e+34
#ERR  p: [113, 476], r: -1.4046251993430467e+34, e: -1.4211843804845437e+34
#ERR  p: [114, 476], r: 2.8390859915729104e+34, e: 2.9625947741163971e+34
#ERR  p: [115, 476], r: -1.0583825311112166e+34, e: -1.1058154416564752e+34
#ERR  p: [116, 476], r: 2.8495655872844749e+33, e: 3.1043324094293669e+33
#ERR  p: [117, 476], r: 2.2838547810849381e+34, e: 2.3768372001996866e+34
#ERR  p: [118, 476], r: -5.6761373048972514e+34, e: -5.7082157975472456e+34
#ERR  p: [119, 476], r: 6.2486490441876123e+33, e: 4.9031617260492753e+33
#ERR  p: [120, 476], r: -1.9577738233029293e+34, e: -2.0497953533591844e+34
#ERR  p: [121, 476], r: 8.3827128329310115e+33, e: 7.1356250357253319e+33
#ERR  p: [122, 476], r: 4.0499734509737912e+33, e: 3.8814898116270509e+33
#ERR  p: [123, 476], r: -9.7155521176879697e+33, e: -9.8422726118693784e+33
#ERR  p: [124, 476], r: -5.3727117639802004e+34, e: -5.3989546072850033e+34
#ERR  p: [125, 476], r: 2.3571755556287345e+33, e: 1.8903143234631373e+33
#ERR  p: [126, 476], r: 3.8186850282319740e+34, e: 3.9191408913638883e+34
#ERR  p: [127, 476], r: 6.1463630105016184e+32, e: 1.3298573966873296e+33
#ERR  p: [128, 476], r: 1.0508496969206660e+33, e: 2.3968589615280667e+33
#ERR  p: [129, 476], r: -1.3538508410437490e+34, e: -1.3271828891294555e+34
#ERR  p: [130, 476], r: -1.8163525126184979e+33, e: -2.7115043244031729e+33
#ERR  p: [131, 476], r: -1.7372558502849066e+34, e: -1.8436827934023101e+34
#ERR  p: [132, 476], r: -4.1045469234596518e+34, e: -4.2121216845814807e+34
#ERR  p: [133, 476], r: 5.8542407287012705e+33, e: 5.1105436078254309e+33
#ERR  p: [134, 476], r: -9.5782398085304353e+33, e: -8.5854905062160550e+33
#ERR  p: [135, 476], r: -7.3740188629106354e+33, e: -6.9409676301279808e+33
#ERR  p: [136, 476], r: 1.0273520784984814e+34, e: 1.0093534206793034e+34
#ERR  p: [137, 476], r: 3.3626593614362377e+34, e: 3.4610666813911426e+34
#ERR  p: [138, 476], r: 2.5149140611254836e+34, e: 2.5095993369488236e+34
#ERR  p: [139, 476], r: 2.8021930263161314e+33, e: 3.4200160945124237e+33
#ERR  p: [140, 476], r: 3.9932634177741279e+32, e: 1.1891642732825068e+33
#ERR  p: [141, 476], r: 1.6744605990281321e+34, e: 1.7097993305655883e+34
#ERR  p: [142, 476], r: 2.8428293365607035e+33, e: 2.4467265906455898e+33
#ERR  p: [143, 476], r: -2.1447875681277127e+34, e: -2.0644901968015176e+34
#ERR  p: [144, 476], r: -3.6773409959544950e+34, e: -3.6465202503844147e+34
#ERR  p: [145, 476], r: -1.7108609879432795e+34, e: -1.7651321554715466e+34
#ERR  p: [146, 476], r: -2.2915036102571697e+33, e: -2.7395365481377608e+33
#ERR  p: [147, 476], r: -3.6849367484475422e+34, e: -3.6623067093533897e+34
#ERR  p: [148, 476], r: 1.8710509242028234e+34, e: 1.8422710465815090e+34
#ERR  p: [149, 476], r: -1.2353263764804371e+34, e: -1.1056276461525156e+34
#ERR  p: [150, 476], r: 2.8669478128610907e+34, e: 2.7516532576542783e+34
#ERR  p: [151, 476], r: -1.0890377640980444e+34, e: -1.1422934494120857e+34
#ERR  p: [152, 476], r: -1.4504250193884801e+33, e: -1.8444638097730952e+33
#ERR  p: [153, 476], r: 3.2985288680530900e+34, e: 3.2757522568582862e+34
#ERR  p: [154, 476], r: -6.1359426502209337e+33, e: -6.1371186932582548e+33
#ERR  p: [155, 476], r: 1.1342562475010293e+34, e: 1.2033437003894835e+34
#ERR  p: [156, 476], r: 3.5860609919817717e+33, e: 2.8170427360573792e+33
#ERR  p: [157, 476], r: -5.5150253508964477e+33, e: -4.2420132323580733e+33
#ERR  p: [158, 476], r: -7.4329584261210516e+33, e: -6.6301270759636183e+33
#ERR  p: [159, 476], r: -2.5070303637792986e+34, e: -2.3831883277772363e+34
#ERR  p: [160, 476], r: -4.8785780937791266e+34, e: -4.9713849729963044e+34
#ERR  p: [161, 476], r: 2.1362447915046122e+34, e: 2.0576490925564188e+34
#ERR  p: [162, 476], r: -3.5288738566909679e+34, e: -3.4746377228658125e+34
#ERR  p: [163, 476], r: 1.2988200735073763e+34, e: 1.4305614049001187e+34
#ERR  p: [164, 476], r: 2.1690152926365669e+34, e: 2.2066734286316282e+34
#ERR  p: [165, 476], r: -1.5259202975082833e+34, e: -1.5609728173086567e+34
#ERR  p: [166, 476], r: 1.3810239962880749e+34, e: 1.4080970021832226e+34
#ERR  p: [167, 476], r: -2.3573402016539595e+33, e: -3.0130040020011076e+33
#ERR  p: [168, 476], r: -1.3258147177980373e+34, e: -1.2236084074505734e+34
#ERR  p: [169, 476], r: -2.9109288514008060e+34, e: -2.8226147041742027e+34
#ERR  p: [170, 476], r: -2.8006080916838344e+34, e: -2.7045815780124831e+34
#ERR  p: [171, 476], r: 1.6004057879380414e+34, e: 1.6503569161112144e+34
#ERR  p: [172, 476], r: -4.1850949776438022e+34, e: -4.0542707122321625e+34
#ERR  p: [173, 476], r: -3.0277240375232402e+34, e: -2.9797479188887432e+34
#ERR  p: [174, 476], r: 8.5606314322871652e+33, e: 8.3354229044602903e+33
#ERR  p: [175, 476], r: -4.3726820125007788e+34, e: -4.4578433740353301e+34
#ERR  p: [176, 476], r: 4.1878573789444656e+33, e: 5.2917096333896401e+33
#ERR  p: [177, 476], r: -2.0443477982163091e+34, e: -2.1519228069261458e+34
#ERR  p: [178, 476], r: -2.1003227426206447e+34, e: -2.1746815917843840e+34
#ERR  p: [179, 476], r: 2.2288890672976299e+33, e: 2.8196222936142401e+33
#ERR  p: [180, 476], r: 1.2444924559133178e+34, e: 1.1227278070911803e+34
#ERR  p: [181, 476], r: -2.2089158332187897e+34, e: -2.1778903323662117e+34
#ERR  p: [182, 476], r: 1.2705184121232379e+34, e: 1.3515943239401396e+34
#ERR  p: [183, 476], r: 7.4535453689743675e+33, e: 7.8369552061816784e+33
#ERR  p: [184, 476], r: 1.0665096074691251e+34, e: 1.0889893606425083e+34
#ERR  p: [185, 476], r: -3.6438309494430711e+34, e: -3.7658309306666768e+34
#ERR  p: [186, 476], r: -4.5039818944755119e+34, e: -4.6272965680208386e+34
#ERR  p: [187, 476], r: -6.1268400771120683e+34, e: -6.1202126413177501e+34
#ERR  p: [188, 476], r: -1.3332534994941031e+34, e: -1.3590551409689047e+34
#ERR  p: [189, 476], r: 2.4699622300069607e+34, e: 2.5575737224672657e+34
#ERR  p: [190, 476], r: -9.1640950149977667e+33, e: -8.2099224001875974e+33
#ERR  p: [191, 476], r: 1.0926045169392334e+34, e: 1.0743171715028941e+34
#ERR  p: [192, 476], r: -9.8080268575926073e+33, e: -9.9674599173121321e+33
#ERR  p: [193, 476], r: -1.9732204677311205e+34, e: -2.0101690164956633e+34
#ERR  p: [194, 476], r: -3.6474474674738394e+34, e: -3.6037798753520712e+34
#ERR  p: [195, 476], r: 4.2169214257017979e+34, e: 4.2352805716604158e+34
#ERR  p: [196, 476], r: 1.1181807295328812e+34, e: 1.0333224157199469e+34
#ERR  p: [197, 476], r: -1.8856646825725834e+34, e: -1.9130890158508803e+34
#ERR  p: [198, 476], r: -1.1113292265914523e+34, e: -1.2274888542977174e+34
#ERR  p: [199, 476], r: -2.4470922781331947e+34, e: -2.3985964722702057e+34
#ERR  p: [200, 476], r: -2.0988411759816280e+34, e: -2.0922741516612269e+34
#ERR  p: [201, 476], r: 1.1343104692747500e+34, e: 1.0281334662512783e+34
#ERR  p: [202, 476], r: -3.2655880263717296e+33, e: -3.2674944540322291e+33
#ERR  p: [203, 476], r: -2.3682387162748182e+33, e: -2.0070003851711085e+33
#ERR  p: [204, 476], r: -1.6367015709198691e+34, e: -1.5362851980752080e+34
#ERR  p: [205, 476], r: 2.6772577654653762e+34, e: 2.7483066105520742e+34
#ERR  p: [206, 476], r: -1.8141455440649609e+34, e: -1.8189645970498910e+34
#ERR  p: [207, 476], r: -4.2431871090003257e+33, e: -4.3005445848405352e+33
#ERR  p: [208, 476], r: 5.7844669618550364e+34, e: 5.8567294833562498e+34
#ERR  p: [209, 476], r: 1.9599231347991365e+34, e: 1.9942222442916009e+34
#ERR  p: [210, 476], r: -2.4782222611250885e+34, e: -2.3534176029484779e+34
#ERR  p: [211, 476], r: -3.8581240647675512e+34, e: -3.9512934128282318e+34
#ERR  p: [212, 476], r: 2.3253349331572890e+34, e: 2.2963740687022311e+34
#ERR  p: [213, 476], r: -1.6298310037018353e+34, e: -1.7246710756395354e+34
#ERR  p: [214, 476], r: 3.4067555283996065e+34, e: 3.4424418735000940e+34
#ERR  p: [215, 476], r: 1.7760398927456979e+34, e: 1.6826038924005553e+34
#ERR  p: [216, 476], r: 2.6170423812504725e+34, e: 2.6425568206361599e+34
#ERR  p: [217, 476], r: -2.5611476863091835e+33, e: -1.8524528558166234e+33
#ERR  p: [218, 476], r: 4.7978391492409183e+34, e: 4.9204066021785324e+34
#ERR  p: [219, 476], r: 2.5166231611437210e+34, e: 2.3849509068051708e+34
#ERR  p: [220, 476], r: 8.6558129280877003e+32, e: 1.8628249364357760e+33
#ERR  p: [221, 476], r: -4.8652915928224864e+33, e: -4.7508387749453860e+33
#ERR  p: [222, 476], r: -3.0031331014068597e+34, e: -3.1419987777256894e+34
#ERR  p: [223, 476], r: -7.0951283032201892e+33, e: -7.6637376841247108e+33
#ERR  p: [224, 476], r: 5.1956259268884739e+34, e: 5.3040150049681446e+34
#ERR  p: [225, 476], r: -1.8924380096005314e+33, e: -2.7092029938701413e+33
#ERR  p: [226, 476], r: 1.7514234550645082e+34, e: 1.6505152486422390e+34
#ERR  p: [227, 476], r: 6.4454777966138699e+33, e: 5.1031596049761035e+33
#ERR  p: [228, 476], r: -2.4518291318995163e+34, e: -2.3255379553237318e+34
#ERR  p: [229, 476], r: -5.9990965492821942e+34, e: -6.1287217459717821e+34
#ERR  p: [230, 476], r: -1.9520889550545229e+34, e: -2.0821418600276839e+34
#ERR  p: [231, 476], r: 4.3107647083198655e+34, e: 4.3839923278757057e+34
#ERR  p: [232, 476], r: 3.7259477212450040e+34, e: 3.7250034205830371e+34
#ERR  p: [233, 476], r: -1.4511373300870849e+34, e: -1.3849884992638863e+34
#ERR  p: [234, 476], r: 2.3543939043604603e+33, e: 3.5552539256491256e+33
#ERR  p: [235, 476], r: -2.9907244856290788e+33, e: -3.6183724649471594e+33
#ERR  p: [236, 476], r: -9.9272683370266733e+33, e: -9.7351041426684430e+33
#ERR  p: [237, 476], r: -2.5142968242218959e+34, e: -2.6069526747542809e+34
#ERR  p: [238, 476], r: 3.4982808920881161e+34, e: 3.5980345956297478e+34
#ERR  p: [239, 476], r: 2.1421287205113356e+34, e: 2.1012390658377238e+34
#ERR  p: [240, 476], r: -6.0916955783667760e+33, e: -6.3588510854548164e+33
#ERR  p: [241, 476], r: -1.0558693890374633e+34, e: -1.0219048328406159e+34
#ERR  p: [242, 476], r: -5.7229838032459005e+33, e: -4.4797948981939502e+33
#ERR  p: [243, 476], r: -1.2795442329496676e+34, e: -1.3916728803000117e+34
#ERR  p: [244, 476], r: -1.0772746102567468e+34, e: -9.8488244095272962e+33
#ERR  p: [245, 476], r: -1.3257715136906662e+34, e: -1.3205553295411333e+34
#ERR  p: [246, 476], r: -4.4469420740493830e+34, e: -4.4900263488246400e+34
#ERR  p: [247, 476], r: -1.9723063728061121e+34, e: -1.9691426932417144e+34
#ERR  p: [248, 476], r: 1.3567221191708675e+34, e: 1.4482586243197307e+34
#ERR  p: [249, 476], r: -2.5587160935355182e+34, e: -2.6121252834144309e+34
#ERR  p: [250, 476], r: -4.9994673951994854e+34, e: -5.1266825702205925e+34
#ERR  p: [251, 476], r: -2.0621451669850993e+34, e: -2.0380838216175251e+34
#ERR  p: [252, 476], r: -2.6122894342636402e+34, e: -2.6344193455819213e+34
#ERR  p: [253, 476], r: -1.2870725177105738e+34, e: -1.3693575255638455e+34
#ERR  p: [254, 476], r: 1.3328504262173118e+34, e: 1.2601026322206986e+34
#ERR  p: [255, 476], r: 4.4308543004748459e+34, e: 4.3092494697117802e+34
#ERR  p: [256, 476], r: -4.3712524393434120e+34, e: -4.4716300646648435e+34
#ERR  p: [257, 476], r: 2.5103904425309289e+33, e: 1.6931541125913610e+33
#ERR  p: [258, 476], r: 1.5320549093729620e+34, e: 1.4895111192188570e+34
#ERR  p: [259, 476], r: -1.1970474135556742e+34, e: -1.3298667431346262e+34
#ERR  p: [260, 476], r: 4.0617580211777684e+33, e: 3.9230059877545451e+33
#ERR  p: [261, 476], r: -1.7057910045123862e+34, e: -1.8246084894829970e+34
#ERR  p: [262, 476], r: 5.4678140316182211e+33, e: 6.4298469467078330e+33
#ERR  p: [263, 476], r: -3.2011289837021556e+34, e: -3.1567532898779161e+34
#ERR  p: [264, 476], r: -4.2095462741237514e+34, e: -4.1105241931453374e+34
#ERR  p: [265, 476], r: -1.0300164349480333e+34, e: -1.0380252261351881e+34
#ERR  p: [266, 476], r: -4.0635312464900408e+34, e: -4.0433746115943805e+34
#ERR  p: [267, 476], r: -1.4500813672335745e+34, e: -1.4409094694825091e+34
#ERR  p: [268, 476], r: 1.9521147042073401e+34, e: 2.0449366862929972e+34
#ERR  p: [269, 476], r: -9.5782379516203764e+33, e: -1.0131767984906363e+34
#ERR  p: [270, 476], r: 1.5320004400112334e+34, e: 1.4810755482031586e+34
#ERR  p: [271, 476], r: 3.6518114537003283e+34, e: 3.7177852398019719e+34
#ERR  p: [272, 476], r: 2.1551192919015846e+33, e: 9.6277444117314380e+32
#ERR  p: [273, 476], r: -4.7666810031131309e+33, e: -4.5866424314397009e+33
#ERR  p: [274, 476], r: -3.7319074121821317e+34, e: -3.7961456063486972e+34
#ERR  p: [275, 476], r: 6.6835472835088806e+33, e: 7.0178752740386047e+33
#ERR  p: [276, 476], r: -1.6339288328198777e+34, e: -1.7309845698398908e+34
#ERR  p: [277, 476], r: 4.4003306605141942e+34, e: 4.4106214084727657e+34
#ERR  p: [278, 476], r: -2.4198271439439500e+34, e: -2.4755020116827628e+34
#ERR  p: [279, 476], r: -2.5732537185928621e+34, e: -2.5173696389874101e+34
#ERR  p: [280, 476], r: -6.8303069320762214e+34, e: -6.9156782482414355e+34
#ERR  p: [281, 476], r: -7.2560926947683101e+33, e: -8.4145978355528654e+33
#ERR  p: [282, 476], r: 1.4877934774143486e+34, e: 1.4207175532957292e+34
#ERR  p: [283, 476], r: -1.9380260800022450e+32, e: 5.8795652680849315e+32
#ERR  p: [284, 476], r: -4.0759411002078610e+34, e: -4.1103682127003874e+34
#ERR  p: [285, 476], r: 1.6520100612396761e+34, e: 1.5668256740203940e+34
#ERR  p: [286, 476], r: -3.5603955239112915e+34, e: -3.5691670718536520e+34
#ERR  p: [287, 476], r: -7.7352980460356415e+33, e: -8.6481958830259773e+33
#ERR  p: [288, 476], r: -5.7944076203704980e+34, e: -5.6840041662589021e+34
#ERR  p: [289, 476], r: 9.5359975805699003e+33, e: 1.0855459066292321e+34
#ERR  p: [290, 476], r: 3.2953651884886923e+34, e: 3.2526270417484195e+34
#ERR  p: [291, 476], r: 4.6661042551363803e+33, e: 5.8002615912282707e+33
#ERR  p: [292, 476], r: -8.3109562575238540e+33, e: -8.8210519265914735e+33
#ERR  p: [293, 476], r: -6.2478029121707607e+33, e: -6.2006299690337520e+33
#ERR  p: [294, 476], r: -9.2111317847304540e+33, e: -8.7374457891282765e+33
#ERR  p: [295, 476], r: -1.4529519025966694e+34, e: -1.3709263669756319e+34
#ERR  p: [296, 476], r: 2.0871956264440626e+34, e: 2.0646685839611786e+34
#ERR  p: [297, 476], r: 2.2918367708702423e+34, e: 2.3339836774477524e+34
#ERR  p: [298, 476], r: 4.8950313072532607e+34, e: 4.8998924501995265e+34
#ERR  p: [299, 476], r: 1.5429023589672001e+34, e: 1.6244083311537496e+34
#ERR  p: [300, 476], r: -3.5935505292194483e+34, e: -3.5814093084901530e+34
#ERR  p: [301, 476], r: 1.5283958062048423e+34, e: 1.5588404655909876e+34
#ERR  p: [302, 476], r: 2.9906049006212838e+34, e: 3.1130795080559515e+34
#ERR  p: [303, 476], r: -2.4129043356562583e+34, e: -2.3921775055785031e+34
#ERR  p: [304, 476], r: 7.9128198856092043e+33, e: 8.0251456130138026e+33
#ERR  p: [305, 476], r: -2.7331715556317711e+34, e: -2.8614998863362036e+34
#ERR  p: [306, 476], r: 8.2342503978396337e+33, e: 7.3410568524546032e+33
#ERR  p: [307, 476], r: -1.9370753420520738e+34, e: -1.9630116714031496e+34
#ERR  p: [308, 476], r: -1.1793589835103411e+34, e: -1.2015693609311758e+34
#ERR  p: [309, 476], r: -2.5199900485655674e+33, e: -3.5364923253837360e+33
#ERR  p: [310, 476], r: -5.3634693036468957e+34, e: -5.4550907314824539e+34
#ERR  p: [311, 476], r: 9.4432288299059325e+33, e: 1.0768421978010245e+34
#ERR  p: [312, 476], r: 2.2438274754426924e+34, e: 2.3357420474795534e+34
#ERR  p: [313, 476], r: -9.5450828225182157e+33, e: -1.0128967145567480e+34
#ERR  p: [314, 476], r: -3.4412031287997831e+33, e: -4.5650310932038763e+33
#ERR  p: [315, 476], r: -1.4052922014362137e+33, e: -2.0432497454014630e+33
#ERR  p: [316, 476], r: 4.4081623643787292e+34, e: 4.2965972273342679e+34
#ERR  p: [317, 476], r: 1.7819116899400364e+34, e: 1.8304027916308761e+34
#ERR  p: [318, 476], r: -1.2812007824132374e+33, e: -7.6953029887314193e+32
#ERR  p: [319, 476], r: 2.2843509474526837e+34, e: 2.3971342174958018e+34
#ERR  p: [320, 476], r: 2.4125039858475534e+34, e: 2.5033905724757917e+34
#ERR  p: [321, 476], r: 6.1150925213152658e+34, e: 6.0149817958663042e+34
#ERR  p: [322, 476], r: -4.1987687681417328e+34, e: -4.0838624309312403e+34
#ERR  p: [323, 476], r: -1.2191058957336886e+34, e: -1.2125042090921875e+34
#ERR  p: [324, 476], r: -4.4979328861645498e+32, e: -4.6881547526011413e+32
#ERR  p: [325, 476], r: 2.1029907509933126e+34, e: 2.0898403615439919e+34
#ERR  p: [326, 476], r: 7.9405670736497468e+33, e: 8.2474771681893783e+33
#ERR  p: [327, 476], r: -6.6032080698093577e+33, e: -7.2263004297828681e+33
#ERR  p: [328, 476], r: 5.4794457162273466e+33, e: 4.3460794238205595e+33
#ERR  p: [329, 476], r: 1.0902686478791058e+34, e: 1.1786451872836891e+34
#ERR  p: [330, 476], r: 3.3794849472741889e+34, e: 3.4272679472625574e+34
#ERR  p: [331, 476], r: 5.7282313072784273e+34, e: 5.8240008245976229e+34
#ERR  p: [332, 476], r: 3.2992275614112627e+34, e: 3.1594527419275818e+34
#ERR  p: [333, 476], r: -1.9265292070633977e+34, e: -1.8340382501442455e+34
#ERR  p: [334, 476], r: 6.2236321329037136e+33, e: 7.0483799735166554e+33
#ERR  p: [335, 476], r: 3.1276309980417354e+34, e: 3.2467866882310790e+34
#ERR  p: [336, 476], r: -1.8608188546021140e+34, e: -1.8020934550184941e+34
#ERR  p: [337, 476], r: -2.8326469702525714e+34, e: -2.7887213914266161e+34
#ERR  p: [338, 476], r: 2.9505642252266139e+34, e: 2.9889260063400050e+34
#ERR  p: [339, 476], r: 1.9569280626680895e+34, e: 2.0922506308004805e+34
#ERR  p: [340, 476], r: 9.3232631555488845e+33, e: 1.0331689111550755e+34
#ERR  p: [341, 476], r: 7.0253963787472830e+33, e: 7.9083868223285234e+33
#ERR  p: [342, 476], r: 2.4504852860898701e+33, e: 3.5558540170831692e+33
#ERR  p: [343, 476], r: 8.8159256168887928e+33, e: 1.0047276101345057e+34
#ERR  p: [344, 476], r: -1.4296330736646586e+34, e: -1.3789773100211244e+34
#ERR  p: [345, 476], r: -4.0017327845528989e+34, e: -4.0848886832238078e+34
#ERR  p: [346, 476], r: 1.2856313079168378e+34, e: 1.3907197902637658e+34
#ERR  p: [347, 476], r: 1.2774852601278272e+32, e: -8.3572024477989527e+32
#ERR  p: [348, 476], r: 2.6702426068507538e+34, e: 2.6961130777917397e+34
#ERR  p: [349, 476], r: 2.1431359085272982e+34, e: 2.1652061511356858e+34
#ERR  p: [350, 476], r: -1.2323126114547968e+34, e: -1.1618983344322365e+34
#ERR  p: [351, 476], r: -6.4120243239622414e+33, e: -7.6686708751812630e+33
#ERR  p: [352, 476], r: -5.7089585615708168e+32, e: -2.7822702382938922e+32
#ERR  p: [353, 476], r: -6.3895990401505867e+33, e: -7.4356107126552206e+33
#ERR  p: [354, 476], r: 1.7694387012802126e+34, e: 1.8835903902427568e+34
#ERR  p: [355, 476], r: 7.0557243622847257e+32, e: 4.3640713348665234e+32
#ERR  p: [356, 476], r: 3.5090012052403197e+34, e: 3.5308909561909795e+34
#ERR  p: [357, 476], r: 4.2182143302788276e+34, e: 4.1573700725239669e+34
#ERR  p: [358, 476], r: 6.9797461018585954e+33, e: 6.5434254694321881e+33
#ERR  p: [359, 476], r: -3.6133575698480144e+34, e: -3.6147346543477154e+34
#ERR  p: [360, 476], r: 1.9615494166287458e+34, e: 1.8279806381500104e+34
#ERR  p: [361, 476], r: 1.1533055450315488e+34, e: 1.1277643661410129e+34
#ERR  p: [362, 476], r: 2.1649739135843159e+34, e: 2.2384174298830075e+34
#ERR  p: [363, 476], r: 1.6595650855054308e+34, e: 1.7417620758219093e+34
#ERR  p: [364, 476], r: -1.2619825679643574e+34, e: -1.2423635704277587e+34
#ERR  p: [365, 476], r: -5.6471596044576592e+34, e: -5.5705048716970613e+34
#ERR  p: [366, 476], r: -3.1937830475090361e+34, e: -3.0792938960917827e+34
#ERR  p: [367, 476], r: 9.6286871030713539e+33, e: 1.0510373376821207e+34
#ERR  p: [368, 476], r: 2.1950990296978207e+33, e: 2.3412415651555777e+33
#ERR  p: [369, 476], r: 1.5683988482223179e+34, e: 1.6487787901491334e+34
#ERR  p: [370, 476], r: 1.6056901825837389e+34, e: 1.4889745960058308e+34
#ERR  p: [371, 476], r: -1.4829767765154931e+34, e: -1.5465884492281763e+34
#ERR  p: [372, 476], r: -5.4634311049091313e+33, e: -5.6250144664768948e+33
#ERR  p: [373, 476], r: 2.0970487625987467e+33, e: 1.1630093856174951e+33
#ERR  p: [374, 476], r: 1.6425374678530683e+34, e: 1.7257364468373444e+34
#ERR  p: [375, 476], r: -5.3037015585501976e+34, e: -5.2111046339636826e+34
#ERR  p: [376, 476], r: -3.4063749237345282e+33, e: -3.7458874071487795e+33
#ERR  p: [377, 476], r: 1.7994872198537866e+34, e: 1.8660002526365430e+34
#ERR  p: [378, 476], r: -5.1023496208083990e+34, e: -5.0118195609114749e+34
#ERR  p: [379, 476], r: 1.4226250641537630e+33, e: 1.5006449971896848e+33
#ERR  p: [380, 476], r: -6.1218533451488170e+31, e: 1.1585148895623647e+33
#ERR  p: [381, 476], r: -2.5601533419211285e+34, e: -2.4909742814697672e+34
#ERR  p: [382, 476], r: -5.6335789070506829e+34, e: -5.7291359938591371e+34
#ERR  p: [383, 476], r: -7.9541076617994503e+33, e: -8.2256448576565413e+33
#ERR  p: [384, 476], r: -3.9075099495187864e+34, e: -3.8975999919162991e+34
#ERR  p: [385, 476], r: -1.4471406406702520e+34, e: -1.5303215457299546e+34
#ERR  p: [386, 476], r: -2.4301879593087450e+34, e: -2.4545020920323413e+34
#ERR  p: [387, 476], r: -1.1399773873925867e+34, e: -1.1962454759982251e+34
#ERR  p: [388, 476], r: -1.8700766653919058e+34, e: -1.9959615500467968e+34
#ERR  p: [389, 476], r: -3.5952739893421414e+34, e: -3.5501733578308964e+34
#ERR  p: [390, 476], r: 8.4258049067285159e+33, e: 7.4349069437428868e+33
#ERR  p: [391, 476], r: -2.1188576760648412e+34, e: -2.0665502528208924e+34
#ERR  p: [392, 476], r: 4.3631127359971028e+34, e: 4.4368612807214743e+34
#ERR  p: [393, 476], r: 6.7319247423041140e+33, e: 7.2500719733872456e+33
#ERR  p: [394, 476], r: 4.2109663151428156e+33, e: 2.8125558223849894e+33
#ERR  p: [395, 476], r: 1.5414846700342105e+34, e: 1.4085410512753142e+34
#ERR  p: [396, 476], r: 3.1254772299613867e+34, e: 3.1385469057201460e+34
#ERR  p: [397, 476], r: -1.9676057906829416e+34, e: -1.8800153432033045e+34
#ERR  p: [398, 476], r: -2.0924828683518504e+34, e: -2.1299050529754239e+34
#ERR  p: [399, 476], r: -1.4933812911636749e+34, e: -1.5114472929209901e+34
#ERR  p: [400, 476], r: -1.3312620253529047e+34, e: -1.3486030894232143e+34
#ERR  p: [401, 476], r: -1.4992764854247558e+34, e: -1.4882303464542124e+34
#ERR  p: [402, 476], r: -1.0717779088943119e+34, e: -1.1744541412806885e+34
#ERR  p: [403, 476], r: -2.8963642392506057e+34, e: -2.8331287765158613e+34
#ERR  p: [404, 476], r: 4.4514253357986570e+33, e: 3.9561218122604585e+33
#ERR  p: [405, 476], r: -2.7867008256944945e+34, e: -2.9125844724093463e+34
#ERR  p: [406, 476], r: -2.6511501052128633e+34, e: -2.5361207167624657e+34
#ERR  p: [407, 476], r: -2.8122030094737930e+33, e: -4.1751768496370556e+33
#ERR  p: [408, 476], r: 2.5960788570372060e+34, e: 2.5103190752876641e+34
#ERR  p: [409, 476], r: 2.0221561755870696e+33, e: 1.4790099833506090e+33
#ERR  p: [410, 476], r: 1.2913828392363596e+33, e: 2.4963577732156095e+33
#ERR  p: [411, 476], r: -1.5662206927231953e+34, e: -1.6643249649564831e+34
#ERR  p: [412, 476], r: 3.8826138611827221e+33, e: 2.8260184203122179e+33
#ERR  p: [413, 476], r: 3.5058565899525269e+34, e: 3.4259322099601685e+34
#ERR  p: [414, 476], r: -3.0648424316611731e+34, e: -3.1459240380022555e+34
#ERR  p: [415, 476], r: 8.4527350543431301e+33, e: 8.2004329708164553e+33
#ERR  p: [416, 476], r: -1.6880330022368453e+34, e: -1.7419071623945136e+34
#ERR  p: [417, 476], r: 1.9960298843369654e+34, e: 2.0013151455406904e+34
#ERR  p: [418, 476], r: -1.8717747477437935e+34, e: -1.7858172669699778e+34
#ERR  p: [419, 476], r: -2.0775481121299037e+34, e: -2.0409288554158108e+34
#ERR  p: [420, 476], r: 5.3523709236066944e+34, e: 5.3982232323097935e+34
#ERR  p: [421, 476], r: -1.5588398466209680e+34, e: -1.5256694908563241e+34
#ERR  p: [422, 476], r: 1.4652919364962739e+34, e: 1.4478151941976586e+34
#ERR  p: [423, 476], r: 1.9905401154387504e+34, e: 1.9328283411592974e+34
#ERR  p: [424, 476], r: -2.0280639349395492e+33, e: -2.4505258286261567e+33
#ERR  p: [425, 476], r: 2.9699550704139722e+34, e: 3.0628495957859315e+34
#ERR  p: [426, 476], r: 2.5854260116171435e+33, e: 3.8098892166648435e+33
#ERR  p: [427, 476], r: -1.9492246403401254e+33, e: -1.1410825274141577e+33
#ERR  p: [428, 476], r: -2.5518158157565415e+34, e: -2.4221770017265215e+34
#ERR  p: [429, 476], r: -5.1172111528770220e+33, e: -4.9265238209856592e+33
#ERR  p: [430, 476], r: 5.0978885800828302e+34, e: 5.1461514056304258e+34
#ERR  p: [431, 476], r: 1.3290317525781282e+34, e: 1.4245299134407124e+34
#ERR  p: [432, 476], r: -3.3838439817405206e+34, e: -3.2588263978771529e+34
#ERR  p: [433, 476], r: 1.2538750510590695e+34, e: 1.2370766999019827e+34
#ERR  p: [434, 476], r: 7.5370153330332432e+32, e: 1.1367059451477692e+33
#ERR  p: [435, 476], r: 6.8652601690854441e+33, e: 8.0292382427836800e+33
#ERR  p: [436, 476], r: -3.3069941496297313e+34, e: -3.2310737629004375e+34
#ERR  p: [437, 476], r: -2.0074866480185398e+34, e: -1.8934562771798456e+34
#ERR  p: [438, 476], r: 2.8353167117412943e+34, e: 2.7507540180097414e+34
#ERR  p: [439, 476], r: -3.6737579023047873e+34, e: -3.5731871583372273e+34
#ERR  p: [440, 476], r: 4.3201354192412401e+34, e: 4.4097919886464445e+34
#ERR  p: [441, 476], r: 4.0509042580893299e+34, e: 4.1477106739854309e+34
#ERR  p: [442, 476], r: 3.1154885393724008e+34, e: 3.1727388096052082e+34
#ERR  p: [443, 476], r: 5.5831708552090097e+33, e: 6.5620224236723527e+33
#ERR  p: [444, 476], r: -3.2206401566613325e+34, e: -3.1731334648897324e+34
#ERR  p: [445, 476], r: -4.5644201078974870e+34, e: -4.4599775826630581e+34
#ERR  p: [446, 476], r: -2.9286016834016441e+34, e: -2.9488135304230565e+34
#ERR  p: [447, 476], r: 2.5204845437142599e+34, e: 2.4796379693540153e+34
#ERR  p: [448, 476], r: 2.7011185645465862e+34, e: 2.5944715156901978e+34
#ERR  p: [449, 476], r: 2.8196092333468257e+34, e: 2.7280187540122497e+34
#ERR  p: [450, 476], r: -1.3249770037734529e+34, e: -1.2174370287667279e+34
#ERR  p: [451, 476], r: 2.9499974962766291e+34, e: 2.8347997479808887e+34
#ERR  p: [452, 476], r: 1.8717816802080135e+34, e: 1.9151531570723847e+34
#ERR  p: [453, 476], r: 4.7772068977821646e+33, e: 5.8862055784556583e+33
#ERR  p: [454, 476], r: 2.6181837619666936e+34, e: 2.5423326998795998e+34
#ERR  p: [455, 476], r: -3.3807738904430928e+34, e: -3.4034103668254496e+34
#ERR  p: [456, 476], r: 3.7182794254656546e+34, e: 3.7158434070563489e+34
#ERR  p: [457, 476], r: -6.4468197236164552e+33, e: -5.4977913686395363e+33
#ERR  p: [458, 476], r: -5.2544983937487608e+33, e: -4.0466353456578582e+33
#ERR  p: [459, 476], r: 8.2439948428588685e+33, e: 9.3509868227286806e+33
#ERR  p: [460, 476], r: 2.8022755969167518e+34, e: 2.7046457033065181e+34
#ERR  p: [461, 476], r: -1.7446576175737978e+34, e: -1.6115999845372834e+34
#ERR  p: [462, 476], r: 4.3280948785178294e+34, e: 4.3358057594345301e+34
#ERR  p: [463, 476], r: -2.4107919147732217e+34, e: -2.2784637998018581e+34
#ERR  p: [464, 476], r: 2.1250057814759481e+33, e: 1.1606356355921654e+33
#ERR  p: [465, 476], r: 9.9555855964553067e+33, e: 9.7363934572193587e+33
#ERR  p: [466, 476], r: -3.0973897322040446e+33, e: -3.7519833333872305e+33
#ERR  p: [467, 476], r: -1.5701721973285942e+32, e: 4.7857616824236462e+32
#ERR  p: [468, 476], r: -2.8301775274622050e+34, e: -2.8230975007895240e+34
#ERR  p: [469, 476], r: 2.4786424179744219e+34, e: 2.5607270033353334e+34
#ERR  p: [470, 476], r: 4.7513042404001573e+33, e: 4.5368855979556938e+33
#ERR  p: [471, 476], r: -1.0983963432070340e+34, e: -1.0079999808343527e+34
#ERR  p: [472, 476], r: 2.0273630132893059e+34, e: 2.0299770474762609e+34
#ERR  p: [473, 476], r: -5.6972783497121514e+34, e: -5.7973459948477458e+34
#ERR  p: [474, 476], r: 3.8474681244973905e+34, e: 3.8181834149280555e+34
#ERR  p: [475, 476], r: 6.5299742605533210e+34, e: 6.4142961915223379e+34
#ERR  p: [476, 476], r: 1.1499069044476947e+34, e: 1.2446769089791713e+34
#ERR  p: [477, 476], r: -6.0788791851400545e+33, e: -7.0728008166716381e+33
#ERR  p: [478, 476], r: 1.6491100629036461e+34, e: 1.6276971664561190e+34
#ERR  p: [479, 476], r: 4.1015246785447425e+33, e: 2.8269348054262989e+33
#ERR  p: [480, 476], r: 2.0393290345545413e+33, e: 1.4660191953208531e+33
#ERR  p: [481, 476], r: -3.3909975420515351e+34, e: -3.3523812404660669e+34
#ERR  p: [482, 476], r: -1.9836716527187834e+34, e: -1.8484361117711541e+34
#ERR  p: [483, 476], r: 3.1011606213577118e+34, e: 3.1016458938531117e+34
#ERR  p: [484, 476], r: 1.6476567212975251e+33, e: 3.4028433902874569e+32
#ERR  p: [485, 476], r: 2.5811000301498607e+34, e: 2.5236398052863905e+34
#ERR  p: [486, 476], r: 5.5110125682591041e+33, e: 5.6211471417941673e+33
#ERR  p: [487, 476], r: 5.5671432455203818e+32, e: 2.4977947121162100e+32
#ERR  p: [488, 476], r: -8.6798735306912509e+33, e: -7.8075603199488470e+33
#ERR  p: [489, 476], r: -3.7445414568410665e+33, e: -3.6843020565894006e+33
#ERR  p: [490, 476], r: -5.2525740159576917e+33, e: -5.0002273665896027e+33
#ERR  p: [491, 476], r: 2.7077519424530930e+34, e: 2.7841472029814567e+34
#ERR  p: [492, 476], r: 1.6133766760816658e+34, e: 1.6664649919023957e+34
#ERR  p: [493, 476], r: -1.7217819711758512e+34, e: -1.6303006781527401e+34
#ERR  p: [494, 476], r: 3.6205158343311781e+34, e: 3.4994502502492251e+34
#ERR  p: [495, 476], r: -1.2949875349397527e+34, e: -1.2357984030174166e+34
#ERR  p: [496, 476], r: 8.3646129116166199e+33, e: 7.9646864784051635e+33
#ERR  p: [497, 476], r: -8.3150507442037904e+33, e: -7.1096060119796317e+33
#ERR  p: [498, 476], r: 1.1134733387394946e+34, e: 1.1824501197884367e+34
#ERR  p: [499, 476], r: 3.3425933437514531e+34, e: 3.4491480422809108e+34
#ERR  p: [500, 476], r: 8.7141947993104185e+33, e: 9.4401475971481512e+33
#SDC Ite:8 KerTime:2.6451434 AccTime:21.5355682 KerErr:2048 AccErr:2048
#ABORT too many errors per iteration
#END
