#HEADER matrix_dim:2048 threads:4 block_size:16 block_offset:12 precision:Float
#BEGIN Y:2023 M:10 D:24 Time:16:59:57
#IT 0 KerTime:2.6911087 AccTime:2.6911087
#IT 1 KerTime:2.7301824 AccTime:5.4212911
#IT 2 KerTime:2.7650815 AccTime:8.1863726
#IT 3 KerTime:2.6723470 AccTime:10.8587196
#IT 4 KerTime:2.6704288 AccTime:13.5291484
#IT 5 KerTime:2.6632683 AccTime:16.1924167
#IT 6 KerTime:2.6601501 AccTime:18.8525669
#IT 7 KerTime:2.6365244 AccTime:21.4890912
#IT 8 KerTime:2.6365157 AccTime:24.1256069
#IT 9 KerTime:2.7298684 AccTime:26.8554753
#IT 10 KerTime:2.7409203 AccTime:29.5963956
#IT 11 KerTime:2.8310339 AccTime:32.4274294
#IT 12 KerTime:2.7891592 AccTime:35.2165886
#IT 13 KerTime:2.7156111 AccTime:37.9321996
#IT 14 KerTime:2.7394533 AccTime:40.6716529
#IT 15 KerTime:2.7651490 AccTime:43.4368019
#IT 16 KerTime:2.7689363 AccTime:46.2057382
#IT 17 KerTime:2.7372198 AccTime:48.9429580
#IT 18 KerTime:2.7555574 AccTime:51.6985154
#IT 19 KerTime:2.6847395 AccTime:54.3832549
#IT 20 KerTime:2.7556057 AccTime:57.1388607
#IT 21 KerTime:2.6866113 AccTime:59.8254720
#IT 22 KerTime:2.6838797 AccTime:62.5093517
#IT 23 KerTime:2.7125394 AccTime:65.2218911
#IT 24 KerTime:2.6821525 AccTime:67.9040436
#IT 25 KerTime:2.6727477 AccTime:70.5767913
#IT 26 KerTime:2.6817757 AccTime:73.2585670
#IT 27 KerTime:2.6608627 AccTime:75.9194298
#IT 28 KerTime:2.6369976 AccTime:78.5564274
#IT 29 KerTime:2.6340893 AccTime:81.1905167
#IT 30 KerTime:2.7390509 AccTime:83.9295676
#IT 31 KerTime:2.7097649 AccTime:86.6393326
#IT 32 KerTime:2.7819195 AccTime:89.4212520
#IT 33 KerTime:2.8110983 AccTime:92.2323503
#IT 34 KerTime:2.7139425 AccTime:94.9462928
#IT 35 KerTime:2.7369956 AccTime:97.6832884
#IT 36 KerTime:2.6987599 AccTime:100.3820483
#IT 37 KerTime:2.7335513 AccTime:103.1155996
#IT 38 KerTime:2.6967168 AccTime:105.8123164
#IT 39 KerTime:2.7336678 AccTime:108.5459842
#IT 40 KerTime:2.6839379 AccTime:111.2299221
#IT 41 KerTime:2.7478141 AccTime:113.9777362
#IT 42 KerTime:2.6817515 AccTime:116.6594877
#IT 43 KerTime:2.7251958 AccTime:119.3846835
#IT 44 KerTime:2.6796082 AccTime:122.0642918
#IT 45 KerTime:2.6871563 AccTime:124.7514481
#IT 46 KerTime:2.6696535 AccTime:127.4211017
#IT 47 KerTime:2.6703529 AccTime:130.0914546
#IT 48 KerTime:2.6811278 AccTime:132.7725823
#IT 49 KerTime:2.6370854 AccTime:135.4096677
#IT 50 KerTime:2.6349164 AccTime:138.0445842
#IT 51 KerTime:2.8018449 AccTime:140.8464291
#IT 52 KerTime:2.8773917 AccTime:143.7238207
#IT 53 KerTime:2.7846748 AccTime:146.5084956
#IT 54 KerTime:2.7238336 AccTime:149.2323292
#IT 55 KerTime:2.7382186 AccTime:151.9705477
#IT 56 KerTime:2.7832135 AccTime:154.7537613
#IT 57 KerTime:2.7015775 AccTime:157.4553387
#IT 58 KerTime:2.6981283 AccTime:160.1534670
#IT 59 KerTime:2.7449857 AccTime:162.8984528
#IT 60 KerTime:2.7877009 AccTime:165.6861536
#IT 61 KerTime:2.7241837 AccTime:168.4103374
#IT 62 KerTime:2.6836504 AccTime:171.0939878
#IT 63 KerTime:2.6794792 AccTime:173.7734669
#IT 64 KerTime:2.6817218 AccTime:176.4551887
#IT 65 KerTime:2.7124292 AccTime:179.1676180
#IT 66 KerTime:2.6937995 AccTime:181.8614174
#IT 67 KerTime:2.6824812 AccTime:184.5438986
#IT 68 KerTime:2.6743774 AccTime:187.2182760
#IT 69 KerTime:2.6631259 AccTime:189.8814020
#IT 70 KerTime:2.6373215 AccTime:192.5187235
#IT 71 KerTime:2.6694363 AccTime:195.1881598
#IT 72 KerTime:2.6380329 AccTime:197.8261926
#IT 73 KerTime:2.8108046 AccTime:200.6369973
#IT 74 KerTime:2.8679602 AccTime:203.5049575
#ERR  p: [1132, 534], r: 7.8614206151780753e+33, e: 2.4637722822225260e+34
#ERR  p: [1133, 534], r: -1.2157857405483252e+34, e: -4.4425904672232871e+34
#SDC Ite:75 KerTime:2.8679602 AccTime:203.5049575 KerErr:2 AccErr:2
#IT 75 KerTime:2.6761319 AccTime:206.1810894
#IT 76 KerTime:2.6651112 AccTime:208.8462006
#IT 77 KerTime:2.6341203 AccTime:211.4803209
#IT 78 KerTime:2.6355766 AccTime:214.1158975
#IT 79 KerTime:2.7839047 AccTime:216.8998022
#IT 80 KerTime:2.7940512 AccTime:219.6938534
#IT 81 KerTime:2.7806419 AccTime:222.4744953
#IT 82 KerTime:2.7860027 AccTime:225.2604981
#ERR  p: [1222, 766], r: 1.0525952852215614e+34, e: -3.2748970878791478e+34
#SDC Ite:83 KerTime:2.7860027 AccTime:225.2604981 KerErr:1 AccErr:3
#IT 83 KerTime:2.6641665 AccTime:227.9246646
#IT 84 KerTime:2.6590253 AccTime:230.5836900
#IT 85 KerTime:2.6402572 AccTime:233.2239472
#IT 86 KerTime:2.6377646 AccTime:235.8617118
#IT 87 KerTime:2.7916626 AccTime:238.6533744
#IT 88 KerTime:2.8262955 AccTime:241.4796700
