#HEADER matrix_dim:2048 threads:4 block_size:16 block_offset:12 precision:Float
#BEGIN Y:2023 M:10 D:23 Time:20:22:23
#IT 0 KerTime:2.7450813 AccTime:2.7450813
#IT 1 KerTime:2.7122528 AccTime:5.4573340
#IT 2 KerTime:2.7641609 AccTime:8.2214950
#ERR  p: [424, 1394], r: 1.2851327894630175e+34, e: 2.1313814202662756e+34
#ERR  p: [305, 1490], r: -2.2015297877683974e+34, e: -8.0674664501668322e+33
#ERR  p: [306, 1490], r: 2.1604839050618278e+34, e: 1.1835799876622924e+34
#ERR  p: [307, 1490], r: -7.5301555358935511e+34, e: -4.9912935247080919e+34
#ERR  p: [315, 1490], r: -1.4933112237574514e+34, e: -2.9026020334175588e+33
#ERR  p: [314, 1491], r: 9.8306264433617933e+34, e: 4.7075398413673170e+34
#ERR  p: [315, 1491], r: 2.4541071891598093e+34, e: 1.6705167696509768e+34
#SDC Ite:3 KerTime:2.7641609 AccTime:8.2214950 KerErr:7 AccErr:7
#IT 3 KerTime:2.6939448 AccTime:10.9154398
#IT 4 KerTime:2.7115304 AccTime:13.6269702
#IT 5 KerTime:2.7143989 AccTime:16.3413691
#IT 6 KerTime:2.7359583 AccTime:19.0773274
#IT 7 KerTime:2.7438629 AccTime:21.8211903
#IT 8 KerTime:2.7261646 AccTime:24.5473549
#IT 9 KerTime:2.7170898 AccTime:27.2644448
#IT 10 KerTime:2.7132485 AccTime:29.9776933
#IT 11 KerTime:2.7052678 AccTime:32.6829610
#IT 12 KerTime:2.6970268 AccTime:35.3799879
#IT 13 KerTime:2.6833067 AccTime:38.0632946
#IT 14 KerTime:2.6655781 AccTime:40.7288727
#IT 15 KerTime:2.6857043 AccTime:43.4145770
