#HEADER matrix_dim:2048 threads:4 block_size:16 block_offset:12 precision:Float
#BEGIN Y:2023 M:10 D:18 Time:09:52:55
#IT 0 KerTime:2.6843879 AccTime:2.6843879
#IT 1 KerTime:2.7171164 AccTime:5.4015043
#IT 2 KerTime:2.7734093 AccTime:8.1749136
#IT 3 KerTime:2.6809400 AccTime:10.8558536
#IT 4 KerTime:2.6807959 AccTime:13.5366495
#IT 5 KerTime:2.6826503 AccTime:16.2192998
#IT 6 KerTime:2.6746371 AccTime:18.8939369
#IT 7 KerTime:2.6516793 AccTime:21.5456162
#IT 8 KerTime:2.6488466 AccTime:24.1944628
#IT 9 KerTime:2.6830827 AccTime:26.8775455
#IT 10 KerTime:2.8145884 AccTime:29.6921339
#IT 11 KerTime:2.7008045 AccTime:32.3929383
#IT 12 KerTime:2.7124495 AccTime:35.1053879
#IT 13 KerTime:2.7088419 AccTime:37.8142298
#IT 14 KerTime:2.6974014 AccTime:40.5116312
#IT 15 KerTime:2.7074278 AccTime:43.2190590
#IT 16 KerTime:2.6876705 AccTime:45.9067295
#IT 17 KerTime:2.7479986 AccTime:48.6547280
#IT 18 KerTime:2.6783841 AccTime:51.3331121
#IT 19 KerTime:2.6947163 AccTime:54.0278284
#IT 20 KerTime:2.7042261 AccTime:56.7320544
#IT 21 KerTime:2.7049601 AccTime:59.4370146
#IT 22 KerTime:2.6823130 AccTime:62.1193276
#IT 23 KerTime:2.6967510 AccTime:64.8160786
#IT 24 KerTime:2.6897226 AccTime:67.5058012
#IT 25 KerTime:2.6731729 AccTime:70.1789741
#IT 26 KerTime:2.6576181 AccTime:72.8365922
#IT 27 KerTime:2.6847202 AccTime:75.5213124
#IT 28 KerTime:2.6513452 AccTime:78.1726576
#IT 29 KerTime:2.7473500 AccTime:80.9200076
#IT 30 KerTime:2.7439247 AccTime:83.6639323
#IT 31 KerTime:2.7199663 AccTime:86.3838986
#IT 32 KerTime:2.7586655 AccTime:89.1425640
#IT 33 KerTime:2.7398113 AccTime:91.8823753
#IT 34 KerTime:2.7974643 AccTime:94.6798397
#IT 35 KerTime:2.6795595 AccTime:97.3593992
#IT 36 KerTime:2.7145710 AccTime:100.0739702
#IT 37 KerTime:2.7144713 AccTime:102.7884415
#ERR  p: [1486, 280], r: -2.6951870986423542e+34, e: -1.9522080448863022e+34
#SDC Ite:38 KerTime:2.7144713 AccTime:102.7884415 KerErr:1 AccErr:1
#IT 38 KerTime:2.7743465 AccTime:105.5627880
