#HEADER matrix_dim:2048 threads:4 block_size:16 block_offset:12 precision:Float
#BEGIN Y:2023 M:10 D:16 Time:18:05:19
#IT 0 KerTime:2.7235409 AccTime:2.7235409
#IT 1 KerTime:2.7493554 AccTime:5.4728963
#IT 2 KerTime:2.6679073 AccTime:8.1408036
#IT 3 KerTime:2.7394179 AccTime:10.8802215
#IT 4 KerTime:2.6992841 AccTime:13.5795056
#IT 5 KerTime:2.6821648 AccTime:16.2616704
#IT 6 KerTime:2.6558930 AccTime:18.9175634
#IT 7 KerTime:2.6672501 AccTime:21.5848135
#IT 8 KerTime:2.7178014 AccTime:24.3026149
#IT 9 KerTime:2.6536313 AccTime:26.9562462
#IT 10 KerTime:2.6529635 AccTime:29.6092097
#IT 11 KerTime:2.6321241 AccTime:32.2413338
#IT 12 KerTime:2.6889971 AccTime:34.9303309
#IT 13 KerTime:2.5984247 AccTime:37.5287556
#IT 14 KerTime:2.6016033 AccTime:40.1303589
#IT 15 KerTime:2.7156541 AccTime:42.8460130
#IT 16 KerTime:2.6985403 AccTime:45.5445533
#IT 17 KerTime:2.7515438 AccTime:48.2960971
#IT 18 KerTime:2.7009326 AccTime:50.9970297
#IT 19 KerTime:2.6892139 AccTime:53.6862437
#IT 20 KerTime:2.6903574 AccTime:56.3766010
#IT 21 KerTime:2.6751301 AccTime:59.0517312
#IT 22 KerTime:2.6681935 AccTime:61.7199247
#IT 23 KerTime:2.6565858 AccTime:64.3765105
#IT 24 KerTime:2.6769290 AccTime:67.0534395
#IT 25 KerTime:2.6327638 AccTime:69.6862032
#IT 26 KerTime:2.6309283 AccTime:72.3171315
#IT 27 KerTime:2.6009976 AccTime:74.9181291
#IT 28 KerTime:2.6512188 AccTime:77.5693479
#IT 29 KerTime:2.6015647 AccTime:80.1709125
#IT 30 KerTime:2.7177738 AccTime:82.8886863
#IT 31 KerTime:2.7096477 AccTime:85.5983340
#IT 32 KerTime:2.7038003 AccTime:88.3021343
#IT 33 KerTime:2.6997552 AccTime:91.0018895
#ERR  p: [9, 1601], r: 2.1852194325747968e+34, e: -2.4711652601371383e+34
#SDC Ite:34 KerTime:2.6997552 AccTime:91.0018895 KerErr:1 AccErr:1
#IT 34 KerTime:2.6887900 AccTime:93.6906795
#IT 35 KerTime:2.7207358 AccTime:96.4114153
#IT 36 KerTime:2.7323281 AccTime:99.1437434
#IT 37 KerTime:2.7050223 AccTime:101.8487658
#IT 38 KerTime:2.6777993 AccTime:104.5265651
#IT 39 KerTime:2.7285803 AccTime:107.2551454
#IT 40 KerTime:2.6895393 AccTime:109.9446847
#IT 41 KerTime:2.6730946 AccTime:112.6177793
#IT 42 KerTime:2.6679250 AccTime:115.2857043
#IT 43 KerTime:2.6414766 AccTime:117.9271809
#IT 44 KerTime:2.6345406 AccTime:120.5617215
#IT 45 KerTime:2.6309617 AccTime:123.1926832
