#HEADER matrix_dim:2048 threads:4 block_size:16 block_offset:12 precision:Float
#BEGIN Y:2023 M:10 D:22 Time:18:29:35
#IT 0 KerTime:2.6307112 AccTime:2.6307112
#ERR  p: [700, 1840], r: 1.8294949483030662e+33, e: 1.6675878654150295e+33
#ERR  p: [701, 1840], r: 1.0729553136656762e+34, e: 1.0611166454819823e+34
#ERR  p: [702, 1840], r: -5.7154453673766722e+34, e: -5.7030184300863098e+34
#ERR  p: [703, 1840], r: 2.4224710124858517e+33, e: 2.4224512054452232e+33
#ERR  p: [700, 1841], r: 1.1287189417053058e+34, e: 1.0678016454881273e+34
#ERR  p: [701, 1841], r: -9.7961562505558997e+33, e: -1.0241580694031212e+34
#ERR  p: [702, 1841], r: -1.9555305521577402e+34, e: -1.9087725665219000e+34
#ERR  p: [703, 1841], r: 2.3144729996645912e+34, e: 2.3144653244363477e+34
#ERR  p: [700, 1842], r: 1.8162861280838912e+33, e: 2.6883975545998916e+33
#ERR  p: [701, 1842], r: 1.6186870674681883e+33, e: 2.2563735025648341e+33
#ERR  p: [702, 1842], r: -1.7671839172926582e+34, e: -1.8341241631829719e+34
#ERR  p: [703, 1842], r: 1.0338130113575157e+33, e: 1.0339207121409335e+33
#ERR  p: [700, 1843], r: -5.2448592974268692e+34, e: -5.2056190740616012e+34
#ERR  p: [701, 1843], r: -1.5619383486422973e+33, e: -1.2750113917018203e+33
#ERR  p: [702, 1843], r: -4.9227834470539603e+34, e: -4.9529030233857894e+34
#ERR  p: [703, 1843], r: 1.7668018889965347e+34, e: 1.7668068407566919e+34
#ERR  p: [700, 1844], r: -1.1717473853847910e+34, e: -1.1638558890163585e+34
#ERR  p: [701, 1844], r: 1.2595339225666509e+34, e: 1.2653042086777679e+34
#ERR  p: [702, 1844], r: -2.5979238828717569e+34, e: -2.6039813710719881e+34
#ERR  p: [703, 1844], r: -1.0740900095056852e+34, e: -1.0740890191536538e+34
#ERR  p: [700, 1845], r: -3.6143533688156155e+34, e: -3.5317862344273907e+34
#ERR  p: [701, 1845], r: -2.0582913358488000e+34, e: -1.9979184856608992e+34
#ERR  p: [702, 1845], r: -1.3971127602146434e+34, e: -1.4604881101738270e+34
#ERR  p: [703, 1845], r: -2.8348153460253837e+34, e: -2.8348051949170616e+34
#ERR  p: [700, 1846], r: 7.0890388761669444e+33, e: 6.1666324217348576e+33
#ERR  p: [701, 1846], r: 9.7546889730599574e+32, e: 3.0100635849227950e+32
#ERR  p: [702, 1846], r: 2.4497154730764405e+34, e: 2.5205162349792656e+34
#ERR  p: [703, 1846], r: -7.6096081369369379e+33, e: -7.6097220274205522e+33
#ERR  p: [700, 1847], r: -4.5268714058018986e+34, e: -4.4154974066995029e+34
#ERR  p: [701, 1847], r: 1.4946373051275339e+34, e: 1.5760738288778794e+34
#ERR  p: [702, 1847], r: -2.5878668579926025e+34, e: -2.6733535501694780e+34
#ERR  p: [703, 1847], r: -7.3108381171256274e+33, e: -7.3107007057812668e+33
#ERR  p: [700, 1848], r: -1.0352869646652908e+34, e: -1.0095326124999899e+34
#ERR  p: [701, 1848], r: 2.0885286402783651e+34, e: 2.1073601841559743e+34
#ERR  p: [702, 1848], r: -1.9237677342177638e+34, e: -1.9435359035290963e+34
#ERR  p: [703, 1848], r: 7.5344955060832778e+33, e: 7.5345276925242992e+33
#ERR  p: [700, 1849], r: 8.5678232449453937e+33, e: 8.1484784842777068e+33
#ERR  p: [701, 1849], r: 1.1193368417355698e+34, e: 1.0886745524905180e+34
#ERR  p: [702, 1849], r: -1.6858513495571117e+33, e: -1.3639770358225985e+33
#ERR  p: [703, 1849], r: 4.9345547712995172e+34, e: 4.9345493243633443e+34
#ERR  p: [700, 1850], r: -9.9777447231585150e+33, e: -1.0619797372773720e+34
#ERR  p: [701, 1850], r: 5.1184723042920440e+33, e: 4.6490033514336921e+33
#ERR  p: [702, 1850], r: -4.1183294050930317e+34, e: -4.0690480024811121e+34
#ERR  p: [703, 1850], r: 2.1415216037675691e+33, e: 2.1414423756050548e+33
#ERR  p: [700, 1851], r: 2.7708801995804352e+34, e: 2.8117723301341256e+34
#ERR  p: [701, 1851], r: 3.3815334904511983e+34, e: 3.4114339513960738e+34
#ERR  p: [702, 1851], r: -2.5021669925409620e+34, e: -2.5335547146490350e+34
#ERR  p: [703, 1851], r: 1.7073735561101076e+33, e: 1.7074236926816987e+33
#ERR  p: [700, 1852], r: 9.4245718355738625e+33, e: 8.3941538747740869e+33
#ERR  p: [701, 1852], r: -3.0737397543115250e+34, e: -3.1490837561585275e+34
#ERR  p: [702, 1852], r: -5.7801883934912583e+33, e: -4.9892740731220056e+33
#ERR  p: [703, 1852], r: 8.6176620919570034e+33, e: 8.6175345841329570e+33
#ERR  p: [700, 1853], r: 2.6641311444648098e+34, e: 2.6930813626355298e+34
#ERR  p: [701, 1853], r: -5.3506659087905867e+33, e: -5.1389821853779143e+33
#ERR  p: [702, 1853], r: -2.0020290655613463e+34, e: -2.0242503368545267e+34
#ERR  p: [703, 1853], r: -3.3123066455143206e+34, e: -3.3123031792822106e+34
#ERR  p: [700, 1854], r: -2.4404816783234108e+34, e: -2.4451081078382281e+34
#ERR  p: [701, 1854], r: 9.7181592194107047e+33, e: 9.6843312698971924e+33
#ERR  p: [702, 1854], r: 1.5272192679915054e+34, e: 1.5307704227881995e+34
#ERR  p: [703, 1854], r: -3.9837164241911591e+33, e: -3.9837223044063457e+33
#ERR  p: [700, 1855], r: 3.4418100289040428e+33, e: 2.5910598767359313e+33
#ERR  p: [701, 1855], r: -1.2177923175580029e+34, e: -1.2799990521201011e+34
#ERR  p: [702, 1855], r: 1.8337308696324910e+34, e: 1.8990314639407712e+34
#ERR  p: [703, 1855], r: -2.2238124608875264e+34, e: -2.2238228595838564e+34
#SDC Ite:1 KerTime:2.6307112 AccTime:2.6307112 KerErr:64 AccErr:64
