#HEADER matrix_dim:2048 threads:4 block_size:16 block_offset:12 precision:Float
#BEGIN Y:2023 M:10 D:22 Time:10:51:35
#IT 0 KerTime:2.6582520 AccTime:2.6582520
#IT 1 KerTime:2.6877533 AccTime:5.3460053
#IT 2 KerTime:2.6760877 AccTime:8.0220930
#ERR  p: [1276, 880], r: 1.1311498845604505e+34, e: 1.0873992266620462e+34
#ERR  p: [1405, 880], r: -1.2061434255823314e+34, e: -1.2071242454754572e+34
#SDC Ite:3 KerTime:2.6760877 AccTime:8.0220930 KerErr:2 AccErr:2
#IT 3 KerTime:2.6444529 AccTime:10.6665459
#IT 4 KerTime:2.6819690 AccTime:13.3485149
#IT 5 KerTime:2.6338677 AccTime:15.9823826
#IT 6 KerTime:2.6759531 AccTime:18.6583357
#ERR  p: [1416, 1778], r: -6.8734485234752972e+33, e: -5.2344771894933984e+33
#ERR  p: [1417, 1778], r: -4.8233046899950540e+33, e: -5.7319025422589320e+33
#SDC Ite:7 KerTime:2.6759531 AccTime:18.6583357 KerErr:2 AccErr:4
#IT 7 KerTime:2.6462353 AccTime:21.3045710
#IT 8 KerTime:2.6871570 AccTime:23.9917280
#ERR  p: [1565, 1776], r: 2.0667219551043413e+34, e: 1.7708768162238504e+34
#ERR  p: [1709, 1776], r: 4.6127690940718168e+34, e: 4.9281674958728203e+34
#ERR  p: [1836, 1776], r: -1.3003705934065813e+34, e: -1.2282531584779722e+34
#ERR  p: [1704, 1778], r: 4.2093563741217250e+33, e: 3.4884506578241588e+33
#SDC Ite:9 KerTime:2.6871570 AccTime:23.9917280 KerErr:4 AccErr:8
#IT 9 KerTime:2.5922483 AccTime:26.5839763
#IT 10 KerTime:2.7115478 AccTime:29.2955240
#IT 11 KerTime:2.6538657 AccTime:31.9493898
#ERR  p: [1549, 1008], r: -2.2354591245711272e+33, e: -6.7428922720821628e+32
#SDC Ite:12 KerTime:2.6538657 AccTime:31.9493898 KerErr:1 AccErr:9
#IT 12 KerTime:2.5914902 AccTime:34.5408800
#IT 13 KerTime:2.6318373 AccTime:37.1727173
#ERR  p: [1886, 892], r: 2.9056203169243425e+34, e: 1.8707877381504713e+34
#ERR  p: [1309, 2000], r: -1.6790204273688359e+34, e: -1.6685048694991302e+34
#ERR  p: [1310, 2000], r: 2.3955343037890294e+34, e: 2.6981026950228792e+34
#SDC Ite:14 KerTime:2.6318373 AccTime:37.1727173 KerErr:3 AccErr:12
#IT 14 KerTime:2.6228930 AccTime:39.7956103
#IT 15 KerTime:2.6149317 AccTime:42.4105419
#IT 16 KerTime:2.5899143 AccTime:45.0004562
#IT 17 KerTime:2.5917715 AccTime:47.5922277
#IT 18 KerTime:2.7139226 AccTime:50.3061504
#IT 19 KerTime:2.6360844 AccTime:52.9422347
#IT 20 KerTime:2.7071471 AccTime:55.6493819
#IT 21 KerTime:2.6342580 AccTime:58.2836398
#IT 22 KerTime:2.6254614 AccTime:60.9091012
#IT 23 KerTime:2.6298640 AccTime:63.5389652
#IT 24 KerTime:2.6213914 AccTime:66.1603565
#IT 25 KerTime:2.6662138 AccTime:68.8265703
#IT 26 KerTime:2.6288608 AccTime:71.4554311
#IT 27 KerTime:2.6229228 AccTime:74.0783539
#IT 28 KerTime:2.6211587 AccTime:76.6995127
