#HEADER matrix_dim:2048 threads:4 block_size:16 block_offset:12 precision:Float
#BEGIN Y:2023 M:10 D:24 Time:12:44:21
#IT 0 KerTime:2.6305430 AccTime:2.6305430
#IT 1 KerTime:2.6542256 AccTime:5.2847686
#IT 2 KerTime:2.6335755 AccTime:7.9183441
#IT 3 KerTime:2.6361109 AccTime:10.5544551
#IT 4 KerTime:2.6487767 AccTime:13.2032318
#IT 5 KerTime:2.6307911 AccTime:15.8340228
#IT 6 KerTime:2.6268435 AccTime:18.4608664
#IT 7 KerTime:2.6281897 AccTime:21.0890561
#ERR  p: [1305, 895], r: -7.2574996136229579e+33, e: -7.7348344374909291e+33
#ERR  p: [1494, 895], r: -4.4751229124856872e+33, e: -6.0697438066201480e+33
#ERR  p: [1527, 895], r: -3.3616153447041064e+33, e: 5.5869688552495372e+32
#ERR  p: [1622, 895], r: -8.8608578885546950e+33, e: -6.9267585543570632e+33
#ERR  p: [1704, 895], r: -7.2781667130938175e+32, e: 1.1350402968249107e+33
#ERR  p: [1686, 927], r: 2.7743768231183988e+33, e: 1.3686711497090638e+33
#SDC Ite:8 KerTime:2.6281897 AccTime:21.0890561 KerErr:6 AccErr:6
#IT 8 KerTime:2.6688830 AccTime:23.7579391
#ERR  p: [57, 1982], r: -1.6216690174348189e+34, e: 2.6895173332624272e+34
#ERR  p: [58, 1982], r: -3.7852197951499723e+34, e: -3.3645093390309458e+34
#SDC Ite:9 KerTime:2.6688830 AccTime:23.7579391 KerErr:2 AccErr:8
