#HEADER matrix_dim:2048 threads:4 block_size:16 block_offset:12 precision:Float
#BEGIN Y:2023 M:10 D:23 Time:00:52:18
#IT 0 KerTime:2.6425483 AccTime:2.6425483
#IT 1 KerTime:2.6804960 AccTime:5.3230443
#IT 2 KerTime:2.6288355 AccTime:7.9518798
#IT 3 KerTime:2.6672169 AccTime:10.6190967
#IT 4 KerTime:2.6269677 AccTime:13.2460644
#IT 5 KerTime:2.6391911 AccTime:15.8852555
#IT 6 KerTime:2.6436020 AccTime:18.5288575
#IT 7 KerTime:2.6441796 AccTime:21.1730371
#ERR  p: [1087, 1791], r: -3.5444801334872249e+33, e: -3.9929833338402396e+33
#SDC Ite:8 KerTime:2.6441796 AccTime:21.1730371 KerErr:1 AccErr:1
#IT 8 KerTime:2.6419659 AccTime:23.8150029
#IT 9 KerTime:2.6571132 AccTime:26.4721162
#IT 10 KerTime:2.6214318 AccTime:29.0935480
#IT 11 KerTime:2.6224568 AccTime:31.7160047
#IT 12 KerTime:2.5983774 AccTime:34.3143821
#IT 13 KerTime:2.6428667 AccTime:36.9572488
#IT 14 KerTime:2.7371727 AccTime:39.6944215
#IT 15 KerTime:2.6524555 AccTime:42.3468770
#IT 16 KerTime:2.6848729 AccTime:45.0317500
#IT 17 KerTime:2.6657151 AccTime:47.6974651
#IT 18 KerTime:2.6584953 AccTime:50.3559604
#IT 19 KerTime:2.6866735 AccTime:53.0426339
#IT 20 KerTime:2.6273864 AccTime:55.6700203
#IT 21 KerTime:2.6490769 AccTime:58.3190971
#IT 22 KerTime:2.6242341 AccTime:60.9433312
#IT 23 KerTime:2.6395909 AccTime:63.5829221
#IT 24 KerTime:2.6282064 AccTime:66.2111285
#IT 25 KerTime:2.6244423 AccTime:68.8355709
#IT 26 KerTime:2.5958287 AccTime:71.4313996
#ERR  p: [1040, 544], r: 2.5157103041587519e+34, e: 2.5167075886544002e+34
#ERR  p: [1041, 544], r: 5.4522271285835789e+33, e: 5.4607515836940981e+33
#ERR  p: [1042, 544], r: -4.8605021885014972e+34, e: -4.8612924894225769e+34
#ERR  p: [1043, 544], r: -4.3380786173466581e+33, e: -4.3379993891841438e+33
#ERR  p: [1040, 545], r: 3.5188591693611570e+34, e: 3.5233533868797786e+34
#ERR  p: [1041, 545], r: -1.4911502756248748e+34, e: -1.4873069669789094e+34
#ERR  p: [1042, 545], r: 2.8801789160009729e+34, e: 2.8766176100959567e+34
#ERR  p: [1043, 545], r: 4.3847697542203769e+34, e: 4.3848049117174926e+34
#ERR  p: [1040, 546], r: 2.4439397400291506e+34, e: 2.3817825230686238e+34
#ERR  p: [1041, 546], r: -1.8020460419149895e+34, e: -1.8552007113218252e+34
#ERR  p: [1042, 546], r: -4.4416486424413987e+34, e: -4.3923915034542492e+34
#ERR  p: [1043, 546], r: -7.4703457008355173e+34, e: -7.4708369154431057e+34
#ERR  p: [1040, 547], r: 1.6928178880766911e+34, e: 1.6597798681022468e+34
#ERR  p: [1041, 547], r: -6.9228013242789826e+32, e: -9.7480837892378453e+32
#ERR  p: [1042, 547], r: 2.4013179596525707e+34, e: 2.4274989059554093e+34
#ERR  p: [1043, 547], r: 5.0798384239580180e+34, e: 5.0795769710217209e+34
#ERR  p: [1040, 548], r: -2.5392252227929856e+34, e: -2.4702556217962714e+34
#ERR  p: [1041, 548], r: 3.8596353419675108e+34, e: 3.9186162523752391e+34
#ERR  p: [1042, 548], r: 3.4854687078575282e+34, e: 3.4308131599470629e+34
#ERR  p: [1043, 548], r: 1.3114928656895408e+34, e: 1.3120380544828421e+34
#ERR  p: [1040, 549], r: 1.0063138446038440e+34, e: 9.1253790592391361e+33
#ERR  p: [1041, 549], r: 3.7036461076432739e+33, e: 2.9017122640143224e+33
#ERR  p: [1042, 549], r: 2.0860284965750243e+34, e: 2.1603415419573100e+34
#ERR  p: [1043, 549], r: 4.9709858611276388e+34, e: 4.9702445826321147e+34
#ERR  p: [1040, 550], r: 1.3667967537470808e+33, e: 2.3708354502497242e+33
#ERR  p: [1041, 550], r: -3.0184404775806313e+34, e: -2.9325784419838445e+34
#ERR  p: [1042, 550], r: 3.7908769335414986e+33, e: 2.9952287304620186e+33
#ERR  p: [1043, 550], r: -3.9115443961068175e+34, e: -3.9107511241296434e+34
#ERR  p: [1040, 551], r: 3.4283910064661971e+34, e: 3.3843965981740576e+34
#ERR  p: [1041, 551], r: 1.5179801500963069e+34, e: 1.4803572953923652e+34
#ERR  p: [1042, 551], r: -9.4209620024193063e+33, e: -9.0723234250354433e+33
#ERR  p: [1043, 551], r: -1.4441980571968707e+34, e: -1.4445459183479099e+34
#ERR  p: [1040, 552], r: -1.6775478976921059e+34, e: -1.5751120732613586e+34
#ERR  p: [1041, 552], r: -1.6528932076637022e+34, e: -1.5652938470157823e+34
#ERR  p: [1042, 552], r: 3.8274073061607709e+33, e: 3.0156621687504631e+33
#ERR  p: [1043, 552], r: -7.6290140849927755e+33, e: -7.6209154812557706e+33
#ERR  p: [1040, 553], r: 2.6008634952890440e+34, e: 2.5586700421660568e+34
#ERR  p: [1041, 553], r: 9.9186962212246417e+33, e: 9.5578664103338962e+33
#ERR  p: [1042, 553], r: -2.7299719758062341e+34, e: -2.6965354629331439e+34
#ERR  p: [1043, 553], r: 2.4531250075326403e+34, e: 2.4527917540740646e+34
#ERR  p: [1040, 554], r: 1.0379851787749173e+33, e: 3.0105185278872324e+32
#ERR  p: [1041, 554], r: -2.5833738784140201e+34, e: -2.6463944347579445e+34
#ERR  p: [1042, 554], r: -2.4745530068486466e+34, e: -2.4161544234353981e+34
#ERR  p: [1043, 554], r: 3.1050532000172408e+33, e: 3.0992274541923638e+33
#ERR  p: [1040, 555], r: 2.1019243894434722e+34, e: 2.1206484801256714e+34
#ERR  p: [1041, 555], r: 1.6446747713308945e+34, e: 1.6606872781510430e+34
#ERR  p: [1042, 555], r: -1.5716243009946760e+34, e: -1.5864624978935584e+34
#ERR  p: [1043, 555], r: -3.5885356341203032e+34, e: -3.5883875764916047e+34
#ERR  p: [1040, 556], r: 4.4936093805773456e+33, e: 3.7120408885346779e+33
#ERR  p: [1041, 556], r: -3.4863228864846351e+34, e: -3.5531602595576842e+34
#ERR  p: [1042, 556], r: -3.4891077563970115e+34, e: -3.4271721307035167e+34
#ERR  p: [1043, 556], r: 1.4847773603026337e+34, e: 1.4841596282230303e+34
#ERR  p: [1040, 557], r: -1.7613586666437969e+34, e: -1.8171333123497761e+34
#ERR  p: [1041, 557], r: 1.6998752604466531e+34, e: 1.6521789162610346e+34
#ERR  p: [1042, 557], r: 6.1547506732377965e+33, e: 6.5967348813439344e+33
#ERR  p: [1043, 557], r: -7.1748305967694999e+34, e: -7.1752722937755169e+34
#ERR  p: [1040, 558], r: 3.1586512995461485e+34, e: 3.2686090952436017e+34
#ERR  p: [1041, 558], r: -2.9401766084599683e+33, e: -1.9998546857793435e+33
#ERR  p: [1042, 558], r: 4.0097301247946903e+34, e: 3.9225930109574395e+34
#ERR  p: [1043, 558], r: 1.2952309139514762e+34, e: 1.2961001954470624e+34
#ERR  p: [1040, 559], r: -5.9798353164169491e+33, e: -5.8017155518044114e+33
#ERR  p: [1041, 559], r: -2.0889948484971599e+34, e: -2.0737627390777769e+34
#ERR  p: [1042, 559], r: -2.5518187868126358e+34, e: -2.5659342743165834e+34
#ERR  p: [1043, 559], r: -5.2343788970542791e+34, e: -5.2342382670658163e+34
#SDC Ite:27 KerTime:2.5958287 AccTime:71.4313996 KerErr:64 AccErr:65
#IT 27 KerTime:2.6542510 AccTime:74.0856506
#IT 28 KerTime:2.6283608 AccTime:76.7140114
#IT 29 KerTime:2.6565560 AccTime:79.3705674
