#HEADER matrix_dim:2048 threads:4 block_size:16 block_offset:12 precision:Float
#BEGIN Y:2023 M:10 D:19 Time:05:29:19
#IT 0 KerTime:2.6707283 AccTime:2.6707283
#IT 1 KerTime:2.7214300 AccTime:5.3921583
#IT 2 KerTime:2.6426502 AccTime:8.0348085
#IT 3 KerTime:2.6487776 AccTime:10.6835861
#IT 4 KerTime:2.6407616 AccTime:13.3243478
#IT 5 KerTime:2.6376891 AccTime:15.9620368
#IT 6 KerTime:2.6294369 AccTime:18.5914737
#IT 7 KerTime:2.6360966 AccTime:21.2275704
#IT 8 KerTime:2.6263871 AccTime:23.8539575
#IT 9 KerTime:2.6127780 AccTime:26.4667355
#IT 10 KerTime:2.6159865 AccTime:29.0827220
#IT 11 KerTime:2.5904809 AccTime:31.6732029
#IT 12 KerTime:2.7111890 AccTime:34.3843920
#IT 13 KerTime:2.6474433 AccTime:37.0318353
#IT 14 KerTime:2.6521143 AccTime:39.6839496
#IT 15 KerTime:2.6540286 AccTime:42.3379782
#IT 16 KerTime:2.7040588 AccTime:45.0420370
#IT 17 KerTime:2.6675576 AccTime:47.7095946
#IT 18 KerTime:2.6670990 AccTime:50.3766936
#IT 19 KerTime:2.6433212 AccTime:53.0200149
#IT 20 KerTime:2.6239274 AccTime:55.6439423
#IT 21 KerTime:2.6315423 AccTime:58.2754846
#IT 22 KerTime:2.6136090 AccTime:60.8890936
#IT 23 KerTime:2.5977738 AccTime:63.4868674
#IT 24 KerTime:2.5903955 AccTime:66.0772629
#IT 25 KerTime:2.6778312 AccTime:68.7550940
#IT 26 KerTime:2.6504640 AccTime:71.4055580
#ERR  p: [174, 2032], r: 4.4961754445877783e+34, e: 3.3728716239963185e+33
#SDC Ite:27 KerTime:2.6504640 AccTime:71.4055580 KerErr:1 AccErr:1
