#HEADER matrix_dim:2048 threads:4 block_size:16 block_offset:12 precision:Float
#BEGIN Y:2023 M:10 D:22 Time:03:09:39
#IT 0 KerTime:2.6548485 AccTime:2.6548485
#ERR  p: [480, 16], r: 6.9444468606083924e+33, e: 5.1687168861515295e+33
#ERR  p: [481, 16], r: 4.8606715386988714e+34, e: 4.8513879787562625e+34
#ERR  p: [482, 16], r: 1.0149497762149008e+34, e: 9.1347248875657211e+33
#ERR  p: [483, 16], r: -1.6998803360008142e+34, e: -1.6671816353911380e+34
#ERR  p: [484, 16], r: 2.7184004550830180e+34, e: 2.3576231328499382e+34
#ERR  p: [485, 16], r: -1.4510136598771603e+34, e: -1.1716587488779782e+34
#ERR  p: [486, 16], r: 3.6747824214812999e+34, e: 3.6392020440481752e+34
#ERR  p: [487, 16], r: -4.1101670474440035e+33, e: -4.3648311205656348e+33
#ERR  p: [488, 16], r: 9.2312198377479379e+32, e: 2.8840493355337986e+33
#ERR  p: [489, 16], r: 1.6230852208397614e+34, e: 1.7011653177615924e+34
#ERR  p: [490, 16], r: -2.5922924936330477e+34, e: -2.7420431291293059e+34
#ERR  p: [491, 16], r: -2.3270895893689721e+34, e: -2.1414087345844872e+34
#ERR  p: [492, 16], r: -2.4754986382961557e+33, e: -2.8905126204789076e+33
#ERR  p: [493, 16], r: -2.5844478842436031e+33, e: -2.8804295988589282e+33
#ERR  p: [494, 16], r: -4.3604432420963878e+33, e: -6.2273323356811376e+33
#ERR  p: [495, 16], r: 9.7344028496361878e+33, e: 9.3071724109182531e+33
#ERR  p: [480, 17], r: 3.6856405792568779e+33, e: 5.6468702978704782e+33
#ERR  p: [481, 17], r: -2.1167908113752503e+34, e: -2.3666675227769572e+34
#ERR  p: [482, 17], r: -3.0206004353611764e+34, e: -2.8646655466046642e+34
#ERR  p: [483, 17], r: -3.7214413719139973e+34, e: -3.8026789587000297e+34
#ERR  p: [484, 17], r: 3.9178778211418054e+33, e: 4.9605699574310955e+33
#ERR  p: [485, 17], r: 9.3046860083493484e+33, e: 1.1749702384830666e+34
#ERR  p: [486, 17], r: -2.1124959022029536e+34, e: -1.9559939131144447e+34
#ERR  p: [487, 17], r: -1.9686596490383853e+34, e: -2.0147627643934435e+34
#ERR  p: [488, 17], r: -2.1570892258860994e+34, e: -2.0553981461829861e+34
#ERR  p: [489, 17], r: -6.0588850917715524e+34, e: -6.1848024104554727e+34
#ERR  p: [490, 17], r: 3.6698905776220598e+34, e: 3.4289706099925905e+34
#ERR  p: [491, 17], r: 1.4568347015298880e+34, e: 1.5584720546352963e+34
#ERR  p: [492, 17], r: 1.3834518442931214e+34, e: 1.1663830198125557e+34
#ERR  p: [493, 17], r: 9.6620644424105663e+33, e: 8.0720678732928560e+33
#ERR  p: [494, 17], r: 8.5957307462210236e+33, e: 7.3412951559121657e+33
#ERR  p: [495, 17], r: -1.7990647109183785e+34, e: -1.6212747335323065e+34
#ERR  p: [480, 18], r: 3.4544376362747733e+32, e: -9.7794477738456650e+31
#ERR  p: [481, 18], r: -9.1762119721022920e+33, e: -7.5978774171246696e+33
#ERR  p: [482, 18], r: -1.4359624134975168e+34, e: -1.6016011428399754e+34
#ERR  p: [483, 18], r: 1.0736166521831635e+33, e: 2.7836969641891686e+33
#ERR  p: [484, 18], r: -3.6226686120594954e+34, e: -3.4292984165149933e+34
#ERR  p: [485, 18], r: 2.3229885416068275e+34, e: 2.0635600086559986e+34
#ERR  p: [486, 18], r: 4.8843233735014500e+32, e: -2.9579958268704519e+31
#ERR  p: [487, 18], r: -4.3590666527727024e+34, e: -4.4490490479962467e+34
#ERR  p: [488, 18], r: 1.1138755454582584e+34, e: 1.1497871956458958e+34
#ERR  p: [489, 18], r: -6.0980035018369547e+34, e: -6.0582913757287111e+34
#ERR  p: [490, 18], r: -4.3849158311450126e+34, e: -4.5613341709675564e+34
#ERR  p: [491, 18], r: -4.0419079621328371e+33, e: -4.7124301378015080e+33
#ERR  p: [492, 18], r: -2.7502647841062158e+34, e: -3.2292624090349551e+34
#ERR  p: [493, 18], r: -4.3360370066338687e+34, e: -4.6194123754986379e+34
#ERR  p: [494, 18], r: -1.0437598595731737e+34, e: -9.1561870540268117e+33
#ERR  p: [495, 18], r: -3.0490302235393809e+33, e: -2.8521210050105697e+32
#ERR  p: [480, 19], r: 2.4454695863296995e+34, e: 2.5004643298109289e+34
#ERR  p: [481, 19], r: -4.1594418889737149e+34, e: -4.3297512422903932e+34
#ERR  p: [482, 19], r: 1.6004347557349607e+34, e: 1.7027388633455281e+34
#ERR  p: [483, 19], r: -3.6576631962660303e+34, e: -3.8242314947839882e+34
#ERR  p: [484, 19], r: 7.2719513256415754e+33, e: 5.3389673754193398e+33
#ERR  p: [485, 19], r: 2.5973254626567664e+34, e: 3.0472359532464407e+34
#ERR  p: [486, 19], r: 2.5448615637918519e+34, e: 2.5906237504600910e+34
#ERR  p: [487, 19], r: -3.5206992434355508e+34, e: -3.4679600267058993e+34
#ERR  p: [488, 19], r: 7.5148506355998581e+33, e: 7.6275155585752206e+33
#ERR  p: [489, 19], r: 3.6258481372563960e+34, e: 3.7599843874491398e+34
#ERR  p: [490, 19], r: 7.6302452163618448e+33, e: 6.1022929640730785e+33
#ERR  p: [491, 19], r: 1.3521860592789180e+34, e: 1.3139339596530076e+34
#ERR  p: [492, 19], r: -2.6404906987105926e+34, e: -2.2996100439649231e+34
#ERR  p: [493, 19], r: 3.1461162900903565e+33, e: -4.6700669012021328e+32
#ERR  p: [494, 19], r: -2.9406285184713094e+34, e: -3.1561449661426113e+34
#ERR  p: [495, 19], r: -6.4657100696459305e+33, e: -8.4103275613873504e+33
#ERR  p: [480, 20], r: -2.3034833107598392e+34, e: -2.4906028994579816e+34
#ERR  p: [481, 20], r: -2.1510074740610982e+33, e: -3.6882665595652120e+33
#ERR  p: [482, 20], r: 1.6286091568830606e+33, e: 1.5778115253110243e+33
#ERR  p: [483, 20], r: -1.8279552603792050e+34, e: -1.8835548613636293e+34
#ERR  p: [484, 20], r: 3.7323044195527305e+33, e: 2.9368654283398897e+33
#ERR  p: [485, 20], r: -1.2792978828818498e+34, e: -1.1443470681432562e+34
#ERR  p: [486, 20], r: 1.2598063931692976e+34, e: 1.4070774347668671e+34
#ERR  p: [487, 20], r: -2.5155468960735663e+34, e: -2.5346676227443525e+34
#ERR  p: [488, 20], r: 1.8277237655918586e+34, e: 2.1567168535222824e+34
#ERR  p: [489, 20], r: -8.3014283282174902e+34, e: -8.0996807448391360e+34
#ERR  p: [490, 20], r: 8.2590791422375609e+33, e: 5.3453223406110113e+33
#ERR  p: [491, 20], r: 3.6961995269249606e+34, e: 3.5222813308057575e+34
#ERR  p: [492, 20], r: 2.2887835155573489e+34, e: 2.0968787934313528e+34
#ERR  p: [493, 20], r: 7.5238058938440486e+33, e: 5.3241981317806456e+33
#ERR  p: [494, 20], r: 3.9207306539623386e+34, e: 3.8976405963495877e+34
#ERR  p: [495, 20], r: 5.3353748734253337e+33, e: 7.4705230976431469e+33
#ERR  p: [480, 21], r: -3.2293194780707662e+33, e: -4.7314557287802752e+33
#ERR  p: [481, 21], r: 3.1057578354876020e+34, e: 3.1709054204070266e+34
#ERR  p: [482, 21], r: -4.0820592474700172e+34, e: -3.9981885622204248e+34
#ERR  p: [483, 21], r: -1.1921857754333926e+32, e: 4.9344710865528615e+33
#ERR  p: [484, 21], r: -5.4659274109983502e+33, e: -5.4693218425860707e+33
#ERR  p: [485, 21], r: -1.2415308081633314e+34, e: -1.4369341964283559e+34
#ERR  p: [486, 21], r: -2.3553280848626060e+33, e: -4.5138103956234143e+33
#ERR  p: [487, 21], r: -1.6987741127817088e+34, e: -1.8154301544437273e+34
#ERR  p: [488, 21], r: -1.7078365766333013e+34, e: -1.7986018451376897e+34
#ERR  p: [489, 21], r: 7.1660387466104951e+33, e: 5.4134214221721001e+33
#ERR  p: [490, 21], r: -5.6496810407296756e+34, e: -5.1537434443033552e+34
#ERR  p: [491, 21], r: 1.1626267383513520e+34, e: 1.4488726425792162e+34
#ERR  p: [492, 21], r: -9.0213184385068267e+33, e: -1.1216845950200745e+34
#ERR  p: [493, 21], r: 1.2781480841733616e+34, e: 1.8378764832360498e+34
#ERR  p: [494, 21], r: -7.2408301320239606e+33, e: -4.4887885325793585e+33
#ERR  p: [495, 21], r: 5.3460316802535219e+33, e: 3.7497250212705642e+33
#ERR  p: [480, 22], r: -7.4298957624638596e+33, e: -8.7326865286472438e+33
#ERR  p: [481, 22], r: 1.0846800913657559e+34, e: 1.0636427859261480e+34
#ERR  p: [482, 22], r: -2.2617652266119376e+34, e: -2.3614174190703479e+34
#ERR  p: [483, 22], r: 7.7498172257864001e+33, e: 4.6467004734756114e+33
#ERR  p: [484, 22], r: -5.2071551100623465e+34, e: -5.2050476409394670e+34
#ERR  p: [485, 22], r: 3.1533444981857399e+34, e: 3.2790612705832960e+34
#ERR  p: [486, 22], r: 6.3817969230529906e+33, e: 6.6064756125430514e+33
#ERR  p: [487, 22], r: 3.3080483793671867e+34, e: 3.1059816550467048e+34
#ERR  p: [488, 22], r: 1.2755293458142573e+34, e: 1.7532353041060062e+34
#ERR  p: [489, 22], r: -2.5086978690122160e+33, e: -1.6779587080941428e+33
#ERR  p: [490, 22], r: -3.6037241680503034e+34, e: -3.8071291055532528e+34
#ERR  p: [491, 22], r: -2.5687701473585783e+34, e: -2.6945012798605901e+34
#ERR  p: [492, 22], r: -1.6309015742478092e+34, e: -1.7193796247356139e+34
#ERR  p: [493, 22], r: -3.6113846029104033e+33, e: -5.3047884699046901e+33
#ERR  p: [494, 22], r: 5.8521114718336996e+33, e: 4.3801014204352298e+33
#ERR  p: [495, 22], r: -1.4412204400203776e+34, e: -1.3550859338209440e+34
#ERR  p: [480, 23], r: -1.3098372446810005e+34, e: -1.4976404238688363e+34
#ERR  p: [481, 23], r: -2.6163516107085512e+34, e: -2.7372104588039436e+34
#ERR  p: [482, 23], r: -1.5168174768114100e+34, e: -1.7321066386914991e+34
#ERR  p: [483, 23], r: -5.7265168841180210e+33, e: -6.2860855889156414e+33
#ERR  p: [484, 23], r: 4.1481481619953144e+34, e: 4.0916956203238224e+34
#ERR  p: [485, 23], r: -3.9815521955174784e+33, e: -2.9915350268698009e+33
#ERR  p: [486, 23], r: 8.0243508555085814e+33, e: 6.7680979692220525e+33
#ERR  p: [487, 23], r: 1.3751250882068761e+34, e: 1.3111456235085212e+34
#ERR  p: [488, 23], r: 6.0147173718739129e+33, e: 9.3631322524541094e+33
#ERR  p: [489, 23], r: 1.1971200806359802e+34, e: 1.3045664673757352e+34
#ERR  p: [490, 23], r: -9.7671550292555611e+33, e: -1.1939935392727611e+34
#ERR  p: [491, 23], r: 4.2880594024713245e+34, e: 4.0592890735634176e+34
#ERR  p: [492, 23], r: -7.7612318995066388e+34, e: -7.7779688488377771e+34
#ERR  p: [493, 23], r: -5.2600498120609322e+34, e: -5.3440792012235610e+34
#ERR  p: [494, 23], r: 2.3968415684705147e+34, e: 2.4053588435288060e+34
#ERR  p: [495, 23], r: 1.3916968963367738e+34, e: 1.5963010263557789e+34
#ERR  p: [480, 24], r: -2.1475554782615509e+33, e: -2.1862652443199851e+33
#ERR  p: [481, 24], r: -5.5685682382996032e+34, e: -5.6906509139178332e+34
#ERR  p: [482, 24], r: -5.1996217497472792e+33, e: -2.8859217198432178e+33
#ERR  p: [483, 24], r: -4.3097248386868658e+33, e: -4.5977656321776898e+33
#ERR  p: [484, 24], r: 2.6546829384969759e+34, e: 2.8492638393998991e+34
#ERR  p: [485, 24], r: 5.0503651761206999e+32, e: 3.1023631563118737e+33
#ERR  p: [486, 24], r: 1.4491335384424956e+33, e: 2.0244217606014667e+33
#ERR  p: [487, 24], r: 2.7922406073702966e+34, e: 2.8787109667023883e+34
#ERR  p: [488, 24], r: -1.3418460413067830e+34, e: -1.1089808543369279e+34
#ERR  p: [489, 24], r: 8.7988909429782063e+31, e: -5.3725746621208495e+32
#ERR  p: [490, 24], r: -1.4180967104385581e+34, e: -1.3605864727975008e+34
#ERR  p: [491, 24], r: -1.5557792874618427e+34, e: -1.4467516799099086e+34
#ERR  p: [492, 24], r: -1.2003964127439529e+33, e: -1.4326983369959331e+33
#ERR  p: [493, 24], r: -4.4238858121997046e+33, e: -4.3274552348995306e+33
#ERR  p: [494, 24], r: 3.8529280590406586e+33, e: 1.0400777616688243e+33
#ERR  p: [495, 24], r: 3.8829623413037809e+34, e: 4.1015914654098619e+34
#ERR  p: [480, 25], r: -1.8844588051803155e+34, e: -1.6375099457655225e+34
#ERR  p: [481, 25], r: -3.8874959253156518e+34, e: -4.0897144210849501e+34
#ERR  p: [482, 25], r: 1.2798071714140118e+34, e: 1.1005014602438388e+34
#ERR  p: [483, 25], r: 5.3202746046201345e+34, e: 5.3956849600532428e+34
#ERR  p: [484, 25], r: 6.1597630924568630e+33, e: 2.2034984528643720e+33
#ERR  p: [485, 25], r: 3.9345668621934234e+34, e: 4.2189442197259903e+34
#ERR  p: [486, 25], r: 1.6570238421927858e+34, e: 1.8345834389375468e+34
#ERR  p: [487, 25], r: -6.3805082274720945e+33, e: -5.1266557069217400e+33
#ERR  p: [488, 25], r: -5.3651182397792239e+34, e: -5.5076724822391083e+34
#ERR  p: [489, 25], r: -2.5470858944544399e+34, e: -2.4540324175814364e+34
#ERR  p: [490, 25], r: -5.1336690086263034e+34, e: -5.5485403491680287e+34
#ERR  p: [491, 25], r: -5.6976351240314734e+33, e: -6.5364558670110114e+33
#ERR  p: [492, 25], r: -2.4619331366031616e+32, e: -1.6354492398276270e+33
#ERR  p: [493, 25], r: 3.0368790992897713e+34, e: 2.8657943003324846e+34
#ERR  p: [494, 25], r: 1.7619850643036753e+34, e: 1.5914276278031242e+34
#ERR  p: [495, 25], r: 1.4640126492596764e+34, e: 1.7118244766758553e+34
#ERR  p: [480, 26], r: 1.0600482877538285e+33, e: 5.3567924740450100e+33
#ERR  p: [481, 26], r: 1.8365487925439163e+34, e: 1.9284594031726515e+34
#ERR  p: [482, 26], r: -3.4749038799742589e+34, e: -3.6985892463767971e+34
#ERR  p: [483, 26], r: -5.0307635097446512e+34, e: -5.0698744921698178e+34
#ERR  p: [484, 26], r: 2.0963044511501264e+32, e: -2.8611644664825593e+33
#ERR  p: [485, 26], r: -8.7414251473845593e+33, e: -9.3694346051941113e+33
#ERR  p: [486, 26], r: 3.2119594735178555e+34, e: 3.1195328894807462e+34
#ERR  p: [487, 26], r: -4.9205878984972858e+33, e: -9.7227872582475731e+33
#ERR  p: [488, 26], r: -1.8054960570104739e+34, e: -2.0081550118457500e+34
#ERR  p: [489, 26], r: 1.3257468786838844e+34, e: 1.0866412359759918e+34
#ERR  p: [490, 26], r: -2.5926727888131162e+34, e: -2.2777462897550883e+34
#ERR  p: [491, 26], r: -7.4225448745105830e+33, e: -7.9408282789980360e+33
#ERR  p: [492, 26], r: -1.7029599594365444e+34, e: -1.6538739037628241e+34
#ERR  p: [493, 26], r: 6.7269463664361278e+34, e: 6.8131683949963389e+34
#ERR  p: [494, 26], r: 5.8855711341855245e+33, e: 4.9384034030876515e+33
#ERR  p: [495, 26], r: 2.0495615064857634e+34, e: 1.5981252547976699e+34
#ERR  p: [480, 27], r: 3.8843223422309398e+34, e: 4.1279130417011634e+34
#ERR  p: [481, 27], r: 3.3766012897466775e+34, e: 3.3510705095524716e+34
#ERR  p: [482, 27], r: -2.0244675953314213e+34, e: -1.8249792525247630e+34
#ERR  p: [483, 27], r: -1.1977394220376347e+34, e: -1.4138636982682257e+34
#ERR  p: [484, 27], r: 1.5450260451045942e+34, e: 1.3884334388052097e+34
#ERR  p: [485, 27], r: 3.0411414506390348e+33, e: 6.7740109898196991e+33
#ERR  p: [486, 27], r: 2.5420140541134877e+34, e: 2.5139618376472653e+34
#ERR  p: [487, 27], r: -1.2346655331389655e+33, e: -2.3536509855943842e+33
#ERR  p: [488, 27], r: 1.4455887590370039e+34, e: 1.5060184306727079e+34
#ERR  p: [489, 27], r: -1.6174793331658614e+34, e: -1.8179038062302274e+34
#ERR  p: [490, 27], r: 2.5423173803716136e+33, e: 3.7371521927465720e+33
#ERR  p: [491, 27], r: 2.4109407151659438e+34, e: 2.6635359428939213e+34
#ERR  p: [492, 27], r: 1.3597799548619063e+33, e: 2.2456482995494753e+33
#ERR  p: [493, 27], r: -2.1210230807815592e+34, e: -2.0544743953256714e+34
#ERR  p: [494, 27], r: -2.2019358321012830e+34, e: -2.4822354151444438e+34
#ERR  p: [495, 27], r: 2.9962028654789323e+34, e: 2.7204650914805381e+34
#ERR  p: [480, 28], r: 5.5486583248537725e+33, e: 6.5670651724223817e+33
#ERR  p: [481, 28], r: 3.0966344649860766e+34, e: 3.0377837858704811e+34
#ERR  p: [482, 28], r: -9.2967489557874702e+33, e: -1.3292563149012546e+34
#ERR  p: [483, 28], r: 1.3096723510677677e+34, e: 1.4678719273321486e+34
#ERR  p: [484, 28], r: -8.2762332773619384e+33, e: -1.0709581450002971e+34
#ERR  p: [485, 28], r: -3.4944442683183629e+34, e: -3.7310205519379876e+34
#ERR  p: [486, 28], r: -1.2325668843388660e+34, e: -1.2116526301391631e+34
#ERR  p: [487, 28], r: 3.1327045714987426e+34, e: 2.8632550377239025e+34
#ERR  p: [488, 28], r: -2.5718308303117075e+34, e: -2.6339920086803600e+34
#ERR  p: [489, 28], r: 5.6152846291501235e+34, e: 5.6289990240813427e+34
#ERR  p: [490, 28], r: 2.0478671379539935e+34, e: 1.8450400708613825e+34
#ERR  p: [491, 28], r: 1.3941400947983074e+34, e: 1.1331771351687843e+34
#ERR  p: [492, 28], r: -5.4894191801538492e+32, e: -3.6583922810521674e+33
#ERR  p: [493, 28], r: -5.2251988288989545e+33, e: -6.0387284568758921e+33
#ERR  p: [494, 28], r: -2.4319517762767188e+34, e: -2.2447737568087222e+34
#ERR  p: [495, 28], r: 2.1015500363755923e+34, e: 2.1992358848756016e+34
#ERR  p: [480, 29], r: 8.1312575003912079e+33, e: 6.5604892349336978e+33
#ERR  p: [481, 29], r: 1.6617732610505061e+33, e: 1.8040979894271070e+33
#ERR  p: [482, 29], r: 8.3850110686139448e+33, e: 1.0506856389169597e+34
#ERR  p: [483, 29], r: 9.7518429489096403e+33, e: 9.4635050498093877e+33
#ERR  p: [484, 29], r: -1.2203723083938775e+34, e: -8.0013722124993661e+33
#ERR  p: [485, 29], r: -1.2810748220142401e+34, e: -1.3850980569573631e+34
#ERR  p: [486, 29], r: 2.0789539168385162e+34, e: 2.0377572530351616e+34
#ERR  p: [487, 29], r: -2.6452223531287491e+34, e: -2.3551031821059689e+34
#ERR  p: [488, 29], r: -2.4095116371845927e+34, e: -2.3996474833635590e+34
#ERR  p: [489, 29], r: -4.3481049413128383e+34, e: -4.4131339315764993e+34
#ERR  p: [490, 29], r: 5.1180551184988048e+34, e: 4.9670244530019256e+34
#ERR  p: [491, 29], r: -4.0581873069284536e+34, e: -3.8590443493927559e+34
#ERR  p: [492, 29], r: 1.2343586787517277e+34, e: 1.1423252644710954e+34
#ERR  p: [493, 29], r: 2.8271366515497043e+34, e: 2.8809593134017384e+34
#ERR  p: [494, 29], r: -4.2674927618346529e+34, e: -4.0810830079550367e+34
#ERR  p: [495, 29], r: -2.7202350822212389e+34, e: -2.4815065160493126e+34
#ERR  p: [480, 30], r: -1.7641322713018158e+34, e: -1.8510861700132523e+34
#ERR  p: [481, 30], r: -4.6769696548611881e+34, e: -4.7755656368780801e+34
#ERR  p: [482, 30], r: -1.7978918865251596e+34, e: -1.8463017793494222e+34
#ERR  p: [483, 30], r: -1.4073612944178753e+34, e: -1.3613829634187770e+34
#ERR  p: [484, 30], r: 4.3821944675566516e+33, e: 5.6010974649179013e+33
#ERR  p: [485, 30], r: 1.4053788572389637e+34, e: 1.6035562215440188e+34
#ERR  p: [486, 30], r: 1.7114459146118418e+34, e: 1.5761177757492740e+34
#ERR  p: [487, 30], r: 5.8490364287761147e+33, e: 3.9859363601666076e+33
#ERR  p: [488, 30], r: 2.6260823145933500e+34, e: 2.7160652049929100e+34
#ERR  p: [489, 30], r: -1.0052907954811281e+33, e: -2.7652352162126696e+32
#ERR  p: [490, 30], r: 5.0788327214701025e+34, e: 5.0601933058865904e+34
#ERR  p: [491, 30], r: -7.2318686840795738e+33, e: -5.7949025487982043e+33
#ERR  p: [492, 30], r: -2.3983379903900029e+34, e: -2.3105794306530309e+34
#ERR  p: [493, 30], r: 5.2109278561260726e+34, e: 5.1711265983350005e+34
#ERR  p: [494, 30], r: 3.7454501048299019e+33, e: 4.8904134195247144e+33
#ERR  p: [495, 30], r: -1.2158650925048434e+34, e: -1.4046190096428503e+34
#ERR  p: [480, 31], r: 2.3356751987174320e+34, e: 2.3181754307340860e+34
#ERR  p: [481, 31], r: -1.4527772292571262e+34, e: -1.5679217461311773e+34
#ERR  p: [482, 31], r: 1.1520704522543538e+34, e: 1.1943462283899535e+34
#ERR  p: [483, 31], r: -5.2827389008949586e+31, e: -5.2179407864486243e+33
#ERR  p: [484, 31], r: -2.4758424451935663e+34, e: -2.7512227021086148e+34
#ERR  p: [485, 31], r: 2.3763331110156896e+34, e: 2.7773419989974971e+34
#ERR  p: [486, 31], r: 6.8978173731486300e+32, e: 3.0115952262364008e+33
#ERR  p: [487, 31], r: 3.5597916567601281e+34, e: 3.7509731743151737e+34
#ERR  p: [488, 31], r: -1.7462968977738195e+34, e: -1.5341969170229375e+34
#ERR  p: [489, 31], r: 1.5445941278248875e+34, e: 1.6759733617561389e+34
#ERR  p: [490, 31], r: -1.5315844921580335e+34, e: -1.7472899732733343e+34
#ERR  p: [491, 31], r: -4.2636125006785148e+33, e: -4.8290936071037622e+33
#ERR  p: [492, 31], r: 3.3080939355606324e+34, e: 3.8316489839113783e+34
#ERR  p: [493, 31], r: -4.9695094319397851e+33, e: -5.9056362853122816e+33
#ERR  p: [494, 31], r: -1.8466133688573103e+34, e: -2.3199796045473405e+34
#ERR  p: [495, 31], r: 2.3648695386638991e+34, e: 2.3267444516860194e+34
#ERR  p: [656, 32], r: -1.5251637923502760e+34, e: -1.5835779738080195e+34
#ERR  p: [657, 32], r: 1.3241006660196427e+33, e: 5.7243469299716586e+32
#ERR  p: [658, 32], r: 2.2366291017022558e+34, e: 2.1029256353472462e+34
#ERR  p: [659, 32], r: 8.6508128882690266e+33, e: 9.4801064447062243e+33
#ERR  p: [660, 32], r: -1.6943143718931812e+33, e: 1.3045749472650043e+33
#ERR  p: [661, 32], r: -6.5274449014650531e+33, e: -7.6447229251212874e+33
#ERR  p: [662, 32], r: 1.2186041586357662e+34, e: 1.1080885471566110e+34
#ERR  p: [663, 32], r: -5.0413167009915512e+34, e: -5.0461758632337542e+34
#ERR  p: [664, 32], r: 3.3605912588066076e+33, e: 3.2812776784296325e+33
#ERR  p: [665, 32], r: -4.2172884749234461e+33, e: -6.6323956010856087e+33
#ERR  p: [666, 32], r: -1.4782645577559533e+34, e: -1.4164487646582614e+34
#ERR  p: [667, 32], r: 6.6263990195353103e+32, e: 9.7589320125446080e+32
#ERR  p: [668, 32], r: 2.3628687799724060e+34, e: 1.9132093436226988e+34
#ERR  p: [669, 32], r: -1.6947567807147209e+33, e: -3.0578988259808214e+33
#ERR  p: [670, 32], r: -5.7928289992324013e+33, e: -7.8180431962015156e+33
#ERR  p: [671, 32], r: -4.7606370703563298e+34, e: -4.8056857083859248e+34
#ERR  p: [832, 32], r: 8.0972023888804867e+33, e: 7.4028962902070455e+33
#ERR  p: [833, 32], r: -5.9864217763959669e+33, e: -3.7112656285850754e+33
#ERR  p: [834, 32], r: -2.1460831961728288e+34, e: -1.8847871068787340e+34
#ERR  p: [835, 32], r: 5.3135595226710349e+34, e: 5.3097446866459731e+34
#ERR  p: [836, 32], r: -3.3382348044611372e+34, e: -3.4086448724875639e+34
#ERR  p: [837, 32], r: 3.2097123647585447e+34, e: 3.3559111026940852e+34
#ERR  p: [838, 32], r: -4.3869951990290003e+33, e: -9.4155732494282971e+33
#ERR  p: [839, 32], r: 1.3426146782771752e+34, e: 1.4497853757701813e+34
#ERR  p: [840, 32], r: 1.9914944434150355e+34, e: 2.1107778890164333e+34
#ERR  p: [841, 32], r: 1.5344846142880674e+34, e: 1.3723752519976115e+34
#ERR  p: [842, 32], r: 3.1630442535695566e+34, e: 3.2221103342519878e+34
#ERR  p: [843, 32], r: 1.5178775248670501e+34, e: 1.4017110884905689e+34
#ERR  p: [844, 32], r: -2.9303942205785293e+34, e: -3.1571224435976310e+34
#ERR  p: [845, 32], r: -1.9233943715019153e+34, e: -2.1813568120642186e+34
#ERR  p: [846, 32], r: -6.6547719862657116e+33, e: -6.2298391642606905e+33
#ERR  p: [847, 32], r: 8.8210011710498628e+33, e: 8.6591108003523565e+33
#ERR  p: [1872, 32], r: -7.3413168198628532e+33, e: -6.7025942289533255e+33
#ERR  p: [1873, 32], r: -3.7478097423387838e+34, e: -3.7359794921473570e+34
#ERR  p: [1874, 32], r: -4.3049097471100613e+34, e: -4.3898126267644099e+34
#ERR  p: [1875, 32], r: -4.9718531619191621e+33, e: -5.3025861745748014e+33
#ERR  p: [1876, 32], r: -4.4503706727821878e+34, e: -4.5224534453896969e+34
#ERR  p: [1877, 32], r: 6.6631464030434693e+34, e: 6.3490007965622227e+34
#ERR  p: [1878, 32], r: -3.1696136299760323e+33, e: -3.5249890770536864e+33
#ERR  p: [1879, 32], r: 3.3302228565268822e+34, e: 3.0169482646572767e+34
#ERR  p: [1880, 32], r: -1.7056564404301159e+34, e: -1.9197992698338267e+34
#ERR  p: [1881, 32], r: 3.8955638281396825e+34, e: 3.7978170729897403e+34
#ERR  p: [1882, 32], r: -2.6145199546264246e+34, e: -2.5989630097407331e+34
#ERR  p: [1883, 32], r: -5.2096126686283358e+34, e: -5.1705729915494321e+34
#ERR  p: [1884, 32], r: 4.6261175539274232e+34, e: 4.7403838761376053e+34
#ERR  p: [1885, 32], r: -1.7796021890027456e+34, e: -1.8494383480269596e+34
#ERR  p: [1886, 32], r: 2.7804608651324727e+34, e: 2.8821838836885995e+34
#ERR  p: [1887, 32], r: -3.2242693016805015e+34, e: -3.1816831739770530e+34
#ERR  p: [656, 33], r: -3.9115421678147468e+34, e: -3.9082086428769591e+34
#ERR  p: [657, 33], r: -4.7386700719472186e+34, e: -4.7025529237130598e+34
#ERR  p: [658, 33], r: -2.2198339691892711e+34, e: -2.2225881381886732e+34
#ERR  p: [659, 33], r: -1.6871233638959784e+34, e: -1.7528587227460556e+34
#ERR  p: [660, 33], r: 5.7066296868719112e+32, e: -4.2554436438442804e+32
#ERR  p: [661, 33], r: 1.6411774669259093e+34, e: 1.5784693666479005e+34
#ERR  p: [662, 33], r: 3.0975077078897885e+34, e: 3.2999344251736946e+34
#ERR  p: [663, 33], r: -4.0007627347381148e+34, e: -3.9790200510641221e+34
#ERR  p: [664, 33], r: 1.5219638411427272e+34, e: 1.4554876989731416e+34
#ERR  p: [665, 33], r: 1.5326079900340137e+33, e: -1.2072485656039024e+33
#ERR  p: [666, 33], r: 4.1031237875904894e+33, e: 2.9281429028230850e+33
#ERR  p: [667, 33], r: -1.7041340217698027e+34, e: -1.9207398566756757e+34
#ERR  p: [668, 33], r: 2.6708289416761109e+32, e: 2.8047564906524816e+33
#ERR  p: [669, 33], r: -3.8606259415869469e+34, e: -4.0023334330599601e+34
#ERR  p: [670, 33], r: -1.6622517867726919e+34, e: -1.2710329000035649e+34
#ERR  p: [671, 33], r: 4.7897992238617755e+33, e: 9.3939891458733368e+33
#ERR  p: [832, 33], r: 2.7040552059077790e+34, e: 2.5875873311317318e+34
#ERR  p: [833, 33], r: 3.4466152169605329e+34, e: 3.2550865810184717e+34
#ERR  p: [834, 33], r: 1.6664539742360461e+34, e: 1.9456918999015157e+34
#ERR  p: [835, 33], r: -4.0121450982233282e+34, e: -4.2484854304714651e+34
#ERR  p: [836, 33], r: 1.8337610753694495e+34, e: 2.2871868204946786e+34
#ERR  p: [837, 33], r: -2.5136776066142454e+34, e: -2.2411238143968932e+34
#ERR  p: [838, 33], r: 2.0596611165022693e+33, e: 1.4496574965641232e+33
#ERR  p: [839, 33], r: -8.7963952558590070e+33, e: -9.8737905652695841e+33
#ERR  p: [840, 33], r: -3.8181334021504684e+34, e: -3.4138583331690103e+34
#ERR  p: [841, 33], r: 8.3217077667650476e+33, e: 9.8332232701822022e+33
#ERR  p: [842, 33], r: -2.7507899182708807e+34, e: -3.1271212143335577e+34
#ERR  p: [843, 33], r: -3.6244584257682942e+34, e: -3.7900727676919788e+34
#ERR  p: [844, 33], r: -1.3321834241241448e+34, e: -1.3856436171326761e+34
#ERR  p: [845, 33], r: -4.2290685885432818e+34, e: -4.4080974963206706e+34
#ERR  p: [846, 33], r: -1.8198108528607465e+33, e: 3.1101402051236742e+32
#ERR  p: [847, 33], r: -2.3887731704704683e+34, e: -2.3976645510086317e+34
#ERR  p: [1872, 33], r: 8.2300562569865348e+33, e: 8.7807811181435005e+33
#ERR  p: [1873, 33], r: 2.3530296325401658e+34, e: 2.2834430422278718e+34
#ERR  p: [1874, 33], r: -2.6351690420697126e+34, e: -2.4871049760829768e+34
#ERR  p: [1875, 33], r: -4.1400463396142073e+34, e: -4.3923147511718135e+34
#ERR  p: [1876, 33], r: 3.2936976832557749e+34, e: 2.9043338496355171e+34
#ERR  p: [1877, 33], r: -1.3576192543173376e+34, e: -1.3752242472040229e+34
#ERR  p: [1878, 33], r: -2.8246511155388272e+34, e: -2.6521857658497294e+34
#ERR  p: [1879, 33], r: -3.1182459270159051e+34, e: -2.9625655587314700e+34
#ERR  p: [1880, 33], r: -3.9334705424946323e+34, e: -4.0629560995477888e+34
#ERR  p: [1881, 33], r: 3.3158675800373250e+33, e: 2.8406118764653336e+33
#ERR  p: [1882, 33], r: -3.3975591194357633e+34, e: -3.2508186589390315e+34
#ERR  p: [1883, 33], r: -1.7525276975795507e+34, e: -1.3908690858325037e+34
#ERR  p: [1884, 33], r: -3.9583734395009127e+34, e: -3.9925980250030120e+34
#ERR  p: [1885, 33], r: -2.3222891054846313e+34, e: -2.3422182070010709e+34
#ERR  p: [1886, 33], r: -1.0605289953453335e+34, e: -1.2364446077179235e+34
#ERR  p: [1887, 33], r: -5.9378821474555872e+33, e: -5.7278284815896439e+33
#ERR  p: [656, 34], r: -2.8503702483100104e+33, e: -4.0964345785882108e+33
#ERR  p: [657, 34], r: 1.3462377573901518e+34, e: 1.1565937613638987e+34
#ERR  p: [658, 34], r: -3.0604118442605707e+34, e: -3.1438331572759025e+34
#ERR  p: [659, 34], r: -7.9622644487183017e+33, e: -5.4908298128286149e+33
#ERR  p: [660, 34], r: -2.9501198047525105e+34, e: -3.0261412073890099e+34
#ERR  p: [661, 34], r: 6.2826749403134063e+34, e: 6.5125386178640100e+34
#ERR  p: [662, 34], r: -5.1580024532145126e+34, e: -5.3250560242278704e+34
#ERR  p: [663, 34], r: 6.9123241734989957e+33, e: 4.7329356860972409e+33
#ERR  p: [664, 34], r: -1.1457196960588159e+34, e: -1.2370937834745248e+34
#ERR  p: [665, 34], r: 2.5545001649377279e+34, e: 2.8486119401752114e+34
#ERR  p: [666, 34], r: 1.3018641680639791e+31, e: 3.0632987204321842e+33
#ERR  p: [667, 34], r: -3.1031546951729927e+34, e: -3.1190785654863284e+34
#ERR  p: [668, 34], r: 2.4780809812181050e+33, e: 3.0436173307176056e+33
#ERR  p: [669, 34], r: -4.7005568691937160e+34, e: -4.7299628968869009e+34
#ERR  p: [670, 34], r: 3.1776826469460983e+34, e: 2.9092432722433151e+34
#ERR  p: [671, 34], r: -4.0771077349008835e+34, e: -4.3159764358852569e+34
#ERR  p: [832, 34], r: -3.0153008140529957e+34, e: -2.9938458276441329e+34
#ERR  p: [833, 34], r: -1.0302055302890342e+34, e: -1.1910065137519694e+34
#ERR  p: [834, 34], r: 1.7206384859615633e+34, e: 1.4527496231942502e+34
#ERR  p: [835, 34], r: -1.1471922257355458e+34, e: -1.2875035684322530e+34
#ERR  p: [836, 34], r: -7.9731112793425202e+33, e: -9.0727635127194092e+33
#ERR  p: [837, 34], r: -2.7363406821323417e+34, e: -2.7932923612276735e+34
#ERR  p: [838, 34], r: -3.5828537369279912e+34, e: -3.3775884231340037e+34
#ERR  p: [839, 34], r: -5.4183214364355995e+34, e: -5.2957445751536869e+34
#ERR  p: [840, 34], r: -3.5495402133978039e+33, e: -4.2247371601398262e+33
#ERR  p: [841, 34], r: 9.5306256945119263e+32, e: 2.5254456503186981e+33
#ERR  p: [842, 34], r: 3.3508149987283631e+34, e: 3.2747505157784964e+34
#ERR  p: [843, 34], r: 1.1569313476126118e+34, e: 1.4245240951225278e+34
#ERR  p: [844, 34], r: 7.6039445612572073e+33, e: 7.7791155526961672e+33
#ERR  p: [845, 34], r: -1.4500848334656845e+34, e: -1.4998673542055067e+34
#ERR  p: [846, 34], r: -1.7779892769255606e+34, e: -1.9296857065755676e+34
#ERR  p: [847, 34], r: -2.9323687349411895e+34, e: -3.1521357735313817e+34
#ERR  p: [1872, 34], r: 3.6376057203675167e+33, e: 4.0821982681364289e+33
#ERR  p: [1873, 34], r: -2.7063575267928419e+34, e: -2.7185680721643372e+34
#ERR  p: [1874, 34], r: -4.0926540335022372e+34, e: -4.0956072632599564e+34
#ERR  p: [1875, 34], r: -5.1395561562771290e+34, e: -4.9921155168941774e+34
#ERR  p: [1876, 34], r: -9.2511964761618861e+33, e: -9.3995685416303960e+33
#ERR  p: [1877, 34], r: -1.1832629512182315e+34, e: -1.1897915993974147e+34
#ERR  p: [1878, 34], r: -2.5043078860449022e+34, e: -2.3351651674212464e+34
#ERR  p: [1879, 34], r: -6.1138924622411825e+33, e: -3.6288794810305941e+33
#ERR  p: [1880, 34], r: 5.7335366231107887e+34, e: 5.4391000124069968e+34
#ERR  p: [1881, 34], r: -6.2243241413856742e+33, e: -1.8749080049317258e+33
#ERR  p: [1882, 34], r: -3.6674228679477483e+34, e: -3.4952422444676862e+34
#ERR  p: [1883, 34], r: -3.3126049890637884e+34, e: -3.3705088916373385e+34
#ERR  p: [1884, 34], r: -4.6126806432560099e+32, e: -3.1543349740111721e+33
#ERR  p: [1885, 34], r: 2.4603837927469940e+34, e: 2.5175154683240379e+34
#ERR  p: [1886, 34], r: -2.5949458943132520e+34, e: -2.6979378014096464e+34
#ERR  p: [1887, 34], r: 4.9592298873385691e+34, e: 4.9404726198633170e+34
#ERR  p: [656, 35], r: -4.1829429426795085e+34, e: -4.2307576339328828e+34
#ERR  p: [657, 35], r: 1.6510299841105738e+34, e: 1.4926744274012430e+34
#ERR  p: [658, 35], r: 2.7889402592255618e+34, e: 2.8749461434549136e+34
#ERR  p: [659, 35], r: 3.9586886190349148e+34, e: 3.9508128445049812e+34
#ERR  p: [660, 35], r: 2.7200154716582697e+34, e: 2.7056731935391250e+34
#ERR  p: [661, 35], r: 3.6763741647838131e+34, e: 3.6507131532974743e+34
#ERR  p: [662, 35], r: -1.2333970469292108e+34, e: -1.1753287459184436e+34
#ERR  p: [663, 35], r: 1.1305800607603675e+34, e: 1.1547379654510059e+34
#ERR  p: [664, 35], r: 3.2134650561936344e+34, e: 3.3059579938168494e+34
#ERR  p: [665, 35], r: 1.0349464692574854e+34, e: 9.6698133280864731e+33
#ERR  p: [666, 35], r: 3.6737051660591138e+34, e: 3.8497734164385477e+34
#ERR  p: [667, 35], r: 2.1012511976501088e+34, e: 2.2287518416442751e+34
#ERR  p: [668, 35], r: -5.6953590474752433e+34, e: -5.9496873912582204e+34
#ERR  p: [669, 35], r: -1.5856510281978068e+34, e: -1.5051203051742064e+34
#ERR  p: [670, 35], r: -2.0945853857145727e+34, e: -2.3463031615427048e+34
#ERR  p: [671, 35], r: 1.1987004348901319e+34, e: 9.6941858915799237e+33
#ERR  p: [832, 35], r: 2.1500641637511627e+34, e: 2.0422947984551583e+34
#ERR  p: [833, 35], r: 9.1337890048960213e+33, e: 9.7932693743842862e+33
#ERR  p: [834, 35], r: 3.9802998334767354e+34, e: 4.0143273389245805e+34
#ERR  p: [835, 35], r: -3.5684268456071613e+33, e: -5.3591383704194558e+33
#ERR  p: [836, 35], r: -4.9251119503708542e+33, e: -4.3760607841470023e+33
#ERR  p: [837, 35], r: -9.1123930682270324e+33, e: -8.2455032727967378e+33
#ERR  p: [838, 35], r: -8.2255179688025146e+33, e: -1.1894157608014877e+34
#ERR  p: [839, 35], r: 1.5781281903730735e+34, e: 1.5567147987495307e+34
#ERR  p: [840, 35], r: -9.4084878996134472e+33, e: -7.2198718071588591e+33
#ERR  p: [841, 35], r: -3.4178924083750296e+33, e: -4.2825031561929999e+33
#ERR  p: [842, 35], r: -8.8418335355159670e+32, e: -1.1440412041080498e+33
#ERR  p: [843, 35], r: -1.1349777189559248e+34, e: -1.2026150488823602e+34
#ERR  p: [844, 35], r: -5.1471100663968484e+34, e: -5.1435685675324608e+34
#ERR  p: [845, 35], r: -8.0697374511689013e+33, e: -8.6468725251239813e+33
#ERR  p: [846, 35], r: -1.4810068425309783e+34, e: -1.1718808353210260e+34
#ERR  p: [847, 35], r: 2.8938123496536228e+33, e: 3.6981985525003986e+33
#ERR  p: [1872, 35], r: -2.3795175879727473e+34, e: -2.1881251254350075e+34
#ERR  p: [1873, 35], r: -1.0850079969233618e+35, e: -1.0919308547286551e+35
#ERR  p: [1874, 35], r: -2.2094223982828653e+34, e: -1.8617002679100852e+34
#ERR  p: [1875, 35], r: -1.9294821892331090e+34, e: -1.9896871747516828e+34
#ERR  p: [1876, 35], r: -1.5284685970791522e+34, e: -1.6401424252590628e+34
#ERR  p: [1877, 35], r: -1.5393098569731940e+34, e: -1.6648260830843858e+34
#ERR  p: [1878, 35], r: -1.2982745133320633e+34, e: -1.0943299577659894e+34
#ERR  p: [1879, 35], r: -5.5505096641825238e+33, e: -4.4604347539195662e+33
#ERR  p: [1880, 35], r: -2.4925808800527518e+34, e: -2.6027342702764120e+34
#ERR  p: [1881, 35], r: -1.9636235851645684e+34, e: -2.1908701336781189e+34
#ERR  p: [1882, 35], r: -3.1005770564231927e+34, e: -3.1549302993760645e+34
#ERR  p: [1883, 35], r: -2.1669865565001860e+34, e: -2.0543236142288864e+34
#ERR  p: [1884, 35], r: 3.1124328081794288e+34, e: 2.9602251092931970e+34
#ERR  p: [1885, 35], r: 1.8121766004324775e+34, e: 1.9201710232276241e+34
#ERR  p: [1886, 35], r: 4.1085179875176715e+34, e: 4.1521687436549054e+34
#ERR  p: [1887, 35], r: -1.4867314486546456e+34, e: -1.7346846488233109e+34
#ERR  p: [656, 36], r: 2.3893748093295610e+34, e: 2.1423082218170320e+34
#ERR  p: [657, 36], r: -2.3790573218661410e+34, e: -2.2427531910766006e+34
#ERR  p: [658, 36], r: -9.1570133790030347e+33, e: -1.0861595535067059e+34
#ERR  p: [659, 36], r: 1.6232160711019138e+33, e: 2.4079926847563896e+33
#ERR  p: [660, 36], r: 7.7072939854369473e+33, e: 1.0374661105164449e+34
#ERR  p: [661, 36], r: -6.0511511851701209e+33, e: -7.1840315861114884e+33
#ERR  p: [662, 36], r: 1.5548585076606223e+34, e: 1.6884635577825087e+34
#ERR  p: [663, 36], r: -7.7336837722244134e+32, e: -2.5845856050729736e+33
#ERR  p: [664, 36], r: 5.9343224508726221e+33, e: 5.5972957510572559e+33
#ERR  p: [665, 36], r: -4.9932460037380528e+34, e: -5.2804421507400724e+34
#ERR  p: [666, 36], r: 3.3848122984392496e+34, e: 3.3729879903600114e+34
#ERR  p: [667, 36], r: -1.9213931176344066e+33, e: -4.7759417230620150e+33
#ERR  p: [668, 36], r: 4.6241055918785747e+33, e: 3.6160114038072324e+33
#ERR  p: [669, 36], r: -7.6052016893671016e+33, e: -1.1409473134133668e+34
#ERR  p: [670, 36], r: -1.8406923016494084e+34, e: -1.5858036662046507e+34
#ERR  p: [671, 36], r: 3.3610502869731746e+34, e: 3.3818090559039433e+34
#ERR  p: [832, 36], r: 3.3473415865661361e+34, e: 3.3911498086763672e+34
#ERR  p: [833, 36], r: 2.0508855143062801e+33, e: 3.3532716288393229e+32
#ERR  p: [834, 36], r: -2.3900947952564094e+34, e: -2.5616960627980860e+34
#ERR  p: [835, 36], r: -5.4117128173298784e+34, e: -5.5195888930572693e+34
#ERR  p: [836, 36], r: 1.0345604795532362e+34, e: 7.5609861849839457e+33
#ERR  p: [837, 36], r: 3.3865280833336991e+34, e: 3.1117818993067725e+34
#ERR  p: [838, 36], r: -1.2941747035099580e+34, e: -1.2805831122306359e+34
#ERR  p: [839, 36], r: 1.7135821039436327e+34, e: 1.8772704587541971e+34
#ERR  p: [840, 36], r: -2.2732184002673981e+34, e: -2.4741306217072425e+34
#ERR  p: [841, 36], r: -3.5737932537804615e+34, e: -3.4084262522766261e+34
#ERR  p: [842, 36], r: -2.6187727738373856e+34, e: -2.3780657318946734e+34
#ERR  p: [843, 36], r: -5.9407281716059043e+34, e: -5.5300054157238322e+34
#ERR  p: [844, 36], r: -5.2823015366790791e+34, e: -5.1984276327853845e+34
#ERR  p: [845, 36], r: 4.5637557054784026e+32, e: -6.2735830134888787e+32
#ERR  p: [846, 36], r: -4.4497314005459008e+34, e: -4.7045063930950521e+34
#ERR  p: [847, 36], r: -1.6173502160197640e+34, e: -1.8122972995863078e+34
#ERR  p: [1872, 36], r: -1.1322483087573084e+34, e: -1.2196041665995009e+34
#ERR  p: [1873, 36], r: 5.3984107802257452e+33, e: 4.4712877742439811e+33
#ERR  p: [1874, 36], r: 1.0533577324917572e+34, e: 9.5985909238062673e+33
#ERR  p: [1875, 36], r: -5.4840174287924275e+33, e: -6.5613037994795475e+33
#ERR  p: [1876, 36], r: -3.0953358658848663e+34, e: -3.1496948033619187e+34
#ERR  p: [1877, 36], r: -2.6143062861756439e+34, e: -2.6304804679649231e+34
#ERR  p: [1878, 36], r: -5.0155071367004982e+34, e: -4.7437099734351572e+34
#ERR  p: [1879, 36], r: 3.6038202321973519e+34, e: 3.7731580501711991e+34
#ERR  p: [1880, 36], r: 1.5254066761859838e+34, e: 1.4132796381576908e+34
#ERR  p: [1881, 36], r: 1.8662728470331936e+34, e: 1.8259855739826980e+34
#ERR  p: [1882, 36], r: -8.4749040845666527e+33, e: -7.3426921712464992e+33
#ERR  p: [1883, 36], r: -5.6068166241053958e+34, e: -5.2387394170486580e+34
#ERR  p: [1884, 36], r: 2.2486957984411861e+34, e: 2.4450588378246646e+34
#ERR  p: [1885, 36], r: -1.4787991002649167e+34, e: -1.5828898029401808e+34
#ERR  p: [1886, 36], r: -2.0119173592131461e+34, e: -2.0602490142269259e+34
#ERR  p: [1887, 36], r: -2.5736845217265334e+34, e: -2.7089180819700998e+34
#ERR  p: [656, 37], r: -3.1714377346239193e+34, e: -3.0023098712807349e+34
#ERR  p: [657, 37], r: 3.7038082777884203e+33, e: 1.1220700895483080e+33
#ERR  p: [658, 37], r: -2.9560015054671632e+33, e: -4.8630617533267236e+33
#ERR  p: [659, 37], r: 1.3686101811621289e+34, e: 1.5551917611191979e+34
#ERR  p: [660, 37], r: -2.9464213350911414e+34, e: -3.1290635422551965e+34
#SDC Ite:1 KerTime:2.6548485 AccTime:2.6548485 KerErr:2304 AccErr:2304
#ABORT too many errors per iteration
#END
