#HEADER matrix_dim:2048 threads:4 block_size:16 block_offset:12 precision:Float
#BEGIN Y:2023 M:10 D:21 Time:09:29:58
#IT 0 KerTime:2.6527317 AccTime:2.6527317
#IT 1 KerTime:2.7706541 AccTime:5.4233858
#ERR  p: [105, 1378], r: 8.2348464659685496e+33, e: 2.7947434745417238e+34
#SDC Ite:2 KerTime:2.7706541 AccTime:5.4233858 KerErr:1 AccErr:1
#IT 2 KerTime:2.5878760 AccTime:8.0112618
#IT 3 KerTime:2.6543145 AccTime:10.6655763
#IT 4 KerTime:2.7115769 AccTime:13.3771532
#IT 5 KerTime:2.7000494 AccTime:16.0772026
#IT 6 KerTime:2.6425770 AccTime:18.7197796
#IT 7 KerTime:2.6848902 AccTime:21.4046698
#IT 8 KerTime:2.6794298 AccTime:24.0840996
#IT 9 KerTime:2.6733631 AccTime:26.7574627
#IT 10 KerTime:2.7107419 AccTime:29.4682046
#IT 11 KerTime:2.6508820 AccTime:32.1190866
#IT 12 KerTime:2.6575788 AccTime:34.7766654
#IT 13 KerTime:2.6240983 AccTime:37.4007637
#IT 14 KerTime:2.6729182 AccTime:40.0736819
#IT 15 KerTime:2.5879908 AccTime:42.6616727
#IT 16 KerTime:2.5921444 AccTime:45.2538171
#IT 17 KerTime:2.6573339 AccTime:47.9111510
#IT 18 KerTime:2.7395874 AccTime:50.6507384
#IT 19 KerTime:2.6486160 AccTime:53.2993544
#IT 20 KerTime:2.6925825 AccTime:55.9919369
#ERR  p: [1357, 1342], r: -5.4545043192858444e+33, e: -3.7137049894324873e+33
#SDC Ite:21 KerTime:2.6925825 AccTime:55.9919369 KerErr:1 AccErr:2
#IT 21 KerTime:2.7067667 AccTime:58.6987036
#IT 22 KerTime:2.7193722 AccTime:61.4180758
#IT 23 KerTime:2.6501907 AccTime:64.0682665
#IT 24 KerTime:2.6931632 AccTime:66.7614297
