#HEADER matrix_dim:2048 threads:4 block_size:16 block_offset:12 precision:Float
#BEGIN Y:2023 M:10 D:22 Time:14:00:52
#IT 0 KerTime:2.6252423 AccTime:2.6252423
#IT 1 KerTime:2.6810781 AccTime:5.3063204
#IT 2 KerTime:2.6518204 AccTime:7.9581408
#IT 3 KerTime:2.6739911 AccTime:10.6321319
#IT 4 KerTime:2.6437900 AccTime:13.2759219
#IT 5 KerTime:2.6488678 AccTime:15.9247897
#IT 6 KerTime:2.6254402 AccTime:18.5502299
#IT 7 KerTime:2.6176335 AccTime:21.1678634
#IT 8 KerTime:2.5913475 AccTime:23.7592109
#IT 9 KerTime:2.6280654 AccTime:26.3872764
#ERR  p: [600, 1856], r: 3.8611567702757925e+34, e: 3.8298482763302338e+34
#ERR  p: [601, 1856], r: -3.5359108030502817e+33, e: -2.7707419216780471e+33
#ERR  p: [602, 1856], r: -2.6778642322906221e+33, e: -2.0533418968292321e+33
#ERR  p: [603, 1856], r: -2.7802895342310356e+33, e: -2.4903639770303995e+33
#ERR  p: [600, 1857], r: -3.1044310113534960e+34, e: -3.1569028330346618e+34
#ERR  p: [601, 1857], r: 2.3980507883008887e+34, e: 2.5262914728505398e+34
#ERR  p: [602, 1857], r: 1.2852801043276925e+34, e: 1.3899479346492714e+34
#ERR  p: [603, 1857], r: -4.4605359555177777e+33, e: -3.9746184933574410e+33
#ERR  p: [600, 1858], r: 2.9369248494617754e+33, e: 2.6932833944499412e+33
#ERR  p: [601, 1858], r: 2.4565021079598108e+34, e: 2.5160475190254533e+34
#ERR  p: [602, 1858], r: 7.6304284314876591e+33, e: 8.1164337873907851e+33
#ERR  p: [603, 1858], r: 1.3568936976603125e+34, e: 1.3794563928163278e+34
#ERR  p: [600, 1859], r: 1.7588437914539887e+34, e: 1.7388976063650069e+34
#ERR  p: [601, 1859], r: -2.7964055328384684e+34, e: -2.7476564444434415e+34
#ERR  p: [602, 1859], r: 8.4995465189886674e+33, e: 8.8974260183451654e+33
#ERR  p: [603, 1859], r: 1.2300601795533170e+34, e: 1.2485318542615060e+34
#ERR  p: [600, 1860], r: -3.2458649180778271e+34, e: -3.2396321375680331e+34
#ERR  p: [601, 1860], r: -1.9542884031223213e+34, e: -1.9695207601297122e+34
#ERR  p: [602, 1860], r: 1.8205960782276652e+34, e: 1.8081639415891379e+34
#ERR  p: [603, 1860], r: 3.1309887866042931e+34, e: 3.1252170149651289e+34
#ERR  p: [600, 1861], r: -4.1310083869753925e+33, e: -4.3151618713394071e+33
#ERR  p: [601, 1861], r: -2.3309061585100890e+34, e: -2.2858986200897982e+34
#ERR  p: [602, 1861], r: -6.5595465435937819e+33, e: -6.1922051680963953e+33
#ERR  p: [603, 1861], r: 1.6582538594158197e+34, e: 1.6753077213970151e+34
#ERR  p: [600, 1862], r: -7.2467208697009001e+33, e: -6.6585805087965731e+33
#ERR  p: [601, 1862], r: 2.5924900688633177e+34, e: 2.4487493846697822e+34
#ERR  p: [602, 1862], r: 2.2061158604379340e+34, e: 2.0887970256788821e+34
#ERR  p: [603, 1862], r: 1.8133613090500736e+34, e: 1.7588961563176504e+34
#ERR  p: [600, 1863], r: -1.0423373426740309e+34, e: -1.1163909158240824e+34
#ERR  p: [601, 1863], r: -6.3671851453872935e+34, e: -6.1861983116437709e+34
#ERR  p: [602, 1863], r: -3.2634624833242766e+34, e: -3.1157445453725250e+34
#ERR  p: [603, 1863], r: -1.3148371607056702e+34, e: -1.2462589963493780e+34
#ERR  p: [600, 1864], r: -2.9817303560676548e+34, e: -3.0377530849575068e+34
#ERR  p: [601, 1864], r: -8.9962835770923584e+33, e: -7.6270934210218243e+33
#ERR  p: [602, 1864], r: -1.9906285043575554e+34, e: -1.8788769335431777e+34
#ERR  p: [603, 1864], r: -1.2110212807191275e+34, e: -1.1591410705827362e+34
#ERR  p: [600, 1865], r: 5.7433089217809075e+34, e: 5.7408157105417868e+34
#ERR  p: [601, 1865], r: -3.7900433047190438e+34, e: -3.7839496686696655e+34
#ERR  p: [602, 1865], r: 1.6874631784367622e+34, e: 1.6924372215146109e+34
#ERR  p: [603, 1865], r: -1.2171847365867216e+34, e: -1.2148757308254465e+34
#ERR  p: [600, 1866], r: 7.9239415389221442e+33, e: 7.6712556939832909e+33
#ERR  p: [601, 1866], r: 8.7691624319047875e+33, e: 9.3867242947527906e+33
#ERR  p: [602, 1866], r: -1.0077002136538397e+33, e: -5.0365559549824714e+32
#ERR  p: [603, 1866], r: -2.1715529459230980e+33, e: -1.9375488541171004e+33
#ERR  p: [600, 1867], r: 3.4317312162801969e+34, e: 3.4494555465866693e+34
#ERR  p: [601, 1867], r: 3.5106127555834614e+34, e: 3.4672950053167952e+34
#ERR  p: [602, 1867], r: -1.2903937870419726e+34, e: -1.3257489831819512e+34
#ERR  p: [603, 1867], r: 2.6998697306349551e+34, e: 2.6834561312420781e+34
#ERR  p: [600, 1868], r: 3.1493273827582588e+34, e: 3.1512031095057841e+34
#ERR  p: [601, 1868], r: -8.9077015396412537e+33, e: -8.9535449351760699e+33
#ERR  p: [602, 1868], r: 5.6093400410814751e+34, e: 5.6055984911067390e+34
#ERR  p: [603, 1868], r: 7.4528501108998039e+32, e: 7.2791671233880650e+32
#ERR  p: [600, 1869], r: -2.3507144370786943e+34, e: -2.2840201698741866e+34
#ERR  p: [601, 1869], r: 5.6144455533914959e+33, e: 3.9844282397137482e+33
#ERR  p: [602, 1869], r: -3.3485597195647929e+33, e: -4.6789571675942608e+33
#ERR  p: [603, 1869], r: 9.1516586693631058e+33, e: 8.5340225301127456e+33
#ERR  p: [600, 1870], r: -5.5720577436823409e+34, e: -5.6262864498672605e+34
#ERR  p: [601, 1870], r: -4.7156138100975402e+33, e: -3.3902702522784549e+33
#ERR  p: [602, 1870], r: 4.2497525858956777e+34, e: 4.3579247768804656e+34
#ERR  p: [603, 1870], r: -1.7985143227769122e+34, e: -1.7482955519672458e+34
#ERR  p: [600, 1871], r: 2.0709484061924655e+34, e: 2.0762968023381941e+34
#ERR  p: [601, 1871], r: -2.3786114158639904e+34, e: -2.3916825771507968e+34
#ERR  p: [602, 1871], r: -9.4884080706096721e+33, e: -9.5950937431952861e+33
#ERR  p: [603, 1871], r: -2.1649424699073180e+34, e: -2.1698954680044988e+34
#SDC Ite:10 KerTime:2.6280654 AccTime:26.3872764 KerErr:64 AccErr:64
#IT 10 KerTime:2.6144751 AccTime:29.0017515
#IT 11 KerTime:2.6113229 AccTime:31.6130744
#IT 12 KerTime:2.5891727 AccTime:34.2022471
#IT 13 KerTime:2.5866592 AccTime:36.7889063
#IT 14 KerTime:2.7560997 AccTime:39.5450060
#IT 15 KerTime:2.6290629 AccTime:42.1740689
