#HEADER matrix_dim:2048 threads:4 block_size:16 block_offset:12 precision:Float
#BEGIN Y:2023 M:10 D:18 Time:11:25:21
#IT 0 KerTime:2.6331984 AccTime:2.6331984
#IT 1 KerTime:2.7366506 AccTime:5.3698490
#IT 2 KerTime:2.6690226 AccTime:8.0388715
#IT 3 KerTime:2.6645567 AccTime:10.7034283
#IT 4 KerTime:2.6592251 AccTime:13.3626534
#IT 5 KerTime:2.6480273 AccTime:16.0106807
#IT 6 KerTime:2.6271851 AccTime:18.6378658
#IT 7 KerTime:2.6378871 AccTime:21.2757529
#IT 8 KerTime:2.6621459 AccTime:23.9378987
#ERR  p: [199, 1612], r: 4.3382432633718831e+33, e: 3.1400194353968760e+31
#SDC Ite:9 KerTime:2.6621459 AccTime:23.9378987 KerErr:1 AccErr:1
#IT 9 KerTime:2.6254634 AccTime:26.5633622
#IT 10 KerTime:2.6448186 AccTime:29.2081808
#IT 11 KerTime:2.6272509 AccTime:31.8354317
#IT 12 KerTime:2.6441919 AccTime:34.4796236
#IT 13 KerTime:2.6117929 AccTime:37.0914165
#IT 14 KerTime:2.5960281 AccTime:39.6874446
#IT 15 KerTime:2.5907773 AccTime:42.2782219
#IT 16 KerTime:2.6354073 AccTime:44.9136292
#IT 17 KerTime:2.6202436 AccTime:47.5338728
#IT 18 KerTime:2.6965120 AccTime:50.2303848
#IT 19 KerTime:2.6606693 AccTime:52.8910541
#IT 20 KerTime:2.6648578 AccTime:55.5559119
#IT 21 KerTime:2.6202095 AccTime:58.1761214
#IT 22 KerTime:2.6434794 AccTime:60.8196008
#IT 23 KerTime:2.6357262 AccTime:63.4553270
#IT 24 KerTime:2.6158846 AccTime:66.0712116
#IT 25 KerTime:2.6207158 AccTime:68.6919273
#IT 26 KerTime:2.6013576 AccTime:71.2932849
#IT 27 KerTime:2.5929499 AccTime:73.8862349
#IT 28 KerTime:2.7005016 AccTime:76.5867364
#IT 29 KerTime:2.6900416 AccTime:79.2767781
#IT 30 KerTime:2.6412954 AccTime:81.9180735
#IT 31 KerTime:2.6565924 AccTime:84.5746658
#IT 32 KerTime:2.6669756 AccTime:87.2416414
#IT 33 KerTime:2.6342800 AccTime:89.8759214
