#HEADER matrix_dim:2048 threads:4 block_size:16 block_offset:12 precision:Float
#BEGIN Y:2023 M:10 D:23 Time:14:00:37
#IT 0 KerTime:2.6901669 AccTime:2.6901669
#IT 1 KerTime:2.7098521 AccTime:5.4000190
#IT 2 KerTime:2.6901326 AccTime:8.0901517
#IT 3 KerTime:2.6462618 AccTime:10.7364134
#IT 4 KerTime:2.6554681 AccTime:13.3918815
#IT 5 KerTime:2.6591669 AccTime:16.0510484
#ERR  p: [1511, 849], r: -2.4880943377623737e+34, e: -2.5386815195277315e+34
#ERR  p: [1469, 850], r: -3.9268876725417283e+34, e: -3.9790812053020628e+34
#ERR  p: [1470, 850], r: 2.9567581344191744e+34, e: 2.9342449568647304e+34
#SDC Ite:6 KerTime:2.6591669 AccTime:16.0510484 KerErr:3 AccErr:3
#IT 6 KerTime:2.6325972 AccTime:18.6836456
#IT 7 KerTime:2.6747504 AccTime:21.3583959
#ERR  p: [1673, 657], r: 1.9890560729196551e+34, e: 2.4534768300918052e+34
#SDC Ite:8 KerTime:2.6747504 AccTime:21.3583959 KerErr:1 AccErr:4
#IT 8 KerTime:2.6312712 AccTime:23.9896671
#IT 9 KerTime:2.6348403 AccTime:26.6245074
#IT 10 KerTime:2.6318265 AccTime:29.2563339
#ERR  p: [1774, 860], r: 1.7888693152913330e+33, e: 3.7081503524762138e+33
#SDC Ite:11 KerTime:2.6318265 AccTime:29.2563339 KerErr:1 AccErr:5
#IT 11 KerTime:2.6410995 AccTime:31.8974335
#IT 12 KerTime:2.7198432 AccTime:34.6172766
