#HEADER matrix_dim:2048 threads:4 block_size:16 block_offset:12 precision:Float
#BEGIN Y:2023 M:10 D:22 Time:08:58:42
#IT 0 KerTime:2.6377151 AccTime:2.6377151
#IT 1 KerTime:2.6849317 AccTime:5.3226468
#IT 2 KerTime:2.6890089 AccTime:8.0116558
#IT 3 KerTime:2.6355225 AccTime:10.6471783
#IT 4 KerTime:2.6240452 AccTime:13.2712235
#IT 5 KerTime:2.6218662 AccTime:15.8930897
#ERR  p: [905, 1788], r: 7.6735954006575403e+33, e: 1.4195954844441209e+34
#SDC Ite:6 KerTime:2.6218662 AccTime:15.8930897 KerErr:1 AccErr:1
#IT 6 KerTime:2.6677477 AccTime:18.5608374
#IT 7 KerTime:2.6604794 AccTime:21.2213169
#IT 8 KerTime:2.6395249 AccTime:23.8608418
#IT 9 KerTime:2.6358569 AccTime:26.4966987
#IT 10 KerTime:2.6173990 AccTime:29.1140977
#IT 11 KerTime:2.6136222 AccTime:31.7277200
#IT 12 KerTime:2.5876309 AccTime:34.3153508
#IT 13 KerTime:2.5846276 AccTime:36.8999784
#IT 14 KerTime:2.7035582 AccTime:39.6035366
#IT 15 KerTime:2.7017999 AccTime:42.3053366
#IT 16 KerTime:2.6945021 AccTime:44.9998386
#IT 17 KerTime:2.6413183 AccTime:47.6411570
#IT 18 KerTime:2.6481848 AccTime:50.2893418
#IT 19 KerTime:2.6692391 AccTime:52.9585809
#IT 20 KerTime:2.6587963 AccTime:55.6173772
