#HEADER matrix_dim:2048 threads:4 block_size:16 block_offset:12 precision:Float
#BEGIN Y:2023 M:10 D:20 Time:19:11:39
#IT 0 KerTime:2.6962121 AccTime:2.6962121
#IT 1 KerTime:2.7401615 AccTime:5.4363736
#ERR  p: [1894, 247], r: 2.4629392723700908e+33, e: 2.8612146030541503e+33
#ERR  p: [1895, 247], r: 7.8775195302129660e+34, e: 5.5493930422670884e+34
#ERR  p: [1896, 247], r: 4.2254503373964585e+34, e: 5.9121589913792763e+33
#ERR  p: [1940, 255], r: -3.8838266710392100e+34, e: -2.1151958803771360e+33
#ERR  p: [1975, 255], r: -3.4925809209712305e+34, e: -1.7109956139225517e+33
#SDC Ite:2 KerTime:2.7401615 AccTime:5.4363736 KerErr:5 AccErr:5
#IT 2 KerTime:2.5959774 AccTime:8.0323511
#IT 3 KerTime:2.7017286 AccTime:10.7340797
#IT 4 KerTime:2.6563703 AccTime:13.3904500
#ERR  p: [1688, 439], r: 5.6495973559830200e+34, e: 2.3419867122137245e+34
#SDC Ite:5 KerTime:2.6563703 AccTime:13.3904500 KerErr:1 AccErr:6
#IT 5 KerTime:2.6004935 AccTime:15.9909435
#IT 6 KerTime:2.5968589 AccTime:18.5878023
#IT 7 KerTime:2.7065622 AccTime:21.2943646
#IT 8 KerTime:2.6435837 AccTime:23.9379483
#ERR  p: [1400, 1777], r: -1.7708904335642826e+34, e: -1.7691930939764184e+34
#SDC Ite:9 KerTime:2.6435837 AccTime:23.9379483 KerErr:1 AccErr:7
#IT 9 KerTime:2.6247694 AccTime:26.5627177
#IT 10 KerTime:2.5965363 AccTime:29.1592539
#IT 11 KerTime:2.7023309 AccTime:31.8615848
#ERR  p: [1768, 439], r: 3.2564272700810178e+34, e: -4.4675296977697205e+33
#SDC Ite:12 KerTime:2.7023309 AccTime:31.8615848 KerErr:1 AccErr:8
#IT 12 KerTime:2.6208471 AccTime:34.4824319
#IT 13 KerTime:2.6356221 AccTime:37.1180540
#ERR  p: [1795, 503], r: 4.7852275112966946e+34, e: 3.0022877740510337e+32
#SDC Ite:14 KerTime:2.6356221 AccTime:37.1180540 KerErr:1 AccErr:9
