#HEADER matrix_dim:2048 threads:4 block_size:16 block_offset:12 precision:Float
#BEGIN Y:2023 M:10 D:24 Time:10:52:42
#IT 0 KerTime:2.6334649 AccTime:2.6334649
#IT 1 KerTime:2.6918662 AccTime:5.3253311
#IT 2 KerTime:2.6318771 AccTime:7.9572082
#IT 3 KerTime:2.6256530 AccTime:10.5828612
#IT 4 KerTime:2.6434339 AccTime:13.2262952
#ERR  p: [57, 1269], r: 9.9442442087853937e+33, e: 9.7105384605288639e+33
#SDC Ite:5 KerTime:2.6434339 AccTime:13.2262952 KerErr:1 AccErr:1
#IT 5 KerTime:2.6445951 AccTime:15.8708903
#IT 6 KerTime:2.6315546 AccTime:18.5024449
#IT 7 KerTime:2.6396015 AccTime:21.1420464
#IT 8 KerTime:2.6385502 AccTime:23.7805966
#IT 9 KerTime:2.6243164 AccTime:26.4049130
#IT 10 KerTime:2.6213850 AccTime:29.0262980
#IT 11 KerTime:2.5930389 AccTime:31.6193369
#IT 12 KerTime:2.5962941 AccTime:34.2156310
#IT 13 KerTime:2.6414937 AccTime:36.8571247
#IT 14 KerTime:2.6364857 AccTime:39.4936103
#IT 15 KerTime:2.6350445 AccTime:42.1286549
#IT 16 KerTime:2.6379648 AccTime:44.7666197
#IT 17 KerTime:2.6563619 AccTime:47.4229816
#IT 18 KerTime:2.6592556 AccTime:50.0822372
#IT 19 KerTime:2.6319202 AccTime:52.7141574
#IT 20 KerTime:2.6456860 AccTime:55.3598433
#IT 21 KerTime:2.6387190 AccTime:57.9985623
#IT 22 KerTime:2.6287105 AccTime:60.6272728
#IT 23 KerTime:2.6179781 AccTime:63.2452509
#IT 24 KerTime:2.5925020 AccTime:65.8377529
#IT 25 KerTime:2.6488593 AccTime:68.4866122
#IT 26 KerTime:2.6359706 AccTime:71.1225828
#IT 27 KerTime:2.6472544 AccTime:73.7698372
