#HEADER matrix_dim:2048 threads:4 block_size:16 block_offset:12 precision:Float
#BEGIN Y:2023 M:10 D:20 Time:13:49:47
#IT 0 KerTime:2.7104280 AccTime:2.7104280
#IT 1 KerTime:2.7456717 AccTime:5.4560998
#IT 2 KerTime:2.7287826 AccTime:8.1848824
#IT 3 KerTime:2.6532453 AccTime:10.8381277
#IT 4 KerTime:2.6775875 AccTime:13.5157152
#IT 5 KerTime:2.6745472 AccTime:16.1902624
#IT 6 KerTime:2.6461616 AccTime:18.8364241
#IT 7 KerTime:2.6547142 AccTime:21.4911383
#IT 8 KerTime:2.6492099 AccTime:24.1403482
#IT 9 KerTime:2.6252622 AccTime:26.7656104
#IT 10 KerTime:2.6391855 AccTime:29.4047959
#IT 11 KerTime:2.5979772 AccTime:32.0027731
#IT 12 KerTime:2.6003247 AccTime:34.6030978
#IT 13 KerTime:2.7041512 AccTime:37.3072490
#IT 14 KerTime:2.6957585 AccTime:40.0030074
#IT 15 KerTime:2.7097151 AccTime:42.7127225
#IT 16 KerTime:2.6534373 AccTime:45.3661598
#IT 17 KerTime:2.6518021 AccTime:48.0179620
#IT 18 KerTime:2.6704472 AccTime:50.6884091
#IT 19 KerTime:2.6665318 AccTime:53.3549409
#IT 20 KerTime:2.6611048 AccTime:56.0160457
#IT 21 KerTime:2.6409200 AccTime:58.6569657
#IT 22 KerTime:2.6820201 AccTime:61.3389857
#IT 23 KerTime:2.6325279 AccTime:63.9715136
#IT 24 KerTime:2.6204441 AccTime:66.5919577
#IT 25 KerTime:2.6003470 AccTime:69.1923047
#IT 26 KerTime:2.6473738 AccTime:71.8396786
#IT 27 KerTime:2.6756911 AccTime:74.5153697
#IT 28 KerTime:2.6542148 AccTime:77.1695845
#IT 29 KerTime:2.6819936 AccTime:79.8515781
#IT 30 KerTime:2.7080341 AccTime:82.5596122
#IT 31 KerTime:2.6728623 AccTime:85.2324745
#IT 32 KerTime:2.7441190 AccTime:87.9765935
#IT 33 KerTime:2.6691939 AccTime:90.6457874
#IT 34 KerTime:2.6814572 AccTime:93.3272446
#ERR  p: [1608, 980], r: -1.1107782194799664e+34, e: 2.2490557914046103e+34
#SDC Ite:35 KerTime:2.6814572 AccTime:93.3272446 KerErr:1 AccErr:1
#IT 35 KerTime:2.6943304 AccTime:96.0215750
#IT 36 KerTime:2.6472850 AccTime:98.6688600
