#HEADER matrix_dim:2048 threads:4 block_size:16 block_offset:12 precision:Float
#BEGIN Y:2023 M:10 D:19 Time:00:12:15
#IT 0 KerTime:2.6906708 AccTime:2.6906708
#IT 1 KerTime:2.7372849 AccTime:5.4279556
#IT 2 KerTime:2.6422294 AccTime:8.0701850
#IT 3 KerTime:2.6745357 AccTime:10.7447207
#ERR  p: [1563, 1328], r: -2.6890271090068702e+34, e: -2.4129110205324704e+34
#ERR  p: [1564, 1328], r: -3.2802615772453871e+34, e: -3.2280487326204397e+34
#SDC Ite:4 KerTime:2.6745357 AccTime:10.7447207 KerErr:2 AccErr:2
#IT 4 KerTime:2.6539920 AccTime:13.3987127
#IT 5 KerTime:2.6388286 AccTime:16.0375413
#IT 6 KerTime:2.6626511 AccTime:18.7001924
#IT 7 KerTime:2.6405046 AccTime:21.3406969
#IT 8 KerTime:2.6816736 AccTime:24.0223705
#IT 9 KerTime:2.6371999 AccTime:26.6595704
#IT 10 KerTime:2.6660799 AccTime:29.3256504
#IT 11 KerTime:2.6337108 AccTime:31.9593612
#IT 12 KerTime:2.6251060 AccTime:34.5844672
#IT 13 KerTime:2.6224180 AccTime:37.2068852
#IT 14 KerTime:2.5914107 AccTime:39.7982960
#IT 15 KerTime:2.6435602 AccTime:42.4418561
