#HEADER matrix_dim:2048 threads:4 block_size:16 block_offset:12 precision:Float
#BEGIN Y:2023 M:10 D:28 Time:02:11:14
#IT 0 KerTime:2.6301989 AccTime:2.6301989
#IT 1 KerTime:2.7230943 AccTime:5.3532931
#IT 2 KerTime:2.6596735 AccTime:8.0129666
#IT 3 KerTime:2.6255358 AccTime:10.6385025
#IT 4 KerTime:2.6649942 AccTime:13.3034966
#IT 5 KerTime:2.6215424 AccTime:15.9250390
#IT 6 KerTime:2.6223055 AccTime:18.5473445
#IT 7 KerTime:2.6189776 AccTime:21.1663222
#IT 8 KerTime:2.5986671 AccTime:23.7649892
#IT 9 KerTime:2.5988525 AccTime:26.3638417
#IT 10 KerTime:2.7072018 AccTime:29.0710435
#ERR  p: [1484, 1392], r: 6.4780028142360343e+33, e: 7.6100234658201182e+33
#ERR  p: [1485, 1392], r: 1.8912109015365897e+34, e: 8.7575010367347193e+33
#ERR  p: [1486, 1392], r: 4.5683809589501826e+33, e: -2.2707147903319473e+34
#SDC Ite:11 KerTime:2.7072018 AccTime:29.0710435 KerErr:3 AccErr:3
#IT 11 KerTime:2.6156850 AccTime:31.6867286
#IT 12 KerTime:2.5986225 AccTime:34.2853510
#IT 13 KerTime:2.5934721 AccTime:36.8788232
#IT 14 KerTime:2.6894737 AccTime:39.5682968
#IT 15 KerTime:2.6985200 AccTime:42.2668168
#ERR  p: [1644, 1493], r: 7.4252262526356752e+33, e: 3.8775121864868231e+34
#ERR  p: [1645, 1493], r: -2.0825590458209231e+34, e: 6.6067417696514978e+33
#SDC Ite:16 KerTime:2.6985200 AccTime:42.2668168 KerErr:2 AccErr:5
#IT 16 KerTime:2.5983253 AccTime:44.8651422
#IT 17 KerTime:2.5915881 AccTime:47.4567303
#ERR  p: [1718, 1298], r: -8.5735939024385225e+33, e: 4.2849196151496849e+33
#SDC Ite:18 KerTime:2.5915881 AccTime:47.4567303 KerErr:1 AccErr:6
#IT 18 KerTime:2.6317816 AccTime:50.0885119
#IT 19 KerTime:2.6200755 AccTime:52.7085874
#IT 20 KerTime:2.5969138 AccTime:55.3055011
#IT 21 KerTime:2.5907676 AccTime:57.8962687
#IT 22 KerTime:2.7075430 AccTime:60.6038117
#ERR  p: [1725, 1520], r: -4.6812461187268994e+33, e: 1.2591206981815374e+34
#SDC Ite:23 KerTime:2.7075430 AccTime:60.6038117 KerErr:1 AccErr:7
#IT 23 KerTime:2.6192828 AccTime:63.2230945
#IT 24 KerTime:2.5981811 AccTime:65.8212755
#IT 25 KerTime:2.6007250 AccTime:68.4220005
#IT 26 KerTime:2.7027967 AccTime:71.1247971
#IT 27 KerTime:2.6978009 AccTime:73.8225980
#IT 28 KerTime:2.6949047 AccTime:76.5175027
#ERR  p: [1512, 1297], r: -7.9247929940811647e+34, e: -9.8109805825263422e+33
#ERR  p: [1513, 1297], r: -1.7559237384893223e+34, e: -3.4535333210760753e+33
#ERR  p: [1558, 1297], r: 1.4078294833407330e+34, e: -1.9033625209622150e+34
#SDC Ite:29 KerTime:2.6949047 AccTime:76.5175027 KerErr:3 AccErr:10
#IT 29 KerTime:2.5931278 AccTime:79.1106306
#ERR  p: [1582, 1424], r: -4.0041950472910375e+33, e: 1.0330392369359604e+34
#SDC Ite:30 KerTime:2.5931278 AccTime:79.1106306 KerErr:1 AccErr:11
#IT 30 KerTime:2.6337913 AccTime:81.7444219
#IT 31 KerTime:2.6163158 AccTime:84.3607377
#IT 32 KerTime:2.6149908 AccTime:86.9757285
#ERR  p: [1655, 1521], r: 7.2297010510707851e+33, e: 3.2579313672287495e+33
#ERR  p: [1878, 1521], r: 5.6886677339748980e+34, e: 2.8197491205712649e+34
#ERR  p: [1879, 1521], r: -2.9721900473608981e+34, e: -3.8478320788689404e+34
#SDC Ite:33 KerTime:2.6149908 AccTime:86.9757285 KerErr:3 AccErr:14
#IT 33 KerTime:2.7136635 AccTime:89.6893920
#IT 34 KerTime:2.6326365 AccTime:92.3220285
#IT 35 KerTime:2.6482307 AccTime:94.9702593
#IT 36 KerTime:2.6176607 AccTime:97.5879199
#IT 37 KerTime:2.5927889 AccTime:100.1807088
#IT 38 KerTime:2.5962715 AccTime:102.7769804
#IT 39 KerTime:2.6354995 AccTime:105.4124799
#IT 40 KerTime:2.6582559 AccTime:108.0707358
#IT 41 KerTime:2.6967915 AccTime:110.7675273
#ERR  p: [1590, 1297], r: 5.9725630376561671e+34, e: 3.2236646917653145e+34
#ERR  p: [1543, 1425], r: 2.0056889114934896e+34, e: 1.5553625968446193e+34
#ERR  p: [1544, 1425], r: 8.9244341561822546e+33, e: 1.4846456434824537e+34
#ERR  p: [1158, 1457], r: 2.9416876999689220e+34, e: 1.7494746589061641e+33
#SDC Ite:42 KerTime:2.6967915 AccTime:110.7675273 KerErr:4 AccErr:18
#IT 42 KerTime:2.6003980 AccTime:113.3679254
#IT 43 KerTime:2.7005785 AccTime:116.0685039
#IT 44 KerTime:2.7013129 AccTime:118.7698168
#IT 45 KerTime:2.6574793 AccTime:121.4272960
#IT 46 KerTime:2.6831972 AccTime:124.1104932
#IT 47 KerTime:2.6300808 AccTime:126.7405740
#IT 48 KerTime:2.6501462 AccTime:129.3907202
#IT 49 KerTime:2.6642583 AccTime:132.0549785
#IT 50 KerTime:2.6486274 AccTime:134.7036059
#IT 51 KerTime:2.6691678 AccTime:137.3727737
#IT 52 KerTime:2.6344152 AccTime:140.0071889
#IT 53 KerTime:2.6298666 AccTime:142.6370556
#IT 54 KerTime:2.5962014 AccTime:145.2332570
#IT 55 KerTime:2.6001654 AccTime:147.8334224
#IT 56 KerTime:2.7030140 AccTime:150.5364364
#IT 57 KerTime:2.6972754 AccTime:153.2337117
#ERR  p: [1606, 1298], r: 2.4236040990038097e+34, e: -5.4120485466685326e+33
#SDC Ite:58 KerTime:2.6972754 AccTime:153.2337117 KerErr:1 AccErr:19
#IT 58 KerTime:2.6222964 AccTime:155.8560081
#IT 59 KerTime:2.6015072 AccTime:158.4575153
#IT 60 KerTime:2.5974346 AccTime:161.0549499
#IT 61 KerTime:2.6974500 AccTime:163.7523999
#ERR  p: [1641, 1425], r: -5.9222698666501396e+33, e: -1.4460119178909326e+33
#SDC Ite:62 KerTime:2.6974500 AccTime:163.7523999 KerErr:1 AccErr:20
#IT 62 KerTime:2.6191074 AccTime:166.3715074
#IT 63 KerTime:2.6011629 AccTime:168.9726703
#IT 64 KerTime:2.5981531 AccTime:171.5708234
#IT 65 KerTime:2.7019373 AccTime:174.2727607
#IT 66 KerTime:2.6953936 AccTime:176.9681543
#IT 67 KerTime:2.6974001 AccTime:179.6655544
#IT 68 KerTime:2.6349816 AccTime:182.3005361
#IT 69 KerTime:2.6736342 AccTime:184.9741703
#IT 70 KerTime:2.6718383 AccTime:187.6460086
#IT 71 KerTime:2.6305148 AccTime:190.2765234
#IT 72 KerTime:2.6501533 AccTime:192.9266767
#IT 73 KerTime:2.6299951 AccTime:195.5566719
#IT 74 KerTime:2.6883153 AccTime:198.2449871
#IT 75 KerTime:2.6240499 AccTime:200.8690371
#IT 76 KerTime:2.6015012 AccTime:203.4705383
#IT 77 KerTime:2.5956066 AccTime:206.0661449
#IT 78 KerTime:2.7166842 AccTime:208.7828291
#ERR  p: [1581, 1456], r: 3.6321378630079971e+34, e: 4.8277968030156088e+34
#ERR  p: [1582, 1456], r: -2.0794968773397468e+34, e: -6.6857142975476497e+33
#SDC Ite:79 KerTime:2.7166842 AccTime:208.7828291 KerErr:2 AccErr:22
#IT 79 KerTime:2.6252467 AccTime:211.4080758
#IT 80 KerTime:2.6081458 AccTime:214.0162216
#IT 81 KerTime:2.7738216 AccTime:216.7900432
#ERR  p: [1814, 1073], r: -7.1443754148930206e+33, e: -1.0140897792696092e+34
#SDC Ite:82 KerTime:2.7738216 AccTime:216.7900432 KerErr:1 AccErr:23
#IT 82 KerTime:2.6247749 AccTime:219.4148181
#ERR  p: [1614, 1456], r: 1.4512092544033674e+33, e: 1.3290587396709846e+34
#SDC Ite:83 KerTime:2.6247749 AccTime:219.4148181 KerErr:1 AccErr:24
#ABORT amount of errors equals of the last iteration
#END
