#HEADER matrix_dim:2048 threads:4 block_size:16 block_offset:12 precision:Float
#BEGIN Y:2023 M:10 D:24 Time:17:26:08
#IT 0 KerTime:2.6997557 AccTime:2.6997557
#IT 1 KerTime:2.7255325 AccTime:5.4252882
#IT 2 KerTime:2.6770380 AccTime:8.1023262
#IT 3 KerTime:2.6389530 AccTime:10.7412792
#IT 4 KerTime:2.6818611 AccTime:13.4231403
#IT 5 KerTime:2.6676290 AccTime:16.0907693
#IT 6 KerTime:2.6547359 AccTime:18.7455052
#IT 7 KerTime:2.6318414 AccTime:21.3773465
#IT 8 KerTime:2.6174221 AccTime:23.9947686
#IT 9 KerTime:2.5928468 AccTime:26.5876154
#IT 10 KerTime:2.5913228 AccTime:29.1789382
#IT 11 KerTime:2.6946138 AccTime:31.8735520
#ERR  p: [872, 1243], r: -8.8244735928600583e+33, e: -6.7744845018847257e+33
#SDC Ite:12 KerTime:2.6946138 AccTime:31.8735520 KerErr:1 AccErr:1
#IT 12 KerTime:2.6105585 AccTime:34.4841104
#IT 13 KerTime:2.5832016 AccTime:37.0673120
#IT 14 KerTime:2.6422536 AccTime:39.7095656
#IT 15 KerTime:2.7032672 AccTime:42.4128329
#IT 16 KerTime:2.6442392 AccTime:45.0570721
#IT 17 KerTime:2.6887261 AccTime:47.7457982
#IT 18 KerTime:2.6371893 AccTime:50.3829875
#IT 19 KerTime:2.6799427 AccTime:53.0629302
#IT 20 KerTime:2.6344143 AccTime:55.6973446
