#HEADER matrix_dim:2048 threads:4 block_size:16 block_offset:12 precision:Float
#BEGIN Y:2023 M:10 D:19 Time:19:01:12
#IT 0 KerTime:2.6934641 AccTime:2.6934641
#IT 1 KerTime:2.7067132 AccTime:5.4001773
#IT 2 KerTime:2.6961726 AccTime:8.0963499
#IT 3 KerTime:2.6416973 AccTime:10.7380472
#IT 4 KerTime:2.6341443 AccTime:13.3721915
#IT 5 KerTime:2.6330599 AccTime:16.0052514
#IT 6 KerTime:2.6634990 AccTime:18.6687504
#IT 7 KerTime:2.6558610 AccTime:21.3246114
#IT 8 KerTime:2.6406551 AccTime:23.9652664
#ERR  p: [1641, 1725], r: -1.6586672694919391e+33, e: -3.6247104084632908e+33
#SDC Ite:9 KerTime:2.6406551 AccTime:23.9652664 KerErr:1 AccErr:1
#IT 9 KerTime:2.6533689 AccTime:26.6186354
#IT 10 KerTime:2.6431731 AccTime:29.2618084
#IT 11 KerTime:2.6355636 AccTime:31.8973720
#IT 12 KerTime:2.6209892 AccTime:34.5183612
#IT 13 KerTime:2.6155992 AccTime:37.1339604
#IT 14 KerTime:2.6324808 AccTime:39.7664412
#IT 15 KerTime:2.5934246 AccTime:42.3598658
#IT 16 KerTime:2.6643289 AccTime:45.0241946
#ERR  p: [1462, 1619], r: -7.7570412248856499e+33, e: -7.4361820219833508e+33
#ERR  p: [1544, 1652], r: -3.7034612831954086e+34, e: -3.1896300062652415e+34
#SDC Ite:17 KerTime:2.6643289 AccTime:45.0241946 KerErr:2 AccErr:3
#IT 17 KerTime:2.6129341 AccTime:47.6371287
#IT 18 KerTime:2.6302920 AccTime:50.2674207
#IT 19 KerTime:2.5936695 AccTime:52.8610901
#IT 20 KerTime:2.6524572 AccTime:55.5135474
#IT 21 KerTime:2.6566557 AccTime:58.1702031
#IT 22 KerTime:2.6909420 AccTime:60.8611451
#IT 23 KerTime:2.6409301 AccTime:63.5020751
#IT 24 KerTime:2.6489410 AccTime:66.1510161
#IT 25 KerTime:2.6998425 AccTime:68.8508586
#IT 26 KerTime:2.6665265 AccTime:71.5173851
#IT 27 KerTime:2.6460138 AccTime:74.1633989
