#HEADER matrix_dim:2048 threads:4 block_size:16 block_offset:12 precision:Float
#BEGIN Y:2023 M:10 D:23 Time:03:41:07
#IT 0 KerTime:2.7229778 AccTime:2.7229778
#IT 1 KerTime:2.7293449 AccTime:5.4523227
#IT 2 KerTime:2.6787868 AccTime:8.1311095
#IT 3 KerTime:2.6817129 AccTime:10.8128224
#ERR  p: [1817, 2040], r: -1.9915773853976676e+34, e: -2.2371440847585985e+34
#ERR  p: [1818, 2040], r: -5.7903303410571077e+34, e: -5.3471765272018530e+34
#SDC Ite:4 KerTime:2.6817129 AccTime:10.8128224 KerErr:2 AccErr:2
#IT 4 KerTime:2.6293744 AccTime:13.4421968
#IT 5 KerTime:2.6717175 AccTime:16.1139143
#IT 6 KerTime:2.6307258 AccTime:18.7446401
#IT 7 KerTime:2.6796860 AccTime:21.4243261
#ERR  p: [1993, 1912], r: -3.4670996583785960e+34, e: -3.2516946253108298e+34
#SDC Ite:8 KerTime:2.6796860 AccTime:21.4243261 KerErr:1 AccErr:3
#IT 8 KerTime:2.7393190 AccTime:24.1636450
#ERR  p: [1580, 1652], r: -2.2650442821879967e+34, e: -2.0885637977754808e+34
#SDC Ite:9 KerTime:2.7393190 AccTime:24.1636450 KerErr:1 AccErr:4
#ABORT amount of errors equals of the last iteration
#END
