#HEADER matrix_dim:2048 threads:4 block_size:16 block_offset:12 precision:Float
#BEGIN Y:2023 M:10 D:18 Time:18:29:13
#IT 0 KerTime:2.6779491 AccTime:2.6779491
#IT 1 KerTime:2.7206326 AccTime:5.3985817
#IT 2 KerTime:2.6767377 AccTime:8.0753194
#IT 3 KerTime:2.6683986 AccTime:10.7437181
#IT 4 KerTime:2.6312362 AccTime:13.3749543
#IT 5 KerTime:2.6945305 AccTime:16.0694848
#IT 6 KerTime:2.6472427 AccTime:18.7167275
#IT 7 KerTime:2.6387945 AccTime:21.3555220
#IT 8 KerTime:2.6277896 AccTime:23.9833115
#IT 9 KerTime:2.5958404 AccTime:26.5791519
#IT 10 KerTime:2.5962843 AccTime:29.1754362
#IT 11 KerTime:2.6573852 AccTime:31.8328215
#ERR  p: [1827, 1565], r: 3.3401907497232081e+34, e: 3.1988041323083776e+34
#SDC Ite:12 KerTime:2.6573852 AccTime:31.8328215 KerErr:1 AccErr:1
#IT 12 KerTime:2.6214242 AccTime:34.4542457
#IT 13 KerTime:2.5932025 AccTime:37.0474482
#IT 14 KerTime:2.5966457 AccTime:39.6440939
#IT 15 KerTime:2.6793886 AccTime:42.3234825
#ERR  p: [1686, 1619], r: -2.5042826320681007e+34, e: -2.2074503598002837e+34
#ERR  p: [1001, 1886], r: 1.9639463780298121e+33, e: -8.0502822949965020e+32
#ERR  p: [957, 2000], r: -2.6790631772186700e+32, e: -8.1575792004765133e+32
#ERR  p: [958, 2000], r: 9.1304824670510901e+33, e: 1.1325077809895427e+34
#ERR  p: [169, 2001], r: 3.5101205506238415e+34, e: 3.7950681033385032e+34
#SDC Ite:16 KerTime:2.6793886 AccTime:42.3234825 KerErr:5 AccErr:6
#IT 16 KerTime:2.6231368 AccTime:44.9466193
#IT 17 KerTime:2.5939176 AccTime:47.5405369
#IT 18 KerTime:2.5963599 AccTime:50.1368967
