#HEADER matrix_dim:2048 threads:4 block_size:16 block_offset:12 precision:Float
#BEGIN Y:2023 M:10 D:23 Time:10:08:54
#IT 0 KerTime:2.6550294 AccTime:2.6550294
#IT 1 KerTime:2.7026833 AccTime:5.3577127
#IT 2 KerTime:2.6795548 AccTime:8.0372675
#IT 3 KerTime:2.6471866 AccTime:10.6844540
#IT 4 KerTime:2.6691257 AccTime:13.3535797
#IT 5 KerTime:2.6924676 AccTime:16.0460473
#IT 6 KerTime:2.6666021 AccTime:18.7126494
#IT 7 KerTime:2.6329143 AccTime:21.3455637
#IT 8 KerTime:2.6247301 AccTime:23.9702937
#IT 9 KerTime:2.6441664 AccTime:26.6144601
#IT 10 KerTime:2.5983601 AccTime:29.2128202
#IT 11 KerTime:2.6643381 AccTime:31.8771583
#IT 12 KerTime:2.7216176 AccTime:34.5987759
#IT 13 KerTime:2.7047185 AccTime:37.3034944
#IT 14 KerTime:2.6875307 AccTime:39.9910251
#IT 15 KerTime:2.6970045 AccTime:42.6880296
#IT 16 KerTime:2.6726035 AccTime:45.3606331
#IT 17 KerTime:2.6698326 AccTime:48.0304657
#IT 18 KerTime:2.6771802 AccTime:50.7076459
#IT 19 KerTime:2.6852694 AccTime:53.3929153
#ERR  p: [312, 748], r: -9.4399133169957164e+32, e: -6.0387625002269725e+33
#SDC Ite:20 KerTime:2.6852694 AccTime:53.3929153 KerErr:1 AccErr:1
#IT 20 KerTime:2.7092418 AccTime:56.1021570
#IT 21 KerTime:2.7273874 AccTime:58.8295444
#IT 22 KerTime:2.6846531 AccTime:61.5141976
#IT 23 KerTime:2.6930537 AccTime:64.2072513
