#HEADER matrix_dim:2048 threads:4 block_size:16 block_offset:12 precision:Float
#BEGIN Y:2023 M:10 D:21 Time:00:51:08
#IT 0 KerTime:2.6627214 AccTime:2.6627214
#IT 1 KerTime:2.7208174 AccTime:5.3835388
#IT 2 KerTime:2.6448151 AccTime:8.0283540
#IT 3 KerTime:2.6759638 AccTime:10.7043177
#IT 4 KerTime:2.6359955 AccTime:13.3403133
#IT 5 KerTime:2.6522699 AccTime:15.9925831
#IT 6 KerTime:2.6490897 AccTime:18.6416729
#IT 7 KerTime:2.6379597 AccTime:21.2796326
#IT 8 KerTime:2.6212746 AccTime:23.9009072
#IT 9 KerTime:2.5892702 AccTime:26.4901774
#IT 10 KerTime:2.5922135 AccTime:29.0823909
#IT 11 KerTime:2.6533911 AccTime:31.7357820
#IT 12 KerTime:2.6527376 AccTime:34.3885196
#ERR  p: [31, 1821], r: -2.3661074787031845e+34, e: -2.2133040830700485e+34
#SDC Ite:13 KerTime:2.6527376 AccTime:34.3885196 KerErr:1 AccErr:1
#IT 13 KerTime:2.5917845 AccTime:36.9803041
#IT 14 KerTime:2.6574180 AccTime:39.6377221
#IT 15 KerTime:2.6410190 AccTime:42.2787411
#IT 16 KerTime:2.6549126 AccTime:44.9336537
#IT 17 KerTime:2.7280382 AccTime:47.6616919
#IT 18 KerTime:2.7097365 AccTime:50.3714284
#IT 19 KerTime:2.6856686 AccTime:53.0570969
#IT 20 KerTime:2.6393933 AccTime:55.6964902
#IT 21 KerTime:2.6430994 AccTime:58.3395896
#IT 22 KerTime:2.6327045 AccTime:60.9722941
#IT 23 KerTime:2.6371752 AccTime:63.6094693
#IT 24 KerTime:2.6218447 AccTime:66.2313140
#IT 25 KerTime:2.6189194 AccTime:68.8502334
#IT 26 KerTime:2.6279265 AccTime:71.4781599
#IT 27 KerTime:2.5925410 AccTime:74.0707010
#IT 28 KerTime:2.5896256 AccTime:76.6603266
#IT 29 KerTime:2.7308674 AccTime:79.3911940
#IT 30 KerTime:2.7349005 AccTime:82.1260945
#IT 31 KerTime:2.6471370 AccTime:84.7732315
#IT 32 KerTime:2.6735018 AccTime:87.4467332
#IT 33 KerTime:2.6467179 AccTime:90.0934512
#IT 34 KerTime:2.6742563 AccTime:92.7677075
#IT 35 KerTime:2.6593758 AccTime:95.4270833
#IT 36 KerTime:2.6262340 AccTime:98.0533173
#IT 37 KerTime:2.6255771 AccTime:100.6788943
#IT 38 KerTime:2.6317716 AccTime:103.3106660
#IT 39 KerTime:2.6457953 AccTime:105.9564613
#IT 40 KerTime:2.5915835 AccTime:108.5480448
#IT 41 KerTime:2.5905342 AccTime:111.1385790
#ERR  p: [8, 1105], r: 1.7469426072983108e+34, e: 1.0530242314451737e+34
#SDC Ite:42 KerTime:2.5905342 AccTime:111.1385790 KerErr:1 AccErr:2
#IT 42 KerTime:2.6298997 AccTime:113.7684787
#IT 43 KerTime:2.6154708 AccTime:116.3839495
#IT 44 KerTime:2.5925978 AccTime:118.9765473
#IT 45 KerTime:2.6776507 AccTime:121.6541979
#IT 46 KerTime:2.6950401 AccTime:124.3492381
#IT 47 KerTime:2.7320565 AccTime:127.0812946
#IT 48 KerTime:2.7048950 AccTime:129.7861896
#IT 49 KerTime:2.6939053 AccTime:132.4800949
#IT 50 KerTime:2.7043681 AccTime:135.1844629
#IT 51 KerTime:2.6556724 AccTime:137.8401354
#IT 52 KerTime:2.6368234 AccTime:140.4769587
#IT 53 KerTime:2.6501393 AccTime:143.1270980
#IT 54 KerTime:2.6263513 AccTime:145.7534493
#IT 55 KerTime:2.6405439 AccTime:148.3939933
#IT 56 KerTime:2.6221557 AccTime:151.0161490
#IT 57 KerTime:2.6137541 AccTime:153.6299031
#IT 58 KerTime:2.5894396 AccTime:156.2193427
#IT 59 KerTime:2.5930861 AccTime:158.8124287
#IT 60 KerTime:2.6477306 AccTime:161.4601594
#IT 61 KerTime:2.6515704 AccTime:164.1117298
#IT 62 KerTime:2.7295478 AccTime:166.8412776
#IT 63 KerTime:2.6479105 AccTime:169.4891882
#IT 64 KerTime:2.6398820 AccTime:172.1290702
