#HEADER matrix_dim:2048 threads:4 block_size:16 block_offset:12 precision:Float
#BEGIN Y:2023 M:10 D:18 Time:02:22:46
#IT 0 KerTime:2.6896873 AccTime:2.6896873
#IT 1 KerTime:2.7685671 AccTime:5.4582544
#ERR  p: [120, 2023], r: -6.1146736024059716e+34, e: -2.3614421778711336e+34
#ERR  p: [121, 2023], r: -5.0291363613570145e+33, e: -3.1718227339761371e+33
#SDC Ite:2 KerTime:2.7685671 AccTime:5.4582544 KerErr:2 AccErr:2
#IT 2 KerTime:2.5978708 AccTime:8.0561252
#IT 3 KerTime:2.7357260 AccTime:10.7918512
#IT 4 KerTime:2.7115712 AccTime:13.5034223
#ERR  p: [1592, 1809], r: -4.9278580108629990e+34, e: -2.0838903265391706e+34
#SDC Ite:5 KerTime:2.7115712 AccTime:13.5034223 KerErr:1 AccErr:3
#IT 5 KerTime:2.6276888 AccTime:16.1311111
#IT 6 KerTime:2.6293501 AccTime:18.7604611
#IT 7 KerTime:2.6023938 AccTime:21.3628549
#IT 8 KerTime:2.7667182 AccTime:24.1295732
#IT 9 KerTime:2.7785834 AccTime:26.9081566
#IT 10 KerTime:2.7707810 AccTime:29.6789376
#ERR  p: [1718, 1713], r: -5.3621159875959490e+34, e: -3.8852552538445453e+34
#ERR  p: [1719, 1713], r: 2.5332177473703415e+34, e: 1.1596335231303639e+33
#ERR  p: [1721, 1777], r: -6.4931799591176731e+33, e: -1.9151223323654065e+34
#ERR  p: [1722, 1777], r: -5.4015295225667169e+34, e: -6.9974105158671663e+34
#ERR  p: [1590, 1825], r: -4.0590350482673563e+34, e: 1.7197627052807708e+33
#SDC Ite:11 KerTime:2.7707810 AccTime:29.6789376 KerErr:5 AccErr:8
#IT 11 KerTime:2.6248202 AccTime:32.3037578
#ERR  p: [1788, 1781], r: 5.1138684052859416e+33, e: 2.4951798732682294e+33
#ERR  p: [1789, 1781], r: 2.5094380024132037e+33, e: 3.1927201521913057e+34
#ERR  p: [1790, 1781], r: -2.6949937324082179e+34, e: -3.2473749573377474e+34
#SDC Ite:12 KerTime:2.6248202 AccTime:32.3037578 KerErr:3 AccErr:11
#IT 12 KerTime:2.6775858 AccTime:34.9813437
#IT 13 KerTime:2.6422954 AccTime:37.6236390
#IT 14 KerTime:2.6639720 AccTime:40.2876110
#IT 15 KerTime:2.6248946 AccTime:42.9125056
#IT 16 KerTime:2.5988587 AccTime:45.5113643
#IT 17 KerTime:2.6022874 AccTime:48.1136518
