#HEADER matrix_dim:2048 threads:4 block_size:16 block_offset:12 precision:Float
#BEGIN Y:2023 M:10 D:27 Time:17:22:43
#IT 0 KerTime:2.6411146 AccTime:2.6411146
#IT 1 KerTime:2.6701272 AccTime:5.3112418
#IT 2 KerTime:2.6688705 AccTime:7.9801123
#IT 3 KerTime:2.6602570 AccTime:10.6403693
#IT 4 KerTime:2.6511815 AccTime:13.2915508
#ERR  p: [1931, 1115], r: -2.7710926300911766e+34, e: 4.4137532729781538e+33
#SDC Ite:5 KerTime:2.6511815 AccTime:13.2915508 KerErr:1 AccErr:1
#IT 5 KerTime:2.6868796 AccTime:15.9784303
#IT 6 KerTime:2.6380092 AccTime:18.6164395
#IT 7 KerTime:2.6550143 AccTime:21.2714538
#IT 8 KerTime:2.6574056 AccTime:23.9288595
#IT 9 KerTime:2.6389547 AccTime:26.5678142
#IT 10 KerTime:2.6785121 AccTime:29.2463263
#IT 11 KerTime:2.6203951 AccTime:31.8667214
#IT 12 KerTime:2.5976936 AccTime:34.4644150
#ERR  p: [1801, 1113], r: 4.2813923525957491e+34, e: 4.2572228112687414e+34
#ERR  p: [1802, 1113], r: -3.1012903574738289e+34, e: -3.2832165401191613e+34
#SDC Ite:13 KerTime:2.5976936 AccTime:34.4644150 KerErr:2 AccErr:3
#IT 13 KerTime:2.6334532 AccTime:37.0978681
#IT 14 KerTime:2.6342373 AccTime:39.7321055
#ERR  p: [1464, 1361], r: 1.5241731308338379e+33, e: 7.6114658207083905e+32
#ERR  p: [1693, 1488], r: 2.6465655180713738e+34, e: 2.6410210322234224e+34
#SDC Ite:15 KerTime:2.6342373 AccTime:39.7321055 KerErr:2 AccErr:5
#IT 15 KerTime:2.6384629 AccTime:42.3705684
#ERR  p: [786, 1424], r: -6.8491298103735556e+33, e: -7.4719473476583447e+33
#ERR  p: [1533, 1424], r: 1.8819747856459864e+33, e: 2.0545609582829184e+33
#ERR  p: [1756, 1488], r: -1.7781693972012767e+34, e: -1.5881198520181536e+34
#ERR  p: [1757, 1488], r: -1.1767121439123450e+34, e: -1.1125804125891580e+34
#ERR  p: [1772, 1488], r: -2.2660279493432129e+34, e: -2.6518473130429888e+34
#ERR  p: [1773, 1488], r: -2.4145654036009714e+34, e: -2.5192886936363103e+34
#ERR  p: [1943, 1490], r: -1.6261793281739512e+34, e: -1.7232130298612651e+34
#ERR  p: [1944, 1490], r: 1.3695375220455576e+34, e: 1.3114504043461933e+34
#SDC Ite:16 KerTime:2.6384629 AccTime:42.3705684 KerErr:8 AccErr:13
#IT 16 KerTime:2.6955933 AccTime:45.0661617
#ERR  p: [1603, 1368], r: -5.5026840790568039e+34, e: -5.2517105527802902e+34
#ERR  p: [1604, 1368], r: 3.7592995590194071e+34, e: 3.8953234201840533e+34
#SDC Ite:17 KerTime:2.6955933 AccTime:45.0661617 KerErr:2 AccErr:15
#IT 17 KerTime:2.7144143 AccTime:47.7805760
#ERR  p: [1687, 1236], r: -3.3883557780077001e+34, e: -3.3126151401721105e+34
#SDC Ite:18 KerTime:2.7144143 AccTime:47.7805760 KerErr:1 AccErr:16
#IT 18 KerTime:2.6210201 AccTime:50.4015961
#IT 19 KerTime:2.5987715 AccTime:53.0003676
#IT 20 KerTime:2.5946942 AccTime:55.5950619
#IT 21 KerTime:2.7115884 AccTime:58.3066503
#ERR  p: [2024, 1176], r: 2.7541692469901219e+34, e: 2.9025210102419876e+34
#ERR  p: [2025, 1176], r: 1.1133085689202657e+34, e: 1.2145664934036330e+34
#ERR  p: [1862, 1298], r: 1.2161312496132897e+34, e: 1.2185608307343912e+34
#ERR  p: [1277, 1488], r: -4.0628243827276088e+34, e: -4.2740830594277925e+34
#ERR  p: [1960, 1497], r: -1.4335762840717943e+34, e: -1.3809677938102913e+34
#SDC Ite:22 KerTime:2.7115884 AccTime:58.3066503 KerErr:5 AccErr:21
#IT 22 KerTime:2.6218235 AccTime:60.9284738
#IT 23 KerTime:2.5985618 AccTime:63.5270355
#IT 24 KerTime:2.5990241 AccTime:66.1260597
#IT 25 KerTime:2.7301301 AccTime:68.8561897
#IT 26 KerTime:2.7060151 AccTime:71.5622048
#IT 27 KerTime:2.6473690 AccTime:74.2095738
#IT 28 KerTime:2.7005296 AccTime:76.9101035
#ERR  p: [1572, 1272], r: 1.2801253220041082e+34, e: 1.5749855557893436e+34
#ERR  p: [1573, 1272], r: -4.1870712251225174e+34, e: -3.8262156650789548e+34
#SDC Ite:29 KerTime:2.7005296 AccTime:76.9101035 KerErr:2 AccErr:23
#IT 29 KerTime:2.5990687 AccTime:79.5091722
#IT 30 KerTime:2.7112041 AccTime:82.2203763
#IT 31 KerTime:2.7054829 AccTime:84.9258592
#ERR  p: [1576, 1170], r: -1.8296014730434467e+34, e: -2.1941529030742958e+34
#ERR  p: [1577, 1170], r: 2.3956031332552136e+34, e: 2.0369010937039918e+34
#ERR  p: [1954, 1433], r: -6.8264054402484096e+34, e: -6.2587562056383577e+33
#SDC Ite:32 KerTime:2.7054829 AccTime:84.9258592 KerErr:3 AccErr:26
#IT 32 KerTime:2.5943463 AccTime:87.5202055
#IT 33 KerTime:2.5992541 AccTime:90.1194596
#IT 34 KerTime:2.7133349 AccTime:92.8327945
