#HEADER matrix_dim:2048 threads:4 block_size:16 block_offset:12 precision:Float
#BEGIN Y:2023 M:10 D:23 Time:17:57:17
#IT 0 KerTime:2.6989224 AccTime:2.6989224
#IT 1 KerTime:2.6988261 AccTime:5.3977486
#IT 2 KerTime:2.6742394 AccTime:8.0719880
#IT 3 KerTime:2.6603315 AccTime:10.7323195
#IT 4 KerTime:2.6310245 AccTime:13.3633441
#IT 5 KerTime:2.6556006 AccTime:16.0189447
#IT 6 KerTime:2.6356101 AccTime:18.6545548
#IT 7 KerTime:2.6562531 AccTime:21.3108078
#IT 8 KerTime:2.6185510 AccTime:23.9293588
#IT 9 KerTime:2.5933379 AccTime:26.5226967
#IT 10 KerTime:2.5945747 AccTime:29.1172715
#IT 11 KerTime:2.6573965 AccTime:31.7746679
#IT 12 KerTime:2.7002465 AccTime:34.4749144
#IT 13 KerTime:2.7059399 AccTime:37.1808543
#IT 14 KerTime:2.6856753 AccTime:39.8665297
#IT 15 KerTime:2.6698377 AccTime:42.5363674
#IT 16 KerTime:2.6838132 AccTime:45.2201806
#IT 17 KerTime:2.6325561 AccTime:47.8527367
#IT 18 KerTime:2.6495111 AccTime:50.5022478
#IT 19 KerTime:2.6596057 AccTime:53.1618536
#IT 20 KerTime:2.6320310 AccTime:55.7938845
#IT 21 KerTime:2.6388404 AccTime:58.4327249
#ERR  p: [841, 1781], r: 3.9367184019817014e+34, e: 4.8803939042287504e+34
#SDC Ite:22 KerTime:2.6388404 AccTime:58.4327249 KerErr:1 AccErr:1
#IT 22 KerTime:2.6637443 AccTime:61.0964692
