#HEADER matrix_dim:2048 threads:4 block_size:16 block_offset:12 precision:Float
#BEGIN Y:2023 M:10 D:23 Time:17:13:18
#IT 0 KerTime:2.6496592 AccTime:2.6496592
#IT 1 KerTime:2.6941220 AccTime:5.3437812
#IT 2 KerTime:2.7179701 AccTime:8.0617513
#IT 3 KerTime:2.6440456 AccTime:10.7057969
#IT 4 KerTime:2.6814884 AccTime:13.3872853
#ERR  p: [1822, 383], r: 1.1055879082772546e+34, e: -1.9551568490083810e+33
#SDC Ite:5 KerTime:2.6814884 AccTime:13.3872853 KerErr:1 AccErr:1
#IT 5 KerTime:2.6901027 AccTime:16.0773880
#IT 6 KerTime:2.6376228 AccTime:18.7150108
#IT 7 KerTime:2.6364256 AccTime:21.3514364
#IT 8 KerTime:2.6768838 AccTime:24.0283201
#IT 9 KerTime:2.6577998 AccTime:26.6861199
#IT 10 KerTime:2.6580979 AccTime:29.3442178
#IT 11 KerTime:2.6421107 AccTime:31.9863285
#IT 12 KerTime:2.6273733 AccTime:34.6137018
#IT 13 KerTime:2.5942367 AccTime:37.2079385
#IT 14 KerTime:2.6495755 AccTime:39.8575140
#IT 15 KerTime:2.6980321 AccTime:42.5555461
#IT 16 KerTime:2.6513082 AccTime:45.2068543
#IT 17 KerTime:2.6467863 AccTime:47.8536407
#IT 18 KerTime:2.6431312 AccTime:50.4967718
#IT 19 KerTime:2.6875124 AccTime:53.1842842
#IT 20 KerTime:2.6595021 AccTime:55.8437864
#IT 21 KerTime:2.6936291 AccTime:58.5374154
#IT 22 KerTime:2.6804883 AccTime:61.2179037
#IT 23 KerTime:2.6681191 AccTime:63.8860228
#IT 24 KerTime:2.6305409 AccTime:66.5165637
#IT 25 KerTime:2.6382621 AccTime:69.1548258
