#HEADER matrix_dim:2048 threads:4 block_size:16 block_offset:12 precision:Float
#BEGIN Y:2023 M:10 D:21 Time:05:30:10
#IT 0 KerTime:2.7319881 AccTime:2.7319881
#IT 1 KerTime:2.7580609 AccTime:5.4900489
#ERR  p: [1704, 894], r: -3.1691772561121842e+33, e: 1.9674574854662352e+33
#ERR  p: [1151, 1023], r: -6.7234860764383174e+34, e: 5.8660562474062298e+31
#SDC Ite:2 KerTime:2.7580609 AccTime:5.4900489 KerErr:2 AccErr:2
#IT 2 KerTime:2.7017458 AccTime:8.1917947
#IT 3 KerTime:2.6598262 AccTime:10.8516209
#IT 4 KerTime:2.7110877 AccTime:13.5627086
#IT 5 KerTime:2.6514761 AccTime:16.2141847
#IT 6 KerTime:2.6518159 AccTime:18.8660005
#IT 7 KerTime:2.6680661 AccTime:21.5340666
#ERR  p: [1276, 752], r: 4.0919003756063202e+34, e: 1.6274999626078609e+34
#ERR  p: [1277, 752], r: -3.4672024074018567e+34, e: -2.0964640835181922e+34
#ERR  p: [1677, 752], r: -4.9172914498636747e+34, e: -3.4171460543253444e+34
#ERR  p: [1687, 882], r: -3.2794012089180838e+34, e: 3.0436557068588234e+33
#ERR  p: [1846, 882], r: 3.1814496984856438e+34, e: 1.8055501549901907e+34
#ERR  p: [1524, 914], r: 7.0503794942681092e+34, e: 3.8733851419838535e+34
#SDC Ite:8 KerTime:2.6680661 AccTime:21.5340666 KerErr:6 AccErr:8
#IT 8 KerTime:2.6532035 AccTime:24.1872701
#ERR  p: [1805, 825], r: -5.4834162851093505e+34, e: -4.4436605425932453e+34
#ERR  p: [1807, 825], r: -6.3076422102017296e+34, e: -3.9979441928566699e+34
#SDC Ite:9 KerTime:2.6532035 AccTime:24.1872701 KerErr:2 AccErr:10
#IT 9 KerTime:2.5988958 AccTime:26.7861659
#IT 10 KerTime:2.5960459 AccTime:29.3822118
#IT 11 KerTime:2.7104847 AccTime:32.0926965
#ERR  p: [1353, 766], r: 3.8802071819523474e+34, e: 3.2747653710589679e+34
#ERR  p: [1354, 766], r: 8.5768724628385659e+34, e: 6.2016814753031210e+34
#SDC Ite:12 KerTime:2.7104847 AccTime:32.0926965 KerErr:2 AccErr:12
#IT 12 KerTime:2.6259961 AccTime:34.7186925
#IT 13 KerTime:2.5991725 AccTime:37.3178650
#IT 14 KerTime:2.5960279 AccTime:39.9138929
#IT 15 KerTime:2.7370995 AccTime:42.6509924
#ERR  p: [1261, 1008], r: -4.4846670588065657e+34, e: -3.2422714257317895e+34
#SDC Ite:16 KerTime:2.7370995 AccTime:42.6509924 KerErr:1 AccErr:13
#IT 16 KerTime:2.6275933 AccTime:45.2785857
#IT 17 KerTime:2.5981082 AccTime:47.8766939
#IT 18 KerTime:2.6036163 AccTime:50.4803102
#IT 19 KerTime:2.7119651 AccTime:53.1922754
#IT 20 KerTime:2.6751643 AccTime:55.8674397
#IT 21 KerTime:2.6931713 AccTime:58.5606109
#IT 22 KerTime:2.6639873 AccTime:61.2245982
#IT 23 KerTime:2.6973049 AccTime:63.9219031
#IT 24 KerTime:2.6831964 AccTime:66.6050995
#IT 25 KerTime:2.6676833 AccTime:69.2727829
#IT 26 KerTime:2.6608276 AccTime:71.9336105
#IT 27 KerTime:2.6634874 AccTime:74.5970979
#IT 28 KerTime:2.6580019 AccTime:77.2550998
#IT 29 KerTime:2.6572045 AccTime:79.9123043
#IT 30 KerTime:2.6309320 AccTime:82.5432363
#IT 31 KerTime:2.6290659 AccTime:85.1723022
#IT 32 KerTime:2.5985040 AccTime:87.7708062
#IT 33 KerTime:2.7153832 AccTime:90.4861894
#IT 34 KerTime:2.6648536 AccTime:93.1510430
#IT 35 KerTime:2.7150610 AccTime:95.8661041
#IT 36 KerTime:2.7025144 AccTime:98.5686185
#IT 37 KerTime:2.6425591 AccTime:101.2111775
#IT 38 KerTime:2.6802044 AccTime:103.8913820
#ERR  p: [1606, 958], r: -2.1167559014661424e+34, e: -1.9086602853603368e+33
#ERR  p: [1609, 958], r: 1.7293543266021559e+34, e: -7.1476540990870679e+33
#SDC Ite:39 KerTime:2.6802044 AccTime:103.8913820 KerErr:2 AccErr:15
#IT 39 KerTime:2.6969857 AccTime:106.5883676
#IT 40 KerTime:2.6690135 AccTime:109.2573812
#IT 41 KerTime:2.6892090 AccTime:111.9465902
#ERR  p: [1670, 1010], r: -5.7653675277529259e+34, e: -3.8820400759745133e+34
#SDC Ite:42 KerTime:2.6892090 AccTime:111.9465902 KerErr:1 AccErr:16
#IT 42 KerTime:2.5990476 AccTime:114.5456378
#ERR  p: [137, 1480], r: -1.5068191302901177e+34, e: 1.5177242678901866e+34
#SDC Ite:43 KerTime:2.5990476 AccTime:114.5456378 KerErr:1 AccErr:17
#ABORT amount of errors equals of the last iteration
#END
