#HEADER matrix_dim:2048 threads:4 block_size:16 block_offset:12 precision:Float
#BEGIN Y:2023 M:10 D:21 Time:06:55:38
#IT 0 KerTime:2.6260247 AccTime:2.6260247
#ERR  p: [1686, 1213], r: 3.6956820679885393e+34, e: 6.3561754018539050e+34
#SDC Ite:1 KerTime:2.6260247 AccTime:2.6260247 KerErr:1 AccErr:1
#IT 1 KerTime:2.7379626 AccTime:5.3639873
#IT 2 KerTime:2.5930427 AccTime:7.9570300
#IT 3 KerTime:2.7614603 AccTime:10.7184903
#IT 4 KerTime:2.6820617 AccTime:13.4005520
#IT 5 KerTime:2.7080047 AccTime:16.1085568
#IT 6 KerTime:2.6983137 AccTime:18.8068705
#IT 7 KerTime:2.6765233 AccTime:21.4833939
#IT 8 KerTime:2.6632918 AccTime:24.1466856
#ERR  p: [1206, 1329], r: -2.6250122392233917e+34, e: -1.2597879478627122e+34
#SDC Ite:9 KerTime:2.6632918 AccTime:24.1466856 KerErr:1 AccErr:2
#IT 9 KerTime:2.6415251 AccTime:26.7882107
#IT 10 KerTime:2.6394441 AccTime:29.4276548
#IT 11 KerTime:2.6292333 AccTime:32.0568881
#IT 12 KerTime:2.6377717 AccTime:34.6946598
#ERR  p: [1558, 1459], r: -3.3445455751934062e+34, e: -1.3470372190675223e+34
#SDC Ite:13 KerTime:2.6377717 AccTime:34.6946598 KerErr:1 AccErr:3
#IT 13 KerTime:2.6426596 AccTime:37.3373194
#IT 14 KerTime:2.7103333 AccTime:40.0476527
#IT 15 KerTime:2.6557388 AccTime:42.7033915
#IT 16 KerTime:2.6279419 AccTime:45.3313334
#IT 17 KerTime:2.6277255 AccTime:47.9590589
#IT 18 KerTime:2.6496665 AccTime:50.6087254
#IT 19 KerTime:2.6362244 AccTime:53.2449498
#IT 20 KerTime:2.6359136 AccTime:55.8808634
#IT 21 KerTime:2.6193892 AccTime:58.5002526
#IT 22 KerTime:2.5964545 AccTime:61.0967071
#IT 23 KerTime:2.5929373 AccTime:63.6896444
#IT 24 KerTime:2.6418876 AccTime:66.3315320
#IT 25 KerTime:2.6263463 AccTime:68.9578782
#IT 26 KerTime:2.6398089 AccTime:71.5976871
#IT 27 KerTime:2.6848727 AccTime:74.2825598
#IT 28 KerTime:2.6295001 AccTime:76.9120599
#IT 29 KerTime:2.6595552 AccTime:79.5716151
#IT 30 KerTime:2.6703428 AccTime:82.2419579
#IT 31 KerTime:2.6357272 AccTime:84.8776851
#IT 32 KerTime:2.6203132 AccTime:87.4979983
#IT 33 KerTime:2.6321296 AccTime:90.1301280
#IT 34 KerTime:2.6142913 AccTime:92.7444192
#IT 35 KerTime:2.5962048 AccTime:95.3406240
#IT 36 KerTime:2.5922460 AccTime:97.9328700
#IT 37 KerTime:2.6430778 AccTime:100.5759478
#IT 38 KerTime:2.6763453 AccTime:103.2522931
#IT 39 KerTime:2.7274990 AccTime:105.9797921
#IT 40 KerTime:2.6408881 AccTime:108.6206803
#ERR  p: [1743, 763], r: 2.0447972942445736e+34, e: 2.2059160569155934e+34
#ERR  p: [1558, 825], r: 3.6565965871281820e+34, e: 4.3326643627908396e+34
#SDC Ite:41 KerTime:2.6408881 AccTime:108.6206803 KerErr:2 AccErr:5
