#HEADER matrix_dim:2048 threads:4 block_size:16 block_offset:12 precision:Float
#BEGIN Y:2023 M:10 D:20 Time:08:13:05
#IT 0 KerTime:2.6411323 AccTime:2.6411323
#IT 1 KerTime:2.7712608 AccTime:5.4123930
#IT 2 KerTime:2.6474764 AccTime:8.0598694
#IT 3 KerTime:2.6644474 AccTime:10.7243168
#IT 4 KerTime:2.6462416 AccTime:13.3705584
#IT 5 KerTime:2.6791520 AccTime:16.0497104
#IT 6 KerTime:2.6497466 AccTime:18.6994570
#IT 7 KerTime:2.6361374 AccTime:21.3355943
#IT 8 KerTime:2.6620979 AccTime:23.9976922
#IT 9 KerTime:2.6126406 AccTime:26.6103328
#IT 10 KerTime:2.5909773 AccTime:29.2013101
#IT 11 KerTime:2.5882097 AccTime:31.7895198
#IT 12 KerTime:2.7085077 AccTime:34.4980275
#IT 13 KerTime:2.6689050 AccTime:37.1669325
#IT 14 KerTime:2.6766306 AccTime:39.8435631
#IT 15 KerTime:2.6542311 AccTime:42.4977942
#IT 16 KerTime:2.6487115 AccTime:45.1465057
#IT 17 KerTime:2.6706027 AccTime:47.8171084
#IT 18 KerTime:2.6770400 AccTime:50.4941484
#ERR  p: [1644, 560], r: -1.5449412462119032e+34, e: -1.4487493437513034e+34
#ERR  p: [1645, 560], r: -2.4009478155808243e+34, e: -2.3928937776852337e+34
#ERR  p: [1644, 561], r: 2.4244359328132075e+32, e: 1.0561997642854476e+33
#ERR  p: [1645, 561], r: 1.5819046502569175e+34, e: 1.5887180246451363e+34
#ERR  p: [1644, 562], r: 2.1580221374997049e+34, e: 2.1456303577064582e+34
#ERR  p: [1645, 562], r: -3.6137410836721850e+34, e: -3.6147787250131140e+34
#ERR  p: [1644, 563], r: -4.8246859215938866e+33, e: -4.8031801177464112e+33
#ERR  p: [1645, 563], r: 1.5183958503614989e+34, e: 1.5185758468432110e+34
#ERR  p: [1644, 564], r: -3.3988999322923133e+33, e: -2.5962976010421477e+33
#ERR  p: [1645, 564], r: -2.0634979569115294e+33, e: -1.9962976198189618e+33
#ERR  p: [1644, 565], r: 6.9452162403428082e+33, e: 6.7559389221561915e+33
#ERR  p: [1645, 565], r: 1.7114436863197711e+34, e: 1.7098586278934701e+34
#ERR  p: [1644, 566], r: -3.7841573950082576e+34, e: -3.7903362013323388e+34
#ERR  p: [1645, 566], r: 9.5285560135087460e+32, e: 9.4768224992670100e+32
#ERR  p: [1644, 567], r: -4.0621707503868661e+34, e: -4.0472921966427030e+34
#ERR  p: [1645, 567], r: -4.2320837153029653e+33, e: -4.2196263246876365e+33
#ERR  p: [1644, 568], r: 5.2498541378973778e+34, e: 5.3580902065881929e+34
#ERR  p: [1645, 568], r: -3.7986140587870322e+34, e: -3.7895515949354397e+34
#ERR  p: [1644, 569], r: -7.0011562748380360e+33, e: -7.3965951754070829e+33
#ERR  p: [1645, 569], r: -4.5159017715257830e+34, e: -4.5192135087188792e+34
#ERR  p: [1644, 570], r: 3.2284027834716754e+34, e: 3.1565621519358505e+34
#ERR  p: [1645, 570], r: 4.4513550827014275e+34, e: 4.4453401796385477e+34
#ERR  p: [1644, 571], r: 2.7795026995420658e+34, e: 2.8170702183262513e+34
#ERR  p: [1645, 571], r: -1.2136849253531569e+33, e: -1.1822301068949547e+33
#ERR  p: [1644, 572], r: 5.8498396042736031e+34, e: 5.8529215797954080e+34
#ERR  p: [1645, 572], r: 3.3673897779143550e+34, e: 3.3676477646185421e+34
#ERR  p: [1644, 573], r: -7.9155996799674196e+33, e: -7.9008880005405522e+33
#ERR  p: [1645, 573], r: -1.1136512307231399e+34, e: -1.1135281794832349e+34
#ERR  p: [1644, 574], r: 1.3994478865107474e+33, e: 1.5949755639557161e+33
#ERR  p: [1645, 574], r: -2.8069763028339262e+34, e: -2.8053392509259752e+34
#ERR  p: [1644, 575], r: 2.1401083404702199e+33, e: 1.2556088479810907e+33
#ERR  p: [1645, 575], r: -4.2930265130849531e+34, e: -4.3004323655759740e+34
#SDC Ite:19 KerTime:2.6770400 AccTime:50.4941484 KerErr:32 AccErr:32
#IT 19 KerTime:2.6474014 AccTime:53.1415498
#IT 20 KerTime:2.6489564 AccTime:55.7905062
