#HEADER matrix_dim:2048 threads:4 block_size:16 block_offset:12 precision:Float
#BEGIN Y:2023 M:10 D:25 Time:14:26:51
#IT 0 KerTime:2.6748887 AccTime:2.6748887
#IT 1 KerTime:2.6710926 AccTime:5.3459813
#IT 2 KerTime:2.7097080 AccTime:8.0556893
#ERR  p: [1254, 817], r: 2.9368963768408719e+34, e: 3.1701262609463004e+34
#ERR  p: [1255, 817], r: -3.9315854074028085e+34, e: -3.7546362388914191e+34
#SDC Ite:3 KerTime:2.7097080 AccTime:8.0556893 KerErr:2 AccErr:2
#IT 3 KerTime:2.6455100 AccTime:10.7011993
#ERR  p: [1518, 1744], r: 1.0778467706686541e+33, e: -1.0980824016130712e+34
#ERR  p: [1318, 1745], r: 2.6392804885281872e+34, e: 1.9782560364289216e+32
#ERR  p: [1320, 1745], r: -2.5458766746240659e+34, e: -3.0617792728279653e+34
#ERR  p: [1430, 1777], r: 6.0883673765711573e+33, e: -2.6257322251502401e+34
#SDC Ite:4 KerTime:2.6455100 AccTime:10.7011993 KerErr:4 AccErr:6
#IT 4 KerTime:2.6436092 AccTime:13.3448085
#ERR  p: [1542, 945], r: -1.6294187696687532e+34, e: -1.8842403087633816e+34
#ERR  p: [1686, 945], r: 2.2496657244619662e+33, e: -2.6691692509396914e+33
#ERR  p: [1733, 945], r: -2.4289500192694596e+34, e: -2.3320554620425615e+34
#ERR  p: [1734, 945], r: 7.6577825735657285e+33, e: 8.8255635990646491e+33
#ERR  p: [1750, 945], r: 3.6620128223880634e+34, e: 3.4952791350808569e+34
#SDC Ite:5 KerTime:2.6436092 AccTime:13.3448085 KerErr:5 AccErr:11
#IT 5 KerTime:2.6784065 AccTime:16.0232150
#IT 6 KerTime:2.6185984 AccTime:18.6418134
