#HEADER matrix_dim:2048 threads:4 block_size:16 block_offset:12 precision:Float
#BEGIN Y:2023 M:10 D:20 Time:06:12:10
#IT 0 KerTime:2.6498395 AccTime:2.6498395
#IT 1 KerTime:2.7673087 AccTime:5.4171481
#IT 2 KerTime:2.7497206 AccTime:8.1668688
#IT 3 KerTime:2.6433338 AccTime:10.8102026
#IT 4 KerTime:2.6707651 AccTime:13.4809677
#IT 5 KerTime:2.6632195 AccTime:16.1441872
#IT 6 KerTime:2.6715152 AccTime:18.8157024
#IT 7 KerTime:2.6455082 AccTime:21.4612106
#IT 8 KerTime:2.6476409 AccTime:24.1088515
#IT 9 KerTime:2.6223809 AccTime:26.7312323
#IT 10 KerTime:2.6164823 AccTime:29.3477147
#IT 11 KerTime:2.5903508 AccTime:31.9380655
#IT 12 KerTime:2.5927225 AccTime:34.5307879
#IT 13 KerTime:2.7074133 AccTime:37.2382012
#IT 14 KerTime:2.7006642 AccTime:39.9388654
#IT 15 KerTime:2.6980597 AccTime:42.6369251
#IT 16 KerTime:2.6582977 AccTime:45.2952228
#IT 17 KerTime:2.7047686 AccTime:47.9999914
#IT 18 KerTime:2.6446895 AccTime:50.6446809
#IT 19 KerTime:2.6607118 AccTime:53.3053927
#IT 20 KerTime:2.6604565 AccTime:55.9658492
#ERR  p: [1193, 1903], r: 7.2512585389149007e+32, e: 3.0796412620668062e+34
#SDC Ite:21 KerTime:2.6604565 AccTime:55.9658492 KerErr:1 AccErr:1
#IT 21 KerTime:2.6780995 AccTime:58.6439487
#IT 22 KerTime:2.6481478 AccTime:61.2920965
#IT 23 KerTime:2.6928659 AccTime:63.9849624
#IT 24 KerTime:2.6518786 AccTime:66.6368410
#IT 25 KerTime:2.6562144 AccTime:69.2930554
#IT 26 KerTime:2.6265808 AccTime:71.9196362
#IT 27 KerTime:2.6229214 AccTime:74.5425576
#ERR  p: [1896, 1641], r: -3.1803427325025148e+34, e: -1.8600258302129478e+34
#SDC Ite:28 KerTime:2.6229214 AccTime:74.5425576 KerErr:1 AccErr:2
#IT 28 KerTime:2.6448554 AccTime:77.1874130
