#HEADER matrix_dim:2048 threads:4 block_size:16 block_offset:12 precision:Float
#BEGIN Y:2023 M:10 D:28 Time:16:34:24
#IT 0 KerTime:2.7059551 AccTime:2.7059551
#IT 1 KerTime:2.6420966 AccTime:5.3480517
#IT 2 KerTime:2.6477608 AccTime:7.9958125
#IT 3 KerTime:2.6214016 AccTime:10.6172141
#IT 4 KerTime:2.6376663 AccTime:13.2548804
#IT 5 KerTime:2.6358940 AccTime:15.8907745
#IT 6 KerTime:2.6279815 AccTime:18.5187560
#IT 7 KerTime:2.6348588 AccTime:21.1536147
#IT 8 KerTime:2.6122342 AccTime:23.7658489
#IT 9 KerTime:2.5924993 AccTime:26.3583482
#IT 10 KerTime:2.6317930 AccTime:28.9901412
#IT 11 KerTime:2.6836418 AccTime:31.6737829
#IT 12 KerTime:2.6378830 AccTime:34.3116659
#IT 13 KerTime:2.6671258 AccTime:36.9787917
#IT 14 KerTime:2.6294167 AccTime:39.6082084
#IT 15 KerTime:2.6450995 AccTime:42.2533078
#IT 16 KerTime:2.6304999 AccTime:44.8838077
#IT 17 KerTime:2.6335170 AccTime:47.5173247
#IT 18 KerTime:2.6278547 AccTime:50.1451793
#IT 19 KerTime:2.6265570 AccTime:52.7717363
#IT 20 KerTime:2.6046012 AccTime:55.3763375
#IT 21 KerTime:2.5954935 AccTime:57.9718311
#IT 22 KerTime:2.6235085 AccTime:60.5953396
#IT 23 KerTime:2.6220917 AccTime:63.2174313
#IT 24 KerTime:2.6265923 AccTime:65.8440236
#IT 25 KerTime:2.6385473 AccTime:68.4825709
#IT 26 KerTime:2.6898673 AccTime:71.1724382
#IT 27 KerTime:2.6492136 AccTime:73.8216518
#IT 28 KerTime:2.6790236 AccTime:76.5006754
#IT 29 KerTime:2.6474672 AccTime:79.1481426
#IT 30 KerTime:2.6529997 AccTime:81.8011423
#IT 31 KerTime:2.6206683 AccTime:84.4218106
#IT 32 KerTime:2.6263354 AccTime:87.0481460
#IT 33 KerTime:2.5972703 AccTime:89.6454163
#IT 34 KerTime:2.5949256 AccTime:92.2403419
#IT 35 KerTime:2.6609008 AccTime:94.9012427
#IT 36 KerTime:2.6840436 AccTime:97.5852863
#IT 37 KerTime:2.6492223 AccTime:100.2345085
#IT 38 KerTime:2.6467460 AccTime:102.8812545
#IT 39 KerTime:2.6636531 AccTime:105.5449076
#IT 40 KerTime:2.6593408 AccTime:108.2042483
#IT 41 KerTime:2.6330157 AccTime:110.8372641
#IT 42 KerTime:2.6194443 AccTime:113.4567083
#IT 43 KerTime:2.6538698 AccTime:116.1105781
#ERR  p: [1622, 1969], r: 1.1094957909705192e+33, e: -2.0942268782791957e+34
#SDC Ite:44 KerTime:2.6538698 AccTime:116.1105781 KerErr:1 AccErr:1
#IT 44 KerTime:2.6510211 AccTime:118.7615992
#IT 45 KerTime:2.6602670 AccTime:121.4218662
#IT 46 KerTime:2.6584951 AccTime:124.0803612
#IT 47 KerTime:2.6251875 AccTime:126.7055487
