#HEADER matrix_dim:2048 threads:4 block_size:16 block_offset:12 precision:Float
#BEGIN Y:2023 M:10 D:27 Time:07:40:21
#IT 0 KerTime:2.6546164 AccTime:2.6546164
#IT 1 KerTime:2.6826078 AccTime:5.3372243
#IT 2 KerTime:2.6393670 AccTime:7.9765913
#IT 3 KerTime:2.6515592 AccTime:10.6281505
#IT 4 KerTime:2.6499072 AccTime:13.2780578
#IT 5 KerTime:2.6321324 AccTime:15.9101902
#IT 6 KerTime:2.6173218 AccTime:18.5275119
#IT 7 KerTime:2.5949769 AccTime:21.1224889
#IT 8 KerTime:2.6605472 AccTime:23.7830361
#IT 9 KerTime:2.6341856 AccTime:26.4172216
#IT 10 KerTime:2.7123890 AccTime:29.1296107
#IT 11 KerTime:2.7127095 AccTime:31.8423202
#IT 12 KerTime:2.7350794 AccTime:34.5773996
#IT 13 KerTime:2.6853959 AccTime:37.2627955
#IT 14 KerTime:2.6558265 AccTime:39.9186220
#IT 15 KerTime:2.6937500 AccTime:42.6123720
#IT 16 KerTime:2.6671755 AccTime:45.2795475
#IT 17 KerTime:2.6483268 AccTime:47.9278743
#IT 18 KerTime:2.6517122 AccTime:50.5795866
#ERR  p: [1, 1856], r: -1.8188316422896718e+34, e: -1.8220396401074759e+34
#ERR  p: [2, 1856], r: -6.5596362942466301e+33, e: -6.5747267833255189e+33
#ERR  p: [1, 1857], r: -8.2636576634728579e+33, e: -9.7395458715293989e+33
#ERR  p: [2, 1857], r: -7.2667482636564590e+33, e: -7.9610444588095859e+33
#ERR  p: [1, 1858], r: -6.8727118253579185e+34, e: -6.7661875801534273e+34
#ERR  p: [2, 1858], r: 1.4729221037224133e+34, e: 1.5230334213366698e+34
#ERR  p: [1, 1859], r: -8.6921155197397441e+33, e: -9.7125173076816616e+33
#ERR  p: [2, 1859], r: 3.0468445166060186e+34, e: 2.9988421536426887e+34
#ERR  p: [1, 1860], r: 4.0299310779437570e+34, e: 4.1659296851316017e+34
#ERR  p: [2, 1860], r: -1.3590573692609755e+34, e: -1.2950801328546913e+34
#ERR  p: [1, 1861], r: -1.4934616334722245e+34, e: -1.4085540496457267e+34
#ERR  p: [2, 1861], r: 8.3104239433069613e+33, e: 8.7098502487425464e+33
#ERR  p: [1, 1862], r: -1.6843088762681621e+33, e: -4.0437048320998599e+32
#ERR  p: [2, 1862], r: -1.3970981525221798e+34, e: -1.3368864821273939e+34
#ERR  p: [1, 1863], r: 4.1735108918291873e+33, e: 5.0896960785938455e+33
#ERR  p: [2, 1863], r: 2.2177834453081988e+34, e: 2.2608830705399428e+34
#ERR  p: [1, 1864], r: 6.2988258488299469e+33, e: 4.9112330951054160e+33
#ERR  p: [2, 1864], r: 1.2805915302229031e+34, e: 1.2153156947154085e+34
#ERR  p: [1, 1865], r: 5.5823460157608338e+34, e: 5.5383119933874371e+34
#ERR  p: [2, 1865], r: 3.4604571197157985e+34, e: 3.4397429166264441e+34
#ERR  p: [1, 1866], r: -2.0552467461161815e+34, e: -2.0658341045081658e+34
#ERR  p: [2, 1866], r: 3.9902637652649355e+34, e: 3.9852832848988826e+34
#ERR  p: [1, 1867], r: 9.5999754359462041e+34, e: 9.4832109507367442e+34
#ERR  p: [2, 1867], r: -1.0599943290423661e+34, e: -1.1149232141135056e+34
#ERR  p: [1, 1868], r: -2.4475285282030389e+34, e: -2.3248565931261092e+34
#ERR  p: [2, 1868], r: -4.8650016053682838e+33, e: -4.2879203818049127e+33
#ERR  p: [1, 1869], r: 1.0307174184952787e+34, e: 1.0973172308747889e+34
#ERR  p: [2, 1869], r: -4.1232133261360204e+34, e: -4.0918825492697545e+34
#ERR  p: [1, 1870], r: -9.3083682609962028e+33, e: -9.3462356088579033e+33
#ERR  p: [2, 1870], r: -1.8019158106228567e+34, e: -1.8036972063393883e+34
#ERR  p: [1, 1871], r: -6.3050328801869238e+33, e: -5.2879320593597608e+33
#ERR  p: [2, 1871], r: 2.6501342516166257e+34, e: 2.6979811293110213e+34
#SDC Ite:19 KerTime:2.6517122 AccTime:50.5795866 KerErr:32 AccErr:32
#IT 19 KerTime:2.6763650 AccTime:53.2559516
#IT 20 KerTime:2.6740089 AccTime:55.9299605
#IT 21 KerTime:2.6714023 AccTime:58.6013627
