#HEADER matrix_dim:2048 threads:4 block_size:16 block_offset:12 precision:Float
#BEGIN Y:2023 M:10 D:27 Time:03:51:02
#IT 0 KerTime:2.6485159 AccTime:2.6485159
#ERR  p: [0, 1328], r: 6.1428827896691754e+34, e: 1.6280094987280307e+34
#ERR  p: [1, 1328], r: 8.5397104932112502e+34, e: 1.3086678865198915e+34
#ERR  p: [2, 1328], r: 6.5217126201131422e+33, e: -2.7612658620593293e+34
#ERR  p: [3, 1328], r: 1.3110687226732808e+35, e: 4.5780750817068205e+34
#ERR  p: [4, 1328], r: 2.2967255941557866e+35, e: 1.1606930760099883e+34
#ERR  p: [5, 1328], r: 6.3981385981295851e+34, e: 8.3194855096520254e+32
#ERR  p: [6, 1328], r: 2.2827124100166855e+34, e: -2.4992674893809478e+34
#ERR  p: [7, 1328], r: -3.0419125634895057e+34, e: 2.9597143352329879e+34
#ERR  p: [8, 1328], r: 2.2391963417557258e+34, e: 2.2543536795967360e+34
#ERR  p: [9, 1328], r: 7.0803113988899825e+34, e: -3.9714131571107213e+34
#ERR  p: [10, 1328], r: 6.1477256111028598e+34, e: 3.0138118197737433e+34
#ERR  p: [11, 1328], r: -2.4114037047406365e+34, e: -2.8917258017174073e+33
#ERR  p: [12, 1328], r: -5.8643646023425463e+34, e: 5.5999065666001087e+33
#ERR  p: [13, 1328], r: -1.5029867650340996e+35, e: -4.6767329607256767e+34
#ERR  p: [14, 1328], r: -1.4457672947494696e+35, e: -2.6803456830993697e+34
#ERR  p: [15, 1328], r: 2.8062367574544571e+34, e: -2.0819893458148440e+34
#ERR  p: [16, 1328], r: 3.4375953382462918e+34, e: -2.3179340324264253e+34
#ERR  p: [17, 1328], r: -1.2082506718760037e+35, e: 1.7818988153636278e+34
#ERR  p: [18, 1328], r: -1.2273929882210751e+35, e: 1.3610411062769283e+33
#ERR  p: [19, 1328], r: 7.1062818953861426e+34, e: 4.7321698963889389e+34
#ERR  p: [20, 1328], r: -1.0150091230603841e+35, e: -1.9075695363917225e+34
#ERR  p: [21, 1328], r: 4.2113912999583023e+34, e: 7.9320572262316913e+34
#ERR  p: [22, 1328], r: -5.7759910339940573e+34, e: 4.7891567329813864e+33
#ERR  p: [23, 1328], r: 8.4236966948416129e+34, e: 2.2246931314314740e+34
#ERR  p: [24, 1328], r: -1.1255684585817269e+35, e: -4.5135873188283350e+34
#ERR  p: [25, 1328], r: 1.7610401446716888e+34, e: 2.2686692182110322e+34
#ERR  p: [26, 1328], r: -4.3991575885329673e+34, e: -3.7519947843325939e+33
#ERR  p: [27, 1328], r: 8.0492797492556868e+34, e: 1.0647679496278545e+34
#ERR  p: [28, 1328], r: 1.6797640084328331e+35, e: 1.7801691655407383e+34
#ERR  p: [29, 1328], r: -2.6548904172475601e+34, e: -3.1440923819201288e+34
#ERR  p: [30, 1328], r: -3.9865162731780108e+34, e: -2.8501644407784792e+33
#ERR  p: [31, 1328], r: -4.2087371565140744e+34, e: -8.4474341950949101e+33
#ERR  p: [32, 1328], r: 1.9788227901377072e+35, e: 1.4185042402994908e+34
#ERR  p: [33, 1328], r: 5.8877314633480814e+34, e: 2.8808319293716959e+33
#ERR  p: [34, 1328], r: -7.0072041071059608e+34, e: -1.2284868815573893e+34
#ERR  p: [35, 1328], r: -8.6346902047853817e+34, e: -3.0494761295415315e+34
#ERR  p: [36, 1328], r: 2.7182830983672937e+34, e: 1.7572985946969526e+34
#ERR  p: [37, 1328], r: 1.0802998881247525e+34, e: -6.0649950686294493e+34
#ERR  p: [38, 1328], r: -1.7414463020766884e+35, e: -3.0412926031178316e+34
#ERR  p: [39, 1328], r: 5.3204820833707188e+34, e: -3.5955946777093183e+33
#ERR  p: [40, 1328], r: 2.4488016752570416e+35, e: -2.6427009168567327e+34
#ERR  p: [41, 1328], r: -1.5913930149996258e+35, e: -4.0312284391049280e+34
#ERR  p: [42, 1328], r: -1.6286306475221426e+35, e: -3.5240934274352634e+34
#ERR  p: [43, 1328], r: -1.0493466086940663e+35, e: -3.3746998138463352e+34
#ERR  p: [44, 1328], r: -1.6055221693616071e+35, e: -1.5682372970471912e+34
#ERR  p: [45, 1328], r: 1.5026271682114880e+35, e: 4.8467258965683137e+34
#ERR  p: [46, 1328], r: 3.5390160518448251e+34, e: 1.8546750819811446e+34
#ERR  p: [47, 1328], r: -1.4365139405438193e+35, e: -6.2927407545668396e+33
#ERR  p: [48, 1328], r: -1.0997284904833090e+35, e: 7.2317040380543488e+33
#ERR  p: [49, 1328], r: 5.7256162827394409e+33, e: 9.5940414941618936e+33
#ERR  p: [50, 1328], r: -1.4297847213194710e+34, e: -1.8428010087123271e+34
#ERR  p: [51, 1328], r: 1.1678342074030083e+35, e: 2.1501703171095315e+31
#ERR  p: [52, 1328], r: -5.6476285361445405e+34, e: 2.7011269825388533e+34
#ERR  p: [53, 1328], r: -1.3037333832468977e+35, e: -4.2543483144975207e+34
#ERR  p: [54, 1328], r: -1.1754282267800006e+35, e: -7.2817675711830889e+33
#ERR  p: [55, 1328], r: 3.4928592098920619e+34, e: 4.7616279175637738e+34
#ERR  p: [56, 1328], r: 1.3744292668695946e+35, e: 4.0855910904020984e+34
#ERR  p: [57, 1328], r: -1.3065723016213893e+34, e: -5.7716800316012499e+33
#ERR  p: [58, 1328], r: -5.0323545102831408e+34, e: 3.2243356552666072e+34
#ERR  p: [59, 1328], r: 1.5929886701926631e+35, e: -2.1880342606361239e+34
#ERR  p: [60, 1328], r: 5.1463059005473286e+34, e: 1.3323220734085448e+34
#ERR  p: [61, 1328], r: -8.8711575496815493e+34, e: -1.8193141913169852e+34
#ERR  p: [62, 1328], r: 1.7300627996866389e+34, e: 7.8773999452051710e+33
#ERR  p: [63, 1328], r: 2.4869950470074883e+34, e: 3.5414042857686145e+34
#ERR  p: [64, 1328], r: 4.5310937716878932e+34, e: 3.0097101530415790e+33
#ERR  p: [65, 1328], r: -1.0618538635341775e+35, e: 2.7086972953640933e+33
#ERR  p: [66, 1328], r: -2.5549240356071792e+34, e: 9.5679246731530899e+33
#ERR  p: [67, 1328], r: 8.8458391999980847e+34, e: 1.4105798147260133e+34
#ERR  p: [68, 1328], r: 1.7648100929909261e+35, e: 3.7335731842989941e+34
#ERR  p: [69, 1328], r: 8.1205063625320261e+34, e: -1.8796220806013246e+33
#ERR  p: [70, 1328], r: -2.9912057967163529e+34, e: 1.3400712066724595e+34
#ERR  p: [71, 1328], r: -1.7500942540855267e+35, e: -5.2765134242313963e+34
#ERR  p: [72, 1328], r: -1.5208645008702402e+35, e: -8.1193585754761017e+31
#ERR  p: [73, 1328], r: -1.0017850885581263e+34, e: -4.8013238266575028e+33
#ERR  p: [74, 1328], r: 4.6541435260648128e+34, e: -1.3857969979035436e+34
#ERR  p: [75, 1328], r: 2.7947548635900852e+34, e: -1.0613898588486526e+34
#ERR  p: [76, 1328], r: -1.1924838713948525e+35, e: -2.5343806682432462e+34
#ERR  p: [77, 1328], r: -1.3634524030236496e+35, e: -8.2351206696872513e+33
#ERR  p: [78, 1328], r: -7.3545958312822556e+34, e: 4.2571727984911542e+34
#ERR  p: [79, 1328], r: 2.8720100591667385e+32, e: 1.3514736247863093e+34
#ERR  p: [80, 1328], r: 1.4364261458362331e+34, e: -1.6969128854068937e+32
#ERR  p: [81, 1328], r: 9.5262259008698011e+34, e: -5.0900891245563186e+33
#ERR  p: [82, 1328], r: -7.7099980178647583e+34, e: -1.6913052491426883e+33
#ERR  p: [83, 1328], r: -1.4139654074218534e+35, e: -1.5174223343146049e+34
#ERR  p: [84, 1328], r: 1.7207765162759436e+34, e: 5.0613653875157858e+34
#ERR  p: [85, 1328], r: -8.0676854417597818e+34, e: 9.5079576197100668e+33
#ERR  p: [86, 1328], r: 3.0286346662161386e+34, e: -3.6064743137445778e+33
#ERR  p: [87, 1328], r: 1.1173156570334285e+34, e: -2.2943695961906202e+34
#ERR  p: [88, 1328], r: -4.6220962295038086e+34, e: -3.0413197140046919e+33
#ERR  p: [89, 1328], r: 8.8557288553839278e+34, e: 5.1987316708590330e+34
#ERR  p: [90, 1328], r: -8.2622069215408193e+34, e: -1.4688470527010937e+34
#ERR  p: [91, 1328], r: -9.8354955091243106e+33, e: -2.9709934545189248e+34
#ERR  p: [92, 1328], r: 9.4308728265798212e+34, e: -2.0847677784390161e+34
#ERR  p: [93, 1328], r: -9.5488485123237179e+34, e: 3.2953394393358752e+34
#ERR  p: [94, 1328], r: -4.2893374517678827e+34, e: 1.9700572833427385e+34
#ERR  p: [95, 1328], r: -1.7796544795900050e+35, e: -5.2220306927504153e+34
#ERR  p: [96, 1328], r: 1.1738240545594930e+35, e: 3.2888375306615405e+34
#ERR  p: [97, 1328], r: -3.1843333560131551e+34, e: 1.1291561821271814e+34
#ERR  p: [98, 1328], r: 2.6043980616892116e+34, e: 1.1796929797329403e+34
#ERR  p: [99, 1328], r: 2.6284405903681887e+34, e: -2.9720593208927495e+34
#ERR  p: [100, 1328], r: -6.9822180205290404e+34, e: 1.3662242993244142e+34
#ERR  p: [101, 1328], r: 1.2874432807523398e+35, e: 2.5822112051291233e+34
#ERR  p: [102, 1328], r: -1.1220532040461721e+35, e: -4.5950581335177688e+34
#ERR  p: [103, 1328], r: 6.6265231849212507e+34, e: 5.2999202707002004e+33
#ERR  p: [104, 1328], r: 1.4464055766337252e+35, e: 3.1214231001267310e+33
#ERR  p: [105, 1328], r: -3.1017627553928203e+33, e: -4.5638457037192586e+34
#ERR  p: [106, 1328], r: -8.7406073641946074e+34, e: 5.6380734959513163e+33
#ERR  p: [107, 1328], r: -7.1223523378001297e+34, e: -3.0571716600017451e+34
#ERR  p: [108, 1328], r: 3.0953945442427284e+34, e: 4.2538145147525808e+34
#ERR  p: [109, 1328], r: -1.2582318572333305e+34, e: -1.8115249487957977e+34
#ERR  p: [110, 1328], r: 2.7045628851178899e+33, e: -8.3518014701500555e+33
#ERR  p: [111, 1328], r: 1.3235110104201303e+35, e: -1.6031973427266299e+34
#ERR  p: [112, 1328], r: -1.1148139040080367e+33, e: -8.3489746340703473e+34
#ERR  p: [113, 1328], r: -5.9816638776489775e+34, e: -6.3524843598327717e+33
#ERR  p: [114, 1328], r: 3.6462266110070962e+34, e: 1.1693306788400981e+34
#ERR  p: [115, 1328], r: -7.0969740718187637e+33, e: 1.9150499128731083e+33
#ERR  p: [116, 1328], r: -1.6688404255261789e+35, e: 1.0957388573247001e+34
#ERR  p: [117, 1328], r: -9.7694880510535984e+34, e: 3.8301357260073559e+34
#ERR  p: [118, 1328], r: 1.9755368020974281e+35, e: 2.7542539220888090e+34
#ERR  p: [119, 1328], r: -5.9392703734156418e+34, e: -6.5188919737336304e+33
#ERR  p: [120, 1328], r: -3.9132230428000885e+34, e: -1.1238171943257514e+34
#ERR  p: [121, 1328], r: 9.5281199491299078e+33, e: -7.7237517792892268e+33
#ERR  p: [122, 1328], r: 8.0761034340269224e+34, e: 2.3098444656517071e+33
#ERR  p: [123, 1328], r: -8.4645318801534962e+34, e: -1.8205193259452295e+34
#ERR  p: [124, 1328], r: -4.1517874581228055e+34, e: 4.0886953488446104e+34
#ERR  p: [125, 1328], r: -2.2205930740213609e+35, e: 3.9703554611411559e+34
#ERR  p: [126, 1328], r: -1.2588568684003649e+35, e: 1.8037450217734057e+33
#ERR  p: [127, 1328], r: 2.5444342268902906e+34, e: -2.3490003853002998e+34
#ERR  p: [128, 1328], r: 1.1923814689948029e+35, e: 9.0717440690970577e+33
#ERR  p: [129, 1328], r: 1.4251891165116319e+34, e: 3.1258241007603945e+34
#ERR  p: [130, 1328], r: -1.2367868207675335e+33, e: 3.2625226392464512e+34
#ERR  p: [131, 1328], r: 1.1333849110249779e+35, e: -1.4725415609543370e+34
#ERR  p: [132, 1328], r: 3.3913135633847638e+35, e: 2.7459203573323477e+34
#ERR  p: [133, 1328], r: -1.5464683690443656e+35, e: 7.2798425744220001e+33
#ERR  p: [134, 1328], r: -5.5130525696498425e+34, e: -1.4058713097865914e+34
#ERR  p: [135, 1328], r: 1.0516389765412134e+35, e: 1.0382847602644243e+33
#ERR  p: [136, 1328], r: -8.1937295255037249e+34, e: 1.0708685181414529e+34
#ERR  p: [137, 1328], r: 1.3812946842570650e+35, e: 1.7278540670685459e+34
#ERR  p: [138, 1328], r: -1.8610378461950636e+35, e: 3.4878383726807282e+34
#ERR  p: [139, 1328], r: -6.5796384342253876e+34, e: 1.0050789375176549e+34
#ERR  p: [140, 1328], r: -8.8939344084643610e+33, e: -4.7964085857315202e+34
#ERR  p: [141, 1328], r: -3.4526429945998213e+34, e: 5.6848806278067162e+34
#ERR  p: [142, 1328], r: -1.6429560153803506e+34, e: -7.6587122665352318e+33
#ERR  p: [143, 1328], r: -3.5487474984936475e+34, e: -3.8710350366132741e+34
#ERR  p: [144, 1328], r: 5.7858460270588003e+34, e: 5.0361972618560885e+33
#ERR  p: [145, 1328], r: -1.3128828495244512e+35, e: -4.9570615115657568e+34
#ERR  p: [146, 1328], r: -1.7281878652207389e+35, e: -2.3217936818809093e+34
#ERR  p: [147, 1328], r: 5.9638301134430323e+34, e: -3.0486538897674382e+34
#ERR  p: [148, 1328], r: 2.2283626332959238e+34, e: -1.6715329946292261e+34
#ERR  p: [149, 1328], r: -5.5317938676985878e+32, e: 8.9855240212409095e+33
#ERR  p: [150, 1328], r: -3.0533276085917562e+34, e: -2.2632207965101294e+34
#ERR  p: [151, 1328], r: -3.9954913384628298e+34, e: -2.9849290693351643e+33
#ERR  p: [152, 1328], r: 5.4367944728778317e+34, e: -2.6362963102694858e+34
#ERR  p: [153, 1328], r: 1.2500512523481233e+35, e: -4.8366063557171754e+33
#ERR  p: [154, 1328], r: 8.9817749198319338e+34, e: -4.7287149295332974e+33
#ERR  p: [155, 1328], r: 3.6567055258516391e+34, e: -1.3983775635527813e+34
#ERR  p: [156, 1328], r: 3.8867108237427370e+34, e: -1.4241316681300743e+34
#ERR  p: [157, 1328], r: 5.8929025864801843e+34, e: 1.6011528847517501e+34
#ERR  p: [158, 1328], r: 8.1527524722633396e+33, e: -2.1662631043412277e+34
#ERR  p: [159, 1328], r: -1.2426320301046782e+35, e: -2.3325778417906389e+33
#ERR  p: [160, 1328], r: 1.0288176014345890e+35, e: -3.5330578464357446e+34
#ERR  p: [161, 1328], r: 2.1747972153840532e+35, e: 2.5720244441338518e+34
#ERR  p: [162, 1328], r: -6.0828951864215002e+34, e: -2.8060384394601636e+34
#ERR  p: [163, 1328], r: -2.6075345065727450e+34, e: -1.0383089619921924e+34
#ERR  p: [164, 1328], r: -1.8317990889599869e+35, e: -5.5502675231108396e+34
#ERR  p: [165, 1328], r: -5.1645858183434322e+34, e: 5.8152425226136828e+33
#ERR  p: [166, 1328], r: -2.1189764192734094e+35, e: -2.6943938266651802e+33
#ERR  p: [167, 1328], r: -4.9567782708847683e+34, e: 1.5615516471225255e+33
#ERR  p: [168, 1328], r: 2.3841450078395960e+34, e: -1.2879575210446589e+34
#ERR  p: [169, 1328], r: -1.6560613190534406e+35, e: -1.8676969732543875e+34
#ERR  p: [170, 1328], r: -6.0568840854920515e+34, e: 2.0558623736977182e+34
#ERR  p: [171, 1328], r: 4.8363890972402808e+34, e: 2.3954832232881584e+32
#ERR  p: [172, 1328], r: -1.6887784897285029e+34, e: -1.5069322780097084e+34
#ERR  p: [173, 1328], r: -8.3722172058959382e+34, e: -2.9986926104859431e+34
#ERR  p: [174, 1328], r: 8.9980315484278294e+34, e: 1.4280366261899961e+34
#ERR  p: [175, 1328], r: 7.7972247585608534e+34, e: 2.7456135957906128e+34
#ERR  p: [176, 1328], r: -8.7848805565835940e+33, e: -2.0868358810686462e+34
#ERR  p: [177, 1328], r: -1.1350814830900177e+35, e: 1.6765856468995694e+34
#ERR  p: [178, 1328], r: 1.2934508552101870e+35, e: 1.9506332613623273e+34
#ERR  p: [179, 1328], r: 4.3632454431693142e+34, e: 1.9546724121225076e+34
#ERR  p: [180, 1328], r: -3.9559168712869548e+34, e: -1.8771907354156671e+34
#ERR  p: [181, 1328], r: -1.7980695309207970e+34, e: -2.8684209615078404e+34
#ERR  p: [182, 1328], r: -7.2962774663835528e+33, e: 8.7125817634392296e+32
#ERR  p: [183, 1328], r: 4.2871596676507718e+34, e: -1.4804658627338106e+34
#ERR  p: [184, 1328], r: -2.7825425851025350e+32, e: -2.4950862231042575e+34
#ERR  p: [185, 1328], r: 7.7486950331407879e+34, e: -2.3452224398884087e+34
#ERR  p: [186, 1328], r: -1.8690044855238807e+34, e: -4.0892680199067838e+34
#ERR  p: [187, 1328], r: -5.9453809692435584e+33, e: 1.8556365900096575e+34
#ERR  p: [188, 1328], r: -1.6072961869555046e+35, e: 3.8253533160475886e+34
#ERR  p: [189, 1328], r: 1.9240939314181155e+34, e: -1.3002775003156270e+34
#ERR  p: [190, 1328], r: 4.8586116064735005e+34, e: -1.3236951168627729e+34
#ERR  p: [191, 1328], r: -2.9179729778123477e+34, e: 3.6608003839135873e+34
#ERR  p: [192, 1328], r: -6.7337446379558674e+34, e: -9.4268378848157744e+33
#ERR  p: [193, 1328], r: -7.8313755628366113e+34, e: -2.7378509689802699e+34
#ERR  p: [194, 1328], r: -8.2244180590776095e+34, e: -2.8776448527405557e+34
#ERR  p: [195, 1328], r: -1.0623051669548994e+35, e: -5.9436833820676863e+34
#ERR  p: [196, 1328], r: 9.0837484974520120e+34, e: 2.3262492756703052e+34
#ERR  p: [197, 1328], r: -5.4679520619326015e+33, e: 2.4555332960850660e+34
#ERR  p: [198, 1328], r: 8.0601998659302310e+34, e: 1.3957882881666120e+34
#ERR  p: [199, 1328], r: 8.0389261139431196e+34, e: -1.3743591747045703e+33
#ERR  p: [200, 1328], r: -3.8772244892216932e+34, e: 7.9623467717309142e+32
#ERR  p: [201, 1328], r: -9.7525847225811801e+34, e: -4.0474301031630794e+34
#ERR  p: [202, 1328], r: -1.1092008115231082e+35, e: 5.5821594581969135e+33
#ERR  p: [203, 1328], r: -3.5228671240323473e+34, e: 1.1153671394115933e+34
#ERR  p: [204, 1328], r: -7.7803125169201522e+34, e: -2.0630638422882530e+34
#ERR  p: [205, 1328], r: -1.6074164156921200e+35, e: -3.3963786198143008e+34
#ERR  p: [206, 1328], r: -1.1614861003991545e+34, e: 6.0686915575867555e+31
#ERR  p: [207, 1328], r: 2.1770822051085662e+34, e: 1.7891824831727712e+34
#ERR  p: [208, 1328], r: 1.0126201958901728e+35, e: -9.0839272559936848e+33
#ERR  p: [209, 1328], r: 5.2173215688409737e+34, e: -2.0766596425637086e+34
#ERR  p: [210, 1328], r: -1.2651664011925946e+35, e: 4.4727996704139603e+34
#ERR  p: [211, 1328], r: 8.0635928119899043e+34, e: 8.1200151479244377e+33
#ERR  p: [212, 1328], r: -1.1936013846271162e+35, e: 1.5458522462868133e+33
#ERR  p: [213, 1328], r: -1.1883591542191568e+35, e: 1.6600923241681624e+34
#ERR  p: [214, 1328], r: 5.3859715873289939e+34, e: -1.3305857387094431e+34
#ERR  p: [215, 1328], r: 6.9571274518128043e+34, e: -2.0803292682221623e+34
#ERR  p: [216, 1328], r: -5.4731329647910147e+34, e: 1.0667113916955286e+34
#ERR  p: [217, 1328], r: -3.8976398535855641e+34, e: -1.5804327395502072e+34
#ERR  p: [218, 1328], r: -1.4682568028903624e+35, e: 2.4732053853218806e+34
#ERR  p: [219, 1328], r: 2.0965378152269320e+35, e: -8.1612422650527587e+33
#ERR  p: [220, 1328], r: -2.6316129355128614e+34, e: -4.4185887905656064e+34
#ERR  p: [221, 1328], r: -1.2523369848366598e+35, e: -1.3118852926819943e+34
#ERR  p: [222, 1328], r: 3.1490339909689482e+34, e: -3.2242589029841715e+34
#ERR  p: [223, 1328], r: -2.6870251123753379e+34, e: 1.2643717922401781e+34
#ERR  p: [224, 1328], r: 6.2947582254488630e+34, e: -1.9413745530660070e+33
#ERR  p: [225, 1328], r: 1.9465166155556877e+34, e: 1.3767566931786542e+34
#ERR  p: [226, 1328], r: -1.5922843318279112e+35, e: -4.7309492875102035e+34
#ERR  p: [227, 1328], r: 1.9398512987961673e+34, e: -2.0129723317146251e+34
#ERR  p: [228, 1328], r: -1.9704887797228318e+35, e: -2.7752176938900834e+34
#ERR  p: [229, 1328], r: -3.4449655380641812e+34, e: 7.9147869723316288e+33
#ERR  p: [230, 1328], r: -9.9304836386907092e+34, e: 4.1299942664952100e+34
#ERR  p: [231, 1328], r: 1.6222956626827051e+35, e: -2.1662905866100998e+34
#ERR  p: [232, 1328], r: 9.1536950807277302e+34, e: -3.2431872537728528e+34
#ERR  p: [233, 1328], r: 2.1486717906919765e+33, e: -1.2111287339145375e+34
#ERR  p: [234, 1328], r: 2.5382494784540209e+34, e: 8.3841432726464057e+33
#ERR  p: [235, 1328], r: -2.2415312947402244e+35, e: -1.3371167389747010e+34
#ERR  p: [236, 1328], r: 1.0842783055466054e+35, e: -7.0624386395727998e+33
#ERR  p: [237, 1328], r: 1.4884760280344090e+35, e: 8.4922674315576694e+33
#ERR  p: [238, 1328], r: 1.1508960185390838e+35, e: 2.1045827418838336e+34
#ERR  p: [239, 1328], r: 1.5316876125633060e+34, e: -2.7475772162809272e+34
#ERR  p: [240, 1328], r: -5.1234812572790005e+34, e: 4.2681808089084877e+33
#ERR  p: [241, 1328], r: 4.5357276288429462e+34, e: 5.0314622031028239e+34
#ERR  p: [242, 1328], r: -7.2047040706215189e+34, e: -8.9921439056009881e+33
#ERR  p: [243, 1328], r: -8.1327040333271128e+34, e: 1.0569124773145652e+34
#ERR  p: [244, 1328], r: -4.6034558235682651e+34, e: 1.8505387529278803e+34
#ERR  p: [245, 1328], r: -1.6334342510153824e+35, e: 3.3187308115541881e+34
#ERR  p: [246, 1328], r: 4.4203313149649045e+34, e: -2.6017793233301073e+34
#ERR  p: [247, 1328], r: 3.9434060016619289e+34, e: -1.3959354792372830e+34
#ERR  p: [248, 1328], r: 5.9005409241105830e+33, e: -8.7554212974687198e+33
#ERR  p: [249, 1328], r: 1.9386525271797249e+35, e: -3.2001646284115523e+34
#ERR  p: [250, 1328], r: 4.0235446690750876e+33, e: -2.3517966442610376e+34
#ERR  p: [251, 1328], r: 1.1909722228128812e+34, e: -2.7216780251310299e+34
#ERR  p: [252, 1328], r: -6.6978126855515857e+31, e: 2.2013178524336718e+34
#ERR  p: [253, 1328], r: 5.7779618345365996e+34, e: -4.0284878874459581e+34
#ERR  p: [254, 1328], r: 6.4638017850753721e+33, e: -5.6144034634301602e+33
#ERR  p: [255, 1328], r: 6.1308059418219230e+34, e: 1.4954324340147669e+34
#ERR  p: [256, 1328], r: -8.9024031562731123e+34, e: 2.7429693558666992e+34
#ERR  p: [257, 1328], r: -7.7938085392284414e+34, e: 8.0552433397039382e+32
#ERR  p: [258, 1328], r: -6.8297602577548730e+34, e: -2.1557829515566455e+34
#ERR  p: [259, 1328], r: 1.1758106016993350e+35, e: -1.4449663227852512e+33
#ERR  p: [260, 1328], r: -8.6938082789494629e+34, e: 1.6298484586563892e+34
#ERR  p: [261, 1328], r: 8.1339778736275375e+31, e: -3.8655824059162377e+34
#ERR  p: [262, 1328], r: -5.2862267969556451e+34, e: 7.4273146574819496e+33
#ERR  p: [263, 1328], r: -4.6377190327995901e+34, e: -4.1711696377298889e+34
#ERR  p: [264, 1328], r: -5.4478953287981115e+34, e: 2.9727622232470558e+34
#ERR  p: [265, 1328], r: -1.6227938097545136e+34, e: -2.7061354403497941e+34
#ERR  p: [266, 1328], r: 1.5173995562178820e+35, e: 4.1984884985168386e+33
#ERR  p: [267, 1328], r: -1.8787407848976571e+35, e: -4.9790473266634652e+34
#ERR  p: [268, 1328], r: 3.2076935321424781e+34, e: 5.5949145733916904e+33
#ERR  p: [269, 1328], r: -5.7657869418382358e+34, e: -5.1542311926788336e+34
#ERR  p: [270, 1328], r: 3.3718518089919552e+34, e: -3.6340306733280645e+34
#ERR  p: [271, 1328], r: -1.6153801582412452e+34, e: -2.8864072399266255e+34
#ERR  p: [272, 1328], r: 1.3293676552283879e+35, e: 3.4351751654694889e+34
#ERR  p: [273, 1328], r: 6.1753633652439295e+34, e: -2.7539236396863277e+34
#ERR  p: [274, 1328], r: 1.2544703021475595e+35, e: 2.8963691910107628e+34
#ERR  p: [275, 1328], r: 8.4566466972792640e+34, e: 1.8864725622422210e+34
#ERR  p: [276, 1328], r: 2.1002432668701226e+33, e: 1.5598134864618659e+34
#ERR  p: [277, 1328], r: -3.4317547371409434e+34, e: -2.6205507033218072e+34
#ERR  p: [278, 1328], r: -4.1151095230508504e+34, e: -1.9385855051059980e+34
#ERR  p: [279, 1328], r: -6.2234523840100094e+34, e: -1.0418827710916053e+34
#ERR  p: [280, 1328], r: 1.1038151781409979e+35, e: -1.0038895247279095e+34
#ERR  p: [281, 1328], r: 2.8388644003058783e+34, e: -2.5636710723367619e+34
#ERR  p: [282, 1328], r: 1.3285775523777144e+35, e: 3.0083397534180901e+32
#ERR  p: [283, 1328], r: 1.2758973853879368e+34, e: -5.0937654969879864e+33
#ERR  p: [284, 1328], r: 4.1734925084196039e+34, e: -1.7652258675325205e+34
#ERR  p: [285, 1328], r: -8.5369365171712195e+34, e: 3.1816361322555601e+34
#ERR  p: [286, 1328], r: 4.9148175504891668e+34, e: -7.2840645689259829e+33
#ERR  p: [287, 1328], r: 1.1000940294181092e+35, e: 7.7209740894290782e+34
#ERR  p: [288, 1328], r: 6.5774735246846853e+34, e: -4.3260712179356096e+33
#ERR  p: [289, 1328], r: 6.2812260552914267e+34, e: 2.1654401218031107e+34
#ERR  p: [290, 1328], r: -1.1662951260697664e+34, e: -2.9888133537964300e+34
#ERR  p: [291, 1328], r: -2.4711216846477554e+34, e: 1.4484377542434153e+34
#ERR  p: [292, 1328], r: 7.7325046343369940e+33, e: 8.2780350990891183e+33
#ERR  p: [293, 1328], r: -3.9090633785770837e+33, e: 3.9743651489284012e+34
#ERR  p: [294, 1328], r: -1.8414962199109203e+34, e: 4.0487566797091776e+34
#ERR  p: [295, 1328], r: -3.1282596239936845e+34, e: -1.3410890409727599e+34
#ERR  p: [296, 1328], r: -1.3194699779910903e+35, e: -7.1684019741454909e+33
#ERR  p: [297, 1328], r: 3.3742172648190217e+34, e: 1.6390889382856310e+34
#ERR  p: [298, 1328], r: 4.3270659027571754e+33, e: -5.9796112492698384e+33
#ERR  p: [299, 1328], r: -2.3989319045032505e+35, e: -3.5376013339679298e+34
#ERR  p: [300, 1328], r: 9.8664346017621465e+34, e: 1.7062541178810828e+34
#ERR  p: [301, 1328], r: -1.1285591236462341e+35, e: -3.1942388570315010e+34
#ERR  p: [302, 1328], r: 3.4484773263676260e+34, e: -3.7025984389880267e+34
#ERR  p: [303, 1328], r: -5.9982091938620345e+34, e: -3.7033951771973108e+34
#ERR  p: [304, 1328], r: 2.2668635588697305e+34, e: -3.2007739424988885e+34
#ERR  p: [305, 1328], r: -1.5281516101526928e+35, e: -2.2044676670696295e+34
#ERR  p: [306, 1328], r: -1.1374969114616201e+33, e: -2.1050011656171120e+34
#ERR  p: [307, 1328], r: -1.7845299826407265e+35, e: -4.2309175757859584e+34
#ERR  p: [308, 1328], r: 8.5983997449457229e+34, e: -3.4357183735587273e+34
#ERR  p: [309, 1328], r: 1.0275141991260262e+35, e: 3.8009703538578080e+34
#ERR  p: [310, 1328], r: 8.5361848399793654e+34, e: 7.2391569322668625e+34
#ERR  p: [311, 1328], r: -3.8736720964849598e+34, e: 2.3366997178939445e+34
#ERR  p: [312, 1328], r: -3.4019149352579928e+34, e: 2.8997651081265305e+34
#ERR  p: [313, 1328], r: 2.9318038010042616e+33, e: 6.7821456176118472e+34
#ERR  p: [314, 1328], r: 8.9249495106206091e+34, e: -4.9385191504813247e+33
#ERR  p: [315, 1328], r: -1.6249228685516781e+35, e: -8.4612384644729813e+33
#ERR  p: [316, 1328], r: 6.4429920130149848e+33, e: 1.0048559845165796e+34
#ERR  p: [317, 1328], r: 1.2611353713190720e+35, e: 1.7620808808627160e+34
#ERR  p: [318, 1328], r: 7.3303079428874922e+34, e: -1.9578998455989285e+34
#ERR  p: [319, 1328], r: -6.9931393751436239e+33, e: 7.0653615397995565e+34
#ERR  p: [320, 1328], r: -1.1711045478811909e+35, e: -2.9794052570858690e+34
#ERR  p: [321, 1328], r: 2.8442480158457246e+33, e: 2.1805642828510681e+34
#ERR  p: [322, 1328], r: -1.0503307215076966e+35, e: -3.9520985690297830e+34
#ERR  p: [323, 1328], r: -3.7438468486850234e+34, e: 8.2643360546143863e+33
#ERR  p: [324, 1328], r: 7.4969411094635087e+34, e: -4.2532911137039710e+34
#ERR  p: [325, 1328], r: 3.2232593901964525e+34, e: -1.4561311802055621e+34
#ERR  p: [326, 1328], r: -3.0737789722519695e+35, e: 4.4564358981076646e+33
#ERR  p: [327, 1328], r: 3.4278817179340351e+34, e: 3.8558187728263939e+34
#ERR  p: [328, 1328], r: 6.2278985694551068e+34, e: 9.8119826949881437e+33
#ERR  p: [329, 1328], r: -9.0167630667502643e+34, e: 2.7771689349800050e+34
#ERR  p: [330, 1328], r: 1.0915964128476418e+35, e: -2.8100602590597940e+34
#ERR  p: [331, 1328], r: -2.3554257892802066e+34, e: 1.3581051457827571e+34
#ERR  p: [332, 1328], r: -8.8553010233063507e+34, e: 4.2356722558888457e+34
#ERR  p: [333, 1328], r: -1.0259506313388072e+35, e: 1.2893924173441946e+34
#ERR  p: [334, 1328], r: 4.0293737573380707e+34, e: -5.9936847706064543e+34
#ERR  p: [335, 1328], r: -4.6730840086658791e+34, e: 5.4152077696487889e+34
#ERR  p: [336, 1328], r: 2.8557355423372752e+34, e: 4.3066998084068680e+34
#ERR  p: [337, 1328], r: 7.3649445148346657e+34, e: 2.1554754472508870e+34
#ERR  p: [338, 1328], r: 6.3161131863025516e+34, e: 1.1481175859149117e+33
#ERR  p: [339, 1328], r: -6.1185795508179248e+34, e: -1.4543923696263819e+34
#ERR  p: [340, 1328], r: -6.4880303761422537e+34, e: 1.0853007945014536e+34
#ERR  p: [341, 1328], r: -3.1661393512557779e+34, e: 3.1382745589115033e+33
#ERR  p: [342, 1328], r: -1.3642248776081636e+35, e: -1.4701432997162294e+34
#ERR  p: [343, 1328], r: 1.2624024277080814e+35, e: -5.3651064793488506e+33
#ERR  p: [344, 1328], r: 8.2040049230058093e+34, e: -1.6392201599297952e+34
#ERR  p: [345, 1328], r: -1.3377388038444419e+35, e: -3.8736413955719856e+34
#ERR  p: [346, 1328], r: 5.2122955322814751e+34, e: -1.1928339608379624e+34
#ERR  p: [347, 1328], r: -5.4422513125710016e+34, e: -6.1700961779647781e+33
#ERR  p: [348, 1328], r: 3.2496948569713682e+34, e: 1.4059938658504806e+34
#ERR  p: [349, 1328], r: -1.9238375540359795e+34, e: 1.1707725076038538e+34
#ERR  p: [350, 1328], r: 1.2456471568643616e+35, e: 2.3619482477591934e+34
#ERR  p: [351, 1328], r: 1.6621323750765024e+35, e: -1.8603104326279795e+34
#ERR  p: [352, 1328], r: -1.1960695399598419e+35, e: -2.3519325700773511e+34
#ERR  p: [353, 1328], r: -2.6293863765582027e+34, e: -2.9643063500147131e+34
#ERR  p: [354, 1328], r: -3.3408738450368857e+34, e: -9.2930939378214801e+33
#ERR  p: [355, 1328], r: -1.0541725941432164e+35, e: 3.5848804923603092e+34
#ERR  p: [356, 1328], r: -1.3232154893739521e+35, e: -1.2206189060497032e+34
#ERR  p: [357, 1328], r: 1.1847577390568678e+35, e: 8.8525513108910900e+33
#ERR  p: [358, 1328], r: -6.2762198257725566e+34, e: -1.3987501835046062e+34
#ERR  p: [359, 1328], r: 4.8239057098841270e+34, e: 4.1729900285576580e+33
#ERR  p: [360, 1328], r: 1.4023929458642073e+35, e: 4.5453805900932779e+34
#ERR  p: [361, 1328], r: 8.7438576995617551e+34, e: -3.1139824615206062e+33
#ERR  p: [362, 1328], r: -2.9499566442553326e+34, e: -2.1018200929951624e+33
#ERR  p: [363, 1328], r: -1.0421206041319528e+35, e: -6.3733832635759875e+33
#ERR  p: [364, 1328], r: -3.7211224785598774e+34, e: 3.7566139718981814e+34
#ERR  p: [365, 1328], r: -2.3683894973716031e+34, e: 1.8127522734992462e+33
#ERR  p: [366, 1328], r: 9.9606972984655239e+34, e: 1.6208412069305487e+34
#ERR  p: [367, 1328], r: -4.0163377535483799e+34, e: -2.9539764831509001e+34
#ERR  p: [368, 1328], r: 2.9337405581957236e+33, e: 4.3881602243999717e+34
#ERR  p: [369, 1328], r: -1.3064016887251749e+35, e: -1.4705490964611072e+34
#ERR  p: [370, 1328], r: 1.1863866700781610e+35, e: -4.3344039161340434e+34
#ERR  p: [371, 1328], r: 3.9445736267069829e+34, e: -1.2545337589539733e+34
#ERR  p: [372, 1328], r: -4.0647563119529176e+34, e: -1.9526938125577178e+34
#ERR  p: [373, 1328], r: 6.6839210176067409e+34, e: 4.8549829566303472e+34
#ERR  p: [374, 1328], r: -9.9173733584986613e+34, e: -6.9919645700463421e+34
#ERR  p: [375, 1328], r: -5.4315361987669631e+32, e: -3.4938666454960323e+33
#ERR  p: [376, 1328], r: 6.6042578429626717e+33, e: -3.2471689641152103e+34
#ERR  p: [377, 1328], r: -5.8971625857433732e+34, e: -7.5665129682893353e+33
#ERR  p: [378, 1328], r: -2.7816495351581945e+34, e: -3.2484116083266450e+34
#ERR  p: [379, 1328], r: 1.0294311245180588e+35, e: -8.1595908530403520e+33
#ERR  p: [380, 1328], r: 9.5647822861573679e+34, e: -8.9134920041750111e+33
#ERR  p: [381, 1328], r: 7.3289828518694411e+34, e: 2.4054143032425660e+34
#ERR  p: [382, 1328], r: 6.8025027987938717e+34, e: 1.9121605608214162e+34
#ERR  p: [383, 1328], r: 4.4499923583061822e+34, e: 1.4691770875155672e+34
#ERR  p: [384, 1328], r: 1.0110043375156944e+35, e: 1.0987812187652478e+34
#ERR  p: [385, 1328], r: 6.4623247988145007e+34, e: -3.2444532950510300e+33
#ERR  p: [386, 1328], r: -1.6541108454863433e+34, e: -2.9157412195095240e+34
#ERR  p: [387, 1328], r: 8.8128991010807479e+34, e: 1.9729887253557662e+34
#ERR  p: [388, 1328], r: -1.0060959547775294e+35, e: -4.3876427654635504e+34
#ERR  p: [389, 1328], r: 4.3714029728521891e+34, e: -6.7004563065054796e+33
#ERR  p: [390, 1328], r: -2.0505173447488965e+35, e: 1.2613727587010054e+34
#ERR  p: [391, 1328], r: -1.2100838134861775e+35, e: 1.1488825090651861e+34
#ERR  p: [392, 1328], r: 8.3242415824374569e+34, e: -4.0414870006224781e+34
#ERR  p: [393, 1328], r: 1.6153518094143456e+34, e: -3.5392662395267647e+33
#ERR  p: [394, 1328], r: -3.5113097158255790e+34, e: 2.1086483845608546e+34
#ERR  p: [395, 1328], r: -1.9769690492052797e+35, e: -7.6864749288262654e+33
#ERR  p: [396, 1328], r: 6.8766623396112860e+34, e: -5.5615808095418608e+34
#ERR  p: [397, 1328], r: -1.4767377815467018e+35, e: -1.5158823369057339e+32
#ERR  p: [398, 1328], r: 9.3870725272858415e+34, e: 3.3465015204554771e+34
#ERR  p: [399, 1328], r: 4.3638148955873854e+34, e: 1.4308190202222939e+34
#ERR  p: [400, 1328], r: 7.8539545988011452e+34, e: 2.0796218164382117e+33
#ERR  p: [401, 1328], r: 1.0989323464852438e+35, e: 2.7834643552557868e+34
#ERR  p: [402, 1328], r: -1.7019704739631436e+34, e: -4.0082554906198935e+33
#ERR  p: [403, 1328], r: 3.6550432199668867e+34, e: 9.2505237795445384e+34
#ERR  p: [404, 1328], r: 1.8155555330109061e+35, e: 4.9264596337946222e+34
#ERR  p: [405, 1328], r: 1.0424348428315250e+35, e: -4.5468938479973003e+34
#ERR  p: [406, 1328], r: 6.5324765087547285e+33, e: 3.1114164594071755e+34
#ERR  p: [407, 1328], r: 1.3362870468015712e+35, e: 2.9159021517146311e+34
#ERR  p: [408, 1328], r: -1.1755651924659471e+35, e: -2.3907078231638635e+34
#ERR  p: [409, 1328], r: 4.4519720720170074e+34, e: -2.1635517680671848e+34
#ERR  p: [410, 1328], r: -5.5183727407626754e+34, e: -2.5283060964704728e+34
#ERR  p: [411, 1328], r: 6.7622217154435726e+34, e: 2.3737458163335831e+34
#ERR  p: [412, 1328], r: 6.3543482023559198e+34, e: 1.6277032323623115e+34
#ERR  p: [413, 1328], r: -6.0557516179441132e+34, e: -1.7495403006767472e+34
#ERR  p: [414, 1328], r: -1.7636790614534334e+34, e: 6.1727391799486524e+33
#ERR  p: [415, 1328], r: 3.9749343537584647e+34, e: 3.0631618042638392e+34
#ERR  p: [416, 1328], r: 2.5927973255810683e+34, e: 1.3903765094908720e+34
#ERR  p: [417, 1328], r: -1.0781853627436491e+35, e: -3.1812424673230674e+34
#ERR  p: [418, 1328], r: -1.3412623525782599e+34, e: -4.5559124887715022e+34
#ERR  p: [419, 1328], r: -4.2292874563422275e+34, e: -1.5951842806463396e+34
#ERR  p: [420, 1328], r: -1.1040389977001007e+35, e: -2.3234545022376145e+34
#ERR  p: [421, 1328], r: 1.0267430119991530e+34, e: 2.0609085886798572e+34
#ERR  p: [422, 1328], r: -2.1272682406917460e+34, e: -1.4038519819945091e+34
#ERR  p: [423, 1328], r: 1.2868998250750935e+34, e: 7.1411004445190911e+33
#ERR  p: [424, 1328], r: -2.0017337921031759e+35, e: -1.4136444590872682e+34
#ERR  p: [425, 1328], r: 1.0518519022279705e+35, e: 5.9262727457671689e+33
#ERR  p: [426, 1328], r: -3.0392027127435100e+34, e: -4.4614744997585620e+34
#ERR  p: [427, 1328], r: 7.0449365195033792e+34, e: 2.1173337718764809e+34
#ERR  p: [428, 1328], r: 2.1804744084042160e+34, e: 8.2667692257616017e+33
#ERR  p: [429, 1328], r: 6.3644458316683628e+34, e: -8.6213839586851149e+33
#ERR  p: [430, 1328], r: -5.3695025282223570e+34, e: -1.0414492444898476e+34
#ERR  p: [431, 1328], r: 8.6257245478448612e+34, e: 1.6189597856588428e+34
#ERR  p: [432, 1328], r: 4.8460970230283568e+34, e: -7.9686936903123303e+33
#ERR  p: [433, 1328], r: 2.6865381067638830e+34, e: -6.3513608054531163e+34
#ERR  p: [434, 1328], r: -4.2092838308354229e+34, e: 8.7027778972981090e+33
#ERR  p: [435, 1328], r: -1.3533717087309440e+35, e: -5.6087814825357495e+34
#ERR  p: [436, 1328], r: 1.4320005101957879e+35, e: 2.1247787432727431e+34
#ERR  p: [437, 1328], r: 7.0882391669015661e+34, e: -7.3527461012755554e+33
#ERR  p: [438, 1328], r: -2.0543794453246582e+34, e: 1.4552085434942827e+34
#ERR  p: [439, 1328], r: 1.3089102504207828e+35, e: -5.6354437399258623e+34
#ERR  p: [440, 1328], r: 2.1075924217073442e+34, e: -9.2453032626048680e+33
#ERR  p: [441, 1328], r: 2.9179506948916406e+34, e: -8.9372171250279154e+33
#ERR  p: [442, 1328], r: 7.4227771120619530e+34, e: -1.7971459038574862e+34
#ERR  p: [443, 1328], r: 4.9580303234405016e+33, e: -1.9478383641356327e+34
#ERR  p: [444, 1328], r: -9.2553398614733742e+34, e: 5.6697684747771399e+33
#ERR  p: [445, 1328], r: -4.2584607513080267e+34, e: -1.4133004355503508e+33
#ERR  p: [446, 1328], r: 1.7025686465901263e+35, e: 2.1875710234734233e+34
#ERR  p: [447, 1328], r: 1.5402306367744144e+34, e: -4.5866441026587539e+34
#ERR  p: [448, 1328], r: 4.4665074687822806e+34, e: -1.7657361464167139e+34
#ERR  p: [449, 1328], r: -1.8948701284987134e+34, e: -1.3007908740499187e+34
#ERR  p: [450, 1328], r: 3.2629782011809082e+34, e: 2.2102311445105304e+33
#ERR  p: [451, 1328], r: 4.6204152926214650e+33, e: 2.9603486557091177e+34
#ERR  p: [452, 1328], r: -8.0337589522191424e+34, e: -9.5947619752647576e+33
#ERR  p: [453, 1328], r: 1.5509332721428570e+35, e: -4.8284667761648701e+34
#ERR  p: [454, 1328], r: -6.8836804692820027e+34, e: -1.0649429943494095e+34
#ERR  p: [455, 1328], r: -5.7080860614311285e+34, e: 2.3584021994651614e+33
#ERR  p: [456, 1328], r: -7.0980268160281720e+34, e: 4.8351957230424097e+32
#ERR  p: [457, 1328], r: 1.8199933252225372e+34, e: -6.6859294515264775e+34
#ERR  p: [458, 1328], r: 6.5234300143296428e+34, e: 2.3466931126550797e+34
#ERR  p: [459, 1328], r: 4.7040320144719979e+34, e: -2.1517361255682216e+34
#ERR  p: [460, 1328], r: -8.1021704898461468e+34, e: -1.1201416265551092e+34
#ERR  p: [461, 1328], r: -1.0376298528454412e+35, e: -5.3585150676096756e+34
#ERR  p: [462, 1328], r: -1.3773996297174575e+35, e: -3.5110621278177220e+34
#ERR  p: [463, 1328], r: 9.7888018963705132e+34, e: 1.2868562495857106e+34
#ERR  p: [464, 1328], r: 3.1299858075844641e+34, e: -5.1763997277263405e+34
#ERR  p: [465, 1328], r: 8.6391725380796262e+33, e: -3.3241908698914602e+34
#ERR  p: [466, 1328], r: 1.5282930571815816e+34, e: -8.9188033859135650e+33
#ERR  p: [467, 1328], r: 6.2375856978505227e+34, e: 3.3926692562805860e+34
#ERR  p: [468, 1328], r: 2.0700647645924236e+34, e: -3.0673452988326003e+34
#ERR  p: [469, 1328], r: 2.7299090884522384e+33, e: -4.1641321961945593e+34
#ERR  p: [470, 1328], r: -1.3681996554863011e+35, e: -4.9131260292194872e+34
#ERR  p: [471, 1328], r: 3.0687048045837435e+34, e: -3.0952026635366392e+34
#ERR  p: [472, 1328], r: -7.3609113061866739e+34, e: -5.3597802423298253e+33
#ERR  p: [473, 1328], r: -9.4300998568192914e+33, e: 4.2583736003292610e+34
#ERR  p: [474, 1328], r: 1.3094465260458013e+35, e: -1.5224070236767914e+34
#ERR  p: [475, 1328], r: 5.0065444508160720e+34, e: -2.0309459831450095e+34
#ERR  p: [476, 1328], r: -2.2369853808455621e+34, e: 5.4673606979758348e+34
#ERR  p: [477, 1328], r: -4.9929034038321805e+33, e: 1.6035959594192798e+34
#ERR  p: [478, 1328], r: 3.7165512611708122e+34, e: -2.6794528807430371e+34
#ERR  p: [479, 1328], r: -1.7239192498948766e+35, e: -1.4557295924568179e+34
#ERR  p: [480, 1328], r: -1.7135929978159784e+34, e: 1.6658225010220066e+34
#ERR  p: [481, 1328], r: -3.9397815608149091e+34, e: -5.9699450420610864e+34
#ERR  p: [482, 1328], r: -1.3095964653433595e+35, e: 2.9265366756221122e+33
#ERR  p: [483, 1328], r: 2.1422227544367197e+35, e: 4.8967386741554431e+34
#ERR  p: [484, 1328], r: 4.0014995566494975e+34, e: 9.6548466330115129e+33
#ERR  p: [485, 1328], r: 1.3308544707331712e+35, e: -1.1616460422522301e+34
#ERR  p: [486, 1328], r: 1.7244617647376930e+35, e: 5.4527906388894616e+34
#ERR  p: [487, 1328], r: -1.4363965838280950e+35, e: -1.0717521597414948e+34
#ERR  p: [488, 1328], r: 1.4494581882177982e+34, e: -3.5593794227270461e+34
#ERR  p: [489, 1328], r: -4.0576943592048102e+34, e: 2.9777276626416314e+33
#ERR  p: [490, 1328], r: 3.5138413032059176e+34, e: 3.3105029668770818e+33
#ERR  p: [491, 1328], r: 5.4293846589786851e+34, e: 5.3508383538380591e+34
#ERR  p: [492, 1328], r: 7.0317886059341370e+34, e: -1.1911608848748683e+34
#ERR  p: [493, 1328], r: -1.2184472373563864e+35, e: 3.5692940845016827e+34
#ERR  p: [494, 1328], r: 6.0073669790966520e+34, e: 1.6882765050425727e+34
#ERR  p: [495, 1328], r: 4.6734826253585290e+34, e: -1.7495296543924094e+34
#ERR  p: [496, 1328], r: -7.1441643461163224e+34, e: -1.9062033457643671e+34
#ERR  p: [497, 1328], r: -4.9714102269731058e+34, e: 1.9682886384086114e+34
#ERR  p: [498, 1328], r: 1.7805378736020390e+35, e: -1.0124639616675148e+33
#ERR  p: [499, 1328], r: -7.6625958082324740e+34, e: 2.4852634164805359e+34
#ERR  p: [500, 1328], r: -1.2200884487428694e+35, e: -2.2867060045834202e+34
#SDC Ite:1 KerTime:2.6485159 AccTime:2.6485159 KerErr:425984 AccErr:425984
#ABORT too many errors per iteration
#END
