#HEADER matrix_dim:2048 threads:4 block_size:16 block_offset:12 precision:Float
#BEGIN Y:2023 M:10 D:28 Time:18:19:51
#IT 0 KerTime:2.6796956 AccTime:2.6796956
#IT 1 KerTime:2.6987450 AccTime:5.3784407
#IT 2 KerTime:2.7412012 AccTime:8.1196418
#IT 3 KerTime:2.6906310 AccTime:10.8102728
#IT 4 KerTime:2.6649294 AccTime:13.4752022
#IT 5 KerTime:2.6496347 AccTime:16.1248369
#IT 6 KerTime:2.6340479 AccTime:18.7588847
#IT 7 KerTime:2.6311236 AccTime:21.3900083
#IT 8 KerTime:2.6514238 AccTime:24.0414321
#IT 9 KerTime:2.6621468 AccTime:26.7035789
#IT 10 KerTime:2.6041993 AccTime:29.3077782
#IT 11 KerTime:2.6727817 AccTime:31.9805599
#IT 12 KerTime:2.7434928 AccTime:34.7240528
#IT 13 KerTime:2.7271017 AccTime:37.4511544
#ERR  p: [12, 1854], r: 1.2858172465107384e+34, e: -6.8655411814743619e+33
#SDC Ite:14 KerTime:2.7271017 AccTime:37.4511544 KerErr:1 AccErr:1
#IT 14 KerTime:2.6637371 AccTime:40.1148915
#IT 15 KerTime:2.5991126 AccTime:42.7140041
#IT 16 KerTime:2.6864122 AccTime:45.4004164
#IT 17 KerTime:2.7341434 AccTime:48.1345598
#IT 18 KerTime:2.7398447 AccTime:50.8744044
#IT 19 KerTime:2.6595738 AccTime:53.5339783
