#HEADER matrix_dim:2048 threads:4 block_size:16 block_offset:12 precision:Float
#BEGIN Y:2023 M:10 D:21 Time:17:28:16
#IT 0 KerTime:2.6772070 AccTime:2.6772070
#IT 1 KerTime:2.6996733 AccTime:5.3768803
#IT 2 KerTime:2.6385715 AccTime:8.0154518
#IT 3 KerTime:2.6377673 AccTime:10.6532191
#IT 4 KerTime:2.6343029 AccTime:13.2875220
#IT 5 KerTime:2.6625288 AccTime:15.9500508
#IT 6 KerTime:2.6277622 AccTime:18.5778130
#IT 7 KerTime:2.6185952 AccTime:21.1964082
#IT 8 KerTime:2.5966455 AccTime:23.7930537
#IT 9 KerTime:2.6352764 AccTime:26.4283301
#ERR  p: [1071, 1522], r: -1.9843355599618521e+34, e: -1.9178720447806672e+34
#SDC Ite:10 KerTime:2.6352764 AccTime:26.4283301 KerErr:1 AccErr:1
#IT 10 KerTime:2.6253201 AccTime:29.0536502
#IT 11 KerTime:2.6172765 AccTime:31.6709267
#IT 12 KerTime:2.5954624 AccTime:34.2663891
#IT 13 KerTime:2.5930812 AccTime:36.8594703
#IT 14 KerTime:2.6711760 AccTime:39.5306462
#IT 15 KerTime:2.6558972 AccTime:42.1865434
#IT 16 KerTime:2.7059850 AccTime:44.8925285
#IT 17 KerTime:2.6871613 AccTime:47.5796897
#IT 18 KerTime:2.6836094 AccTime:50.2632991
#IT 19 KerTime:2.6613254 AccTime:52.9246245
#IT 20 KerTime:2.6965792 AccTime:55.6212037
#IT 21 KerTime:2.6968677 AccTime:58.3180714
#IT 22 KerTime:2.6391881 AccTime:60.9572595
#IT 23 KerTime:2.6289638 AccTime:63.5862232
#IT 24 KerTime:2.6346011 AccTime:66.2208244
#IT 25 KerTime:2.6278940 AccTime:68.8487183
#IT 26 KerTime:2.5938264 AccTime:71.4425448
#IT 27 KerTime:2.5966318 AccTime:74.0391766
#IT 28 KerTime:2.6603193 AccTime:76.6994959
#IT 29 KerTime:2.6628744 AccTime:79.3623703
#IT 30 KerTime:2.6915963 AccTime:82.0539666
#IT 31 KerTime:2.7192981 AccTime:84.7732647
#IT 32 KerTime:2.6918586 AccTime:87.4651233
#IT 33 KerTime:2.6918572 AccTime:90.1569805
#IT 34 KerTime:2.7028471 AccTime:92.8598275
#IT 35 KerTime:2.6357234 AccTime:95.4955509
#IT 36 KerTime:2.6326291 AccTime:98.1281800
#IT 37 KerTime:2.6449108 AccTime:100.7730908
#IT 38 KerTime:2.6305230 AccTime:103.4036138
#IT 39 KerTime:2.6190989 AccTime:106.0227127
#IT 40 KerTime:2.5960249 AccTime:108.6187376
#IT 41 KerTime:2.6006844 AccTime:111.2194221
#IT 42 KerTime:2.6653487 AccTime:113.8847708
#IT 43 KerTime:2.6482186 AccTime:116.5329894
#IT 44 KerTime:2.6647250 AccTime:119.1977144
#IT 45 KerTime:2.6969147 AccTime:121.8946291
#IT 46 KerTime:2.6705054 AccTime:124.5651345
#IT 47 KerTime:2.6746331 AccTime:127.2397676
#IT 48 KerTime:2.6858845 AccTime:129.9256520
#IT 49 KerTime:2.6664995 AccTime:132.5921515
#IT 50 KerTime:2.6595827 AccTime:135.2517342
#IT 51 KerTime:2.6445733 AccTime:137.8963074
#IT 52 KerTime:2.6438660 AccTime:140.5401735
#IT 53 KerTime:2.6176298 AccTime:143.1578033
#IT 54 KerTime:2.5963265 AccTime:145.7541297
#IT 55 KerTime:2.5963982 AccTime:148.3505279
#IT 56 KerTime:2.6701515 AccTime:151.0206794
#IT 57 KerTime:2.6643927 AccTime:153.6850721
#IT 58 KerTime:2.6596916 AccTime:156.3447637
#IT 59 KerTime:2.6474090 AccTime:158.9921726
#IT 60 KerTime:2.6923456 AccTime:161.6845182
#IT 61 KerTime:2.6443463 AccTime:164.3288645
#IT 62 KerTime:2.6639773 AccTime:166.9928418
#IT 63 KerTime:2.6693437 AccTime:169.6621855
#IT 64 KerTime:2.6423961 AccTime:172.3045816
#IT 65 KerTime:2.6440624 AccTime:174.9486440
