#HEADER matrix_dim:2048 threads:4 block_size:16 block_offset:12 precision:Float
#BEGIN Y:2023 M:10 D:17 Time:06:30:54
#IT 0 KerTime:2.7131322 AccTime:2.7131322
#IT 1 KerTime:2.7856835 AccTime:5.4988157
#IT 2 KerTime:2.7066270 AccTime:8.2054427
#IT 3 KerTime:2.7064454 AccTime:10.9118881
#IT 4 KerTime:2.6905209 AccTime:13.6024090
#IT 5 KerTime:2.6745805 AccTime:16.2769895
#IT 6 KerTime:2.6833421 AccTime:18.9603316
#IT 7 KerTime:2.6653412 AccTime:21.6256728
#IT 8 KerTime:2.6487346 AccTime:24.2744075
#IT 9 KerTime:2.6375622 AccTime:26.9119697
#ERR  p: [0, 480], r: -4.9576391343880874e+33, e: 7.3270916508714249e+33
#ERR  p: [1, 480], r: 4.3401806395333647e+34, e: -3.2912638312415379e+33
#ERR  p: [2, 480], r: 1.0092095225291368e+35, e: 4.1188461212654294e+34
#ERR  p: [3, 480], r: -4.8204335356619394e+34, e: 4.3972823569614578e+34
#ERR  p: [4, 480], r: -1.8729308599464822e+33, e: 4.1738376461025567e+34
#ERR  p: [5, 480], r: 4.0673282561785369e+34, e: 1.0567290146007431e+34
#ERR  p: [6, 480], r: 2.4067683620575363e+34, e: -2.5994638802806279e+34
#ERR  p: [7, 480], r: 6.9996942676516400e+34, e: 2.6652646023647795e+34
#ERR  p: [8, 480], r: -3.6691277589698522e+34, e: -3.6084918465236032e+33
#ERR  p: [9, 480], r: -3.7303540450208364e+34, e: -2.5004373427180725e+34
#ERR  p: [10, 480], r: 5.7514055448138496e+34, e: 6.5554235842929420e+33
#ERR  p: [11, 480], r: 9.6672559915533174e+34, e: 2.2875128939010264e+34
#ERR  p: [12, 480], r: -4.3744418680606269e+33, e: 2.8571252538253770e+34
#ERR  p: [13, 480], r: 5.1600207906545635e+34, e: 5.4816659616878049e+33
#ERR  p: [14, 480], r: 1.3260454203037585e+35, e: -2.9890963468894106e+34
#ERR  p: [15, 480], r: 5.4793491569042823e+33, e: -9.5981136979211228e+33
#ERR  p: [16, 480], r: 1.0931930583927105e+35, e: 3.9361077261603219e+33
#ERR  p: [17, 480], r: 4.7623756333475022e+34, e: 1.5236762835990707e+34
#ERR  p: [18, 480], r: 6.6679195284529420e+33, e: 1.7422069914720285e+34
#ERR  p: [19, 480], r: -1.6688573110283147e+34, e: 1.5617497484773122e+34
#ERR  p: [20, 480], r: 1.1108445978248729e+35, e: 3.8052546167457669e+34
#ERR  p: [21, 480], r: 9.1879087723574839e+34, e: -1.7698189964602811e+34
#ERR  p: [22, 480], r: -1.4114653627537157e+35, e: -1.1503934148831339e+34
#ERR  p: [23, 480], r: 5.7943363150242352e+34, e: -4.3930753415319504e+33
#ERR  p: [24, 480], r: -9.9741225106035660e+34, e: -1.7101965855241950e+34
#ERR  p: [25, 480], r: -3.9606599147534728e+34, e: 2.7188867179304493e+34
#ERR  p: [26, 480], r: -8.7826309719442046e+34, e: 2.5762849385730563e+34
#ERR  p: [27, 480], r: -3.4889604415323365e+34, e: 7.6133727125964048e+33
#ERR  p: [28, 480], r: 1.6883617991112795e+34, e: 2.1296512752673704e+34
#ERR  p: [29, 480], r: -4.3872124575058948e+34, e: -8.4569038174254236e+33
#ERR  p: [30, 480], r: -1.7701677241693477e+34, e: 5.2647157318630027e+33
#ERR  p: [31, 480], r: -1.9395675629391631e+34, e: 8.3418762858850850e+33
#ERR  p: [32, 480], r: 4.1566374596087178e+33, e: -2.7043436459369325e+34
#ERR  p: [33, 480], r: -1.6364647529903538e+34, e: -9.8838098329775404e+33
#ERR  p: [34, 480], r: 1.0141532855936246e+33, e: -2.4520905848358134e+34
#ERR  p: [35, 480], r: -2.0687419018664433e+34, e: 3.3457573328008607e+32
#ERR  p: [36, 480], r: 1.5775048132868909e+35, e: 3.6949365804968816e+34
#ERR  p: [37, 480], r: -3.1104699304531379e+34, e: 2.2026527850750352e+32
#ERR  p: [38, 480], r: -4.1957105610686822e+34, e: 4.0357172096873768e+34
#ERR  p: [39, 480], r: -8.6664468330251617e+34, e: 2.2939038831478411e+34
#ERR  p: [40, 480], r: -1.3054069791448084e+35, e: -2.9463403738125722e+34
#ERR  p: [41, 480], r: -9.2111788264519469e+33, e: -3.1119727896608304e+34
#ERR  p: [42, 480], r: 1.4460331052347050e+35, e: 1.5008996724042668e+34
#ERR  p: [43, 480], r: -5.1876273487066432e+34, e: -1.4251072886750351e+33
#ERR  p: [44, 480], r: -3.6827039997926871e+34, e: -5.8959747822756788e+33
#ERR  p: [45, 480], r: 7.2311405277484661e+34, e: 3.2915097480303419e+34
#ERR  p: [46, 480], r: 2.1227824411653915e+33, e: 3.3246486601179880e+34
#ERR  p: [47, 480], r: -1.5644141668238661e+34, e: 1.7785687566579501e+34
#ERR  p: [48, 480], r: 3.0132772772647798e+33, e: -4.1659359367288001e+33
#ERR  p: [49, 480], r: -1.5912904640467714e+34, e: -1.6747808541162953e+34
#ERR  p: [50, 480], r: 1.0910247816551013e+34, e: -2.8004394842504837e+34
#ERR  p: [51, 480], r: 6.8660155600974160e+34, e: 3.7195374201335764e+34
#ERR  p: [52, 480], r: -1.2102199868904989e+35, e: -4.4374847073252584e+34
#ERR  p: [53, 480], r: -5.7234840548157757e+34, e: 7.7705743853951177e+33
#ERR  p: [54, 480], r: 2.3024937014924345e+34, e: 4.0094129645566254e+34
#ERR  p: [55, 480], r: 7.7932727587794387e+34, e: 1.1204514829469423e+34
#ERR  p: [56, 480], r: 3.3083026522512560e+34, e: 2.0858950466387893e+34
#ERR  p: [57, 480], r: -6.9080064862299761e+34, e: 9.0814581845853301e+33
#ERR  p: [58, 480], r: -4.7037358992146009e+34, e: -3.4959581451924050e+33
#ERR  p: [59, 480], r: 2.4469079488613452e+33, e: -1.7278811779554063e+34
#ERR  p: [60, 480], r: 1.5738816846563128e+34, e: -1.8913468273529033e+34
#ERR  p: [61, 480], r: -6.0171424964108729e+33, e: 9.6304536435074141e+33
#ERR  p: [62, 480], r: -1.9199740669673738e+34, e: -5.8130358944936566e+33
#ERR  p: [63, 480], r: 2.4545949375352877e+34, e: -2.7662661494660108e+34
#ERR  p: [64, 480], r: -1.9211549379708481e+34, e: 3.4002788737020733e+34
#ERR  p: [65, 480], r: 6.7582504037975451e+34, e: 3.0247371357964525e+34
#ERR  p: [66, 480], r: 2.9809422834386457e+33, e: 9.8935239484658128e+33
#ERR  p: [67, 480], r: -5.5412285801199935e+34, e: 3.7958702884839601e+34
#ERR  p: [68, 480], r: -9.1049264328800827e+33, e: -2.2808394067372467e+34
#ERR  p: [69, 480], r: -7.1668372179358342e+32, e: 2.9259111445202613e+34
#ERR  p: [70, 480], r: -2.8761531349932168e+34, e: -7.5064806754062418e+34
#ERR  p: [71, 480], r: -5.3080031525987064e+34, e: 3.7186326097588627e+33
#ERR  p: [72, 480], r: 5.7469573786646894e+34, e: 2.5501886673689048e+34
#ERR  p: [73, 480], r: 4.9806086166410119e+34, e: 4.9383087006746462e+34
#ERR  p: [74, 480], r: -7.2588277994911072e+34, e: -1.1044856464662749e+34
#ERR  p: [75, 480], r: -8.5798857326881904e+33, e: -2.2009662774625147e+34
#ERR  p: [76, 480], r: -5.0765321337010946e+34, e: 2.0829441380186438e+33
#ERR  p: [77, 480], r: -3.9707486308976329e+34, e: -2.2997677575259281e+34
#ERR  p: [78, 480], r: 4.4015398803445681e+34, e: -6.9372859964511461e+33
#ERR  p: [79, 480], r: -2.3873396359049759e+34, e: -9.9280500961614820e+32
#ERR  p: [80, 480], r: -4.7856914912234188e+34, e: 6.0857268504673616e+33
#ERR  p: [81, 480], r: 8.5313776712188124e+34, e: -4.6999916257717783e+33
#ERR  p: [82, 480], r: 1.0228001234564275e+35, e: -3.5419170405328865e+34
#ERR  p: [83, 480], r: 2.6196309138726182e+33, e: 1.7169912670178207e+34
#ERR  p: [84, 480], r: 9.7978002349280707e+34, e: 4.9478670833059764e+34
#ERR  p: [85, 480], r: 2.8518580665462255e+34, e: 2.6263214846089400e+34
#ERR  p: [86, 480], r: -4.2193408557145773e+34, e: -3.1387209600896696e+34
#ERR  p: [87, 480], r: 2.3343394614150430e+34, e: 3.8352301587540250e+33
#ERR  p: [88, 480], r: -9.0861877345054199e+34, e: -2.6044092031495652e+34
#ERR  p: [89, 480], r: 2.7504994975376643e+34, e: -2.1505214588016748e+34
#ERR  p: [90, 480], r: 3.7953196527544860e+34, e: 2.2063285385366833e+34
#ERR  p: [91, 480], r: -2.8245873616268040e+33, e: 8.6689202372236539e+33
#ERR  p: [92, 480], r: 2.9354871059001494e+34, e: 3.5995471107697467e+33
#ERR  p: [93, 480], r: 8.6228465848415306e+32, e: 3.7531361031518131e+34
#ERR  p: [94, 480], r: -4.3338344637159721e+34, e: -1.4209604371314370e+34
#ERR  p: [95, 480], r: 3.2221799064821956e+34, e: 6.4187191036946967e+32
#ERR  p: [96, 480], r: 1.8881185273184548e+33, e: -4.1798332373008237e+34
#ERR  p: [97, 480], r: 3.2547364915753618e+34, e: -1.1720290167437284e+34
#ERR  p: [98, 480], r: 3.7750795807001779e+34, e: 4.3778853220739031e+34
#ERR  p: [99, 480], r: 1.7333510160189888e+34, e: -1.1178608458267298e+34
#ERR  p: [100, 480], r: -6.9762189630986634e+34, e: 6.7528112666469369e+33
#ERR  p: [101, 480], r: -2.5625549455973422e+34, e: -3.9972127559844581e+33
#ERR  p: [102, 480], r: -4.9003881213912564e+34, e: -9.5176222175967677e+33
#ERR  p: [103, 480], r: -1.1999753893365919e+35, e: -4.7040953970020094e+34
#ERR  p: [104, 480], r: -6.9640911121217924e+34, e: -5.6183205533024670e+34
#ERR  p: [105, 480], r: 1.5919870529068772e+34, e: 1.4746688371178450e+34
#ERR  p: [106, 480], r: 8.2748745143748188e+34, e: -1.0608836651665888e+33
#ERR  p: [107, 480], r: -2.1618785683100867e+34, e: -1.0456807711321329e+34
#ERR  p: [108, 480], r: -4.4333301805534167e+34, e: -2.2521360338103602e+33
#ERR  p: [109, 480], r: 3.5283200023173916e+34, e: 4.2993211905967114e+33
#ERR  p: [110, 480], r: 5.1159481445519411e+33, e: -5.1052676930690025e+34
#ERR  p: [111, 480], r: 6.0606543556756990e+34, e: -5.2427837671570033e+33
#ERR  p: [112, 480], r: -8.3388542266611815e+34, e: -2.5794491133134697e+34
#ERR  p: [113, 480], r: 4.0508785089365127e+34, e: -2.2726816604148649e+33
#ERR  p: [114, 480], r: 4.3619901719694788e+34, e: -6.1549976422756340e+32
#ERR  p: [115, 480], r: 9.8819880804157280e+34, e: 5.0487948491808663e+34
#ERR  p: [116, 480], r: 5.4178029871471468e+34, e: -1.2842073054896478e+34
#ERR  p: [117, 480], r: -1.6367102365001441e+33, e: 4.0511461515730062e+34
#ERR  p: [118, 480], r: 1.2577593602791361e+35, e: 6.3562967199777550e+34
#ERR  p: [119, 480], r: 2.9261126811586569e+32, e: -1.3257877307051809e+34
#ERR  p: [120, 480], r: 4.3734837024702200e+34, e: -1.0581864414089938e+34
#ERR  p: [121, 480], r: 1.0221121259001942e+34, e: 1.5389595199420762e+34
#ERR  p: [122, 480], r: 6.2816221961039980e+34, e: 2.9411239420750315e+33
#ERR  p: [123, 480], r: -1.2343899243583192e+35, e: -5.6403729695742889e+33
#ERR  p: [124, 480], r: -4.7330938948342615e+34, e: -2.1090187762206088e+34
#ERR  p: [125, 480], r: 8.7204329029623814e+34, e: 3.3420699427028433e+34
#ERR  p: [126, 480], r: 9.2115663016842432e+33, e: 3.2308551426894997e+34
#ERR  p: [127, 480], r: -3.2097589113040218e+34, e: -1.0047198730092602e+34
#ERR  p: [128, 480], r: -1.3637626555562953e+34, e: 1.1175407145325706e+34
#ERR  p: [129, 480], r: -3.4458920123895824e+34, e: -1.3017106634991077e+34
#ERR  p: [130, 480], r: 3.8241849482385110e+34, e: 6.6351976783645312e+32
#ERR  p: [131, 480], r: 3.6203365806134896e+34, e: 5.3657929171006344e+33
#ERR  p: [132, 480], r: 2.9607544524539954e+34, e: -1.0916347147124572e+34
#ERR  p: [133, 480], r: -3.7903683877733602e+34, e: -4.1450144405798673e+34
#ERR  p: [134, 480], r: 1.8216542693732464e+34, e: -2.3417648733586846e+34
#ERR  p: [135, 480], r: -1.4707516234515342e+34, e: 1.4952016200944421e+33
#ERR  p: [136, 480], r: -1.3392727353471204e+34, e: -4.5597931832066540e+34
#ERR  p: [137, 480], r: 2.8139800724001872e+33, e: -1.2349700973371307e+34
#ERR  p: [138, 480], r: -2.7571155442836211e+34, e: 5.1164266083771249e+33
#ERR  p: [139, 480], r: -2.9756748485714864e+34, e: -1.7347922258127248e+34
#ERR  p: [140, 480], r: 3.3484606843616501e+32, e: 6.8092706169886449e+33
#ERR  p: [141, 480], r: 5.7190967953165483e+34, e: 1.9479838220902487e+34
#ERR  p: [142, 480], r: -1.0447949507576218e+35, e: 9.5372534707397553e+33
#ERR  p: [143, 480], r: 2.0728419592765564e+34, e: 6.0132395809520159e+31
#ERR  p: [144, 480], r: -1.5089641089961875e+34, e: -1.2173795883489051e+34
#ERR  p: [145, 480], r: 2.1856326569599103e+34, e: -1.7873789283295363e+34
#ERR  p: [146, 480], r: 5.3423748053774729e+34, e: 4.8368619903352878e+34
#ERR  p: [147, 480], r: 1.1606098864393483e+34, e: -1.9105184333593042e+34
#ERR  p: [148, 480], r: 4.1212355931292580e+34, e: 2.1620739152482859e+34
#ERR  p: [149, 480], r: 7.9035607130853693e+33, e: 3.5548753016881101e+34
#ERR  p: [150, 480], r: 2.7005686715811356e+33, e: 8.1832466492510563e+33
#ERR  p: [151, 480], r: 1.2058865035065781e+35, e: -1.6387759870436996e+34
#ERR  p: [152, 480], r: -2.3800744134024178e+34, e: -7.6466460649723172e+33
#ERR  p: [153, 480], r: 2.3537238693141971e+33, e: -5.1138219825344684e+32
#ERR  p: [154, 480], r: -1.0435213085276034e+34, e: -2.9078599980434176e+34
#ERR  p: [155, 480], r: -9.2636984326186291e+34, e: 1.8019749222597326e+33
#ERR  p: [156, 480], r: -1.0365104827031186e+33, e: 4.0882219605735877e+34
#ERR  p: [157, 480], r: -4.2242837027034360e+34, e: 1.0119139139595593e+34
#ERR  p: [158, 480], r: 4.5204999760077046e+34, e: -8.6725963001703118e+33
#ERR  p: [159, 480], r: -1.3251322166955785e+35, e: -1.9145367867268245e+34
#ERR  p: [160, 480], r: 3.0926911307849370e+33, e: 1.4781791398932426e+34
#ERR  p: [161, 480], r: -2.6144129966070303e+34, e: -2.1132611967352398e+34
#ERR  p: [162, 480], r: -1.1625224542824426e+35, e: -4.5473385160594116e+34
#ERR  p: [163, 480], r: -5.8634366424890980e+34, e: -3.7181855896106768e+34
#ERR  p: [164, 480], r: -7.4025511525240927e+34, e: 1.1306107616733417e+34
#ERR  p: [165, 480], r: 1.9184916337703295e+34, e: 7.4994995601426998e+32
#ERR  p: [166, 480], r: 1.0488148639295917e+34, e: 1.3299942509586726e+34
#ERR  p: [167, 480], r: -1.4462934687837675e+35, e: 1.4123109500769500e+34
#ERR  p: [168, 480], r: -6.4991178623101093e+34, e: 3.3827237697989712e+33
#ERR  p: [169, 480], r: -4.9538091954945463e+34, e: 2.7068197736035111e+34
#ERR  p: [170, 480], r: 3.6517881804275897e+33, e: 1.6435349999367244e+33
#ERR  p: [171, 480], r: 1.9005611864473161e+34, e: 1.8232699049185177e+34
#ERR  p: [172, 480], r: 1.0703964606559724e+31, e: -1.4800116625333967e+34
#ERR  p: [173, 480], r: 2.9421630689440076e+34, e: 3.1049130652047937e+34
#ERR  p: [174, 480], r: 5.7782673581382952e+34, e: 2.8900470312301324e+34
#ERR  p: [175, 480], r: -4.4726179408161932e+34, e: 9.5765593049271054e+33
#ERR  p: [176, 480], r: 9.0051402953094217e+34, e: 1.7324330834798586e+34
#ERR  p: [177, 480], r: -3.1131503182261986e+34, e: -2.5604531709986434e+34
#ERR  p: [178, 480], r: -1.7480951294748855e+34, e: -7.8277789756404755e+33
#ERR  p: [179, 480], r: -1.1190888823457009e+35, e: 1.1838598859051749e+34
#ERR  p: [180, 480], r: -5.2598829377436365e+34, e: -4.5095620329965947e+34
#ERR  p: [181, 480], r: -8.7080921262987533e+34, e: -3.4597160888082822e+34
#ERR  p: [182, 480], r: 2.1768680414817698e+34, e: 4.4810316002931963e+33
#ERR  p: [183, 480], r: 3.0073455637725400e+34, e: -1.3708704120858562e+34
#ERR  p: [184, 480], r: 4.1380401339865414e+34, e: -1.3459049991075919e+34
#ERR  p: [185, 480], r: 6.0597412511027222e+34, e: -3.9871461370699992e+33
#ERR  p: [186, 480], r: -5.5826654042909694e+34, e: -1.4420164354656381e+34
#ERR  p: [187, 480], r: -4.7564048009500210e+34, e: 1.1237311574930211e+34
#ERR  p: [188, 480], r: 3.4528197724374312e+34, e: 3.1439225365467389e+34
#ERR  p: [189, 480], r: 4.8430492146516361e+34, e: 2.8246785978076993e+34
#ERR  p: [190, 480], r: -3.5389625728351280e+34, e: -2.9839953530605333e+33
#ERR  p: [191, 480], r: -1.0377631542288714e+34, e: -1.4474678282226352e+34
#ERR  p: [192, 480], r: -1.9366588990228582e+34, e: 2.2484893100426333e+34
#ERR  p: [193, 480], r: -1.5453906184461637e+34, e: -1.8658192658027994e+34
#ERR  p: [194, 480], r: -3.8832787587778222e+34, e: 8.5442324405867518e+33
#ERR  p: [195, 480], r: -3.1361923437654252e+34, e: 2.4021461415388526e+34
#ERR  p: [196, 480], r: -3.4059023401245310e+34, e: -1.8564033700699909e+34
#ERR  p: [197, 480], r: 3.9953890846155849e+34, e: -3.2308913524356488e+33
#ERR  p: [198, 480], r: -6.9351500547073631e+34, e: 1.9607483456293242e+34
#ERR  p: [199, 480], r: -5.4120148746994641e+34, e: -2.9482252613163881e+34
#ERR  p: [200, 480], r: 3.8917452782945028e+34, e: 4.8482782733775776e+34
#ERR  p: [201, 480], r: -8.6323658485676195e+34, e: 2.0429444693877752e+34
#ERR  p: [202, 480], r: 1.0599893277646074e+35, e: -3.0149150719367544e+33
#ERR  p: [203, 480], r: -4.7142054057148452e+34, e: -2.4369562726795339e+34
#ERR  p: [204, 480], r: 1.4101980092590969e+35, e: 7.1868633739513538e+33
#ERR  p: [205, 480], r: -1.8629734892404902e+33, e: -2.0853624848338888e+34
#ERR  p: [206, 480], r: 4.1245030120689479e+34, e: -2.9545568294413171e+34
#ERR  p: [207, 480], r: -2.1043133661312851e+34, e: 2.4040080033579378e+34
#ERR  p: [208, 480], r: -3.3636200029067232e+34, e: 5.8143041640639044e+32
#ERR  p: [209, 480], r: -3.7596266227777863e+34, e: -1.1951539842655872e+34
#ERR  p: [210, 480], r: -1.0388399144750419e+34, e: -6.5455380141092286e+33
#ERR  p: [211, 480], r: 8.9315318853974973e+33, e: -2.6461134223690268e+34
#ERR  p: [212, 480], r: 1.0279967976709412e+34, e: 6.0166250374744516e+33
#ERR  p: [213, 480], r: 3.1624965888961767e+34, e: 3.4873409683729434e+34
#ERR  p: [214, 480], r: 9.7149325286983074e+34, e: -7.7281173748377666e+33
#ERR  p: [215, 480], r: -3.8005341037879639e+34, e: -4.7233889401022799e+34
#ERR  p: [216, 480], r: -4.5920860870714524e+34, e: -1.0357980482105098e+34
#ERR  p: [217, 480], r: 2.3965796513067029e+33, e: 2.3429092251310000e+34
#ERR  p: [218, 480], r: -2.1200270342259501e+34, e: -6.2186915142069257e+33
#ERR  p: [219, 480], r: -1.9648529834175827e+34, e: 2.5881159315285067e+34
#ERR  p: [220, 480], r: -1.4762265370692778e+34, e: -4.4635385790830644e+33
#ERR  p: [221, 480], r: -2.9830498763555291e+33, e: -3.1625118774556619e+33
#ERR  p: [222, 480], r: 3.1108467594010964e+33, e: 2.0300461245304530e+34
#ERR  p: [223, 480], r: 7.2611759241576237e+34, e: 3.3970830076966541e+34
#ERR  p: [224, 480], r: -1.2266213059181862e+35, e: -1.5862867104079799e+34
#ERR  p: [225, 480], r: 2.9550055827055581e+33, e: -2.0429338231034374e+34
#ERR  p: [226, 480], r: 6.1931976246258904e+34, e: 1.3967796305500717e+34
#ERR  p: [227, 480], r: 1.2217295858529500e+34, e: -9.8515992521253544e+33
#ERR  p: [228, 480], r: 8.1684247931606925e+33, e: -1.2956868472679451e+32
#ERR  p: [229, 480], r: 9.0842429307037025e+33, e: 3.3976866272598097e+34
#ERR  p: [230, 480], r: -4.9466350853788796e+34, e: 3.7724219710238400e+34
#ERR  p: [231, 480], r: 6.5691813071255361e+34, e: 9.6661706895208759e+33
#ERR  p: [232, 480], r: -5.1504723115435475e+34, e: -3.7884072431631243e+33
#ERR  p: [233, 480], r: 3.5116016220868425e+34, e: 4.1471664755441610e+34
#ERR  p: [234, 480], r: 7.1965628817471626e+34, e: 2.3795742856265465e+34
#ERR  p: [235, 480], r: 7.7705372471939391e+34, e: 2.9587333915458581e+34
#ERR  p: [236, 480], r: -8.2564925903194780e+34, e: -5.3449608621195400e+33
#ERR  p: [237, 480], r: -1.9046479978990090e+34, e: 2.4673194756110943e+34
#ERR  p: [238, 480], r: -4.8764270491668643e+34, e: -4.2117810034826693e+34
#ERR  p: [239, 480], r: 4.4601340582840237e+34, e: -1.7607181564674707e+34
#ERR  p: [240, 480], r: -1.5625779303635941e+34, e: 5.1232475341995834e+34
#ERR  p: [241, 480], r: -1.2367833081126720e+35, e: -2.4592087400617043e+34
#ERR  p: [242, 480], r: -1.1388499706400087e+35, e: 3.9033524516908504e+33
#ERR  p: [243, 480], r: 5.2310350972141654e+33, e: -3.1176749890697867e+34
#ERR  p: [244, 480], r: 1.3941544053851616e+35, e: -2.4000738299130889e+34
#ERR  p: [245, 480], r: 1.0823920810675471e+35, e: 3.6026644913766751e+34
#ERR  p: [246, 480], r: -1.5579391214483839e+34, e: -2.7498346618395661e+33
#ERR  p: [247, 480], r: -3.2758411409531069e+34, e: 2.7876221006717307e+34
#ERR  p: [248, 480], r: 1.6181812451681363e+34, e: -1.1802243035978016e+34
#ERR  p: [249, 480], r: -4.6047383294489647e+34, e: -9.2750422961686207e+33
#ERR  p: [250, 480], r: 6.7023009609580188e+34, e: 3.6972003859724723e+32
#ERR  p: [251, 480], r: -2.9594897729098615e+34, e: -4.4497884695817119e+33
#ERR  p: [252, 480], r: 8.8327962637441740e+34, e: 2.5194001082398460e+34
#ERR  p: [253, 480], r: -7.5400243938867342e+34, e: -5.8904762240031850e+34
#ERR  p: [254, 480], r: -1.6067872450465536e+34, e: -4.2193895686551232e+33
#ERR  p: [255, 480], r: 5.4379497185224928e+34, e: -6.5409260684928709e+34
#ERR  p: [256, 480], r: -3.0800435925795740e+34, e: 3.3103346070317390e+33
#ERR  p: [257, 480], r: 1.0423435323742273e+35, e: 2.5483884549637760e+34
#ERR  p: [258, 480], r: -2.6713215953889950e+34, e: -9.1030849970716457e+33
#ERR  p: [259, 480], r: 1.4708646473771210e+32, e: 3.2217890888117932e+33
#ERR  p: [260, 480], r: -3.4897435624011884e+34, e: -2.7963178866836869e+34
#ERR  p: [261, 480], r: -4.9955520384432336e+34, e: -2.7295018061793135e+33
#ERR  p: [262, 480], r: 7.1912560803867540e+34, e: 1.2798521086374379e+34
#ERR  p: [263, 480], r: -6.7481507937810393e+34, e: -3.3253169001511942e+34
#ERR  p: [264, 480], r: -7.4869375635940514e+31, e: 1.4883715954126948e+34
#ERR  p: [265, 480], r: -6.6164924043709291e+34, e: 1.0297370937781686e+34
#ERR  p: [266, 480], r: -9.7568145161074104e+34, e: -1.6209320717294323e+33
#ERR  p: [267, 480], r: 7.9780224350663731e+34, e: -2.4911389274949921e+34
#ERR  p: [268, 480], r: -8.8452288955587170e+33, e: -3.2105634485355534e+32
#ERR  p: [269, 480], r: 4.1604208519567818e+34, e: -1.2767119499337866e+34
#ERR  p: [270, 480], r: 1.1136571975941292e+35, e: 4.9823105366070214e+34
#ERR  p: [271, 480], r: 6.8893647185603894e+33, e: -7.1133582082387057e+32
#ERR  p: [272, 480], r: -1.9486744688381660e+34, e: -8.1223895169197871e+33
#ERR  p: [273, 480], r: 4.8367188844667464e+34, e: 2.5559423650834954e+34
#ERR  p: [274, 480], r: -5.1633788887021310e+33, e: -1.1825014943000670e+34
#ERR  p: [275, 480], r: -8.2103565457593747e+34, e: -1.4172447601035219e+34
#ERR  p: [276, 480], r: 2.0732430518492849e+34, e: 3.1108886017744242e+34
#ERR  p: [277, 480], r: -4.9095166912409468e+34, e: -6.0076081143420543e+32
#ERR  p: [278, 480], r: 4.6638910659341459e+34, e: -1.4569520582456123e+34
#ERR  p: [279, 480], r: -3.2580105953912638e+31, e: 3.9497293993825986e+34
#ERR  p: [280, 480], r: -5.7229126216936416e+34, e: -8.0925719979575437e+34
#ERR  p: [281, 480], r: 7.5276999580316247e+34, e: 2.5075507937718141e+34
#ERR  p: [282, 480], r: -1.2756001559845044e+34, e: 2.3512814136166870e+32
#ERR  p: [283, 480], r: 2.6863739559146738e+34, e: -1.9285095397442425e+34
#ERR  p: [284, 480], r: 1.0117054077187425e+35, e: -8.9098023238879210e+33
#ERR  p: [285, 480], r: 8.5254375397343055e+34, e: 1.8160720263540968e+34
#ERR  p: [286, 480], r: -1.1811625631123767e+35, e: 1.0989050127691764e+34
#ERR  p: [287, 480], r: -2.5171173468074037e+34, e: -4.5578352572405202e+34
#ERR  p: [288, 480], r: 3.6421146693726059e+34, e: 3.7058198065582551e+34
#ERR  p: [289, 480], r: -2.4540056780765879e+34, e: 6.2910590130234705e+33
#ERR  p: [290, 480], r: -2.9404643676221002e+34, e: -4.4774793313504669e+33
#ERR  p: [291, 480], r: 1.1436853644334574e+35, e: -1.7040349865666599e+34
#ERR  p: [292, 480], r: 2.9090944718505929e+34, e: 4.9988850682050055e+34
#ERR  p: [293, 480], r: -1.2438218637940369e+34, e: 8.6240164381786553e+32
#ERR  p: [294, 480], r: 3.3562490603248102e+34, e: 3.7878568550216580e+34
#ERR  p: [295, 480], r: 7.6939607522438241e+34, e: 2.1818657601628698e+33
#ERR  p: [296, 480], r: -3.7707101475375162e+34, e: -1.3994171855977731e+34
#ERR  p: [297, 480], r: -1.8861145499828597e+34, e: 2.7944109638471717e+34
#ERR  p: [298, 480], r: 8.0563929527214206e+34, e: 5.8764704179867180e+32
#ERR  p: [299, 480], r: -5.3797368261151371e+34, e: -1.2355797828064788e+34
#ERR  p: [300, 480], r: 3.4785265877052236e+34, e: -3.0292172253243758e+32
#ERR  p: [301, 480], r: 4.1766972875933059e+34, e: 2.6785902841236630e+34
#ERR  p: [302, 480], r: -2.9443554607535820e+34, e: 3.3548365707399855e+34
#ERR  p: [303, 480], r: 2.0601421800015356e+34, e: -4.1072731150141661e+34
#ERR  p: [304, 480], r: -4.3027713294861998e+33, e: 1.4820073456707287e+34
#ERR  p: [305, 480], r: 1.0157014781655557e+35, e: 1.0148291389580724e+34
#ERR  p: [306, 480], r: -2.7907877609401913e+34, e: -2.0839069149356970e+34
#ERR  p: [307, 480], r: -7.4956239412617090e+34, e: -5.8964421046405091e+34
#ERR  p: [308, 480], r: -1.1705247958019928e+35, e: 2.0417900903011416e+34
#ERR  p: [309, 480], r: 2.4750169867753708e+34, e: 7.3738108889840355e+33
#ERR  p: [310, 480], r: -9.2793291587306620e+34, e: 1.7193619221930522e+34
#ERR  p: [311, 480], r: 1.9223351900043028e+33, e: 1.0630918407116641e+32
#ERR  p: [312, 480], r: 4.6503980146819510e+34, e: 8.8111032214657566e+33
#ERR  p: [313, 480], r: -1.8460964050969048e+34, e: -2.9544605177062607e+34
#ERR  p: [314, 480], r: -6.0843995311572398e+34, e: -3.0464508516735259e+34
#ERR  p: [315, 480], r: 4.2639874108194124e+34, e: 1.7092635501165856e+34
#ERR  p: [316, 480], r: -8.0587482574401649e+33, e: -1.4474784745069730e+34
#ERR  p: [317, 480], r: -1.4362617473990161e+34, e: 3.0959561976385522e+33
#ERR  p: [318, 480], r: -3.9625378697930687e+34, e: 7.7942957924279041e+33
#ERR  p: [319, 480], r: 8.0850428466386100e+34, e: 1.2430412188052635e+34
#ERR  p: [320, 480], r: -5.3300023374488390e+34, e: -1.9106880311446863e+34
#ERR  p: [321, 480], r: 3.2956223086348519e+33, e: 2.2311450582767226e+33
#ERR  p: [322, 480], r: -5.0980321811273873e+34, e: 2.3666379050615173e+33
#ERR  p: [323, 480], r: -1.3443162268611730e+34, e: 1.8014394512957397e+34
#ERR  p: [324, 480], r: 6.7965710853016319e+34, e: 3.4383111151770066e+34
#ERR  p: [325, 480], r: -2.6746070882532584e+34, e: -5.0050470385445524e+34
#ERR  p: [326, 480], r: -2.3888125369637176e+34, e: -2.8761523922291933e+34
#ERR  p: [327, 480], r: -9.0487138039882043e+34, e: -4.5291353505457437e+34
#ERR  p: [328, 480], r: 3.7432816052630857e+34, e: -4.9633126135881323e+34
#ERR  p: [329, 480], r: 3.6652547397629439e+34, e: -3.2757047818577796e+33
#ERR  p: [330, 480], r: 4.7612396995674539e+34, e: 3.9551125816434311e+33
#ERR  p: [331, 480], r: 7.6957206078036722e+34, e: 3.1749606643877176e+34
#ERR  p: [332, 480], r: 4.8196412540367967e+34, e: 5.3716362416740692e+34
#ERR  p: [333, 480], r: 1.4378772591502835e+34, e: 1.8190016114570656e+34
#ERR  p: [334, 480], r: -2.1024421578649033e+33, e: -8.3218637472099975e+33
#ERR  p: [335, 480], r: 4.5632539683804802e+34, e: 1.2263718610002702e+34
#ERR  p: [336, 480], r: 2.8692053203167316e+34, e: 4.8565977256175911e+34
#ERR  p: [337, 480], r: -1.6819083186512816e+35, e: 8.6005450950338045e+33
#ERR  p: [338, 480], r: -7.0447181468804493e+34, e: -3.9715052598496442e+34
#ERR  p: [339, 480], r: -5.3770074159165206e+34, e: -3.0171790166805995e+34
#ERR  p: [340, 480], r: -6.8217096860913923e+34, e: -4.7640101474783726e+33
#ERR  p: [341, 480], r: 6.4859912413095429e+34, e: 9.3293587723023257e+33
#ERR  p: [342, 480], r: -5.5405058707250587e+33, e: 4.5968517229436874e+33
#ERR  p: [343, 480], r: 7.7855980257118851e+33, e: -1.1169789373427429e+34
#ERR  p: [344, 480], r: -9.9337042634969141e+34, e: 1.1266002073280689e+34
#ERR  p: [345, 480], r: -2.3012050059115384e+34, e: -2.0156045636201576e+34
#ERR  p: [346, 480], r: 9.3266679858329350e+34, e: 2.1150834444730679e+34
#ERR  p: [347, 480], r: 4.3258582922488525e+33, e: 1.6564569894487970e+34
#ERR  p: [348, 480], r: 6.7190582125058014e+33, e: 4.7090342825827423e+34
#ERR  p: [349, 480], r: 3.3810130604586828e+34, e: -1.2601853266153228e+34
#ERR  p: [350, 480], r: -1.2856007307978674e+30, e: -8.7652171169995850e+33
#ERR  p: [351, 480], r: 6.9494309310005592e+34, e: -2.1413571124848490e+33
#ERR  p: [352, 480], r: -1.0714861264270523e+35, e: -2.6675253284645224e+34
#ERR  p: [353, 480], r: -6.2593085744838869e+34, e: 1.3513807792833629e+34
#ERR  p: [354, 480], r: 2.9902879879712268e+34, e: -1.8855594576692441e+34
#ERR  p: [355, 480], r: 1.2150777626398579e+35, e: 1.4731519891877086e+34
#ERR  p: [356, 480], r: -5.6473294498310491e+34, e: -3.2067725047532498e+34
#ERR  p: [357, 480], r: -5.8301756695135784e+34, e: -3.9543360218567874e+34
#ERR  p: [358, 480], r: 4.0943153490349582e+34, e: 1.2605269980661656e+34
#ERR  p: [359, 480], r: -2.0869995367418398e+34, e: -1.4931459587622068e+34
#ERR  p: [360, 480], r: 6.8047593158974811e+34, e: -3.1092503119264339e+34
#ERR  p: [361, 480], r: 1.3291509662039114e+35, e: 3.5243809390093875e+33
#ERR  p: [362, 480], r: -4.0306577487468175e+34, e: 1.1303299349754298e+33
#ERR  p: [363, 480], r: -7.8141097655206902e+34, e: -3.1814888173908852e+34
#ERR  p: [364, 480], r: -2.1061682954861503e+34, e: 1.4280799540913711e+34
#ERR  p: [365, 480], r: 7.3412085001094157e+33, e: 4.5163172242029672e+34
#ERR  p: [366, 480], r: 1.8717652156054910e+34, e: 1.5831908699577350e+34
#ERR  p: [367, 480], r: -8.5670055855494457e+34, e: -4.3082086097267490e+34
#ERR  p: [368, 480], r: 9.2635115036726970e+32, e: -1.2090248548177720e+33
#ERR  p: [369, 480], r: 2.1707026049101129e+34, e: 6.9333809145972204e+33
#ERR  p: [370, 480], r: -5.5449191269651111e+34, e: 1.2380160488037924e+34
#ERR  p: [371, 480], r: 1.8869839552724498e+34, e: 9.6888181835695823e+33
#ERR  p: [372, 480], r: -1.5314671354423093e+34, e: 3.8903711029538941e+33
#ERR  p: [373, 480], r: -5.0874240253427431e+34, e: 2.2032621610593734e+33
#ERR  p: [374, 480], r: 7.5524032991035723e+34, e: -4.7817068098249670e+34
#ERR  p: [375, 480], r: 8.0921768474970038e+34, e: 1.9097587095571947e+34
#ERR  p: [376, 480], r: -4.0386991596540075e+34, e: -3.4653135584899150e+34
#ERR  p: [377, 480], r: 6.4628917753524934e+34, e: -2.5634706807929025e+33
#ERR  p: [378, 480], r: 1.0494480207420846e+35, e: 3.9385985853133680e+34
#ERR  p: [379, 480], r: -1.6237355107423980e+34, e: -1.5494014203794445e+33
#ERR  p: [380, 480], r: -7.0896689876469407e+33, e: -6.5264285526927998e+33
#ERR  p: [381, 480], r: 2.0622549722665839e+34, e: 2.7122495643068227e+33
#ERR  p: [382, 480], r: 6.4769295202219739e+33, e: -5.3783567705593417e+33
#ERR  p: [383, 480], r: 4.0698977245240776e+34, e: 1.2640122944527697e+33
#ERR  p: [384, 480], r: -1.0805334874101656e+35, e: -1.9984999460973515e+34
#ERR  p: [385, 480], r: -1.4318040491115533e+34, e: -3.0179306938724536e+34
#ERR  p: [386, 480], r: -1.0884352091633226e+35, e: -3.0598411539024601e+34
#ERR  p: [387, 480], r: 2.4833854614409400e+34, e: 1.8530310976089736e+34
#ERR  p: [388, 480], r: -2.1896995375769706e+34, e: -8.0252068910457472e+33
#ERR  p: [389, 480], r: 1.1490619856120817e+35, e: 3.1190543018615584e+33
#ERR  p: [390, 480], r: 7.3428393623171702e+34, e: 8.4119164574277732e+34
#ERR  p: [391, 480], r: -7.0058978327765069e+34, e: -1.6982399416547572e+34
#ERR  p: [392, 480], r: 5.7815058092810658e+34, e: -2.5090204761864538e+34
#ERR  p: [393, 480], r: 5.5030922278877563e+32, e: -2.1584970112987748e+34
#ERR  p: [394, 480], r: 6.0370607040549668e+34, e: 9.9289766942808871e+33
#ERR  p: [395, 480], r: -6.5661023026598255e+34, e: 1.4569781787804412e+34
#ERR  p: [396, 480], r: 6.4909484484028572e+34, e: 3.5996946732224295e+34
#ERR  p: [397, 480], r: 1.1748214380903444e+34, e: 2.5080281434509626e+34
#ERR  p: [398, 480], r: 2.8232381307779868e+34, e: 3.4472848187277824e+33
#ERR  p: [399, 480], r: 3.8905623027929617e+34, e: 1.8919453713618977e+34
#ERR  p: [400, 480], r: 6.4466579248533206e+34, e: -7.2202434986556546e+32
#ERR  p: [401, 480], r: -6.4752077932153358e+34, e: 3.2810857977235433e+33
#ERR  p: [402, 480], r: -1.2566975543486402e+34, e: -2.6194715290925602e+33
#ERR  p: [403, 480], r: 4.9123783134357589e+34, e: 7.7664886880894602e+34
#ERR  p: [404, 480], r: -7.6417028466014467e+34, e: -1.4917619417982857e+34
#ERR  p: [405, 480], r: -4.9660917889763279e+33, e: 3.6187643967635972e+34
#ERR  p: [406, 480], r: -4.8454270498790955e+34, e: -4.8306514927462009e+34
#ERR  p: [407, 480], r: -3.3603654585434419e+34, e: 3.0401136509214181e+33
#ERR  p: [408, 480], r: -3.6701881784075040e+34, e: 2.5266338870654061e+34
#ERR  p: [409, 480], r: -7.4280061707878944e+34, e: -2.7864574466827710e+34
#ERR  p: [410, 480], r: 5.1486074786683680e+34, e: 2.9954484648189918e+34
#ERR  p: [411, 480], r: -2.6492993848541316e+34, e: 2.8837820642793169e+34
#ERR  p: [412, 480], r: -8.5232924372342317e+34, e: -1.4426699440123768e+34
#ERR  p: [413, 480], r: 1.5072464671916790e+34, e: 4.6332733425305085e+34
#ERR  p: [414, 480], r: 7.7499824907816447e+34, e: -1.4769401476049238e+33
#ERR  p: [415, 480], r: -4.6902963269721031e+34, e: 1.8360089268927839e+34
#ERR  p: [416, 480], r: 1.8716445164516607e+34, e: 1.0149726781056276e+34
#ERR  p: [417, 480], r: -3.5344859340650642e+34, e: -2.7925451406199608e+34
#ERR  p: [418, 480], r: -7.3165963952183634e+33, e: -2.3577848078190688e+34
#ERR  p: [419, 480], r: -4.8405079713389911e+34, e: -2.8195035132674707e+34
#ERR  p: [420, 480], r: -2.3564280255360121e+34, e: -9.1215278277769193e+33
#ERR  p: [421, 480], r: 2.1495749298476372e+34, e: 4.6625070489702249e+34
#ERR  p: [422, 480], r: -5.4644990757810228e+34, e: -6.3377788701061007e+33
#ERR  p: [423, 480], r: 3.9411116035931174e+34, e: 3.2729782808182555e+34
#ERR  p: [424, 480], r: 3.6312757615646388e+34, e: 2.5500393718001670e+34
#ERR  p: [425, 480], r: -4.6888613068785635e+34, e: -1.4302025260827298e+34
#ERR  p: [426, 480], r: -4.0231897516658245e+34, e: -3.7095784401055334e+34
#ERR  p: [427, 480], r: 1.8732127388934274e+34, e: -4.8111970174408233e+33
#ERR  p: [428, 480], r: -4.4619300616930190e+34, e: -2.7174836366899232e+34
#ERR  p: [429, 480], r: -7.6126587925757489e+34, e: -3.2859395130295734e+34
#ERR  p: [430, 480], r: -4.2529994550307153e+34, e: -2.6615933673842747e+33
#ERR  p: [431, 480], r: 7.6773064973073100e+34, e: -2.7289556270339808e+34
#ERR  p: [432, 480], r: -7.8920578980343335e+34, e: -3.9725609751151467e+34
#ERR  p: [433, 480], r: -4.4926730646286321e+34, e: 2.1413406478823265e+34
#ERR  p: [434, 480], r: 4.8498861099006014e+34, e: 1.1969662356375980e+33
#ERR  p: [435, 480], r: 3.4213233591939090e+34, e: -1.2331795408643083e+33
#ERR  p: [436, 480], r: 1.1868216574491651e+34, e: -9.7661453344110190e+32
#ERR  p: [437, 480], r: -1.9503621524937238e+34, e: -4.0594282180238333e+33
#ERR  p: [438, 480], r: -8.4883062710199640e+34, e: -1.9719530647189001e+34
#ERR  p: [439, 480], r: 3.5481998338202677e+34, e: 3.8144497877695708e+34
#ERR  p: [440, 480], r: -3.6724912420565905e+34, e: 3.4773834738729475e+34
#ERR  p: [441, 480], r: -1.2712333224959252e+34, e: 3.5594782103421810e+34
#ERR  p: [442, 480], r: -8.7629566384878499e+34, e: 1.1723938376733058e+34
#ERR  p: [443, 480], r: 6.6631152069544794e+34, e: -1.0720122509437486e+34
#ERR  p: [444, 480], r: -1.4126496504716985e+34, e: 1.0504933868288587e+34
#ERR  p: [445, 480], r: 2.1542246326351931e+34, e: -1.7456685194098783e+34
#ERR  p: [446, 480], r: 3.8806025800008951e+34, e: -6.8306213688461999e+33
#ERR  p: [447, 480], r: 2.1354391401270453e+34, e: -5.1486386747573580e+34
#ERR  p: [448, 480], r: -4.6211093437044903e+34, e: 8.0875582170044340e+33
#ERR  p: [449, 480], r: -6.5059379215745403e+34, e: -1.4516805381763233e+34
#ERR  p: [450, 480], r: 3.1583460235324607e+34, e: -2.3361805258414682e+34
#ERR  p: [451, 480], r: -3.7231418063519597e+32, e: 1.9641375778688797e+34
#ERR  p: [452, 480], r: 5.2214914460693026e+34, e: 2.4248244602945372e+34
#ERR  p: [453, 480], r: -1.1277216572096575e+34, e: -5.2775245736554846e+34
#ERR  p: [454, 480], r: 5.0666112822262615e+34, e: 1.5214642085428716e+34
#ERR  p: [455, 480], r: -1.9082507005189388e+35, e: -3.0413245419708451e+34
#ERR  p: [456, 480], r: 4.7776859805773681e+34, e: 2.6577839782953858e+34
#ERR  p: [457, 480], r: 3.3019178527046377e+34, e: 3.5180998169410593e+34
#ERR  p: [458, 480], r: -3.1196992686220261e+34, e: -6.5699418974856731e+34
#ERR  p: [459, 480], r: -1.1981730476745956e+35, e: -9.8022023497077695e+33
#ERR  p: [460, 480], r: 1.7334501997749363e+35, e: 3.8131034041828440e+34
#ERR  p: [461, 480], r: 1.4233115328540478e+34, e: -6.2470521015369341e+33
#ERR  p: [462, 480], r: 3.2681765589938754e+34, e: -3.8028790717073802e+33
#ERR  p: [463, 480], r: -5.9937951948579585e+34, e: 1.7762580177806200e+34
#ERR  p: [464, 480], r: 9.3692759012810749e+34, e: -1.0442816512997325e+34
#ERR  p: [465, 480], r: 3.4588715661134818e+34, e: 3.8028790098103782e+34
#ERR  p: [466, 480], r: -1.0472702366249737e+35, e: -5.0574796175264729e+33
#ERR  p: [467, 480], r: 3.2162598296263251e+33, e: 3.8864548177426128e+34
#ERR  p: [468, 480], r: -6.3761265387030439e+34, e: -2.9267925578282325e+34
#ERR  p: [469, 480], r: -5.3056094717387442e+34, e: 1.4689416313200951e+34
#ERR  p: [470, 480], r: 4.0943564486442624e+34, e: 1.4501724796204659e+34
#ERR  p: [471, 480], r: -7.4365131709438596e+33, e: 1.5459428634976890e+34
#ERR  p: [472, 480], r: -9.9883716956317564e+34, e: 2.2689218817730503e+33
#ERR  p: [473, 480], r: 5.4974327374101553e+34, e: -2.6220161767403133e+34
#ERR  p: [474, 480], r: -3.9647505638192874e+34, e: -6.3038989271109384e+33
#ERR  p: [475, 480], r: -1.2552629799135147e+35, e: -8.4477137219557807e+34
#ERR  p: [476, 480], r: -1.9051946722203574e+34, e: -3.9843954343027071e+34
#ERR  p: [477, 480], r: -2.7890940113784410e+34, e: 1.7392172424831504e+33
#ERR  p: [478, 480], r: -5.9478780180968009e+34, e: -4.3506917408189290e+34
#ERR  p: [479, 480], r: -9.7598241959309210e+34, e: -5.9941954208726595e+33
#ERR  p: [480, 480], r: 5.8955809935491822e+34, e: 4.9860699129183233e+34
#ERR  p: [481, 480], r: 1.1767326194405948e+35, e: 4.2917286567477663e+34
#ERR  p: [482, 480], r: 1.8864823419685314e+34, e: -5.8496702540762288e+33
#ERR  p: [483, 480], r: -4.1948548969135282e+34, e: 2.0750765648414705e+34
#ERR  p: [484, 480], r: 5.9180228657573632e+34, e: 2.0580036385836701e+34
#ERR  p: [485, 480], r: 1.5083244653778888e+34, e: -5.2743171948077001e+33
#ERR  p: [486, 480], r: -2.9391687395769841e+34, e: -2.1831894584983767e+34
#ERR  p: [487, 480], r: -3.9018082452858458e+34, e: -2.1546158216876072e+34
#ERR  p: [488, 480], r: -2.7990428402981619e+34, e: -1.6374917480469450e+34
#ERR  p: [489, 480], r: 1.3958410244122855e+34, e: 3.2935748796038778e+34
#ERR  p: [490, 480], r: 9.3017645936506388e+34, e: 4.8248698175867225e+34
#ERR  p: [491, 480], r: -1.3724819376701971e+35, e: -2.6015300022061952e+34
#ERR  p: [492, 480], r: -5.6683843340192149e+34, e: 2.7136019519027400e+34
#ERR  p: [493, 480], r: 3.4153517840324042e+34, e: 1.0663671205706034e+34
#ERR  p: [494, 480], r: -5.0395734338282295e+32, e: 4.1209350212877196e+34
#ERR  p: [495, 480], r: 1.6095869702394014e+34, e: 5.2918787359990065e+34
#ERR  p: [496, 480], r: 3.1408271912725097e+34, e: -2.5924611010663984e+34
#ERR  p: [497, 480], r: 9.2665833280861798e+34, e: 2.2038581053942854e+34
#ERR  p: [498, 480], r: 5.6036777033417838e+34, e: 5.3446000025980883e+33
#ERR  p: [499, 480], r: 7.4594107288805016e+34, e: 6.7946431174844489e+33
#ERR  p: [500, 480], r: 8.0584479331866343e+34, e: 6.2963456359612387e+32
#SDC Ite:10 KerTime:2.6375622 AccTime:26.9119697 KerErr:65536 AccErr:65536
#ABORT too many errors per iteration
#END
