#HEADER matrix_dim:2048 threads:4 block_size:16 block_offset:12 precision:Float
#BEGIN Y:2023 M:10 D:28 Time:06:40:54
#IT 0 KerTime:2.7155249 AccTime:2.7155249
#IT 1 KerTime:2.7029873 AccTime:5.4185123
#IT 2 KerTime:2.6640762 AccTime:8.0825885
#IT 3 KerTime:2.6546525 AccTime:10.7372410
#IT 4 KerTime:2.6687645 AccTime:13.4060055
#IT 5 KerTime:2.6606702 AccTime:16.0666757
#IT 6 KerTime:2.6565276 AccTime:18.7232033
#IT 7 KerTime:2.6608835 AccTime:21.3840868
#IT 8 KerTime:2.6426831 AccTime:24.0267699
#IT 9 KerTime:2.6017233 AccTime:26.6284933
#IT 10 KerTime:2.6041990 AccTime:29.2326923
#IT 11 KerTime:2.7500891 AccTime:31.9827814
#IT 12 KerTime:2.6654539 AccTime:34.6482353
#ERR  p: [1453, 720], r: -3.2587545973548743e+34, e: -2.1074963575602957e+34
#SDC Ite:13 KerTime:2.6654539 AccTime:34.6482353 KerErr:1 AccErr:1
#IT 13 KerTime:2.6011005 AccTime:37.2493358
#IT 14 KerTime:2.6029734 AccTime:39.8523092
#IT 15 KerTime:2.7325490 AccTime:42.5848582
#IT 16 KerTime:2.7296401 AccTime:45.3144983
#IT 17 KerTime:2.6749412 AccTime:47.9894395
#IT 18 KerTime:2.7142011 AccTime:50.7036406
#IT 19 KerTime:2.7230606 AccTime:53.4267011
#IT 20 KerTime:2.6735473 AccTime:56.1002484
#IT 21 KerTime:2.7094439 AccTime:58.8096923
#IT 22 KerTime:2.6604890 AccTime:61.4701814
#IT 23 KerTime:2.6733215 AccTime:64.1435029
