#HEADER matrix_dim:2048 threads:4 block_size:16 block_offset:12 precision:Float
#BEGIN Y:2023 M:10 D:22 Time:06:52:27
#IT 0 KerTime:2.6346025 AccTime:2.6346025
#ERR  p: [1158, 146], r: 3.2363174293188425e+34, e: 1.0104709091527663e+34
#ERR  p: [1206, 146], r: 5.4601336040264868e+34, e: 3.0977042927680271e+34
#ERR  p: [1238, 146], r: 1.3980746396251681e+34, e: -3.3725824412031415e+34
#SDC Ite:1 KerTime:2.6346025 AccTime:2.6346025 KerErr:3 AccErr:3
#IT 1 KerTime:2.7590484 AccTime:5.3936509
#ERR  p: [1238, 370], r: 8.9970572896169118e+33, e: -1.1496031139620541e+34
#ERR  p: [1944, 466], r: 9.3859762694840524e+31, e: -3.0079333377031927e+34
#SDC Ite:2 KerTime:2.7590484 AccTime:5.3936509 KerErr:2 AccErr:5
#IT 2 KerTime:2.6233026 AccTime:8.0169535
#IT 3 KerTime:2.5936280 AccTime:10.6105815
#ERR  p: [1549, 148], r: -2.1453780655264519e+34, e: 1.6349894998455374e+34
#SDC Ite:4 KerTime:2.5936280 AccTime:10.6105815 KerErr:1 AccErr:6
#IT 4 KerTime:2.6419057 AccTime:13.2524872
#IT 5 KerTime:2.6213327 AccTime:15.8738199
#IT 6 KerTime:2.6389612 AccTime:18.5127811
#IT 7 KerTime:2.5934649 AccTime:21.1062460
#IT 8 KerTime:2.5900787 AccTime:23.6963247
#IT 9 KerTime:2.6464470 AccTime:26.3427717
#IT 10 KerTime:2.6893582 AccTime:29.0321299
#IT 11 KerTime:2.6975666 AccTime:31.7296966
#ERR  p: [1078, 146], r: 6.7714319893358558e+34, e: 4.5226287376992597e+34
#ERR  p: [1080, 146], r: 1.5396774013708578e+34, e: -1.3568877555481239e+34
#ERR  p: [1081, 146], r: -3.5753646948663303e+34, e: -1.6346839762438418e+34
#ERR  p: [1094, 146], r: 2.4380416985059793e+34, e: 2.7668455054043963e+33
#ERR  p: [1096, 146], r: -1.1434382963604168e+34, e: -4.0035126947413834e+34
#ERR  p: [1097, 146], r: -3.6488341460088450e+33, e: 1.3573643624632488e+34
#ERR  p: [1238, 146], r: -1.1323978519140541e+34, e: -3.3725824412031415e+34
#ERR  p: [1239, 146], r: 1.4327776889524513e+34, e: 3.6767051899503180e+34
#ERR  p: [1878, 146], r: -3.3140140743135049e+33, e: -2.6265269826554613e+34
#ERR  p: [1896, 146], r: 1.3118225291220025e+34, e: -1.5475369588862767e+34
#SDC Ite:12 KerTime:2.6975666 AccTime:31.7296966 KerErr:10 AccErr:16
#IT 12 KerTime:2.5900707 AccTime:34.3197673
#IT 13 KerTime:2.6896982 AccTime:37.0094654
#ERR  p: [1877, 498], r: 2.0344560383323993e+34, e: 1.8871490964736905e+34
#ERR  p: [1878, 498], r: 2.6415159606511287e+34, e: 3.6467701904783464e+33
#SDC Ite:14 KerTime:2.6896982 AccTime:37.0094654 KerErr:2 AccErr:18
#IT 14 KerTime:2.6153436 AccTime:39.6248090
#IT 15 KerTime:2.6299602 AccTime:42.2547692
#ERR  p: [2023, 273], r: -1.3822922658583228e+34, e: -2.2036894979609347e+34
#ERR  p: [710, 1947], r: -4.9661316506455929e+34, e: -5.1017603613496992e+34
#SDC Ite:16 KerTime:2.6299602 AccTime:42.2547692 KerErr:2 AccErr:20
