#HEADER matrix_dim:2048 threads:4 block_size:16 block_offset:12 precision:Float
#BEGIN Y:2023 M:10 D:27 Time:10:25:26
#IT 0 KerTime:2.6391341 AccTime:2.6391341
#ERR  p: [1275, 880], r: -2.1720514643769182e+34, e: -2.0817412626309712e+34
#ERR  p: [1293, 880], r: -3.2729814994623576e+34, e: 1.1879668757795080e+34
#ERR  p: [1294, 880], r: -1.2267973409917726e+34, e: -8.6361149809250962e+32
#SDC Ite:1 KerTime:2.6391341 AccTime:2.6391341 KerErr:3 AccErr:3
#IT 1 KerTime:2.7429654 AccTime:5.3820995
#ERR  p: [1452, 592], r: -4.9004589934585055e+33, e: -1.0031276964277333e+34
#ERR  p: [1453, 592], r: 5.6760882824716957e+34, e: 3.6493236893973804e+34
#ERR  p: [1454, 592], r: 7.7607510835953803e+34, e: 8.6732644164095141e+34
#ERR  p: [1455, 592], r: 6.9375106825682764e+33, e: 1.4572235384962275e+34
#ERR  p: [1597, 592], r: -2.3908491959163499e+34, e: -2.5213657094342233e+34
#ERR  p: [1377, 624], r: 2.3965107908920177e+34, e: 5.2300763126537389e+34
#ERR  p: [1389, 624], r: 3.5921155091259087e+34, e: 3.6395167284061616e+34
#ERR  p: [1438, 624], r: -6.1150035134264412e+33, e: 3.6002628877004615e+34
#ERR  p: [1439, 624], r: -7.6868010022326132e+34, e: -2.7744972127872193e+34
#ERR  p: [1624, 1246], r: -4.9373765318250643e+33, e: -1.0688610745737477e+34
#ERR  p: [1485, 624], r: -3.7544081484391808e+33, e: -5.9253956652493352e+33
#ERR  p: [1870, 624], r: -8.7550249090681406e+34, e: -4.7930824884339682e+34
#ERR  p: [1742, 752], r: -3.1737037838658312e+33, e: 3.7396259683270760e+34
#ERR  p: [1752, 754], r: -1.5790264396655790e+34, e: -2.3667150596744657e+34
#ERR  p: [1437, 1520], r: -4.2407532569860887e+34, e: -4.5217166234783143e+34
#SDC Ite:2 KerTime:2.7429654 AccTime:5.3820995 KerErr:15 AccErr:18
#IT 2 KerTime:2.6199634 AccTime:8.0020629
#ERR  p: [1846, 1522], r: 9.5688481764223968e+33, e: 1.0434121222161385e+34
#SDC Ite:3 KerTime:2.6199634 AccTime:8.0020629 KerErr:1 AccErr:19
#IT 3 KerTime:2.6646293 AccTime:10.6666922
#IT 4 KerTime:2.6421703 AccTime:13.3088625
#IT 5 KerTime:2.6362143 AccTime:15.9450769
#ERR  p: [1603, 1008], r: -9.0287354324582011e+34, e: -5.7347844666703884e+34
#ERR  p: [1611, 1008], r: 2.1787729836142221e+34, e: -4.1653513195452476e+33
#SDC Ite:6 KerTime:2.6362143 AccTime:15.9450769 KerErr:2 AccErr:21
#IT 6 KerTime:2.6533406 AccTime:18.5984175
#ERR  p: [1197, 816], r: 1.5950758370988982e+34, e: -7.0219815211489143e+33
#ERR  p: [1341, 816], r: 3.4131504790545469e+34, e: 1.0193695316401594e+34
#ERR  p: [1372, 816], r: -3.6087222271649142e+34, e: 8.4892159093608309e+33
#ERR  p: [1255, 958], r: 2.2796489416984680e+33, e: 2.5542406927054937e+34
#ERR  p: [1256, 958], r: -1.9180678868948821e+34, e: 2.2069861322855517e+34
#SDC Ite:7 KerTime:2.6533406 AccTime:18.5984175 KerErr:5 AccErr:26
