#HEADER matrix_dim:2048 threads:4 block_size:16 block_offset:12 precision:Float
#BEGIN Y:2023 M:10 D:27 Time:13:02:25
#IT 0 KerTime:2.6895746 AccTime:2.6895746
#ERR  p: [1049, 466], r: -2.6027627428973156e+34, e: -9.2819128633866546e+33
#ERR  p: [1142, 466], r: 5.3055030088953657e+34, e: 3.2315112509103210e+34
#ERR  p: [1190, 466], r: 7.1610300412115464e+34, e: 4.9351836448394741e+34
#ERR  p: [1193, 466], r: -1.1498488450598523e+34, e: 6.0651931390357350e+33
#ERR  p: [1910, 466], r: -6.7610225229275169e+33, e: -2.9996738017610807e+34
#ERR  p: [1926, 466], r: 3.4315940525238441e+34, e: 1.1598136434060799e+34
#ERR  p: [2022, 466], r: -1.2721291578053541e+33, e: -2.0881953868197894e+34
#ERR  p: [1158, 498], r: -1.7328011230535382e+34, e: -3.5843486733194322e+34
#ERR  p: [1174, 498], r: 2.6648263715908724e+34, e: 2.0093597441434815e+33
#ERR  p: [1238, 498], r: 1.9229563883160162e+34, e: -4.6995304931071445e+33
#ERR  p: [1974, 498], r: 2.4115817205182858e+34, e: 3.5719410478936827e+33
#ERR  p: [1990, 498], r: 2.2796123605703071e+34, e: 2.1847504699394145e+33
#SDC Ite:1 KerTime:2.6895746 AccTime:2.6895746 KerErr:12 AccErr:12
#IT 1 KerTime:2.8094659 AccTime:5.4990404
#ERR  p: [1158, 338], r: 9.9502209832950635e+33, e: -1.2209559971224006e+34
#ERR  p: [1206, 338], r: 2.4712058645704268e+34, e: -5.4791272561522404e+32
#ERR  p: [1190, 434], r: 1.6424171400812497e+34, e: -7.0559109817456480e+33
#SDC Ite:2 KerTime:2.8094659 AccTime:5.4990404 KerErr:3 AccErr:15
#IT 2 KerTime:2.6312177 AccTime:8.1302581
#IT 3 KerTime:2.6251918 AccTime:10.7554499
#IT 4 KerTime:2.5996118 AccTime:13.3550616
#IT 5 KerTime:2.6027910 AccTime:15.9578526
#IT 6 KerTime:2.7093709 AccTime:18.6672235
#ERR  p: [1190, 434], r: 1.5315286610622618e+34, e: -7.0559109817456480e+33
#SDC Ite:7 KerTime:2.7093709 AccTime:18.6672235 KerErr:1 AccErr:16
#IT 7 KerTime:2.6390367 AccTime:21.3062602
#ERR  p: [2009, 434], r: 7.8960086598757088e+33, e: 2.0373682922748182e+34
#SDC Ite:8 KerTime:2.6390367 AccTime:21.3062602 KerErr:1 AccErr:17
#ABORT amount of errors equals of the last iteration
#END
