#HEADER matrix_dim:2048 threads:4 block_size:16 block_offset:12 precision:Float
#BEGIN Y:2023 M:10 D:27 Time:05:46:39
#IT 0 KerTime:2.7093642 AccTime:2.7093642
#IT 1 KerTime:2.7331912 AccTime:5.4425555
#ERR  p: [1767, 953], r: -1.5369817869353139e+33, e: -4.1796718099197008e+33
#ERR  p: [1782, 953], r: 8.5596905978573084e+33, e: -1.2620166113154377e+34
#ERR  p: [1783, 953], r: -2.5067694060190172e+34, e: -8.6166630743453001e+33
#SDC Ite:2 KerTime:2.7331912 AccTime:5.4425555 KerErr:3 AccErr:3
#IT 2 KerTime:2.7054257 AccTime:8.1479812
#ERR  p: [1910, 949], r: 2.2068561485814267e+34, e: 3.6217545171344871e+34
#SDC Ite:3 KerTime:2.7054257 AccTime:8.1479812 KerErr:1 AccErr:4
#IT 3 KerTime:2.6198333 AccTime:10.7678144
#IT 4 KerTime:2.5942030 AccTime:13.3620174
#IT 5 KerTime:2.5971141 AccTime:15.9591315
#IT 6 KerTime:2.7395466 AccTime:18.6986781
#ERR  p: [1576, 753], r: -6.1950480973966142e+33, e: 2.0545114097328460e+34
#SDC Ite:7 KerTime:2.7395466 AccTime:18.6986781 KerErr:1 AccErr:5
#IT 7 KerTime:2.6239178 AccTime:21.3225958
#IT 8 KerTime:2.6367411 AccTime:23.9593369
#IT 9 KerTime:2.5978358 AccTime:26.5571727
#IT 10 KerTime:2.8306508 AccTime:29.3878235
#IT 11 KerTime:2.7605443 AccTime:32.1483678
#ERR  p: [1641, 637], r: 3.7324417071030872e+34, e: 2.9635299140220733e+34
#ERR  p: [1832, 637], r: -2.5071955049805392e+34, e: -1.1837474809496078e+34
#ERR  p: [1606, 881], r: -3.8452489931829675e+34, e: -8.6061752463324744e+33
#ERR  p: [1686, 881], r: -1.1256911415344702e+33, e: 2.9024400489634183e+34
#ERR  p: [1719, 881], r: -6.9231437694423499e+33, e: -3.3530484901472417e+33
#ERR  p: [1702, 1009], r: -1.3691740628500234e+34, e: 1.7924109070012235e+34
#ERR  p: [1703, 1009], r: -9.0109878288789902e+33, e: -5.1698851920636051e+33
#SDC Ite:12 KerTime:2.7605443 AccTime:32.1483678 KerErr:7 AccErr:12
#IT 12 KerTime:2.6248984 AccTime:34.7732662
#ERR  p: [1930, 1023], r: -1.3499646996724243e+34, e: -4.0730721741668171e+33
#SDC Ite:13 KerTime:2.6248984 AccTime:34.7732662 KerErr:1 AccErr:13
#IT 13 KerTime:2.6364707 AccTime:37.4097369
#ERR  p: [1926, 881], r: -3.8738129740614305e+34, e: -1.2662410816994991e+34
#SDC Ite:14 KerTime:2.6364707 AccTime:37.4097369 KerErr:1 AccErr:14
#ABORT amount of errors equals of the last iteration
#END
