#HEADER matrix_dim:2048 threads:4 block_size:16 block_offset:12 precision:Float
#BEGIN Y:2023 M:10 D:27 Time:18:45:45
#IT 0 KerTime:2.6353702 AccTime:2.6353702
#IT 1 KerTime:2.6829098 AccTime:5.3182799
#IT 2 KerTime:2.6270625 AccTime:7.9453424
#IT 3 KerTime:2.6303685 AccTime:10.5757109
#IT 4 KerTime:2.6223457 AccTime:13.1980566
#IT 5 KerTime:2.6438531 AccTime:15.8419097
#ERR  p: [1656, 1968], r: 1.9640504268901140e+34, e: 1.9716474173232005e+34
#ERR  p: [1657, 1968], r: -2.4211418362656710e+34, e: -2.4356802040870385e+34
#ERR  p: [1658, 1968], r: -1.9688258734371603e+33, e: -1.3733049140186138e+33
#ERR  p: [1659, 1968], r: 5.4221693254597102e+33, e: 5.9866142760720758e+33
#ERR  p: [1656, 1969], r: 3.9500445789166007e+34, e: 3.9516915343448659e+34
#ERR  p: [1657, 1969], r: -1.7523900386471822e+34, e: -1.7555418339872028e+34
#ERR  p: [1658, 1969], r: -4.6311045953756844e+33, e: -4.5020097321989264e+33
#ERR  p: [1659, 1969], r: 5.4731408876072661e+34, e: 5.4853766869555628e+34
#ERR  p: [1656, 1970], r: -2.5358332670853437e+34, e: -2.5426959114871261e+34
#ERR  p: [1657, 1970], r: -1.1369184375555125e+34, e: -1.1237858744427575e+34
#ERR  p: [1658, 1970], r: -1.6929107335796375e+34, e: -1.7467036848707287e+34
#ERR  p: [1659, 1970], r: 5.1624686932882464e+33, e: 4.6526107087081697e+33
#ERR  p: [1656, 1971], r: -7.6911797199455695e+33, e: -7.6378170766121339e+33
#ERR  p: [1657, 1971], r: -2.5657971105602306e+34, e: -2.5760091255323035e+34
#ERR  p: [1658, 1971], r: 4.3621738822713087e+34, e: 4.4040033810227460e+34
#ERR  p: [1659, 1971], r: -4.5624175696671875e+32, e: -5.9771642673540597e+31
#ERR  p: [1656, 1972], r: -5.6774787367238210e+34, e: -5.6698956112191745e+34
#ERR  p: [1657, 1972], r: -7.0097403986584487e+34, e: -7.0242540076790305e+34
#ERR  p: [1658, 1972], r: 5.1752219515729644e+33, e: 5.7697160397289236e+33
#ERR  p: [1659, 1972], r: -7.6042328774923569e+34, e: -7.5478858083122121e+34
#ERR  p: [1656, 1973], r: -5.2287457746995149e+34, e: -5.2288878902160249e+34
#ERR  p: [1657, 1973], r: -6.8436822552306803e+33, e: -6.8409637389044096e+33
#ERR  p: [1658, 1973], r: -2.5708709316052456e+34, e: -2.5719850776406025e+34
#ERR  p: [1659, 1973], r: 4.6074994309125868e+34, e: 4.6064437156470843e+34
#ERR  p: [1656, 1974], r: 3.5207601500854836e+34, e: 3.5143367268096396e+34
#ERR  p: [1657, 1974], r: 4.1208174169839874e+34, e: 4.1331106567501070e+34
#ERR  p: [1658, 1974], r: 1.3297887529121512e+34, e: 1.2794333135221477e+34
#ERR  p: [1659, 1974], r: -5.6646789318936259e+34, e: -5.7124069673442502e+34
#ERR  p: [1656, 1975], r: -4.2104695917020524e+33, e: -4.1817072928292958e+33
#ERR  p: [1657, 1975], r: -2.0427286964389278e+34, e: -2.0482328254415984e+34
#ERR  p: [1658, 1975], r: -9.9543872704972785e+33, e: -9.7289138235019965e+33
#ERR  p: [1659, 1975], r: 4.6388271748257564e+33, e: 4.8525340017476309e+33
#ERR  p: [1656, 1976], r: -9.6661242667694027e+33, e: -9.6304802592182587e+33
#ERR  p: [1657, 1976], r: -2.8231284492905061e+34, e: -2.8299499940829843e+34
#ERR  p: [1658, 1976], r: -1.2869387892378300e+33, e: -1.0075245809107661e+33
#ERR  p: [1659, 1976], r: -8.2935681517320516e+33, e: -8.0287331632476516e+33
#ERR  p: [1656, 1977], r: 2.9532810084368296e+34, e: 2.9572622236031714e+34
#ERR  p: [1657, 1977], r: -3.4478199802067655e+34, e: -3.4554387583845434e+34
#ERR  p: [1658, 1977], r: -1.9284248646455554e+34, e: -1.8972176341952103e+34
#ERR  p: [1659, 1977], r: 3.1958140119374877e+34, e: 3.2253923608841412e+34
#ERR  p: [1656, 1978], r: 5.1348437518265833e+33, e: 5.0270216502849053e+33
#ERR  p: [1657, 1978], r: 1.6905021974392039e+34, e: 1.7111364296020205e+34
#ERR  p: [1658, 1978], r: 4.5010083625011484e+34, e: 4.4164872635549155e+34
#ERR  p: [1659, 1978], r: 1.5416789028263744e+34, e: 1.4615684604461114e+34
#ERR  p: [1656, 1979], r: -1.4397305791830976e+34, e: -1.4298765764703860e+34
#ERR  p: [1657, 1979], r: -3.7297293804770130e+34, e: -3.7485871686834550e+34
#ERR  p: [1658, 1979], r: 2.0663666663130664e+34, e: 2.1436130106184388e+34
#ERR  p: [1659, 1979], r: -4.7879054231896767e+34, e: -4.7146916685622765e+34
#ERR  p: [1656, 1980], r: 3.6678113025835751e+32, e: 4.3581609448914603e+32
#ERR  p: [1657, 1980], r: 3.1889781070405539e+34, e: 3.1757670585293081e+34
#ERR  p: [1658, 1980], r: 1.5730273822352020e+34, e: 1.6271415789664878e+34
#ERR  p: [1659, 1980], r: -3.6754875521276769e+34, e: -3.6241962300679736e+34
#ERR  p: [1656, 1981], r: 3.1642091551465241e+34, e: 3.1756818882546053e+34
#ERR  p: [1657, 1981], r: 7.1558207895262336e+33, e: 6.9362634579786964e+33
#ERR  p: [1658, 1981], r: -4.4801302561505926e+34, e: -4.3901968833526040e+34
#ERR  p: [1659, 1981], r: 2.3182999675020381e+34, e: 2.4035395668470722e+34
#ERR  p: [1656, 1982], r: -1.1236298939978075e+34, e: -1.1228242426202406e+34
#ERR  p: [1657, 1982], r: 2.6783360112395938e+34, e: 2.6767945283026756e+34
#ERR  p: [1658, 1982], r: -3.8928079879212274e+33, e: -3.8296507629969658e+33
#ERR  p: [1659, 1982], r: 6.0220935602267424e+32, e: 6.6207122324798431e+32
#ERR  p: [1656, 1983], r: 2.9849737589705825e+34, e: 2.9946641060101006e+34
#ERR  p: [1657, 1983], r: 8.0812329623737053e+33, e: 7.8957895444887553e+33
#ERR  p: [1658, 1983], r: -1.3365050728012901e+34, e: -1.2605440816387077e+34
#ERR  p: [1659, 1983], r: -1.6032402992459931e+34, e: -1.5312434396772104e+34
#SDC Ite:6 KerTime:2.6438531 AccTime:15.8419097 KerErr:64 AccErr:64
#IT 6 KerTime:2.6556089 AccTime:18.4975186
#IT 7 KerTime:2.6468145 AccTime:21.1443331
#IT 8 KerTime:2.6767943 AccTime:23.8211274
#IT 9 KerTime:2.6250148 AccTime:26.4461423
#IT 10 KerTime:2.6210918 AccTime:29.0672341
#IT 11 KerTime:2.6061852 AccTime:31.6734193
