#HEADER matrix_dim:2048 threads:4 block_size:16 block_offset:12 precision:Float
#BEGIN Y:2023 M:10 D:18 Time:14:02:03
#IT 0 KerTime:2.6924030 AccTime:2.6924030
#IT 1 KerTime:2.6654442 AccTime:5.3578472
#IT 2 KerTime:2.6848781 AccTime:8.0427253
#IT 3 KerTime:2.6713795 AccTime:10.7141048
#IT 4 KerTime:2.6654559 AccTime:13.3795607
#IT 5 KerTime:2.6918026 AccTime:16.0713633
#IT 6 KerTime:2.6221260 AccTime:18.6934893
#IT 7 KerTime:2.6393203 AccTime:21.3328096
#IT 8 KerTime:2.6346113 AccTime:23.9674209
#IT 9 KerTime:2.6115241 AccTime:26.5789450
#IT 10 KerTime:2.5910584 AccTime:29.1700034
#IT 11 KerTime:2.5884020 AccTime:31.7584053
#IT 12 KerTime:2.6517367 AccTime:34.4101420
#IT 13 KerTime:2.6419225 AccTime:37.0520645
#IT 14 KerTime:2.6393049 AccTime:39.6913694
#IT 15 KerTime:2.6741531 AccTime:42.3655225
#IT 16 KerTime:2.6718848 AccTime:45.0374073
#IT 17 KerTime:2.6986584 AccTime:47.7360657
#IT 18 KerTime:2.6556182 AccTime:50.3916839
#IT 19 KerTime:2.6476313 AccTime:53.0393153
#IT 20 KerTime:2.6322326 AccTime:55.6715479
#IT 21 KerTime:2.6257772 AccTime:58.2973251
#IT 22 KerTime:2.6092488 AccTime:60.9065740
#IT 23 KerTime:2.5908043 AccTime:63.4973783
#IT 24 KerTime:2.6268483 AccTime:66.1242266
#IT 25 KerTime:2.6496270 AccTime:68.7738536
#IT 26 KerTime:2.6986034 AccTime:71.4724570
#IT 27 KerTime:2.6356028 AccTime:74.1080598
#IT 28 KerTime:2.6506850 AccTime:76.7587447
#IT 29 KerTime:2.6778116 AccTime:79.4365563
#IT 30 KerTime:2.6389797 AccTime:82.0755360
#ERR  p: [0, 1280], r: -2.3657432767436267e+34, e: -1.7585572083348941e+34
#ERR  p: [1, 1280], r: 3.5041229787215117e+33, e: 1.2937708874691431e+34
#ERR  p: [2, 1280], r: -1.6401462628731846e+34, e: -2.0181550914830973e+34
#ERR  p: [3, 1280], r: -7.7320614518029299e+33, e: 4.6778827594341650e+34
#ERR  p: [4, 1280], r: -5.4205630982587375e+33, e: 4.4269914942732618e+33
#ERR  p: [5, 1280], r: -9.2695476993042525e+33, e: -2.5027899239687304e+34
#ERR  p: [6, 1280], r: 6.4492256600828064e+33, e: -6.3159657476438727e+33
#ERR  p: [7, 1280], r: -1.6851248334965560e+33, e: -6.4270003035874963e+33
#ERR  p: [8, 1280], r: -1.4400206285343022e+34, e: -1.0560254932764172e+34
#ERR  p: [9, 1280], r: -3.4479105974176411e+34, e: -2.3655080681361625e+34
#ERR  p: [10, 1280], r: 5.3444266909925884e+33, e: 2.7284884284631545e+34
#ERR  p: [11, 1280], r: -2.6009229164109297e+34, e: -2.5066602197075522e+34
#ERR  p: [12, 1280], r: -9.2287458145794260e+33, e: -2.1137952440681875e+34
#ERR  p: [13, 1280], r: -3.5159709933525022e+33, e: 5.3637168916547528e+33
#ERR  p: [14, 1280], r: -1.4362768502674953e+34, e: -2.6253766887709574e+34
#ERR  p: [15, 1280], r: 6.6793519047157425e+32, e: 1.2506013186251794e+34
#ERR  p: [16, 1280], r: 9.1990946747584626e+33, e: 2.4291404144475017e+34
#ERR  p: [17, 1280], r: -4.5491761142537269e+34, e: -8.7907370033214453e+34
#ERR  p: [18, 1280], r: 1.7884953026569639e+34, e: -3.5275132367937893e+32
#ERR  p: [19, 1280], r: 1.0790203533001471e+34, e: 7.1410168835664393e+33
#ERR  p: [20, 1280], r: 1.0757264424436165e+34, e: -2.1126996671334200e+34
#ERR  p: [21, 1280], r: -1.4001421232847787e+34, e: 2.8145102202220111e+33
#ERR  p: [22, 1280], r: 2.0549410987204820e+34, e: 2.3057484934437236e+34
#ERR  p: [23, 1280], r: -2.0728433210105997e+34, e: -4.1390634152230147e+34
#ERR  p: [24, 1280], r: -3.5729734898864467e+33, e: -1.2476327384109730e+34
#ERR  p: [25, 1280], r: 1.3991865573684543e+34, e: 5.4164605649685457e+34
#ERR  p: [26, 1280], r: 4.7627226898375159e+33, e: 1.4839781462132710e+33
#ERR  p: [27, 1280], r: -1.1409636542218854e+34, e: -5.8803030803483456e+33
#ERR  p: [28, 1280], r: -1.4386815487938072e+34, e: -1.9077110329382128e+34
#ERR  p: [29, 1280], r: -6.8239135907433320e+33, e: -2.0988040377804494e+34
#ERR  p: [30, 1280], r: -1.0916641776853922e+34, e: -2.9341238863288883e+34
#ERR  p: [31, 1280], r: -7.3784147879901378e+33, e: -3.4695720722250567e+34
#ERR  p: [32, 1280], r: -1.8768989529484075e+34, e: 2.7194524565284027e+34
#ERR  p: [33, 1280], r: -1.5286848033070134e+33, e: 1.8956260146867010e+33
#ERR  p: [34, 1280], r: -9.6771821661703193e+33, e: -4.7590939780973606e+33
#ERR  p: [35, 1280], r: 7.2402637744559876e+33, e: 3.6058232191809157e+34
#ERR  p: [36, 1280], r: -1.9549880249355234e+33, e: 1.7852719543826726e+34
#ERR  p: [37, 1280], r: 9.6646313110820245e+33, e: -2.5206920224648442e+34
#ERR  p: [38, 1280], r: -5.8938139579371062e+33, e: -1.6349501333522882e+34
#ERR  p: [39, 1280], r: -7.0496055341555479e+33, e: -3.7818194214500632e+34
#ERR  p: [40, 1280], r: -1.5519894578255745e+34, e: -1.0222485468925235e+34
#ERR  p: [41, 1280], r: -2.3694276029400469e+33, e: 4.1472773949716810e+33
#ERR  p: [42, 1280], r: 3.6478314145770238e+33, e: 2.3586177557745020e+32
#ERR  p: [43, 1280], r: -1.8317821972681509e+33, e: 2.2665429323995556e+34
#ERR  p: [44, 1280], r: -2.3047255835892621e+33, e: -1.2202919660853279e+34
#ERR  p: [45, 1280], r: -1.1122373794042720e+34, e: -3.2329467661798763e+34
#ERR  p: [46, 1280], r: 2.3419693810531745e+34, e: 5.9977198361645050e+33
#ERR  p: [47, 1280], r: -2.6270828177331005e+34, e: -3.6210644893565894e+34
#ERR  p: [48, 1280], r: 7.8256620981732975e+33, e: 2.1732663787314729e+34
#ERR  p: [49, 1280], r: 1.0109577290732153e+34, e: 1.6787271593735292e+34
#ERR  p: [50, 1280], r: -2.0159133058659554e+34, e: -1.0201683743475103e+34
#ERR  p: [51, 1280], r: 1.1925722603136575e+34, e: 3.7593431345087900e+34
#ERR  p: [52, 1280], r: 2.1386676877495015e+34, e: 4.4389543897398980e+34
#ERR  p: [53, 1280], r: -3.4110964889413646e+34, e: -4.0847388924790543e+34
#ERR  p: [54, 1280], r: -4.6397067312236687e+33, e: -5.4445085724386346e+33
#ERR  p: [55, 1280], r: 2.6174749175001988e+34, e: 5.8179136258364488e+34
#ERR  p: [56, 1280], r: -1.9724374706562725e+34, e: -1.3011885622875391e+33
#ERR  p: [57, 1280], r: -1.7729740104444038e+34, e: -9.8047822167496403e+33
#ERR  p: [58, 1280], r: -4.0158038300094361e+33, e: -1.0656357455953936e+34
#ERR  p: [59, 1280], r: 4.6239310423330354e+33, e: 2.6143280739203353e+34
#ERR  p: [60, 1280], r: 1.1901562965329882e+34, e: 1.6479798236477786e+34
#ERR  p: [61, 1280], r: -3.6420796356694941e+33, e: -2.8237409820219445e+34
#ERR  p: [62, 1280], r: 3.8817674196808607e+33, e: 2.9890240511911164e+34
#ERR  p: [63, 1280], r: -9.6637938446454480e+33, e: 1.5562116999175651e+34
#ERR  p: [64, 1280], r: 2.4013444515694114e+34, e: 2.9126490928793970e+34
#ERR  p: [65, 1280], r: -8.1114226061117579e+33, e: -1.1706456187498270e+34
#ERR  p: [66, 1280], r: 1.3343990892064578e+34, e: 3.8331316182736789e+32
#ERR  p: [67, 1280], r: -1.3628556168895109e+34, e: 1.8318626633707044e+33
#ERR  p: [68, 1280], r: -2.3764435352671938e+34, e: -4.0870825605614294e+33
#ERR  p: [69, 1280], r: -2.5344923304347897e+34, e: -3.2199706786880869e+34
#ERR  p: [70, 1280], r: -3.1056786073250878e+34, e: -4.4493857676869324e+34
#ERR  p: [71, 1280], r: 8.2943047260554264e+33, e: 5.0893834368369240e+34
#ERR  p: [72, 1280], r: 1.7498446482354055e+33, e: 3.5029273762315699e+34
#ERR  p: [73, 1280], r: -1.4635660623905042e+33, e: -5.1640408771381388e+33
#ERR  p: [74, 1280], r: -7.5342237782446547e+33, e: 1.1210381427315597e+34
#ERR  p: [75, 1280], r: -2.0864224090955249e+34, e: 2.6465593283711774e+34
#ERR  p: [76, 1280], r: 2.8611210766841823e+34, e: 2.2923797313714729e+34
#ERR  p: [77, 1280], r: 3.9933383131465047e+33, e: 1.7596093335742827e+34
#ERR  p: [78, 1280], r: -3.2091116543544815e+33, e: -6.3226519855900569e+34
#ERR  p: [79, 1280], r: 1.9435339847220354e+33, e: 2.4469648941031523e+33
#ERR  p: [80, 1280], r: 3.1132025592958564e+34, e: 2.4738285643376568e+34
#ERR  p: [81, 1280], r: -3.0217883626228747e+34, e: 1.2642119741811064e+34
#ERR  p: [82, 1280], r: 3.4761619365391826e+33, e: -6.6723129776523658e+33
#ERR  p: [83, 1280], r: -1.2190391707655711e+34, e: -2.9384636089306072e+34
#ERR  p: [84, 1280], r: 3.4534822560494548e+33, e: -3.7623310265876092e+34
#ERR  p: [85, 1280], r: 4.1277544615821309e+33, e: -3.7951094505358153e+34
#ERR  p: [86, 1280], r: -1.1221149029777301e+34, e: 2.4975653218269304e+34
#ERR  p: [87, 1280], r: 9.1302509722637437e+33, e: -5.3188607533012667e+33
#ERR  p: [88, 1280], r: -1.4106981617937690e+34, e: -1.7568509555787471e+34
#ERR  p: [89, 1280], r: -4.6487873308968368e+33, e: 2.9760779218482777e+34
#ERR  p: [90, 1280], r: -7.4187963920716269e+33, e: -3.2616800972557135e+34
#ERR  p: [91, 1280], r: -1.9324102888080308e+34, e: -2.7116130774356241e+34
#ERR  p: [92, 1280], r: 4.5688349734595905e+33, e: 1.1064762540494457e+34
#ERR  p: [93, 1280], r: 8.7841014280713688e+32, e: -1.8562561789993199e+34
#ERR  p: [94, 1280], r: 8.9068331247036950e+33, e: -8.9987687417212238e+33
#ERR  p: [95, 1280], r: -3.1625839874629503e+33, e: -1.7503174794334106e+34
#ERR  p: [96, 1280], r: 1.0800380638064436e+34, e: -2.6675790550622274e+34
#ERR  p: [97, 1280], r: 2.3262047098288909e+34, e: 1.3506339300576620e+34
#ERR  p: [98, 1280], r: -2.9580975855416812e+34, e: -3.9308711160001408e+34
#ERR  p: [99, 1280], r: 2.9743500051414432e+34, e: 3.8547125496072885e+34
#ERR  p: [100, 1280], r: 3.4614927803526646e+34, e: 1.7137472451448733e+34
#ERR  p: [101, 1280], r: 5.5156932195476422e+33, e: -3.9259099474987007e+34
#ERR  p: [102, 1280], r: -1.1442633833966005e+34, e: -3.5045483349190101e+34
#ERR  p: [103, 1280], r: 9.1606473519883569e+33, e: 1.2987530700027500e+33
#ERR  p: [104, 1280], r: -1.1910123320701540e+34, e: -5.8811857315963560e+34
#ERR  p: [105, 1280], r: -2.5544476762800622e+34, e: -4.4462567504436346e+34
#ERR  p: [106, 1280], r: 2.9641228873008910e+34, e: 6.3280810954263469e+34
#ERR  p: [107, 1280], r: -2.8405016998018372e+34, e: 1.2996491219516858e+34
#ERR  p: [108, 1280], r: 1.1596805648518567e+34, e: 3.5005747949809119e+34
#ERR  p: [109, 1280], r: -4.9419015121536622e+33, e: 1.0115740375217735e+34
#ERR  p: [110, 1280], r: 2.7657469574135345e+34, e: 5.0813397976376633e+34
#ERR  p: [111, 1280], r: 9.5829377909795233e+33, e: 1.1825038463861417e+34
#ERR  p: [112, 1280], r: 2.1785485450850997e+32, e: -2.2505777148889078e+34
#ERR  p: [113, 1280], r: 1.7238202394505345e+34, e: -8.8885728901542160e+33
#ERR  p: [114, 1280], r: -5.0394521157043796e+33, e: 2.8487384576472264e+34
#ERR  p: [115, 1280], r: 5.2970612481794708e+33, e: 1.2531865088092190e+33
#ERR  p: [116, 1280], r: 2.2266614560939378e+34, e: 2.0015558010843275e+34
#ERR  p: [117, 1280], r: 8.1491055009076048e+33, e: 4.9985395900885420e+32
#ERR  p: [118, 1280], r: -3.0373066837793405e+34, e: -4.4753047658774582e+34
#ERR  p: [119, 1280], r: 1.3817065964257368e+34, e: -1.4059873047682724e+34
#ERR  p: [120, 1280], r: -9.2842816616518271e+33, e: 3.2149391951924154e+34
#ERR  p: [121, 1280], r: 1.0808533711163169e+34, e: 1.2093923992154358e+34
#ERR  p: [122, 1280], r: -1.5701556089320678e+34, e: -4.4388419847843309e+33
#ERR  p: [123, 1280], r: 1.7434935825548578e+34, e: 6.1377104285970333e+33
#ERR  p: [124, 1280], r: 4.4664152422493538e+33, e: 9.0567643756516849e+33
#ERR  p: [125, 1280], r: -3.2546963204210870e+33, e: 5.6366326575395920e+34
#ERR  p: [126, 1280], r: -2.0980112609792911e+33, e: 1.1873022257724157e+34
#ERR  p: [127, 1280], r: 5.7835048348565038e+33, e: 5.9584294762276459e+33
#ERR  p: [128, 1280], r: -3.3598333300175551e+33, e: 8.8177367231662673e+33
#ERR  p: [129, 1280], r: -1.2236985294854334e+34, e: 5.8612598487240186e+33
#ERR  p: [130, 1280], r: 2.2174083494762953e+34, e: -3.3364662833210141e+34
#ERR  p: [131, 1280], r: -5.7035592860894736e+33, e: 2.2910429418200506e+33
#ERR  p: [132, 1280], r: 2.0074725355020919e+34, e: 2.3521690166248546e+34
#ERR  p: [133, 1280], r: 8.6725387359584850e+33, e: 1.0254534498602294e+34
#ERR  p: [134, 1280], r: -1.7357987948586677e+34, e: -1.4836963910603297e+34
#ERR  p: [135, 1280], r: -7.9512176907777386e+33, e: 1.3826398794213541e+34
#ERR  p: [136, 1280], r: 1.5825919545667287e+34, e: 1.5023908949755900e+34
#ERR  p: [137, 1280], r: -2.4287794311320461e+34, e: -4.3027502845055319e+34
#ERR  p: [138, 1280], r: -9.9206026488851412e+33, e: 8.6804680513951177e+32
#ERR  p: [139, 1280], r: -1.7954787700065806e+34, e: -1.7762609888367143e+34
#ERR  p: [140, 1280], r: -3.3175836744167843e+33, e: -1.8954431709428986e+34
#ERR  p: [141, 1280], r: 2.5524500743356694e+33, e: 2.1282429946786793e+34
#ERR  p: [142, 1280], r: 5.1372824937039755e+33, e: 2.5318901804722119e+34
#ERR  p: [143, 1280], r: -1.7462821662873520e+34, e: 1.8056940036227557e+33
#ERR  p: [144, 1280], r: -3.2893007678242411e+34, e: -2.2379435464359690e+34
#ERR  p: [145, 1280], r: 3.5969440323521393e+33, e: -4.9930786342447414e+34
#ERR  p: [146, 1280], r: -1.6183788203984062e+34, e: -1.7394785716254435e+34
#ERR  p: [147, 1280], r: -3.7976930313978039e+34, e: -1.3949185114950101e+34
#ERR  p: [148, 1280], r: 2.8201393192716477e+34, e: 6.8150698708966812e+34
#ERR  p: [149, 1280], r: -1.6472453538224706e+34, e: -7.9082444592240055e+33
#ERR  p: [150, 1280], r: -1.4111873956972946e+34, e: -1.3221117915525269e+34
#ERR  p: [151, 1280], r: 2.5995527643754486e+34, e: 2.9002006618551025e+32
#ERR  p: [152, 1280], r: 1.9146640469628630e+34, e: -7.3727493554003482e+33
#ERR  p: [153, 1280], r: -4.0194472113390569e+34, e: -1.7746890525748297e+34
#ERR  p: [154, 1280], r: -4.4160741010668040e+33, e: -5.4209580011312695e+33
#ERR  p: [155, 1280], r: -2.0583687071012553e+33, e: -2.7884683564825862e+34
#ERR  p: [156, 1280], r: -1.4543041045015808e+34, e: -9.5851530846798245e+33
#ERR  p: [157, 1280], r: -4.2974961574937949e+33, e: -3.5986285592605969e+33
#ERR  p: [158, 1280], r: 5.9720115353686655e+33, e: 3.7144522100401999e+34
#ERR  p: [159, 1280], r: 1.6454309051068900e+33, e: 6.2725691405967040e+33
#ERR  p: [160, 1280], r: 2.0859656092210286e+34, e: 5.4253192638896719e+33
#ERR  p: [161, 1280], r: 1.4234316130378584e+34, e: 9.7373386244393531e+33
#ERR  p: [162, 1280], r: 8.6946297759595327e+33, e: 1.7238726043141963e+34
#ERR  p: [163, 1280], r: -5.2727734835787113e+33, e: 1.1593727820095894e+33
#ERR  p: [164, 1280], r: -1.8831519118808419e+33, e: 3.4729882915574687e+34
#ERR  p: [165, 1280], r: -5.6089664307776188e+33, e: -3.0712470382484199e+34
#ERR  p: [166, 1280], r: -1.2008645088213077e+33, e: 1.3597992667265192e+34
#ERR  p: [167, 1280], r: -4.1293294307971118e+33, e: -2.2221598109350804e+34
#ERR  p: [168, 1280], r: -1.3997355837758773e+34, e: 3.8072548802612442e+34
#ERR  p: [169, 1280], r: -1.8545889213544103e+29, e: -8.8574455068364048e+31
#ERR  p: [170, 1280], r: -1.1146731502255700e+34, e: -7.5792581799637979e+33
#ERR  p: [171, 1280], r: 6.5403609488649371e+33, e: 3.7567283575578114e+34
#ERR  p: [172, 1280], r: -2.1227782321692580e+34, e: -1.3182416196077090e+34
#ERR  p: [173, 1280], r: -2.9842386082782529e+32, e: -2.8085455156277244e+34
#ERR  p: [174, 1280], r: 2.1521352374368872e+34, e: 1.5946666979159144e+34
#ERR  p: [175, 1280], r: -2.9952912464340025e+33, e: 2.2216477989348320e+34
#ERR  p: [176, 1280], r: 9.6745038828953254e+33, e: 4.2287670263497119e+34
#ERR  p: [177, 1280], r: 2.8472831353370425e+34, e: 3.6866324787133553e+34
#ERR  p: [178, 1280], r: -8.3641047372304933e+33, e: 2.7291511596631860e+33
#ERR  p: [179, 1280], r: 2.9496266094408592e+34, e: 3.8657765149143977e+34
#ERR  p: [180, 1280], r: 7.5489026522604811e+33, e: 1.3178953677787208e+34
#ERR  p: [181, 1280], r: 8.6981467636111424e+33, e: 4.0422326119081397e+33
#ERR  p: [182, 1280], r: 1.5791999988590868e+34, e: 4.1947162476291282e+34
#ERR  p: [183, 1280], r: 7.6680760449923864e+33, e: -1.3170972678353936e+34
#ERR  p: [184, 1280], r: 3.2633909922870079e+33, e: 4.2794329411015682e+34
#ERR  p: [185, 1280], r: -7.2485759228497692e+33, e: -1.9737516368534768e+33
#ERR  p: [186, 1280], r: 9.7150671546775797e+32, e: -3.4439635493963836e+34
#ERR  p: [187, 1280], r: 6.5267627965034069e+33, e: -1.5028783957630606e+33
#ERR  p: [188, 1280], r: 1.9920361659762268e+34, e: 3.1125650201756245e+34
#ERR  p: [189, 1280], r: 1.1287602889026179e+34, e: 1.6345038559681258e+34
#ERR  p: [190, 1280], r: -8.7513682817800995e+33, e: 3.4466201687206901e+34
#ERR  p: [191, 1280], r: -3.7725185303469043e+34, e: -3.0192666787628504e+34
#ERR  p: [192, 1280], r: 3.1417850473779068e+33, e: -5.4796673074943787e+33
#ERR  p: [193, 1280], r: -2.6595205605824953e+34, e: -7.5712511837897000e+33
#ERR  p: [194, 1280], r: 2.2621071456507882e+34, e: 2.7280477218091689e+34
#ERR  p: [195, 1280], r: -1.7798350455241351e+34, e: -1.9378795079015936e+34
#ERR  p: [196, 1280], r: 4.7789600684658006e+34, e: 5.7415005389715194e+34
#ERR  p: [197, 1280], r: -8.4115896412574019e+33, e: -8.8906154912190369e+33
#ERR  p: [198, 1280], r: -4.1813767628388066e+33, e: -9.0917213264810255e+33
#ERR  p: [199, 1280], r: 2.0402047842868327e+34, e: 7.1049662127123901e+34
#ERR  p: [200, 1280], r: 7.3200910999492660e+33, e: -8.2679075116277246e+33
#ERR  p: [201, 1280], r: -5.0318291904274700e+33, e: -3.5856242467359118e+34
#ERR  p: [202, 1280], r: 6.8144117819717971e+33, e: 1.6002616917174686e+34
#ERR  p: [203, 1280], r: -2.8292644228892281e+34, e: -8.1684582175417532e+34
#ERR  p: [204, 1280], r: 1.1885594776763140e+34, e: -4.1417088930869675e+34
#ERR  p: [205, 1280], r: -1.4015504038734697e+34, e: -8.3874448587311798e+33
#ERR  p: [206, 1280], r: 4.8786486563613658e+33, e: 2.5969332832523207e+34
#ERR  p: [207, 1280], r: -2.2919120376246309e+34, e: -2.2873239842510314e+34
#ERR  p: [208, 1280], r: 2.5071155340540014e+34, e: -3.0539473213754224e+34
#ERR  p: [209, 1280], r: -1.4529134026614476e+34, e: -6.0058274768637967e+34
#ERR  p: [210, 1280], r: -3.5720741264479059e+33, e: -3.4955296941448083e+34
#ERR  p: [211, 1280], r: 2.0099500249027138e+34, e: 2.1292259190698719e+34
#ERR  p: [212, 1280], r: -5.3521480943996231e+34, e: -3.2680141412607211e+34
#ERR  p: [213, 1280], r: 5.4709404491874364e+33, e: 5.5744860868634031e+34
#ERR  p: [214, 1280], r: 1.9866778663101840e+34, e: 9.3763868764547380e+33
#ERR  p: [215, 1280], r: -3.6847750734784115e+34, e: -2.2694511011398448e+34
#ERR  p: [216, 1280], r: 2.6094000822119481e+34, e: 3.1788888957203780e+34
#ERR  p: [217, 1280], r: -2.4166436573389237e+34, e: 1.1706206123610334e+34
#ERR  p: [218, 1280], r: -1.4178423137604849e+34, e: -2.5831007888413538e+34
#ERR  p: [219, 1280], r: -9.9925975277498610e+33, e: -3.1804652885664040e+34
#ERR  p: [220, 1280], r: -8.2364898313707009e+33, e: 7.2765248951167153e+33
#ERR  p: [221, 1280], r: -1.4789332929651753e+34, e: -3.9670407528919654e+34
#ERR  p: [222, 1280], r: -1.5577541113095127e+33, e: 8.9616571562535070e+33
#ERR  p: [223, 1280], r: 7.4131451957922891e+33, e: -9.5572065882929571e+33
#ERR  p: [224, 1280], r: 1.4952807863599544e+34, e: 2.0621266288330110e+33
#ERR  p: [225, 1280], r: -4.2159944562003810e+34, e: -5.3247247514733576e+34
#ERR  p: [226, 1280], r: -3.0995619455909787e+34, e: -2.6732248044053923e+34
#ERR  p: [227, 1280], r: 4.2185896736987389e+34, e: 4.6941839538714749e+34
#ERR  p: [228, 1280], r: -8.2616707697098048e+33, e: -2.6197024049098869e+32
#ERR  p: [229, 1280], r: 1.6747158622642328e+34, e: -8.1248288777671989e+33
#ERR  p: [230, 1280], r: -1.2750417212327828e+34, e: -6.0719219621192707e+33
#ERR  p: [231, 1280], r: -1.7096360462744066e+33, e: 3.2138478272537814e+34
#ERR  p: [232, 1280], r: -1.7961852314384997e+32, e: 1.2478351416073962e+34
#ERR  p: [233, 1280], r: 1.7385379847835945e+34, e: 9.3212527409250850e+33
#ERR  p: [234, 1280], r: 1.3969153087783774e+34, e: 2.4734509926256748e+34
#ERR  p: [235, 1280], r: 1.5478055918748017e+34, e: -1.7941458799662820e+33
#ERR  p: [236, 1280], r: -5.1425675692166946e+33, e: -4.5993938947113619e+34
#ERR  p: [237, 1280], r: -2.1712767305518325e+33, e: -1.2185858371231848e+34
#ERR  p: [238, 1280], r: -2.9736536019723432e+33, e: 2.6206418157086986e+34
#ERR  p: [239, 1280], r: -6.9919371806229729e+32, e: -1.3952105415502775e+34
#ERR  p: [240, 1280], r: 3.1967080522338596e+34, e: 5.5384744111205914e+33
#ERR  p: [241, 1280], r: 6.9264408679944816e+32, e: -1.7882729376774072e+33
#ERR  p: [242, 1280], r: 1.5382340870790550e+34, e: 7.4481027655916493e+33
#ERR  p: [243, 1280], r: 6.1034795296007336e+33, e: 1.6720826400066689e+34
#ERR  p: [244, 1280], r: -8.2994335116381857e+33, e: -3.5187597627760024e+33
#ERR  p: [245, 1280], r: -1.7920744967955477e+33, e: -2.3458164035192578e+34
#ERR  p: [246, 1280], r: -1.9537013719556922e+34, e: 1.2916780260387272e+34
#ERR  p: [247, 1280], r: -1.4718307357837793e+34, e: -1.5259377524628372e+34
#ERR  p: [248, 1280], r: -4.0967948191396429e+33, e: 1.3635851349546617e+34
#ERR  p: [249, 1280], r: -1.8693213362769358e+33, e: -6.5081277756070342e+32
#ERR  p: [250, 1280], r: 2.3969037130604869e+34, e: 1.1508856198427538e+34
#ERR  p: [251, 1280], r: -1.0201907810622213e+34, e: -2.2676964449281617e+34
#ERR  p: [252, 1280], r: 7.6655778819931085e+33, e: -3.8251493035291144e+34
#ERR  p: [253, 1280], r: -5.7004136804496495e+33, e: -1.1219200512155466e+34
#ERR  p: [254, 1280], r: -3.4853384765653953e+34, e: -1.9277308754595320e+34
#ERR  p: [255, 1280], r: -4.6606099677570220e+33, e: -3.5637530648858413e+34
#ERR  p: [256, 1280], r: -3.9714400823065758e+33, e: -4.6543014872138256e+34
#ERR  p: [257, 1280], r: 6.7665022645114136e+33, e: 1.2899978938174091e+34
#ERR  p: [258, 1280], r: -1.1408053216908608e+34, e: -1.3689205327299778e+34
#ERR  p: [259, 1280], r: -3.2457311586565823e+33, e: 4.4250201366577018e+34
#ERR  p: [260, 1280], r: -5.1688118980495447e+33, e: -1.8511038725558141e+34
#ERR  p: [261, 1280], r: -2.7445152953877588e+34, e: -6.6576024123715337e+34
#ERR  p: [262, 1280], r: -4.3625786886641551e+33, e: 2.7674233758147347e+34
#ERR  p: [263, 1280], r: -8.5889325984952880e+33, e: -2.2280947430714224e+34
#ERR  p: [264, 1280], r: 2.1969986486881041e+33, e: 1.8091684061370140e+34
#ERR  p: [265, 1280], r: -5.8382242604729962e+33, e: -2.0955985158427239e+34
#ERR  p: [266, 1280], r: -5.0344344352401461e+33, e: -2.9200749999990543e+34
#ERR  p: [267, 1280], r: -7.6467964746870904e+33, e: -5.0240330773390645e+34
#ERR  p: [268, 1280], r: 1.5160453736089077e+34, e: 9.7391924396481830e+33
#ERR  p: [269, 1280], r: 4.1148774092934844e+33, e: -1.0824300115503508e+33
#ERR  p: [270, 1280], r: 5.9238959008917409e+33, e: 1.5212697281626999e+34
#ERR  p: [271, 1280], r: -1.2308075239550336e+34, e: -5.1552299627025291e+34
#ERR  p: [272, 1280], r: -3.4250096970428930e+34, e: -1.0794132754686163e+34
#ERR  p: [273, 1280], r: -2.5732604034690743e+34, e: -2.1711507392043342e+34
#ERR  p: [274, 1280], r: -1.4474993956936369e+34, e: -5.3119962519894253e+34
#ERR  p: [275, 1280], r: 1.0877536488952937e+34, e: 3.1780621993621432e+34
#ERR  p: [276, 1280], r: -2.1167115832127360e+34, e: -1.1732467783603734e+34
#ERR  p: [277, 1280], r: 1.2187063970087607e+33, e: -3.6957261386539378e+34
#ERR  p: [278, 1280], r: 1.7181099934313229e+34, e: 3.9796046063506727e+33
#ERR  p: [279, 1280], r: 1.0636618502027530e+34, e: 3.0412831947735330e+34
#ERR  p: [280, 1280], r: 2.4305548847363892e+34, e: 6.5861049378145987e+34
#ERR  p: [281, 1280], r: -3.8144262669088244e+34, e: -8.9733334067040467e+33
#ERR  p: [282, 1280], r: -1.9071362573779726e+34, e: -2.5189905976748503e+34
#ERR  p: [283, 1280], r: -1.4197612446153812e+34, e: 8.5935036920903492e+33
#ERR  p: [284, 1280], r: 2.1977023247549349e+34, e: 9.6876297611318683e+33
#ERR  p: [285, 1280], r: -2.3841464933676432e+34, e: -1.6124121969970585e+34
#ERR  p: [286, 1280], r: -2.7667868270465342e+34, e: -5.2698572682281667e+34
#ERR  p: [287, 1280], r: 6.7302547611911180e+33, e: 3.7466843310490695e+33
#ERR  p: [288, 1280], r: -1.7243618382177219e+34, e: -3.1623312001069282e+34
#ERR  p: [289, 1280], r: 2.3209464357180224e+34, e: -2.3881490011026606e+34
#ERR  p: [290, 1280], r: 1.2925169780033509e+34, e: 3.1054451318336785e+34
#ERR  p: [291, 1280], r: -1.4726673356623284e+34, e: -1.1006081706752252e+34
#ERR  p: [292, 1280], r: 2.8605320338649894e+32, e: 2.3221816522892213e+34
#ERR  p: [293, 1280], r: 1.8890962523614824e+34, e: 4.4520613274938399e+33
#ERR  p: [294, 1280], r: -4.2088347061891701e+34, e: -3.8580146308680783e+34
#ERR  p: [295, 1280], r: 1.9697983062865200e+34, e: -1.8422041978193876e+34
#ERR  p: [296, 1280], r: 4.5898991421980509e+33, e: 6.7414587375166704e+33
#ERR  p: [297, 1280], r: -1.8492058628875818e+34, e: -2.9110781469695438e+34
#ERR  p: [298, 1280], r: 8.4023812242751776e+33, e: 5.1765564509353140e+33
#ERR  p: [299, 1280], r: -4.4115206481173026e+34, e: -1.6797626962163914e+34
#ERR  p: [300, 1280], r: 7.6181022625164945e+33, e: 6.5005605576318925e+33
#ERR  p: [301, 1280], r: 3.2047893867073166e+33, e: -3.3237410024811839e+34
#ERR  p: [302, 1280], r: -1.4122787636359286e+34, e: -2.2988979808543262e+34
#ERR  p: [303, 1280], r: -5.7549133717091687e+33, e: -9.5483274633611827e+32
#ERR  p: [304, 1280], r: 2.6801256392573867e+33, e: -3.6079361352399680e+34
#ERR  p: [305, 1280], r: -7.3960189143187955e+33, e: -2.2345941758656785e+34
#ERR  p: [306, 1280], r: -4.1647134709400058e+32, e: 2.0727257167068675e+34
#ERR  p: [307, 1280], r: -1.6625638714565957e+34, e: -6.1645774412696439e+33
#ERR  p: [308, 1280], r: 3.4487796313252195e+34, e: 6.2361551343411246e+33
#ERR  p: [309, 1280], r: -5.3458298960271183e+33, e: 1.2879675483589771e+34
#ERR  p: [310, 1280], r: 7.3660415772974804e+33, e: 6.8376578200294980e+33
#ERR  p: [311, 1280], r: -3.9984739073994801e+33, e: -2.2592346295836304e+34
#ERR  p: [312, 1280], r: -4.5467334109682090e+33, e: 2.8940475582610870e+33
#ERR  p: [313, 1280], r: -1.6378075465509667e+34, e: 3.3728778136965150e+34
#ERR  p: [314, 1280], r: 1.3178942536326855e+33, e: 2.8841752340357940e+34
#ERR  p: [315, 1280], r: 1.5973557512692501e+34, e: 2.4517397526286799e+34
#ERR  p: [316, 1280], r: 1.1570038290019119e+33, e: 2.2643208300290383e+34
#ERR  p: [317, 1280], r: 1.4068628378610570e+33, e: -2.2545205539140317e+34
#ERR  p: [318, 1280], r: 7.7747443864174505e+33, e: 3.8672689754257601e+34
#ERR  p: [319, 1280], r: 1.6876273292859714e+34, e: 2.7717680501766107e+34
#ERR  p: [320, 1280], r: -1.4947089818558085e+34, e: -2.6630311109459008e+34
#ERR  p: [321, 1280], r: 1.5187411118384556e+34, e: -3.3670136917304201e+34
#ERR  p: [322, 1280], r: 7.1831489348634780e+33, e: 5.9670455389010722e+33
#ERR  p: [323, 1280], r: -3.4533748647510468e+33, e: 2.9857229602823580e+34
#ERR  p: [324, 1280], r: -9.0500411232983260e+33, e: 1.1145887227148907e+34
#ERR  p: [325, 1280], r: 9.1530470191171643e+33, e: -3.0489403490925288e+34
#ERR  p: [326, 1280], r: -1.1802498051626108e+34, e: -7.7818637795833807e+33
#ERR  p: [327, 1280], r: -2.5208428035616291e+34, e: -2.2726952468067961e+34
#ERR  p: [328, 1280], r: 1.0494922647190886e+34, e: 1.0052753986018895e+34
#ERR  p: [329, 1280], r: -8.3016738736242824e+32, e: 4.6720346068945769e+33
#ERR  p: [330, 1280], r: 4.6929881347420262e+32, e: -4.0599256223316182e+34
#ERR  p: [331, 1280], r: 2.4463408485293485e+34, e: 3.2135155641472372e+34
#ERR  p: [332, 1280], r: -9.4753601825956042e+33, e: -7.4620503265292679e+32
#ERR  p: [333, 1280], r: 2.1043029674349551e+34, e: 9.2654284538235304e+33
#ERR  p: [334, 1280], r: -2.2418794529968730e+34, e: -1.7519675297117741e+34
#ERR  p: [335, 1280], r: 1.5958332088149330e+34, e: 2.0804260751332344e+34
#ERR  p: [336, 1280], r: -2.0703199040345203e+34, e: 9.3337568637768968e+32
#ERR  p: [337, 1280], r: 2.5115941844766290e+33, e: 1.7586842209829248e+34
#ERR  p: [338, 1280], r: 1.5582309039156435e+34, e: 3.6420998140921345e+34
#ERR  p: [339, 1280], r: -7.2055117027031487e+33, e: 3.4364997613115242e+34
#ERR  p: [340, 1280], r: -1.4806701228402926e+34, e: 7.9383858233005260e+33
#ERR  p: [341, 1280], r: -2.0006262319088281e+33, e: -4.0571452090033832e+34
#ERR  p: [342, 1280], r: 5.2793661332579256e+33, e: -3.0826749579270790e+34
#ERR  p: [343, 1280], r: -4.3645839039397895e+34, e: -3.3365898297369347e+34
#ERR  p: [344, 1280], r: 4.8185689503747678e+33, e: 2.8408309918522871e+34
#ERR  p: [345, 1280], r: -2.3205366775650189e+34, e: -8.8844319807228064e+33
#ERR  p: [346, 1280], r: 2.8146418751451891e+34, e: 4.1939611042051641e+34
#ERR  p: [347, 1280], r: 1.7151146737122680e+34, e: -2.4174946173219284e+34
#ERR  p: [348, 1280], r: 1.4313174148821102e+33, e: -1.7090241325129878e+34
#ERR  p: [349, 1280], r: 4.3414699540842804e+33, e: 1.5900676268759653e+34
#ERR  p: [350, 1280], r: -6.8071871639025276e+33, e: -2.4809665266041763e+34
#ERR  p: [351, 1280], r: 1.8484227420187298e+34, e: 4.6153982311272511e+33
#ERR  p: [352, 1280], r: -2.0875246709065046e+33, e: 8.2336010982890285e+33
#ERR  p: [353, 1280], r: -2.0494796786491667e+33, e: -4.7724615641265739e+33
#ERR  p: [354, 1280], r: -7.9027999989312284e+33, e: 1.1094229227249567e+34
#ERR  p: [355, 1280], r: -1.3126443975140840e+34, e: -3.5543189714344553e+34
#ERR  p: [356, 1280], r: 2.2368289052245965e+34, e: 6.8118374856601032e+33
#ERR  p: [357, 1280], r: -3.9537731305209243e+33, e: 3.9857509786457246e+33
#ERR  p: [358, 1280], r: -3.7160701976715459e+34, e: -4.9720187982964185e+34
#ERR  p: [359, 1280], r: 4.1365357892508018e+34, e: 3.1630568805579573e+34
#ERR  p: [360, 1280], r: 2.5731628537939786e+34, e: 4.7296081032716418e+33
#ERR  p: [361, 1280], r: -1.8852305370008060e+34, e: -2.6949053434894129e+34
#ERR  p: [362, 1280], r: -1.5595651556899853e+34, e: 1.7791202589454518e+34
#ERR  p: [363, 1280], r: -8.6094755944772092e+33, e: -1.3098789632603244e+34
#ERR  p: [364, 1280], r: 1.6971371846677617e+33, e: 1.1723412252216362e+34
#ERR  p: [365, 1280], r: -1.9122666522827830e+34, e: 3.1749019860298555e+34
#ERR  p: [366, 1280], r: -6.5690972509968687e+33, e: -2.5882984038902974e+34
#ERR  p: [367, 1280], r: -1.4245682895819303e+34, e: 3.9920211449447050e+34
#ERR  p: [368, 1280], r: -2.2170285494722425e+34, e: -3.4766451664335177e+34
#ERR  p: [369, 1280], r: 1.2209239344753831e+34, e: 3.0354245197436110e+34
#ERR  p: [370, 1280], r: -1.7430596845710883e+34, e: -2.1367738870774028e+34
#ERR  p: [371, 1280], r: 9.1956946724405653e+33, e: -6.1492802162041944e+33
#ERR  p: [372, 1280], r: 4.3030684350956283e+33, e: 2.6896074552972872e+34
#ERR  p: [373, 1280], r: 3.8146812825569172e+33, e: 4.1586793179095151e+34
#ERR  p: [374, 1280], r: 8.7731920814751664e+32, e: 2.0225239985212422e+33
#ERR  p: [375, 1280], r: -1.2738282924062752e+34, e: -1.5696169812209747e+34
#ERR  p: [376, 1280], r: -2.6423181457965856e+34, e: 9.4038159139051842e+33
#ERR  p: [377, 1280], r: -2.4039229568772389e+33, e: 7.5523249374990855e+33
#ERR  p: [378, 1280], r: -1.6612077081435586e+34, e: -6.8448032099362532e+33
#ERR  p: [379, 1280], r: 2.5248294656641438e+33, e: 1.1838064687924797e+33
#ERR  p: [380, 1280], r: 1.6515193418081033e+34, e: 1.4116420910737241e+34
#ERR  p: [381, 1280], r: -3.8707963617736999e+34, e: -6.1902711343730198e+34
#ERR  p: [382, 1280], r: 1.1051688036769545e+33, e: 2.8215458667442837e+34
#ERR  p: [383, 1280], r: 1.6481794414791133e+33, e: 2.9424208080601868e+34
#ERR  p: [384, 1280], r: 6.0224854456204286e+33, e: 1.7951824071611756e+34
#ERR  p: [385, 1280], r: -1.2848989425895965e+34, e: 2.5418476749722078e+34
#ERR  p: [386, 1280], r: 8.4846695745665554e+33, e: -1.7163976747689833e+32
#ERR  p: [387, 1280], r: -2.2161439175201692e+34, e: -9.2718824542183448e+33
#ERR  p: [388, 1280], r: 2.4213520384843417e+34, e: 2.1193431961482489e+34
#ERR  p: [389, 1280], r: 1.6581871344477022e+34, e: 1.6155341579821323e+34
#ERR  p: [390, 1280], r: 3.6553751116914191e+33, e: -2.9354529387550651e+34
#ERR  p: [391, 1280], r: -5.2469283904085307e+33, e: -3.8950216104024755e+34
#ERR  p: [392, 1280], r: -2.4689008047430269e+32, e: -3.7461194590091435e+34
#ERR  p: [393, 1280], r: 8.4018108434020768e+32, e: 9.4709196916746875e+33
#ERR  p: [394, 1280], r: 6.7581901161176319e+33, e: -2.0235324554257451e+34
#ERR  p: [395, 1280], r: -6.1589132466198936e+33, e: 3.0240478507825784e+34
#ERR  p: [396, 1280], r: -1.6416298102162642e+34, e: -1.7180763214622543e+34
#ERR  p: [397, 1280], r: 3.3660097223585597e+34, e: 2.2597907122492774e+34
#ERR  p: [398, 1280], r: -1.6937621887386580e+34, e: 7.7268590087878331e+33
#ERR  p: [399, 1280], r: -9.9532867418023538e+33, e: -1.7324544998425383e+34
#ERR  p: [400, 1280], r: 4.2188615872283680e+33, e: -7.9053742952429224e+33
#ERR  p: [401, 1280], r: 8.7685997881569323e+33, e: -3.7868741782184733e+34
#ERR  p: [402, 1280], r: -1.1957852098916188e+34, e: 9.5477635816732882e+33
#ERR  p: [403, 1280], r: 2.9328551215826248e+33, e: -1.9029150056380134e+34
#ERR  p: [404, 1280], r: -9.0182656783699489e+33, e: -7.5656247463111480e+33
#ERR  p: [405, 1280], r: 1.6098261402549914e+34, e: -1.4740296886755619e+34
#ERR  p: [406, 1280], r: -5.8896371482445573e+33, e: -3.0679115326065694e+34
#ERR  p: [407, 1280], r: 2.5229599286168150e+34, e: 4.2432816257223251e+34
#ERR  p: [408, 1280], r: -9.1834885836532115e+33, e: -2.6578925456368311e+33
#ERR  p: [409, 1280], r: -2.2766977545418136e+34, e: -5.9608872823816431e+34
#ERR  p: [410, 1280], r: -2.0459238196803233e+34, e: -8.4957881330293970e+33
#ERR  p: [411, 1280], r: 3.0872640016527099e+33, e: -4.3748167163045225e+34
#ERR  p: [412, 1280], r: -1.0455809931649665e+34, e: 1.4959377611388032e+34
#ERR  p: [413, 1280], r: 8.1060858466023986e+33, e: 1.9454972957273401e+34
#ERR  p: [414, 1280], r: 1.0924237467449968e+33, e: 3.1560994099491656e+34
#ERR  p: [415, 1280], r: -2.0152938406702970e+34, e: -2.3928425269676072e+34
#ERR  p: [416, 1280], r: 1.1067219851472439e+34, e: -1.8224441989123144e+34
#ERR  p: [417, 1280], r: 7.4420702837802117e+33, e: 8.8759452827834855e+33
#ERR  p: [418, 1280], r: -2.0845994185936733e+34, e: -3.0056868479139015e+33
#ERR  p: [419, 1280], r: 2.2529971449016871e+34, e: 7.6775456673228999e+33
#ERR  p: [420, 1280], r: -7.0581417496964403e+33, e: -3.0703495317199380e+34
#ERR  p: [421, 1280], r: -2.5381103339936052e+34, e: -3.4692316387142532e+34
#ERR  p: [422, 1280], r: 1.4770502623714183e+34, e: 2.2737541807164008e+33
#ERR  p: [423, 1280], r: 1.0427657937216276e+34, e: -1.9686033537150988e+33
#ERR  p: [424, 1280], r: -1.8592826948073648e+34, e: -1.7521454216954194e+34
#ERR  p: [425, 1280], r: -1.0699743540510770e+34, e: 2.8749379730506543e+34
#ERR  p: [426, 1280], r: -5.1128006820020580e+33, e: 3.0639833012739090e+33
#ERR  p: [427, 1280], r: -1.9396306978811667e+34, e: 8.0731405483368968e+33
#ERR  p: [428, 1280], r: -4.0993604498710618e+34, e: -2.9953828539969097e+34
#ERR  p: [429, 1280], r: -3.2253143706616662e+34, e: -2.8913156721823920e+34
#ERR  p: [430, 1280], r: -6.9516374353265815e+33, e: -3.3697111630760230e+34
#ERR  p: [431, 1280], r: 3.2194685702081528e+33, e: 2.1766882925880656e+34
#ERR  p: [432, 1280], r: 1.6531994430809205e+33, e: -3.2797334720246279e+34
#ERR  p: [433, 1280], r: -6.6328635424204586e+33, e: 5.0662691155994031e+34
#ERR  p: [434, 1280], r: 2.2615426449928741e+34, e: 2.5278864347971551e+34
#ERR  p: [435, 1280], r: -2.4344989617015524e+34, e: 5.0109574594681166e+34
#ERR  p: [436, 1280], r: 2.7137467908873364e+34, e: 3.0680214616820579e+34
#ERR  p: [437, 1280], r: 4.4837064173360802e+34, e: 1.8383511094471118e+34
#ERR  p: [438, 1280], r: -2.9129447129607783e+34, e: -1.7520056582649841e+34
#ERR  p: [439, 1280], r: -3.7914335113831613e+34, e: -5.6304904942406737e+34
#ERR  p: [440, 1280], r: 3.5209805034124764e+34, e: 1.2383635385728198e+34
#ERR  p: [441, 1280], r: -2.1326867042436981e+34, e: -2.9427144474375053e+34
#ERR  p: [442, 1280], r: -5.4398557748009805e+33, e: -2.0512715968560323e+33
#ERR  p: [443, 1280], r: 4.0559178842999347e+32, e: -2.7777455674503041e+34
#ERR  p: [444, 1280], r: -1.6777120485413152e+34, e: 2.1357186669879159e+34
#ERR  p: [445, 1280], r: -1.4946792093978637e+33, e: -2.9720407517921603e+34
#ERR  p: [446, 1280], r: 1.2432597152221974e+34, e: -1.7688719723302277e+34
#ERR  p: [447, 1280], r: -1.7680857566112776e+34, e: -2.8573584817287783e+34
#ERR  p: [448, 1280], r: -1.9858256683871399e+34, e: -1.6694523888051992e+34
#ERR  p: [449, 1280], r: -5.6767810337176798e+34, e: -5.0957459534628351e+34
#ERR  p: [450, 1280], r: -3.9281926470341410e+33, e: -1.8848752482095311e+34
#ERR  p: [451, 1280], r: -2.8260930680965868e+34, e: -4.0008927184422398e+34
#ERR  p: [452, 1280], r: 1.7219354447922216e+33, e: -4.7284486486308471e+34
#ERR  p: [453, 1280], r: -3.1143516152403211e+34, e: -1.2279291895696912e+34
#ERR  p: [454, 1280], r: 1.0202874332307886e+33, e: 1.8349960443526406e+34
#ERR  p: [455, 1280], r: 7.7360123374383092e+33, e: 1.0960899371198414e+34
#ERR  p: [456, 1280], r: -1.5627656020735498e+33, e: 2.7544085407997158e+33
#ERR  p: [457, 1280], r: -2.1632509486376385e+34, e: 9.2950673689866059e+32
#ERR  p: [458, 1280], r: -3.5594918276826132e+34, e: -2.0705707106864795e+34
#ERR  p: [459, 1280], r: -2.4522953401183112e+34, e: -4.6074127751098369e+34
#ERR  p: [460, 1280], r: -8.2520754964653038e+33, e: -3.5014567034648988e+34
#ERR  p: [461, 1280], r: 7.4754141987383634e+33, e: -1.6125699105580635e+34
#ERR  p: [462, 1280], r: -5.1776204603990798e+33, e: 2.1335116674858779e+34
#ERR  p: [463, 1280], r: -3.0591734090452696e+34, e: -2.6465496724388709e+34
#ERR  p: [464, 1280], r: 1.0903774318600580e+33, e: -9.5804631488409919e+33
#ERR  p: [465, 1280], r: 5.0798584785866544e+33, e: -1.3195344003907347e+34
#ERR  p: [466, 1280], r: -1.7264856481491199e+34, e: 3.3636108421504325e+34
#ERR  p: [467, 1280], r: 1.8221316190523948e+34, e: -5.3189542177742327e+33
#ERR  p: [468, 1280], r: 3.7265780184160061e+33, e: -1.8756586608230475e+34
#ERR  p: [469, 1280], r: 1.6060325349016033e+33, e: 5.6218967144879546e+33
#ERR  p: [470, 1280], r: -6.1932484420645031e+32, e: 1.2633259804949899e+34
#ERR  p: [471, 1280], r: 1.6889993382315114e+34, e: -3.0043316749528958e+34
#ERR  p: [472, 1280], r: 2.4586942212328763e+33, e: -2.8484257539933029e+34
#ERR  p: [473, 1280], r: 2.2398410609281857e+34, e: 1.1884489296308058e+34
#ERR  p: [474, 1280], r: -4.0592171492471351e+33, e: 7.5395203047027372e+33
#ERR  p: [475, 1280], r: -2.4896188918692546e+33, e: -1.9151758732721056e+33
#ERR  p: [476, 1280], r: 3.3763431173514846e+33, e: -1.3167052122249519e+34
#ERR  p: [477, 1280], r: -9.1970465029634650e+33, e: -6.8018293594125005e+33
#ERR  p: [478, 1280], r: -5.1801000542977684e+33, e: 7.8914926546123958e+33
#ERR  p: [479, 1280], r: -1.0099585876675080e+34, e: -3.7345994365915616e+34
#ERR  p: [480, 1280], r: 2.7425365720289650e+34, e: 3.1633913719565722e+34
#ERR  p: [481, 1280], r: 3.8280287520604922e+34, e: 1.7634244171873524e+34
#ERR  p: [482, 1280], r: 5.8645546261385766e+33, e: -1.8813732396323967e+34
#ERR  p: [483, 1280], r: 2.6268948984351369e+34, e: 2.4448228864531768e+34
#ERR  p: [484, 1280], r: -8.5438734379753590e+33, e: 3.6909612455457265e+33
#ERR  p: [485, 1280], r: -1.8346575915459000e+34, e: -3.2813952827333646e+33
#ERR  p: [486, 1280], r: -1.6624158138278972e+34, e: 1.0595512703023059e+34
#ERR  p: [487, 1280], r: -1.0163758212431556e+34, e: 2.5463683844076701e+34
#ERR  p: [488, 1280], r: 1.6346610743531150e+34, e: 2.5347069892376018e+34
#ERR  p: [489, 1280], r: -1.1317439719853036e+34, e: 2.9730665089087121e+34
#ERR  p: [490, 1280], r: 3.3783761243810010e+33, e: 1.6791939865623437e+34
#ERR  p: [491, 1280], r: 1.3754834718482492e+34, e: -2.7917471644706375e+34
#ERR  p: [492, 1280], r: 5.7888482482935743e+32, e: 2.5714807408685976e+34
#ERR  p: [493, 1280], r: 5.2823582343328783e+33, e: -1.8042786667758407e+34
#ERR  p: [494, 1280], r: 7.7653521353393923e+33, e: -8.2713545556671147e+33
#ERR  p: [495, 1280], r: 2.9606026191081771e+33, e: -2.6979207178371042e+34
#ERR  p: [496, 1280], r: 6.9933906769715988e+33, e: -1.8116650836082448e+34
#ERR  p: [497, 1280], r: 9.8046751349362421e+33, e: -5.0640277013642730e+33
#ERR  p: [498, 1280], r: 7.1386864614424846e+33, e: -1.0321222947488617e+34
#ERR  p: [499, 1280], r: -8.4944202092859867e+33, e: 4.2822267241822275e+34
#ERR  p: [500, 1280], r: -2.2135899853221215e+33, e: -1.5389134685726148e+34
#SDC Ite:31 KerTime:2.6389797 AccTime:82.0755360 KerErr:524288 AccErr:524288
#ABORT too many errors per iteration
#END
