#HEADER matrix_dim:2048 threads:4 block_size:16 block_offset:12 precision:Float
#BEGIN Y:2023 M:10 D:28 Time:20:35:28
#IT 0 KerTime:2.6753554 AccTime:2.6753554
#IT 1 KerTime:2.6892128 AccTime:5.3645682
#IT 2 KerTime:2.6688627 AccTime:8.0334310
#IT 3 KerTime:2.6761128 AccTime:10.7095438
#IT 4 KerTime:2.6657039 AccTime:13.3752477
#IT 5 KerTime:2.6339575 AccTime:16.0092052
#ERR  p: [528, 800], r: -3.1894866528086923e+34, e: -3.1586574892463449e+34
#ERR  p: [529, 800], r: 5.3496172497833080e+34, e: 5.1421493930714240e+34
#ERR  p: [530, 800], r: -1.7754822007579999e+34, e: -1.9442959987132175e+34
#ERR  p: [531, 800], r: 8.9193542692310470e+33, e: 7.7417699965610255e+33
#ERR  p: [532, 800], r: -1.8493592436584492e+34, e: -1.6592648850459041e+34
#ERR  p: [533, 800], r: 3.0963118578118389e+34, e: 2.9763831978619655e+34
#ERR  p: [534, 800], r: 8.1627921659819440e+33, e: 7.1868361392704895e+33
#ERR  p: [535, 800], r: -3.6021708008890081e+34, e: -3.7389022685801098e+34
#ERR  p: [536, 800], r: 1.0517119221580283e+33, e: 3.2635602805873802e+33
#ERR  p: [537, 800], r: -1.6091567860757498e+34, e: -1.6661233204515530e+34
#ERR  p: [538, 800], r: -4.2771219546362303e+34, e: -4.3259576988340071e+34
#ERR  p: [539, 800], r: 3.5774789726594258e+33, e: 3.4601761073268807e+33
#ERR  p: [540, 800], r: 5.8318748660115015e+33, e: 4.6838529109646246e+33
#ERR  p: [541, 800], r: -4.9649798712330418e+34, e: -4.8038307790310596e+34
#ERR  p: [542, 800], r: -2.4489776608130264e+34, e: -2.2204214955319159e+34
#ERR  p: [543, 800], r: -1.3481160838117595e+34, e: -1.1571856204966810e+34
#ERR  p: [528, 801], r: -4.2069058718139596e+33, e: -3.9560323710926201e+33
#ERR  p: [529, 801], r: 2.1904328932562433e+34, e: 2.0216064683126249e+34
#ERR  p: [530, 801], r: -1.0465396539313891e+34, e: -1.1839111366228013e+34
#ERR  p: [531, 801], r: -3.2144053954474756e+34, e: -3.3102298773044154e+34
#ERR  p: [532, 801], r: -2.7041844468478804e+34, e: -2.5494964112989364e+34
#ERR  p: [533, 801], r: -3.3110498887864381e+34, e: -3.4086411586674460e+34
#ERR  p: [534, 801], r: -4.0320843508480900e+34, e: -4.1115014230123492e+34
#ERR  p: [535, 801], r: -1.4139482495729089e+34, e: -1.5252123195998160e+34
#ERR  p: [536, 801], r: 7.1508457560963535e+34, e: 7.3308343149921963e+34
#ERR  p: [537, 801], r: -1.6496673835093324e+34, e: -1.6960232862204128e+34
#ERR  p: [538, 801], r: -2.2467658499199402e+34, e: -2.2865052107090481e+34
#ERR  p: [539, 801], r: 2.9456731241313974e+34, e: 2.9361281112524914e+34
#ERR  p: [540, 801], r: 6.1685233751448660e+33, e: 5.6436689849288862e+33
#ERR  p: [541, 801], r: 7.1501559759064637e+32, e: 1.4517604472058592e+33
#ERR  p: [542, 801], r: -2.0080076969810750e+34, e: -1.9035167682911100e+34
#ERR  p: [543, 801], r: -4.7813879164708471e+34, e: -4.6940982884207563e+34
#ERR  p: [528, 802], r: 4.0958100378383913e+34, e: 4.1082577725214137e+34
#ERR  p: [529, 802], r: -1.6288115600794837e+34, e: -1.7125792487178076e+34
#ERR  p: [530, 802], r: 1.2958465415330129e+34, e: 1.2276863057339834e+34
#ERR  p: [531, 802], r: 2.9275836015133358e+34, e: 2.8800377908364944e+34
#ERR  p: [532, 802], r: -7.9526010887716400e+33, e: -7.1850776454446846e+33
#ERR  p: [533, 802], r: 2.8076537036234232e+34, e: 2.7592311838107598e+34
#ERR  p: [534, 802], r: -3.0795778795367948e+34, e: -3.1189832441033035e+34
#ERR  p: [535, 802], r: -3.1521439439356409e+34, e: -3.2073508703396039e+34
#ERR  p: [536, 802], r: 2.3464541902274976e+34, e: 2.4357596798375607e+34
#ERR  p: [537, 802], r: -2.3648727573080012e+34, e: -2.3878736832379236e+34
#ERR  p: [538, 802], r: -6.0806073494348969e+33, e: -6.2777864388922723e+33
#ERR  p: [539, 802], r: 1.3397866042574278e+34, e: 1.3350502456671219e+34
#ERR  p: [540, 802], r: 7.2339861805167714e+32, e: 1.1302154255217959e+33
#ERR  p: [541, 802], r: 5.9665305558447294e+32, e: 2.5599342729569265e+31
#ERR  p: [542, 802], r: 5.4067150058032755e+34, e: 5.3257230263210373e+34
#ERR  p: [543, 802], r: -2.2633825643247630e+33, e: -2.9399714198984568e+33
#ERR  p: [528, 803], r: -4.8370956515177029e+33, e: -4.5145392328215435e+33
#ERR  p: [529, 803], r: -4.7619078158066563e+33, e: -6.9325613982912134e+33
#ERR  p: [530, 803], r: -1.2186560283234123e+33, e: -2.9848789327635732e+33
#ERR  p: [531, 803], r: 2.8029445797139816e+34, e: 2.6797393400681277e+34
#ERR  p: [532, 803], r: 1.1660179512949704e+34, e: 1.3649053980065596e+34
#ERR  p: [533, 803], r: 4.3105359370006055e+34, e: 4.1850598201466865e+34
#ERR  p: [534, 803], r: -5.1061327655684552e+34, e: -5.2082430117688705e+34
#ERR  p: [535, 803], r: 4.2671545566159201e+34, e: 4.1240964725600466e+34
#ERR  p: [536, 803], r: 1.7740741677573167e+34, e: 2.0054904697051921e+34
#ERR  p: [537, 803], r: -1.7464755325214884e+34, e: -1.8060768984769066e+34
#ERR  p: [538, 803], r: 2.5854382672235324e+34, e: 2.5343435300420676e+34
#ERR  p: [539, 803], r: 1.9164958268389936e+34, e: 1.9042231368775262e+34
#ERR  p: [540, 803], r: 2.2744167881224283e+33, e: 2.6273460656824545e+33
#ERR  p: [541, 803], r: 1.4199624098717651e+33, e: 9.2455489937026662e+32
#ERR  p: [542, 803], r: 1.7491996195779359e+34, e: 1.6789366188281763e+34
#ERR  p: [543, 803], r: -1.5228427785706198e+34, e: -1.5815389627693126e+34
#ERR  p: [528, 804], r: -1.5212088215127671e+34, e: -1.5283826840404258e+34
#ERR  p: [529, 804], r: 4.9233756775687545e+34, e: 4.9716523680447900e+34
#ERR  p: [530, 804], r: -1.1362443792041216e+34, e: -1.0969623134655258e+34
#ERR  p: [531, 804], r: -3.5460161075909682e+33, e: -3.2720005557752279e+33
#ERR  p: [532, 804], r: -5.4273457717339821e+32, e: -9.8507283613077172e+32
#ERR  p: [533, 804], r: 4.5011598863619570e+34, e: 4.5290665210795594e+34
#ERR  p: [534, 804], r: -2.3527530148383875e+33, e: -2.1256529146314845e+33
#ERR  p: [535, 804], r: 2.5917237839790000e+34, e: 2.6235400809286736e+34
#ERR  p: [536, 804], r: 1.6904853614546696e+34, e: 1.6390170139693485e+34
#ERR  p: [537, 804], r: -7.1180685700881866e+33, e: -6.9855099506815081e+33
#ERR  p: [538, 804], r: -3.2871487328599474e+34, e: -3.2757849384753233e+34
#ERR  p: [539, 804], r: -5.0763309684447107e+33, e: -5.0490343905784681e+33
#ERR  p: [540, 804], r: 3.9847395816336284e+33, e: 4.6485781190301975e+33
#ERR  p: [541, 804], r: 1.3687846069136643e+34, e: 1.2756004035725123e+34
#ERR  p: [542, 804], r: -8.1305302106181277e+32, e: -2.1346713078176785e+33
#ERR  p: [543, 804], r: 6.5117162542959127e+33, e: 5.4076680958395213e+33
#ERR  p: [528, 805], r: -5.7683153105744722e+33, e: -5.4222157482111835e+33
#ERR  p: [529, 805], r: 1.2732264059591747e+34, e: 1.0403213573200547e+34
#ERR  p: [530, 805], r: -2.5568329391477573e+34, e: -2.7463442280017990e+34
#ERR  p: [531, 805], r: -5.2977307261527163e+34, e: -5.4299278670679235e+34
#ERR  p: [532, 805], r: 2.8431135056967215e+34, e: 3.0565140662528767e+34
#ERR  p: [533, 805], r: -4.8509363782299312e+34, e: -4.9855687947904205e+34
#ERR  p: [534, 805], r: -7.2156430039846603e+30, e: -1.1028297159727248e+33
#ERR  p: [535, 805], r: 5.2672058482520253e+33, e: 3.7322536640111198e+33
#ERR  p: [536, 805], r: -3.4121541849109301e+34, e: -3.1638511428871628e+34
#ERR  p: [537, 805], r: -1.5603677122174540e+34, e: -1.6243182091188896e+34
#ERR  p: [538, 805], r: 1.7194511776698846e+34, e: 1.6646282602661080e+34
#ERR  p: [539, 805], r: 9.7717632610518010e+33, e: 9.6400761514327794e+33
#ERR  p: [540, 805], r: -9.0243055878216223e+33, e: -9.3148525909219796e+33
#ERR  p: [541, 805], r: -1.8884473241928890e+34, e: -1.8476626468346086e+34
#ERR  p: [542, 805], r: -2.3845202584140044e+33, e: -1.8060779197774390e+33
#ERR  p: [543, 805], r: 9.6956899887276554e+33, e: 1.0178907503662311e+34
#ERR  p: [528, 806], r: 1.1710298443895202e+33, e: 1.1178900302631560e+33
#ERR  p: [529, 806], r: -1.2011634403922941e+34, e: -1.1654040568294888e+34
#ERR  p: [530, 806], r: 3.0208274735643814e+33, e: 3.3117941383380564e+33
#ERR  p: [531, 806], r: -9.6374238648986104e+33, e: -9.4344561678175366e+33
#ERR  p: [532, 806], r: 9.1055782083107664e+32, e: 5.8290731755888413e+32
#ERR  p: [533, 806], r: 1.6448928963658165e+34, e: 1.6655635239657881e+34
#ERR  p: [534, 806], r: -3.5771121710257856e+34, e: -3.5602905465959601e+34
#ERR  p: [535, 806], r: -3.5420974083966104e+33, e: -3.3064251923876757e+33
#ERR  p: [536, 806], r: -2.9899599338608161e+34, e: -3.0280835353106487e+34
#ERR  p: [537, 806], r: -2.7129361877496123e+34, e: -2.7031173425340164e+34
#ERR  p: [538, 806], r: -8.2655312857223163e+33, e: -8.1813563148110676e+33
#ERR  p: [539, 806], r: 2.2688682789693493e+34, e: 2.2708900826415101e+34
#ERR  p: [540, 806], r: -1.5723590184079918e+34, e: -1.5588783465561898e+34
#ERR  p: [541, 806], r: -1.0784548622902015e+34, e: -1.0973777661427100e+34
#ERR  p: [542, 806], r: 3.9519745274378466e+34, e: 3.9251364825621552e+34
#ERR  p: [543, 806], r: -1.9018795925891551e+34, e: -1.9242994294646369e+34
#ERR  p: [528, 807], r: 3.8957050770981650e+33, e: 4.1048383345448996e+33
#ERR  p: [529, 807], r: -3.4973489708265421e+34, e: -3.6380871552487948e+34
#ERR  p: [530, 807], r: 1.5793834615729089e+34, e: 1.4648670754747912e+34
#ERR  p: [531, 807], r: 1.6695280269415995e+34, e: 1.5896458607045807e+34
#ERR  p: [532, 807], r: -8.4590661272920434e+34, e: -8.3301143699838267e+34
#ERR  p: [533, 807], r: 4.6856629649930658e+34, e: 4.6043075263152934e+34
#ERR  p: [534, 807], r: 2.4228011710943292e+34, e: 2.3565966329693627e+34
#ERR  p: [535, 807], r: -2.7637385234937979e+34, e: -2.8564914285252629e+34
#ERR  p: [536, 807], r: -1.3735501808888973e+32, e: 1.3630682330912581e+33
#ERR  p: [537, 807], r: -1.9119064117313509e+34, e: -1.9505499479976834e+34
#ERR  p: [538, 807], r: 5.7640602630714405e+34, e: 5.7309319972681323e+34
#ERR  p: [539, 807], r: 3.8132886000127211e+32, e: 3.0175407427600787e+32
#ERR  p: [540, 807], r: -3.0599154303048173e+33, e: -3.4414367899821982e+33
#ERR  p: [541, 807], r: 4.3725125385094006e+33, e: 4.9080627306648061e+33
#ERR  p: [542, 807], r: 2.7271313985920899e+34, e: 2.8030874379945151e+34
#ERR  p: [543, 807], r: 1.4195615648870445e+34, e: 1.4830135433346599e+34
#ERR  p: [528, 808], r: 2.3782207219875919e+34, e: 2.4014954802542042e+34
#ERR  p: [529, 808], r: 1.3051401287899400e+34, e: 1.1485124887874437e+34
#ERR  p: [530, 808], r: -1.5078375835604378e+34, e: -1.6352830154288520e+34
#ERR  p: [531, 808], r: -8.8493072890181427e+33, e: -9.7383215488305457e+33
#ERR  p: [532, 808], r: -1.9884684227830063e+34, e: -1.8449575002607622e+34
#ERR  p: [533, 808], r: -5.2213246955460109e+33, e: -6.1267237107483755e+33
#ERR  p: [534, 808], r: -2.9309623112625574e+33, e: -3.6677569879643515e+33
#ERR  p: [535, 808], r: -4.6074439711988269e+34, e: -4.7106693537866304e+34
#ERR  p: [536, 808], r: -2.7534714201899767e+33, e: -1.0836465971239585e+33
#ERR  p: [537, 808], r: 1.8810664471421608e+33, e: 1.4509986498541839e+33
#ERR  p: [538, 808], r: 3.4391192424346521e+34, e: 3.4022509121846549e+34
#ERR  p: [539, 808], r: -2.9063811548724873e+33, e: -2.9949371955827669e+33
#ERR  p: [540, 808], r: 4.9658794822595905e+33, e: 5.0162611659784269e+33
#ERR  p: [541, 808], r: -4.7200443974981425e+33, e: -4.7907679119425163e+33
#ERR  p: [542, 808], r: 4.2816993617254919e+34, e: 4.2716690763511860e+34
#ERR  p: [543, 808], r: 9.1149655076286675e+33, e: 9.0311742981295972e+33
#ERR  p: [528, 809], r: -1.3051100468469854e+33, e: -1.2596132745231691e+33
#ERR  p: [529, 809], r: -6.9709090668881567e+33, e: -7.2770863009245312e+33
#ERR  p: [530, 809], r: 3.5801365204387617e+33, e: 3.3310035634126575e+33
#ERR  p: [531, 809], r: 2.6000115449540078e+34, e: 2.5826328475065039e+34
#ERR  p: [532, 809], r: -3.0726206565160110e+34, e: -3.0445669545217414e+34
#ERR  p: [533, 809], r: 4.9875277265828362e+32, e: 3.2176448524165280e+32
#ERR  p: [534, 809], r: 1.0434071704559813e+34, e: 1.0290044808629195e+34
#ERR  p: [535, 809], r: 7.9522210411795794e+33, e: 7.7504343388959838e+33
#ERR  p: [536, 809], r: 4.5173437240835426e+34, e: 4.5499867173914509e+34
#ERR  p: [537, 809], r: 1.7061302000831504e+34, e: 1.6977233492763634e+34
#ERR  p: [538, 809], r: -4.3939279727340082e+33, e: -4.4659958900610459e+33
#ERR  p: [539, 809], r: 1.9759480210196779e+34, e: 1.9742168856687413e+34
#ERR  p: [540, 809], r: -2.0222400460247312e+33, e: -3.2909342297060781e+33
#ERR  p: [541, 809], r: -3.5481693804953012e+34, e: -3.3700808119717536e+34
#ERR  p: [542, 809], r: -6.6150062573537670e+33, e: -4.0892164597041476e+33
#ERR  p: [543, 809], r: 5.1443464890531477e+34, e: 5.3553464362851208e+34
#ERR  p: [528, 810], r: 8.3717069270117448e+33, e: 8.6752052588031058e+33
#ERR  p: [529, 810], r: 1.1332291905474362e+33, e: -9.0916405508934621e+32
#ERR  p: [530, 810], r: 1.6113930009627149e+34, e: 1.4452067307408804e+34
#ERR  p: [531, 810], r: 6.7842568005548445e+33, e: 5.6250002301664430e+33
#ERR  p: [532, 810], r: -2.8352132199540100e+33, e: -9.6385763870751851e+32
#ERR  p: [533, 810], r: 6.1888321528713545e+34, e: 6.0707703065007235e+34
#ERR  p: [534, 810], r: 1.5346613921256774e+34, e: 1.4385848656767390e+34
#ERR  p: [535, 810], r: 4.7251631557665837e+34, e: 4.5905584690629743e+34
#ERR  p: [536, 810], r: 9.2000868836999499e+33, e: 1.1377507046439241e+34
#ERR  p: [537, 810], r: -1.5729830639817956e+34, e: -1.6290627381134547e+34
#ERR  p: [538, 810], r: 3.7971844856296655e+34, e: 3.7491088366160099e+34
#ERR  p: [539, 810], r: 3.4100459730240271e+34, e: 3.3984984683375730e+34
#ERR  p: [540, 810], r: 1.0527682254450495e+34, e: 1.0190085483247038e+34
#ERR  p: [541, 810], r: -1.0160002921322384e+34, e: -9.6861194742839401e+33
#ERR  p: [542, 810], r: -3.5212115030238071e+34, e: -3.4540007672349095e+34
#ERR  p: [543, 810], r: -1.2078939965918848e+34, e: -1.1517479688741200e+34
#ERR  p: [528, 811], r: 1.2784418782931850e+33, e: 9.4743651882890285e+32
#ERR  p: [529, 811], r: -1.8221946302003944e+34, e: -1.5994421754114617e+34
#ERR  p: [530, 811], r: 1.1497477053586426e+34, e: 1.3309974775665095e+34
#ERR  p: [531, 811], r: -2.6990417963366811e+34, e: -2.5726082566563787e+34
#ERR  p: [532, 811], r: -5.7203079958509852e+34, e: -5.9244056845999187e+34
#ERR  p: [533, 811], r: -4.7037576869592923e+34, e: -4.5749931061850156e+34
#ERR  p: [534, 811], r: -4.0058996907251334e+32, e: 6.4726344872556732e+32
#ERR  p: [535, 811], r: 5.9273955573828007e+33, e: 7.3954327497101939e+33
#ERR  p: [536, 811], r: 3.0788281830490036e+34, e: 2.8413491935527319e+34
#ERR  p: [537, 811], r: 3.7916761476308612e+34, e: 3.8528380607998026e+34
#ERR  p: [538, 811], r: -3.5625275042469488e+34, e: -3.5100943062950086e+34
#ERR  p: [539, 811], r: -2.0180660835942726e+34, e: -2.0054717768105989e+34
#ERR  p: [540, 811], r: 3.4117684427946888e+34, e: 3.2927801220986566e+34
#ERR  p: [541, 811], r: -7.7655161623945976e+33, e: -6.0952602267098983e+33
#ERR  p: [542, 811], r: 4.9699959423752242e+33, e: 7.3388867435657360e+33
#ERR  p: [543, 811], r: 5.7867165464944258e+34, e: 5.9846076990623981e+34
#ERR  p: [528, 812], r: 4.7324751724026267e+33, e: 4.5870865424287945e+33
#ERR  p: [529, 812], r: -1.0719977670452890e+34, e: -9.7415791880439252e+33
#ERR  p: [530, 812], r: -1.8263546039084090e+34, e: -1.7467441655100134e+34
#ERR  p: [531, 812], r: -3.0594182735850402e+34, e: -3.0038847785987138e+34
#ERR  p: [532, 812], r: 1.4135138564131236e+34, e: 1.3238671905282335e+34
#ERR  p: [533, 812], r: -1.9519215855612116e+34, e: -1.8953640665743883e+34
#ERR  p: [534, 812], r: -1.8677237127592361e+34, e: -1.8216985876266528e+34
#ERR  p: [535, 812], r: 6.8596575000556463e+34, e: 6.9241383304699118e+34
#ERR  p: [536, 812], r: 7.8599388009510507e+33, e: 6.8168591894294643e+33
#ERR  p: [537, 812], r: 3.0192404344340175e+34, e: 3.0461047236385417e+34
#ERR  p: [538, 812], r: -1.8617933610010395e+34, e: -1.8387632196861900e+34
#ERR  p: [539, 812], r: 2.2720255212455427e+34, e: 2.2775573801050933e+34
#ERR  p: [540, 812], r: 1.7127615972855943e+34, e: 1.6008828900291820e+34
#ERR  p: [541, 812], r: 2.8606204537322953e+34, e: 3.0176665174680701e+34
#ERR  p: [542, 812], r: -3.1078489638019629e+34, e: -2.8851150781136194e+34
#ERR  p: [543, 812], r: 3.4039795716555130e+34, e: 3.5900464161442471e+34
#ERR  p: [528, 813], r: -3.9890856796265496e+33, e: -4.1918701615818092e+33
#ERR  p: [529, 813], r: -2.4965026740972078e+34, e: -2.3600390966306075e+34
#ERR  p: [530, 813], r: -6.1317844096289741e+33, e: -5.0214020214765693e+33
#ERR  p: [531, 813], r: 1.0429157082603850e+34, e: 1.1203723785784320e+34
#ERR  p: [532, 813], r: 7.4994036197896551e+33, e: 6.2490488988203014e+33
#ERR  p: [533, 813], r: -1.4949973599879600e+33, e: -7.0615535124447108e+32
#ERR  p: [534, 813], r: -2.1410163075920338e+34, e: -2.0768215651208471e+34
#ERR  p: [535, 813], r: -7.8565943821409173e+34, e: -7.7666585334628502e+34
#ERR  p: [536, 813], r: 4.1029371062325651e+34, e: 3.9574514217596529e+34
#ERR  p: [537, 813], r: 3.1508743126313499e+34, e: 3.1883442817404397e+34
#ERR  p: [538, 813], r: 3.9446357712969550e+34, e: 3.9767578394363320e+34
#ERR  p: [539, 813], r: 1.1440601136421499e+34, e: 1.1517759463190078e+34
#ERR  p: [540, 813], r: 3.8076515162498312e+34, e: 3.8400013653564368e+34
#ERR  p: [541, 813], r: -2.0291705295406664e+34, e: -2.0745801508857170e+34
#ERR  p: [542, 813], r: 1.0437459946447337e+34, e: 9.7934191651290398e+33
#ERR  p: [543, 813], r: -2.2300321192329040e+34, e: -2.2838334885162624e+34
#ERR  p: [528, 814], r: 5.4374046535231954e+33, e: 5.1514652632490583e+33
#ERR  p: [529, 814], r: 2.7988677955766070e+34, e: 2.9912907194030479e+34
#ERR  p: [530, 814], r: -3.2554594485583045e+34, e: -3.0988877634455839e+34
#ERR  p: [531, 814], r: -2.3082129844739329e+34, e: -2.1989947341559488e+34
#ERR  p: [532, 814], r: 1.5982735600143763e+34, e: 1.4219651492673210e+34
#ERR  p: [533, 814], r: 2.7084867836604128e+34, e: 2.8197181720702828e+34
#ERR  p: [534, 814], r: 2.3574057505790397e+34, e: 2.4479224407235395e+34
#ERR  p: [535, 814], r: 2.0932263751394452e+34, e: 2.2200419431158710e+34
#ERR  p: [536, 814], r: 1.4095907006346243e+34, e: 1.2044462097884711e+34
#ERR  p: [537, 814], r: -1.0886262728289859e+34, e: -1.0357913014372957e+34
#ERR  p: [538, 814], r: -7.8222336232344966e+31, e: 3.7472011710154711e+32
#ERR  p: [539, 814], r: 4.1823655674451858e+33, e: 4.2911606898577422e+33
#ERR  p: [540, 814], r: 1.6029797747647255e+33, e: 1.6756740897516416e+33
#ERR  p: [541, 814], r: 1.5469504228956633e+34, e: 1.5367460831518339e+34
#ERR  p: [542, 814], r: 1.5650848827371509e+34, e: 1.5506123733258734e+34
#ERR  p: [543, 814], r: 1.9752416524332617e+32, e: 7.6621989246558791e+31
#ERR  p: [528, 815], r: 2.2914052249725475e+34, e: 2.3075212235799803e+34
#ERR  p: [529, 815], r: -3.9266153257330856e+34, e: -4.0350677863427677e+34
#ERR  p: [530, 815], r: -5.0537644356745736e+34, e: -5.1420107437870241e+34
#ERR  p: [531, 815], r: 1.9686178066650574e+34, e: 1.9070604954475683e+34
#ERR  p: [532, 815], r: 1.5158150239160977e+32, e: 1.1452885060688823e+33
#ERR  p: [533, 815], r: -3.5142701256355261e+34, e: -3.5769618851050163e+34
#ERR  p: [534, 815], r: 1.7440718243472080e+34, e: 1.6930545822122025e+34
#ERR  p: [535, 815], r: 2.6658523762954322e+34, e: 2.5943769370711964e+34
#ERR  p: [536, 815], r: 1.2100435556760999e+34, e: 1.3256669077573466e+34
#ERR  p: [537, 815], r: 9.0247190597947436e+33, e: 8.7269301074645668e+33
#ERR  p: [538, 815], r: 1.1668378389829891e+34, e: 1.1413092870808538e+34
#ERR  p: [539, 815], r: -4.9957540702576449e+33, e: -5.0570717162835284e+33
#ERR  p: [540, 815], r: -2.7533311615835257e+34, e: -2.8227325560659427e+34
#ERR  p: [541, 815], r: 1.3542794158853496e+34, e: 1.4516992310709165e+34
#ERR  p: [542, 815], r: -3.9233488971454271e+33, e: -2.5416564751331401e+33
#ERR  p: [543, 815], r: -2.8144341488065971e+34, e: -2.6990103526596832e+34
#SDC Ite:6 KerTime:2.6339575 AccTime:16.0092052 KerErr:256 AccErr:256
#IT 6 KerTime:2.6614072 AccTime:18.6706123
#IT 7 KerTime:2.6269120 AccTime:21.2975244
#IT 8 KerTime:2.6418442 AccTime:23.9393685
#ERR  p: [22, 2012], r: -2.3220573631092771e+34, e: -2.4867702370963540e+34
#ERR  p: [23, 2012], r: 1.1492948668922720e+34, e: 1.3661505180980728e+34
#ERR  p: [31, 2012], r: 1.7048791378794486e+34, e: 1.7859654483926803e+34
#SDC Ite:9 KerTime:2.6418442 AccTime:23.9393685 KerErr:3 AccErr:259
