#HEADER matrix_dim:2048 threads:4 block_size:16 block_offset:12 precision:Float
#BEGIN Y:2023 M:10 D:28 Time:14:11:56
#IT 0 KerTime:2.7365943 AccTime:2.7365943
#IT 1 KerTime:2.6733859 AccTime:5.4099802
#IT 2 KerTime:2.6385512 AccTime:8.0485314
#IT 3 KerTime:2.6739160 AccTime:10.7224474
#IT 4 KerTime:2.6315445 AccTime:13.3539919
#IT 5 KerTime:2.6497614 AccTime:16.0037533
#IT 6 KerTime:2.6254990 AccTime:18.6292523
#IT 7 KerTime:2.6271488 AccTime:21.2564011
#IT 8 KerTime:2.6177373 AccTime:23.8741384
#IT 9 KerTime:2.6404741 AccTime:26.5146125
#ERR  p: [552, 1777], r: 6.5660686306907570e+33, e: 8.6435226593776750e+33
#ERR  p: [215, 1779], r: 4.0374320042297949e+34, e: 4.2126544939743891e+34
#ERR  p: [216, 1779], r: -3.5378884122630401e+33, e: -5.5739469639762943e+33
#ERR  p: [390, 1779], r: 1.7708806538379722e+34, e: 1.3723993918283776e+34
#SDC Ite:10 KerTime:2.6404741 AccTime:26.5146125 KerErr:4 AccErr:4
#IT 10 KerTime:2.6274289 AccTime:29.1420414
#IT 11 KerTime:2.6237335 AccTime:31.7657749
#IT 12 KerTime:2.6029497 AccTime:34.3687246
#IT 13 KerTime:2.5967016 AccTime:36.9654262
#IT 14 KerTime:2.6532214 AccTime:39.6186476
#IT 15 KerTime:2.6580824 AccTime:42.2767300
#IT 16 KerTime:2.6510359 AccTime:44.9277658
#IT 17 KerTime:2.6376665 AccTime:47.5654324
#IT 18 KerTime:2.7032047 AccTime:50.2686371
#ERR  p: [999, 2045], r: 2.2854680645441348e+34, e: 2.5644408234531895e+34
#SDC Ite:19 KerTime:2.7032047 AccTime:50.2686371 KerErr:1 AccErr:5
#IT 19 KerTime:2.7375237 AccTime:53.0061607
#IT 20 KerTime:2.7303249 AccTime:55.7364857
#IT 21 KerTime:2.7175265 AccTime:58.4540122
#IT 22 KerTime:2.6792070 AccTime:61.1332191
#ERR  p: [841, 1236], r: 3.0256381085570444e+34, e: -5.8283263108888899e+33
#ERR  p: [470, 1906], r: 1.5300718532240307e+34, e: 1.6911798458167087e+34
#SDC Ite:23 KerTime:2.6792070 AccTime:61.1332191 KerErr:2 AccErr:7
