#HEADER matrix_dim:2048 threads:4 block_size:16 block_offset:12 precision:Float
#BEGIN Y:2023 M:10 D:19 Time:14:40:47
#IT 0 KerTime:2.6985474 AccTime:2.6985474
#IT 1 KerTime:2.7289795 AccTime:5.4275269
#ERR  p: [1270, 1714], r: 1.7157685536410185e+34, e: 2.1126278666111414e+34
#ERR  p: [1271, 1714], r: -4.3864362691012629e+33, e: -2.8803386102660407e+33
#SDC Ite:2 KerTime:2.7289795 AccTime:5.4275269 KerErr:2 AccErr:2
#IT 2 KerTime:2.5896175 AccTime:8.0171444
#IT 3 KerTime:2.6404176 AccTime:10.6575620
#IT 4 KerTime:2.6574720 AccTime:13.3150339
#IT 5 KerTime:2.6369407 AccTime:15.9519747
#IT 6 KerTime:2.7161424 AccTime:18.6681170
#IT 7 KerTime:2.6639195 AccTime:21.3320366
#IT 8 KerTime:2.6306249 AccTime:23.9626615
#IT 9 KerTime:2.6505958 AccTime:26.6132573
#IT 10 KerTime:2.6527791 AccTime:29.2660364
#IT 11 KerTime:2.6447329 AccTime:31.9107693
#IT 12 KerTime:2.6351517 AccTime:34.5459210
#IT 13 KerTime:2.6229241 AccTime:37.1688451
#IT 14 KerTime:2.5929438 AccTime:39.7617889
#IT 15 KerTime:2.5899747 AccTime:42.3517636
#IT 16 KerTime:2.6408165 AccTime:44.9925800
#IT 17 KerTime:2.6978943 AccTime:47.6904743
#IT 18 KerTime:2.6571235 AccTime:50.3475979
#IT 19 KerTime:2.6514939 AccTime:52.9990918
#IT 20 KerTime:2.6343427 AccTime:55.6334345
#IT 21 KerTime:2.6407199 AccTime:58.2741544
#IT 22 KerTime:2.6290418 AccTime:60.9031962
#IT 23 KerTime:2.6413956 AccTime:63.5445919
#IT 24 KerTime:2.6366487 AccTime:66.1812406
#IT 25 KerTime:2.6185997 AccTime:68.7998403
#IT 26 KerTime:2.6140139 AccTime:71.4138541
#IT 27 KerTime:2.5928321 AccTime:74.0066863
#IT 28 KerTime:2.5900432 AccTime:76.5967295
#IT 29 KerTime:2.7011017 AccTime:79.2978311
