#HEADER matrix_dim:2048 threads:4 block_size:16 block_offset:12 precision:Float
#BEGIN Y:2023 M:10 D:20 Time:16:58:57
#IT 0 KerTime:2.6553820 AccTime:2.6553820
#IT 1 KerTime:2.7631249 AccTime:5.4185069
#IT 2 KerTime:2.6502357 AccTime:8.0687426
#ERR  p: [521, 1746], r: 2.9028973440139303e+34, e: -5.1305183893293202e+33
#SDC Ite:3 KerTime:2.6502357 AccTime:8.0687426 KerErr:1 AccErr:1
#IT 3 KerTime:2.7317819 AccTime:10.8005245
#IT 4 KerTime:2.7138438 AccTime:13.5143683
#IT 5 KerTime:2.7124643 AccTime:16.2268325
#IT 6 KerTime:2.6475516 AccTime:18.8743842
#IT 7 KerTime:2.6754264 AccTime:21.5498105
#IT 8 KerTime:2.6781473 AccTime:24.2279578
#IT 9 KerTime:2.6654716 AccTime:26.8934294
#IT 10 KerTime:2.6307416 AccTime:29.5241710
#IT 11 KerTime:2.6380588 AccTime:32.1622297
#IT 12 KerTime:2.6883181 AccTime:34.8505479
#IT 13 KerTime:2.6123399 AccTime:37.4628878
#IT 14 KerTime:2.5894863 AccTime:40.0523741
#IT 15 KerTime:2.5854856 AccTime:42.6378597
