#HEADER matrix_dim:2048 threads:4 block_size:16 block_offset:12 precision:Float
#BEGIN Y:2023 M:10 D:27 Time:10:11:34
#IT 0 KerTime:2.6762163 AccTime:2.6762163
#IT 1 KerTime:2.7179970 AccTime:5.3942133
#IT 2 KerTime:2.6525465 AccTime:8.0467598
#IT 3 KerTime:2.6564106 AccTime:10.7031704
#IT 4 KerTime:2.6480297 AccTime:13.3512000
#IT 5 KerTime:2.6415873 AccTime:15.9927873
#ERR  p: [1225, 977], r: -5.6067918653046101e+34, e: -5.6247637836189395e+34
#SDC Ite:6 KerTime:2.6415873 AccTime:15.9927873 KerErr:1 AccErr:1
#IT 6 KerTime:2.6377388 AccTime:18.6305261
#IT 7 KerTime:2.6545715 AccTime:21.2850975
#IT 8 KerTime:2.6733118 AccTime:23.9584094
#IT 9 KerTime:2.6368553 AccTime:26.5952647
#ERR  p: [1734, 977], r: -9.0281103965323659e+33, e: -7.4365435004748221e+33
#SDC Ite:10 KerTime:2.6368553 AccTime:26.5952647 KerErr:1 AccErr:2
#IT 10 KerTime:2.6556203 AccTime:29.2508850
#ERR  p: [566, 1969], r: 1.4548289910782378e+34, e: -1.3425780352520124e+34
#SDC Ite:11 KerTime:2.6556203 AccTime:29.2508850 KerErr:1 AccErr:3
#ABORT amount of errors equals of the last iteration
#END
