#HEADER matrix_dim:2048 threads:4 block_size:16 block_offset:12 precision:Float
#BEGIN Y:2023 M:10 D:20 Time:14:40:00
#IT 0 KerTime:2.6822384 AccTime:2.6822384
#IT 1 KerTime:2.7432406 AccTime:5.4254789
#IT 2 KerTime:2.7025695 AccTime:8.1280484
#IT 3 KerTime:2.6279131 AccTime:10.7559616
#IT 4 KerTime:2.6436220 AccTime:13.3995835
#IT 5 KerTime:2.6809672 AccTime:16.0805507
#IT 6 KerTime:2.6209236 AccTime:18.7014744
#IT 7 KerTime:2.6283324 AccTime:21.3298068
#IT 8 KerTime:2.6386940 AccTime:23.9685008
#IT 9 KerTime:2.6092763 AccTime:26.5777771
#ERR  p: [1433, 120], r: -2.0942300969232978e+34, e: -3.6061162395882145e+33
#SDC Ite:10 KerTime:2.6092763 AccTime:26.5777771 KerErr:1 AccErr:1
#IT 10 KerTime:2.6442141 AccTime:29.2219912
#IT 11 KerTime:2.6333723 AccTime:31.8553634
#IT 12 KerTime:2.6211089 AccTime:34.4764724
#IT 13 KerTime:2.5856978 AccTime:37.0621702
#IT 14 KerTime:2.5907807 AccTime:39.6529508
#IT 15 KerTime:2.6479594 AccTime:42.3009102
#IT 16 KerTime:2.6371698 AccTime:44.9380800
#IT 17 KerTime:2.6301465 AccTime:47.5682265
#IT 18 KerTime:2.6344410 AccTime:50.2026675
#IT 19 KerTime:2.6286751 AccTime:52.8313426
#IT 20 KerTime:2.6258999 AccTime:55.4572424
