#HEADER matrix_dim:2048 threads:4 block_size:16 block_offset:12 precision:Float
#BEGIN Y:2023 M:10 D:19 Time:18:27:41
#IT 0 KerTime:2.6507870 AccTime:2.6507870
#IT 1 KerTime:2.7165806 AccTime:5.3673676
#IT 2 KerTime:2.6564663 AccTime:8.0238338
#IT 3 KerTime:2.6744091 AccTime:10.6982430
#IT 4 KerTime:2.6389995 AccTime:13.3372425
#IT 5 KerTime:2.6709998 AccTime:16.0082423
#IT 6 KerTime:2.6298222 AccTime:18.6380645
#IT 7 KerTime:2.6374012 AccTime:21.2754657
#IT 8 KerTime:2.6367557 AccTime:23.9122214
#ERR  p: [1207, 479], r: -2.4751531601796922e+34, e: -2.4772982626797659e+34
#ERR  p: [1208, 479], r: -1.2333862768508690e+34, e: -1.1719173545521849e+34
#SDC Ite:9 KerTime:2.6367557 AccTime:23.9122214 KerErr:2 AccErr:2
#IT 9 KerTime:2.6365524 AccTime:26.5487738
#IT 10 KerTime:2.6433923 AccTime:29.1921661
#IT 11 KerTime:2.6382092 AccTime:31.8303753
#IT 12 KerTime:2.6337392 AccTime:34.4641145
#IT 13 KerTime:2.5998022 AccTime:37.0639167
#ERR  p: [920, 1627], r: 3.2435757193571806e+34, e: 3.5245868703349226e+34
#SDC Ite:14 KerTime:2.5998022 AccTime:37.0639167 KerErr:1 AccErr:3
#IT 14 KerTime:2.6309304 AccTime:39.6948471
#ERR  p: [454, 1979], r: -4.6305835464131492e+34, e: -1.3765197514551350e+34
#ERR  p: [614, 1979], r: -6.7138479704684571e+34, e: -2.8624625085107520e+34
#ERR  p: [813, 1979], r: 4.0198398859195183e+34, e: 1.9836322862255341e+34
#ERR  p: [838, 1979], r: -3.2392028199624089e+34, e: 4.5612129766377104e+33
#ERR  p: [905, 2043], r: -1.8860928860321722e+34, e: -6.9001187036816615e+33
#ERR  p: [982, 2043], r: -1.2737755561606017e+34, e: 1.9669319799195586e+34
#ERR  p: [54, 2045], r: -5.3456132565202434e+34, e: -5.6705982659854729e+34
#SDC Ite:15 KerTime:2.6309304 AccTime:39.6948471 KerErr:7 AccErr:10
