#HEADER matrix_dim:2048 threads:4 block_size:16 block_offset:12 precision:Float
#BEGIN Y:2023 M:10 D:16 Time:20:36:06
#IT 0 KerTime:2.7080994 AccTime:2.7080994
#ERR  p: [736, 0], r: -inf, e: 4.3362667683051600e+34
#ERR  p: [737, 0], r: -inf, e: -3.0866165590121636e+34
#ERR  p: [738, 0], r: inf, e: -4.8492701109370530e+34
#ERR  p: [739, 0], r: -inf, e: -1.8389689653207192e+34
#ERR  p: [740, 0], r: inf, e: -1.9710333990637150e+34
#ERR  p: [741, 0], r: inf, e: 3.9502686460637113e+34
#ERR  p: [742, 0], r: inf, e: -3.1177430757719474e+34
#ERR  p: [743, 0], r: -inf, e: -1.0835831526969451e+34
#ERR  p: [744, 0], r: -inf, e: -3.6091176252134619e+34
#ERR  p: [745, 0], r: -inf, e: -5.8229456045081360e+33
#ERR  p: [746, 0], r: inf, e: -7.0828169895294961e+33
#ERR  p: [747, 0], r: inf, e: -3.0827111057762261e+34
#ERR  p: [748, 0], r: -inf, e: 4.4266795333833619e+33
#ERR  p: [749, 0], r: -inf, e: -8.4022464435534004e+32
#ERR  p: [750, 0], r: inf, e: 6.4292224059580135e+33
#ERR  p: [751, 0], r: inf, e: 2.1779901103333781e+34
#ERR  p: [144, 128], r: inf, e: 4.4270756122989312e+34
#ERR  p: [145, 128], r: -inf, e: -5.4789181061826032e+34
#ERR  p: [146, 128], r: -inf, e: -8.8682596867920871e+32
#ERR  p: [147, 128], r: -inf, e: 1.4462061197345955e+33
#ERR  p: [148, 128], r: -inf, e: -2.2282725731580658e+33
#ERR  p: [149, 128], r: -inf, e: 3.6912012202223419e+34
#ERR  p: [150, 128], r: -inf, e: -3.3447453787157468e+34
#ERR  p: [151, 128], r: -inf, e: -4.1895155996270884e+33
#ERR  p: [152, 128], r: -inf, e: -2.5212003206449748e+34
#ERR  p: [153, 128], r: -inf, e: -3.4344274496857605e+34
#ERR  p: [154, 128], r: inf, e: 3.3641027995220445e+34
#ERR  p: [155, 128], r: -inf, e: 1.1129984649404247e+34
#ERR  p: [156, 128], r: -inf, e: -4.2966274330712264e+33
#ERR  p: [157, 128], r: inf, e: 3.2112194329623707e+34
#ERR  p: [158, 128], r: -inf, e: 1.1814832886177548e+34
#ERR  p: [159, 128], r: -inf, e: -1.5201695708497870e+34
#ERR  p: [768, 448], r: inf, e: -1.2255741324389547e+34
#ERR  p: [769, 448], r: -inf, e: -3.4624588687593229e+33
#ERR  p: [770, 448], r: inf, e: -6.5856228220662990e+32
#ERR  p: [771, 448], r: inf, e: 1.4302489488342030e+34
#ERR  p: [772, 448], r: inf, e: -2.6536279659954969e+34
#ERR  p: [773, 448], r: inf, e: -7.5578368655240037e+33
#ERR  p: [774, 448], r: -inf, e: -1.4559293959791586e+34
#ERR  p: [775, 448], r: -inf, e: 8.6499364267212126e+33
#ERR  p: [776, 448], r: -inf, e: -1.4394156472371034e+34
#ERR  p: [777, 448], r: -inf, e: -2.5187066142298383e+33
#ERR  p: [778, 448], r: inf, e: -2.8899259606942903e+34
#ERR  p: [779, 448], r: inf, e: 2.5596103814198980e+34
#ERR  p: [780, 448], r: inf, e: -9.7945778770058109e+33
#ERR  p: [781, 448], r: -inf, e: 2.8373994220633880e+33
#ERR  p: [782, 448], r: inf, e: -1.4482700133680921e+34
#ERR  p: [783, 448], r: -inf, e: 1.8842014374461480e+34
#ERR  p: [1808, 464], r: inf, e: 2.1533055859500276e+34
#ERR  p: [1809, 464], r: -inf, e: -1.1138499200994452e+34
#ERR  p: [1810, 464], r: -inf, e: -1.2094354795288030e+34
#ERR  p: [1811, 464], r: -inf, e: -1.9376852751094297e+34
#ERR  p: [1812, 464], r: -inf, e: -9.3361358750473935e+33
#ERR  p: [1813, 464], r: inf, e: -4.9239525576270615e+34
#ERR  p: [1814, 464], r: -inf, e: -7.3417562885767995e+33
#ERR  p: [1815, 464], r: -inf, e: -7.2497891040882689e+33
#ERR  p: [1816, 464], r: inf, e: -1.8885518063322047e+34
#ERR  p: [1817, 464], r: inf, e: -3.1903212719831785e+33
#ERR  p: [1818, 464], r: inf, e: -1.2815777970522017e+34
#ERR  p: [1819, 464], r: -inf, e: 9.5785059656388817e+33
#ERR  p: [1820, 464], r: -inf, e: -3.1359927878310924e+34
#ERR  p: [1821, 464], r: -inf, e: 4.4377730235604080e+33
#ERR  p: [1822, 464], r: inf, e: 9.1428544398037082e+33
#ERR  p: [1823, 464], r: inf, e: 3.9103225492880428e+34
#ERR  p: [544, 480], r: -inf, e: 8.3890631558475356e+32
#ERR  p: [545, 480], r: inf, e: -1.0809817454983908e+34
#ERR  p: [546, 480], r: inf, e: -3.6305092290923133e+34
#ERR  p: [547, 480], r: inf, e: -4.9188527398412214e+34
#ERR  p: [548, 480], r: -inf, e: 1.9100121158832364e+34
#ERR  p: [549, 480], r: -inf, e: -5.0367354562881678e+33
#ERR  p: [550, 480], r: -inf, e: 1.9878880764925894e+34
#ERR  p: [551, 480], r: inf, e: 2.7534351485468257e+34
#ERR  p: [552, 480], r: -inf, e: 5.4333109096072826e+34
#ERR  p: [553, 480], r: -inf, e: -4.8909209749408214e+33
#ERR  p: [554, 480], r: inf, e: -1.7171716348815445e+34
#ERR  p: [555, 480], r: inf, e: 5.2170833891774152e+34
#ERR  p: [556, 480], r: -inf, e: 3.1216792299208592e+34
#ERR  p: [557, 480], r: -inf, e: -1.4389160146372478e+34
#ERR  p: [558, 480], r: inf, e: -1.8119601466166084e+33
#ERR  p: [559, 480], r: -inf, e: 5.3560931617168177e+34
#ERR  p: [624, 480], r: inf, e: 4.1789245893119882e+34
#ERR  p: [625, 480], r: -inf, e: -2.4801848912633715e+34
#ERR  p: [626, 480], r: -inf, e: -1.8805528567683622e+34
#ERR  p: [627, 480], r: inf, e: 2.4294404911130245e+34
#ERR  p: [628, 480], r: inf, e: -3.3389461248077105e+34
#ERR  p: [629, 480], r: inf, e: 3.3656710219638112e+34
#ERR  p: [630, 480], r: inf, e: 1.0243009276836547e+34
#ERR  p: [631, 480], r: -inf, e: 7.3823013007434742e+33
#ERR  p: [632, 480], r: inf, e: 1.6219577050519802e+34
#ERR  p: [633, 480], r: inf, e: 1.0449470440708484e+34
#ERR  p: [634, 480], r: inf, e: -1.7503747960572295e+33
#ERR  p: [635, 480], r: inf, e: -4.3178923028385560e+32
#ERR  p: [636, 480], r: -inf, e: -7.4763445106778864e+33
#ERR  p: [637, 480], r: inf, e: 1.9528365470442474e+34
#ERR  p: [638, 480], r: inf, e: 1.7332282123670916e+34
#ERR  p: [639, 480], r: -inf, e: -2.4364558973156548e+34
#ERR  p: [1168, 480], r: -inf, e: 7.8310706582049353e+33
#ERR  p: [1169, 480], r: -inf, e: -1.1131207115193041e+33
#ERR  p: [1170, 480], r: -inf, e: -3.3743163000221646e+34
#ERR  p: [1171, 480], r: inf, e: -1.7728840122035477e+34
#ERR  p: [1172, 480], r: inf, e: -2.4126173811551519e+34
#ERR  p: [1173, 480], r: inf, e: 1.3156258523046990e+34
#ERR  p: [1174, 480], r: -inf, e: 3.2765279500869024e+34
#ERR  p: [1175, 480], r: -inf, e: -2.9106059347415584e+33
#ERR  p: [1176, 480], r: -inf, e: 1.3708059154098094e+34
#ERR  p: [1177, 480], r: -inf, e: 2.0265610757318568e+34
#ERR  p: [1178, 480], r: -inf, e: -4.8664913424115598e+34
#ERR  p: [1179, 480], r: -inf, e: 2.8730803202277027e+34
#ERR  p: [1180, 480], r: -inf, e: 4.8201696068455637e+34
#ERR  p: [1181, 480], r: -inf, e: -9.9215236762743695e+33
#ERR  p: [1182, 480], r: inf, e: 3.7418628640810627e+33
#ERR  p: [1183, 480], r: -inf, e: 3.0272953234133852e+32
#ERR  p: [1248, 480], r: -inf, e: 4.3709662276063292e+34
#ERR  p: [1249, 480], r: inf, e: 3.6579751571559302e+34
#ERR  p: [1250, 480], r: inf, e: -1.4873381630678994e+34
#ERR  p: [1251, 480], r: -inf, e: 1.0635385513748402e+34
#ERR  p: [1252, 480], r: -inf, e: 4.4862897506100610e+34
#ERR  p: [1253, 480], r: -inf, e: -4.6782085233555029e+33
#ERR  p: [1254, 480], r: inf, e: 1.3252217445192196e+34
#ERR  p: [1255, 480], r: -inf, e: 1.7369894455884524e+34
#ERR  p: [1256, 480], r: inf, e: -2.2349009374074134e+34
#ERR  p: [1257, 480], r: inf, e: 6.5910502606835359e+33
#ERR  p: [1258, 480], r: -inf, e: 1.1463765470436607e+34
#ERR  p: [1259, 480], r: -inf, e: -2.3102293412099210e+34
#ERR  p: [1260, 480], r: inf, e: -1.3287462836050690e+34
#ERR  p: [1261, 480], r: -inf, e: -6.3820736026517709e+33
#ERR  p: [1262, 480], r: inf, e: -3.0658312981645542e+34
#ERR  p: [1263, 480], r: inf, e: -1.1128265150689680e+34
#ERR  p: [1264, 480], r: -inf, e: -1.0015438759414716e+34
#ERR  p: [1265, 480], r: inf, e: -2.9562013089895038e+34
#ERR  p: [1266, 480], r: -inf, e: -1.8480677008154628e+34
#ERR  p: [1267, 480], r: -inf, e: 2.5523540720856228e+34
#ERR  p: [1268, 480], r: inf, e: -1.6859781455656355e+34
#ERR  p: [1269, 480], r: inf, e: 4.4079746926687735e+34
#ERR  p: [1270, 480], r: -inf, e: -2.5298082129141417e+34
#ERR  p: [1271, 480], r: inf, e: 2.5376500678869989e+34
#ERR  p: [1272, 480], r: -inf, e: 6.1796307921473541e+33
#ERR  p: [1273, 480], r: -inf, e: 2.2081913288107980e+33
#ERR  p: [1274, 480], r: -inf, e: -4.3633930056219970e+34
#ERR  p: [1275, 480], r: -inf, e: 2.7775668089086313e+34
#ERR  p: [1276, 480], r: inf, e: 3.5776217071459554e+34
#ERR  p: [1277, 480], r: inf, e: -1.8500554611365433e+34
#ERR  p: [1278, 480], r: inf, e: -3.5096701880375495e+34
#ERR  p: [1279, 480], r: -inf, e: 5.4147274489135462e+34
#ERR  p: [1584, 480], r: inf, e: 3.6882450194085284e+34
#ERR  p: [1585, 480], r: -inf, e: 3.9097086548225612e+32
#ERR  p: [1586, 480], r: inf, e: -2.6761889280354572e+34
#ERR  p: [1587, 480], r: inf, e: -4.5476392735919560e+32
#ERR  p: [1588, 480], r: inf, e: 1.8058863795048606e+34
#ERR  p: [1589, 480], r: inf, e: -2.7479686529213493e+34
#ERR  p: [1590, 480], r: -inf, e: -1.3098201611084584e+34
#ERR  p: [1591, 480], r: inf, e: -4.1015689349011469e+34
#ERR  p: [1592, 480], r: -inf, e: -1.3649476117618992e+34
#ERR  p: [1593, 480], r: -inf, e: -1.6647412841916948e+34
#ERR  p: [1594, 480], r: inf, e: -1.1054195484319117e+34
#ERR  p: [1595, 480], r: inf, e: -1.1651042277519739e+34
#ERR  p: [1596, 480], r: -inf, e: 2.8946194865592369e+33
#ERR  p: [1597, 480], r: -inf, e: -1.3744868063226206e+34
#ERR  p: [1598, 480], r: inf, e: -4.5861664434945956e+33
#ERR  p: [1599, 480], r: -inf, e: 1.7600917588075922e+34
#ERR  p: [1776, 480], r: inf, e: 1.0293373629394833e+34
#ERR  p: [1777, 480], r: inf, e: 3.4399598037213269e+34
#ERR  p: [1778, 480], r: inf, e: 2.0658685192412580e+34
#ERR  p: [1779, 480], r: inf, e: -2.8959329409409186e+34
#ERR  p: [1780, 480], r: -inf, e: 5.4786061452927032e+34
#ERR  p: [1781, 480], r: -inf, e: -1.4751550380682743e+33
#ERR  p: [1782, 480], r: -inf, e: -3.0728339535847798e+33
#ERR  p: [1783, 480], r: -inf, e: 6.1734079151578743e+34
#ERR  p: [1784, 480], r: inf, e: -1.6140587810433120e+34
#ERR  p: [1785, 480], r: -inf, e: 3.5569656872384474e+34
#ERR  p: [1786, 480], r: inf, e: 7.5140097648281735e+32
#ERR  p: [1787, 480], r: -inf, e: -2.3947110736629046e+34
#ERR  p: [1788, 480], r: -inf, e: -1.1966309705264586e+34
#ERR  p: [1789, 480], r: inf, e: -4.2795082078559568e+34
#ERR  p: [1790, 480], r: inf, e: 7.2634052065803688e+33
#ERR  p: [1791, 480], r: inf, e: 3.4712445292181313e+33
#ERR  p: [1968, 480], r: inf, e: -1.5705422176063366e+34
#ERR  p: [1969, 480], r: -inf, e: -3.9370887936414556e+33
#ERR  p: [1970, 480], r: inf, e: -4.4634701828958939e+33
#ERR  p: [1971, 480], r: -inf, e: -5.1709513060254377e+34
#ERR  p: [1972, 480], r: -inf, e: -1.4449397070744066e+34
#ERR  p: [1973, 480], r: inf, e: 3.0864761766117087e+34
#ERR  p: [1974, 480], r: -inf, e: 1.6839992984128378e+34
#ERR  p: [1975, 480], r: inf, e: -8.0022734328479659e+33
#ERR  p: [1976, 480], r: -inf, e: -1.2314346643789356e+34
#ERR  p: [1977, 480], r: inf, e: -1.6571524641628675e+34
#ERR  p: [1978, 480], r: -inf, e: -4.3200740174152915e+33
#ERR  p: [1979, 480], r: inf, e: -2.3408433507934406e+34
#ERR  p: [1980, 480], r: inf, e: 1.7903045520243795e+34
#ERR  p: [1981, 480], r: inf, e: 3.9722960559467397e+34
#ERR  p: [1982, 480], r: -inf, e: 2.9843305253261698e+33
#ERR  p: [1983, 480], r: inf, e: 5.7420647920414257e+33
#SDC Ite:1 KerTime:2.7080994 AccTime:2.7080994 KerErr:192 AccErr:192
#IT 1 KerTime:2.6821019 AccTime:5.3902013
#ERR  p: [1552, 96], r: inf, e: -2.8548657656656733e+34
#ERR  p: [1553, 96], r: inf, e: -3.1151627135540609e+34
#ERR  p: [1554, 96], r: -inf, e: -2.0388280711691435e+34
#ERR  p: [1555, 96], r: -inf, e: -1.6842307932001841e+34
#ERR  p: [1556, 96], r: -inf, e: 3.3511957890844472e+34
#ERR  p: [1557, 96], r: -inf, e: -2.2583690619081621e+34
#ERR  p: [1558, 96], r: -inf, e: 5.5271534494613266e+33
#ERR  p: [1559, 96], r: inf, e: -2.0190170691324517e+34
#ERR  p: [1560, 96], r: -inf, e: -5.2304743103763691e+33
#ERR  p: [1561, 96], r: inf, e: -1.8180523590349416e+34
#ERR  p: [1562, 96], r: -inf, e: 8.0046069498220188e+33
#ERR  p: [1563, 96], r: -inf, e: 1.1879941104603723e+34
#ERR  p: [1564, 96], r: -inf, e: -4.3584303515925098e+34
#ERR  p: [1565, 96], r: inf, e: 5.0046530022300479e+33
#ERR  p: [1566, 96], r: -inf, e: -1.4737070815013242e+34
#ERR  p: [1567, 96], r: inf, e: -1.7093831351243806e+34
#ERR  p: [1792, 96], r: -inf, e: -3.6676418595406979e+32
#ERR  p: [1793, 96], r: -inf, e: -6.6065285344797309e+32
#ERR  p: [1794, 96], r: inf, e: -1.6064839497369287e+34
#ERR  p: [1795, 96], r: -inf, e: 6.5963387405313631e+34
#ERR  p: [1796, 96], r: inf, e: -2.6172357474846088e+34
#ERR  p: [1797, 96], r: -inf, e: 3.4500940760589327e+34
#ERR  p: [1798, 96], r: -inf, e: -2.3067022024499891e+34
#ERR  p: [1799, 96], r: -inf, e: -3.3376470305304845e+34
#ERR  p: [1800, 96], r: -inf, e: -4.8674727812747053e+34
#ERR  p: [1801, 96], r: inf, e: -8.9162804641135014e+33
#ERR  p: [1802, 96], r: -inf, e: -1.1876281753847596e+34
#ERR  p: [1803, 96], r: inf, e: -4.2889280649968910e+33
#ERR  p: [1804, 96], r: -inf, e: -4.8151143549011380e+34
#ERR  p: [1805, 96], r: -inf, e: 2.1066196484244738e+34
#ERR  p: [1806, 96], r: inf, e: -1.3756831515765860e+34
#ERR  p: [1807, 96], r: inf, e: -3.0069863135731394e+34
#ERR  p: [1968, 272], r: -inf, e: 2.8672971595401771e+34
#ERR  p: [1969, 272], r: -inf, e: 1.2090383483642002e+34
#ERR  p: [1970, 272], r: inf, e: -1.9069841145471444e+34
#ERR  p: [1971, 272], r: -inf, e: -3.4229626393939307e+34
#ERR  p: [1972, 272], r: inf, e: 1.0305729508926941e+34
#ERR  p: [1973, 272], r: inf, e: 5.1801333548848252e+34
#ERR  p: [1974, 272], r: inf, e: 1.7278357455559645e+34
#ERR  p: [1975, 272], r: -inf, e: 3.0339011107312664e+34
#ERR  p: [1976, 272], r: -inf, e: -1.3076554991557640e+34
#ERR  p: [1977, 272], r: -inf, e: -1.2916059779284408e+34
#ERR  p: [1978, 272], r: -inf, e: 3.8798885361862353e+34
#ERR  p: [1979, 272], r: inf, e: 2.6651682906297230e+34
#ERR  p: [1980, 272], r: -inf, e: 6.6895178683183540e+33
#ERR  p: [1981, 272], r: -inf, e: 2.8575483817308047e+34
#ERR  p: [1982, 272], r: -inf, e: 6.3616469730335425e+33
#ERR  p: [1983, 272], r: -inf, e: 2.2674498472723361e+34
#ERR  p: [112, 384], r: -inf, e: -3.4223458976663588e+34
#ERR  p: [113, 384], r: inf, e: 1.5577967583438661e+34
#ERR  p: [114, 384], r: -inf, e: -1.5101800137027736e+34
#ERR  p: [115, 384], r: inf, e: -1.3526591999619329e+34
#ERR  p: [116, 384], r: inf, e: 4.2251230260500714e+34
#ERR  p: [117, 384], r: -inf, e: -5.5932668751994016e+33
#ERR  p: [118, 384], r: inf, e: -1.6352183949588013e+34
#ERR  p: [119, 384], r: inf, e: 1.6853300839550696e+34
#ERR  p: [120, 384], r: -inf, e: -2.1900748809968819e+34
#ERR  p: [121, 384], r: inf, e: -2.4023263856085725e+34
#ERR  p: [122, 384], r: inf, e: 4.7085886241685996e+34
#ERR  p: [123, 384], r: -inf, e: 1.5574830643379112e+34
#ERR  p: [124, 384], r: -inf, e: -2.7932510140303613e+34
#ERR  p: [125, 384], r: -inf, e: -8.0559585595616353e+33
#ERR  p: [126, 384], r: -inf, e: 3.6470500887212288e+34
#ERR  p: [127, 384], r: inf, e: -1.3085744220469255e+34
#ERR  p: [240, 384], r: -inf, e: 4.2318079022622125e+34
#ERR  p: [241, 384], r: inf, e: 1.1596309234562814e+34
#ERR  p: [242, 384], r: inf, e: 1.0717223253865480e+34
#ERR  p: [243, 384], r: inf, e: 7.1479920567177928e+33
#ERR  p: [244, 384], r: inf, e: -2.6151248121296194e+34
#ERR  p: [245, 384], r: -inf, e: 1.0407535221877692e+34
#ERR  p: [246, 384], r: inf, e: -2.3673395075787822e+33
#ERR  p: [247, 384], r: inf, e: 2.1688054927484090e+33
#ERR  p: [248, 384], r: inf, e: -1.7807206678282399e+34
#ERR  p: [249, 384], r: inf, e: 1.1077555412860433e+34
#ERR  p: [250, 384], r: -inf, e: -3.3680374681429091e+34
#ERR  p: [251, 384], r: -inf, e: -1.2090715251572531e+34
#ERR  p: [252, 384], r: inf, e: -4.2419902066733426e+34
#ERR  p: [253, 384], r: -inf, e: 1.4326864527715559e+34
#ERR  p: [254, 384], r: -inf, e: 6.4332667560663589e+33
#ERR  p: [255, 384], r: inf, e: -4.6501905359313668e+34
#ERR  p: [592, 384], r: -inf, e: -8.1205202274604661e+33
#ERR  p: [593, 384], r: inf, e: -4.1199008461789005e+34
#ERR  p: [594, 384], r: inf, e: 3.4183173312935143e+33
#ERR  p: [595, 384], r: -inf, e: 6.9103471832562569e+33
#ERR  p: [596, 384], r: inf, e: -1.7111460855343269e+34
#ERR  p: [597, 384], r: -inf, e: -1.2467231000701061e+34
#ERR  p: [598, 384], r: inf, e: -4.6909771939937100e+34
#ERR  p: [599, 384], r: inf, e: 1.4416391113416639e+34
#ERR  p: [600, 384], r: inf, e: -1.0982699495290230e+34
#ERR  p: [601, 384], r: -inf, e: -2.8689879380458331e+34
#ERR  p: [602, 384], r: -inf, e: 3.2127762663557760e+33
#ERR  p: [603, 384], r: -inf, e: 1.1766171939113318e+34
#ERR  p: [604, 384], r: -inf, e: -2.1474922195255434e+34
#ERR  p: [605, 384], r: inf, e: -6.8759015016631412e+33
#ERR  p: [606, 384], r: -inf, e: -1.2850528185364797e+34
#ERR  p: [607, 384], r: -inf, e: -3.3737961176176569e+34
#SDC Ite:2 KerTime:2.6821019 AccTime:5.3902013 KerErr:96 AccErr:288
#IT 2 KerTime:2.6830831 AccTime:8.0732845
#ERR  p: [1648, 96], r: -inf, e: -3.5324700725050919e+34
#ERR  p: [1649, 96], r: -inf, e: 2.0491674701712589e+34
#ERR  p: [1650, 96], r: inf, e: -4.0132867265275572e+34
#ERR  p: [1651, 96], r: inf, e: 3.2643008163188807e+34
#ERR  p: [1652, 96], r: -inf, e: 1.1977742081527386e+34
#ERR  p: [1653, 96], r: -inf, e: 1.3142014784954972e+34
#ERR  p: [1654, 96], r: inf, e: 2.7532640652333964e+33
#ERR  p: [1655, 96], r: -inf, e: -1.8632689855278676e+34
#ERR  p: [1656, 96], r: -inf, e: -1.2530898256921508e+34
#ERR  p: [1657, 96], r: -inf, e: -2.1934044445265439e+34
#ERR  p: [1658, 96], r: inf, e: -3.5831107332801468e+34
#ERR  p: [1659, 96], r: inf, e: -4.0666253538242306e+34
#ERR  p: [1660, 96], r: -inf, e: 8.6205502060686562e+33
#ERR  p: [1661, 96], r: inf, e: 3.3517278557133321e+34
#ERR  p: [1662, 96], r: inf, e: -2.2477435749629678e+34
#ERR  p: [1663, 96], r: inf, e: -1.7678707264264537e+34
#SDC Ite:3 KerTime:2.6830831 AccTime:8.0732845 KerErr:16 AccErr:304
#IT 3 KerTime:2.7180629 AccTime:10.7913474
#ERR  p: [1056, 80], r: inf, e: -4.6209367748630139e+33
#ERR  p: [1057, 80], r: inf, e: 4.8556450069633570e+34
#ERR  p: [1058, 80], r: -inf, e: 9.2316964446630628e+33
#ERR  p: [1059, 80], r: -inf, e: 4.4608956389961921e+34
#ERR  p: [1060, 80], r: inf, e: -5.9704709189897748e+34
#ERR  p: [1061, 80], r: inf, e: -6.5077084234187263e+33
#ERR  p: [1062, 80], r: inf, e: -2.6774932216608483e+34
#ERR  p: [1063, 80], r: inf, e: 4.1649992493980748e+34
#ERR  p: [1064, 80], r: inf, e: 4.3593162214846224e+34
#ERR  p: [1065, 80], r: inf, e: -7.6869187303303492e+33
#ERR  p: [1066, 80], r: -inf, e: -2.4478261289884831e+34
#ERR  p: [1067, 80], r: inf, e: 2.5173389380744358e+34
#ERR  p: [1068, 80], r: inf, e: -3.5067813311618731e+34
#ERR  p: [1069, 80], r: -inf, e: -6.5324635103843160e+34
#ERR  p: [1070, 80], r: inf, e: -1.9612466164951365e+34
#ERR  p: [1071, 80], r: inf, e: -1.8365588198582345e+34
#ERR  p: [1152, 80], r: inf, e: -4.8868085381303154e+33
#ERR  p: [1153, 80], r: inf, e: 1.1701449957979400e+34
#ERR  p: [1154, 80], r: inf, e: 3.0562189413475111e+33
#ERR  p: [1155, 80], r: inf, e: -2.3630565445278647e+33
#ERR  p: [1156, 80], r: inf, e: -1.7143165737689407e+34
#ERR  p: [1157, 80], r: -inf, e: -2.8986086245418301e+34
#ERR  p: [1158, 80], r: inf, e: -7.1050002560634705e+33
#ERR  p: [1159, 80], r: inf, e: 2.7521736876467939e+34
#ERR  p: [1160, 80], r: -inf, e: -3.2759607259609018e+31
#ERR  p: [1161, 80], r: -inf, e: -1.8375599419680046e+34
#ERR  p: [1162, 80], r: inf, e: 2.6845150651516828e+34
#ERR  p: [1163, 80], r: -inf, e: -1.8694161005869431e+34
#ERR  p: [1164, 80], r: inf, e: -5.8615985491187670e+34
#ERR  p: [1165, 80], r: -inf, e: -3.1259726535651087e+34
#ERR  p: [1166, 80], r: inf, e: 6.6211678563113021e+34
#ERR  p: [1167, 80], r: inf, e: -1.0967485212207412e+34
#ERR  p: [1776, 80], r: inf, e: 2.6336518227575644e+34
#ERR  p: [1777, 80], r: inf, e: -5.5999177080604623e+33
#ERR  p: [1778, 80], r: inf, e: -6.5467191327007108e+34
#ERR  p: [1779, 80], r: inf, e: -2.8442755600115987e+33
#ERR  p: [1780, 80], r: -inf, e: 2.9594070785152372e+33
#ERR  p: [1781, 80], r: -inf, e: -3.7586706854794502e+34
#ERR  p: [1782, 80], r: -inf, e: -4.3764899160616206e+34
#ERR  p: [1783, 80], r: -inf, e: -7.4291071946588348e+33
#ERR  p: [1784, 80], r: inf, e: -4.1229793554685954e+34
#ERR  p: [1785, 80], r: -inf, e: 5.4007880893286879e+32
#ERR  p: [1786, 80], r: inf, e: -1.2678520130726211e+34
#ERR  p: [1787, 80], r: -inf, e: -1.1470705362296841e+34
#ERR  p: [1788, 80], r: -inf, e: 3.5345564966473035e+34
#ERR  p: [1789, 80], r: inf, e: -9.4078243637523902e+33
#ERR  p: [1790, 80], r: inf, e: 2.4602250888339576e+33
#ERR  p: [1791, 80], r: inf, e: 2.1712604825888168e+33
#ERR  p: [1520, 208], r: inf, e: -2.2694345436918194e+33
#ERR  p: [1521, 208], r: inf, e: 1.9534957501151669e+34
#ERR  p: [1522, 208], r: inf, e: 3.7335565959024676e+34
#ERR  p: [1523, 208], r: inf, e: 1.4727687229515458e+34
#ERR  p: [1524, 208], r: -inf, e: 6.9086654417128877e+33
#ERR  p: [1525, 208], r: inf, e: -1.2755526190869958e+34
#ERR  p: [1526, 208], r: -inf, e: 5.1594879812616551e+34
#ERR  p: [1527, 208], r: -inf, e: -1.2821608668107051e+34
#ERR  p: [1528, 208], r: -inf, e: 1.0704346201576833e+34
#ERR  p: [1529, 208], r: -inf, e: 4.9729130861807982e+34
#ERR  p: [1530, 208], r: inf, e: 1.7765988226734353e+34
#ERR  p: [1531, 208], r: inf, e: 8.2284667419760924e+33
#ERR  p: [1532, 208], r: -inf, e: 2.1546624920270883e+33
#ERR  p: [1533, 208], r: inf, e: 4.2556075471054818e+34
#ERR  p: [1534, 208], r: -inf, e: -2.3108136489084637e+34
#ERR  p: [1535, 208], r: -inf, e: 4.3721670294444361e+34
#ERR  p: [752, 416], r: inf, e: 6.0126939588797009e+33
#ERR  p: [753, 416], r: -inf, e: -2.2987437335254312e+34
#ERR  p: [754, 416], r: -inf, e: -7.4136638926687497e+34
#ERR  p: [755, 416], r: inf, e: -3.8833579869403365e+34
#ERR  p: [756, 416], r: -inf, e: 3.8607103690976262e+34
#ERR  p: [757, 416], r: inf, e: 2.2209468772845886e+34
#ERR  p: [758, 416], r: -inf, e: 1.8265973639501129e+34
#ERR  p: [759, 416], r: inf, e: -6.1257358345970258e+34
#ERR  p: [760, 416], r: -inf, e: -1.0011179007739535e+34
#ERR  p: [761, 416], r: -inf, e: -8.1091986468311817e+33
#ERR  p: [762, 416], r: -inf, e: 2.1090650751780781e+34
#ERR  p: [763, 416], r: -inf, e: -1.9851689411962990e+34
#ERR  p: [764, 416], r: inf, e: 3.8044589926825182e+33
#ERR  p: [765, 416], r: inf, e: 3.8828078463868781e+34
#ERR  p: [766, 416], r: inf, e: 3.3174492960255199e+34
#ERR  p: [767, 416], r: -inf, e: -1.2192204051873225e+34
#SDC Ite:4 KerTime:2.7180629 AccTime:10.7913474 KerErr:80 AccErr:384
#IT 4 KerTime:2.7297473 AccTime:13.5210947
#ERR  p: [240, 0], r: inf, e: 2.1216367276590329e+33
#ERR  p: [241, 0], r: inf, e: 1.8571799298566346e+34
#ERR  p: [242, 0], r: inf, e: 2.3264208541597502e+34
#ERR  p: [243, 0], r: -inf, e: -2.4519172732303134e+34
#ERR  p: [244, 0], r: -inf, e: -1.6075224576358852e+34
#ERR  p: [245, 0], r: inf, e: 1.9272171303432286e+34
#ERR  p: [246, 0], r: inf, e: -2.3618294055154220e+34
#ERR  p: [247, 0], r: inf, e: -2.5804808125422102e+34
#ERR  p: [248, 0], r: -inf, e: -1.9487939300519570e+34
#ERR  p: [249, 0], r: -inf, e: 3.0583172497140998e+34
#ERR  p: [250, 0], r: inf, e: -2.6620256560459932e+34
#ERR  p: [251, 0], r: -inf, e: -2.4560703144741080e+34
#ERR  p: [252, 0], r: inf, e: -1.7043918227829839e+33
#ERR  p: [253, 0], r: inf, e: 5.8548287502199310e+33
#ERR  p: [254, 0], r: inf, e: 6.9213995119269968e+33
#ERR  p: [255, 0], r: inf, e: -1.6036854624841202e+34
#ERR  p: [432, 0], r: inf, e: 3.2390106916683118e+34
#ERR  p: [433, 0], r: -inf, e: -2.2662849456953685e+34
#ERR  p: [434, 0], r: inf, e: 3.2298725277833169e+33
#ERR  p: [435, 0], r: inf, e: 1.6848669705863729e+34
#ERR  p: [436, 0], r: -inf, e: -1.3719221659432331e+34
#ERR  p: [437, 0], r: -inf, e: 2.4575533666411719e+34
#ERR  p: [438, 0], r: -inf, e: 2.4967834388981178e+34
#ERR  p: [439, 0], r: -inf, e: -1.3249111453633629e+34
#ERR  p: [440, 0], r: inf, e: -1.5068787990000113e+34
#ERR  p: [441, 0], r: -inf, e: 2.0243129766205145e+34
#ERR  p: [442, 0], r: -inf, e: -3.0955262610629084e+34
#ERR  p: [443, 0], r: -inf, e: 6.9640396138161582e+34
#ERR  p: [444, 0], r: -inf, e: 2.6604539673721165e+34
#ERR  p: [445, 0], r: inf, e: -3.6415046125212461e+34
#ERR  p: [446, 0], r: -inf, e: -3.7467109467599141e+34
#ERR  p: [447, 0], r: inf, e: -2.7371250409412329e+34
#ERR  p: [368, 224], r: -inf, e: -3.2417264845264961e+34
#ERR  p: [1550, 1296], r: 2.6490233242253710e+34, e: 3.4305522021867815e+34
#ERR  p: [369, 224], r: -inf, e: -4.9941393012704011e+34
#ERR  p: [370, 224], r: -inf, e: -1.0853228298341529e+34
#ERR  p: [371, 224], r: -inf, e: 4.2657378580349619e+34
#ERR  p: [372, 224], r: inf, e: -1.3489447608740571e+34
#ERR  p: [373, 224], r: -inf, e: 1.1128259270474493e+33
#ERR  p: [374, 224], r: -inf, e: 5.1039404356558827e+33
#ERR  p: [375, 224], r: inf, e: 3.4283171014458518e+32
#ERR  p: [376, 224], r: inf, e: 4.5064790671227584e+34
#ERR  p: [377, 224], r: -inf, e: -3.7917375494568098e+34
#ERR  p: [378, 224], r: -inf, e: -2.5950882574177698e+34
#ERR  p: [379, 224], r: -inf, e: 3.0577235336712586e+34
#ERR  p: [380, 224], r: -inf, e: 3.2700166330682691e+34
#ERR  p: [381, 224], r: inf, e: -5.4821215236222619e+33
#ERR  p: [382, 224], r: inf, e: -1.2588702629115900e+34
#ERR  p: [383, 224], r: -inf, e: 7.1677877082979975e+34
#ERR  p: [384, 224], r: -inf, e: 1.5585901541150441e+34
#ERR  p: [385, 224], r: inf, e: -7.8376076005823817e+33
#ERR  p: [386, 224], r: -inf, e: -2.0482646405006081e+34
#ERR  p: [387, 224], r: inf, e: -2.3696569003838235e+34
#ERR  p: [388, 224], r: -inf, e: 3.9022875756690571e+34
#ERR  p: [389, 224], r: -inf, e: -4.6048418212362490e+34
#ERR  p: [390, 224], r: -inf, e: -2.7062141733362927e+34
#ERR  p: [391, 224], r: inf, e: 2.4112596085200637e+34
#ERR  p: [392, 224], r: inf, e: -1.0312550558543403e+34
#ERR  p: [393, 224], r: -inf, e: -4.1753219981066618e+33
#ERR  p: [394, 224], r: -inf, e: -1.7406927432159746e+34
#ERR  p: [395, 224], r: -inf, e: 2.3203893627003439e+34
#ERR  p: [396, 224], r: inf, e: 2.8014422156823049e+34
#ERR  p: [397, 224], r: inf, e: -2.6184853241602635e+34
#ERR  p: [398, 224], r: inf, e: 3.2863405437052999e+33
#ERR  p: [399, 224], r: -inf, e: -4.4586657376034274e+33
#ERR  p: [96, 304], r: inf, e: -3.0602972110129329e+34
#ERR  p: [97, 304], r: -inf, e: 5.8741926083144329e+32
#ERR  p: [98, 304], r: inf, e: 4.6834515089068863e+34
#ERR  p: [99, 304], r: inf, e: 4.8182888664408794e+33
#ERR  p: [100, 304], r: inf, e: 1.3777294664615247e+34
#ERR  p: [101, 304], r: inf, e: 6.6667100610345602e+33
#ERR  p: [102, 304], r: inf, e: 1.9816275661259153e+34
#ERR  p: [103, 304], r: inf, e: -2.7307092928936325e+34
#ERR  p: [104, 304], r: -inf, e: -3.3495248176194198e+34
#ERR  p: [105, 304], r: -inf, e: 1.3681631610139430e+34
#ERR  p: [106, 304], r: -inf, e: 2.2018251602617709e+34
#ERR  p: [107, 304], r: inf, e: -4.4552531082971293e+34
#ERR  p: [108, 304], r: -inf, e: -7.2664401403806809e+34
#ERR  p: [109, 304], r: -inf, e: 3.8929359290242875e+34
#ERR  p: [110, 304], r: -inf, e: -4.8960434470293804e+34
#ERR  p: [111, 304], r: inf, e: 4.6996128161197570e+33
#SDC Ite:5 KerTime:2.7297473 AccTime:13.5210947 KerErr:81 AccErr:465
#IT 5 KerTime:2.6425764 AccTime:16.1636711
#ERR  p: [208, 32], r: -inf, e: 5.1422707111952740e+34
#ERR  p: [209, 32], r: inf, e: -2.9189078701300160e+34
#ERR  p: [210, 32], r: inf, e: -4.8573610394458144e+33
#ERR  p: [211, 32], r: -inf, e: -5.6993001533843123e+33
#ERR  p: [212, 32], r: -inf, e: 1.6964730298366851e+32
#ERR  p: [213, 32], r: -inf, e: 2.4634372956478953e+34
#ERR  p: [214, 32], r: inf, e: 7.1760344934577049e+33
#ERR  p: [215, 32], r: inf, e: 2.8300641321546064e+34
#ERR  p: [216, 32], r: inf, e: -5.1462488934085195e+33
#ERR  p: [217, 32], r: inf, e: -1.1743833311104414e+34
#ERR  p: [218, 32], r: -inf, e: -8.5781328095925623e+33
#ERR  p: [219, 32], r: -inf, e: -5.5336885349287141e+34
#ERR  p: [220, 32], r: inf, e: 3.8959074802945881e+34
#ERR  p: [221, 32], r: -inf, e: 2.1006040025975704e+34
#ERR  p: [222, 32], r: inf, e: 1.3637804818928610e+34
#ERR  p: [223, 32], r: inf, e: -1.1350777445110991e+34
#ERR  p: [560, 48], r: inf, e: -2.4613362638132202e+34
#ERR  p: [561, 48], r: inf, e: 1.6750004646792645e+34
#ERR  p: [562, 48], r: -inf, e: -3.1311435291092038e+34
#ERR  p: [563, 48], r: -inf, e: -1.4781459631001898e+34
#ERR  p: [564, 48], r: inf, e: 2.6925052253412464e+34
#ERR  p: [565, 48], r: -inf, e: -1.6162881872600610e+34
#ERR  p: [566, 48], r: inf, e: -1.5289917505397542e+34
#ERR  p: [567, 48], r: inf, e: 1.7253583799493466e+34
#ERR  p: [568, 48], r: -inf, e: 3.7300443124230072e+34
#ERR  p: [569, 48], r: inf, e: -1.8585731075768464e+34
#ERR  p: [570, 48], r: -inf, e: 1.2351333816283125e+34
#ERR  p: [571, 48], r: inf, e: 1.4841632182491442e+34
#ERR  p: [572, 48], r: -inf, e: 4.1375429772667644e+34
#ERR  p: [573, 48], r: inf, e: 7.5800708875995887e+32
#ERR  p: [574, 48], r: -inf, e: -2.1652898358823415e+34
#ERR  p: [575, 48], r: -inf, e: 4.2782331296154928e+34
#ERR  p: [1392, 48], r: -inf, e: -1.3200223963542210e+34
#ERR  p: [1393, 48], r: -inf, e: 1.4370244422572198e+34
#ERR  p: [1394, 48], r: inf, e: -3.0749041607124768e+34
#ERR  p: [1395, 48], r: -inf, e: 2.8725591474711635e+34
#ERR  p: [1396, 48], r: inf, e: 1.8356192233684169e+34
#ERR  p: [1397, 48], r: -inf, e: -1.6166843280726324e+34
#ERR  p: [1398, 48], r: -inf, e: 4.7357699498171847e+33
#ERR  p: [1399, 48], r: inf, e: -1.9339643987333496e+33
#ERR  p: [1400, 48], r: inf, e: 3.5943623702972116e+34
#ERR  p: [1401, 48], r: -inf, e: 7.9185862103121956e+33
#ERR  p: [1402, 48], r: -inf, e: -3.6218727404082388e+33
#ERR  p: [1403, 48], r: -inf, e: -3.4176085487240215e+34
#ERR  p: [1404, 48], r: -inf, e: 3.1067863160722403e+34
#ERR  p: [1405, 48], r: inf, e: 2.5023631750886878e+33
#ERR  p: [1406, 48], r: -inf, e: 1.2255949298316147e+34
#ERR  p: [1407, 48], r: -inf, e: 1.3281836398572138e+34
#ERR  p: [1472, 48], r: -inf, e: -1.8054720409737118e+34
#ERR  p: [1473, 48], r: -inf, e: 2.8626085854353876e+34
#ERR  p: [1474, 48], r: inf, e: -4.8112603999708347e+34
#ERR  p: [1475, 48], r: -inf, e: 1.0318120669750168e+34
#ERR  p: [1476, 48], r: -inf, e: -2.9262337516944990e+34
#ERR  p: [1477, 48], r: -inf, e: -2.4020644374962598e+34
#ERR  p: [1478, 48], r: inf, e: -7.1778022718338044e+32
#ERR  p: [1479, 48], r: -inf, e: -1.1069685828030695e+34
#ERR  p: [1480, 48], r: inf, e: -1.5118945606571839e+34
#ERR  p: [1481, 48], r: inf, e: -4.3824765940916047e+34
#ERR  p: [1482, 48], r: inf, e: 4.9423047711214594e+33
#ERR  p: [1483, 48], r: inf, e: -1.2295059537977290e+34
#ERR  p: [1484, 48], r: inf, e: 6.1695174409964122e+33
#ERR  p: [1485, 48], r: inf, e: -5.9717435213501602e+33
#ERR  p: [1486, 48], r: inf, e: 2.5708424589843421e+34
#ERR  p: [1487, 48], r: -inf, e: 2.7393632365322609e+33
#ERR  p: [1456, 80], r: -inf, e: -1.9200804060167484e+34
#ERR  p: [1457, 80], r: inf, e: -1.5655311601213133e+34
#ERR  p: [1458, 80], r: inf, e: -2.4546105355797827e+34
#ERR  p: [1459, 80], r: inf, e: 8.8829736873565283e+33
#ERR  p: [1460, 80], r: inf, e: -1.5830970341027571e+34
#ERR  p: [1461, 80], r: inf, e: -5.9873855127165506e+33
#ERR  p: [1462, 80], r: inf, e: -5.2864192966317540e+33
#ERR  p: [1463, 80], r: -inf, e: 3.3497456661224283e+34
#ERR  p: [1464, 80], r: inf, e: 8.2224522102952243e+33
#ERR  p: [1465, 80], r: inf, e: -5.6868997080107906e+33
#ERR  p: [1466, 80], r: inf, e: 3.3754809540111243e+34
#ERR  p: [1467, 80], r: -inf, e: -1.0580881489698745e+34
#ERR  p: [1468, 80], r: inf, e: -1.5463804753015763e+34
#ERR  p: [1469, 80], r: inf, e: 3.0862778586174151e+34
#ERR  p: [1470, 80], r: inf, e: -4.1176537374195897e+34
#ERR  p: [1471, 80], r: inf, e: -6.1408188960356788e+33
#ERR  p: [1472, 80], r: -inf, e: 4.0992109686113181e+33
#ERR  p: [1473, 80], r: inf, e: 7.4329503795107963e+33
#ERR  p: [1474, 80], r: -inf, e: 1.8151795953797760e+34
#ERR  p: [1475, 80], r: -inf, e: -1.3724883997172022e+34
#ERR  p: [1476, 80], r: -inf, e: -8.3658199031549232e+33
#ERR  p: [1477, 80], r: -inf, e: 1.9412403913142494e+34
#ERR  p: [1478, 80], r: inf, e: 2.2369427957082107e+34
#ERR  p: [1479, 80], r: inf, e: 1.3652148830163809e+34
#ERR  p: [1480, 80], r: inf, e: -2.9433341602211716e+34
#ERR  p: [1481, 80], r: -inf, e: -2.4233126879185619e+34
#ERR  p: [1482, 80], r: -inf, e: 3.3839598529281977e+34
#ERR  p: [1483, 80], r: inf, e: -1.4452789026451708e+34
#ERR  p: [1484, 80], r: -inf, e: 1.2247996771503777e+34
#ERR  p: [1485, 80], r: inf, e: -1.8076042688973769e+34
#ERR  p: [1486, 80], r: -inf, e: 1.9988060886690668e+34
#ERR  p: [1487, 80], r: -inf, e: 1.1657139132213219e+34
#ERR  p: [1728, 96], r: -inf, e: 4.6719589687581766e+34
#ERR  p: [1729, 96], r: -inf, e: 2.9984470031821488e+34
#ERR  p: [1730, 96], r: inf, e: -2.1505670149951205e+34
#ERR  p: [1731, 96], r: -inf, e: -3.1948843189679844e+34
#ERR  p: [1732, 96], r: inf, e: -1.5487822027717939e+34
#ERR  p: [1733, 96], r: -inf, e: -8.7464858462651580e+33
#ERR  p: [1734, 96], r: inf, e: -1.6607241687642137e+34
#ERR  p: [1735, 96], r: -inf, e: 1.4879473533612317e+34
#ERR  p: [1736, 96], r: -inf, e: 3.0218438223366347e+34
#ERR  p: [1737, 96], r: -inf, e: 2.4674298998625985e+34
#ERR  p: [1738, 96], r: inf, e: -5.1631686245864583e+34
#ERR  p: [1739, 96], r: inf, e: -2.1985307542292247e+34
#ERR  p: [1740, 96], r: inf, e: -3.0284271874655543e+34
#ERR  p: [1741, 96], r: inf, e: -4.9514699839963126e+34
#ERR  p: [1742, 96], r: -inf, e: -4.3132906011760234e+34
#ERR  p: [1705, 1524], r: -1.9604185584028586e+34, e: 6.8523831167967976e+33
#ERR  p: [1743, 96], r: inf, e: -3.4643432610871231e+34
#ERR  p: [1296, 368], r: inf, e: -3.0881438675356320e+33
#ERR  p: [1297, 368], r: inf, e: -2.0822886797163432e+34
#ERR  p: [1298, 368], r: inf, e: -1.5769635363841138e+34
#ERR  p: [1299, 368], r: -inf, e: 1.0916238827371135e+33
#ERR  p: [1300, 368], r: -inf, e: -3.1906790366545320e+34
#ERR  p: [1301, 368], r: inf, e: -2.3763744582130017e+34
#ERR  p: [1302, 368], r: -inf, e: -3.1324420044164102e+33
#ERR  p: [1303, 368], r: inf, e: -3.6528991078188444e+34
#ERR  p: [1304, 368], r: inf, e: 2.3810890290586161e+34
#ERR  p: [1305, 368], r: inf, e: -1.0608065415021413e+34
#ERR  p: [1306, 368], r: inf, e: 1.0721464436440072e+34
#ERR  p: [1307, 368], r: -inf, e: -4.9599389174960698e+33
#ERR  p: [1308, 368], r: inf, e: 9.9859436000387021e+33
#ERR  p: [1309, 368], r: inf, e: 1.6981500672079050e+34
#ERR  p: [1310, 368], r: -inf, e: -5.5797493127344288e+34
#ERR  p: [1311, 368], r: inf, e: -4.5002061773556915e+34
#ERR  p: [656, 496], r: inf, e: -3.1158420950476207e+34
#ERR  p: [657, 496], r: -inf, e: -1.8504594009713622e+34
#ERR  p: [658, 496], r: -inf, e: 1.4376942916124771e+34
#ERR  p: [659, 496], r: -inf, e: -1.2276067216637078e+33
#ERR  p: [660, 496], r: -inf, e: -1.5072505523938087e+34
#ERR  p: [661, 496], r: -inf, e: 1.2123542171821776e+33
#ERR  p: [662, 496], r: inf, e: -2.8362169417378626e+34
#ERR  p: [663, 496], r: inf, e: -6.6167300888584719e+34
#ERR  p: [664, 496], r: -inf, e: -4.1739416330658567e+34
#ERR  p: [665, 496], r: -inf, e: -1.0343296656329115e+34
#ERR  p: [666, 496], r: inf, e: -7.7991974160134546e+33
#ERR  p: [667, 496], r: inf, e: 2.0762847943198130e+34
#ERR  p: [668, 496], r: -inf, e: -2.1023049322115485e+34
#ERR  p: [669, 496], r: -inf, e: 1.0000225095301918e+34
#ERR  p: [670, 496], r: -inf, e: -2.3018583906642732e+34
#ERR  p: [671, 496], r: inf, e: -2.9660070320406833e+34
#SDC Ite:6 KerTime:2.6425764 AccTime:16.1636711 KerErr:145 AccErr:610
#IT 6 KerTime:2.6501632 AccTime:18.8138344
#ERR  p: [560, 96], r: inf, e: -5.8710668097152373e+33
#ERR  p: [561, 96], r: inf, e: -3.3355353524114715e+34
#ERR  p: [562, 96], r: -inf, e: -2.6498359080671579e+34
#ERR  p: [563, 96], r: -inf, e: -3.5498153455715351e+33
#ERR  p: [564, 96], r: inf, e: -4.2658231521036687e+33
#ERR  p: [565, 96], r: inf, e: 3.8948799900619813e+33
#ERR  p: [566, 96], r: inf, e: -5.8872669882453415e+34
#ERR  p: [567, 96], r: -inf, e: 1.8192987170664941e+34
#ERR  p: [568, 96], r: inf, e: 6.7833048246646341e+33
#ERR  p: [569, 96], r: -inf, e: 1.8576396698387242e+33
#ERR  p: [570, 96], r: -inf, e: 2.3270566601639271e+34
#ERR  p: [571, 96], r: -inf, e: -1.3925812807008393e+34
#ERR  p: [572, 96], r: -inf, e: 1.5797283516678538e+34
#ERR  p: [573, 96], r: -inf, e: 1.7352929725586157e+34
#ERR  p: [574, 96], r: -inf, e: -2.4341164382294132e+34
#ERR  p: [575, 96], r: -inf, e: 9.7175637702518084e+33
#ERR  p: [960, 96], r: inf, e: -2.3237421995027445e+34
#ERR  p: [961, 96], r: inf, e: 1.0654047459840629e+34
#ERR  p: [962, 96], r: -inf, e: -3.9406060288810732e+34
#ERR  p: [963, 96], r: -inf, e: 2.1439479971930694e+34
#ERR  p: [964, 96], r: -inf, e: -9.9044017275910134e+33
#ERR  p: [965, 96], r: inf, e: 5.3471958390664658e+34
#ERR  p: [966, 96], r: -inf, e: 2.6406295955830004e+34
#ERR  p: [967, 96], r: -inf, e: 1.6401028111778057e+34
#ERR  p: [968, 96], r: -inf, e: 8.2602910855360213e+32
#ERR  p: [969, 96], r: inf, e: -7.9961487245036015e+32
#ERR  p: [970, 96], r: -inf, e: 1.0484562327002107e+34
#ERR  p: [971, 96], r: inf, e: 2.0880295028545252e+34
#ERR  p: [972, 96], r: inf, e: 1.4147158961912697e+34
#ERR  p: [973, 96], r: inf, e: -4.1537562779612850e+34
#ERR  p: [974, 96], r: inf, e: -2.1133193799170862e+34
#ERR  p: [975, 96], r: -inf, e: -4.6731487529299338e+33
#ERR  p: [1569, 272], r: inf, e: -5.2977237936884963e+34
#ERR  p: [1570, 272], r: inf, e: 1.8605567826957973e+34
#ERR  p: [1571, 272], r: inf, e: 8.9458579465021274e+33
#ERR  p: [1572, 272], r: inf, e: -2.1323338913325018e+34
#ERR  p: [1573, 272], r: inf, e: 6.1241197038757387e+33
#ERR  p: [1574, 272], r: -inf, e: -1.6878859349601782e+34
#ERR  p: [1575, 272], r: -inf, e: -3.5496762011111194e+34
#ERR  p: [1577, 272], r: -inf, e: -2.7405510399999552e+33
#ERR  p: [1582, 272], r: inf, e: -3.0894477278820093e+34
#ERR  p: [1583, 272], r: inf, e: 2.6775965277571267e+33
#SDC Ite:7 KerTime:2.6501632 AccTime:18.8138344 KerErr:42 AccErr:652
#IT 7 KerTime:2.6717387 AccTime:21.4855730
#ERR  p: [752, 96], r: -inf, e: -3.9985775229807683e+34
#ERR  p: [753, 96], r: inf, e: 2.0790564182737690e+34
#ERR  p: [754, 96], r: -inf, e: 3.8724646097706409e+34
#ERR  p: [755, 96], r: -inf, e: 9.0881480125576283e+33
#ERR  p: [756, 96], r: -inf, e: 1.0031863747855954e+34
#ERR  p: [757, 96], r: inf, e: 5.0615555351058200e+33
#ERR  p: [758, 96], r: inf, e: -4.0247866943165026e+34
#ERR  p: [759, 96], r: -inf, e: -9.4614222156932901e+33
#ERR  p: [760, 96], r: inf, e: -2.6179272607905537e+34
#ERR  p: [761, 96], r: -inf, e: 8.3778149231655789e+33
#ERR  p: [762, 96], r: -inf, e: 2.0960345183245602e+34
#ERR  p: [763, 96], r: inf, e: -2.1121435844677730e+34
#ERR  p: [764, 96], r: -inf, e: -2.4477776017389431e+34
#ERR  p: [765, 96], r: -inf, e: -3.8598081583969950e+34
#ERR  p: [766, 96], r: inf, e: 1.4349265052726428e+34
#ERR  p: [767, 96], r: -inf, e: -3.7522658932011974e+31
#ERR  p: [48, 320], r: inf, e: -2.7755351017161561e+34
#ERR  p: [49, 320], r: -inf, e: 7.1079654938395708e+34
#ERR  p: [50, 320], r: -inf, e: -2.2675881561232252e+32
#ERR  p: [51, 320], r: -inf, e: -4.2684682585856097e+34
#ERR  p: [52, 320], r: inf, e: 2.3413047000975812e+33
#ERR  p: [53, 320], r: inf, e: 2.1657253431881621e+33
#ERR  p: [54, 320], r: -inf, e: -2.5080417607913947e+34
#ERR  p: [55, 320], r: inf, e: -5.1541356237078008e+34
#ERR  p: [56, 320], r: inf, e: -1.1103345417698865e+34
#ERR  p: [57, 320], r: inf, e: 4.4461780174571361e+34
#ERR  p: [58, 320], r: inf, e: -8.2508784084473149e+33
#ERR  p: [59, 320], r: -inf, e: -8.1492335039076670e+34
#ERR  p: [60, 320], r: inf, e: -1.6940074246604404e+34
#ERR  p: [61, 320], r: -inf, e: -2.6716132540622506e+34
#ERR  p: [62, 320], r: -inf, e: 4.3747891102416464e+33
#ERR  p: [63, 320], r: inf, e: 1.3178787793821944e+34
#ERR  p: [432, 320], r: -inf, e: 4.4606829608974429e+33
#ERR  p: [433, 320], r: inf, e: -1.0969602089674590e+34
#ERR  p: [434, 320], r: -inf, e: 2.6781619568700703e+34
#ERR  p: [435, 320], r: inf, e: 1.5530019689837060e+34
#ERR  p: [436, 320], r: inf, e: -3.9243848053703012e+34
#ERR  p: [437, 320], r: -inf, e: 1.2267323491397101e+34
#ERR  p: [438, 320], r: inf, e: 4.1828968913100471e+34
#ERR  p: [439, 320], r: inf, e: -2.3781729375020755e+34
#ERR  p: [440, 320], r: inf, e: -6.7834150013281305e+33
#ERR  p: [441, 320], r: inf, e: 6.1028757243465721e+32
#ERR  p: [442, 320], r: inf, e: -1.2328764931426913e+34
#ERR  p: [443, 320], r: inf, e: -1.7568823992557449e+34
#ERR  p: [444, 320], r: -inf, e: -1.6778282911110041e+34
#ERR  p: [445, 320], r: inf, e: 1.5654576264829798e+34
#ERR  p: [446, 320], r: inf, e: 2.6294245051114127e+34
#ERR  p: [447, 320], r: inf, e: 2.7760894512657481e+34
#ERR  p: [464, 320], r: -inf, e: -3.4197152750828773e+34
#ERR  p: [465, 320], r: -inf, e: -6.2736684313515894e+33
#ERR  p: [466, 320], r: inf, e: -5.9105731901889517e+33
#ERR  p: [467, 320], r: -inf, e: -1.7360824069216680e+34
#ERR  p: [468, 320], r: inf, e: 3.4541002976140680e+33
#ERR  p: [469, 320], r: inf, e: 2.2695016090934477e+34
#ERR  p: [470, 320], r: inf, e: 1.8120265620997161e+34
#ERR  p: [471, 320], r: inf, e: 1.4132191028897698e+34
#ERR  p: [472, 320], r: -inf, e: -1.0655355343492134e+33
#ERR  p: [473, 320], r: -inf, e: 2.6970657964459737e+34
#ERR  p: [474, 320], r: inf, e: 1.8061690012158295e+34
#ERR  p: [475, 320], r: inf, e: 2.1755397318196166e+33
#ERR  p: [476, 320], r: inf, e: 2.0276499677904122e+34
#ERR  p: [477, 320], r: inf, e: 1.3878897045914545e+33
#ERR  p: [478, 320], r: -inf, e: 3.6834806833733347e+34
#ERR  p: [479, 320], r: inf, e: -6.3363728178094804e+34
#ERR  p: [1696, 384], r: -inf, e: 6.8797304502046509e+33
#ERR  p: [1697, 384], r: -inf, e: 6.7161775260343843e+33
#ERR  p: [1698, 384], r: inf, e: 9.2696727312482204e+33
#ERR  p: [1699, 384], r: inf, e: -2.1834162491135737e+34
#ERR  p: [1700, 384], r: inf, e: -5.2374697857443669e+34
#ERR  p: [1701, 384], r: inf, e: -2.1821661772619034e+34
#ERR  p: [1702, 384], r: inf, e: 1.4989553637785652e+34
#ERR  p: [1703, 384], r: inf, e: 2.8824403848647394e+34
#ERR  p: [1704, 384], r: -inf, e: -3.2658561641842388e+34
#ERR  p: [1705, 384], r: inf, e: 3.3649832224779842e+34
#ERR  p: [1706, 384], r: inf, e: -4.6440800638974541e+33
#ERR  p: [1707, 384], r: -inf, e: -3.7966546472928513e+34
#ERR  p: [1708, 384], r: -inf, e: -1.8670049957209280e+33
#ERR  p: [1709, 384], r: -inf, e: 3.1616238411684805e+34
#ERR  p: [1710, 384], r: inf, e: 1.2576040978394089e+34
#ERR  p: [1711, 384], r: inf, e: -1.7434763751883117e+33
#ERR  p: [768, 416], r: -inf, e: 1.5206813352620276e+34
#ERR  p: [769, 416], r: -inf, e: 5.4082957314394390e+33
#ERR  p: [770, 416], r: -inf, e: 2.2827047347884420e+34
#ERR  p: [771, 416], r: inf, e: 1.1120982349438564e+34
#ERR  p: [772, 416], r: inf, e: -9.4698321613501753e+33
#ERR  p: [773, 416], r: -inf, e: 3.1029459784823692e+34
#ERR  p: [774, 416], r: inf, e: 3.4832669077036552e+34
#ERR  p: [775, 416], r: inf, e: 1.2073975826361314e+34
#ERR  p: [776, 416], r: -inf, e: -3.8891433759199328e+33
#ERR  p: [777, 416], r: inf, e: 1.6065514174690697e+34
#ERR  p: [778, 416], r: -inf, e: 7.5125963467883194e+33
#ERR  p: [779, 416], r: -inf, e: -1.7329234315294196e+34
#ERR  p: [780, 416], r: inf, e: -4.3128276116013306e+34
#ERR  p: [781, 416], r: -inf, e: 1.4159998876000165e+34
#ERR  p: [782, 416], r: -inf, e: -1.3111951411100927e+31
#ERR  p: [783, 416], r: -inf, e: -2.2330005756531064e+33
#ERR  p: [352, 480], r: inf, e: -2.6675253284645224e+34
#ERR  p: [353, 480], r: -inf, e: 1.3513807792833629e+34
#ERR  p: [354, 480], r: inf, e: -1.8855594576692441e+34
#ERR  p: [355, 480], r: inf, e: 1.4731519891877086e+34
#ERR  p: [356, 480], r: inf, e: -3.2067725047532498e+34
#ERR  p: [357, 480], r: -inf, e: -3.9543360218567874e+34
#ERR  p: [358, 480], r: inf, e: 1.2605269980661656e+34
#ERR  p: [359, 480], r: -inf, e: -1.4931459587622068e+34
#ERR  p: [360, 480], r: -inf, e: -3.1092503119264339e+34
#ERR  p: [361, 480], r: inf, e: 3.5243809390093875e+33
#ERR  p: [362, 480], r: inf, e: 1.1303299349754298e+33
#ERR  p: [363, 480], r: inf, e: -3.1814888173908852e+34
#ERR  p: [364, 480], r: inf, e: 1.4280799540913711e+34
#ERR  p: [365, 480], r: inf, e: 4.5163172242029672e+34
#ERR  p: [366, 480], r: inf, e: 1.5831908699577350e+34
#ERR  p: [367, 480], r: inf, e: -4.3082086097267490e+34
#SDC Ite:8 KerTime:2.6717387 AccTime:21.4855730 KerErr:112 AccErr:764
