#HEADER matrix_dim:2048 threads:4 block_size:16 block_offset:12 precision:Float
#BEGIN Y:2023 M:10 D:20 Time:11:29:36
#IT 0 KerTime:2.6514304 AccTime:2.6514304
#IT 1 KerTime:2.7078967 AccTime:5.3593271
#IT 2 KerTime:2.6391407 AccTime:7.9984678
#IT 3 KerTime:2.6429489 AccTime:10.6414167
#IT 4 KerTime:2.6299089 AccTime:13.2713256
#IT 5 KerTime:2.6294660 AccTime:15.9007915
#IT 6 KerTime:2.6208908 AccTime:18.5216823
#IT 7 KerTime:2.6271815 AccTime:21.1488638
#IT 8 KerTime:2.6065478 AccTime:23.7554116
#IT 9 KerTime:2.5896072 AccTime:26.3450187
#IT 10 KerTime:2.6742422 AccTime:29.0192609
#IT 11 KerTime:2.6578488 AccTime:31.6771098
#IT 12 KerTime:2.6680425 AccTime:34.3451522
#ERR  p: [1750, 1238], r: -2.1821837560104612e+34, e: -1.7032964315392222e+34
#SDC Ite:13 KerTime:2.6680425 AccTime:34.3451522 KerErr:1 AccErr:1
#IT 13 KerTime:2.5879094 AccTime:36.9330617
#IT 14 KerTime:2.6617104 AccTime:39.5947721
#IT 15 KerTime:2.6940506 AccTime:42.2888227
#IT 16 KerTime:2.6692973 AccTime:44.9581200
#IT 17 KerTime:2.6476022 AccTime:47.6057222
#IT 18 KerTime:2.6547535 AccTime:50.2604757
#IT 19 KerTime:2.6424088 AccTime:52.9028845
#IT 20 KerTime:2.6494626 AccTime:55.5523472
#IT 21 KerTime:2.6836206 AccTime:58.2359677
#IT 22 KerTime:2.6389136 AccTime:60.8748813
#IT 23 KerTime:2.6340177 AccTime:63.5088990
#IT 24 KerTime:2.6302362 AccTime:66.1391352
#IT 25 KerTime:2.6187281 AccTime:68.7578633
#IT 26 KerTime:2.5883154 AccTime:71.3461787
