#HEADER matrix_dim:2048 threads:4 block_size:16 block_offset:12 precision:Float
#BEGIN Y:2023 M:10 D:17 Time:22:28:57
#IT 0 KerTime:2.6403014 AccTime:2.6403014
#IT 1 KerTime:2.7095702 AccTime:5.3498716
#IT 2 KerTime:2.6327584 AccTime:7.9826300
#IT 3 KerTime:2.7117847 AccTime:10.6944146
#IT 4 KerTime:2.6299653 AccTime:13.3243799
#IT 5 KerTime:2.6502356 AccTime:15.9746156
#IT 6 KerTime:2.6267439 AccTime:18.6013595
#IT 7 KerTime:2.6372385 AccTime:21.2385979
#IT 8 KerTime:2.6471779 AccTime:23.8857758
#IT 9 KerTime:2.6216748 AccTime:26.5074506
#IT 10 KerTime:2.6178377 AccTime:29.1252883
#IT 11 KerTime:2.5951421 AccTime:31.7204304
#IT 12 KerTime:2.6978752 AccTime:34.4183056
#IT 13 KerTime:2.6440494 AccTime:37.0623550
#IT 14 KerTime:2.6872321 AccTime:39.7495871
#IT 15 KerTime:2.6391659 AccTime:42.3887531
#IT 16 KerTime:2.6460266 AccTime:45.0347797
#IT 17 KerTime:2.6328407 AccTime:47.6676204
#IT 18 KerTime:2.6591422 AccTime:50.3267626
#IT 19 KerTime:2.6265892 AccTime:52.9533518
#IT 20 KerTime:2.6345726 AccTime:55.5879244
#IT 21 KerTime:2.6215421 AccTime:58.2094665
#IT 22 KerTime:2.6612743 AccTime:60.8707408
#IT 23 KerTime:2.5965462 AccTime:63.4672870
#IT 24 KerTime:2.5924472 AccTime:66.0597342
#IT 25 KerTime:2.7231512 AccTime:68.7828854
#IT 26 KerTime:2.6787060 AccTime:71.4615914
#IT 27 KerTime:2.6917686 AccTime:74.1533600
#IT 28 KerTime:2.6407245 AccTime:76.7940846
#IT 29 KerTime:2.6425813 AccTime:79.4366659
#IT 30 KerTime:2.6516383 AccTime:82.0883042
#IT 31 KerTime:2.6349116 AccTime:84.7232158
#IT 32 KerTime:2.6721926 AccTime:87.3954084
#IT 33 KerTime:2.6363466 AccTime:90.0317550
#IT 34 KerTime:2.6726313 AccTime:92.7043863
#IT 35 KerTime:2.6237007 AccTime:95.3280870
#IT 36 KerTime:2.6451749 AccTime:97.9732619
#IT 37 KerTime:2.5943362 AccTime:100.5675980
#IT 38 KerTime:2.6074379 AccTime:103.1750360
#IT 39 KerTime:2.6404872 AccTime:105.8155231
#IT 40 KerTime:2.6974605 AccTime:108.5129836
#IT 41 KerTime:2.7048635 AccTime:111.2178471
#IT 42 KerTime:2.6820168 AccTime:113.8998639
#IT 43 KerTime:2.6410413 AccTime:116.5409052
#IT 44 KerTime:2.6719977 AccTime:119.2129029
#IT 45 KerTime:2.6347420 AccTime:121.8476449
#IT 46 KerTime:2.6719367 AccTime:124.5195816
#IT 47 KerTime:2.6247718 AccTime:127.1443534
#IT 48 KerTime:2.6641039 AccTime:129.8084572
#ERR  p: [1894, 1691], r: -2.4216835588268623e+34, e: -2.3406965311047813e+34
#ERR  p: [1895, 1691], r: -2.3258855688867632e+34, e: -2.6419462686087843e+34
#SDC Ite:49 KerTime:2.6641039 AccTime:129.8084572 KerErr:2 AccErr:2
#IT 49 KerTime:2.6340187 AccTime:132.4424760
#IT 50 KerTime:2.6675488 AccTime:135.1100247
#IT 51 KerTime:2.6307954 AccTime:137.7408201
#IT 52 KerTime:2.6168087 AccTime:140.3576288
#IT 53 KerTime:2.6288613 AccTime:142.9864901
#IT 54 KerTime:2.5913443 AccTime:145.5778345
#IT 55 KerTime:2.5957566 AccTime:148.1735910
#IT 56 KerTime:2.6645228 AccTime:150.8381139
#IT 57 KerTime:2.6627052 AccTime:153.5008191
#IT 58 KerTime:2.6884525 AccTime:156.1892716
#IT 59 KerTime:2.6806904 AccTime:158.8699620
#IT 60 KerTime:2.6316994 AccTime:161.5016614
#IT 61 KerTime:2.6596586 AccTime:164.1613200
#IT 62 KerTime:2.6284587 AccTime:166.7897787
