#HEADER matrix_dim:2048 threads:4 block_size:16 block_offset:12 precision:Float
#BEGIN Y:2023 M:10 D:25 Time:23:32:06
#IT 0 KerTime:2.6383178 AccTime:2.6383178
#IT 1 KerTime:2.6615464 AccTime:5.2998643
#ERR  p: [1313, 1778], r: 2.2769027574123192e+34, e: 2.1989098114692539e+34
#ERR  p: [1186, 1840], r: 6.4858296901344161e+33, e: 4.9917914241918924e+33
#SDC Ite:2 KerTime:2.6615464 AccTime:5.2998643 KerErr:2 AccErr:2
#IT 2 KerTime:2.6570656 AccTime:7.9569298
#IT 3 KerTime:2.6438849 AccTime:10.6008148
#ERR  p: [1766, 1789], r: 3.1763332923032773e+34, e: 3.3011726128009879e+34
#ERR  p: [1767, 1789], r: -1.8664779736977032e+34, e: -1.9254997361267280e+34
#ERR  p: [2008, 1977], r: -2.0804508339340201e+34, e: -2.2846757829189921e+34
#ERR  p: [2009, 1977], r: 2.7183846094505151e+34, e: 2.6575695670805815e+34
#SDC Ite:4 KerTime:2.6438849 AccTime:10.6008148 KerErr:4 AccErr:6
#IT 4 KerTime:2.6493375 AccTime:13.2501522
#ERR  p: [444, 1008], r: 7.0869671835112004e+33, e: 1.0187573702907328e+34
#SDC Ite:5 KerTime:2.6493375 AccTime:13.2501522 KerErr:1 AccErr:7
#IT 5 KerTime:2.6231611 AccTime:15.8733133
#IT 6 KerTime:2.5912924 AccTime:18.4646057
#IT 7 KerTime:2.5983974 AccTime:21.0630032
#ERR  p: [1087, 1905], r: -4.2664558632577474e+34, e: -4.6900205139313503e+34
#SDC Ite:8 KerTime:2.5983974 AccTime:21.0630032 KerErr:1 AccErr:8
#IT 8 KerTime:2.6253044 AccTime:23.6883076
#IT 9 KerTime:2.6237485 AccTime:26.3120561
#IT 10 KerTime:2.5916114 AccTime:28.9036675
#IT 11 KerTime:2.5950984 AccTime:31.4987659
#IT 12 KerTime:2.7109701 AccTime:34.2097360
#IT 13 KerTime:2.6579197 AccTime:36.8676557
#ERR  p: [1721, 1719], r: 5.2040161892987345e+34, e: 5.0836874271281641e+34
#ERR  p: [1912, 1719], r: -4.1798124399081637e+34, e: -3.8565214275926923e+34
#ERR  p: [1945, 1719], r: 5.8404964994151045e+33, e: 6.1444231584600582e+33
#ERR  p: [1639, 1723], r: -1.1281372336808456e+34, e: -1.0375886665803342e+34
#ERR  p: [1833, 1787], r: -5.1240789347299675e+34, e: -5.3819804686423379e+34
#ERR  p: [1423, 1910], r: 2.0619867106600708e+34, e: 2.4615070995386416e+34
#SDC Ite:14 KerTime:2.6579197 AccTime:36.8676557 KerErr:6 AccErr:14
#IT 14 KerTime:2.5916976 AccTime:39.4593533
#IT 15 KerTime:2.5948771 AccTime:42.0542304
