#HEADER matrix_dim:2048 threads:4 block_size:16 block_offset:12 precision:Float
#BEGIN Y:2023 M:10 D:18 Time:14:33:40
#IT 0 KerTime:2.6696215 AccTime:2.6696215
#ERR  p: [1964, 176], r: -2.0461106248322515e+34, e: -1.1490342031427500e+33
#SDC Ite:1 KerTime:2.6696215 AccTime:2.6696215 KerErr:1 AccErr:1
#IT 1 KerTime:2.7328781 AccTime:5.4024996
#IT 2 KerTime:2.5916513 AccTime:7.9941509
#IT 3 KerTime:2.6923592 AccTime:10.6865101
#ERR  p: [1878, 81], r: 1.9616496897719279e+34, e: -4.9404679775881697e+33
#SDC Ite:4 KerTime:2.6923592 AccTime:10.6865101 KerErr:1 AccErr:2
#IT 4 KerTime:2.6168546 AccTime:13.3033648
#IT 5 KerTime:2.5986235 AccTime:15.9019883
#IT 6 KerTime:2.6405882 AccTime:18.5425765
#ERR  p: [1390, 48], r: -4.4957575160305156e+34, e: -2.3892487870335618e+34
#ERR  p: [1435, 48], r: -6.1802274792462896e+33, e: 3.1410741603103471e+33
#ERR  p: [1484, 48], r: -1.1036167363527004e+34, e: 6.1695174409964122e+33
#ERR  p: [1995, 48], r: -1.9160011459992952e+34, e: -1.2350219670247768e+34
#ERR  p: [1996, 48], r: -4.4469747556664202e+34, e: -2.5816702253319556e+34
#ERR  p: [1110, 49], r: 8.4251772711285982e+34, e: 2.7005770895734028e+34
#ERR  p: [1145, 49], r: -2.8518442016177855e+34, e: 2.0290576294090836e+34
#ERR  p: [1158, 49], r: 2.5065720783767551e+34, e: -3.2596551987334544e+33
#ERR  p: [1558, 121], r: -1.3565636628458390e+34, e: -7.4018670978068846e+32
#ERR  p: [1542, 209], r: 7.4932151575332675e+33, e: -1.7583419305620624e+34
#ERR  p: [1766, 209], r: 2.0821175964029139e+34, e: -9.3142020534313351e+33
#ERR  p: [1974, 209], r: 2.0291252209352286e+34, e: -7.0068446093185523e+33
#ERR  p: [1990, 273], r: 3.1195687897418854e+34, e: 3.0918016708667104e+33
#ERR  p: [1630, 368], r: -1.1489670603698693e+34, e: 1.0794242931349659e+34
#ERR  p: [1606, 377], r: 3.6092921747590012e+34, e: 5.0153972076250096e+34
#ERR  p: [1910, 401], r: 1.1630459048486541e+33, e: -2.7964523269719533e+34
#ERR  p: [2026, 505], r: -6.5856850285532731e+34, e: -5.3644532183901198e+34
#SDC Ite:7 KerTime:2.6405882 AccTime:18.5425765 KerErr:17 AccErr:19
#IT 7 KerTime:2.6273913 AccTime:21.1699679
#IT 8 KerTime:2.6178386 AccTime:23.7878065
#IT 9 KerTime:2.6113967 AccTime:26.3992032
#IT 10 KerTime:2.5913189 AccTime:28.9905221
#IT 11 KerTime:2.6951120 AccTime:31.6856341
#ERR  p: [1542, 433], r: 7.2321769311493558e+34, e: 4.6936560962387236e+34
#SDC Ite:12 KerTime:2.6951120 AccTime:31.6856341 KerErr:1 AccErr:20
#IT 12 KerTime:2.6205285 AccTime:34.3061626
#IT 13 KerTime:2.5982117 AccTime:36.9043743
#IT 14 KerTime:2.5912931 AccTime:39.4956673
#IT 15 KerTime:2.6960967 AccTime:42.1917641
#IT 16 KerTime:2.6525322 AccTime:44.8442963
#IT 17 KerTime:2.6851206 AccTime:47.5294169
