#HEADER matrix_dim:2048 threads:4 block_size:16 block_offset:12 precision:Float
#BEGIN Y:2023 M:10 D:25 Time:15:58:49
#IT 0 KerTime:2.6776652 AccTime:2.6776652
#IT 1 KerTime:2.6914502 AccTime:5.3691154
#IT 2 KerTime:2.6351629 AccTime:8.0042783
#IT 3 KerTime:2.6364159 AccTime:10.6406942
#IT 4 KerTime:2.6265669 AccTime:13.2672611
#IT 5 KerTime:2.6453203 AccTime:15.9125814
#IT 6 KerTime:2.6168498 AccTime:18.5294312
#IT 7 KerTime:2.6032862 AccTime:21.1327174
#IT 8 KerTime:2.5926026 AccTime:23.7253200
#IT 9 KerTime:2.6628261 AccTime:26.3881461
#IT 10 KerTime:2.6748501 AccTime:29.0629962
#IT 11 KerTime:2.6531979 AccTime:31.7161942
#IT 12 KerTime:2.6639487 AccTime:34.3801429
#IT 13 KerTime:2.6460992 AccTime:37.0262421
#IT 14 KerTime:2.6564586 AccTime:39.6827007
#IT 15 KerTime:2.6353352 AccTime:42.3180359
#IT 16 KerTime:2.6317311 AccTime:44.9497670
#IT 17 KerTime:2.6243982 AccTime:47.5741652
#IT 18 KerTime:2.6214099 AccTime:50.1955751
#IT 19 KerTime:2.6184476 AccTime:52.8140228
#IT 20 KerTime:2.5883475 AccTime:55.4023702
#IT 21 KerTime:2.5949980 AccTime:57.9973682
#IT 22 KerTime:2.6910229 AccTime:60.6883911
#IT 23 KerTime:2.6710149 AccTime:63.3594060
#IT 24 KerTime:2.6641364 AccTime:66.0235424
#IT 25 KerTime:2.6815497 AccTime:68.7050921
#IT 26 KerTime:2.6933174 AccTime:71.3984095
#ERR  p: [745, 360], r: 4.3723355130837828e+33, e: -5.2901615893705137e+33
#SDC Ite:27 KerTime:2.6933174 AccTime:71.3984095 KerErr:1 AccErr:1
#IT 27 KerTime:2.7184246 AccTime:74.1168341
#IT 28 KerTime:2.6900403 AccTime:76.8068745
#IT 29 KerTime:2.7027944 AccTime:79.5096689
#IT 30 KerTime:2.6655922 AccTime:82.1752611
#ERR  p: [649, 359], r: -2.7937860517153405e+34, e: -7.2813664786103604e+33
#SDC Ite:31 KerTime:2.6655922 AccTime:82.1752611 KerErr:1 AccErr:2
#IT 31 KerTime:2.5915505 AccTime:84.7668116
#IT 32 KerTime:2.6988825 AccTime:87.4656941
#IT 33 KerTime:2.7100274 AccTime:90.1757214
#IT 34 KerTime:2.6624701 AccTime:92.8381916
