#HEADER matrix_dim:2048 threads:4 block_size:16 block_offset:12 precision:Float
#BEGIN Y:2023 M:10 D:29 Time:00:45:53
#IT 0 KerTime:2.6968371 AccTime:2.6968371
#IT 1 KerTime:2.6684331 AccTime:5.3652702
#IT 2 KerTime:2.7195203 AccTime:8.0847905
#IT 3 KerTime:2.6637137 AccTime:10.7485042
#IT 4 KerTime:2.6325836 AccTime:13.3810878
#ERR  p: [745, 1871], r: 9.8126654189198096e+33, e: -1.5995762443177163e+34
#SDC Ite:5 KerTime:2.6325836 AccTime:13.3810878 KerErr:1 AccErr:1
#IT 5 KerTime:2.7170730 AccTime:16.0981608
#IT 6 KerTime:2.6385886 AccTime:18.7367494
#IT 7 KerTime:2.6805942 AccTime:21.4173436
#IT 8 KerTime:2.6394345 AccTime:24.0567781
#IT 9 KerTime:2.6450794 AccTime:26.7018575
#IT 10 KerTime:2.6299248 AccTime:29.3317824
#IT 11 KerTime:2.6258164 AccTime:31.9575988
#IT 12 KerTime:2.6348272 AccTime:34.5924259
#IT 13 KerTime:2.5945169 AccTime:37.1869429
#IT 14 KerTime:2.6973942 AccTime:39.8843370
#IT 15 KerTime:2.6939575 AccTime:42.5782945
#IT 16 KerTime:2.6737593 AccTime:45.2520538
#IT 17 KerTime:2.6441171 AccTime:47.8961709
#IT 18 KerTime:2.6685883 AccTime:50.5647592
#IT 19 KerTime:2.6363355 AccTime:53.2010947
#IT 20 KerTime:2.6628611 AccTime:55.8639558
#IT 21 KerTime:2.6632682 AccTime:58.5272239
#IT 22 KerTime:2.6446013 AccTime:61.1718253
#IT 23 KerTime:2.6364537 AccTime:63.8082789
#IT 24 KerTime:2.6441450 AccTime:66.4524240
