#HEADER matrix_dim:2048 threads:4 block_size:16 block_offset:12 precision:Float
#BEGIN Y:2023 M:10 D:17 Time:14:22:36
#IT 0 KerTime:2.7424291 AccTime:2.7424291
#IT 1 KerTime:2.7276114 AccTime:5.4700405
#ERR  p: [0, 256], r: -1.2773520887281011e+35, e: -4.3980944456272291e+34
#ERR  p: [1, 256], r: -1.0900670122055070e+35, e: 1.1247975190428615e+34
#ERR  p: [2, 256], r: 1.5145880458358602e+35, e: 3.8617673223031680e+34
#ERR  p: [3, 256], r: -4.9692567064807650e+34, e: -1.8064040860292898e+34
#ERR  p: [4, 256], r: -4.0255898698139910e+34, e: 1.7094038087230366e+34
#ERR  p: [5, 256], r: 2.8148654471162841e+34, e: 1.1415366966660706e+34
#ERR  p: [6, 256], r: 1.4774614317760665e+35, e: 5.5462724430160578e+34
#ERR  p: [7, 256], r: -2.1379098208574510e+34, e: -9.8498036200983710e+33
#ERR  p: [8, 256], r: 1.4837484835771828e+35, e: 1.9097818590359294e+33
#ERR  p: [9, 256], r: -6.9562400963926446e+34, e: 1.2412367974040012e+34
#ERR  p: [10, 256], r: -2.4986636222297844e+34, e: -1.2993543684283319e+34
#ERR  p: [11, 256], r: -5.2517412536932644e+34, e: 2.3851002023739086e+34
#ERR  p: [12, 256], r: 8.0541032588247583e+34, e: -2.4406881667219636e+34
#ERR  p: [13, 256], r: -7.3747722732185445e+34, e: 2.0189125869931360e+34
#ERR  p: [14, 256], r: -4.7133828100329906e+32, e: 1.3280288973523031e+34
#ERR  p: [15, 256], r: 1.0221078673864591e+35, e: 1.3138876606955384e+34
#ERR  p: [16, 256], r: 1.8620717737158747e+34, e: -2.1203498889881958e+34
#ERR  p: [17, 256], r: -1.0470126460615992e+35, e: 2.7579744270828773e+34
#ERR  p: [18, 256], r: 1.4372747289743625e+35, e: 3.7852522291790016e+34
#ERR  p: [19, 256], r: 8.1411066751377663e+34, e: 1.8747581832384713e+34
#ERR  p: [20, 256], r: 1.9834978459372677e+35, e: 4.9262249203631737e+34
#ERR  p: [21, 256], r: -1.1781032666520916e+35, e: -5.1716554463197832e+34
#ERR  p: [22, 256], r: 9.7889157868541274e+34, e: -3.2198498557402527e+33
#ERR  p: [23, 256], r: -8.0425909116354200e+34, e: -1.0422458589051277e+34
#ERR  p: [24, 256], r: -1.4968509895057840e+34, e: -4.1292963159010609e+33
#ERR  p: [25, 256], r: -6.3350125692943136e+34, e: 2.0584392696834946e+34
#ERR  p: [26, 256], r: -2.6299201763031426e+34, e: -1.6219824638527659e+34
#ERR  p: [27, 256], r: 3.8692739431133867e+34, e: -1.8519169515736168e+34
#ERR  p: [28, 256], r: 1.0360449924895465e+35, e: 3.5420111239758722e+34
#ERR  p: [29, 256], r: -5.1129320274402262e+34, e: -7.7752491564684691e+32
#ERR  p: [30, 256], r: 2.1721037054465761e+34, e: 2.4557514211199881e+34
#ERR  p: [31, 256], r: -1.0812804109122688e+35, e: -2.6375349930727948e+34
#ERR  p: [32, 256], r: -5.7546915328541287e+34, e: 5.5557201538078760e+33
#ERR  p: [33, 256], r: -5.9108611350420895e+34, e: -1.4015367865330376e+34
#ERR  p: [34, 256], r: -2.3330287305014477e+34, e: 1.0849273079916012e+34
#ERR  p: [35, 256], r: -2.6963472960471725e+34, e: 1.7423472500784795e+34
#ERR  p: [36, 256], r: -3.0722642690529512e+32, e: 1.1577667095511215e+33
#ERR  p: [37, 256], r: 8.4621381992935340e+34, e: 3.5889686655460452e+34
#ERR  p: [38, 256], r: 5.1707141167139106e+34, e: 7.9856045702189882e+33
#ERR  p: [39, 256], r: -6.4489699016706900e+34, e: -1.0174004023166701e+34
#ERR  p: [40, 256], r: -5.6279943119454586e+34, e: 1.7663400135678773e+34
#ERR  p: [41, 256], r: 2.8346997224257145e+34, e: -3.1146313896891996e+34
#ERR  p: [42, 256], r: 2.8489828270109813e+33, e: 7.2377125038290243e+34
#ERR  p: [43, 256], r: 1.2999911400257395e+35, e: 1.6099196047279574e+34
#ERR  p: [44, 256], r: -1.1892851333685423e+35, e: 2.0855843236889287e+34
#ERR  p: [45, 256], r: -1.6336285580839487e+35, e: -5.8695644456835606e+34
#ERR  p: [46, 256], r: 3.6911177830636941e+34, e: -3.7832100613931944e+33
#ERR  p: [47, 256], r: -6.8031930741597773e+34, e: -1.8848049332152997e+34
#ERR  p: [48, 256], r: -2.5611315621401718e+34, e: -3.7224738139067613e+34
#ERR  p: [49, 256], r: 3.0946463332829843e+34, e: -3.6612513035728970e+33
#ERR  p: [50, 256], r: 7.5243629668617270e+34, e: 5.9044307793020255e+34
#ERR  p: [51, 256], r: -8.8247318271522533e+34, e: -9.8516165832859044e+33
#ERR  p: [52, 256], r: 3.5245269540370212e+34, e: -5.7814830311843429e+34
#ERR  p: [53, 256], r: 4.2349244782081154e+33, e: 1.0463576767456141e+33
#ERR  p: [54, 256], r: -9.8341808168025895e+34, e: -4.2240608734963646e+34
#ERR  p: [55, 256], r: 1.0822432311572234e+35, e: 1.2480338309837015e+34
#ERR  p: [56, 256], r: -7.1222608540312265e+33, e: 1.4767050008944616e+34
#ERR  p: [57, 256], r: -5.6602326226545246e+33, e: 4.7233011082564926e+33
#ERR  p: [58, 256], r: -3.8619418718487073e+34, e: -3.2517421622083384e+34
#ERR  p: [59, 256], r: 2.9416592273480184e+34, e: -2.2898904815404779e+34
#ERR  p: [60, 256], r: -3.9180760153420950e+34, e: 2.5409895349369751e+34
#ERR  p: [61, 256], r: -2.9009418939278751e+34, e: 4.7270076864251189e+34
#ERR  p: [62, 256], r: -1.5739365254000532e+34, e: -2.9749231713796323e+34
#ERR  p: [63, 256], r: -4.4600587915296352e+34, e: -3.9383595390917820e+33
#ERR  p: [64, 256], r: -3.7633914460252610e+34, e: -1.3255574738578738e+34
#ERR  p: [65, 256], r: 2.1329160635844767e+33, e: -1.4430404594661349e+34
#ERR  p: [66, 256], r: 3.2144261309431336e+33, e: 1.6536835085847820e+34
#ERR  p: [67, 256], r: 8.5087847703258385e+34, e: 4.0581989435648229e+33
#ERR  p: [68, 256], r: -2.0350924633065959e+34, e: -1.8192214696080427e+34
#ERR  p: [69, 256], r: -1.2049627031316617e+35, e: -4.3513389358714674e+34
#ERR  p: [70, 256], r: -7.4313713869906878e+34, e: 3.8809166453888618e+33
#ERR  p: [71, 256], r: -3.5037637285221111e+34, e: 1.0274586032388619e+34
#ERR  p: [72, 256], r: -1.3238829866431348e+35, e: -1.3640736260941637e+34
#ERR  p: [73, 256], r: 1.7854286280740446e+35, e: 1.0371475885443368e+34
#ERR  p: [74, 256], r: 4.5327518066795100e+33, e: 1.4630809755861102e+34
#ERR  p: [75, 256], r: -1.1958519596185371e+35, e: -2.7564891466237427e+34
#ERR  p: [76, 256], r: 1.0600112145445020e+35, e: 1.6482607122426924e+34
#ERR  p: [77, 256], r: 4.7870126208333441e+34, e: -3.9363393447416722e+34
#ERR  p: [78, 256], r: 4.5124909991295439e+34, e: -3.5617936533916604e+34
#ERR  p: [79, 256], r: 1.0500515412700370e+35, e: -3.3298527124551359e+34
#ERR  p: [80, 256], r: -6.2660018686882951e+34, e: 1.9293676797794751e+34
#ERR  p: [81, 256], r: -1.3806328319944615e+35, e: -4.1970960635606504e+34
#ERR  p: [82, 256], r: 2.7969341332352432e+34, e: 1.5086125340250305e+34
#ERR  p: [83, 256], r: 9.7568382845561646e+34, e: 1.7881099319227343e+34
#ERR  p: [84, 256], r: 6.5136938635086711e+34, e: 2.5469838881952028e+34
#ERR  p: [85, 256], r: -3.3105779860434625e+34, e: 1.1602070607505648e+34
#ERR  p: [86, 256], r: 1.0996519362712796e+35, e: 1.9632441565425274e+34
#ERR  p: [87, 256], r: 2.7938157622762833e+34, e: -8.4402392875865834e+33
#ERR  p: [88, 256], r: 3.6194413023770784e+34, e: 1.3181693239094147e+34
#ERR  p: [89, 256], r: -1.2453670853098737e+35, e: -6.7552531033744274e+31
#ERR  p: [90, 256], r: 1.9394943264064390e+35, e: -5.8505293844634929e+32
#ERR  p: [91, 256], r: 4.5519342446612547e+34, e: -3.1255631430001131e+34
#ERR  p: [92, 256], r: 5.3352343672308748e+34, e: 3.2162985152525527e+33
#ERR  p: [93, 256], r: 1.2494471871265536e+34, e: -2.6693314829818398e+34
#ERR  p: [94, 256], r: -1.5019458060138653e+35, e: -4.0830892135827026e+34
#ERR  p: [95, 256], r: 1.3719487321364761e+35, e: -1.0680186563770140e+34
#ERR  p: [96, 256], r: -1.3063314727661467e+35, e: -4.4190998122138234e+34
#ERR  p: [97, 256], r: -3.9191995697217504e+34, e: 7.0069541670120291e+33
#ERR  p: [98, 256], r: 1.2692487313013453e+35, e: -3.9023598713673514e+34
#ERR  p: [99, 256], r: -1.1705534169757010e+35, e: 3.3213222533354262e+33
#ERR  p: [100, 256], r: 1.0846903910268828e+35, e: -2.2048207275688337e+34
#ERR  p: [101, 256], r: -5.8915042094118075e+34, e: 2.0386049943740642e+34
#ERR  p: [102, 256], r: 8.9815520906248624e+34, e: -7.8951784663368631e+32
#ERR  p: [103, 256], r: -3.3873248215429832e+34, e: -5.4989636978567395e+33
#ERR  p: [104, 256], r: -1.2976148150851281e+34, e: 1.1303163795319997e+34
#ERR  p: [105, 256], r: -1.9276612041941210e+35, e: -2.6733916787226880e+34
#ERR  p: [106, 256], r: -1.0268296678019029e+35, e: -4.1154762627874887e+33
#ERR  p: [107, 256], r: -4.4710700205910708e+34, e: -2.9426203020975177e+33
#ERR  p: [108, 256], r: 3.1978863235632515e+34, e: 1.1058307921129623e+34
#ERR  p: [109, 256], r: 3.2284129345799975e+34, e: -1.3714059449468510e+34
#ERR  p: [110, 256], r: -1.0610558378672526e+35, e: -1.3182671211725182e+34
#ERR  p: [111, 256], r: 9.2512992251851467e+33, e: -2.3148614652489190e+34
#ERR  p: [112, 256], r: -2.0615186455312170e+34, e: 9.9957839854109816e+33
#ERR  p: [113, 256], r: -2.6156984735438243e+34, e: -3.5607206069656078e+34
#ERR  p: [114, 256], r: -3.6330247232521412e+34, e: -2.6750116470580968e+34
#ERR  p: [115, 256], r: 5.9131202518197814e+33, e: -8.8198709317939953e+33
#ERR  p: [116, 256], r: -4.6158654296980774e+34, e: -3.8715923572189604e+34
#ERR  p: [117, 256], r: -1.6194238893795709e+34, e: -2.4041048102690099e+34
#ERR  p: [118, 256], r: -1.2948720103752866e+35, e: -1.1118830809650286e+34
#ERR  p: [119, 256], r: 1.4499198160584477e+34, e: 3.8891401572758307e+34
#ERR  p: [120, 256], r: -4.2453673071005131e+34, e: 2.4159169865358632e+34
#ERR  p: [121, 256], r: -2.0038242024123140e+34, e: 3.2558380106223180e+34
#ERR  p: [122, 256], r: -1.1065925213779354e+35, e: -2.7013106928406833e+34
#ERR  p: [123, 256], r: 7.5539665697851819e+34, e: -2.5095238845034292e+33
#ERR  p: [124, 256], r: 2.6164578259639219e+34, e: 1.3546604538294416e+33
#ERR  p: [125, 256], r: 7.2751522672011556e+34, e: 6.6852362051044777e+34
#ERR  p: [126, 256], r: 3.0870475106986396e+35, e: 2.6878624550179105e+34
#ERR  p: [127, 256], r: 1.1397872398025525e+35, e: 4.2477520128951905e+33
#ERR  p: [128, 256], r: 3.6334515649776868e+34, e: 2.0546256715984721e+34
#ERR  p: [129, 256], r: -1.0415190643080633e+35, e: 1.4957167888417907e+34
#ERR  p: [130, 256], r: -2.5430145572532382e+34, e: -6.0332641895424864e+33
#ERR  p: [131, 256], r: -8.3933622121189639e+34, e: -2.1003175432724797e+34
#ERR  p: [132, 256], r: -7.6595559226720048e+33, e: 4.8261148138842318e+33
#ERR  p: [133, 256], r: -1.0082891883863305e+35, e: -2.8570435497827841e+34
#ERR  p: [134, 256], r: -2.4071666692651764e+33, e: -2.3035310952453556e+34
#ERR  p: [135, 256], r: -4.8196567901842898e+33, e: -2.6633940749654192e+34
#ERR  p: [136, 256], r: 8.0724356652785277e+34, e: 2.0500877547964636e+34
#ERR  p: [137, 256], r: -5.6949544886704049e+34, e: -9.6531011375561205e+33
#ERR  p: [138, 256], r: -4.5110797474847586e+34, e: -3.9399991906738155e+34
#ERR  p: [139, 256], r: -2.0820012919362231e+33, e: -2.0246786641081194e+34
#ERR  p: [140, 256], r: -1.2184508026236995e+35, e: -3.8756763214085629e+34
#ERR  p: [141, 256], r: -1.1124988818581707e+35, e: 1.4725707763392641e+34
#ERR  p: [142, 256], r: 1.0275030081480711e+35, e: 1.4028763614495483e+34
#ERR  p: [143, 256], r: 3.0299018216403511e+34, e: 6.3989683893379181e+33
#ERR  p: [144, 256], r: -7.6048251080071510e+34, e: -2.8582902791963484e+33
#ERR  p: [145, 256], r: -9.4159105880890023e+34, e: -1.5158392565923667e+34
#ERR  p: [146, 256], r: -8.6088430071171344e+34, e: -1.6649979091618386e+34
#ERR  p: [147, 256], r: -6.9630032104152684e+34, e: -7.2388073379997683e+33
#ERR  p: [148, 256], r: 6.3564848868637264e+34, e: -2.9971209218120663e+34
#ERR  p: [149, 256], r: -1.0140601677438695e+35, e: -1.2654778916652796e+34
#ERR  p: [150, 256], r: 7.8754724725640037e+33, e: 2.3800085549923278e+34
#ERR  p: [151, 256], r: -2.2846846960872750e+34, e: 2.6881825863120697e+34
#ERR  p: [152, 256], r: 8.7245171147399917e+34, e: 2.6465236756980459e+34
#ERR  p: [153, 256], r: -9.9729618180227320e+34, e: -4.3562398166929943e+32
#ERR  p: [154, 256], r: -7.9304701871013274e+34, e: 1.2837829705926817e+33
#ERR  p: [155, 256], r: -6.4783447332748849e+34, e: 7.3919553761398413e+33
#ERR  p: [156, 256], r: -9.7041723538768388e+34, e: -3.1171379706807447e+34
#ERR  p: [157, 256], r: 5.2515129775500202e+34, e: -2.2999059116343123e+34
#ERR  p: [158, 256], r: -1.3980413390381114e+35, e: -2.9765159050341769e+34
#ERR  p: [159, 256], r: -7.1061917733512827e+34, e: 2.9674673061110243e+34
#ERR  p: [160, 256], r: 4.6468882070825691e+34, e: 8.5481160132324950e+32
#ERR  p: [161, 256], r: 5.3369996697268957e+34, e: -2.0496825770216055e+34
#ERR  p: [162, 256], r: -5.8576812116584524e+34, e: -1.2939273630901087e+34
#ERR  p: [163, 256], r: -5.2073655598690250e+34, e: -2.8759912124360783e+34
#ERR  p: [164, 256], r: 6.5109129550044204e+34, e: -2.8134009640498095e+34
#ERR  p: [165, 256], r: -3.8334457300843971e+34, e: -4.9709801047064561e+33
#ERR  p: [166, 256], r: 7.4315709429250206e+34, e: -3.9808803035611563e+33
#ERR  p: [167, 256], r: 2.2677709689185267e+34, e: 1.3828266845732823e+34
#ERR  p: [168, 256], r: 6.0980876817596261e+34, e: 1.9640403995757958e+34
#ERR  p: [169, 256], r: 2.0041799863796046e+34, e: -4.7979292712757783e+34
#ERR  p: [170, 256], r: -7.2819143908717481e+34, e: 4.6614307220030682e+32
#ERR  p: [171, 256], r: -2.2398707714891285e+34, e: -2.1629738976568464e+34
#ERR  p: [172, 256], r: -1.3383941197836380e+35, e: -4.8731588874631509e+34
#ERR  p: [173, 256], r: 5.6190133045484511e+34, e: 2.4823089487827774e+34
#ERR  p: [174, 256], r: 4.3108434413063640e+34, e: -3.3394992364172632e+34
#ERR  p: [175, 256], r: 3.3546578121983127e+34, e: 7.0700795768772810e+34
#ERR  p: [176, 256], r: -7.8958732292354110e+34, e: 1.0898593849021181e+34
#ERR  p: [177, 256], r: 3.2584319901806366e+34, e: -1.5141801693517165e+33
#ERR  p: [178, 256], r: -5.7636443152182406e+34, e: 1.9105833014173627e+34
#ERR  p: [179, 256], r: 7.6847593915198237e+34, e: 3.1169569838470012e+34
#ERR  p: [180, 256], r: -1.0261902098746101e+34, e: -3.5039942329574260e+34
#ERR  p: [181, 256], r: 3.6823851064385672e+34, e: 6.5893889451508150e+33
#ERR  p: [182, 256], r: 6.5098146546015664e+34, e: -2.6018639984287944e+34
#ERR  p: [183, 256], r: 1.1006445661123802e+34, e: -2.5373257275967061e+34
#ERR  p: [184, 256], r: -6.2533184302217928e+34, e: -2.7287794681663905e+33
#ERR  p: [185, 256], r: -6.1958641474705111e+34, e: -4.9219059951541149e+34
#ERR  p: [186, 256], r: -6.2113587001782227e+34, e: -4.3374537052148268e+34
#ERR  p: [187, 256], r: 1.7881866842051700e+34, e: 2.6762723651941051e+34
#ERR  p: [188, 256], r: -4.9854593608909477e+34, e: -4.9006738379523235e+34
#ERR  p: [189, 256], r: -2.1131198735003550e+35, e: -1.4285158327792035e+34
#ERR  p: [190, 256], r: 8.4708146734408773e+34, e: -1.1943264832463269e+33
#ERR  p: [191, 256], r: 1.3591861645426627e+35, e: 1.7489301200313835e+34
#ERR  p: [192, 256], r: 2.4500643245795111e+34, e: -2.4961575364142551e+32
#ERR  p: [193, 256], r: 5.9579714384131103e+33, e: 3.2203269578313933e+34
#ERR  p: [194, 256], r: -1.1570525419424578e+34, e: -4.0436206521771884e+33
#ERR  p: [195, 256], r: -7.9406287230637032e+34, e: 1.2142815350808400e+33
#ERR  p: [196, 256], r: -2.1885368642920738e+34, e: -4.8775338913559893e+33
#ERR  p: [197, 256], r: 3.4150655722953214e+34, e: 3.7019396072991190e+33
#ERR  p: [198, 256], r: -4.5365283284603560e+34, e: 3.9316771387597195e+33
#ERR  p: [199, 256], r: 5.8678739147659125e+34, e: -2.5337990840127899e+34
#ERR  p: [200, 256], r: 8.2122751052322592e+33, e: 3.0293846102919376e+34
#ERR  p: [201, 256], r: 5.2779420070367317e+34, e: -6.6260963431957051e+33
#ERR  p: [202, 256], r: 5.3377305495260898e+34, e: -3.9846846170958842e+34
#ERR  p: [203, 256], r: 8.1264029185271503e+33, e: 3.3852698410777695e+34
#ERR  p: [204, 256], r: -2.9525949420670576e+34, e: -1.8612866721429599e+34
#ERR  p: [205, 256], r: -2.1563885518238639e+35, e: -4.5455444933544793e+34
#ERR  p: [206, 256], r: 1.9649822243576841e+35, e: 1.5504863510298742e+34
#ERR  p: [207, 256], r: 2.4506884939473188e+34, e: 1.4715024340853608e+34
#ERR  p: [208, 256], r: -1.4405368495306842e+35, e: 3.8243279303130485e+33
#ERR  p: [209, 256], r: -4.5767905951220580e+34, e: 4.3979934297200234e+34
#ERR  p: [210, 256], r: 4.9968474189003418e+34, e: -2.1876405957036312e+34
#ERR  p: [211, 256], r: -9.5065396831890693e+34, e: 2.3821380594479066e+34
#ERR  p: [212, 256], r: -2.9267484871628339e+34, e: -3.2297152475013257e+34
#ERR  p: [213, 256], r: 5.2826778704510218e+34, e: -3.0769895945026569e+34
#ERR  p: [214, 256], r: -2.0615228235788496e+33, e: 8.7728948211232330e+33
#ERR  p: [215, 256], r: -1.5616173879283118e+35, e: 1.4663653543043383e+34
#ERR  p: [216, 256], r: -2.8073159935807061e+34, e: -1.0291911003238418e+34
#ERR  p: [217, 256], r: -1.3100557906155360e+35, e: -1.7710086568380343e+34
#ERR  p: [218, 256], r: -3.5619929617379854e+33, e: -1.2886978091881516e+34
#ERR  p: [219, 256], r: 7.1664160707344693e+34, e: -2.0595090974654450e+34
#ERR  p: [220, 256], r: -1.9175853626263695e+35, e: -5.5107450494166146e+34
#ERR  p: [221, 256], r: -1.3397162397455948e+35, e: -1.1992764483904114e+34
#ERR  p: [222, 256], r: -5.4372960861817501e+34, e: 2.1406662181489239e+34
#ERR  p: [223, 256], r: -1.1560174259992090e+35, e: -1.9426834580180444e+34
#ERR  p: [224, 256], r: 7.2381799499878585e+34, e: 8.8318486206441010e+33
#ERR  p: [225, 256], r: -3.5976996090551172e+34, e: -5.7335044366697673e+34
#ERR  p: [226, 256], r: -5.4424008557277473e+34, e: -3.3303550685230779e+34
#ERR  p: [227, 256], r: 7.2542662380343484e+34, e: 8.1236441691496028e+33
#ERR  p: [228, 256], r: 4.7128877423370298e+34, e: 2.8280504988867048e+34
#ERR  p: [229, 256], r: -9.4545957191406548e+34, e: 1.0973228944504687e+33
#ERR  p: [230, 256], r: 1.4519954206047159e+35, e: -9.3805203582459119e+33
#ERR  p: [231, 256], r: -3.0100571476345907e+34, e: -8.7974592653227728e+33
#ERR  p: [232, 256], r: -7.5152343970120366e+34, e: -1.6284378259816235e+34
#ERR  p: [233, 256], r: -2.9569190666242815e+34, e: 4.0088727275234812e+34
#ERR  p: [234, 256], r: 1.2214249288092819e+35, e: 2.2874306946824178e+34
#ERR  p: [235, 256], r: 2.5627103813486748e+35, e: 2.7790627356521037e+34
#ERR  p: [236, 256], r: 5.9084595313658758e+34, e: 8.2209252112567658e+33
#ERR  p: [237, 256], r: -5.4944488067394618e+34, e: -1.3671351756053204e+34
#ERR  p: [238, 256], r: 2.8025016447679253e+34, e: 5.5445517063614512e+34
#ERR  p: [239, 256], r: 2.4504791335278748e+35, e: 3.9985396420155661e+34
#ERR  p: [240, 256], r: 6.8680190422569955e+34, e: -1.9456933854295629e+34
#ERR  p: [241, 256], r: -1.3092425135273270e+35, e: 2.3618563926082785e+34
#ERR  p: [242, 256], r: 1.2000326316840085e+35, e: 3.1975520797526444e+33
#ERR  p: [243, 256], r: -2.3679955848511025e+34, e: 3.1644037593206998e+34
#ERR  p: [244, 256], r: 9.3093813911243539e+34, e: -2.8472029168224968e+34
#ERR  p: [245, 256], r: 7.5246457123666998e+34, e: 1.7166495955669779e+34
#ERR  p: [246, 256], r: 4.3328411406284495e+34, e: 1.9011201163750535e+34
#ERR  p: [247, 256], r: -8.0768863073077665e+34, e: 4.4318857521155785e+34
#ERR  p: [248, 256], r: 2.2308762953044935e+35, e: 4.1774316336246100e+34
#ERR  p: [249, 256], r: -1.3661981540307845e+35, e: -1.8257782190261177e+34
#ERR  p: [250, 256], r: 2.9561176242428481e+34, e: 2.3832333887946663e+34
#ERR  p: [251, 256], r: -7.7940992075496656e+34, e: -1.4931235520474957e+34
#ERR  p: [252, 256], r: -9.6872534273599256e+33, e: 2.0478808790884296e+34
#ERR  p: [253, 256], r: 1.0414854913741979e+35, e: 4.7903040558097961e+34
#ERR  p: [254, 256], r: -2.5726483659136516e+34, e: 1.4035001284868432e+33
#ERR  p: [255, 256], r: -1.0990635928882088e+34, e: 3.7744051509667752e+34
#ERR  p: [256, 256], r: 2.0919537727790599e+34, e: -1.1305717665621042e+34
#ERR  p: [257, 256], r: 8.5240520372423373e+34, e: -8.1628825356048118e+33
#ERR  p: [258, 256], r: 1.0275195470269959e+35, e: -1.2079256878568905e+34
#ERR  p: [259, 256], r: -1.7484646545766122e+34, e: 1.0481384534921261e+34
#ERR  p: [260, 256], r: -3.1930150295086635e+34, e: -1.0804974633550224e+34
#ERR  p: [261, 256], r: -1.6867159578290495e+34, e: -3.1188233022502278e+34
#ERR  p: [262, 256], r: 5.6974709731822642e+34, e: 4.9319602346681809e+33
#ERR  p: [263, 256], r: 5.8810891722732918e+34, e: -3.2000403392316080e+34
#ERR  p: [264, 256], r: -1.4384135347753019e+35, e: -5.1349034824334788e+34
#ERR  p: [265, 256], r: -2.0709324367659587e+34, e: 3.2541497079967406e+34
#ERR  p: [266, 256], r: 4.8768410163160013e+34, e: -5.9779059868657228e+33
#ERR  p: [267, 256], r: 1.0977182739299158e+35, e: 4.2186010627471003e+34
#ERR  p: [268, 256], r: 2.3818060439293702e+34, e: 2.7396605897296972e+34
#ERR  p: [269, 256], r: -1.1247322796027912e+34, e: 3.4945730140824486e+34
#ERR  p: [270, 256], r: -1.3533169422636060e+35, e: -3.0744599878263812e+34
#ERR  p: [271, 256], r: -5.4822298433756994e+33, e: 1.0823023799323005e+34
#ERR  p: [272, 256], r: 1.5148478832604060e+33, e: -3.8436126840390401e+34
#ERR  p: [273, 256], r: -9.4503342343494188e+34, e: -2.2599561010385260e+34
#ERR  p: [274, 256], r: 2.9481126087728131e+34, e: 1.5703368433538192e+34
#ERR  p: [275, 256], r: 1.1389063216705970e+34, e: 3.1268330218924121e+34
#ERR  p: [276, 256], r: 1.2650788540730164e+35, e: 2.0129100633306490e+34
#ERR  p: [277, 256], r: 4.3298671134780703e+34, e: 4.0817030921207148e+33
#ERR  p: [278, 256], r: 1.7196217658072982e+34, e: -2.3663897290321415e+34
#ERR  p: [279, 256], r: -6.9382453999815923e+34, e: -2.5181812324771656e+34
#ERR  p: [280, 256], r: -5.7606539472593429e+34, e: -1.6967650598919525e+34
#ERR  p: [281, 256], r: -5.4226834419580255e+34, e: 2.3978861422756637e+34
#ERR  p: [282, 256], r: 7.0612075082037305e+34, e: -2.4894798402543419e+34
#ERR  p: [283, 256], r: 1.0652580996070092e+35, e: -2.7192491867739520e+33
#ERR  p: [284, 256], r: -2.3085266784798878e+34, e: 3.1438818083194464e+33
#ERR  p: [285, 256], r: -8.2488490533409144e+34, e: -9.9203402055968127e+33
#ERR  p: [286, 256], r: -8.4783542234561410e+34, e: -7.4900577914630702e+33
#ERR  p: [287, 256], r: 6.7250508326479741e+34, e: 4.5789901669838602e+34
#ERR  p: [288, 256], r: -4.1470959129619218e+34, e: -1.1666818585380391e+34
#ERR  p: [289, 256], r: -7.5957812132561477e+34, e: -3.2183304081360338e+34
#ERR  p: [290, 256], r: -3.7507175396970612e+33, e: -1.8457887769971423e+34
#ERR  p: [291, 256], r: 1.9601640069822805e+33, e: 4.0491956532471082e+34
#ERR  p: [292, 256], r: 1.5870903315638824e+35, e: -1.3266164077674785e+34
#ERR  p: [293, 256], r: -2.8247801088909207e+34, e: -6.7313540519460034e+33
#ERR  p: [294, 256], r: -2.3691800458806908e+34, e: -1.5941285653808370e+34
#ERR  p: [295, 256], r: 2.6012923177186524e+34, e: -4.8704378952568016e+34
#ERR  p: [296, 256], r: -3.1188356816506206e+34, e: 1.0729008443039477e+34
#ERR  p: [297, 256], r: -3.2504849103044401e+34, e: 9.2264197252456088e+33
#ERR  p: [298, 256], r: 3.3167397087950015e+34, e: -2.1719400497733826e+34
#ERR  p: [299, 256], r: -4.8301186833532925e+34, e: -1.0578388278459624e+34
#ERR  p: [300, 256], r: 9.2808919342362559e+34, e: -5.6831301805911666e+33
#ERR  p: [301, 256], r: -1.0289337697278755e+35, e: -2.3389064698079746e+34
#ERR  p: [302, 256], r: -5.2769434846010441e+33, e: 3.0735872400986850e+33
#ERR  p: [303, 256], r: 4.2485606972258537e+34, e: 1.6065640444574705e+34
#ERR  p: [304, 256], r: 2.5679055700351414e+34, e: 6.1175733531539937e+34
#ERR  p: [305, 256], r: -1.0827973331188076e+35, e: -2.5342501893631055e+34
#ERR  p: [306, 256], r: -5.5963476127811672e+34, e: 3.3635241863476825e+34
#ERR  p: [307, 256], r: 7.8583131380914612e+34, e: 1.6333148764573941e+33
#ERR  p: [308, 256], r: 4.4530734208472081e+32, e: -1.0123863118785506e+34
#ERR  p: [309, 256], r: -2.5865633071312350e+34, e: -1.3702632024965867e+34
#ERR  p: [310, 256], r: -8.5247189464900013e+32, e: 6.8333900217440616e+33
#ERR  p: [311, 256], r: 3.8737641373268807e+33, e: 4.9290736679815772e+34
#ERR  p: [312, 256], r: -1.1681180422952157e+35, e: 4.1082290523125023e+34
#ERR  p: [313, 256], r: -1.5662138097765768e+35, e: 2.6127581183625136e+34
#ERR  p: [314, 256], r: 6.2490381287419597e+34, e: 1.9418445060534207e+34
#ERR  p: [315, 256], r: 5.1611537533785175e+34, e: 3.1881011503167241e+34
#ERR  p: [316, 256], r: 8.1119097355172167e+33, e: -1.4424044058739501e+34
#ERR  p: [317, 256], r: 1.9724106073574200e+34, e: -8.7565886749257659e+33
#ERR  p: [318, 256], r: -1.1294329855199656e+34, e: 6.0635411080533086e+33
#ERR  p: [319, 256], r: 6.0525651602829927e+34, e: 4.0751649118032290e+34
#ERR  p: [320, 256], r: -7.3832100725263136e+34, e: -2.9220084147524102e+34
#ERR  p: [321, 256], r: -9.2831459754597867e+34, e: -2.0722700309784066e+34
#ERR  p: [322, 256], r: 3.9798370914900505e+34, e: 9.0874801439064338e+33
#ERR  p: [323, 256], r: -4.7947265347031411e+33, e: 1.8297281143094656e+34
#ERR  p: [324, 256], r: 1.7396397514185585e+34, e: -8.1009694404200321e+33
#ERR  p: [325, 256], r: -7.2030382985046565e+34, e: 2.5136599969171865e+33
#ERR  p: [326, 256], r: 1.2717877958395211e+35, e: -1.9956849942420205e+34
#ERR  p: [327, 256], r: 4.4881553262492640e+33, e: 3.4844969249266891e+34
#ERR  p: [328, 256], r: 5.8645745569732091e+34, e: 3.7145124358231112e+33
#ERR  p: [329, 256], r: -1.0954888924719676e+35, e: -2.4852101850588466e+34
#ERR  p: [330, 256], r: -1.0638070358105604e+35, e: 2.0972110565378970e+34
#ERR  p: [331, 256], r: -8.4049384370143294e+34, e: -2.2327716805398426e+34
#ERR  p: [332, 256], r: 1.8536551431827774e+34, e: -1.9779344196067153e+34
#ERR  p: [333, 256], r: 1.3510621087584500e+35, e: 7.3294610681066171e+33
#ERR  p: [334, 256], r: -4.1559662485194172e+34, e: -7.1437316860725922e+33
#ERR  p: [335, 256], r: 5.3125572864152295e+34, e: 1.5803730708403136e+34
#ERR  p: [336, 256], r: -1.5887703647499973e+35, e: -7.7933973574443928e+31
#ERR  p: [337, 256], r: -1.7369862269443503e+34, e: 7.5616125826438241e+34
#ERR  p: [338, 256], r: -7.4805869311925174e+34, e: -2.6925881673238785e+34
#ERR  p: [339, 256], r: -1.2707880354637943e+35, e: -2.0486620192532187e+34
#ERR  p: [340, 256], r: 4.3993630865794887e+34, e: -3.7767196036642231e+34
#ERR  p: [341, 256], r: 2.4191586563227359e+34, e: -1.2941182534441665e+34
#ERR  p: [342, 256], r: -6.9721451500173831e+34, e: 2.1907027951333085e+32
#ERR  p: [343, 256], r: 3.1009376683566365e+33, e: -3.6498718492467759e+34
#ERR  p: [344, 256], r: -2.4747228522220366e+34, e: -2.9011421926262315e+34
#ERR  p: [345, 256], r: -2.0491199023252494e+33, e: -1.1963019260640165e+33
#ERR  p: [346, 256], r: -1.1541870821335239e+34, e: 2.9519868659197607e+33
#ERR  p: [347, 256], r: 1.3515134121791719e+35, e: 4.5712490803302009e+34
#ERR  p: [348, 256], r: 4.8888919912164327e+33, e: 7.4954186908031955e+33
#ERR  p: [349, 256], r: 7.3737564196223069e+33, e: 3.0037315216218503e+34
#ERR  p: [350, 256], r: -3.1628157298383045e+34, e: -1.2776887465217847e+33
#ERR  p: [351, 256], r: 1.0775266548487453e+34, e: 1.9267345813159151e+34
#ERR  p: [352, 256], r: 7.2623574141311177e+34, e: 1.8451101382676061e+34
#ERR  p: [353, 256], r: 5.9854024565676194e+34, e: 2.0462776229435511e+34
#ERR  p: [354, 256], r: 1.5424537790145647e+35, e: 1.8190563284068021e+34
#ERR  p: [355, 256], r: 1.6213190765445137e+35, e: 1.7633981728585196e+34
#ERR  p: [356, 256], r: 4.8746280747017748e+34, e: -8.0254321961328971e+33
#ERR  p: [357, 256], r: -9.4960290770795207e+34, e: -3.9539884082937560e+34
#ERR  p: [358, 256], r: 4.1353273121844514e+34, e: 2.0064735178903886e+34
#ERR  p: [359, 256], r: 6.0983733983206932e+34, e: 2.0927812119013182e+34
#ERR  p: [360, 256], r: 1.6617140503784271e+35, e: 1.5873546812798714e+34
#ERR  p: [361, 256], r: -5.4005411512393514e+34, e: -3.1564168177752384e+34
#ERR  p: [362, 256], r: -7.3131283061983054e+34, e: 2.2606634599769736e+34
#ERR  p: [363, 256], r: -2.5617762503641307e+33, e: 2.9904615471647346e+34
#ERR  p: [364, 256], r: 4.0222645152804626e+34, e: -7.9285293447077358e+33
#ERR  p: [365, 256], r: 6.2642755613035116e+33, e: 8.8378452021943994e+33
#ERR  p: [366, 256], r: 8.6969764150980020e+34, e: 1.1009413003397969e+34
#ERR  p: [367, 256], r: -1.0732327112696793e+35, e: -4.7742014269547876e+34
#ERR  p: [368, 256], r: 8.9570785112242061e+34, e: 1.0175655125694098e+33
#ERR  p: [369, 256], r: -8.5317490532305980e+34, e: 8.7561622045822321e+33
#ERR  p: [370, 256], r: -1.6893268476483048e+35, e: -4.0350828892112470e+33
#ERR  p: [371, 256], r: -3.3646172874023715e+34, e: 1.7698181917992555e+33
#ERR  p: [372, 256], r: 1.3826677083134372e+35, e: 1.6565588719140302e+34
#ERR  p: [373, 256], r: -6.6633137725367807e+34, e: -1.8480412088986221e+34
#ERR  p: [374, 256], r: 4.4512405732477936e+33, e: 2.6863682613904930e+34
#ERR  p: [375, 256], r: -2.4655672952794898e+34, e: 3.6869246325626267e+34
#ERR  p: [376, 256], r: -7.6335336493337015e+32, e: 3.7769463942794202e+34
#ERR  p: [377, 256], r: -8.5702182875393991e+34, e: -1.1297552213121916e+34
#ERR  p: [378, 256], r: 2.7020336498236260e+34, e: 1.0900220502232802e+34
#ERR  p: [379, 256], r: -8.4310520393790309e+34, e: -2.9460160335222794e+34
#ERR  p: [380, 256], r: 2.9048755721967084e+34, e: 4.0093198714656711e+34
#ERR  p: [381, 256], r: 5.6660951352985684e+34, e: -2.2959885741739977e+34
#ERR  p: [382, 256], r: 1.3650230023102917e+35, e: 1.9300403763968228e+34
#ERR  p: [383, 256], r: 1.5097604758234598e+34, e: -2.2993851102597850e+33
#ERR  p: [384, 256], r: -1.1870583268258757e+35, e: 1.2657048060744806e+34
#ERR  p: [385, 256], r: -3.3628215315813841e+34, e: 7.0689378247790481e+33
#ERR  p: [386, 256], r: -1.4826314655209348e+35, e: -1.8663954030970829e+34
#ERR  p: [387, 256], r: -1.2928614967162840e+34, e: -1.4320698348379879e+34
#ERR  p: [388, 256], r: -5.1226538181567421e+34, e: 7.9623238698401874e+33
#ERR  p: [389, 256], r: 2.4001070067061417e+34, e: 8.4002228758166835e+33
#ERR  p: [390, 256], r: -7.8995439690399000e+34, e: -5.2239599604046396e+32
#ERR  p: [391, 256], r: 7.1430105859997084e+34, e: 1.1869678581678047e+34
#ERR  p: [392, 256], r: -2.9323719535852917e+34, e: 7.8559473727793848e+32
#ERR  p: [393, 256], r: -7.8514044423202173e+34, e: 6.2407458802343095e+32
#ERR  p: [394, 256], r: -1.5143698217657350e+34, e: 5.4601029031135125e+33
#ERR  p: [395, 256], r: -7.0287276753930000e+33, e: 3.5995582522301002e+31
#ERR  p: [396, 256], r: -9.6686702142541970e+34, e: 2.1078897749047806e+34
#ERR  p: [397, 256], r: -9.6295760678135647e+34, e: -3.9396253327819513e+34
#ERR  p: [398, 256], r: -4.6334991427936741e+34, e: -2.9560849426258110e+34
#ERR  p: [399, 256], r: -1.2641905083008252e+35, e: -1.2076491939491161e+33
#ERR  p: [400, 256], r: 5.0729065168110375e+32, e: -2.5229624973423965e+33
#ERR  p: [401, 256], r: -4.4601692157811395e+34, e: -4.0132320095778208e+34
#ERR  p: [402, 256], r: 8.9663452351822808e+34, e: -1.7905792509190969e+34
#ERR  p: [403, 256], r: -8.8296925004776776e+34, e: -3.7045910272752605e+34
#ERR  p: [404, 256], r: -7.9555954181386635e+34, e: 2.0114068327409448e+33
#ERR  p: [405, 256], r: -1.7076436065399775e+35, e: 7.9052251234681885e+33
#ERR  p: [406, 256], r: -7.0470840978835315e+34, e: -4.4166605751604155e+34
#ERR  p: [407, 256], r: 6.0452751789796489e+34, e: 2.6348340554950819e+33
#ERR  p: [408, 256], r: -1.7318212687536430e+35, e: 1.2382683409837988e+34
#ERR  p: [409, 256], r: -4.7046940648050078e+34, e: 1.5498858263168168e+34
#ERR  p: [410, 256], r: -5.1130246253551647e+34, e: 2.4219177770822951e+34
#ERR  p: [411, 256], r: 6.7972856242923074e+34, e: -1.2754899328982565e+33
#ERR  p: [412, 256], r: -1.4713160993506476e+35, e: -5.0436653208340834e+34
#ERR  p: [413, 256], r: -1.1198264965387087e+35, e: -2.7449574875697915e+34
#ERR  p: [414, 256], r: -1.0191456254252539e+35, e: 5.4584471583109683e+33
#ERR  p: [415, 256], r: -1.4756132615738158e+34, e: -1.4753424002932201e+34
#ERR  p: [416, 256], r: 1.1233860198100683e+35, e: 5.8783404502100625e+34
#ERR  p: [417, 256], r: 3.8843522384828886e+33, e: -3.6651693219002332e+34
#ERR  p: [418, 256], r: 1.0916982210364726e+35, e: 4.7630987141244488e+33
#ERR  p: [419, 256], r: -9.4988713874097199e+34, e: -3.0533449397523062e+34
#ERR  p: [420, 256], r: -8.9094594144970390e+34, e: -5.0343906740597574e+34
#ERR  p: [421, 256], r: -1.1013911925088740e+35, e: -2.4079548037911874e+34
#ERR  p: [422, 256], r: 7.5093997380188767e+34, e: 2.8139117381100186e+34
#ERR  p: [423, 256], r: 1.7788201822799290e+34, e: 2.1455818304569182e+34
#ERR  p: [424, 256], r: -3.4420743291024302e+33, e: 4.1390599489909047e+33
#ERR  p: [425, 256], r: -1.2819459356610844e+35, e: 1.0439924685065555e+34
#ERR  p: [426, 256], r: 6.9459245896332873e+34, e: -8.1131464376164628e+33
#ERR  p: [427, 256], r: -3.7429658686560660e+33, e: 1.8070700977704253e+34
#ERR  p: [428, 256], r: -3.8265345584330747e+34, e: -4.2081914725447574e+34
#ERR  p: [429, 256], r: -2.1184225710895333e+33, e: 1.6867542101762635e+34
#ERR  p: [430, 256], r: -8.8349057135711162e+34, e: -2.2882053975590026e+34
#ERR  p: [431, 256], r: 4.9567064703624898e+34, e: 2.9436847448402972e+34
#ERR  p: [432, 256], r: 3.2592178345175749e+34, e: -4.9316862166404851e+34
#ERR  p: [433, 256], r: 1.9984612295226228e+33, e: -1.9295283953450754e+33
#ERR  p: [434, 256], r: 4.8298458413686340e+34, e: 2.5770447861691697e+34
#ERR  p: [435, 256], r: 1.4131412364612987e+35, e: 3.3438223706224557e+34
#ERR  p: [436, 256], r: -1.5266214172289330e+35, e: 9.4950731397811845e+33
#ERR  p: [437, 256], r: -1.5095476739307066e+34, e: 7.0950428853574785e+32
#ERR  p: [438, 256], r: -1.2126520934092805e+35, e: 4.9040066201260876e+31
#ERR  p: [439, 256], r: 1.9663167237200338e+34, e: -2.2744905074517677e+34
#ERR  p: [440, 256], r: -1.3150680612817978e+35, e: 1.1020259834022187e+33
#ERR  p: [441, 256], r: -1.1279755091941134e+35, e: -2.1908077415001389e+34
#ERR  p: [442, 256], r: -5.2065321786345781e+34, e: -4.0658402522513158e+34
#ERR  p: [443, 256], r: -1.4289853834361044e+34, e: -1.5332463028667702e+34
#ERR  p: [444, 256], r: 8.0886343582805847e+34, e: 1.4106519866303037e+34
#ERR  p: [445, 256], r: 8.7903725537738797e+34, e: 2.5662430165623812e+34
#ERR  p: [446, 256], r: -2.1657857546620792e+34, e: -6.4352561257094905e+33
#ERR  p: [447, 256], r: 7.4535225908776447e+34, e: -3.9855127989821661e+34
#ERR  p: [448, 256], r: -8.4611201174052257e+34, e: -1.6566671916674677e+34
#ERR  p: [449, 256], r: 2.4915479428839720e+34, e: -1.5500513389000693e+34
#ERR  p: [450, 256], r: -5.9676157340831670e+34, e: -1.4796725907566365e+34
#ERR  p: [451, 256], r: 7.8665434586486461e+34, e: -1.5404556942735565e+34
#ERR  p: [452, 256], r: -2.2527870417182196e+35, e: -2.7921945560008352e+34
#ERR  p: [453, 256], r: -1.2832707295735260e+35, e: -8.0019268096369660e+32
#ERR  p: [454, 256], r: -1.2655701677158080e+35, e: -1.3578424549064208e+34
#ERR  p: [455, 256], r: 8.0978446321728680e+34, e: -6.5563792740032703e+33
#ERR  p: [456, 256], r: 9.0405107181118836e+34, e: 1.0066976679130245e+34
#ERR  p: [457, 256], r: 6.8704939319835348e+34, e: 7.6917275084129533e+33
#ERR  p: [458, 256], r: 7.4547961835900615e+34, e: -1.3496549670745951e+34
#ERR  p: [459, 256], r: -7.9576102893466044e+34, e: -2.7967199696084468e+34
#ERR  p: [460, 256], r: -1.9091674693944320e+34, e: 3.2829669714072414e+34
#ERR  p: [461, 256], r: -7.7888841375461681e+33, e: -2.6084466207936905e+34
#ERR  p: [462, 256], r: 1.3463345643012239e+35, e: 4.6679539851430805e+34
#ERR  p: [463, 256], r: -1.1414331739302853e+33, e: 4.5990363776280163e+34
#ERR  p: [464, 256], r: -5.8978211698442730e+33, e: 5.6437339767809487e+34
#ERR  p: [465, 256], r: 4.4282783948411009e+34, e: 2.5220497950999324e+34
#ERR  p: [466, 256], r: 2.7183717348741066e+35, e: 4.3553543181828934e+34
#ERR  p: [467, 256], r: -5.8967094996889947e+34, e: -1.3162855505516341e+34
#ERR  p: [468, 256], r: -1.2466570188308091e+35, e: -2.2727005390004640e+33
#ERR  p: [469, 256], r: 1.6173312755371629e+34, e: 6.7609135842040598e+33
#ERR  p: [470, 256], r: 1.3222314755955250e+35, e: 3.4004727351122254e+34
#ERR  p: [471, 256], r: -4.8919844892285715e+34, e: 3.7228320118571286e+33
#ERR  p: [472, 256], r: -2.1848102686330122e+35, e: -3.3950371879877311e+34
#ERR  p: [473, 256], r: 7.8885025342415059e+34, e: 2.7293089970181949e+33
#ERR  p: [474, 256], r: -1.7578502950548606e+35, e: -3.4205610357177171e+34
#ERR  p: [475, 256], r: -1.0131308213975772e+35, e: -9.0879391101759989e+32
#ERR  p: [476, 256], r: -2.1687293284874920e+34, e: -1.5724842979399675e+34
#ERR  p: [477, 256], r: 4.2092372842899457e+34, e: 5.9196391202726542e+34
#ERR  p: [478, 256], r: -7.4911584439519988e+34, e: -1.2274992529940474e+34
#ERR  p: [479, 256], r: 6.8359915527366199e+34, e: 3.0496269106383165e+34
#ERR  p: [480, 256], r: 2.5834845502535322e+34, e: 3.3576694727258862e+34
#ERR  p: [481, 256], r: -8.4216559506868510e+33, e: -1.8354111256478130e+34
#ERR  p: [482, 256], r: 7.3368502084071076e+34, e: -4.7583077623784104e+34
#ERR  p: [483, 256], r: -8.3515426168878409e+34, e: -2.3978606407108545e+34
#ERR  p: [484, 256], r: -1.2831952647487312e+35, e: 4.0992134444913967e+33
#ERR  p: [485, 256], r: 5.9330425446660049e+34, e: 1.2025479525322309e+34
#ERR  p: [486, 256], r: 7.3664978819959610e+34, e: 2.6862496667347295e+34
#ERR  p: [487, 256], r: -1.4518139881125583e+34, e: -2.6165377968904597e+34
#ERR  p: [488, 256], r: -6.7718722008138257e+34, e: -8.6698859851968014e+31
#ERR  p: [489, 256], r: 4.0391089178070109e+34, e: -5.4314772728210931e+34
#ERR  p: [490, 256], r: -1.4260544365990924e+35, e: -3.0814065645628272e+34
#ERR  p: [491, 256], r: 3.5537175801633705e+34, e: 1.3040979070708656e+34
#ERR  p: [492, 256], r: 1.1942362993144649e+34, e: -1.4360179970052808e+34
#ERR  p: [493, 256], r: 4.1775534469244757e+34, e: -2.3194016722400001e+33
#ERR  p: [494, 256], r: 6.3824444894875408e+34, e: -1.3482690932006151e+34
#ERR  p: [495, 256], r: 1.2624951246582231e+35, e: 3.0740705318900220e+34
#ERR  p: [496, 256], r: -1.0707459373187628e+35, e: 3.0031496898033861e+31
#ERR  p: [497, 256], r: 3.2501843384629016e+34, e: 4.9057586147666862e+33
#ERR  p: [498, 256], r: 1.9348226006655842e+33, e: 1.0030460542821424e+34
#ERR  p: [499, 256], r: 4.5088687865745949e+34, e: 3.6476475185841880e+34
#ERR  p: [500, 256], r: -1.4116178769665557e+35, e: -7.9435151040593010e+34
#SDC Ite:2 KerTime:2.7276114 AccTime:5.4700405 KerErr:524288 AccErr:524288
#ABORT too many errors per iteration
#END
