#HEADER matrix_dim:2048 threads:4 block_size:16 block_offset:12 precision:Float
#BEGIN Y:2023 M:10 D:19 Time:12:38:04
#IT 0 KerTime:2.6376251 AccTime:2.6376251
#IT 1 KerTime:2.7104444 AccTime:5.3480695
#IT 2 KerTime:2.6318353 AccTime:7.9799048
#IT 3 KerTime:2.6988451 AccTime:10.6787498
#ERR  p: [1062, 253], r: -8.6820943951217289e+33, e: 6.0638651388585916e+32
#ERR  p: [1063, 253], r: -1.8969615044010821e+34, e: -7.5695304471350934e+33
#ERR  p: [1624, 443], r: 3.0302649094538735e+33, e: 2.0544651107753768e+34
#SDC Ite:4 KerTime:2.6988451 AccTime:10.6787498 KerErr:3 AccErr:3
#IT 4 KerTime:2.7170744 AccTime:13.3958242
#IT 5 KerTime:2.6920437 AccTime:16.0878679
#ERR  p: [1837, 436], r: -5.0444194739060161e+34, e: -1.5434172182295389e+34
#SDC Ite:6 KerTime:2.6920437 AccTime:16.0878679 KerErr:1 AccErr:4
#IT 6 KerTime:2.5882251 AccTime:18.6760930
#IT 7 KerTime:2.6881858 AccTime:21.3642788
#ERR  p: [1096, 116], r: 1.9713446171895913e+34, e: -1.5508708552060762e+33
#ERR  p: [1097, 116], r: 1.8041190963047768e+34, e: 4.9224172643903397e+33
#ERR  p: [1942, 116], r: -1.7536526136932493e+34, e: 1.2653077987038818e+34
#SDC Ite:8 KerTime:2.6881858 AccTime:21.3642788 KerErr:3 AccErr:7
#IT 8 KerTime:2.6152227 AccTime:23.9795014
#IT 9 KerTime:2.5904511 AccTime:26.5699526
#IT 10 KerTime:2.5857945 AccTime:29.1557471
#IT 11 KerTime:2.6835039 AccTime:31.8392510
#ERR  p: [1911, 827], r: 1.9209896729756035e+34, e: 2.1577785108999735e+34
#ERR  p: [1909, 829], r: -2.6380257125043675e+34, e: -2.6273913123908904e+34
#SDC Ite:12 KerTime:2.6835039 AccTime:31.8392510 KerErr:2 AccErr:9
#IT 12 KerTime:2.6123861 AccTime:34.4516372
#IT 13 KerTime:2.5886565 AccTime:37.0402937
#IT 14 KerTime:2.5884682 AccTime:39.6287618
#IT 15 KerTime:2.6536348 AccTime:42.2823966
#ERR  p: [1803, 53], r: 1.0032996462991900e+34, e: -3.1647224050868118e+34
#SDC Ite:16 KerTime:2.6536348 AccTime:42.2823966 KerErr:1 AccErr:10
#IT 16 KerTime:2.6078678 AccTime:44.8902644
#ERR  p: [1863, 116], r: 1.6073591733447035e+34, e: -3.1433262827268171e+32
#SDC Ite:17 KerTime:2.6078678 AccTime:44.8902644 KerErr:1 AccErr:11
#ABORT amount of errors equals of the last iteration
#END
