#HEADER matrix_dim:2048 threads:4 block_size:16 block_offset:12 precision:Float
#BEGIN Y:2024 M:06 D:09 Time:22:39:29
#IT 0 KerTime:2.3425336 AccTime:2.3425336
#ERR  p: [1536, 1360], r: 8.3194423364931553e+33, e: 4.9190215948625799e+33
#ERR  p: [1537, 1360], r: -1.9705035607269008e+34, e: -1.8330783514377836e+34
#ERR  p: [512, 1888], r: 5.9968699903275355e+33, e: 8.4165822534358398e+33
#ERR  p: [1538, 1360], r: -1.7551344279202739e+34, e: -1.5643614305781926e+34
#ERR  p: [513, 1888], r: -1.5764676176043761e+34, e: -1.6326492979952723e+34
#ERR  p: [1539, 1360], r: 4.2488757529658518e+33, e: 6.2718978676104015e+32
#ERR  p: [514, 1888], r: 3.7666133087715052e+34, e: 3.8697961062219573e+34
#ERR  p: [1540, 1360], r: -9.6834424289489855e+33, e: -9.2809782186569941e+33
#ERR  p: [515, 1888], r: 3.9910434817986794e+33, e: 2.0037399605926406e+33
#ERR  p: [1541, 1360], r: -3.9532493580903027e+34, e: -3.8447899650164005e+34
#ERR  p: [516, 1888], r: -2.6308592776169444e+34, e: -2.4810477354707534e+34
#ERR  p: [1542, 1360], r: 2.1603405516052785e+34, e: 1.6911797220227048e+34
#ERR  p: [517, 1888], r: -4.5544804397340569e+34, e: -4.8618292602236111e+34
#ERR  p: [1543, 1360], r: 3.2057066383794251e+34, e: 3.3383217078518950e+34
#ERR  p: [518, 1888], r: -6.6849572972136267e+33, e: -5.5557851456599385e+33
#ERR  p: [1544, 1360], r: -2.6052168352311949e+34, e: -2.6457489728214611e+34
#ERR  p: [1545, 1360], r: 2.7515851709521176e+34, e: 2.9052808737655704e+34
#ERR  p: [519, 1888], r: 3.6723986441416520e+34, e: 3.5090658257103704e+34
#ERR  p: [1546, 1360], r: 5.0661814075476197e+32, e: -3.7636394673121318e+32
#ERR  p: [520, 1888], r: 5.0919447966752074e+33, e: 8.2594183378083251e+33
#ERR  p: [1547, 1360], r: -2.9414839350384556e+34, e: -2.8676556669755541e+34
#ERR  p: [521, 1888], r: 2.0223171696891786e+34, e: 1.6555922883313562e+34
#ERR  p: [1548, 1360], r: -8.5236764462344181e+33, e: -1.1001512470067250e+34
#ERR  p: [522, 1888], r: -1.7972099053575172e+34, e: -1.9277338465156263e+34
#ERR  p: [1549, 1360], r: 1.4771151304294768e+34, e: 1.2352924569233606e+34
#ERR  p: [523, 1888], r: 1.0625056142060605e+34, e: 8.9548286789968089e+33
#ERR  p: [1550, 1360], r: -2.7791427065786416e+34, e: -2.3651978403623176e+34
#ERR  p: [524, 1888], r: -1.7974938888025293e+34, e: -1.7448393471715649e+34
#ERR  p: [1551, 1360], r: 2.0820879477389730e+33, e: -1.6832091212857619e+33
#ERR  p: [525, 1888], r: 2.9429620354453624e+34, e: 2.6107464657986749e+34
#ERR  p: [526, 1888], r: 3.8488625401576415e+34, e: 3.8250391268656180e+34
#ERR  p: [1536, 1361], r: 1.2528192119995630e+34, e: 1.7179486898442040e+34
#ERR  p: [527, 1888], r: 4.3670226458171817e+34, e: 3.7826988540539715e+34
#ERR  p: [1537, 1361], r: -2.8225775659730241e+34, e: -2.7282282134668967e+34
#ERR  p: [1538, 1361], r: 2.0495858320075354e+33, e: 3.7121572548983707e+33
#ERR  p: [512, 1889], r: 4.3124077023400050e+34, e: 4.1018903041353454e+34
#ERR  p: [1539, 1361], r: 1.3264298502035582e+34, e: 1.4328754862155548e+34
#ERR  p: [513, 1889], r: 1.4292191065155215e+34, e: 1.4334290930011232e+34
#ERR  p: [1540, 1361], r: 4.5903197942234000e+34, e: 4.4758063791813767e+34
#ERR  p: [514, 1889], r: 2.2537126742443941e+34, e: 2.4006720025400716e+34
#ERR  p: [1541, 1361], r: -3.7058236441723769e+33, e: -3.2148751936923844e+33
#ERR  p: [515, 1889], r: 6.1227932511236444e+33, e: 5.9241979582613266e+33
#ERR  p: [1542, 1361], r: -5.9198272871586256e+34, e: -5.7095993193351509e+34
#ERR  p: [516, 1889], r: 9.4360258757873505e+33, e: 9.4880243091974936e+33
#ERR  p: [1543, 1361], r: 9.4213148153305027e+33, e: 1.2774011111536568e+34
#ERR  p: [517, 1889], r: 2.4793532431449796e+34, e: 2.4103682916917782e+34
#ERR  p: [1544, 1361], r: -4.7704975103572457e+34, e: -4.2018784735204177e+34
#ERR  p: [518, 1889], r: 2.3610977829522044e+34, e: 2.1844174950173478e+34
#ERR  p: [1545, 1361], r: 1.1398251207677546e+34, e: 1.3865188407404509e+34
#ERR  p: [519, 1889], r: 1.1255462251786213e+34, e: 1.5532215795466752e+34
#ERR  p: [1546, 1361], r: -3.4631365171368277e+34, e: -3.7179105193339476e+34
#ERR  p: [520, 1889], r: 1.4266745207647704e+34, e: 8.7938036283867630e+33
#ERR  p: [1547, 1361], r: 3.0300071084406923e+33, e: 2.1627439193460482e+33
#ERR  p: [1548, 1361], r: 1.1024457688695404e+34, e: 1.4460397405933156e+34
#ERR  p: [521, 1889], r: -1.0784496629420365e+34, e: -9.6453832003811958e+33
#ERR  p: [1549, 1361], r: -9.9212387024773260e+34, e: -9.7465386234293103e+34
#ERR  p: [522, 1889], r: -2.1585426603377234e+33, e: -1.5116942310103265e+33
#ERR  p: [2016, 984], r: 4.5524383338452517e+34, e: 4.5524422952533774e+34
#ERR  p: [1550, 1361], r: -7.6698642493791342e+33, e: -4.2988145636356339e+33
#ERR  p: [523, 1889], r: -3.8188484363171596e+34, e: -3.7452692417901623e+34
#ERR  p: [1551, 1361], r: 2.0433905610809317e+33, e: 5.0711761861211264e+33
#ERR  p: [524, 1889], r: -1.6496944943961928e+34, e: -1.7419904757591575e+34
#ERR  p: [525, 1889], r: 5.9044614802149998e+33, e: 5.4222912625535799e+33
#ERR  p: [1536, 1362], r: 1.4893136677825910e+34, e: 1.4851133372292957e+34
#ERR  p: [526, 1889], r: 2.1085880659324405e+33, e: 2.5203516817995436e+33
#ERR  p: [1537, 1362], r: -2.9246709761889052e+34, e: -2.7396984706948994e+34
#ERR  p: [527, 1889], r: -6.4086675257517152e+34, e: -6.3338295937927725e+34
#ERR  p: [1538, 1362], r: 2.6595596794877367e+34, e: 2.7499421769319780e+34
#ERR  p: [1539, 1362], r: 1.8264559602491255e+33, e: 3.4986110506965935e+33
#ERR  p: [512, 1890], r: -2.3000950688723151e+34, e: -2.2401535169941013e+34
#ERR  p: [1540, 1362], r: -1.3865649540069143e+33, e: -4.7472456539813602e+33
#ERR  p: [513, 1890], r: 3.3310923856104762e+33, e: 8.0674324068157519e+32
#ERR  p: [1541, 1362], r: -3.0292625494040641e+34, e: -3.0682338921927993e+34
#ERR  p: [514, 1890], r: -4.4900832940664471e+34, e: -4.5679903269707861e+34
#ERR  p: [1542, 1362], r: -1.6494278421117307e+34, e: -1.5396265220352432e+34
#ERR  p: [515, 1890], r: -9.1413862429171157e+33, e: -1.3600135541473195e+34
#ERR  p: [1543, 1362], r: 2.5141997697228159e+34, e: 2.7808371989044154e+34
#ERR  p: [516, 1890], r: -4.6012904188515471e+34, e: -4.6293322366214395e+34
#ERR  p: [1544, 1362], r: 2.6572147734653223e+34, e: 2.7848003401461836e+34
#ERR  p: [517, 1890], r: 1.5812642638745951e+34, e: 1.5168681085590168e+34
#ERR  p: [1545, 1362], r: -1.8595864852930054e+34, e: -1.8271170511786049e+34
#ERR  p: [518, 1890], r: 9.7255262005844920e+33, e: 8.6051657062304372e+33
#ERR  p: [1546, 1362], r: 3.6791790893248259e+34, e: 3.3636544176398153e+34
#ERR  p: [519, 1890], r: -4.3893349057032496e+33, e: -5.5815689607981744e+33
#ERR  p: [1547, 1362], r: 1.4422449591968902e+34, e: 1.1539532352601029e+34
#ERR  p: [520, 1890], r: 1.2297613408278336e+34, e: 1.3094633867891363e+34
#ERR  p: [1548, 1362], r: 1.4425617480529433e+34, e: 1.7323576929314662e+34
#ERR  p: [521, 1890], r: -1.1126223787564898e+34, e: -1.1752596688642515e+34
#ERR  p: [1549, 1362], r: 3.0248440938158467e+34, e: 3.2412456686152376e+34
#ERR  p: [522, 1890], r: -5.0496024812624961e+34, e: -5.0504576502416345e+34
#ERR  p: [1550, 1362], r: 3.7321299938011952e+34, e: 3.9987711368029125e+34
#ERR  p: [523, 1890], r: 2.0885836048161093e+34, e: 2.0205860343382420e+34
#ERR  p: [1551, 1362], r: 3.0029216612481498e+34, e: 3.1783850541243889e+34
#ERR  p: [524, 1890], r: -6.1213021523463252e+33, e: -7.4116113880836145e+33
#ERR  p: [1536, 1363], r: -1.3922522362383972e+34, e: -1.1156157177714819e+34
#ERR  p: [525, 1890], r: -1.8768681282414293e+34, e: -1.7371492636475242e+34
#ERR  p: [1537, 1363], r: -2.9745740722885539e+34, e: -3.2016041050892333e+34
#ERR  p: [526, 1890], r: -3.9231916787604379e+33, e: -8.5544581347962589e+32
#ERR  p: [1538, 1363], r: 2.8683367815851689e+33, e: 4.9045964985548070e+33
#ERR  p: [527, 1890], r: 5.9990072938053618e+33, e: 5.5663868641563785e+33
#ERR  p: [1539, 1363], r: -1.2911033742724909e+34, e: -1.3191770071013930e+34
#ERR  p: [512, 1891], r: 1.9459128721985282e+34, e: 1.7032689492703501e+34
#ERR  p: [1540, 1363], r: 1.3214428087552970e+33, e: 4.6838210340086130e+33
#ERR  p: [513, 1891], r: -1.2787508371784896e+34, e: -1.2821883490795773e+34
#ERR  p: [1541, 1363], r: -4.0893801772743431e+32, e: -1.1384809964215995e+33
#ERR  p: [514, 1891], r: 1.7220575366285961e+34, e: 1.5703269398335049e+34
#ERR  p: [1542, 1363], r: 2.7087034231672877e+34, e: 2.6864853705182094e+34
#ERR  p: [515, 1891], r: -3.4453255310276054e+34, e: -4.1004416667013737e+34
#ERR  p: [1543, 1363], r: -4.1401513169295387e+34, e: -4.3050553288586813e+34
#ERR  p: [516, 1891], r: -3.8811824311152964e+34, e: -3.9809643596898237e+34
#ERR  p: [1544, 1363], r: 8.3302736928668828e+33, e: 9.5258860863290173e+33
#ERR  p: [517, 1891], r: -2.3343260916626187e+34, e: -2.4956809294991302e+34
#ERR  p: [1545, 1363], r: 1.6028169237525575e+34, e: 1.7494868216670501e+34
#ERR  p: [518, 1891], r: 1.3340319161908058e+34, e: 1.3110238102086556e+34
#ERR  p: [1546, 1363], r: -1.3617659820669319e+34, e: -1.8282548418687121e+34
#ERR  p: [519, 1891], r: 3.9657324978584486e+34, e: 4.0582402907621350e+34
#ERR  p: [1547, 1363], r: -2.6169426032833061e+34, e: -2.6215358560050705e+34
#ERR  p: [520, 1891], r: 1.7652537521319054e+33, e: 1.2780896843520083e+33
#ERR  p: [1548, 1363], r: 3.7700837498776378e+34, e: 3.7525569948014354e+34
#ERR  p: [521, 1891], r: -8.7948478308099003e+33, e: -1.0246277438540260e+34
#ERR  p: [1549, 1363], r: -1.0702431108336059e+34, e: -6.9817719907328859e+33
#ERR  p: [522, 1891], r: 1.2227438301271365e+34, e: 1.3062297636125190e+34
#ERR  p: [1550, 1363], r: 3.1308761340607181e+34, e: 3.0698298444914460e+34
#ERR  p: [523, 1891], r: 1.4967746086053601e+34, e: 1.5014104464644760e+34
#ERR  p: [1551, 1363], r: 2.3085177653116050e+34, e: 2.5694178375871325e+34
#ERR  p: [524, 1891], r: 1.0327090783274830e+34, e: 9.9844438356811079e+33
#ERR  p: [1536, 1364], r: -8.8715394541836689e+33, e: -1.1340110115792469e+34
#ERR  p: [525, 1891], r: 8.0265723389090790e+33, e: 6.7156854448687684e+33
#ERR  p: [1537, 1364], r: -2.4955554023791467e+34, e: -2.5455523343337732e+34
#ERR  p: [526, 1891], r: -1.3250650213102461e+34, e: -1.3019279219760023e+34
#ERR  p: [1538, 1364], r: -6.2606787265193679e+33, e: -4.9589990115212424e+33
#ERR  p: [527, 1891], r: 7.5978402789234911e+33, e: 6.9731088863379668e+33
#ERR  p: [1539, 1364], r: -1.0890689601870344e+34, e: -1.3035516041315290e+34
#ERR  p: [512, 1892], r: -2.7901915690172715e+34, e: -3.0568265223187924e+34
#ERR  p: [1540, 1364], r: 3.9101663212550850e+34, e: 4.1036362947667535e+34
#ERR  p: [513, 1892], r: 6.6792059515851107e+34, e: 6.8377424951281851e+34
#ERR  p: [1541, 1364], r: 9.1286534106430459e+32, e: 4.7541694526210833e+32
#ERR  p: [514, 1892], r: -4.3515563181423659e+34, e: -4.4638741227307127e+34
#ERR  p: [1542, 1364], r: -3.6977457140340280e+34, e: -3.6211484216912530e+34
#ERR  p: [515, 1892], r: -2.7752709253117726e+34, e: -2.4182373813454997e+34
#ERR  p: [1543, 1364], r: -2.6733797944983108e+34, e: -2.8669017614916293e+34
#ERR  p: [516, 1892], r: 2.2976263688459722e+34, e: 2.3023770875407338e+34
#ERR  p: [1544, 1364], r: -1.4522628651708032e+34, e: -1.7434415890732078e+34
#ERR  p: [517, 1892], r: -1.3307929698720195e+34, e: -1.0522567086208168e+34
#ERR  p: [1545, 1364], r: 4.6637395420733374e+34, e: 4.4580894765151400e+34
#ERR  p: [518, 1892], r: 3.9025146757692640e+33, e: 2.0618245714634254e+33
#ERR  p: [1546, 1364], r: 5.6859289154319830e+34, e: 5.7425042607553720e+34
#ERR  p: [519, 1892], r: 3.7731193026479695e+33, e: 6.0250483683580116e+32
#ERR  p: [1547, 1364], r: -1.3066126584666700e+34, e: -1.6301235289331184e+34
#ERR  p: [520, 1892], r: -4.9411118920996040e+34, e: -4.9366964075674809e+34
#ERR  p: [1548, 1364], r: -2.2812672388148238e+34, e: -2.3477928985859808e+34
#ERR  p: [521, 1892], r: -2.9697626945318673e+34, e: -3.1353510397147269e+34
#ERR  p: [1549, 1364], r: -1.4884861048663287e+33, e: -1.9266203194502891e+33
#ERR  p: [522, 1892], r: 3.2589459828849478e+34, e: 2.8410080172779049e+34
#ERR  p: [1550, 1364], r: -3.9082928227996305e+34, e: -4.1411899486224991e+34
#ERR  p: [523, 1892], r: 1.3963321152258700e+34, e: 1.5158559687828971e+34
#ERR  p: [1551, 1364], r: 1.4642115862239896e+34, e: 1.3297564426771259e+34
#ERR  p: [524, 1892], r: 4.8260146645350536e+34, e: 4.8073603936710701e+34
#ERR  p: [1536, 1365], r: -2.4288467750701832e+34, e: -2.3370966014705394e+34
#ERR  p: [525, 1892], r: 3.8584498905858911e+34, e: 4.1056878089998572e+34
#ERR  p: [1537, 1365], r: -4.3994903468155273e+34, e: -4.1573433330191183e+34
#ERR  p: [526, 1892], r: 2.0927027265028275e+34, e: 2.2383466197127604e+34
#ERR  p: [1538, 1365], r: 8.4873924236829636e+33, e: 7.0243837437951476e+33
#ERR  p: [527, 1892], r: 4.8311547772691724e+33, e: 6.8813441050458594e+33
#ERR  p: [1539, 1365], r: 5.2251821167084241e+33, e: 6.4237661852348632e+33
#ERR  p: [512, 1893], r: 1.6140253566622513e+34, e: 1.4569681514661230e+34
#ERR  p: [1540, 1365], r: 1.2044132960576766e+33, e: 2.7232585650761876e+33
#ERR  p: [513, 1893], r: -2.8802096169139472e+34, e: -2.3928806555208172e+34
#ERR  p: [1541, 1365], r: 8.5649605086045462e+33, e: 5.8357793288954076e+33
#ERR  p: [514, 1893], r: 3.2596604599786214e+33, e: 2.9555951516492677e+33
#ERR  p: [1542, 1365], r: 1.5766599934864810e+34, e: 1.7328781229239817e+34
#ERR  p: [515, 1893], r: 1.1620075207437015e+34, e: 8.6869006973242544e+33
#ERR  p: [1543, 1365], r: 2.9579812810749903e+33, e: 4.2291949822212928e+33
#ERR  p: [516, 1893], r: -6.0991859821624801e+34, e: -6.1671795912322217e+34
#ERR  p: [1544, 1365], r: 9.7010589346780361e+33, e: 1.2529686313623048e+34
#ERR  p: [517, 1893], r: -1.7494241819010623e+34, e: -1.2229470998815872e+34
#ERR  p: [1545, 1365], r: -1.7783954450524502e+34, e: -1.7881474415059247e+34
#ERR  p: [518, 1893], r: 2.6012398290609867e+34, e: 2.3738441087727024e+34
#ERR  p: [1546, 1365], r: -2.0820783537036686e+33, e: 9.8989716583511930e+32
#ERR  p: [519, 1893], r: 2.4784624214927099e+34, e: 2.5251996097358901e+34
#ERR  p: [1547, 1365], r: -2.3854530152851049e+34, e: -2.1113178784615696e+34
#ERR  p: [520, 1893], r: 1.7823203339470045e+34, e: 1.3768444631274396e+34
#ERR  p: [1548, 1365], r: -2.0234966789586098e+34, e: -2.3220080930957135e+34
#ERR  p: [521, 1893], r: -2.3671822582452920e+34, e: -2.3201722280174533e+34
#ERR  p: [1549, 1365], r: 4.6676764389862727e+33, e: 5.1437355656437604e+33
#ERR  p: [522, 1893], r: 3.2728430977659655e+34, e: 3.2283822336670232e+34
#ERR  p: [1550, 1365], r: 2.3096002200819561e+34, e: 2.1864583629661136e+34
#ERR  p: [523, 1893], r: -5.8792327573903794e+34, e: -5.7661518865618171e+34
#ERR  p: [1551, 1365], r: -2.0558574219375610e+34, e: -1.7672122661195578e+34
#ERR  p: [524, 1893], r: 5.9516300905618710e+33, e: 1.1274533956031444e+34
#ERR  p: [1536, 1366], r: -1.1392687905140998e+34, e: -1.4294666945233786e+34
#ERR  p: [525, 1893], r: 2.2832806244947175e+34, e: 2.0612833131297488e+34
#ERR  p: [1537, 1366], r: 1.5724555777310561e+34, e: 1.3888017259668971e+34
#ERR  p: [526, 1893], r: 6.1945523024108804e+33, e: 4.5668898601728633e+33
#ERR  p: [1538, 1366], r: -2.6671480043405482e+34, e: -3.2538810750082156e+34
#ERR  p: [527, 1893], r: -3.2737871508399246e+34, e: -3.2692860008570829e+34
#ERR  p: [1539, 1366], r: -6.5805406449260188e+34, e: -6.2649426871906825e+34
#ERR  p: [512, 1894], r: -1.0442368378703104e+34, e: -1.2164086719760936e+34
#ERR  p: [1540, 1366], r: -3.7626620517541141e+34, e: -3.7386960277695648e+34
#ERR  p: [513, 1894], r: 6.9307855733048586e+33, e: 3.8179401597103359e+33
#ERR  p: [1541, 1366], r: 2.5808061431845344e+34, e: 2.3319007195376508e+34
#ERR  p: [514, 1894], r: 7.5386314637545303e+33, e: 1.1367258140853997e+34
#ERR  p: [1542, 1366], r: 1.6612977063844146e+34, e: 1.7115622809755346e+34
#ERR  p: [515, 1894], r: 6.7052923192689480e+33, e: 5.3855925300889648e+33
#ERR  p: [1543, 1366], r: 9.9915768461874702e+33, e: 1.0196728269497843e+34
#ERR  p: [516, 1894], r: 8.8384870741047688e+33, e: 1.1095767986718399e+34
#ERR  p: [1544, 1366], r: -8.4742479763458314e+33, e: -1.1292188218931693e+34
#ERR  p: [517, 1894], r: -1.8348070109086417e+34, e: -2.0128175892097144e+34
#ERR  p: [1545, 1366], r: -5.9168210735672250e+33, e: -5.3874977198094250e+33
#ERR  p: [518, 1894], r: 7.0366626234568114e+34, e: 6.8180176537182276e+34
#ERR  p: [1546, 1366], r: -5.3432091769639512e+33, e: -2.3222818944839024e+33
#ERR  p: [519, 1894], r: 1.1803903113570697e+34, e: 8.4287877232531740e+33
#ERR  p: [1547, 1366], r: -8.8665759335961541e+33, e: -5.5803254500287122e+33
#ERR  p: [520, 1894], r: -1.5467712929719787e+34, e: -1.3154980968926447e+34
#ERR  p: [1548, 1366], r: -1.8937063410677812e+34, e: -2.3843802164470602e+34
#ERR  p: [521, 1894], r: -7.1494856313751906e+33, e: -9.2008296477235211e+33
#ERR  p: [1549, 1366], r: -2.7749230641607334e+33, e: -2.8668661088184979e+33
#ERR  p: [522, 1894], r: -1.2115561946101028e+34, e: -1.2195394223354463e+34
#ERR  p: [1550, 1366], r: -3.4469445090109828e+34, e: -4.0216675805935192e+34
#ERR  p: [523, 1894], r: 2.9060068018046074e+34, e: 3.1192974332852741e+34
#ERR  p: [1551, 1366], r: 1.9937044139731678e+34, e: 2.0833849994151343e+34
#ERR  p: [524, 1894], r: -8.1208841818320160e+33, e: -8.2753035843924351e+33
#ERR  p: [525, 1894], r: -3.3757540435837906e+34, e: -3.4928552484839362e+34
#ERR  p: [1536, 1367], r: 2.9814508292067841e+34, e: 2.9062261647795687e+34
#ERR  p: [526, 1894], r: 1.6119445032502165e+34, e: 1.5223604771313142e+34
#ERR  p: [1537, 1367], r: -1.4186300769044842e+33, e: -3.1198735086825555e+33
#ERR  p: [527, 1894], r: 5.1966019188154465e+34, e: 5.2294558571060490e+34
#ERR  p: [1538, 1367], r: 5.8601958392602528e+33, e: 4.2587690602748108e+33
#ERR  p: [1539, 1367], r: 9.2999641955545042e+32, e: -1.4904671184141952e+33
#ERR  p: [512, 1895], r: -1.6387896043841318e+34, e: -1.7265883971723806e+34
#ERR  p: [1540, 1367], r: 1.5028239264013320e+34, e: 1.4762381737056471e+34
#ERR  p: [513, 1895], r: -2.1715877320382019e+34, e: -2.2348058636123963e+34
#ERR  p: [1541, 1367], r: 1.6302795093780683e+34, e: 1.6355140150401826e+34
#ERR  p: [514, 1895], r: 5.2899663662263184e+34, e: 5.3026448529326636e+34
#ERR  p: [1542, 1367], r: 2.0302540984570529e+34, e: 1.9205264358129029e+34
#ERR  p: [515, 1895], r: -2.0974482458494241e+34, e: -2.4985403234018716e+34
#ERR  p: [1543, 1367], r: 9.9993591562444378e+33, e: 7.3377608371000059e+33
#ERR  p: [516, 1895], r: 5.1170008887613494e+34, e: 5.0724637675559871e+34
#ERR  p: [1544, 1367], r: 5.8070312663331028e+33, e: 2.4885695829434553e+33
#ERR  p: [517, 1895], r: 3.1462015841590633e+34, e: 3.1621259496484147e+34
#ERR  p: [1545, 1367], r: 1.6949402124800420e+34, e: 1.5148944607543841e+34
#ERR  p: [518, 1895], r: -1.2991216357009463e+34, e: -1.5146024306991167e+34
#ERR  p: [1546, 1367], r: -6.0379287476105138e+32, e: 4.5990400914481341e+32
#ERR  p: [519, 1895], r: 8.1851914530527737e+33, e: 5.6527548458472212e+33
#ERR  p: [1547, 1367], r: 1.8308073504357146e+34, e: 1.5991182065031807e+34
#ERR  p: [520, 1895], r: -1.0501761027967899e+34, e: -6.5294949301701097e+33
#ERR  p: [1548, 1367], r: -1.2093188655771023e+34, e: -1.2834199756246623e+34
#ERR  p: [521, 1895], r: -3.6394956834254937e+34, e: -3.8737025498099263e+34
#ERR  p: [1549, 1367], r: -4.4419269313622301e+33, e: -4.0771796592171660e+33
#ERR  p: [522, 1895], r: -5.3931863018779491e+34, e: -5.5124682619512998e+34
#ERR  p: [1550, 1367], r: 1.9425158409367252e+34, e: 1.6393697030865409e+34
#ERR  p: [523, 1895], r: -1.4717892647924633e+34, e: -1.4281419748873393e+34
#ERR  p: [1551, 1367], r: -4.2882236771145376e+33, e: -7.9569462583095317e+33
#ERR  p: [524, 1895], r: -4.5853566450178971e+34, e: -4.4037250921019147e+34
#ERR  p: [525, 1895], r: -2.0299139125342573e+34, e: -2.0374388548570574e+34
#ERR  p: [1536, 1368], r: 2.1421596071153158e+33, e: 5.1312181349365263e+33
#ERR  p: [526, 1895], r: -6.5514299897262073e+33, e: -5.5803006912279265e+33
#ERR  p: [1537, 1368], r: 1.8159643255706790e+34, e: 1.6639512308586228e+34
#ERR  p: [527, 1895], r: 2.6409440323529789e+34, e: 2.6791867236345907e+34
#ERR  p: [1538, 1368], r: 1.4476427491501862e+34, e: 1.7369998442847824e+34
#ERR  p: [1539, 1368], r: -2.0363882151457159e+34, e: -1.8894567405009223e+34
#ERR  p: [512, 1896], r: -8.6640278981883981e+33, e: -6.1061479093554132e+33
#ERR  p: [1540, 1368], r: 1.0848712293078216e+34, e: 8.1833512551843760e+33
#ERR  p: [513, 1896], r: -3.5966570159540310e+34, e: -3.5426288560554756e+34
#ERR  p: [1541, 1368], r: -2.5516226971104130e+34, e: -2.6487851445618125e+34
#ERR  p: [514, 1896], r: 1.0759765063315522e+34, e: 8.7562457655348839e+33
#ERR  p: [1542, 1368], r: 2.0405298673411491e+34, e: 2.1053445701840098e+34
#ERR  p: [515, 1896], r: -3.4573947036466143e+34, e: -3.5509304819589233e+34
#ERR  p: [1543, 1368], r: -2.8933029373274569e+33, e: 2.3016050462352335e+33
#ERR  p: [516, 1896], r: 4.2315796261189683e+34, e: 4.0423500924178679e+34
#ERR  p: [1544, 1368], r: 3.0602675004519900e+34, e: 3.2958172841910393e+34
#ERR  p: [517, 1896], r: -1.0817709632219363e+33, e: 1.9920716020098514e+33
#ERR  p: [1545, 1368], r: 3.6041468007797154e+34, e: 3.2459122073873278e+34
#ERR  p: [518, 1896], r: 7.0296951255337015e+33, e: 8.7488472168900948e+33
#ERR  p: [1546, 1368], r: -3.2207951467542510e+34, e: -3.6110723325354935e+34
#ERR  p: [519, 1896], r: -2.3154816732086010e+34, e: -2.0680208017935595e+34
#ERR  p: [1547, 1368], r: -2.1060697554590232e+34, e: -2.1208180779110535e+34
#ERR  p: [520, 1896], r: -3.9977531168116062e+33, e: -2.7291288767424788e+33
#ERR  p: [1548, 1368], r: 6.4137128741758266e+33, e: 6.6017510143831188e+33
#ERR  p: [521, 1896], r: 3.8929943597941418e+34, e: 4.0321754632349814e+34
#ERR  p: [1549, 1368], r: -6.4849984133980360e+33, e: -1.0997922443953322e+34
#ERR  p: [522, 1896], r: 1.6602475618490888e+34, e: 1.6948576418794216e+34
#ERR  p: [1550, 1368], r: 1.8998670734672888e+34, e: 2.3884097112749342e+34
#ERR  p: [523, 1896], r: -8.7847802834404119e+33, e: -6.8112599866317765e+33
#ERR  p: [1551, 1368], r: 2.0040794656484146e+34, e: 1.8327342041068623e+34
#ERR  p: [524, 1896], r: 4.2195181287282030e+34, e: 4.7314112867328648e+34
#ERR  p: [1536, 1369], r: -5.0900652942105624e+34, e: -5.1186735933424318e+34
#ERR  p: [525, 1896], r: -7.5310305119133180e+33, e: -1.2889019455006297e+34
#ERR  p: [1537, 1369], r: -2.0741868573352361e+34, e: -2.0582624918458847e+34
#ERR  p: [526, 1896], r: -3.3611777947972210e+34, e: -3.8418337642025870e+34
#ERR  p: [1538, 1369], r: 2.6914963042092288e+34, e: 2.5507430169184968e+34
#ERR  p: [527, 1896], r: 1.8571013206641400e+34, e: 1.5801107513459890e+34
#ERR  p: [1539, 1369], r: -2.5655153554072892e+34, e: -2.9173963453420486e+34
#ERR  p: [512, 1897], r: 1.8255877000540717e+34, e: 1.4656076112062917e+34
#ERR  p: [1540, 1369], r: -2.2991210576494054e+34, e: -2.4463883854268571e+34
#ERR  p: [513, 1897], r: -2.0796897483978674e+34, e: -2.2888077791821189e+34
#ERR  p: [1541, 1369], r: -1.6165231482795174e+34, e: -1.6084057278539153e+34
#ERR  p: [514, 1897], r: -4.6580197639158232e+34, e: -4.9858099455100733e+34
#ERR  p: [1542, 1369], r: 3.2037942376582360e+32, e: 8.5551181115797029e+32
#ERR  p: [515, 1897], r: -7.1770811717609207e+33, e: -1.0771328661222487e+34
#ERR  p: [1543, 1369], r: -1.6182425232000809e+34, e: -1.7314090594793618e+34
#ERR  p: [516, 1897], r: -6.7760455442742646e+33, e: -8.2795534325473018e+33
#ERR  p: [1544, 1369], r: -3.0719212203938147e+34, e: -3.1286287777133994e+34
#ERR  p: [517, 1897], r: -5.1309242479711999e+34, e: -5.0078180435284888e+34
#ERR  p: [1545, 1369], r: 2.3086790998472249e+33, e: -2.7120589215407727e+32
#ERR  p: [518, 1897], r: 1.4109681565163372e+34, e: 9.9046462207487723e+33
#ERR  p: [1546, 1369], r: -8.0240228013981707e+33, e: -5.5362034101185223e+33
#ERR  p: [519, 1897], r: -1.2593474887967345e+34, e: -1.3394751385435436e+34
#ERR  p: [1547, 1369], r: -1.2698165001209631e+34, e: -1.2384384339451966e+34
#ERR  p: [520, 1897], r: -4.8966797482095731e+34, e: -4.5717204878971608e+34
#ERR  p: [1548, 1369], r: -4.4391972735756058e+33, e: -3.5176740893615491e+33
#ERR  p: [521, 1897], r: 7.6794657123238316e+33, e: 7.1356559842263140e+33
#ERR  p: [1549, 1369], r: -2.0318883031029136e+34, e: -1.9101690866802178e+34
#ERR  p: [522, 1897], r: -3.6442426883001375e+34, e: -3.9565001886334661e+34
#ERR  p: [1550, 1369], r: 2.8847438198958377e+32, e: -3.9116899778554374e+33
#ERR  p: [523, 1897], r: 2.5534273660996832e+34, e: 2.8332914418370234e+34
#ERR  p: [1551, 1369], r: 5.2931233609145040e+33, e: 5.5985677344476216e+33
#ERR  p: [524, 1897], r: 1.7600544039669068e+33, e: 6.2452047855133105e+32
#ERR  p: [1536, 1370], r: -2.1845068742881842e+34, e: -2.1203427089359679e+34
#ERR  p: [525, 1897], r: 3.4832139238699738e+34, e: 3.1394830359778536e+34
#ERR  p: [1537, 1370], r: 1.9967509844098491e+34, e: 2.1668622673202418e+34
#ERR  p: [526, 1897], r: -4.9300744187093355e+34, e: -4.9087927439059727e+34
#ERR  p: [1538, 1370], r: -3.5923759717101743e+34, e: -3.5554066255529714e+34
#ERR  p: [527, 1897], r: 2.0624645555152350e+34, e: 2.0567333883093594e+34
#ERR  p: [1539, 1370], r: 1.9411569541556016e+34, e: 1.5723236133228683e+34
#ERR  p: [1540, 1370], r: 1.8234160437401553e+32, e: 1.6195895257568273e+33
#ERR  p: [512, 1898], r: 1.2753706419012209e+34, e: 1.4326666457309274e+34
#ERR  p: [1541, 1370], r: -4.8687552871554049e+34, e: -5.1537181903265538e+34
#ERR  p: [513, 1898], r: -3.9409001634344074e+34, e: -3.8991954490389301e+34
#ERR  p: [1542, 1370], r: 7.6919125804488264e+32, e: -3.8439121417345432e+31
#ERR  p: [514, 1898], r: -7.2901199526281473e+34, e: -7.6048449150477796e+34
#ERR  p: [1543, 1370], r: -9.4620257114624417e+33, e: -1.0315744443844760e+34
#ERR  p: [515, 1898], r: -1.3952520125415935e+34, e: -1.6543890106131708e+34
#ERR  p: [1544, 1370], r: 2.1519475657269315e+34, e: 2.1178636102132950e+34
#ERR  p: [516, 1898], r: -1.5344750821497649e+34, e: -1.6961792666653627e+34
#ERR  p: [1545, 1370], r: -4.4954861595739042e+34, e: -4.5417425319058260e+34
#ERR  p: [517, 1898], r: 1.4767753158886930e+34, e: 1.2069639322403697e+34
#ERR  p: [1546, 1370], r: -1.1723177043608898e+34, e: -1.1857342509186569e+34
#ERR  p: [518, 1898], r: -8.4811080210735313e+33, e: -6.2883856815086337e+33
#ERR  p: [1547, 1370], r: 3.1864777157492053e+34, e: 3.3927888412883810e+34
#ERR  p: [519, 1898], r: 2.5794196503405348e+34, e: 2.9006685567672009e+34
#ERR  p: [1548, 1370], r: -3.9308735918802194e+34, e: -4.3114153696045139e+34
#ERR  p: [520, 1898], r: 5.3869718428807365e+34, e: 5.4046803275547060e+34
#ERR  p: [1549, 1370], r: 4.2287922803265133e+34, e: 3.8139318336571338e+34
#ERR  p: [521, 1898], r: 2.1173733859577380e+34, e: 2.1507541915290604e+34
#ERR  p: [1550, 1370], r: -3.4543830431190408e+34, e: -3.7404199830682736e+34
#ERR  p: [522, 1898], r: 6.7809762594507383e+33, e: 8.1674424877395195e+33
#ERR  p: [1551, 1370], r: -1.8572586628431332e+34, e: -2.0970048157273521e+34
#ERR  p: [523, 1898], r: -1.7509568754637015e+34, e: -1.9033517508838732e+34
#ERR  p: [524, 1898], r: 9.3767520687663272e+33, e: 6.4005213851172016e+33
#ERR  p: [1536, 1371], r: -6.6695796060456237e+33, e: -6.2738076996060090e+33
#ERR  p: [525, 1898], r: -1.5415261410255266e+34, e: -1.7809592188738102e+34
#ERR  p: [1537, 1371], r: 1.2928845224010147e+34, e: 1.0925124142003106e+34
#ERR  p: [526, 1898], r: 1.5985086448278366e+34, e: 1.7077115446893335e+34
#ERR  p: [1538, 1371], r: -4.2025449804375690e+34, e: -3.9725802869797596e+34
#ERR  p: [527, 1898], r: -1.6680816177996985e+34, e: -2.0245069618246705e+34
#ERR  p: [1539, 1371], r: -2.8902324746480173e+34, e: -2.7641982944243885e+34
#ERR  p: [1540, 1371], r: -3.3009500311819244e+34, e: -3.2600158106668983e+34
#ERR  p: [512, 1899], r: -1.6237476425547830e+34, e: -1.7308153434365205e+34
#ERR  p: [1541, 1371], r: 2.9425760457411132e+34, e: 2.9231800012055899e+34
#ERR  p: [513, 1899], r: 1.8287446947422573e+34, e: 1.6025297216634433e+34
#ERR  p: [1542, 1371], r: 1.1948050089685126e+34, e: 9.2787703525969286e+33
#ERR  p: [514, 1899], r: -4.3402541422231973e+32, e: -2.8534165092616819e+33
#ERR  p: [515, 1899], r: -3.8699142057017051e+34, e: -3.9432096643716982e+34
#ERR  p: [516, 1899], r: -2.4316856191682725e+34, e: -2.5543115028757408e+34
#ERR  p: [517, 1899], r: -4.0352584291088177e+34, e: -3.9086117161537504e+34
#ERR  p: [518, 1899], r: -2.7331472920070011e+34, e: -2.7446314141634438e+34
#ERR  p: [1543, 1371], r: 1.8082872404170507e+34, e: 2.0086728421641830e+34
#ERR  p: [519, 1899], r: -1.5018908909937226e+34, e: -1.6377561720393363e+34
#ERR  p: [1544, 1371], r: -4.6740847593936374e+34, e: -4.4529485591199957e+34
#ERR  p: [520, 1899], r: -3.9077983895479399e+34, e: -4.1019262043964847e+34
#ERR  p: [1545, 1371], r: -4.6499072952503783e+34, e: -4.2358539854866128e+34
#ERR  p: [521, 1899], r: -6.7943175392541168e+33, e: -6.1880153600334340e+33
#ERR  p: [1546, 1371], r: 3.8043377983526721e+34, e: 3.5082470521683870e+34
#ERR  p: [522, 1899], r: 1.7652756327220998e+34, e: 2.0301130970865783e+34
#ERR  p: [1547, 1371], r: -4.7909319389977216e+34, e: -5.1264235931643740e+34
#ERR  p: [523, 1899], r: 2.5692123395406111e+34, e: 2.7897761163400873e+34
#ERR  p: [1548, 1371], r: 3.2735786817373089e+34, e: 3.5286319632072915e+34
#ERR  p: [524, 1899], r: 5.3978493744179293e+34, e: 5.3655832100579794e+34
#ERR  p: [1549, 1371], r: 4.8757883959005970e+33, e: 6.5345265374597851e+33
#ERR  p: [525, 1899], r: 4.3311293171421257e+34, e: 4.1062391874933549e+34
#ERR  p: [1550, 1371], r: -4.0474981898652401e+34, e: -3.5064183671423546e+34
#ERR  p: [526, 1899], r: -1.6555810849740006e+33, e: -2.8393043022988384e+33
#ERR  p: [1551, 1371], r: -3.1294567120116735e+34, e: -3.1891105666247574e+34
#ERR  p: [527, 1899], r: 3.4556254397424676e+33, e: 1.1232309678201478e+33
#ERR  p: [1536, 1372], r: 1.6521808969650974e+34, e: 1.8097845288945663e+34
#ERR  p: [512, 1900], r: 4.4299614981185133e+34, e: 4.8552944223442314e+34
#ERR  p: [1537, 1372], r: -3.4439090800346551e+34, e: -3.7014115020783599e+34
#ERR  p: [513, 1900], r: -2.5423205680672148e+34, e: -2.6307491009534481e+34
#ERR  p: [1538, 1372], r: -8.9147435615547286e+32, e: 2.6842095260757367e+32
#ERR  p: [514, 1900], r: 3.2092561838540680e+33, e: 8.0913135081136062e+33
#ERR  p: [1539, 1372], r: -6.0835660261287889e+33, e: -8.2303595522961597e+33
#ERR  p: [515, 1900], r: 7.3562358542463009e+33, e: 1.1022485650212822e+34
#ERR  p: [1540, 1372], r: 3.8385626314427793e+34, e: 3.8868769552960091e+34
#ERR  p: [516, 1900], r: -3.4153218258834535e+33, e: -4.6245416562574130e+32
#ERR  p: [1541, 1372], r: 1.5043157679426748e+34, e: 1.8460336415369130e+34
#ERR  p: [517, 1900], r: -3.5104615412076627e+33, e: -6.6893971691645237e+33
#ERR  p: [1542, 1372], r: 5.2398263284031505e+33, e: 8.1416976677125211e+33
#ERR  p: [518, 1900], r: -1.7009787601976721e+34, e: -1.1460311617727001e+34
#ERR  p: [1543, 1372], r: 4.5062998134050699e+33, e: -1.8257511081392574e+32
#ERR  p: [519, 1900], r: -9.9511370589241347e+33, e: -6.6440978482769734e+33
#ERR  p: [1544, 1372], r: -1.7163929705968340e+34, e: -2.2786519666878295e+34
#ERR  p: [520, 1900], r: -1.3185580989787523e+33, e: 2.8870773368698907e+33
#ERR  p: [1545, 1372], r: 3.0019847882264186e+34, e: 2.5384822111814065e+34
#ERR  p: [521, 1900], r: 4.8677243306906881e+34, e: 4.9568609652793926e+34
#ERR  p: [1546, 1372], r: -1.2638984039691554e+34, e: -1.5473850636434564e+34
#ERR  p: [522, 1900], r: 3.0579181378454342e+34, e: 3.1958216871657313e+34
#ERR  p: [1547, 1372], r: -6.7951927628618916e+33, e: -6.7190495469255264e+33
#ERR  p: [523, 1900], r: 6.0009279577763130e+33, e: 4.0362416010880181e+33
#ERR  p: [1548, 1372], r: 3.7938836423089149e+34, e: 3.8209984905773905e+34
#ERR  p: [524, 1900], r: 1.4864745760964939e+34, e: 1.3854170741054869e+34
#ERR  p: [1549, 1372], r: -6.8011922845197833e+31, e: 9.0943818143679547e+32
#ERR  p: [525, 1900], r: 3.3163267319978959e+34, e: 3.4924717346597655e+34
#ERR  p: [1550, 1372], r: -2.2225681454570387e+33, e: -4.5224945449990012e+33
#ERR  p: [526, 1900], r: 1.1104250351867583e+34, e: 4.2523289867054384e+33
#ERR  p: [1551, 1372], r: -3.6176249967514389e+34, e: -3.5596007664060703e+34
#ERR  p: [527, 1900], r: 2.5913041223056823e+34, e: 2.6674042579286803e+34
#ERR  p: [1536, 1373], r: 1.3943026363254656e+34, e: 1.4667161865114718e+34
#ERR  p: [512, 1901], r: -3.3030607189489059e+34, e: -3.6079591609246987e+34
#ERR  p: [1537, 1373], r: 2.4544533171947935e+34, e: 2.4454641393935266e+34
#ERR  p: [513, 1901], r: -5.3637750748365992e+33, e: -6.8202938540684616e+33
#ERR  p: [1538, 1373], r: -1.2970626938276068e+34, e: -1.5129042245532250e+34
#ERR  p: [514, 1901], r: 1.0252628689911814e+34, e: 1.3003471963398388e+34
#ERR  p: [1539, 1373], r: 2.2623688461750932e+34, e: 2.3524685981143617e+34
#ERR  p: [515, 1901], r: 1.2142383154992185e+34, e: 1.0017132261388458e+34
#ERR  p: [1540, 1373], r: 4.6726557433092884e+32, e: 2.5331758121515107e+33
#ERR  p: [516, 1901], r: 1.2954429730802058e+34, e: 1.5142976498614446e+34
#ERR  p: [1541, 1373], r: -1.4038933291918212e+34, e: -1.6755590232249901e+34
#ERR  p: [517, 1901], r: 2.0789318196088150e+33, e: 2.0952156828855749e+33
#ERR  p: [1542, 1373], r: -3.1216792299208592e+34, e: -3.1878258324519870e+34
#ERR  p: [518, 1901], r: 1.1953367042153857e+34, e: 7.5223729782485757e+33
#ERR  p: [1543, 1373], r: -4.3778962159462488e+34, e: -4.6594765717540542e+34
#ERR  p: [519, 1901], r: -4.1887261033670341e+34, e: -4.2685296604115583e+34
#ERR  p: [1544, 1373], r: 2.5278681132845737e+34, e: 2.5513468840696602e+34
#ERR  p: [520, 1901], r: 1.8628111953013399e+34, e: 1.6094927630024118e+34
#ERR  p: [1545, 1373], r: -2.0729803609729485e+34, e: -2.1581622723121520e+34
#ERR  p: [521, 1901], r: -8.0936166955566966e+33, e: -1.0810400524742412e+34
#ERR  p: [1546, 1373], r: 2.1326716013752189e+34, e: 2.5100774293919956e+34
#ERR  p: [522, 1901], r: 1.6968767220834961e+34, e: 1.4669907616121853e+34
#ERR  p: [1547, 1373], r: -1.1665121369586531e+34, e: -9.0881709144483550e+33
#ERR  p: [523, 1901], r: -4.1706893169946461e+34, e: -4.2362486407711370e+34
#ERR  p: [1548, 1373], r: 8.5623732139224398e+33, e: 6.2213283264906036e+33
#ERR  p: [524, 1901], r: -2.8060277931758258e+34, e: -2.8276640140064399e+34
#ERR  p: [1549, 1373], r: 4.3934056239344318e+34, e: 4.2793522274110068e+34
#ERR  p: [525, 1901], r: 5.0283731713227951e+32, e: 1.3939542181014087e+33
#ERR  p: [1550, 1373], r: -4.4069186060212592e+33, e: -8.3360486831501491e+33
#ERR  p: [526, 1901], r: -3.2444254414001460e+34, e: -3.1333584514274932e+34
#ERR  p: [1551, 1373], r: -2.5225078329144680e+34, e: -2.5666032571138132e+34
#ERR  p: [527, 1901], r: -2.6534697572584762e+34, e: -2.4280636542013313e+34
#ERR  p: [1536, 1374], r: -7.9442641815770726e+33, e: -1.0567543923715484e+34
#ERR  p: [512, 1902], r: 2.6303371145083739e+34, e: 2.8511591256000450e+34
#ERR  p: [1537, 1374], r: -1.4010414867233195e+34, e: -1.3398005929798717e+34
#ERR  p: [513, 1902], r: 5.1739094875433140e+34, e: 5.0853848905100322e+34
#ERR  p: [1538, 1374], r: -5.3313630811400215e+34, e: -5.3265479895632171e+34
#ERR  p: [514, 1902], r: -1.5268717782224780e+34, e: -9.9696096001903512e+33
#ERR  p: [1539, 1374], r: -1.3452850387359177e+34, e: -1.2434981424737638e+34
#ERR  p: [515, 1902], r: 7.3626409560095635e+33, e: 9.7063560801061383e+33
#ERR  p: [1540, 1374], r: 1.5129647598211461e+34, e: 1.3476339061664578e+34
#ERR  p: [516, 1902], r: -5.7296872485586308e+33, e: -8.6735355871751196e+32
#ERR  p: [1541, 1374], r: 2.3487354661318927e+34, e: 2.6348741647523548e+34
#ERR  p: [517, 1902], r: -1.6420445201294248e+34, e: -1.8691470962164064e+34
#ERR  p: [1542, 1374], r: 1.6398344876742906e+33, e: 1.1076131162845235e+33
#ERR  p: [518, 1902], r: -2.4789580926844397e+34, e: -2.4580086809876211e+34
#ERR  p: [1543, 1374], r: 6.5662834132875730e+33, e: 8.4296982281520684e+33
#ERR  p: [519, 1902], r: -2.5802765524357281e+34, e: -2.3903678848290758e+34
#ERR  p: [1544, 1374], r: -1.9161692582566301e+34, e: -2.1008325263288225e+34
#ERR  p: [520, 1902], r: -7.9251658616209974e+34, e: -7.5061083030424248e+34
#ERR  p: [1545, 1374], r: -4.8804914539038460e+34, e: -4.8931105194883055e+34
#ERR  p: [521, 1902], r: -4.2721489019104130e+34, e: -4.5515697951136891e+34
#ERR  p: [1546, 1374], r: 3.2596227028074232e+33, e: 8.9021753753058838e+32
#ERR  p: [522, 1902], r: -1.1882138448173455e+34, e: -1.6672879744405126e+34
#ERR  p: [1547, 1374], r: -4.6377091292792758e+34, e: -4.7979891875736797e+34
#ERR  p: [523, 1902], r: 3.4964638436984530e+33, e: 7.7348845740625202e+32
#ERR  p: [1548, 1374], r: 2.1483114882435425e+34, e: 2.6869894597022064e+34
#ERR  p: [524, 1902], r: 9.5711730278161747e+33, e: 7.8657800210264188e+33
#ERR  p: [1549, 1374], r: -1.1946440767634055e+34, e: -1.3906283064948626e+34
#ERR  p: [525, 1902], r: 3.8572629536762243e+34, e: 3.7892725632505848e+34
#ERR  p: [1550, 1374], r: -7.7455135272398245e+33, e: -5.2902872402845012e+33
#ERR  p: [526, 1902], r: -1.2345087170844891e+34, e: -1.5758538469328984e+34
#ERR  p: [1551, 1374], r: -4.3061536292615353e+34, e: -4.3752504904942881e+34
#ERR  p: [527, 1902], r: 7.0050254564308225e+33, e: 5.6871404873484316e+33
#ERR  p: [1536, 1375], r: -1.1120489649302928e+34, e: -1.0839312614359922e+34
#ERR  p: [512, 1903], r: -2.8708084526676061e+34, e: -2.5336270103473293e+34
#ERR  p: [1537, 1375], r: 1.4069712195114965e+34, e: 1.2601220678793154e+34
#ERR  p: [513, 1903], r: -2.6501347467926414e+34, e: -2.4181621145911111e+34
#ERR  p: [1538, 1375], r: 3.1183885377084308e+34, e: 3.1223207304492168e+34
#ERR  p: [514, 1903], r: 1.8497283973781641e+34, e: 1.9438363515766309e+34
#ERR  p: [1539, 1375], r: 1.0672912428099299e+34, e: 9.3394807890335426e+33
#ERR  p: [515, 1903], r: 3.1384208834241468e+34, e: 2.9513513075035915e+34
#ERR  p: [1540, 1375], r: -5.0777669788902817e+31, e: 1.3144834193394444e+33
#ERR  p: [516, 1903], r: 9.0301239060062636e+33, e: 1.0343687845381529e+34
#ERR  p: [1541, 1375], r: -1.1710054879192473e+34, e: -1.2504086951550666e+34
#ERR  p: [517, 1903], r: 8.0380356636728616e+33, e: 8.5302895219242806e+33
#ERR  p: [1542, 1375], r: 7.1655701863056256e+33, e: 8.3518534636317055e+33
#ERR  p: [518, 1903], r: -3.4228811829393458e+34, e: -3.0676438899700759e+34
#ERR  p: [1543, 1375], r: 8.3779201480689181e+33, e: 8.4320057483852964e+33
#ERR  p: [519, 1903], r: -4.9901075162534545e+33, e: -5.8691665717549343e+32
#ERR  p: [1544, 1375], r: 2.6308835412417144e+34, e: 2.4327995176156215e+34
#ERR  p: [520, 1903], r: -8.8939975434063646e+33, e: -6.7662336315228887e+33
#ERR  p: [1545, 1375], r: -4.8177958568202340e+33, e: -5.7427660850736809e+33
#ERR  p: [521, 1903], r: -3.5672695573614354e+34, e: -3.4133124016116855e+34
#ERR  p: [1546, 1375], r: -2.3347157951869858e+34, e: -2.6442317535093130e+34
#SDC Ite:1 KerTime:2.3425336 AccTime:2.3425336 KerErr:513 AccErr:513
#ABORT too many errors per iteration
#END
