#HEADER matrix_dim:2048 threads:4 block_size:16 block_offset:12 precision:Float
#BEGIN Y:2024 M:06 D:08 Time:15:56:35
#IT 0 KerTime:2.2842776 AccTime:2.2842776
#ERR  p: [1952, 80], r: inf, e: 4.5051503860785934e+33
#ERR  p: [1953, 80], r: -inf, e: -1.1021206858152241e+34
#ERR  p: [1954, 80], r: inf, e: 3.1124756409047881e+34
#ERR  p: [1955, 80], r: -inf, e: 2.4150373063439470e+34
#ERR  p: [1956, 80], r: inf, e: 1.9700638134764457e+33
#ERR  p: [1957, 80], r: inf, e: -2.1939471574397666e+34
#ERR  p: [1958, 80], r: -inf, e: 2.6083911610799305e+34
#ERR  p: [1959, 80], r: -inf, e: 6.3730589232856948e+33
#ERR  p: [1960, 80], r: inf, e: -1.1335750090974106e+34
#ERR  p: [1961, 80], r: inf, e: -6.9471523785642506e+33
#ERR  p: [1962, 80], r: -inf, e: -4.1865238080371454e+33
#ERR  p: [1963, 80], r: -inf, e: -1.9849316280907680e+34
#ERR  p: [1964, 80], r: inf, e: -1.7969816292142730e+34
#ERR  p: [1965, 80], r: inf, e: 3.4781636855827071e+33
#ERR  p: [1966, 80], r: inf, e: 1.9908337548160689e+34
#ERR  p: [1967, 80], r: inf, e: -6.1302617433806531e+34
#ERR  p: [1376, 144], r: inf, e: 7.1198623452051111e+33
#ERR  p: [1377, 144], r: inf, e: -1.4656345982991481e+34
#ERR  p: [1378, 144], r: -inf, e: -1.5121729733720191e+34
#ERR  p: [1379, 144], r: -inf, e: 4.0876213120665264e+34
#ERR  p: [1380, 144], r: -inf, e: -1.7469327037779965e+34
#ERR  p: [532, 1344], r: -1.0314894598007790e+34, e: -1.5663678837938663e+34
#ERR  p: [1381, 144], r: inf, e: 6.2581570426593436e+33
#ERR  p: [1382, 144], r: -inf, e: -3.0063292150002867e+34
#ERR  p: [533, 1344], r: 1.9215580112476394e+34, e: 3.1177596641684738e+34
#ERR  p: [1383, 144], r: inf, e: -3.7402916086861998e+33
#ERR  p: [534, 1344], r: -1.8778321121500208e+34, e: -2.7461857716767705e+34
#ERR  p: [1384, 144], r: -inf, e: 2.0352616897099662e+34
#ERR  p: [535, 1344], r: 6.3912442624627970e+34, e: 6.1122442688728780e+34
#ERR  p: [1385, 144], r: inf, e: 1.3398399594731210e+34
#ERR  p: [1386, 144], r: -inf, e: 1.9390158130636536e+34
#ERR  p: [1387, 144], r: -inf, e: -5.2517442247493587e+34
#ERR  p: [1388, 144], r: -inf, e: -9.7808268390494289e+33
#ERR  p: [1389, 144], r: -inf, e: -1.6661572400086294e+34
#ERR  p: [1390, 144], r: -inf, e: -2.2020062708895184e+33
#ERR  p: [1391, 144], r: inf, e: 1.2285548444655460e+34
#ERR  p: [1792, 144], r: -7.1610783208730786e+33, e: -7.3335654583068677e+33
#ERR  p: [1793, 144], r: -6.3242475665066919e+33, e: -6.2223898600742908e+33
#ERR  p: [1794, 144], r: 4.7894392927953533e+33, e: 4.8402567314080181e+33
#ERR  p: [1795, 144], r: -8.1181987804017962e+32, e: -8.1384019618429336e+32
#ERR  p: [1796, 144], r: 2.4545506192818813e+34, e: 2.4489600820644685e+34
#ERR  p: [1797, 144], r: -1.1013888156639985e+34, e: -1.0836417072608033e+34
#ERR  p: [1798, 144], r: 1.8922855572846934e+34, e: 1.8982400488736560e+34
#ERR  p: [1799, 144], r: 1.7399567878626195e+34, e: 1.7429734001503501e+34
#ERR  p: [1800, 144], r: 5.7134615684637174e+33, e: 5.5953385678551457e+33
#ERR  p: [1801, 144], r: 2.8098406484968247e+34, e: 2.8217823132917872e+34
#ERR  p: [1802, 144], r: 4.8226781685411716e+34, e: 4.8287970585673514e+34
#ERR  p: [1803, 144], r: 1.6096916999667250e+34, e: 1.6112089192788731e+34
#ERR  p: [1804, 144], r: -3.2396415459123316e+34, e: -3.2350299716779857e+34
#ERR  p: [1805, 144], r: 4.3896809099442299e+34, e: 4.3957913819781425e+34
#ERR  p: [1806, 144], r: -9.5649461894185693e+33, e: -9.7145982848877003e+33
#ERR  p: [1807, 144], r: 3.3253916717295671e+33, e: 3.4722831609110917e+33
#ERR  p: [1932, 1440], r: 2.1021202315576871e+34, e: 2.0979701613699868e+34
#ERR  p: [1933, 1440], r: 4.0223486952031340e+34, e: 4.0230374850409924e+34
#ERR  p: [1934, 1440], r: -1.3797494132236267e+34, e: -1.3714737840610039e+34
#ERR  p: [1504, 256], r: inf, e: 3.2150887383491611e+33
#ERR  p: [1935, 1440], r: -1.3527724714755275e+34, e: -1.3480470067575674e+34
#ERR  p: [1505, 256], r: -inf, e: -5.6144542189717709e+34
#ERR  p: [1932, 1441], r: 7.4178914579029093e+33, e: 8.2679489826190406e+33
#ERR  p: [1506, 256], r: inf, e: -1.9747135472125026e+34
#ERR  p: [1933, 1441], r: 1.8628365730721452e+34, e: 1.8487304939124962e+34
#ERR  p: [1507, 256], r: inf, e: -1.4830432538956027e+34
#ERR  p: [1934, 1441], r: -1.4085822746786224e+34, e: -1.5780867193817574e+34
#ERR  p: [1508, 256], r: inf, e: -5.2303269955116942e+33
#ERR  p: [1935, 1441], r: 6.2781553450239793e+33, e: 5.3102477854779387e+33
#ERR  p: [1509, 256], r: inf, e: 9.7555295343466321e+33
#ERR  p: [1510, 256], r: inf, e: 1.4495053537332950e+34
#ERR  p: [1932, 1442], r: 4.4273890587168783e+34, e: 4.4964987945260396e+34
#ERR  p: [1511, 256], r: inf, e: -3.3422113154553297e+34
#ERR  p: [1933, 1442], r: 1.3240657561105349e+34, e: 1.3125974795865951e+34
#ERR  p: [1512, 256], r: -inf, e: -1.3328469599852018e+34
#ERR  p: [1934, 1442], r: 1.3743899994115485e+34, e: 1.2365822666502921e+34
#ERR  p: [1513, 256], r: inf, e: -1.2821651996008426e+34
#ERR  p: [1935, 1442], r: -1.4443282884890035e+34, e: -1.5230194326142259e+34
#ERR  p: [1514, 256], r: inf, e: -1.2798722870600782e+34
#ERR  p: [1932, 1443], r: -1.0608330334189820e+34, e: -9.5619119983822808e+33
#ERR  p: [1515, 256], r: -inf, e: 8.2937123717466283e+33
#ERR  p: [1933, 1443], r: -1.5074196550031751e+34, e: -1.5247842399342311e+34
#ERR  p: [1516, 256], r: -inf, e: -1.1604182533212669e+34
#ERR  p: [1934, 1443], r: -7.6046730889703267e+34, e: -7.8133333295280504e+34
#ERR  p: [1517, 256], r: inf, e: 1.8260927795901002e+34
#ERR  p: [1935, 1443], r: -3.7361748390855562e+34, e: -3.8553240919866955e+34
#ERR  p: [1518, 256], r: inf, e: -8.7041049690202230e+33
#ERR  p: [1519, 256], r: -inf, e: -2.1452176284973605e+34
#ERR  p: [1932, 1444], r: 2.5975685940804820e+34, e: 2.4707228203670977e+34
#ERR  p: [1933, 1444], r: -1.9517085360804505e+34, e: -1.9306595940044734e+34
#ERR  p: [1934, 1444], r: -8.9335039238800789e+33, e: -6.4041423597321114e+33
#ERR  p: [1935, 1444], r: 1.9819543822962867e+34, e: 2.1263858370317434e+34
#ERR  p: [1932, 1445], r: -1.0030636949277022e+34, e: -9.2327028899150018e+33
#ERR  p: [1933, 1445], r: -2.3730892129367461e+34, e: -2.3863302195969426e+34
#ERR  p: [1934, 1445], r: 2.5612075716585840e+34, e: 2.4020963763492733e+34
#ERR  p: [272, 272], r: inf, e: -5.1106800907147621e+33
#ERR  p: [1935, 1445], r: 2.1297456062983639e+34, e: 2.0388894729950920e+34
#ERR  p: [273, 272], r: inf, e: -1.9280562061018562e+34
#ERR  p: [274, 272], r: -inf, e: -2.6297837553108133e+34
#ERR  p: [1932, 1446], r: 1.7916287764844030e+34, e: 1.8044872596724603e+34
#ERR  p: [275, 272], r: -inf, e: 3.8678104503989436e+34
#ERR  p: [1933, 1446], r: -3.3043756588586349e+34, e: -3.3065093723103472e+34
#ERR  p: [276, 272], r: inf, e: -1.2161723492225940e+34
#ERR  p: [1934, 1446], r: 2.3939806890397262e+34, e: 2.3683402273580396e+34
#ERR  p: [277, 272], r: inf, e: -1.7235540513935872e+33
#ERR  p: [1935, 1446], r: 1.7059682775260119e+34, e: 1.6913271606813837e+34
#ERR  p: [278, 272], r: -inf, e: -2.9991266322637165e+34
#ERR  p: [279, 272], r: -inf, e: -2.7162830824398243e+33
#ERR  p: [1932, 1447], r: 4.1308920206116997e+34, e: 4.1541806438067520e+34
#ERR  p: [280, 272], r: -inf, e: -4.2463631060681143e+34
#ERR  p: [1933, 1447], r: 1.3613232947088834e+34, e: 1.3574586934942423e+34
#ERR  p: [281, 272], r: inf, e: 5.2392717312655507e+33
#ERR  p: [1934, 1447], r: 3.7417735467072283e+34, e: 3.6953354447775394e+34
#ERR  p: [282, 272], r: inf, e: -1.4763273053884756e+34
#ERR  p: [1935, 1447], r: -5.6532803513938979e+33, e: -5.9184495836889049e+33
#ERR  p: [283, 272], r: -inf, e: 3.8230826864275313e+34
#ERR  p: [1932, 1448], r: 3.8463101553846429e+34, e: 3.8528865880493426e+34
#ERR  p: [284, 272], r: -inf, e: 7.8933087126500274e+33
#ERR  p: [1933, 1448], r: 1.4380972410952645e+34, e: 1.4370058731566305e+34
#ERR  p: [285, 272], r: inf, e: -8.9593793465812219e+33
#ERR  p: [1934, 1448], r: 1.0221012320278485e+34, e: 1.0089879807797063e+34
#ERR  p: [286, 272], r: -inf, e: 1.7084926848541226e+34
#ERR  p: [1935, 1448], r: -7.1844462960246491e+33, e: -7.2593268131209431e+33
#ERR  p: [287, 272], r: inf, e: -3.6319794066829686e+34
#ERR  p: [288, 272], r: inf, e: -7.1793794074438540e+33
#ERR  p: [1932, 1449], r: 1.3562685379404733e+34, e: 1.3874438295378049e+34
#ERR  p: [289, 272], r: -inf, e: 4.8012817366961671e+33
#ERR  p: [1933, 1449], r: -1.2965914100546509e+34, e: -1.3017647614788245e+34
#ERR  p: [290, 272], r: -inf, e: 8.3325230299182643e+33
#ERR  p: [1934, 1449], r: 2.4777404548617986e+34, e: 2.4155760578490440e+34
#ERR  p: [291, 272], r: -inf, e: 1.9783449205237423e+34
#ERR  p: [1935, 1449], r: 3.9506593399401098e+34, e: 3.9151621520776251e+34
#ERR  p: [292, 272], r: inf, e: 1.4447160113093077e+34
#ERR  p: [293, 272], r: -inf, e: -5.3837170509294474e+34
#ERR  p: [1932, 1450], r: 1.6375406466784967e+34, e: 1.7555750107802556e+34
#ERR  p: [294, 272], r: inf, e: -5.1958165696545238e+34
#ERR  p: [1933, 1450], r: 3.3839048883904534e+34, e: 3.3643182010888801e+34
#ERR  p: [295, 272], r: -inf, e: 7.7219941520214494e+34
#ERR  p: [1934, 1450], r: 3.6604977075739820e+33, e: 1.3068490431171715e+33
#ERR  p: [296, 272], r: inf, e: 8.5901355667284635e+32
#ERR  p: [1935, 1450], r: 3.2215161230331308e+34, e: 3.0871179247280742e+34
#ERR  p: [297, 272], r: inf, e: 3.4439075945066079e+34
#ERR  p: [1932, 1451], r: -1.4933575227149206e+34, e: -1.4351535434758478e+34
#ERR  p: [298, 272], r: -inf, e: -4.6688447448983483e+33
#ERR  p: [1933, 1451], r: 1.2250485030982741e+34, e: 1.2153900949117696e+34
#ERR  p: [299, 272], r: -inf, e: 6.0059044767342403e+33
#ERR  p: [1934, 1451], r: -2.7145185227078269e+34, e: -2.8305788676229413e+34
#ERR  p: [300, 272], r: -inf, e: 2.0271039124390834e+33
#ERR  p: [1935, 1451], r: -2.9177684701178578e+34, e: -2.9840415901210006e+34
#ERR  p: [301, 272], r: -inf, e: 1.3667226939842305e+34
#ERR  p: [302, 272], r: inf, e: 1.5056361547885766e+34
#ERR  p: [1932, 1452], r: -4.1512739605945099e+34, e: -4.2600027294209606e+34
#ERR  p: [303, 272], r: inf, e: 1.9048632756718407e+34
#ERR  p: [1933, 1452], r: 5.1477513193371982e+34, e: 5.1657945429977905e+34
#ERR  p: [352, 272], r: -inf, e: -8.5514372516153927e+33
#ERR  p: [1934, 1452], r: 1.0231420920128797e+34, e: 1.2399521870252347e+34
#ERR  p: [353, 272], r: inf, e: -1.3487183416408718e+34
#ERR  p: [1935, 1452], r: -3.2388675857997704e+34, e: -3.1150641735269338e+34
#ERR  p: [354, 272], r: inf, e: 2.4236783135091648e+33
#ERR  p: [1932, 1453], r: -5.6750776901206250e+32, e: 3.4078748428346274e+32
#ERR  p: [355, 272], r: -inf, e: 3.8658790163496505e+34
#ERR  p: [1933, 1453], r: -8.4204378176881941e+33, e: -8.5711619692313463e+33
#ERR  p: [356, 272], r: -inf, e: 3.2557662101000394e+34
#ERR  p: [1934, 1453], r: -5.8052517275266301e+33, e: -7.6164304244934396e+33
#ERR  p: [357, 272], r: inf, e: -5.7414235391010759e+33
#ERR  p: [1935, 1453], r: 1.3624780451775288e+34, e: 1.2590562015054906e+34
#ERR  p: [358, 272], r: inf, e: 9.5766546263101304e+33
#ERR  p: [359, 272], r: inf, e: 2.0806974315898457e+34
#ERR  p: [1932, 1454], r: -3.7674942269034606e+34, e: -3.7418965979471332e+34
#ERR  p: [360, 272], r: -inf, e: -1.6436566894425862e+34
#ERR  p: [1933, 1454], r: -9.1720357813797628e+33, e: -9.2145113610377031e+33
#ERR  p: [361, 272], r: inf, e: 2.1305537335560094e+34
#ERR  p: [1934, 1454], r: -1.7335990992028615e+34, e: -1.7846413477266606e+34
#ERR  p: [362, 272], r: -inf, e: -1.5823696205356731e+34
#ERR  p: [1935, 1454], r: -2.3263928767148623e+34, e: -2.3555394321758130e+34
#ERR  p: [363, 272], r: inf, e: 4.0918144625675938e+34
#ERR  p: [364, 272], r: inf, e: 7.2099101036627297e+33
#ERR  p: [1932, 1455], r: -3.5859389310938982e+34, e: -3.5446442224394322e+34
#ERR  p: [365, 272], r: inf, e: 1.4744742329436693e+34
#ERR  p: [1933, 1455], r: -1.5419508782530054e+34, e: -1.5488033715464657e+34
#ERR  p: [366, 272], r: -inf, e: -5.5531489523462803e+33
#ERR  p: [1934, 1455], r: 1.1444392946761830e+34, e: 1.0620957322590531e+34
#ERR  p: [367, 272], r: -inf, e: -1.0694755880092489e+34
#ERR  p: [1935, 1455], r: 1.4510594636586138e+34, e: 1.4040395299104608e+34
#ERR  p: [368, 272], r: -inf, e: 7.2563935141978564e+33
#ERR  p: [369, 272], r: -inf, e: 1.9798396093271755e+34
#ERR  p: [370, 272], r: -inf, e: -1.3876948837777720e+33
#ERR  p: [371, 272], r: -inf, e: 2.6935502943224111e+34
#ERR  p: [372, 272], r: inf, e: -2.1147828726315294e+34
#ERR  p: [373, 272], r: -inf, e: -1.9648578113837359e+34
#ERR  p: [374, 272], r: -inf, e: -8.0365173302146781e+33
#ERR  p: [768, 1473], r: -3.7515839739305571e+34, e: -3.7515859546346199e+34
#ERR  p: [375, 272], r: inf, e: -1.8801230439867224e+34
#ERR  p: [376, 272], r: -inf, e: 4.8005903471842262e+34
#ERR  p: [377, 272], r: -inf, e: 6.8595743104850063e+33
#ERR  p: [378, 272], r: -inf, e: -5.4379328825379585e+34
#ERR  p: [379, 272], r: inf, e: 7.0397891648200306e+34
#ERR  p: [380, 272], r: -inf, e: -3.8830559295707509e+34
#ERR  p: [381, 272], r: inf, e: -1.4223673559860848e+34
#ERR  p: [382, 272], r: -inf, e: 1.0787581575998264e+34
#ERR  p: [383, 272], r: -inf, e: -2.5468744542957300e+34
#ERR  p: [432, 272], r: inf, e: -6.5789996571651163e+34
#ERR  p: [433, 272], r: -inf, e: 9.2472988219481960e+33
#ERR  p: [434, 272], r: inf, e: -1.0452184005274598e+34
#ERR  p: [435, 272], r: -inf, e: -2.2718630725638875e+33
#ERR  p: [436, 272], r: -inf, e: -1.9226147168651734e+34
#ERR  p: [437, 272], r: -inf, e: 2.1230426561616493e+34
#ERR  p: [438, 272], r: inf, e: -7.4458869767153324e+34
#ERR  p: [439, 272], r: -inf, e: -6.2778128070151090e+34
#ERR  p: [440, 272], r: -inf, e: -2.0611015835319817e+34
#ERR  p: [441, 272], r: -inf, e: -2.3681745909807832e+34
#ERR  p: [442, 272], r: -inf, e: -3.0792391791420463e+34
#ERR  p: [443, 272], r: -inf, e: 1.3148798696370256e+34
#ERR  p: [444, 272], r: -inf, e: 4.4869146627418922e+34
#ERR  p: [445, 272], r: inf, e: 3.5823867859451727e+33
#ERR  p: [446, 272], r: -inf, e: -2.9316279516216812e+34
#ERR  p: [447, 272], r: -inf, e: 2.7356568440546405e+33
#ERR  p: [448, 272], r: inf, e: -3.7144227470672649e+34
#ERR  p: [449, 272], r: -inf, e: 3.4333276637548594e+34
#ERR  p: [450, 272], r: -inf, e: 3.0920285233789095e+33
#ERR  p: [451, 272], r: -inf, e: -2.3685759311415195e+34
#ERR  p: [452, 272], r: inf, e: 6.8093486072111199e+33
#ERR  p: [453, 272], r: -inf, e: -7.4390144287932357e+33
#ERR  p: [454, 272], r: inf, e: 5.5834230235950121e+34
#ERR  p: [455, 272], r: inf, e: -3.1042354168272889e+34
#ERR  p: [456, 272], r: inf, e: 2.5895712538386906e+34
#ERR  p: [457, 272], r: inf, e: -2.6664049927289691e+34
#ERR  p: [458, 272], r: -inf, e: -2.4856063258714179e+34
#ERR  p: [459, 272], r: inf, e: -1.3098754970282144e+34
#ERR  p: [460, 272], r: inf, e: 2.9426654869089516e+33
#ERR  p: [461, 272], r: -inf, e: -4.8754475910077817e+34
#ERR  p: [462, 272], r: -inf, e: 2.7706207273482010e+34
#ERR  p: [463, 272], r: inf, e: -2.0420578567316390e+34
#ERR  p: [464, 272], r: inf, e: 2.9644633208116944e+34
#ERR  p: [465, 272], r: inf, e: -4.7753546299983839e+33
#ERR  p: [466, 272], r: -inf, e: 2.4386443277171035e+34
#ERR  p: [467, 272], r: inf, e: 1.0820388224979366e+34
#ERR  p: [468, 272], r: -inf, e: 6.8239686790750802e+33
#ERR  p: [469, 272], r: inf, e: -8.1609197816725249e+33
#ERR  p: [470, 272], r: inf, e: -4.7112858479261946e+34
#ERR  p: [471, 272], r: -inf, e: 3.9334017130284480e+34
#ERR  p: [472, 272], r: inf, e: 1.3423747654975617e+34
#ERR  p: [473, 272], r: -inf, e: -3.1170916717232754e+34
#ERR  p: [474, 272], r: -inf, e: -4.0237715834842886e+34
#ERR  p: [475, 272], r: inf, e: -4.1229464262635504e+34
#ERR  p: [476, 272], r: -inf, e: -1.3491794743055056e+34
#ERR  p: [477, 272], r: inf, e: 4.7846387470140105e+34
#ERR  p: [478, 272], r: -inf, e: 2.0444762963923869e+34
#ERR  p: [479, 272], r: -inf, e: -2.5473698778994520e+34
#ERR  p: [560, 272], r: -inf, e: -4.6631908870479261e+34
#ERR  p: [561, 272], r: inf, e: -4.9252682403008140e+33
#ERR  p: [562, 272], r: inf, e: 3.5431101671427497e+34
#ERR  p: [563, 272], r: inf, e: -1.9384125648825099e+34
#ERR  p: [564, 272], r: -inf, e: -3.0723161232663468e+34
#ERR  p: [565, 272], r: inf, e: 2.7084271149505192e+34
#ERR  p: [566, 272], r: inf, e: -2.0302521177529901e+34
#ERR  p: [567, 272], r: -inf, e: 1.4669205704119578e+34
#ERR  p: [568, 272], r: inf, e: -5.6909881287845345e+34
#ERR  p: [569, 272], r: inf, e: -1.4028918357000393e+34
#ERR  p: [570, 272], r: -inf, e: 4.2401565698871531e+34
#ERR  p: [571, 272], r: -inf, e: -9.3681650976838241e+33
#ERR  p: [572, 272], r: -inf, e: -1.8221980964325044e+34
#ERR  p: [573, 272], r: inf, e: 2.4374046545617631e+34
#ERR  p: [574, 272], r: -inf, e: 1.7435274402149323e+33
#ERR  p: [575, 272], r: -inf, e: 4.2671362351033387e+34
#ERR  p: [656, 272], r: -inf, e: -3.1710306999390023e+34
#ERR  p: [657, 272], r: inf, e: 4.2846961669725939e+34
#ERR  p: [658, 272], r: -inf, e: 1.2254911904563226e+34
#ERR  p: [659, 272], r: inf, e: -4.8860012774306974e+34
#ERR  p: [660, 272], r: -inf, e: -6.5234448696101142e+34
#ERR  p: [661, 272], r: -inf, e: -1.4942515630112925e+34
#ERR  p: [662, 272], r: -inf, e: 1.9079904360050795e+34
#ERR  p: [663, 272], r: inf, e: 2.6999973622530054e+33
#ERR  p: [664, 272], r: inf, e: -2.5207266847859442e+34
#ERR  p: [665, 272], r: -inf, e: -2.9071902724821642e+34
#ERR  p: [666, 272], r: -inf, e: -2.1649268718628230e+34
#ERR  p: [667, 272], r: inf, e: 3.6951737698084087e+34
#ERR  p: [668, 272], r: inf, e: -3.7030735603751044e+33
#ERR  p: [669, 272], r: -inf, e: -1.3069202865664324e+34
#ERR  p: [670, 272], r: -inf, e: -1.8974256081218102e+34
#ERR  p: [671, 272], r: inf, e: 5.3886688110865889e+34
#ERR  p: [688, 272], r: -inf, e: -6.3150849533059211e+33
#ERR  p: [689, 272], r: -inf, e: -4.2510662878653673e+34
#ERR  p: [690, 272], r: inf, e: -4.0563103422408891e+34
#ERR  p: [691, 272], r: -inf, e: 1.2452870896245351e+34
#ERR  p: [692, 272], r: -inf, e: -8.0929316504874571e+32
#ERR  p: [693, 272], r: -inf, e: -9.4252985063769230e+33
#ERR  p: [694, 272], r: -inf, e: 2.7990344223058948e+34
#ERR  p: [695, 272], r: -inf, e: 1.6465644868008636e+34
#ERR  p: [696, 272], r: -inf, e: -5.0433672248726235e+34
#ERR  p: [697, 272], r: inf, e: -2.0696503022672709e+34
#ERR  p: [698, 272], r: inf, e: 9.9335341705355162e+33
#ERR  p: [699, 272], r: inf, e: 9.1985536949612949e+33
#ERR  p: [700, 272], r: inf, e: 1.1424790166239746e+34
#ERR  p: [701, 272], r: inf, e: 3.2387579043122897e+34
#ERR  p: [702, 272], r: inf, e: -1.2182186641075327e+34
#ERR  p: [703, 272], r: -inf, e: 1.7099995054699408e+34
#ERR  p: [784, 272], r: inf, e: 5.2602924483086321e+34
#ERR  p: [785, 272], r: inf, e: -1.6690009120728718e+34
#ERR  p: [786, 272], r: -inf, e: 4.2613863750028699e+33
#ERR  p: [787, 272], r: inf, e: -6.5788714065770464e+33
#ERR  p: [788, 272], r: -inf, e: -3.1409949321478329e+33
#ERR  p: [789, 272], r: -inf, e: -1.6978587799166612e+34
#ERR  p: [790, 272], r: inf, e: 1.1932958981636218e+33
#ERR  p: [791, 272], r: -inf, e: -2.4215092568693309e+34
#ERR  p: [792, 272], r: -inf, e: 4.7918628699072642e+33
#ERR  p: [793, 272], r: inf, e: 3.2172340884372427e+33
#ERR  p: [794, 272], r: inf, e: -1.5214907004597123e+34
#ERR  p: [795, 272], r: inf, e: -2.7157896395401651e+34
#ERR  p: [796, 272], r: -inf, e: 2.5902029127437360e+33
#ERR  p: [797, 272], r: -inf, e: -2.8662996274565209e+34
#ERR  p: [798, 272], r: inf, e: 2.7652450965216082e+34
#ERR  p: [799, 272], r: inf, e: -2.3306759016627819e+34
#ERR  p: [816, 272], r: inf, e: 1.4549099523568071e+34
#ERR  p: [817, 272], r: -inf, e: -6.9006912509498310e+33
#ERR  p: [818, 272], r: -inf, e: 2.1872642619316884e+34
#ERR  p: [819, 272], r: -inf, e: 5.7913444615372903e+34
#ERR  p: [820, 272], r: inf, e: 3.4535729351573325e+33
#ERR  p: [821, 272], r: -inf, e: -7.5860272360986103e+33
#ERR  p: [822, 272], r: -inf, e: 2.1957924308623254e+34
#ERR  p: [823, 272], r: -inf, e: 5.5844000058740161e+34
#ERR  p: [824, 272], r: inf, e: 1.5678864648400577e+34
#ERR  p: [825, 272], r: -inf, e: -4.3130984728819263e+34
#ERR  p: [826, 272], r: inf, e: 3.0631741836642321e+34
#ERR  p: [827, 272], r: inf, e: -4.8357943908454081e+34
#ERR  p: [828, 272], r: inf, e: 3.6078083488794127e+32
#ERR  p: [829, 272], r: inf, e: -5.1930990436802846e+33
#ERR  p: [830, 272], r: inf, e: 3.0560718740708440e+34
#ERR  p: [831, 272], r: inf, e: 3.4367064972980849e+34
#ERR  p: [832, 272], r: inf, e: -4.8586076450653748e+34
#ERR  p: [833, 272], r: -inf, e: 3.6990272295626962e+34
#ERR  p: [834, 272], r: inf, e: 2.0332676158946853e+33
#ERR  p: [835, 272], r: inf, e: -2.1271238968831654e+34
#ERR  p: [836, 272], r: -inf, e: 1.7970654377549326e+34
#ERR  p: [837, 272], r: inf, e: -1.4150479117098061e+34
#ERR  p: [838, 272], r: inf, e: -1.5038215822789921e+34
#ERR  p: [839, 272], r: inf, e: -2.6925715789273521e+34
#ERR  p: [840, 272], r: -inf, e: -9.6968332263539355e+33
#ERR  p: [841, 272], r: inf, e: -4.9974064726220831e+34
#ERR  p: [842, 272], r: -inf, e: 2.0076908462280199e+33
#ERR  p: [843, 272], r: inf, e: -3.5390378395895166e+33
#ERR  p: [844, 272], r: inf, e: 4.7099176765947764e+34
#ERR  p: [845, 272], r: -inf, e: 1.0556563395567023e+34
#ERR  p: [846, 272], r: inf, e: 2.6367852965850036e+34
#ERR  p: [847, 272], r: -inf, e: -2.2277439108642889e+34
#ERR  p: [848, 272], r: -inf, e: -2.3479971586924629e+34
#ERR  p: [849, 272], r: -inf, e: 1.0761530365811543e+34
#ERR  p: [850, 272], r: -inf, e: -5.5446670823731126e+34
#ERR  p: [851, 272], r: inf, e: -8.1735059180519393e+33
#ERR  p: [852, 272], r: -inf, e: 2.4253958934166713e+34
#ERR  p: [853, 272], r: -inf, e: -2.8166483283608629e+34
#ERR  p: [854, 272], r: inf, e: 1.1312843248487169e+34
#ERR  p: [855, 272], r: inf, e: 2.2649932790583782e+34
#ERR  p: [856, 272], r: inf, e: 1.1811031172316903e+34
#ERR  p: [857, 272], r: inf, e: 3.1371458051836828e+34
#ERR  p: [858, 272], r: inf, e: 1.7522471803666487e+34
#ERR  p: [859, 272], r: inf, e: -5.2833473484242673e+34
#ERR  p: [860, 272], r: -inf, e: -7.6467283879849297e+33
#ERR  p: [861, 272], r: inf, e: 3.4034264600459603e+34
#ERR  p: [862, 272], r: -inf, e: -3.0860458686540531e+34
#ERR  p: [863, 272], r: -inf, e: 4.2856131710566946e+33
#ERR  p: [912, 272], r: -inf, e: -2.8043456802504448e+34
#ERR  p: [913, 272], r: -inf, e: -3.6907704170886706e+34
#ERR  p: [914, 272], r: inf, e: -2.3908397875720514e+34
#ERR  p: [915, 272], r: inf, e: -1.6892467095998616e+33
#ERR  p: [916, 272], r: -inf, e: 2.0653083513734813e+34
#ERR  p: [917, 272], r: -inf, e: -1.7455204617811798e+34
#ERR  p: [918, 272], r: inf, e: 2.8203376372659412e+34
#ERR  p: [919, 272], r: -inf, e: -3.5443287953174223e+33
#ERR  p: [920, 272], r: -inf, e: -1.7132538022452142e+34
#ERR  p: [921, 272], r: inf, e: 3.8449065789681012e+34
#ERR  p: [922, 272], r: -inf, e: -4.0805779284190083e+34
#ERR  p: [923, 272], r: -inf, e: 1.1916930752977570e+34
#ERR  p: [924, 272], r: inf, e: -1.1536374058075803e+33
#ERR  p: [925, 272], r: inf, e: -3.7400689032731323e+34
#ERR  p: [926, 272], r: -inf, e: -6.6702097175256199e+33
#ERR  p: [927, 272], r: inf, e: 1.3714518725223085e+34
#ERR  p: [1312, 272], r: inf, e: -1.4581449372674676e+34
#ERR  p: [1313, 272], r: -inf, e: -2.9637547239332075e+34
#ERR  p: [1314, 272], r: inf, e: -3.8207772087953682e+33
#ERR  p: [1315, 272], r: -inf, e: -2.0317071924751661e+34
#ERR  p: [1316, 272], r: -inf, e: -1.1838839019419370e+34
#ERR  p: [1317, 272], r: -inf, e: -6.2418778216577310e+32
#ERR  p: [1318, 272], r: -inf, e: -3.3744574251866431e+34
#ERR  p: [1319, 272], r: -inf, e: -4.8049097675693007e+34
#ERR  p: [1320, 272], r: -inf, e: 2.9070823241107385e+34
#ERR  p: [1321, 272], r: inf, e: 1.7082637897408587e+34
#ERR  p: [1322, 272], r: -inf, e: -3.2918811300421275e+34
#ERR  p: [1323, 272], r: inf, e: -9.8519471132763936e+33
#ERR  p: [1324, 272], r: -inf, e: -2.1826690285058611e+34
#ERR  p: [1325, 272], r: inf, e: 3.9320174484765191e+34
#ERR  p: [1326, 272], r: -inf, e: -5.4398393101984580e+34
#ERR  p: [1327, 272], r: inf, e: -5.5750792148847257e+32
#ERR  p: [1344, 272], r: -inf, e: 9.9098387602435548e+33
#ERR  p: [1347, 272], r: inf, e: -7.1548873827366124e+33
#ERR  p: [1348, 272], r: inf, e: -3.2607273786014795e+34
#ERR  p: [1351, 272], r: -inf, e: 2.0520155988196428e+33
#ERR  p: [1354, 272], r: -inf, e: -1.4980186145508380e+34
#ERR  p: [1355, 272], r: -inf, e: 2.1273093403010503e+34
#ERR  p: [1358, 272], r: inf, e: 5.5785925815617205e+34
#ERR  p: [1584, 272], r: inf, e: -5.8703921323938268e+32
#ERR  p: [1585, 272], r: -inf, e: 1.5133649858358470e+34
#ERR  p: [1586, 272], r: -inf, e: -3.3046787065802519e+34
#ERR  p: [1587, 272], r: inf, e: -4.4540358418565000e+33
#ERR  p: [1588, 272], r: -inf, e: -3.9979491446168270e+34
#ERR  p: [1589, 272], r: -inf, e: 5.8539714767427259e+33
#ERR  p: [1590, 272], r: -inf, e: 8.2341433160262355e+33
#ERR  p: [1591, 272], r: inf, e: -2.1317874645991612e+34
#ERR  p: [1592, 272], r: -inf, e: -2.1928396962806219e+34
#ERR  p: [1593, 272], r: inf, e: 6.9709282549587656e+33
#ERR  p: [1594, 272], r: inf, e: -1.7976685621420725e+34
#ERR  p: [1595, 272], r: -inf, e: 2.5859112841125434e+33
#ERR  p: [1596, 272], r: inf, e: -3.1040752273862053e+34
#ERR  p: [1597, 272], r: -inf, e: 7.4357536947297580e+33
#ERR  p: [1598, 272], r: -inf, e: -2.2982480623337013e+34
#ERR  p: [1599, 272], r: inf, e: -2.1497819134222057e+34
#ERR  p: [1600, 272], r: inf, e: -2.3518387342223733e+34
#ERR  p: [1601, 272], r: inf, e: -4.9769027193394072e+34
#ERR  p: [1602, 272], r: inf, e: -1.7648320788060238e+34
#ERR  p: [1603, 272], r: -inf, e: 2.1354433181746779e+33
#ERR  p: [1604, 272], r: inf, e: -1.4694694889528464e+34
#ERR  p: [1605, 272], r: inf, e: 3.9418934865219300e+34
#ERR  p: [1606, 272], r: -inf, e: -2.6855618672489025e+34
#ERR  p: [1607, 272], r: -inf, e: -2.9057733263131981e+33
#ERR  p: [1608, 272], r: inf, e: 3.5898740948907786e+34
#ERR  p: [1609, 272], r: -inf, e: -7.5605467162699994e+33
#ERR  p: [1610, 272], r: -inf, e: -1.1362341352502966e+33
#ERR  p: [1611, 272], r: inf, e: -3.3772273160245441e+33
#ERR  p: [1612, 272], r: inf, e: 7.9712011378619028e+33
#ERR  p: [1613, 272], r: -inf, e: -5.0551375587661489e+34
#ERR  p: [1614, 272], r: inf, e: -3.6897154445871916e+34
#ERR  p: [1615, 272], r: -inf, e: -8.2095281162850850e+33
#ERR  p: [1616, 272], r: -inf, e: 3.5195563771912825e+34
#ERR  p: [1617, 272], r: inf, e: 4.2477421712718782e+34
#ERR  p: [1618, 272], r: inf, e: -4.3821720608419405e+34
#ERR  p: [1619, 272], r: -inf, e: -4.8667750782685640e+34
#ERR  p: [1620, 272], r: inf, e: 1.3161018402498042e+34
#ERR  p: [1621, 272], r: inf, e: -3.2455470150757386e+34
#ERR  p: [1622, 272], r: inf, e: -2.7998088775944717e+34
#ERR  p: [1623, 272], r: -inf, e: -2.4724792096948358e+34
#ERR  p: [1624, 272], r: inf, e: -4.3715977008203687e+33
#ERR  p: [1625, 272], r: inf, e: 1.4497062714016710e+34
#ERR  p: [1626, 272], r: inf, e: 2.4202032301278849e+34
#ERR  p: [1627, 272], r: -inf, e: 1.1325361298164423e+34
#ERR  p: [1628, 272], r: -inf, e: 5.0543339345153963e+32
#ERR  p: [1629, 272], r: inf, e: 1.6848725413165497e+34
#ERR  p: [1630, 272], r: inf, e: -4.1009567735517203e+33
#ERR  p: [1631, 272], r: -inf, e: -3.0882865401251596e+34
#ERR  p: [1728, 272], r: -inf, e: 4.4488390933655839e+34
#ERR  p: [1729, 272], r: inf, e: 3.4280191292783958e+34
#ERR  p: [1730, 272], r: inf, e: 2.5628579933189592e+34
#ERR  p: [1731, 272], r: inf, e: 4.6817223542600125e+34
#ERR  p: [1732, 272], r: inf, e: -2.3235760679494724e+34
#ERR  p: [1733, 272], r: inf, e: 4.2016823838181949e+34
#ERR  p: [1734, 272], r: -inf, e: -3.6719383780350457e+34
#ERR  p: [1735, 272], r: inf, e: -2.0825172034475953e+34
#ERR  p: [1736, 272], r: inf, e: -1.9580908597469903e+34
#ERR  p: [1737, 272], r: -inf, e: -3.7460117582257257e+34
#ERR  p: [1738, 272], r: inf, e: -3.3593186564462222e+34
#ERR  p: [1739, 272], r: inf, e: 5.2553986237453292e+34
#ERR  p: [1740, 272], r: inf, e: 3.0282093100186401e+34
#ERR  p: [1741, 272], r: -inf, e: 6.3557104315751494e+33
#ERR  p: [1742, 272], r: -inf, e: -1.3193043911314355e+34
#ERR  p: [1743, 272], r: inf, e: 7.6143215936365170e+31
#ERR  p: [1760, 272], r: -inf, e: 2.9158172290279361e+34
#ERR  p: [1761, 272], r: inf, e: -2.3375571151651536e+34
#ERR  p: [1762, 272], r: inf, e: -2.2472117559220908e+34
#ERR  p: [1763, 272], r: inf, e: -1.6657485960016613e+34
#ERR  p: [1764, 272], r: -inf, e: 5.0597626884439250e+33
#ERR  p: [1765, 272], r: -inf, e: 1.8632780224901544e+34
#ERR  p: [1766, 272], r: -inf, e: 1.0524553979971221e+34
#ERR  p: [1767, 272], r: -inf, e: -1.1712273267742872e+34
#ERR  p: [1768, 272], r: -inf, e: -1.7272383156930054e+34
#ERR  p: [1769, 272], r: inf, e: -1.0063316090434078e+34
#ERR  p: [1770, 272], r: -inf, e: 3.5561433081960997e+32
#ERR  p: [1771, 272], r: inf, e: -1.7668984483195990e+34
#ERR  p: [1772, 272], r: -inf, e: -4.6682159332553933e+34
#ERR  p: [1773, 272], r: -inf, e: 3.3479289891147770e+33
#ERR  p: [1774, 272], r: inf, e: -5.1398592039987461e+34
#ERR  p: [1775, 272], r: -inf, e: 2.3243782530949293e+34
#ERR  p: [1792, 272], r: inf, e: 2.8523487859777983e+34
#ERR  p: [1793, 272], r: inf, e: -3.1136051373966321e+34
#ERR  p: [1794, 272], r: -inf, e: 3.7857258650380321e+33
#ERR  p: [1795, 272], r: -inf, e: -7.6405312601482671e+33
#ERR  p: [1796, 272], r: -inf, e: -8.1961237015397029e+33
#ERR  p: [1797, 272], r: inf, e: -1.0817543438769088e+34
#ERR  p: [1798, 272], r: -inf, e: -2.3475396160539430e+34
#ERR  p: [1799, 272], r: inf, e: 5.0818670363003949e+33
#ERR  p: [1800, 272], r: -inf, e: 1.8278980056523881e+33
#ERR  p: [1801, 272], r: inf, e: -1.5826657357930701e+34
#ERR  p: [1802, 272], r: inf, e: -2.3762618056694267e+33
#ERR  p: [1803, 272], r: -inf, e: -1.2945035003843922e+34
#ERR  p: [1804, 272], r: inf, e: -1.2945698539704979e+34
#ERR  p: [1805, 272], r: -inf, e: 3.1119406032198089e+34
#ERR  p: [1806, 272], r: -inf, e: -6.0361510657140999e+34
#ERR  p: [1807, 272], r: inf, e: 1.1796565842957853e+34
#ERR  p: [1856, 272], r: -inf, e: -1.6900013268993090e+34
#ERR  p: [1857, 272], r: inf, e: 2.9821235258241318e+34
#ERR  p: [1858, 272], r: inf, e: -3.0495934862572558e+34
#ERR  p: [1859, 272], r: inf, e: 7.4452189842701340e+32
#ERR  p: [1860, 272], r: -inf, e: -6.8052351800485824e+34
#ERR  p: [1861, 272], r: -inf, e: -1.9328985323595249e+34
#ERR  p: [1862, 272], r: inf, e: 5.6900403618904576e+33
#ERR  p: [1863, 272], r: inf, e: 7.5453188158467499e+32
#ERR  p: [1864, 272], r: inf, e: -3.1228579964262667e+34
#SDC Ite:1 KerTime:2.2842776 AccTime:2.2842776 KerErr:572 AccErr:572
#ABORT too many errors per iteration
#END
